MY-CAL-WIN10.my-caldera.local,11,"File created:
RuleName: DO
UtcTime: 2024-08-20 00:11:33.761
ProcessGuid: {ca24abc9-df33-66c3-5d02-000000001d00}
ProcessId: 9500
Image: C:\AtomicRedTeam\ExternalPayloads\npcap_installer.exe
TargetFilename: C:\Users\JOHNNY~1.DOU\AppData\Local\Temp\nshF91D.tmp
CreationUtcTime: 2024-08-20 00:11:33.761
User: MY-CALDERA\johnny.douche"
MY-CAL-WIN10.my-caldera.local,11,"File created:
RuleName: DO
UtcTime: 2024-08-20 00:11:33.802
ProcessGuid: {ca24abc9-df34-66c3-5e02-000000001d00}
ProcessId: 7764
Image: C:\Windows\System32\WindowsPowerShell\v1.0\powershell.exe
TargetFilename: C:\Users\johnny.douche\AppData\Local\Microsoft\Windows\PowerShell\StartupProfileData-NonInteractive
CreationUtcTime: 2024-03-28 01:06:06.420
User: MY-CALDERA\johnny.douche"
MY-CAL-WIN10.my-caldera.local,11,"File created:
RuleName: DO
UtcTime: 2024-08-20 00:11:33.941
ProcessGuid: {ca24abc9-df33-66c3-5d02-000000001d00}
ProcessId: 9500
Image: C:\AtomicRedTeam\ExternalPayloads\npcap_installer.exe
TargetFilename: C:\Users\JOHNNY~1.DOU\AppData\Local\Temp\nshF91D.tmp
CreationUtcTime: 2024-08-20 00:11:33.941
User: MY-CALDERA\johnny.douche"
MY-CAL-WIN10.my-caldera.local,11,"File created:
RuleName: DO
UtcTime: 2024-08-20 00:11:33.959
ProcessGuid: {ca24abc9-df33-66c3-5d02-000000001d00}
ProcessId: 9500
Image: C:\AtomicRedTeam\ExternalPayloads\npcap_installer.exe
TargetFilename: C:\Users\JOHNNY~1.DOU\AppData\Local\Temp\nshF91D.tmp\options.ini
CreationUtcTime: 2024-08-20 00:11:33.958
User: MY-CALDERA\johnny.douche"
MY-CAL-WIN10.my-caldera.local,11,"File created:
RuleName: DO
UtcTime: 2024-08-20 00:11:33.965
ProcessGuid: {ca24abc9-df33-66c3-5d02-000000001d00}
ProcessId: 9500
Image: C:\AtomicRedTeam\ExternalPayloads\npcap_installer.exe
TargetFilename: C:\Users\JOHNNY~1.DOU\AppData\Local\Temp\nshF91D.tmp\final.ini
CreationUtcTime: 2024-08-20 00:11:33.964
User: MY-CALDERA\johnny.douche"
MY-CAL-WIN10.my-caldera.local,11,"File created:
RuleName: DLL
UtcTime: 2024-08-20 00:11:33.967
ProcessGuid: {ca24abc9-df33-66c3-5d02-000000001d00}
ProcessId: 9500
Image: C:\AtomicRedTeam\ExternalPayloads\npcap_installer.exe
TargetFilename: C:\Users\JOHNNY~1.DOU\AppData\Local\Temp\nshF91D.tmp\System.dll
CreationUtcTime: 2024-08-20 00:11:33.967
User: MY-CALDERA\johnny.douche"
MY-CAL-WIN10.my-caldera.local,11,"File created:
RuleName: EXE
UtcTime: 2024-08-20 00:11:41.552
ProcessGuid: {ca24abc9-df39-66c3-6202-000000001d00}
ProcessId: 5252
Image: C:\Windows\System32\WindowsPowerShell\v1.0\powershell.exe
TargetFilename: C:\AtomicRedTeam\ExternalPayloads\nmap-7.80-setup.exe
CreationUtcTime: 2024-08-20 00:11:41.551
User: MY-CALDERA\johnny.douche"
MY-CAL-WIN10.my-caldera.local,11,"File created:
RuleName: Sysmonv1514
UtcTime: 2024-08-20 00:12:21.206
ProcessGuid: {ca24abc9-d6b1-66c3-ba00-000000001d00}
ProcessId: 6760
Image: C:\Program Files\WinlogBeat\winlogbeat.exe
TargetFilename: C:\ProgramData\winlogbeat\.winlogbeat.yml.new
CreationUtcTime: 2024-08-20 00:11:02.025
User: NT AUTHORITY\SYSTEM"
MY-CAL-WIN10.my-caldera.local,11,"File created:
RuleName: DO
UtcTime: 2024-08-20 00:12:37.161
ProcessGuid: {ca24abc9-df74-66c3-7c02-000000001d00}
ProcessId: 2020
Image: C:\AtomicRedTeam\ExternalPayloads\nmap-7.80-setup.exe
TargetFilename: C:\Users\JOHNNY~1.DOU\AppData\Local\Temp\nszF0C9.tmp
CreationUtcTime: 2024-08-20 00:12:37.161
User: MY-CALDERA\johnny.douche"
MY-CAL-WIN10.my-caldera.local,11,"File created:
RuleName: DO
UtcTime: 2024-08-20 00:12:37.277
ProcessGuid: {ca24abc9-df74-66c3-7d02-000000001d00}
ProcessId: 6632
Image: C:\Windows\System32\WindowsPowerShell\v1.0\powershell.exe
TargetFilename: C:\Users\johnny.douche\AppData\Local\Microsoft\Windows\PowerShell\StartupProfileData-NonInteractive
CreationUtcTime: 2024-03-28 01:06:06.420
User: MY-CALDERA\johnny.douche"
MY-CAL-WIN10.my-caldera.local,11,"File created:
RuleName: DO
UtcTime: 2024-08-20 00:12:37.289
ProcessGuid: {ca24abc9-df74-66c3-7c02-000000001d00}
ProcessId: 2020
Image: C:\AtomicRedTeam\ExternalPayloads\nmap-7.80-setup.exe
TargetFilename: C:\Users\JOHNNY~1.DOU\AppData\Local\Temp\nsuF147.tmp
CreationUtcTime: 2024-08-20 00:12:37.288
User: MY-CALDERA\johnny.douche"
MY-CAL-WIN10.my-caldera.local,11,"File created:
RuleName: DO
UtcTime: 2024-08-20 00:12:37.290
ProcessGuid: {ca24abc9-df74-66c3-7c02-000000001d00}
ProcessId: 2020
Image: C:\AtomicRedTeam\ExternalPayloads\nmap-7.80-setup.exe
TargetFilename: C:\Users\JOHNNY~1.DOU\AppData\Local\Temp\nsuF147.tmp
CreationUtcTime: 2024-08-20 00:12:37.288
User: MY-CALDERA\johnny.douche"
MY-CAL-WIN10.my-caldera.local,11,"File created:
RuleName: DO
UtcTime: 2024-08-20 00:12:37.302
ProcessGuid: {ca24abc9-df74-66c3-7c02-000000001d00}
ProcessId: 2020
Image: C:\AtomicRedTeam\ExternalPayloads\nmap-7.80-setup.exe
TargetFilename: C:\Users\JOHNNY~1.DOU\AppData\Local\Temp\nskF158.tmp
CreationUtcTime: 2024-08-20 00:12:37.302
User: MY-CALDERA\johnny.douche"
MY-CAL-WIN10.my-caldera.local,11,"File created:
RuleName: DO
UtcTime: 2024-08-20 00:12:37.305
ProcessGuid: {ca24abc9-df74-66c3-7c02-000000001d00}
ProcessId: 2020
Image: C:\AtomicRedTeam\ExternalPayloads\nmap-7.80-setup.exe
TargetFilename: C:\Users\JOHNNY~1.DOU\AppData\Local\Temp\nskF158.tmp
CreationUtcTime: 2024-08-20 00:12:37.305
User: MY-CALDERA\johnny.douche"
MY-CAL-WIN10.my-caldera.local,11,"File created:
RuleName: DO
UtcTime: 2024-08-20 00:12:37.306
ProcessGuid: {ca24abc9-df74-66c3-7c02-000000001d00}
ProcessId: 2020
Image: C:\AtomicRedTeam\ExternalPayloads\nmap-7.80-setup.exe
TargetFilename: C:\Users\JOHNNY~1.DOU\AppData\Local\Temp\nskF158.tmp\shortcuts.ini
CreationUtcTime: 2024-08-20 00:12:37.306
User: MY-CALDERA\johnny.douche"
MY-CAL-WIN10.my-caldera.local,11,"File created:
RuleName: DO
UtcTime: 2024-08-20 00:12:37.309
ProcessGuid: {ca24abc9-df74-66c3-7c02-000000001d00}
ProcessId: 2020
Image: C:\AtomicRedTeam\ExternalPayloads\nmap-7.80-setup.exe
TargetFilename: C:\Users\JOHNNY~1.DOU\AppData\Local\Temp\nskF158.tmp\final.ini
CreationUtcTime: 2024-08-20 00:12:37.309
User: MY-CALDERA\johnny.douche"
MY-CAL-WIN10.my-caldera.local,11,"File created:
RuleName: DO
UtcTime: 2024-08-20 00:12:37.691
ProcessGuid: {ca24abc9-df75-66c3-7f02-000000001d00}
ProcessId: 5792
Image: C:\Windows\System32\WindowsPowerShell\v1.0\powershell.exe
TargetFilename: C:\Users\johnny.douche\AppData\Local\Microsoft\Windows\PowerShell\StartupProfileData-NonInteractive
CreationUtcTime: 2024-03-28 01:06:06.420
User: MY-CALDERA\johnny.douche"
MY-CAL-WIN10.my-caldera.local,11,"File created:
RuleName: EXE
UtcTime: 2024-08-20 00:12:37.725
ProcessGuid: {ca24abc9-df74-66c3-7c02-000000001d00}
ProcessId: 2020
Image: C:\AtomicRedTeam\ExternalPayloads\nmap-7.80-setup.exe
TargetFilename: C:\Program Files (x86)\Nmap\nmap.exe
CreationUtcTime: 2024-08-20 00:12:37.725
User: MY-CALDERA\johnny.douche"
MY-CAL-WIN10.my-caldera.local,11,"File created:
RuleName: Sysmonv1514
UtcTime: 2024-08-20 00:12:41.284
ProcessGuid: {ca24abc9-df74-66c3-7c02-000000001d00}
ProcessId: 2020
Image: C:\AtomicRedTeam\ExternalPayloads\nmap-7.80-setup.exe
TargetFilename: C:\Program Files (x86)\Nmap\nselib\data\psexec\nmap_service.vcproj
CreationUtcTime: 2024-08-20 00:12:41.284
User: MY-CALDERA\johnny.douche"
MY-CAL-WIN10.my-caldera.local,11,"File created:
RuleName: EXE
UtcTime: 2024-08-20 00:12:41.293
ProcessGuid: {ca24abc9-df74-66c3-7c02-000000001d00}
ProcessId: 2020
Image: C:\AtomicRedTeam\ExternalPayloads\nmap-7.80-setup.exe
TargetFilename: C:\Users\JOHNNY~1.DOU\AppData\Local\Temp\nskF158.tmp\vcredist_x86.exe
CreationUtcTime: 2024-08-20 00:12:41.293
User: MY-CALDERA\johnny.douche"
MY-CAL-WIN10.my-caldera.local,11,"File created:
RuleName: DO
UtcTime: 2024-08-20 00:12:41.483
ProcessGuid: {ca24abc9-df78-66c3-8402-000000001d00}
ProcessId: 5948
Image: C:\Windows\System32\WindowsPowerShell\v1.0\powershell.exe
TargetFilename: C:\Users\johnny.douche\AppData\Local\Microsoft\Windows\PowerShell\StartupProfileData-NonInteractive
CreationUtcTime: 2024-03-28 01:06:06.420
User: MY-CALDERA\johnny.douche"
MY-CAL-WIN10.my-caldera.local,11,"File created:
RuleName: DLL
UtcTime: 2024-08-20 00:12:56.948
ProcessGuid: {ca24abc9-df83-66c3-8a02-000000001d00}
ProcessId: 6596
Image: C:\Windows\system32\msiexec.exe
TargetFilename: C:\Windows\SysWOW64\mfc120u.dll
CreationUtcTime: 2024-08-20 00:12:56.947
User: NT AUTHORITY\SYSTEM"
MY-CAL-WIN10.my-caldera.local,11,"File created:
RuleName: Sysmonv1514
UtcTime: 2024-08-20 00:12:57.071
ProcessGuid: {ca24abc9-d6b1-66c3-ba00-000000001d00}
ProcessId: 6760
Image: C:\Program Files\WinlogBeat\winlogbeat.exe
TargetFilename: C:\ProgramData\winlogbeat\.winlogbeat.yml.new
CreationUtcTime: 2024-08-20 00:11:02.025
User: NT AUTHORITY\SYSTEM"
MY-CAL-WIN10.my-caldera.local,11,"File created:
RuleName: DLL
UtcTime: 2024-08-20 00:12:57.328
ProcessGuid: {ca24abc9-df83-66c3-8a02-000000001d00}
ProcessId: 6596
Image: C:\Windows\system32\msiexec.exe
TargetFilename: C:\Windows\SysWOW64\mfcm120.dll
CreationUtcTime: 2024-08-20 00:12:57.328
User: NT AUTHORITY\SYSTEM"
MY-CAL-WIN10.my-caldera.local,11,"File created:
RuleName: DLL
UtcTime: 2024-08-20 00:12:57.379
ProcessGuid: {ca24abc9-df83-66c3-8a02-000000001d00}
ProcessId: 6596
Image: C:\Windows\system32\msiexec.exe
TargetFilename: C:\Windows\SysWOW64\mfcm120u.dll
CreationUtcTime: 2024-08-20 00:12:57.379
User: NT AUTHORITY\SYSTEM"
MY-CAL-WIN10.my-caldera.local,11,"File created:
RuleName: DLL
UtcTime: 2024-08-20 00:12:56.547
ProcessGuid: {ca24abc9-df83-66c3-8a02-000000001d00}
ProcessId: 6596
Image: C:\Windows\system32\msiexec.exe
TargetFilename: C:\Windows\SysWOW64\mfc120.dll
CreationUtcTime: 2024-08-20 00:12:56.547
User: NT AUTHORITY\SYSTEM"
MY-CAL-WIN10.my-caldera.local,11,"File created:
RuleName: DLL
UtcTime: 2024-08-20 00:12:56.716
ProcessGuid: {ca24abc9-df83-66c3-8a02-000000001d00}
ProcessId: 6596
Image: C:\Windows\system32\msiexec.exe
TargetFilename: C:\Windows\SysWOW64\mfc120chs.dll
CreationUtcTime: 2024-08-20 00:12:56.716
User: NT AUTHORITY\SYSTEM"
MY-CAL-WIN10.my-caldera.local,11,"File created:
RuleName: DLL
UtcTime: 2024-08-20 00:12:56.724
ProcessGuid: {ca24abc9-df83-66c3-8a02-000000001d00}
ProcessId: 6596
Image: C:\Windows\system32\msiexec.exe
TargetFilename: C:\Windows\SysWOW64\mfc120cht.dll
CreationUtcTime: 2024-08-20 00:12:56.724
User: NT AUTHORITY\SYSTEM"
MY-CAL-WIN10.my-caldera.local,11,"File created:
RuleName: DLL
UtcTime: 2024-08-20 00:12:56.731
ProcessGuid: {ca24abc9-df83-66c3-8a02-000000001d00}
ProcessId: 6596
Image: C:\Windows\system32\msiexec.exe
TargetFilename: C:\Windows\SysWOW64\mfc120deu.dll
CreationUtcTime: 2024-08-20 00:12:56.731
User: NT AUTHORITY\SYSTEM"
MY-CAL-WIN10.my-caldera.local,11,"File created:
RuleName: DLL
UtcTime: 2024-08-20 00:12:56.739
ProcessGuid: {ca24abc9-df83-66c3-8a02-000000001d00}
ProcessId: 6596
Image: C:\Windows\system32\msiexec.exe
TargetFilename: C:\Windows\SysWOW64\mfc120enu.dll
CreationUtcTime: 2024-08-20 00:12:56.739
User: NT AUTHORITY\SYSTEM"
MY-CAL-WIN10.my-caldera.local,11,"File created:
RuleName: DLL
UtcTime: 2024-08-20 00:12:56.747
ProcessGuid: {ca24abc9-df83-66c3-8a02-000000001d00}
ProcessId: 6596
Image: C:\Windows\system32\msiexec.exe
TargetFilename: C:\Windows\SysWOW64\mfc120esn.dll
CreationUtcTime: 2024-08-20 00:12:56.747
User: NT AUTHORITY\SYSTEM"
MY-CAL-WIN10.my-caldera.local,11,"File created:
RuleName: DLL
UtcTime: 2024-08-20 00:12:56.755
ProcessGuid: {ca24abc9-df83-66c3-8a02-000000001d00}
ProcessId: 6596
Image: C:\Windows\system32\msiexec.exe
TargetFilename: C:\Windows\SysWOW64\mfc120fra.dll
CreationUtcTime: 2024-08-20 00:12:56.754
User: NT AUTHORITY\SYSTEM"
MY-CAL-WIN10.my-caldera.local,11,"File created:
RuleName: DLL
UtcTime: 2024-08-20 00:12:56.799
ProcessGuid: {ca24abc9-df83-66c3-8a02-000000001d00}
ProcessId: 6596
Image: C:\Windows\system32\msiexec.exe
TargetFilename: C:\Windows\SysWOW64\mfc120ita.dll
CreationUtcTime: 2024-08-20 00:12:56.798
User: NT AUTHORITY\SYSTEM"
MY-CAL-WIN10.my-caldera.local,11,"File created:
RuleName: DLL
UtcTime: 2024-08-20 00:12:56.807
ProcessGuid: {ca24abc9-df83-66c3-8a02-000000001d00}
ProcessId: 6596
Image: C:\Windows\system32\msiexec.exe
TargetFilename: C:\Windows\SysWOW64\mfc120jpn.dll
CreationUtcTime: 2024-08-20 00:12:56.807
User: NT AUTHORITY\SYSTEM"
MY-CAL-WIN10.my-caldera.local,11,"File created:
RuleName: DLL
UtcTime: 2024-08-20 00:12:56.816
ProcessGuid: {ca24abc9-df83-66c3-8a02-000000001d00}
ProcessId: 6596
Image: C:\Windows\system32\msiexec.exe
TargetFilename: C:\Windows\SysWOW64\mfc120kor.dll
CreationUtcTime: 2024-08-20 00:12:56.815
User: NT AUTHORITY\SYSTEM"
MY-CAL-WIN10.my-caldera.local,11,"File created:
RuleName: DLL
UtcTime: 2024-08-20 00:12:56.823
ProcessGuid: {ca24abc9-df83-66c3-8a02-000000001d00}
ProcessId: 6596
Image: C:\Windows\system32\msiexec.exe
TargetFilename: C:\Windows\SysWOW64\mfc120rus.dll
CreationUtcTime: 2024-08-20 00:12:56.823
User: NT AUTHORITY\SYSTEM"
MY-CAL-WIN10.my-caldera.local,11,"File created:
RuleName: DLL
UtcTime: 2024-08-20 00:13:08.293
ProcessGuid: {ca24abc9-df8c-66c3-8d02-000000001d00}
ProcessId: 2904
Image: C:\Users\JOHNNY~1.DOU\AppData\Local\Temp\nskF158.tmp\npcap-0.9982-oem.exe
TargetFilename: C:\Windows\System32\Npcap\Packet.dll
CreationUtcTime: 2024-08-20 00:13:08.293
User: MY-CALDERA\johnny.douche"
MY-CAL-WIN10.my-caldera.local,11,"File created:
RuleName: EXE
UtcTime: 2024-08-20 00:13:08.300
ProcessGuid: {ca24abc9-df8c-66c3-8d02-000000001d00}
ProcessId: 2904
Image: C:\Users\JOHNNY~1.DOU\AppData\Local\Temp\nskF158.tmp\npcap-0.9982-oem.exe
TargetFilename: C:\Windows\System32\Npcap\NpcapHelper.exe
CreationUtcTime: 2024-08-20 00:13:08.300
User: MY-CALDERA\johnny.douche"
MY-CAL-WIN10.my-caldera.local,11,"File created:
RuleName: EXE
UtcTime: 2024-08-20 00:13:08.306
ProcessGuid: {ca24abc9-df8c-66c3-8d02-000000001d00}
ProcessId: 2904
Image: C:\Users\JOHNNY~1.DOU\AppData\Local\Temp\nskF158.tmp\npcap-0.9982-oem.exe
TargetFilename: C:\Windows\System32\Npcap\WlanHelper.exe
CreationUtcTime: 2024-08-20 00:13:08.306
User: MY-CALDERA\johnny.douche"
MY-CAL-WIN10.my-caldera.local,11,"File created:
RuleName: Sysmonv1514
UtcTime: 2024-08-20 00:13:08.058
ProcessGuid: {ca24abc9-df8c-66c3-8d02-000000001d00}
ProcessId: 2904
Image: C:\Users\JOHNNY~1.DOU\AppData\Local\Temp\nskF158.tmp\npcap-0.9982-oem.exe
TargetFilename: C:\Program Files\Npcap\DiagReport.bat
CreationUtcTime: 2021-04-21 20:46:46.000
User: MY-CALDERA\johnny.douche"
MY-CAL-WIN10.my-caldera.local,11,"File created:
RuleName: CER
UtcTime: 2024-08-20 00:13:08.317
ProcessGuid: {ca24abc9-df8c-66c3-8d02-000000001d00}
ProcessId: 2904
Image: C:\Users\JOHNNY~1.DOU\AppData\Local\Temp\nskF158.tmp\npcap-0.9982-oem.exe
TargetFilename: C:\Users\JOHNNY~1.DOU\AppData\Local\Temp\nsf4B9D.tmp\Insecure-SHA1.cer
CreationUtcTime: 2024-08-20 00:13:08.314
User: MY-CALDERA\johnny.douche"
MY-CAL-WIN10.my-caldera.local,11,"File created:
RuleName: Sysmonv1514
UtcTime: 2024-08-20 00:13:08.060
ProcessGuid: {ca24abc9-df8c-66c3-8d02-000000001d00}
ProcessId: 2904
Image: C:\Users\JOHNNY~1.DOU\AppData\Local\Temp\nskF158.tmp\npcap-0.9982-oem.exe
TargetFilename: C:\Program Files\Npcap\DiagReport.ps1
CreationUtcTime: 2021-04-21 20:46:46.000
User: MY-CALDERA\johnny.douche"
MY-CAL-WIN10.my-caldera.local,11,"File created:
RuleName: Sysmonv1514
UtcTime: 2024-08-20 00:13:08.062
ProcessGuid: {ca24abc9-df8c-66c3-8d02-000000001d00}
ProcessId: 2904
Image: C:\Users\JOHNNY~1.DOU\AppData\Local\Temp\nskF158.tmp\npcap-0.9982-oem.exe
TargetFilename: C:\Program Files\Npcap\FixInstall.bat
CreationUtcTime: 2021-04-21 20:46:46.000
User: MY-CALDERA\johnny.douche"
MY-CAL-WIN10.my-caldera.local,11,"File created:
RuleName: EXE
UtcTime: 2024-08-20 00:13:08.065
ProcessGuid: {ca24abc9-df8c-66c3-8d02-000000001d00}
ProcessId: 2904
Image: C:\Users\JOHNNY~1.DOU\AppData\Local\Temp\nskF158.tmp\npcap-0.9982-oem.exe
TargetFilename: C:\Program Files\Npcap\NPFInstall.exe
CreationUtcTime: 2021-04-21 20:46:46.000
User: MY-CALDERA\johnny.douche"
MY-CAL-WIN10.my-caldera.local,11,"File created:
RuleName: Sysmonv1514
UtcTime: 2024-08-20 00:13:08.113
ProcessGuid: {ca24abc9-df8c-66c3-8d02-000000001d00}
ProcessId: 2904
Image: C:\Users\JOHNNY~1.DOU\AppData\Local\Temp\nskF158.tmp\npcap-0.9982-oem.exe
TargetFilename: C:\Program Files\Npcap\npcap.sys
CreationUtcTime: 2021-04-21 18:59:48.000
User: MY-CALDERA\johnny.douche"
MY-CAL-WIN10.my-caldera.local,11,"File created:
RuleName: EXE
UtcTime: 2024-08-20 00:13:08.234
ProcessGuid: {ca24abc9-df8c-66c3-8d02-000000001d00}
ProcessId: 2904
Image: C:\Users\JOHNNY~1.DOU\AppData\Local\Temp\nskF158.tmp\npcap-0.9982-oem.exe
TargetFilename: C:\Program Files\Npcap\Uninstall.exe
CreationUtcTime: 2021-04-21 22:36:14.000
User: MY-CALDERA\johnny.douche"
MY-CAL-WIN10.my-caldera.local,11,"File created:
RuleName: DLL
UtcTime: 2024-08-20 00:13:08.250
ProcessGuid: {ca24abc9-df8c-66c3-8d02-000000001d00}
ProcessId: 2904
Image: C:\Users\JOHNNY~1.DOU\AppData\Local\Temp\nskF158.tmp\npcap-0.9982-oem.exe
TargetFilename: C:\Windows\SysWOW64\Npcap\wpcap.dll
CreationUtcTime: 2024-08-20 00:13:08.250
User: MY-CALDERA\johnny.douche"
MY-CAL-WIN10.my-caldera.local,11,"File created:
RuleName: DLL
UtcTime: 2024-08-20 00:13:08.262
ProcessGuid: {ca24abc9-df8c-66c3-8d02-000000001d00}
ProcessId: 2904
Image: C:\Users\JOHNNY~1.DOU\AppData\Local\Temp\nskF158.tmp\npcap-0.9982-oem.exe
TargetFilename: C:\Windows\SysWOW64\Npcap\Packet.dll
CreationUtcTime: 2024-08-20 00:13:08.262
User: MY-CALDERA\johnny.douche"
MY-CAL-WIN10.my-caldera.local,11,"File created:
RuleName: Sysmonv1514
UtcTime: 2024-08-20 00:13:07.479
ProcessGuid: {ca24abc9-df93-66c3-9e02-000000001d00}
ProcessId: 1092
Image: C:\Windows\system32\DrvInst.exe
TargetFilename: C:\Windows\System32\DriverStore\drvstore.tmp
CreationUtcTime: 2024-08-20 00:13:07.478
User: NT AUTHORITY\SYSTEM"
MY-CAL-WIN10.my-caldera.local,11,"File created:
RuleName: Sysmonv1514
UtcTime: 2024-08-20 00:13:07.533
ProcessGuid: {ca24abc9-df93-66c3-9e02-000000001d00}
ProcessId: 1092
Image: C:\Windows\system32\DrvInst.exe
TargetFilename: C:\Windows\System32\DriverStore\drvstore.tmp
CreationUtcTime: 2024-08-20 00:13:07.478
User: NT AUTHORITY\SYSTEM"
MY-CAL-WIN10.my-caldera.local,11,"File created:
RuleName: Sysmonv1514
UtcTime: 2024-08-20 00:13:07.577
ProcessGuid: {ca24abc9-d6b1-66c3-ba00-000000001d00}
ProcessId: 6760
Image: C:\Program Files\WinlogBeat\winlogbeat.exe
TargetFilename: C:\ProgramData\winlogbeat\.winlogbeat.yml.new
CreationUtcTime: 2024-08-20 00:11:02.025
User: NT AUTHORITY\SYSTEM"
MY-CAL-WIN10.my-caldera.local,11,"File created:
RuleName: EXE
UtcTime: 2024-08-20 00:13:08.269
ProcessGuid: {ca24abc9-df8c-66c3-8d02-000000001d00}
ProcessId: 2904
Image: C:\Users\JOHNNY~1.DOU\AppData\Local\Temp\nskF158.tmp\npcap-0.9982-oem.exe
TargetFilename: C:\Windows\SysWOW64\Npcap\NpcapHelper.exe
CreationUtcTime: 2024-08-20 00:13:08.269
User: MY-CALDERA\johnny.douche"
MY-CAL-WIN10.my-caldera.local,11,"File created:
RuleName: EXE
UtcTime: 2024-08-20 00:13:08.274
ProcessGuid: {ca24abc9-df8c-66c3-8d02-000000001d00}
ProcessId: 2904
Image: C:\Users\JOHNNY~1.DOU\AppData\Local\Temp\nskF158.tmp\npcap-0.9982-oem.exe
TargetFilename: C:\Windows\SysWOW64\Npcap\WlanHelper.exe
CreationUtcTime: 2024-08-20 00:13:08.274
User: MY-CALDERA\johnny.douche"
MY-CAL-WIN10.my-caldera.local,11,"File created:
RuleName: DLL
UtcTime: 2024-08-20 00:13:08.280
ProcessGuid: {ca24abc9-df8c-66c3-8d02-000000001d00}
ProcessId: 2904
Image: C:\Users\JOHNNY~1.DOU\AppData\Local\Temp\nskF158.tmp\npcap-0.9982-oem.exe
TargetFilename: C:\Windows\System32\Npcap\wpcap.dll
CreationUtcTime: 2024-08-20 00:13:08.280
User: MY-CALDERA\johnny.douche"
MY-CAL-WIN10.my-caldera.local,11,"File created:
RuleName: DO
UtcTime: 2024-08-20 00:13:16.462
ProcessGuid: {ca24abc9-df9c-66c3-b602-000000001d00}
ProcessId: 9056
Image: C:\Windows\System32\WindowsPowerShell\v1.0\powershell.exe
TargetFilename: C:\Users\johnny.douche\AppData\Local\Microsoft\Windows\PowerShell\StartupProfileData-NonInteractive
CreationUtcTime: 2024-03-28 01:06:06.420
User: MY-CALDERA\johnny.douche"
MY-CAL-WIN10.my-caldera.local,11,"File created:
RuleName: Sysmonv1514
UtcTime: 2024-08-20 00:13:16.773
ProcessGuid: {ca24abc9-d6b1-66c3-ba00-000000001d00}
ProcessId: 6760
Image: C:\Program Files\WinlogBeat\winlogbeat.exe
TargetFilename: C:\ProgramData\winlogbeat\.winlogbeat.yml.new
CreationUtcTime: 2024-08-20 00:11:02.025
User: NT AUTHORITY\SYSTEM"
MY-CAL-WIN10.my-caldera.local,11,"File created:
RuleName: Sysmonv1514
UtcTime: 2024-08-20 00:13:20.430
ProcessGuid: {ca24abc9-d6b1-66c3-ba00-000000001d00}
ProcessId: 6760
Image: C:\Program Files\WinlogBeat\winlogbeat.exe
TargetFilename: C:\ProgramData\winlogbeat\.winlogbeat.yml.new
CreationUtcTime: 2024-08-20 00:11:02.025
User: NT AUTHORITY\SYSTEM"
MY-CAL-WIN10.my-caldera.local,11,"File created:
RuleName: DO
UtcTime: 2024-08-20 00:13:20.526
ProcessGuid: {ca24abc9-df74-66c3-7c02-000000001d00}
ProcessId: 2020
Image: C:\AtomicRedTeam\ExternalPayloads\nmap-7.80-setup.exe
TargetFilename: C:\Users\JOHNNY~1.DOU\AppData\Local\Temp\nskF158.tmp\nmap_performance.reg
CreationUtcTime: 2024-08-20 00:13:20.526
User: MY-CALDERA\johnny.douche"
MY-CAL-WIN10.my-caldera.local,11,"File created:
RuleName: EXE
UtcTime: 2024-08-20 00:13:20.751
ProcessGuid: {ca24abc9-df74-66c3-7c02-000000001d00}
ProcessId: 2020
Image: C:\AtomicRedTeam\ExternalPayloads\nmap-7.80-setup.exe
TargetFilename: C:\Program Files (x86)\Nmap\zenmap.exe
CreationUtcTime: 2024-08-20 00:13:20.751
User: MY-CALDERA\johnny.douche"
MY-CAL-WIN10.my-caldera.local,11,"File created:
RuleName: DLL
UtcTime: 2024-08-20 00:13:20.771
ProcessGuid: {ca24abc9-df74-66c3-7c02-000000001d00}
ProcessId: 2020
Image: C:\AtomicRedTeam\ExternalPayloads\nmap-7.80-setup.exe
TargetFilename: C:\Program Files (x86)\Nmap\python27.dll
CreationUtcTime: 2024-08-20 00:13:20.771
User: MY-CALDERA\johnny.douche"
MY-CAL-WIN10.my-caldera.local,11,"File created:
RuleName: DO
UtcTime: 2024-08-20 00:13:20.887
ProcessGuid: {ca24abc9-dfa0-66c3-c102-000000001d00}
ProcessId: 9960
Image: C:\Windows\System32\WindowsPowerShell\v1.0\powershell.exe
TargetFilename: C:\Users\johnny.douche\AppData\Local\Microsoft\Windows\PowerShell\StartupProfileData-NonInteractive
CreationUtcTime: 2024-03-28 01:06:06.420
User: MY-CALDERA\johnny.douche"
MY-CAL-WIN10.my-caldera.local,11,"File created:
RuleName: T1053
UtcTime: 2024-08-20 00:13:20.256
ProcessGuid: {ca24abc9-d62b-66c3-1a00-000000001d00}
ProcessId: 1376
Image: C:\Windows\system32\svchost.exe
TargetFilename: C:\Windows\System32\Tasks\npcapwatchdog
CreationUtcTime: 2024-08-20 00:11:59.028
User: NT AUTHORITY\SYSTEM"
MY-CAL-WIN10.my-caldera.local,11,"File created:
RuleName: DLL
UtcTime: 2024-08-20 00:13:28.353
ProcessGuid: {ca24abc9-df74-66c3-7c02-000000001d00}
ProcessId: 2020
Image: C:\AtomicRedTeam\ExternalPayloads\nmap-7.80-setup.exe
TargetFilename: C:\Program Files (x86)\Nmap\py2exe\sqlite3.dll
CreationUtcTime: 2024-08-20 00:13:28.353
User: MY-CALDERA\johnny.douche"
MY-CAL-WIN10.my-caldera.local,11,"File created:
RuleName: DLL
UtcTime: 2024-08-20 00:13:28.395
ProcessGuid: {ca24abc9-df74-66c3-7c02-000000001d00}
ProcessId: 2020
Image: C:\AtomicRedTeam\ExternalPayloads\nmap-7.80-setup.exe
TargetFilename: C:\Program Files (x86)\Nmap\py2exe\zlib1.dll
CreationUtcTime: 2024-08-20 00:13:28.388
User: MY-CALDERA\johnny.douche"
MY-CAL-WIN10.my-caldera.local,11,"File created:
RuleName: MODULE
UtcTime: 2024-08-20 00:13:28.420
ProcessGuid: {ca24abc9-df74-66c3-7c02-000000001d00}
ProcessId: 2020
Image: C:\AtomicRedTeam\ExternalPayloads\nmap-7.80-setup.exe
TargetFilename: C:\Program Files (x86)\Nmap\py2exe\etc\pango\pango.modules
CreationUtcTime: 2024-08-20 00:13:28.420
User: MY-CALDERA\johnny.douche"
MY-CAL-WIN10.my-caldera.local,11,"File created:
RuleName: DLL
UtcTime: 2024-08-20 00:13:28.427
ProcessGuid: {ca24abc9-df74-66c3-7c02-000000001d00}
ProcessId: 2020
Image: C:\AtomicRedTeam\ExternalPayloads\nmap-7.80-setup.exe
TargetFilename: C:\Program Files (x86)\Nmap\py2exe\lib\gtk-2.0\2.10.0\engines\libpixmap.dll
CreationUtcTime: 2024-08-20 00:13:28.427
User: MY-CALDERA\johnny.douche"
MY-CAL-WIN10.my-caldera.local,11,"File created:
RuleName: DLL
UtcTime: 2024-08-20 00:13:28.165
ProcessGuid: {ca24abc9-df74-66c3-7c02-000000001d00}
ProcessId: 2020
Image: C:\AtomicRedTeam\ExternalPayloads\nmap-7.80-setup.exe
TargetFilename: C:\Program Files (x86)\Nmap\py2exe\libpango-1.0-0.dll
CreationUtcTime: 2024-08-20 00:13:28.164
User: MY-CALDERA\johnny.douche"
MY-CAL-WIN10.my-caldera.local,11,"File created:
RuleName: DLL
UtcTime: 2024-08-20 00:13:28.178
ProcessGuid: {ca24abc9-df74-66c3-7c02-000000001d00}
ProcessId: 2020
Image: C:\AtomicRedTeam\ExternalPayloads\nmap-7.80-setup.exe
TargetFilename: C:\Program Files (x86)\Nmap\py2exe\libpangocairo-1.0-0.dll
CreationUtcTime: 2024-08-20 00:13:28.178
User: MY-CALDERA\johnny.douche"
MY-CAL-WIN10.my-caldera.local,11,"File created:
RuleName: DLL
UtcTime: 2024-08-20 00:13:28.187
ProcessGuid: {ca24abc9-df74-66c3-7c02-000000001d00}
ProcessId: 2020
Image: C:\AtomicRedTeam\ExternalPayloads\nmap-7.80-setup.exe
TargetFilename: C:\Program Files (x86)\Nmap\py2exe\libpangoft2-1.0-0.dll
CreationUtcTime: 2024-08-20 00:13:28.185
User: MY-CALDERA\johnny.douche"
MY-CAL-WIN10.my-caldera.local,11,"File created:
RuleName: DLL
UtcTime: 2024-08-20 00:13:28.219
ProcessGuid: {ca24abc9-df74-66c3-7c02-000000001d00}
ProcessId: 2020
Image: C:\AtomicRedTeam\ExternalPayloads\nmap-7.80-setup.exe
TargetFilename: C:\Program Files (x86)\Nmap\py2exe\libpangowin32-1.0-0.dll
CreationUtcTime: 2024-08-20 00:13:28.219
User: MY-CALDERA\johnny.douche"
MY-CAL-WIN10.my-caldera.local,11,"File created:
RuleName: DLL
UtcTime: 2024-08-20 00:13:28.225
ProcessGuid: {ca24abc9-df74-66c3-7c02-000000001d00}
ProcessId: 2020
Image: C:\AtomicRedTeam\ExternalPayloads\nmap-7.80-setup.exe
TargetFilename: C:\Program Files (x86)\Nmap\py2exe\libpng14-14.dll
CreationUtcTime: 2024-08-20 00:13:28.225
User: MY-CALDERA\johnny.douche"
MY-CAL-WIN10.my-caldera.local,11,"File created:
RuleName: DLL
UtcTime: 2024-08-20 00:13:28.241
ProcessGuid: {ca24abc9-df74-66c3-7c02-000000001d00}
ProcessId: 2020
Image: C:\AtomicRedTeam\ExternalPayloads\nmap-7.80-setup.exe
TargetFilename: C:\Program Files (x86)\Nmap\py2exe\librsvg-2-2.dll
CreationUtcTime: 2024-08-20 00:13:28.241
User: MY-CALDERA\johnny.douche"
MY-CAL-WIN10.my-caldera.local,11,"File created:
RuleName: DLL
UtcTime: 2024-08-20 00:13:28.251
ProcessGuid: {ca24abc9-df74-66c3-7c02-000000001d00}
ProcessId: 2020
Image: C:\AtomicRedTeam\ExternalPayloads\nmap-7.80-setup.exe
TargetFilename: C:\Program Files (x86)\Nmap\py2exe\libxml2-2.dll
CreationUtcTime: 2024-08-20 00:13:28.250
User: MY-CALDERA\johnny.douche"
MY-CAL-WIN10.my-caldera.local,11,"File created:
RuleName: EXE
UtcTime: 2024-08-20 00:13:28.468
ProcessGuid: {ca24abc9-df74-66c3-7c02-000000001d00}
ProcessId: 2020
Image: C:\AtomicRedTeam\ExternalPayloads\nmap-7.80-setup.exe
TargetFilename: C:\Users\JOHNNY~1.DOU\AppData\Local\Temp\nskF158.tmp\vcredist2008_x86.exe
CreationUtcTime: 2024-08-20 00:13:28.468
User: MY-CALDERA\johnny.douche"
MY-CAL-WIN10.my-caldera.local,11,"File created:
RuleName: DLL
UtcTime: 2024-08-20 00:13:28.430
ProcessGuid: {ca24abc9-df74-66c3-7c02-000000001d00}
ProcessId: 2020
Image: C:\AtomicRedTeam\ExternalPayloads\nmap-7.80-setup.exe
TargetFilename: C:\Program Files (x86)\Nmap\py2exe\lib\gtk-2.0\2.10.0\engines\libsvg.dll
CreationUtcTime: 2024-08-20 00:13:28.430
User: MY-CALDERA\johnny.douche"
MY-CAL-WIN10.my-caldera.local,11,"File created:
RuleName: DLL
UtcTime: 2024-08-20 00:13:28.434
ProcessGuid: {ca24abc9-df74-66c3-7c02-000000001d00}
ProcessId: 2020
Image: C:\AtomicRedTeam\ExternalPayloads\nmap-7.80-setup.exe
TargetFilename: C:\Program Files (x86)\Nmap\py2exe\lib\gtk-2.0\2.10.0\engines\libwimp.dll
CreationUtcTime: 2024-08-20 00:13:28.434
User: MY-CALDERA\johnny.douche"
MY-CAL-WIN10.my-caldera.local,11,"File created:
RuleName: DLL
UtcTime: 2024-08-20 00:13:28.442
ProcessGuid: {ca24abc9-df74-66c3-7c02-000000001d00}
ProcessId: 2020
Image: C:\AtomicRedTeam\ExternalPayloads\nmap-7.80-setup.exe
TargetFilename: C:\Program Files (x86)\Nmap\py2exe\lib\gtk-2.0\modules\libgail.dll
CreationUtcTime: 2024-08-20 00:13:28.442
User: MY-CALDERA\johnny.douche"
MY-CAL-WIN10.my-caldera.local,11,"File created:
RuleName: DLL
UtcTime: 2024-08-20 00:13:42.040
ProcessGuid: {ca24abc9-df83-66c3-8a02-000000001d00}
ProcessId: 6596
Image: C:\Windows\system32\msiexec.exe
TargetFilename: C:\Program Files (x86)\Common Files\Microsoft Shared\VC\msdia90.dll
CreationUtcTime: 2024-08-20 00:13:42.040
User: NT AUTHORITY\SYSTEM"
MY-CAL-WIN10.my-caldera.local,11,"File created:
RuleName: DLL
UtcTime: 2024-08-20 00:13:42.074
ProcessGuid: {ca24abc9-df83-66c3-8a02-000000001d00}
ProcessId: 6596
Image: C:\Windows\system32\msiexec.exe
TargetFilename: C:\Windows\WinSxS\InstallTemp\20240819171342070.0\atl90.dll
CreationUtcTime: 2024-08-20 00:13:42.074
User: NT AUTHORITY\SYSTEM"
MY-CAL-WIN10.my-caldera.local,11,"File created:
RuleName: DLL
UtcTime: 2024-08-20 00:13:42.669
ProcessGuid: {ca24abc9-df83-66c3-8a02-000000001d00}
ProcessId: 6596
Image: C:\Windows\system32\msiexec.exe
TargetFilename: C:\Windows\WinSxS\InstallTemp\20240819171342129.0\mfc90chs.dll
CreationUtcTime: 2024-08-20 00:13:42.669
User: NT AUTHORITY\SYSTEM"
MY-CAL-WIN10.my-caldera.local,11,"File created:
RuleName: DLL
UtcTime: 2024-08-20 00:13:42.681
ProcessGuid: {ca24abc9-df83-66c3-8a02-000000001d00}
ProcessId: 6596
Image: C:\Windows\system32\msiexec.exe
TargetFilename: C:\Windows\WinSxS\InstallTemp\20240819171342129.0\mfc90cht.dll
CreationUtcTime: 2024-08-20 00:13:42.680
User: NT AUTHORITY\SYSTEM"
MY-CAL-WIN10.my-caldera.local,11,"File created:
RuleName: DLL
UtcTime: 2024-08-20 00:13:42.690
ProcessGuid: {ca24abc9-df83-66c3-8a02-000000001d00}
ProcessId: 6596
Image: C:\Windows\system32\msiexec.exe
TargetFilename: C:\Windows\WinSxS\InstallTemp\20240819171342129.0\mfc90deu.dll
CreationUtcTime: 2024-08-20 00:13:42.689
User: NT AUTHORITY\SYSTEM"
MY-CAL-WIN10.my-caldera.local,11,"File created:
RuleName: DLL
UtcTime: 2024-08-20 00:13:42.701
ProcessGuid: {ca24abc9-df83-66c3-8a02-000000001d00}
ProcessId: 6596
Image: C:\Windows\system32\msiexec.exe
TargetFilename: C:\Windows\WinSxS\InstallTemp\20240819171342129.0\mfc90enu.dll
CreationUtcTime: 2024-08-20 00:13:42.700
User: NT AUTHORITY\SYSTEM"
MY-CAL-WIN10.my-caldera.local,11,"File created:
RuleName: DLL
UtcTime: 2024-08-20 00:13:42.713
ProcessGuid: {ca24abc9-df83-66c3-8a02-000000001d00}
ProcessId: 6596
Image: C:\Windows\system32\msiexec.exe
TargetFilename: C:\Windows\WinSxS\InstallTemp\20240819171342129.0\mfc90esn.dll
CreationUtcTime: 2024-08-20 00:13:42.713
User: NT AUTHORITY\SYSTEM"
MY-CAL-WIN10.my-caldera.local,11,"File created:
RuleName: DLL
UtcTime: 2024-08-20 00:13:42.724
ProcessGuid: {ca24abc9-df83-66c3-8a02-000000001d00}
ProcessId: 6596
Image: C:\Windows\system32\msiexec.exe
TargetFilename: C:\Windows\WinSxS\InstallTemp\20240819171342129.0\mfc90esp.dll
CreationUtcTime: 2024-08-20 00:13:42.724
User: NT AUTHORITY\SYSTEM"
MY-CAL-WIN10.my-caldera.local,11,"File created:
RuleName: DLL
UtcTime: 2024-08-20 00:13:42.736
ProcessGuid: {ca24abc9-df83-66c3-8a02-000000001d00}
ProcessId: 6596
Image: C:\Windows\system32\msiexec.exe
TargetFilename: C:\Windows\WinSxS\InstallTemp\20240819171342129.0\mfc90fra.dll
CreationUtcTime: 2024-08-20 00:13:42.736
User: NT AUTHORITY\SYSTEM"
MY-CAL-WIN10.my-caldera.local,11,"File created:
RuleName: DLL
UtcTime: 2024-08-20 00:13:42.747
ProcessGuid: {ca24abc9-df83-66c3-8a02-000000001d00}
ProcessId: 6596
Image: C:\Windows\system32\msiexec.exe
TargetFilename: C:\Windows\WinSxS\InstallTemp\20240819171342129.0\mfc90ita.dll
CreationUtcTime: 2024-08-20 00:13:42.746
User: NT AUTHORITY\SYSTEM"
MY-CAL-WIN10.my-caldera.local,11,"File created:
RuleName: DLL
UtcTime: 2024-08-20 00:13:42.758
ProcessGuid: {ca24abc9-df83-66c3-8a02-000000001d00}
ProcessId: 6596
Image: C:\Windows\system32\msiexec.exe
TargetFilename: C:\Windows\WinSxS\InstallTemp\20240819171342129.0\mfc90jpn.dll
CreationUtcTime: 2024-08-20 00:13:42.758
User: NT AUTHORITY\SYSTEM"
MY-CAL-WIN10.my-caldera.local,11,"File created:
RuleName: DLL
UtcTime: 2024-08-20 00:13:42.788
ProcessGuid: {ca24abc9-df83-66c3-8a02-000000001d00}
ProcessId: 6596
Image: C:\Windows\system32\msiexec.exe
TargetFilename: C:\Windows\WinSxS\InstallTemp\20240819171342129.0\mfc90kor.dll
CreationUtcTime: 2024-08-20 00:13:42.787
User: NT AUTHORITY\SYSTEM"
MY-CAL-WIN10.my-caldera.local,11,"File created:
RuleName: DLL
UtcTime: 2024-08-20 00:13:42.798
ProcessGuid: {ca24abc9-df83-66c3-8a02-000000001d00}
ProcessId: 6596
Image: C:\Windows\system32\msiexec.exe
TargetFilename: C:\Windows\WinSxS\InstallTemp\20240819171342129.0\mfc90rus.dll
CreationUtcTime: 2024-08-20 00:13:42.797
User: NT AUTHORITY\SYSTEM"
MY-CAL-WIN10.my-caldera.local,11,"File created:
RuleName: DLL
UtcTime: 2024-08-20 00:13:42.847
ProcessGuid: {ca24abc9-df83-66c3-8a02-000000001d00}
ProcessId: 6596
Image: C:\Windows\system32\msiexec.exe
TargetFilename: C:\Windows\WinSxS\InstallTemp\20240819171342111.0\mfc90u.dll
CreationUtcTime: 2024-08-20 00:13:42.847
User: NT AUTHORITY\SYSTEM"
MY-CAL-WIN10.my-caldera.local,11,"File created:
RuleName: Sysmonv1514
UtcTime: 2024-08-20 00:13:42.166
ProcessGuid: {ca24abc9-d6b1-66c3-ba00-000000001d00}
ProcessId: 6760
Image: C:\Program Files\WinlogBeat\winlogbeat.exe
TargetFilename: C:\ProgramData\winlogbeat\.winlogbeat.yml.new
CreationUtcTime: 2024-08-20 00:11:02.025
User: NT AUTHORITY\SYSTEM"
MY-CAL-WIN10.my-caldera.local,11,"File created:
RuleName: DLL
UtcTime: 2024-08-20 00:13:42.380
ProcessGuid: {ca24abc9-df83-66c3-8a02-000000001d00}
ProcessId: 6596
Image: C:\Windows\system32\msiexec.exe
TargetFilename: C:\Windows\WinSxS\InstallTemp\20240819171342111.0\mfc90.dll
CreationUtcTime: 2024-08-20 00:13:42.379
User: NT AUTHORITY\SYSTEM"
MY-CAL-WIN10.my-caldera.local,11,"File created:
RuleName: Sysmonv1514
UtcTime: 2024-08-20 00:14:02.322
ProcessGuid: {ca24abc9-d6b1-66c3-ba00-000000001d00}
ProcessId: 6760
Image: C:\Program Files\WinlogBeat\winlogbeat.exe
TargetFilename: C:\ProgramData\winlogbeat\.winlogbeat.yml.new
CreationUtcTime: 2024-08-20 00:11:02.025
User: NT AUTHORITY\SYSTEM"
MY-CAL-WIN10.my-caldera.local,11,"File created:
RuleName: EXE
UtcTime: 2024-08-20 00:14:29.802
ProcessGuid: {ca24abc9-dfe4-66c3-d902-000000001d00}
ProcessId: 10304
Image: C:\Windows\System32\WindowsPowerShell\v1.0\powershell.exe
TargetFilename: C:\AtomicRedTeam\ExternalPayloads\SharpView.exe
CreationUtcTime: 2024-08-20 00:14:29.802
User: MY-CALDERA\johnny.douche"
MY-CAL-WIN10.my-caldera.local,11,"File created:
RuleName: Sysmonv1514
UtcTime: 2024-08-20 00:14:35.220
ProcessGuid: {ca24abc9-d63a-66c3-7100-000000001d00}
ProcessId: 5380
Image: C:\Windows\system32\SearchIndexer.exe
TargetFilename: C:\ProgramData\Microsoft\Search\Data\Applications\Windows\edbtmp.jtx
CreationUtcTime: 2023-11-04 15:20:11.126
User: NT AUTHORITY\SYSTEM"
MY-CAL-WIN10.my-caldera.local,11,"File created:
RuleName: DO
UtcTime: 2024-08-20 00:14:45.319
ProcessGuid: {ca24abc9-dff4-66c3-e802-000000001d00}
ProcessId: 6416
Image: C:\Windows\System32\WindowsPowerShell\v1.0\powershell.exe
TargetFilename: C:\Users\johnny.douche\AppData\Local\Microsoft\Windows\PowerShell\StartupProfileData-NonInteractive
CreationUtcTime: 2024-03-28 01:06:06.420
User: MY-CALDERA\johnny.douche"
MY-CAL-WIN10.my-caldera.local,11,"File created:
RuleName: DO
UtcTime: 2024-08-20 00:14:44.944
ProcessGuid: {ca24abc9-dff2-66c3-e602-000000001d00}
ProcessId: 10552
Image: C:\Windows\System32\WindowsPowerShell\v1.0\powershell.exe
TargetFilename: C:\Users\johnny.douche\AppData\Local\Microsoft\Windows\PowerShell\StartupProfileData-NonInteractive
CreationUtcTime: 2024-03-28 01:06:06.420
User: MY-CALDERA\johnny.douche"
MY-CAL-WIN10.my-caldera.local,11,"File created:
RuleName: DO
UtcTime: 2024-08-20 00:14:50.724
ProcessGuid: {ca24abc9-dff5-66c3-e902-000000001d00}
ProcessId: 10928
Image: C:\Windows\System32\WindowsPowerShell\v1.0\powershell.exe
TargetFilename: C:\Users\johnny.douche\AppData\Local\Microsoft\Windows\PowerShell\StartupProfileData-NonInteractive
CreationUtcTime: 2024-03-28 01:06:06.420
User: MY-CALDERA\johnny.douche"
MY-CAL-WIN10.my-caldera.local,11,"File created:
RuleName: DO
UtcTime: 2024-08-20 00:14:51.540
ProcessGuid: {ca24abc9-dffa-66c3-ec02-000000001d00}
ProcessId: 10084
Image: C:\Windows\System32\WindowsPowerShell\v1.0\powershell.exe
TargetFilename: C:\Users\johnny.douche\AppData\Local\Microsoft\Windows\PowerShell\StartupProfileData-NonInteractive
CreationUtcTime: 2024-03-28 01:06:06.420
User: MY-CALDERA\johnny.douche"
MY-CAL-WIN10.my-caldera.local,11,"File created:
RuleName: DO
UtcTime: 2024-08-20 00:14:56.307
ProcessGuid: {ca24abc9-dffc-66c3-ef02-000000001d00}
ProcessId: 11020
Image: C:\Program Files (x86)\Microsoft Office\Root\Office16\WINWORD.EXE
TargetFilename: C:\Users\johnny.douche\AppData\Local\Microsoft\Office\16.0\winword.exe_Rules\rule510006v0.xml
CreationUtcTime: 2024-08-20 00:14:56.306
User: MY-CALDERA\johnny.douche"
MY-CAL-WIN10.my-caldera.local,11,"File created:
RuleName: DO
UtcTime: 2024-08-20 00:14:56.308
ProcessGuid: {ca24abc9-dffc-66c3-ef02-000000001d00}
ProcessId: 11020
Image: C:\Program Files (x86)\Microsoft Office\Root\Office16\WINWORD.EXE
TargetFilename: C:\Users\johnny.douche\AppData\Local\Microsoft\Office\16.0\winword.exe_Rules\rule510008v0.xml
CreationUtcTime: 2024-08-20 00:14:56.308
User: MY-CALDERA\johnny.douche"
MY-CAL-WIN10.my-caldera.local,11,"File created:
RuleName: DO
UtcTime: 2024-08-20 00:14:56.310
ProcessGuid: {ca24abc9-dffc-66c3-ef02-000000001d00}
ProcessId: 11020
Image: C:\Program Files (x86)\Microsoft Office\Root\Office16\WINWORD.EXE
TargetFilename: C:\Users\johnny.douche\AppData\Local\Microsoft\Office\16.0\winword.exe_Rules\rule510009v0.xml
CreationUtcTime: 2024-08-20 00:14:56.310
User: MY-CALDERA\johnny.douche"
MY-CAL-WIN10.my-caldera.local,11,"File created:
RuleName: DO
UtcTime: 2024-08-20 00:14:56.311
ProcessGuid: {ca24abc9-dffc-66c3-ef02-000000001d00}
ProcessId: 11020
Image: C:\Program Files (x86)\Microsoft Office\Root\Office16\WINWORD.EXE
TargetFilename: C:\Users\johnny.douche\AppData\Local\Microsoft\Office\16.0\winword.exe_Rules\rule510010v0.xml
CreationUtcTime: 2024-08-20 00:14:56.311
User: MY-CALDERA\johnny.douche"
MY-CAL-WIN10.my-caldera.local,11,"File created:
RuleName: DO
UtcTime: 2024-08-20 00:14:56.348
ProcessGuid: {ca24abc9-dffc-66c3-ef02-000000001d00}
ProcessId: 11020
Image: C:\Program Files (x86)\Microsoft Office\Root\Office16\WINWORD.EXE
TargetFilename: C:\Users\johnny.douche\AppData\Local\Microsoft\Office\16.0\winword.exe_Rules\rule63048v6.xml
CreationUtcTime: 2024-08-20 00:14:56.348
User: MY-CALDERA\johnny.douche"
MY-CAL-WIN10.my-caldera.local,11,"File created:
RuleName: DO
UtcTime: 2024-08-20 00:14:56.349
ProcessGuid: {ca24abc9-dffc-66c3-ef02-000000001d00}
ProcessId: 11020
Image: C:\Program Files (x86)\Microsoft Office\Root\Office16\WINWORD.EXE
TargetFilename: C:\Users\johnny.douche\AppData\Local\Microsoft\Office\16.0\winword.exe_Rules\rule63049v2.xml
CreationUtcTime: 2024-08-20 00:14:56.349
User: MY-CALDERA\johnny.douche"
MY-CAL-WIN10.my-caldera.local,11,"File created:
RuleName: DO
UtcTime: 2024-08-20 00:14:56.351
ProcessGuid: {ca24abc9-dffc-66c3-ef02-000000001d00}
ProcessId: 11020
Image: C:\Program Files (x86)\Microsoft Office\Root\Office16\WINWORD.EXE
TargetFilename: C:\Users\johnny.douche\AppData\Local\Microsoft\Office\16.0\winword.exe_Rules\rule63051v5.xml
CreationUtcTime: 2024-08-20 00:14:56.350
User: MY-CALDERA\johnny.douche"
MY-CAL-WIN10.my-caldera.local,11,"File created:
RuleName: DO
UtcTime: 2024-08-20 00:14:56.353
ProcessGuid: {ca24abc9-dffc-66c3-ef02-000000001d00}
ProcessId: 11020
Image: C:\Program Files (x86)\Microsoft Office\Root\Office16\WINWORD.EXE
TargetFilename: C:\Users\johnny.douche\AppData\Local\Microsoft\Office\16.0\winword.exe_Rules\rule63052v3.xml
CreationUtcTime: 2024-08-20 00:14:56.353
User: MY-CALDERA\johnny.douche"
MY-CAL-WIN10.my-caldera.local,11,"File created:
RuleName: DO
UtcTime: 2024-08-20 00:14:56.355
ProcessGuid: {ca24abc9-dffc-66c3-ef02-000000001d00}
ProcessId: 11020
Image: C:\Program Files (x86)\Microsoft Office\Root\Office16\WINWORD.EXE
TargetFilename: C:\Users\johnny.douche\AppData\Local\Microsoft\Office\16.0\winword.exe_Rules\rule63053v1.xml
CreationUtcTime: 2024-08-20 00:14:56.354
User: MY-CALDERA\johnny.douche"
MY-CAL-WIN10.my-caldera.local,11,"File created:
RuleName: DO
UtcTime: 2024-08-20 00:14:56.388
ProcessGuid: {ca24abc9-dffc-66c3-ef02-000000001d00}
ProcessId: 11020
Image: C:\Program Files (x86)\Microsoft Office\Root\Office16\WINWORD.EXE
TargetFilename: C:\Users\johnny.douche\AppData\Local\Microsoft\Office\16.0\winword.exe_Rules\rule680004v0.xml
CreationUtcTime: 2024-08-20 00:14:56.388
User: MY-CALDERA\johnny.douche"
MY-CAL-WIN10.my-caldera.local,11,"File created:
RuleName: DO
UtcTime: 2024-08-20 00:14:56.390
ProcessGuid: {ca24abc9-dffc-66c3-ef02-000000001d00}
ProcessId: 11020
Image: C:\Program Files (x86)\Microsoft Office\Root\Office16\WINWORD.EXE
TargetFilename: C:\Users\johnny.douche\AppData\Local\Microsoft\Office\16.0\winword.exe_Rules\rule680006v0.xml
CreationUtcTime: 2024-08-20 00:14:56.390
User: MY-CALDERA\johnny.douche"
MY-CAL-WIN10.my-caldera.local,11,"File created:
RuleName: DO
UtcTime: 2024-08-20 00:14:56.392
ProcessGuid: {ca24abc9-dffc-66c3-ef02-000000001d00}
ProcessId: 11020
Image: C:\Program Files (x86)\Microsoft Office\Root\Office16\WINWORD.EXE
TargetFilename: C:\Users\johnny.douche\AppData\Local\Microsoft\Office\16.0\winword.exe_Rules\rule68000v3.xml
CreationUtcTime: 2024-08-20 00:14:56.391
User: MY-CALDERA\johnny.douche"
MY-CAL-WIN10.my-caldera.local,11,"File created:
RuleName: DO
UtcTime: 2024-08-20 00:14:56.393
ProcessGuid: {ca24abc9-dffc-66c3-ef02-000000001d00}
ProcessId: 11020
Image: C:\Program Files (x86)\Microsoft Office\Root\Office16\WINWORD.EXE
TargetFilename: C:\Users\johnny.douche\AppData\Local\Microsoft\Office\16.0\winword.exe_Rules\rule68001v2.xml
CreationUtcTime: 2024-08-20 00:14:56.393
User: MY-CALDERA\johnny.douche"
MY-CAL-WIN10.my-caldera.local,11,"File created:
RuleName: DO
UtcTime: 2024-08-20 00:14:56.394
ProcessGuid: {ca24abc9-dffc-66c3-ef02-000000001d00}
ProcessId: 11020
Image: C:\Program Files (x86)\Microsoft Office\Root\Office16\WINWORD.EXE
TargetFilename: C:\Users\johnny.douche\AppData\Local\Microsoft\Office\16.0\winword.exe_Rules\rule68002v11.xml
CreationUtcTime: 2024-08-20 00:14:56.394
User: MY-CALDERA\johnny.douche"
MY-CAL-WIN10.my-caldera.local,11,"File created:
RuleName: DO
UtcTime: 2024-08-20 00:14:56.396
ProcessGuid: {ca24abc9-dffc-66c3-ef02-000000001d00}
ProcessId: 11020
Image: C:\Program Files (x86)\Microsoft Office\Root\Office16\WINWORD.EXE
TargetFilename: C:\Users\johnny.douche\AppData\Local\Microsoft\Office\16.0\winword.exe_Rules\rule68003v12.xml
CreationUtcTime: 2024-08-20 00:14:56.396
User: MY-CALDERA\johnny.douche"
MY-CAL-WIN10.my-caldera.local,11,"File created:
RuleName: DO
UtcTime: 2024-08-20 00:14:56.397
ProcessGuid: {ca24abc9-dffc-66c3-ef02-000000001d00}
ProcessId: 11020
Image: C:\Program Files (x86)\Microsoft Office\Root\Office16\WINWORD.EXE
TargetFilename: C:\Users\johnny.douche\AppData\Local\Microsoft\Office\16.0\winword.exe_Rules\rule68004v16.xml
CreationUtcTime: 2024-08-20 00:14:56.397
User: MY-CALDERA\johnny.douche"
MY-CAL-WIN10.my-caldera.local,11,"File created:
RuleName: DO
UtcTime: 2024-08-20 00:14:56.398
ProcessGuid: {ca24abc9-dffc-66c3-ef02-000000001d00}
ProcessId: 11020
Image: C:\Program Files (x86)\Microsoft Office\Root\Office16\WINWORD.EXE
TargetFilename: C:\Users\johnny.douche\AppData\Local\Microsoft\Office\16.0\winword.exe_Rules\rule68006v0.xml
CreationUtcTime: 2024-08-20 00:14:56.398
User: MY-CALDERA\johnny.douche"
MY-CAL-WIN10.my-caldera.local,11,"File created:
RuleName: DO
UtcTime: 2024-08-20 00:14:56.399
ProcessGuid: {ca24abc9-dffc-66c3-ef02-000000001d00}
ProcessId: 11020
Image: C:\Program Files (x86)\Microsoft Office\Root\Office16\WINWORD.EXE
TargetFilename: C:\Users\johnny.douche\AppData\Local\Microsoft\Office\16.0\winword.exe_Rules\rule68008v4.xml
CreationUtcTime: 2024-08-20 00:14:56.399
User: MY-CALDERA\johnny.douche"
MY-CAL-WIN10.my-caldera.local,11,"File created:
RuleName: DO
UtcTime: 2024-08-20 00:14:56.402
ProcessGuid: {ca24abc9-dffc-66c3-ef02-000000001d00}
ProcessId: 11020
Image: C:\Program Files (x86)\Microsoft Office\Root\Office16\WINWORD.EXE
TargetFilename: C:\Users\johnny.douche\AppData\Local\Microsoft\Office\16.0\winword.exe_Rules\rule68009v0.xml
CreationUtcTime: 2024-08-20 00:14:56.401
User: MY-CALDERA\johnny.douche"
MY-CAL-WIN10.my-caldera.local,11,"File created:
RuleName: DO
UtcTime: 2024-08-20 00:14:56.403
ProcessGuid: {ca24abc9-dffc-66c3-ef02-000000001d00}
ProcessId: 11020
Image: C:\Program Files (x86)\Microsoft Office\Root\Office16\WINWORD.EXE
TargetFilename: C:\Users\johnny.douche\AppData\Local\Microsoft\Office\16.0\winword.exe_Rules\rule68010v2.xml
CreationUtcTime: 2024-08-20 00:14:56.403
User: MY-CALDERA\johnny.douche"
MY-CAL-WIN10.my-caldera.local,11,"File created:
RuleName: DO
UtcTime: 2024-08-20 00:14:56.361
ProcessGuid: {ca24abc9-dffc-66c3-ef02-000000001d00}
ProcessId: 11020
Image: C:\Program Files (x86)\Microsoft Office\Root\Office16\WINWORD.EXE
TargetFilename: C:\Users\johnny.douche\AppData\Local\Microsoft\Office\16.0\winword.exe_Rules\rule63054v5.xml
CreationUtcTime: 2024-08-20 00:14:56.356
User: MY-CALDERA\johnny.douche"
MY-CAL-WIN10.my-caldera.local,11,"File created:
RuleName: DO
UtcTime: 2024-08-20 00:14:56.404
ProcessGuid: {ca24abc9-dffc-66c3-ef02-000000001d00}
ProcessId: 11020
Image: C:\Program Files (x86)\Microsoft Office\Root\Office16\WINWORD.EXE
TargetFilename: C:\Users\johnny.douche\AppData\Local\Microsoft\Office\16.0\winword.exe_Rules\rule68011v4.xml
CreationUtcTime: 2024-08-20 00:14:56.404
User: MY-CALDERA\johnny.douche"
MY-CAL-WIN10.my-caldera.local,11,"File created:
RuleName: DO
UtcTime: 2024-08-20 00:14:56.362
ProcessGuid: {ca24abc9-dffc-66c3-ef02-000000001d00}
ProcessId: 11020
Image: C:\Program Files (x86)\Microsoft Office\Root\Office16\WINWORD.EXE
TargetFilename: C:\Users\johnny.douche\AppData\Local\Microsoft\Office\16.0\winword.exe_Rules\rule63056v9.xml
CreationUtcTime: 2024-08-20 00:14:56.362
User: MY-CALDERA\johnny.douche"
MY-CAL-WIN10.my-caldera.local,11,"File created:
RuleName: DO
UtcTime: 2024-08-20 00:14:56.364
ProcessGuid: {ca24abc9-dffc-66c3-ef02-000000001d00}
ProcessId: 11020
Image: C:\Program Files (x86)\Microsoft Office\Root\Office16\WINWORD.EXE
TargetFilename: C:\Users\johnny.douche\AppData\Local\Microsoft\Office\16.0\winword.exe_Rules\rule63057v3.xml
CreationUtcTime: 2024-08-20 00:14:56.364
User: MY-CALDERA\johnny.douche"
MY-CAL-WIN10.my-caldera.local,11,"File created:
RuleName: DO
UtcTime: 2024-08-20 00:14:56.365
ProcessGuid: {ca24abc9-dffc-66c3-ef02-000000001d00}
ProcessId: 11020
Image: C:\Program Files (x86)\Microsoft Office\Root\Office16\WINWORD.EXE
TargetFilename: C:\Users\johnny.douche\AppData\Local\Microsoft\Office\16.0\winword.exe_Rules\rule63058v0.xml
CreationUtcTime: 2024-08-20 00:14:56.365
User: MY-CALDERA\johnny.douche"
MY-CAL-WIN10.my-caldera.local,11,"File created:
RuleName: DO
UtcTime: 2024-08-20 00:14:56.405
ProcessGuid: {ca24abc9-dffc-66c3-ef02-000000001d00}
ProcessId: 11020
Image: C:\Program Files (x86)\Microsoft Office\Root\Office16\WINWORD.EXE
TargetFilename: C:\Users\johnny.douche\AppData\Local\Microsoft\Office\16.0\winword.exe_Rules\rule68012v2.xml
CreationUtcTime: 2024-08-20 00:14:56.405
User: MY-CALDERA\johnny.douche"
MY-CAL-WIN10.my-caldera.local,11,"File created:
RuleName: DO
UtcTime: 2024-08-20 00:14:56.366
ProcessGuid: {ca24abc9-dffc-66c3-ef02-000000001d00}
ProcessId: 11020
Image: C:\Program Files (x86)\Microsoft Office\Root\Office16\WINWORD.EXE
TargetFilename: C:\Users\johnny.douche\AppData\Local\Microsoft\Office\16.0\winword.exe_Rules\rule63059v0.xml
CreationUtcTime: 2024-08-20 00:14:56.366
User: MY-CALDERA\johnny.douche"
MY-CAL-WIN10.my-caldera.local,11,"File created:
RuleName: DO
UtcTime: 2024-08-20 00:14:56.367
ProcessGuid: {ca24abc9-dffc-66c3-ef02-000000001d00}
ProcessId: 11020
Image: C:\Program Files (x86)\Microsoft Office\Root\Office16\WINWORD.EXE
TargetFilename: C:\Users\johnny.douche\AppData\Local\Microsoft\Office\16.0\winword.exe_Rules\rule63063v1.xml
CreationUtcTime: 2024-08-20 00:14:56.367
User: MY-CALDERA\johnny.douche"
MY-CAL-WIN10.my-caldera.local,11,"File created:
RuleName: DO
UtcTime: 2024-08-20 00:14:56.369
ProcessGuid: {ca24abc9-dffc-66c3-ef02-000000001d00}
ProcessId: 11020
Image: C:\Program Files (x86)\Microsoft Office\Root\Office16\WINWORD.EXE
TargetFilename: C:\Users\johnny.douche\AppData\Local\Microsoft\Office\16.0\winword.exe_Rules\rule63066v1.xml
CreationUtcTime: 2024-08-20 00:14:56.369
User: MY-CALDERA\johnny.douche"
MY-CAL-WIN10.my-caldera.local,11,"File created:
RuleName: DO
UtcTime: 2024-08-20 00:14:56.370
ProcessGuid: {ca24abc9-dffc-66c3-ef02-000000001d00}
ProcessId: 11020
Image: C:\Program Files (x86)\Microsoft Office\Root\Office16\WINWORD.EXE
TargetFilename: C:\Users\johnny.douche\AppData\Local\Microsoft\Office\16.0\winword.exe_Rules\rule63067v4.xml
CreationUtcTime: 2024-08-20 00:14:56.370
User: MY-CALDERA\johnny.douche"
MY-CAL-WIN10.my-caldera.local,11,"File created:
RuleName: DO
UtcTime: 2024-08-20 00:14:56.407
ProcessGuid: {ca24abc9-dffc-66c3-ef02-000000001d00}
ProcessId: 11020
Image: C:\Program Files (x86)\Microsoft Office\Root\Office16\WINWORD.EXE
TargetFilename: C:\Users\johnny.douche\AppData\Local\Microsoft\Office\16.0\winword.exe_Rules\rule68013v9.xml
CreationUtcTime: 2024-08-20 00:14:56.407
User: MY-CALDERA\johnny.douche"
MY-CAL-WIN10.my-caldera.local,11,"File created:
RuleName: DO
UtcTime: 2024-08-20 00:14:56.313
ProcessGuid: {ca24abc9-dffc-66c3-ef02-000000001d00}
ProcessId: 11020
Image: C:\Program Files (x86)\Microsoft Office\Root\Office16\WINWORD.EXE
TargetFilename: C:\Users\johnny.douche\AppData\Local\Microsoft\Office\16.0\winword.exe_Rules\rule510012v1.xml
CreationUtcTime: 2024-08-20 00:14:56.312
User: MY-CALDERA\johnny.douche"
