MY-CAL-WIN10.my-caldera.local,11,"File created:
RuleName: DO
UtcTime: 2024-08-20 00:32:58.904
ProcessGuid: {ca24abc9-e43a-66c3-9606-000000001d00}
ProcessId: 8436
Image: C:\Windows\System32\WindowsPowerShell\v1.0\powershell.exe
TargetFilename: C:\Users\johnny.douche\AppData\Local\Temp\kcq13ax4\kcq13ax4.tmp
CreationUtcTime: 2024-08-20 00:32:58.904
User: MY-CALDERA\johnny.douche"
MY-CAL-WIN10.my-caldera.local,11,"File created:
RuleName: DO
UtcTime: 2024-08-20 00:32:58.905
ProcessGuid: {ca24abc9-e43a-66c3-9606-000000001d00}
ProcessId: 8436
Image: C:\Windows\System32\WindowsPowerShell\v1.0\powershell.exe
TargetFilename: C:\Users\johnny.douche\AppData\Local\Temp\kcq13ax4\kcq13ax4.0.cs
CreationUtcTime: 2024-08-20 00:32:58.905
User: MY-CALDERA\johnny.douche"
MY-CAL-WIN10.my-caldera.local,11,"File created:
RuleName: DLL
UtcTime: 2024-08-20 00:32:58.907
ProcessGuid: {ca24abc9-e43a-66c3-9606-000000001d00}
ProcessId: 8436
Image: C:\Windows\System32\WindowsPowerShell\v1.0\powershell.exe
TargetFilename: C:\Users\johnny.douche\AppData\Local\Temp\kcq13ax4\kcq13ax4.dll
CreationUtcTime: 2024-08-20 00:32:58.907
User: MY-CALDERA\johnny.douche"
MY-CAL-WIN10.my-caldera.local,11,"File created:
RuleName: Sysmonv1514
UtcTime: 2024-08-20 00:32:58.908
ProcessGuid: {ca24abc9-e43a-66c3-9606-000000001d00}
ProcessId: 8436
Image: C:\Windows\System32\WindowsPowerShell\v1.0\powershell.exe
TargetFilename: C:\Users\johnny.douche\AppData\Local\Temp\kcq13ax4\kcq13ax4.cmdline
CreationUtcTime: 2024-08-20 00:32:58.907
User: MY-CALDERA\johnny.douche"
MY-CAL-WIN10.my-caldera.local,11,"File created:
RuleName: DO
UtcTime: 2024-08-20 00:32:58.912
ProcessGuid: {ca24abc9-e43a-66c3-9606-000000001d00}
ProcessId: 8436
Image: C:\Windows\System32\WindowsPowerShell\v1.0\powershell.exe
TargetFilename: C:\Users\johnny.douche\AppData\Local\Temp\kcq13ax4\kcq13ax4.out
CreationUtcTime: 2024-08-20 00:32:58.910
User: MY-CALDERA\johnny.douche"
MY-CAL-WIN10.my-caldera.local,11,"File created:
RuleName: DO
UtcTime: 2024-08-20 00:32:58.913
ProcessGuid: {ca24abc9-e43a-66c3-9606-000000001d00}
ProcessId: 8436
Image: C:\Windows\System32\WindowsPowerShell\v1.0\powershell.exe
TargetFilename: C:\Users\johnny.douche\AppData\Local\Temp\kcq13ax4\kcq13ax4.err
CreationUtcTime: 2024-08-20 00:32:58.912
User: MY-CALDERA\johnny.douche"
MY-CAL-WIN10.my-caldera.local,11,"File created:
RuleName: DO
UtcTime: 2024-08-20 00:32:59.057
ProcessGuid: {ca24abc9-e43a-66c3-9806-000000001d00}
ProcessId: 6368
Image: C:\Windows\Microsoft.NET\Framework64\v4.0.30319\csc.exe
TargetFilename: C:\Users\johnny.douche\AppData\Local\Temp\kcq13ax4\CSCFB386815BFDA4F6A83FED83DFD2DB2DB.TMP
CreationUtcTime: 2024-08-20 00:32:59.057
User: MY-CALDERA\johnny.douche"
MY-CAL-WIN10.my-caldera.local,11,"File created:
RuleName: DO
UtcTime: 2024-08-20 00:32:59.059
ProcessGuid: {ca24abc9-e43a-66c3-9806-000000001d00}
ProcessId: 6368
Image: C:\Windows\Microsoft.NET\Framework64\v4.0.30319\csc.exe
TargetFilename: C:\Users\JOHNNY~1.DOU\AppData\Local\Temp\RES95CC.tmp
CreationUtcTime: 2024-08-20 00:32:59.059
User: MY-CALDERA\johnny.douche"
MY-CAL-WIN10.my-caldera.local,11,"File created:
RuleName: DO
UtcTime: 2024-08-20 00:32:59.083
ProcessGuid: {ca24abc9-e43b-66c3-9906-000000001d00}
ProcessId: 9388
Image: C:\Windows\Microsoft.NET\Framework64\v4.0.30319\cvtres.exe
TargetFilename: C:\Users\JOHNNY~1.DOU\AppData\Local\Temp\RES95CC.tmp
CreationUtcTime: 2024-08-20 00:32:59.059
User: MY-CALDERA\johnny.douche"
MY-CAL-WIN10.my-caldera.local,11,"File created:
RuleName: DLL
UtcTime: 2024-08-20 00:32:59.092
ProcessGuid: {ca24abc9-e43a-66c3-9806-000000001d00}
ProcessId: 6368
Image: C:\Windows\Microsoft.NET\Framework64\v4.0.30319\csc.exe
TargetFilename: C:\Users\johnny.douche\AppData\Local\Temp\kcq13ax4\kcq13ax4.dll
CreationUtcTime: 2024-08-20 00:32:58.907
User: MY-CALDERA\johnny.douche"
MY-CAL-WIN10.my-caldera.local,11,"File created:
RuleName: DO
UtcTime: 2024-08-20 00:32:58.904
ProcessGuid: {ca24abc9-e43a-66c3-9606-000000001d00}
ProcessId: 8436
Image: C:\Windows\System32\WindowsPowerShell\v1.0\powershell.exe
TargetFilename: C:\Users\johnny.douche\AppData\Local\Temp\kcq13ax4
CreationUtcTime: 2024-08-20 00:32:58.903
User: MY-CALDERA\johnny.douche"
MY-CAL-WIN10.my-caldera.local,11,"File created:
RuleName: Sysmonv1514
UtcTime: 2024-08-20 00:33:19.623
ProcessGuid: {ca24abc9-d6b1-66c3-ba00-000000001d00}
ProcessId: 6760
Image: C:\Program Files\WinlogBeat\winlogbeat.exe
TargetFilename: C:\ProgramData\winlogbeat\.winlogbeat.yml.new
CreationUtcTime: 2024-08-20 00:11:02.025
User: NT AUTHORITY\SYSTEM"
MY-CAL-WIN10.my-caldera.local,11,"File created:
RuleName: DO
UtcTime: 2024-08-20 00:33:25.810
ProcessGuid: {ca24abc9-e455-66c3-a606-000000001d00}
ProcessId: 9220
Image: C:\Windows\Microsoft.NET\Framework64\v4.0.30319\cvtres.exe
TargetFilename: C:\Users\JOHNNY~1.DOU\AppData\Local\Temp\RESFE3A.tmp
CreationUtcTime: 2024-08-20 00:33:25.785
User: MY-CALDERA\johnny.douche"
MY-CAL-WIN10.my-caldera.local,11,"File created:
RuleName: DLL
UtcTime: 2024-08-20 00:33:25.819
ProcessGuid: {ca24abc9-e455-66c3-a506-000000001d00}
ProcessId: 8324
Image: C:\Windows\Microsoft.NET\Framework64\v4.0.30319\csc.exe
TargetFilename: C:\Users\johnny.douche\AppData\Local\Temp\yj1wc2q1\yj1wc2q1.dll
CreationUtcTime: 2024-08-20 00:33:25.630
User: MY-CALDERA\johnny.douche"
MY-CAL-WIN10.my-caldera.local,11,"File created:
RuleName: DO
UtcTime: 2024-08-20 00:33:25.627
ProcessGuid: {ca24abc9-e454-66c3-a306-000000001d00}
ProcessId: 6004
Image: C:\Windows\System32\WindowsPowerShell\v1.0\powershell.exe
TargetFilename: C:\Users\johnny.douche\AppData\Local\Temp\yj1wc2q1
CreationUtcTime: 2024-08-20 00:33:25.626
User: MY-CALDERA\johnny.douche"
MY-CAL-WIN10.my-caldera.local,11,"File created:
RuleName: DO
UtcTime: 2024-08-20 00:33:25.628
ProcessGuid: {ca24abc9-e454-66c3-a306-000000001d00}
ProcessId: 6004
Image: C:\Windows\System32\WindowsPowerShell\v1.0\powershell.exe
TargetFilename: C:\Users\johnny.douche\AppData\Local\Temp\yj1wc2q1\yj1wc2q1.tmp
CreationUtcTime: 2024-08-20 00:33:25.627
User: MY-CALDERA\johnny.douche"
MY-CAL-WIN10.my-caldera.local,11,"File created:
RuleName: DO
UtcTime: 2024-08-20 00:33:25.629
ProcessGuid: {ca24abc9-e454-66c3-a306-000000001d00}
ProcessId: 6004
Image: C:\Windows\System32\WindowsPowerShell\v1.0\powershell.exe
TargetFilename: C:\Users\johnny.douche\AppData\Local\Temp\yj1wc2q1\yj1wc2q1.0.cs
CreationUtcTime: 2024-08-20 00:33:25.628
User: MY-CALDERA\johnny.douche"
MY-CAL-WIN10.my-caldera.local,11,"File created:
RuleName: DLL
UtcTime: 2024-08-20 00:33:25.630
ProcessGuid: {ca24abc9-e454-66c3-a306-000000001d00}
ProcessId: 6004
Image: C:\Windows\System32\WindowsPowerShell\v1.0\powershell.exe
TargetFilename: C:\Users\johnny.douche\AppData\Local\Temp\yj1wc2q1\yj1wc2q1.dll
CreationUtcTime: 2024-08-20 00:33:25.630
User: MY-CALDERA\johnny.douche"
MY-CAL-WIN10.my-caldera.local,11,"File created:
RuleName: Sysmonv1514
UtcTime: 2024-08-20 00:33:25.631
ProcessGuid: {ca24abc9-e454-66c3-a306-000000001d00}
ProcessId: 6004
Image: C:\Windows\System32\WindowsPowerShell\v1.0\powershell.exe
TargetFilename: C:\Users\johnny.douche\AppData\Local\Temp\yj1wc2q1\yj1wc2q1.cmdline
CreationUtcTime: 2024-08-20 00:33:25.631
User: MY-CALDERA\johnny.douche"
MY-CAL-WIN10.my-caldera.local,11,"File created:
RuleName: DO
UtcTime: 2024-08-20 00:33:25.636
ProcessGuid: {ca24abc9-e454-66c3-a306-000000001d00}
ProcessId: 6004
Image: C:\Windows\System32\WindowsPowerShell\v1.0\powershell.exe
TargetFilename: C:\Users\johnny.douche\AppData\Local\Temp\yj1wc2q1\yj1wc2q1.out
CreationUtcTime: 2024-08-20 00:33:25.633
User: MY-CALDERA\johnny.douche"
MY-CAL-WIN10.my-caldera.local,11,"File created:
RuleName: DO
UtcTime: 2024-08-20 00:33:25.636
ProcessGuid: {ca24abc9-e454-66c3-a306-000000001d00}
ProcessId: 6004
Image: C:\Windows\System32\WindowsPowerShell\v1.0\powershell.exe
TargetFilename: C:\Users\johnny.douche\AppData\Local\Temp\yj1wc2q1\yj1wc2q1.err
CreationUtcTime: 2024-08-20 00:33:25.636
User: MY-CALDERA\johnny.douche"
MY-CAL-WIN10.my-caldera.local,11,"File created:
RuleName: DO
UtcTime: 2024-08-20 00:33:25.784
ProcessGuid: {ca24abc9-e455-66c3-a506-000000001d00}
ProcessId: 8324
Image: C:\Windows\Microsoft.NET\Framework64\v4.0.30319\csc.exe
TargetFilename: C:\Users\johnny.douche\AppData\Local\Temp\yj1wc2q1\CSC183607E0AC1456D9C1D7B393BDA3CB2.TMP
CreationUtcTime: 2024-08-20 00:33:25.784
User: MY-CALDERA\johnny.douche"
MY-CAL-WIN10.my-caldera.local,11,"File created:
RuleName: DO
UtcTime: 2024-08-20 00:33:25.786
ProcessGuid: {ca24abc9-e455-66c3-a506-000000001d00}
ProcessId: 8324
Image: C:\Windows\Microsoft.NET\Framework64\v4.0.30319\csc.exe
TargetFilename: C:\Users\JOHNNY~1.DOU\AppData\Local\Temp\RESFE3A.tmp
CreationUtcTime: 2024-08-20 00:33:25.785
User: MY-CALDERA\johnny.douche"
MY-CAL-WIN10.my-caldera.local,11,"File created:
RuleName: DO
UtcTime: 2024-08-20 00:33:36.158
ProcessGuid: {ca24abc9-e45f-66c3-ba06-000000001d00}
ProcessId: 9528
Image: C:\Windows\System32\WindowsPowerShell\v1.0\powershell.exe
TargetFilename: C:\Users\johnny.douche\AppData\Local\Temp\d00wgw2q\d00wgw2q.tmp
CreationUtcTime: 2024-08-20 00:33:36.158
User: MY-CALDERA\johnny.douche"
MY-CAL-WIN10.my-caldera.local,11,"File created:
RuleName: DO
UtcTime: 2024-08-20 00:33:36.159
ProcessGuid: {ca24abc9-e45f-66c3-ba06-000000001d00}
ProcessId: 9528
Image: C:\Windows\System32\WindowsPowerShell\v1.0\powershell.exe
TargetFilename: C:\Users\johnny.douche\AppData\Local\Temp\d00wgw2q\d00wgw2q.0.cs
CreationUtcTime: 2024-08-20 00:33:36.158
User: MY-CALDERA\johnny.douche"
MY-CAL-WIN10.my-caldera.local,11,"File created:
RuleName: DLL
UtcTime: 2024-08-20 00:33:36.160
ProcessGuid: {ca24abc9-e45f-66c3-ba06-000000001d00}
ProcessId: 9528
Image: C:\Windows\System32\WindowsPowerShell\v1.0\powershell.exe
TargetFilename: C:\Users\johnny.douche\AppData\Local\Temp\d00wgw2q\d00wgw2q.dll
CreationUtcTime: 2024-08-20 00:33:36.160
User: MY-CALDERA\johnny.douche"
MY-CAL-WIN10.my-caldera.local,11,"File created:
RuleName: Sysmonv1514
UtcTime: 2024-08-20 00:33:36.161
ProcessGuid: {ca24abc9-e45f-66c3-ba06-000000001d00}
ProcessId: 9528
Image: C:\Windows\System32\WindowsPowerShell\v1.0\powershell.exe
TargetFilename: C:\Users\johnny.douche\AppData\Local\Temp\d00wgw2q\d00wgw2q.cmdline
CreationUtcTime: 2024-08-20 00:33:36.161
User: MY-CALDERA\johnny.douche"
MY-CAL-WIN10.my-caldera.local,11,"File created:
RuleName: DO
UtcTime: 2024-08-20 00:33:36.166
ProcessGuid: {ca24abc9-e45f-66c3-ba06-000000001d00}
ProcessId: 9528
Image: C:\Windows\System32\WindowsPowerShell\v1.0\powershell.exe
TargetFilename: C:\Users\johnny.douche\AppData\Local\Temp\d00wgw2q\d00wgw2q.out
CreationUtcTime: 2024-08-20 00:33:36.164
User: MY-CALDERA\johnny.douche"
MY-CAL-WIN10.my-caldera.local,11,"File created:
RuleName: DO
UtcTime: 2024-08-20 00:33:36.167
ProcessGuid: {ca24abc9-e45f-66c3-ba06-000000001d00}
ProcessId: 9528
Image: C:\Windows\System32\WindowsPowerShell\v1.0\powershell.exe
TargetFilename: C:\Users\johnny.douche\AppData\Local\Temp\d00wgw2q\d00wgw2q.err
CreationUtcTime: 2024-08-20 00:33:36.166
User: MY-CALDERA\johnny.douche"
MY-CAL-WIN10.my-caldera.local,11,"File created:
RuleName: DO
UtcTime: 2024-08-20 00:33:36.324
ProcessGuid: {ca24abc9-e460-66c3-bc06-000000001d00}
ProcessId: 2172
Image: C:\Windows\Microsoft.NET\Framework64\v4.0.30319\csc.exe
TargetFilename: C:\Users\johnny.douche\AppData\Local\Temp\d00wgw2q\CSC140D48878864405DA6334D8D237498B.TMP
CreationUtcTime: 2024-08-20 00:33:36.324
User: MY-CALDERA\johnny.douche"
MY-CAL-WIN10.my-caldera.local,11,"File created:
RuleName: DO
UtcTime: 2024-08-20 00:33:36.326
ProcessGuid: {ca24abc9-e460-66c3-bc06-000000001d00}
ProcessId: 2172
Image: C:\Windows\Microsoft.NET\Framework64\v4.0.30319\csc.exe
TargetFilename: C:\Users\JOHNNY~1.DOU\AppData\Local\Temp\RES275D.tmp
CreationUtcTime: 2024-08-20 00:33:36.326
User: MY-CALDERA\johnny.douche"
MY-CAL-WIN10.my-caldera.local,11,"File created:
RuleName: DO
UtcTime: 2024-08-20 00:33:36.351
ProcessGuid: {ca24abc9-e460-66c3-bd06-000000001d00}
ProcessId: 1360
Image: C:\Windows\Microsoft.NET\Framework64\v4.0.30319\cvtres.exe
TargetFilename: C:\Users\JOHNNY~1.DOU\AppData\Local\Temp\RES275D.tmp
CreationUtcTime: 2024-08-20 00:33:36.326
User: MY-CALDERA\johnny.douche"
MY-CAL-WIN10.my-caldera.local,11,"File created:
RuleName: DLL
UtcTime: 2024-08-20 00:33:36.360
ProcessGuid: {ca24abc9-e460-66c3-bc06-000000001d00}
ProcessId: 2172
Image: C:\Windows\Microsoft.NET\Framework64\v4.0.30319\csc.exe
TargetFilename: C:\Users\johnny.douche\AppData\Local\Temp\d00wgw2q\d00wgw2q.dll
CreationUtcTime: 2024-08-20 00:33:36.160
User: MY-CALDERA\johnny.douche"
MY-CAL-WIN10.my-caldera.local,11,"File created:
RuleName: DO
UtcTime: 2024-08-20 00:33:37.110
ProcessGuid: {ca24abc9-e45f-66c3-ba06-000000001d00}
ProcessId: 9528
Image: C:\Windows\System32\WindowsPowerShell\v1.0\powershell.exe
TargetFilename: C:\Users\johnny.douche\AppData\Local\Temp\Microsoft.PackageManagement\2rzqi3bs.plm
CreationUtcTime: 2024-08-20 00:33:37.110
User: MY-CALDERA\johnny.douche"
MY-CAL-WIN10.my-caldera.local,11,"File created:
RuleName: DO
UtcTime: 2024-08-20 00:33:37.216
ProcessGuid: {ca24abc9-e45f-66c3-ba06-000000001d00}
ProcessId: 9528
Image: C:\Windows\System32\WindowsPowerShell\v1.0\powershell.exe
TargetFilename: C:\Users\johnny.douche\AppData\Local\Temp\Microsoft.PackageManagement\2rzqi3bs.plm
CreationUtcTime: 2024-08-20 00:33:37.110
User: MY-CALDERA\johnny.douche"
MY-CAL-WIN10.my-caldera.local,11,"File created:
RuleName: DO
UtcTime: 2024-08-20 00:33:37.225
ProcessGuid: {ca24abc9-e45f-66c3-ba06-000000001d00}
ProcessId: 9528
Image: C:\Windows\System32\WindowsPowerShell\v1.0\powershell.exe
TargetFilename: C:\Users\johnny.douche\AppData\Local\Temp\Microsoft.PackageManagement\2rzqi3bs.plm
CreationUtcTime: 2024-08-20 00:33:37.110
User: MY-CALDERA\johnny.douche"
MY-CAL-WIN10.my-caldera.local,11,"File created:
RuleName: DLL
UtcTime: 2024-08-20 00:33:38.582
ProcessGuid: {ca24abc9-e45a-66c3-af06-000000001d00}
ProcessId: 8148
Image: C:\Windows\system32\WindowsPowerShell\v1.0\powershell.exe
TargetFilename: C:\Windows\Temp\u0pdrik1\u0pdrik1.dll
CreationUtcTime: 2024-08-20 00:33:38.582
User: NT AUTHORITY\SYSTEM"
MY-CAL-WIN10.my-caldera.local,11,"File created:
RuleName: Sysmonv1514
UtcTime: 2024-08-20 00:33:38.583
ProcessGuid: {ca24abc9-e45a-66c3-af06-000000001d00}
ProcessId: 8148
Image: C:\Windows\system32\WindowsPowerShell\v1.0\powershell.exe
TargetFilename: C:\Windows\Temp\u0pdrik1\u0pdrik1.cmdline
CreationUtcTime: 2024-08-20 00:33:38.583
User: NT AUTHORITY\SYSTEM"
MY-CAL-WIN10.my-caldera.local,11,"File created:
RuleName: DLL
UtcTime: 2024-08-20 00:33:39.029
ProcessGuid: {ca24abc9-e462-66c3-be06-000000001d00}
ProcessId: 9332
Image: C:\Windows\Microsoft.NET\Framework64\v4.0.30319\csc.exe
TargetFilename: C:\Windows\Temp\u0pdrik1\u0pdrik1.dll
CreationUtcTime: 2024-08-20 00:33:38.582
User: NT AUTHORITY\SYSTEM"
MY-CAL-WIN10.my-caldera.local,11,"File created:
RuleName: DO
UtcTime: 2024-08-20 00:33:35.225
ProcessGuid: {ca24abc9-e45e-66c3-b906-000000001d00}
ProcessId: 7120
Image: C:\Windows\System32\WindowsPowerShell\v1.0\powershell.exe
TargetFilename: C:\Users\johnny.douche\AppData\Local\Microsoft\Windows\PowerShell\StartupProfileData-NonInteractive
CreationUtcTime: 2024-03-28 01:06:06.420
User: MY-CALDERA\johnny.douche"
MY-CAL-WIN10.my-caldera.local,11,"File created:
RuleName: DO
UtcTime: 2024-08-20 00:33:36.157
ProcessGuid: {ca24abc9-e45f-66c3-ba06-000000001d00}
ProcessId: 9528
Image: C:\Windows\System32\WindowsPowerShell\v1.0\powershell.exe
TargetFilename: C:\Users\johnny.douche\AppData\Local\Temp\d00wgw2q
CreationUtcTime: 2024-08-20 00:33:36.157
User: MY-CALDERA\johnny.douche"
MY-CAL-WIN10.my-caldera.local,11,"File created:
RuleName: DO
UtcTime: 2024-08-20 00:34:07.082
ProcessGuid: {ca24abc9-e47e-66c3-d806-000000001d00}
ProcessId: 9456
Image: C:\Windows\System32\WindowsPowerShell\v1.0\powershell.exe
TargetFilename: C:\Users\johnny.douche\AppData\Local\Temp\13r2uhc2
CreationUtcTime: 2024-08-20 00:34:07.082
User: MY-CALDERA\johnny.douche"
MY-CAL-WIN10.my-caldera.local,11,"File created:
RuleName: DO
UtcTime: 2024-08-20 00:34:07.083
ProcessGuid: {ca24abc9-e47e-66c3-d806-000000001d00}
ProcessId: 9456
Image: C:\Windows\System32\WindowsPowerShell\v1.0\powershell.exe
TargetFilename: C:\Users\johnny.douche\AppData\Local\Temp\13r2uhc2\13r2uhc2.tmp
CreationUtcTime: 2024-08-20 00:34:07.083
User: MY-CALDERA\johnny.douche"
MY-CAL-WIN10.my-caldera.local,11,"File created:
RuleName: DO
UtcTime: 2024-08-20 00:34:07.084
ProcessGuid: {ca24abc9-e47e-66c3-d806-000000001d00}
ProcessId: 9456
Image: C:\Windows\System32\WindowsPowerShell\v1.0\powershell.exe
TargetFilename: C:\Users\johnny.douche\AppData\Local\Temp\13r2uhc2\13r2uhc2.0.cs
CreationUtcTime: 2024-08-20 00:34:07.084
User: MY-CALDERA\johnny.douche"
MY-CAL-WIN10.my-caldera.local,11,"File created:
RuleName: DLL
UtcTime: 2024-08-20 00:34:07.086
ProcessGuid: {ca24abc9-e47e-66c3-d806-000000001d00}
ProcessId: 9456
Image: C:\Windows\System32\WindowsPowerShell\v1.0\powershell.exe
TargetFilename: C:\Users\johnny.douche\AppData\Local\Temp\13r2uhc2\13r2uhc2.dll
CreationUtcTime: 2024-08-20 00:34:07.085
User: MY-CALDERA\johnny.douche"
MY-CAL-WIN10.my-caldera.local,11,"File created:
RuleName: Sysmonv1514
UtcTime: 2024-08-20 00:34:07.086
ProcessGuid: {ca24abc9-e47e-66c3-d806-000000001d00}
ProcessId: 9456
Image: C:\Windows\System32\WindowsPowerShell\v1.0\powershell.exe
TargetFilename: C:\Users\johnny.douche\AppData\Local\Temp\13r2uhc2\13r2uhc2.cmdline
CreationUtcTime: 2024-08-20 00:34:07.086
User: MY-CALDERA\johnny.douche"
MY-CAL-WIN10.my-caldera.local,11,"File created:
RuleName: DO
UtcTime: 2024-08-20 00:34:07.091
ProcessGuid: {ca24abc9-e47e-66c3-d806-000000001d00}
ProcessId: 9456
Image: C:\Windows\System32\WindowsPowerShell\v1.0\powershell.exe
TargetFilename: C:\Users\johnny.douche\AppData\Local\Temp\13r2uhc2\13r2uhc2.out
CreationUtcTime: 2024-08-20 00:34:07.089
User: MY-CALDERA\johnny.douche"
MY-CAL-WIN10.my-caldera.local,11,"File created:
RuleName: DO
UtcTime: 2024-08-20 00:34:07.092
ProcessGuid: {ca24abc9-e47e-66c3-d806-000000001d00}
ProcessId: 9456
Image: C:\Windows\System32\WindowsPowerShell\v1.0\powershell.exe
TargetFilename: C:\Users\johnny.douche\AppData\Local\Temp\13r2uhc2\13r2uhc2.err
CreationUtcTime: 2024-08-20 00:34:07.092
User: MY-CALDERA\johnny.douche"
MY-CAL-WIN10.my-caldera.local,11,"File created:
RuleName: DO
UtcTime: 2024-08-20 00:34:07.238
ProcessGuid: {ca24abc9-e47f-66c3-da06-000000001d00}
ProcessId: 9360
Image: C:\Windows\Microsoft.NET\Framework64\v4.0.30319\csc.exe
TargetFilename: C:\Users\johnny.douche\AppData\Local\Temp\13r2uhc2\CSC29671570D486495B9DBA2F9CBD9BDA30.TMP
CreationUtcTime: 2024-08-20 00:34:07.238
User: MY-CALDERA\johnny.douche"
MY-CAL-WIN10.my-caldera.local,11,"File created:
RuleName: DO
UtcTime: 2024-08-20 00:34:07.240
ProcessGuid: {ca24abc9-e47f-66c3-da06-000000001d00}
ProcessId: 9360
Image: C:\Windows\Microsoft.NET\Framework64\v4.0.30319\csc.exe
TargetFilename: C:\Users\JOHNNY~1.DOU\AppData\Local\Temp\RESA027.tmp
CreationUtcTime: 2024-08-20 00:34:07.240
User: MY-CALDERA\johnny.douche"
MY-CAL-WIN10.my-caldera.local,11,"File created:
RuleName: DO
UtcTime: 2024-08-20 00:34:07.264
ProcessGuid: {ca24abc9-e47f-66c3-db06-000000001d00}
ProcessId: 1820
Image: C:\Windows\Microsoft.NET\Framework64\v4.0.30319\cvtres.exe
TargetFilename: C:\Users\JOHNNY~1.DOU\AppData\Local\Temp\RESA027.tmp
CreationUtcTime: 2024-08-20 00:34:07.240
User: MY-CALDERA\johnny.douche"
MY-CAL-WIN10.my-caldera.local,11,"File created:
RuleName: DLL
UtcTime: 2024-08-20 00:34:07.275
ProcessGuid: {ca24abc9-e47f-66c3-da06-000000001d00}
ProcessId: 9360
Image: C:\Windows\Microsoft.NET\Framework64\v4.0.30319\csc.exe
TargetFilename: C:\Users\johnny.douche\AppData\Local\Temp\13r2uhc2\13r2uhc2.dll
CreationUtcTime: 2024-08-20 00:34:07.085
User: MY-CALDERA\johnny.douche"
MY-CAL-WIN10.my-caldera.local,11,"File created:
RuleName: DO
UtcTime: 2024-08-20 00:34:08.027
ProcessGuid: {ca24abc9-e47e-66c3-d806-000000001d00}
ProcessId: 9456
Image: C:\Windows\System32\WindowsPowerShell\v1.0\powershell.exe
TargetFilename: C:\Users\johnny.douche\AppData\Local\Temp\Microsoft.PackageManagement\pmipkty5.aa4
CreationUtcTime: 2024-08-20 00:34:08.026
User: MY-CALDERA\johnny.douche"
MY-CAL-WIN10.my-caldera.local,11,"File created:
RuleName: DO
UtcTime: 2024-08-20 00:34:08.075
ProcessGuid: {ca24abc9-e47e-66c3-d806-000000001d00}
ProcessId: 9456
Image: C:\Windows\System32\WindowsPowerShell\v1.0\powershell.exe
TargetFilename: C:\Users\johnny.douche\AppData\Local\Temp\Microsoft.PackageManagement\pmipkty5.aa4
CreationUtcTime: 2024-08-20 00:34:08.026
User: MY-CALDERA\johnny.douche"
MY-CAL-WIN10.my-caldera.local,11,"File created:
RuleName: DO
UtcTime: 2024-08-20 00:34:08.085
ProcessGuid: {ca24abc9-e47e-66c3-d806-000000001d00}
ProcessId: 9456
Image: C:\Windows\System32\WindowsPowerShell\v1.0\powershell.exe
TargetFilename: C:\Users\johnny.douche\AppData\Local\Temp\Microsoft.PackageManagement\pmipkty5.aa4
CreationUtcTime: 2024-08-20 00:34:08.026
User: MY-CALDERA\johnny.douche"
MY-CAL-WIN10.my-caldera.local,11,"File created:
RuleName: Sysmonv1514
UtcTime: 2024-08-20 00:34:08.765
ProcessGuid: {ca24abc9-d6b1-66c3-ba00-000000001d00}
ProcessId: 6760
Image: C:\Program Files\WinlogBeat\winlogbeat.exe
TargetFilename: C:\ProgramData\winlogbeat\.winlogbeat.yml.new
CreationUtcTime: 2024-08-20 00:11:02.025
User: NT AUTHORITY\SYSTEM"
MY-CAL-WIN10.my-caldera.local,11,"File created:
RuleName: DO
UtcTime: 2024-08-20 00:34:15.542
ProcessGuid: {ca24abc9-e487-66c3-e406-000000001d00}
ProcessId: 9156
Image: C:\Windows\System32\WindowsPowerShell\v1.0\powershell.exe
TargetFilename: C:\Users\johnny.douche\AppData\Local\Microsoft\Windows\PowerShell\StartupProfileData-NonInteractive
CreationUtcTime: 2024-03-28 01:06:06.420
User: MY-CALDERA\johnny.douche"
MY-CAL-WIN10.my-caldera.local,11,"File created:
RuleName: DO
UtcTime: 2024-08-20 00:34:16.834
ProcessGuid: {ca24abc9-e488-66c3-e706-000000001d00}
ProcessId: 7328
Image: C:\Windows\System32\WindowsPowerShell\v1.0\powershell.exe
TargetFilename: C:\Users\johnny.douche\AppData\Local\Microsoft\Windows\PowerShell\StartupProfileData-NonInteractive
CreationUtcTime: 2024-03-28 01:06:06.420
User: MY-CALDERA\johnny.douche"
MY-CAL-WIN10.my-caldera.local,11,"File created:
RuleName: DO
UtcTime: 2024-08-20 00:34:16.404
ProcessGuid: {ca24abc9-e488-66c3-e606-000000001d00}
ProcessId: 9764
Image: C:\Windows\System32\WindowsPowerShell\v1.0\powershell.exe
TargetFilename: C:\Users\johnny.douche\AppData\Local\Microsoft\Windows\PowerShell\StartupProfileData-NonInteractive
CreationUtcTime: 2024-03-28 01:06:06.420
User: MY-CALDERA\johnny.douche"
MY-CAL-WIN10.my-caldera.local,11,"File created:
RuleName: DO
UtcTime: 2024-08-20 00:34:18.542
ProcessGuid: {ca24abc9-e48a-66c3-eb06-000000001d00}
ProcessId: 2876
Image: C:\Windows\System32\WindowsPowerShell\v1.0\powershell.exe
TargetFilename: C:\Users\johnny.douche\AppData\Local\Microsoft\Windows\PowerShell\StartupProfileData-NonInteractive
CreationUtcTime: 2024-03-28 01:06:06.420
User: MY-CALDERA\johnny.douche"
MY-CAL-WIN10.my-caldera.local,11,"File created:
RuleName: DO
UtcTime: 2024-08-20 00:34:17.675
ProcessGuid: {ca24abc9-e489-66c3-e906-000000001d00}
ProcessId: 2516
Image: C:\Windows\System32\WindowsPowerShell\v1.0\powershell.exe
TargetFilename: C:\Users\johnny.douche\AppData\Local\Microsoft\Windows\PowerShell\StartupProfileData-NonInteractive
CreationUtcTime: 2024-03-28 01:06:06.420
User: MY-CALDERA\johnny.douche"
MY-CAL-WIN10.my-caldera.local,11,"File created:
RuleName: DO
UtcTime: 2024-08-20 00:34:18.111
ProcessGuid: {ca24abc9-e489-66c3-ea06-000000001d00}
ProcessId: 6464
Image: C:\Windows\System32\WindowsPowerShell\v1.0\powershell.exe
TargetFilename: C:\Users\johnny.douche\AppData\Local\Microsoft\Windows\PowerShell\StartupProfileData-NonInteractive
CreationUtcTime: 2024-03-28 01:06:06.420
User: MY-CALDERA\johnny.douche"
MY-CAL-WIN10.my-caldera.local,11,"File created:
RuleName: DO
UtcTime: 2024-08-20 00:34:19.497
ProcessGuid: {ca24abc9-e48b-66c3-ed06-000000001d00}
ProcessId: 10976
Image: C:\Windows\System32\WindowsPowerShell\v1.0\powershell.exe
TargetFilename: C:\Users\johnny.douche\AppData\Local\Microsoft\Windows\PowerShell\StartupProfileData-NonInteractive
CreationUtcTime: 2024-03-28 01:06:06.420
User: MY-CALDERA\johnny.douche"
MY-CAL-WIN10.my-caldera.local,11,"File created:
RuleName: DO
UtcTime: 2024-08-20 00:34:15.986
ProcessGuid: {ca24abc9-e487-66c3-e506-000000001d00}
ProcessId: 10496
Image: C:\Windows\System32\WindowsPowerShell\v1.0\powershell.exe
TargetFilename: C:\Users\johnny.douche\AppData\Local\Microsoft\Windows\PowerShell\StartupProfileData-NonInteractive
CreationUtcTime: 2024-03-28 01:06:06.420
User: MY-CALDERA\johnny.douche"
MY-CAL-WIN10.my-caldera.local,11,"File created:
RuleName: Sysmonv1514
UtcTime: 2024-08-20 00:34:18.823
ProcessGuid: {ca24abc9-d6b1-66c3-ba00-000000001d00}
ProcessId: 6760
Image: C:\Program Files\WinlogBeat\winlogbeat.exe
TargetFilename: C:\ProgramData\winlogbeat\.winlogbeat.yml.new
CreationUtcTime: 2024-08-20 00:11:02.025
User: NT AUTHORITY\SYSTEM"
MY-CAL-WIN10.my-caldera.local,11,"File created:
RuleName: DO
UtcTime: 2024-08-20 00:34:18.958
ProcessGuid: {ca24abc9-e48a-66c3-ec06-000000001d00}
ProcessId: 5812
Image: C:\Windows\System32\WindowsPowerShell\v1.0\powershell.exe
TargetFilename: C:\Users\johnny.douche\AppData\Local\Microsoft\Windows\PowerShell\StartupProfileData-NonInteractive
CreationUtcTime: 2024-03-28 01:06:06.420
User: MY-CALDERA\johnny.douche"
MY-CAL-WIN10.my-caldera.local,11,"File created:
RuleName: DO
UtcTime: 2024-08-20 00:34:17.244
ProcessGuid: {ca24abc9-e488-66c3-e806-000000001d00}
ProcessId: 5660
Image: C:\Windows\System32\WindowsPowerShell\v1.0\powershell.exe
TargetFilename: C:\Users\johnny.douche\AppData\Local\Microsoft\Windows\PowerShell\StartupProfileData-NonInteractive
CreationUtcTime: 2024-03-28 01:06:06.420
User: MY-CALDERA\johnny.douche"
MY-CAL-WIN10.my-caldera.local,11,"File created:
RuleName: DO
UtcTime: 2024-08-20 00:34:41.912
ProcessGuid: {ca24abc9-e4a1-66c3-0807-000000001d00}
ProcessId: 10852
Image: C:\Windows\System32\WindowsPowerShell\v1.0\powershell.exe
TargetFilename: C:\Users\johnny.douche\AppData\Local\Microsoft\Windows\PowerShell\StartupProfileData-NonInteractive
CreationUtcTime: 2024-03-28 01:06:06.420
User: MY-CALDERA\johnny.douche"
MY-CAL-WIN10.my-caldera.local,11,"File created:
RuleName: DO
UtcTime: 2024-08-20 00:34:42.327
ProcessGuid: {ca24abc9-e4a1-66c3-0a07-000000001d00}
ProcessId: 3712
Image: C:\Windows\System32\WindowsPowerShell\v1.0\powershell.exe
TargetFilename: C:\Users\johnny.douche\AppData\Local\Microsoft\Windows\PowerShell\StartupProfileData-NonInteractive
CreationUtcTime: 2024-03-28 01:06:06.420
User: MY-CALDERA\johnny.douche"
MY-CAL-WIN10.my-caldera.local,11,"File created:
RuleName: EXE
UtcTime: 2024-08-20 00:34:43.241
ProcessGuid: {ca24abc9-e4a2-66c3-0c07-000000001d00}
ProcessId: 2060
Image: C:\Windows\System32\WindowsPowerShell\v1.0\powershell.exe
TargetFilename: C:\AtomicRedTeam\ExternalPayloads\T1219_NetSupport.exe
CreationUtcTime: 2024-08-20 00:34:43.241
User: MY-CALDERA\johnny.douche"
MY-CAL-WIN10.my-caldera.local,11,"File created:
RuleName: DO
UtcTime: 2024-08-20 00:34:42.753
ProcessGuid: {ca24abc9-e4a2-66c3-0b07-000000001d00}
ProcessId: 804
Image: C:\Windows\System32\WindowsPowerShell\v1.0\powershell.exe
TargetFilename: C:\Users\johnny.douche\AppData\Local\Microsoft\Windows\PowerShell\StartupProfileData-NonInteractive
CreationUtcTime: 2024-03-28 01:06:06.420
User: MY-CALDERA\johnny.douche"
MY-CAL-WIN10.my-caldera.local,11,"File created:
RuleName: DO
UtcTime: 2024-08-20 00:34:43.416
ProcessGuid: {ca24abc9-e4a2-66c3-0c07-000000001d00}
ProcessId: 2060
Image: C:\Windows\System32\WindowsPowerShell\v1.0\powershell.exe
TargetFilename: C:\Users\johnny.douche\AppData\Local\Microsoft\Windows\PowerShell\StartupProfileData-NonInteractive
CreationUtcTime: 2024-03-28 01:06:06.420
User: MY-CALDERA\johnny.douche"
MY-CAL-WIN10.my-caldera.local,11,"File created:
RuleName: DO
UtcTime: 2024-08-20 00:34:43.817
ProcessGuid: {ca24abc9-e4a3-66c3-0e07-000000001d00}
ProcessId: 10624
Image: C:\Windows\System32\WindowsPowerShell\v1.0\powershell.exe
TargetFilename: C:\Users\johnny.douche\AppData\Local\Microsoft\Windows\PowerShell\StartupProfileData-NonInteractive
CreationUtcTime: 2024-03-28 01:06:06.420
User: MY-CALDERA\johnny.douche"
MY-CAL-WIN10.my-caldera.local,11,"File created:
RuleName: Sysmonv1514
UtcTime: 2024-08-20 00:34:43.855
ProcessGuid: {ca24abc9-d6b1-66c3-ba00-000000001d00}
ProcessId: 6760
Image: C:\Program Files\WinlogBeat\winlogbeat.exe
TargetFilename: C:\ProgramData\winlogbeat\.winlogbeat.yml.new
CreationUtcTime: 2024-08-20 00:11:02.025
User: NT AUTHORITY\SYSTEM"
MY-CAL-WIN10.my-caldera.local,11,"File created:
RuleName: DO
UtcTime: 2024-08-20 00:34:44.238
ProcessGuid: {ca24abc9-e4a3-66c3-0f07-000000001d00}
ProcessId: 7268
Image: C:\Windows\System32\WindowsPowerShell\v1.0\powershell.exe
TargetFilename: C:\Users\johnny.douche\AppData\Local\Microsoft\Windows\PowerShell\StartupProfileData-NonInteractive
CreationUtcTime: 2024-03-28 01:06:06.420
User: MY-CALDERA\johnny.douche"
MY-CAL-WIN10.my-caldera.local,11,"File created:
RuleName: DO
UtcTime: 2024-08-20 00:34:49.743
ProcessGuid: {ca24abc9-e4a9-66c3-1d07-000000001d00}
ProcessId: 9160
Image: C:\Windows\System32\WindowsPowerShell\v1.0\powershell.exe
TargetFilename: C:\Users\johnny.douche\AppData\Local\Microsoft\Windows\PowerShell\StartupProfileData-NonInteractive
CreationUtcTime: 2024-03-28 01:06:06.420
User: MY-CALDERA\johnny.douche"
MY-CAL-WIN10.my-caldera.local,11,"File created:
RuleName: DO
UtcTime: 2024-08-20 00:34:49.354
ProcessGuid: {ca24abc9-e4a9-66c3-1c07-000000001d00}
ProcessId: 2416
Image: C:\Windows\System32\WindowsPowerShell\v1.0\powershell.exe
TargetFilename: C:\Users\johnny.douche\AppData\Local\Microsoft\Windows\PowerShell\StartupProfileData-NonInteractive
CreationUtcTime: 2024-03-28 01:06:06.420
User: MY-CALDERA\johnny.douche"
MY-CAL-WIN10.my-caldera.local,11,"File created:
RuleName: DO
UtcTime: 2024-08-20 00:34:48.970
ProcessGuid: {ca24abc9-e4a8-66c3-1b07-000000001d00}
ProcessId: 9036
Image: C:\Windows\System32\WindowsPowerShell\v1.0\powershell.exe
TargetFilename: C:\Users\johnny.douche\AppData\Local\Microsoft\Windows\PowerShell\StartupProfileData-NonInteractive
CreationUtcTime: 2024-03-28 01:06:06.420
User: MY-CALDERA\johnny.douche"
MY-CAL-WIN10.my-caldera.local,11,"File created:
RuleName: DO
UtcTime: 2024-08-20 00:35:06.249
ProcessGuid: {ca24abc9-e4b9-66c3-3b07-000000001d00}
ProcessId: 9520
Image: C:\Windows\System32\WindowsPowerShell\v1.0\powershell.exe
TargetFilename: C:\Users\johnny.douche\AppData\Local\Microsoft\Windows\PowerShell\StartupProfileData-NonInteractive
CreationUtcTime: 2024-03-28 01:06:06.420
User: MY-CALDERA\johnny.douche"
MY-CAL-WIN10.my-caldera.local,11,"File created:
RuleName: Sysmonv1514
UtcTime: 2024-08-20 00:35:41.845
ProcessGuid: {ca24abc9-d6b1-66c3-ba00-000000001d00}
ProcessId: 6760
Image: C:\Program Files\WinlogBeat\winlogbeat.exe
TargetFilename: C:\ProgramData\winlogbeat\.winlogbeat.yml.new
CreationUtcTime: 2024-08-20 00:11:02.025
User: NT AUTHORITY\SYSTEM"
MY-CAL-WIN10.my-caldera.local,11,"File created:
RuleName: DO
UtcTime: 2024-08-20 00:35:50.204
ProcessGuid: {ca24abc9-e4e5-66c3-4d07-000000001d00}
ProcessId: 10508
Image: C:\Windows\System32\WindowsPowerShell\v1.0\powershell.exe
TargetFilename: C:\Users\johnny.douche\AppData\Local\Microsoft\Windows\PowerShell\StartupProfileData-NonInteractive
CreationUtcTime: 2024-03-28 01:06:06.420
User: MY-CALDERA\johnny.douche"
MY-CAL-WIN10.my-caldera.local,11,"File created:
RuleName: DO
UtcTime: 2024-08-20 00:35:56.353
ProcessGuid: {ca24abc9-e4eb-66c3-6207-000000001d00}
ProcessId: 8240
Image: C:\Windows\System32\WindowsPowerShell\v1.0\powershell.exe
TargetFilename: C:\Users\johnny.douche\AppData\Local\Microsoft\Windows\PowerShell\StartupProfileData-NonInteractive
CreationUtcTime: 2024-03-28 01:06:06.420
User: MY-CALDERA\johnny.douche"
MY-CAL-WIN10.my-caldera.local,11,"File created:
RuleName: DO
UtcTime: 2024-08-20 00:35:56.172
ProcessGuid: {ca24abc9-d6c0-66c3-c700-000000001d00}
ProcessId: 1216
Image: C:\Program Files (x86)\Microsoft\Edge\Application\msedge.exe
TargetFilename: C:\Users\johnny.douche\AppData\Local\Microsoft\Edge\User Data\79d0aa0e-4d34-405f-b7a0-b0ae4c11a0ed.tmp
CreationUtcTime: 2024-08-20 00:35:56.172
User: MY-CALDERA\johnny.douche"
MY-CAL-WIN10.my-caldera.local,11,"File created:
RuleName: DO
UtcTime: 2024-08-20 00:35:56.184
ProcessGuid: {ca24abc9-d6c0-66c3-c700-000000001d00}
ProcessId: 1216
Image: C:\Program Files (x86)\Microsoft\Edge\Application\msedge.exe
TargetFilename: C:\Users\johnny.douche\AppData\Local\Microsoft\Edge\User Data\Local State~RF3a49b1.TMP
CreationUtcTime: 2024-08-20 00:35:56.184
User: MY-CALDERA\johnny.douche"
MY-CAL-WIN10.my-caldera.local,11,"File created:
RuleName: Sysmonv1514
UtcTime: 2024-08-20 00:35:56.202
ProcessGuid: {ca24abc9-d6b1-66c3-ba00-000000001d00}
ProcessId: 6760
Image: C:\Program Files\WinlogBeat\winlogbeat.exe
TargetFilename: C:\ProgramData\winlogbeat\.winlogbeat.yml.new
CreationUtcTime: 2024-08-20 00:11:02.025
User: NT AUTHORITY\SYSTEM"
MY-CAL-WIN10.my-caldera.local,11,"File created:
RuleName: DO
UtcTime: 2024-08-20 00:36:16.005
ProcessGuid: {ca24abc9-e4ff-66c3-7207-000000001d00}
ProcessId: 9240
Image: C:\Windows\System32\WindowsPowerShell\v1.0\powershell.exe
TargetFilename: C:\Users\johnny.douche\AppData\Local\Microsoft\Windows\PowerShell\StartupProfileData-NonInteractive
CreationUtcTime: 2024-03-28 01:06:06.420
User: MY-CALDERA\johnny.douche"
MY-CAL-WIN10.my-caldera.local,11,"File created:
RuleName: Sysmonv1514
UtcTime: 2024-08-20 00:36:16.238
ProcessGuid: {ca24abc9-d6b1-66c3-ba00-000000001d00}
ProcessId: 6760
Image: C:\Program Files\WinlogBeat\winlogbeat.exe
TargetFilename: C:\ProgramData\winlogbeat\.winlogbeat.yml.new
CreationUtcTime: 2024-08-20 00:11:02.025
User: NT AUTHORITY\SYSTEM"
MY-CAL-WIN10.my-caldera.local,11,"File created:
RuleName: Sysmonv1514
UtcTime: 2024-08-20 00:36:24.616
ProcessGuid: {ca24abc9-d6b1-66c3-ba00-000000001d00}
ProcessId: 6760
Image: C:\Program Files\WinlogBeat\winlogbeat.exe
TargetFilename: C:\ProgramData\winlogbeat\.winlogbeat.yml.new
CreationUtcTime: 2024-08-20 00:11:02.025
User: NT AUTHORITY\SYSTEM"
MY-CAL-WIN10.my-caldera.local,11,"File created:
RuleName: DO
UtcTime: 2024-08-20 00:36:24.830
ProcessGuid: {ca24abc9-e505-66c3-7907-000000001d00}
ProcessId: 3676
Image: C:\Windows\System32\WindowsPowerShell\v1.0\powershell.exe
TargetFilename: C:\Users\johnny.douche\AppData\Local\Microsoft\Windows\PowerShell\StartupProfileData-NonInteractive
CreationUtcTime: 2024-03-28 01:06:06.420
User: MY-CALDERA\johnny.douche"
MY-CAL-WIN10.my-caldera.local,11,"File created:
RuleName: Sysmonv1514
UtcTime: 2024-08-20 00:37:19.243
ProcessGuid: {ca24abc9-d6b1-66c3-ba00-000000001d00}
ProcessId: 6760
Image: C:\Program Files\WinlogBeat\winlogbeat.exe
TargetFilename: C:\ProgramData\winlogbeat\.winlogbeat.yml.new
CreationUtcTime: 2024-08-20 00:11:02.025
User: NT AUTHORITY\SYSTEM"
MY-CAL-WIN10.my-caldera.local,11,"File created:
RuleName: Downloads
UtcTime: 2024-08-20 00:14:25.637
ProcessGuid: {ca24abc9-dfac-66c3-d102-000000001d00}
ProcessId: 10904
Image: C:\Windows\System32\WindowsPowerShell\v1.0\powershell.exe
TargetFilename: C:\Users\Public\Downloads\rclone-v1.67.0-windows-amd64\README.html
CreationUtcTime: 2024-08-20 00:14:25.635
User: MY-CALDERA\johnny.douche"
MY-CAL-WIN10.my-caldera.local,11,"File created:
RuleName: Downloads
UtcTime: 2024-08-20 00:14:25.691
ProcessGuid: {ca24abc9-dfac-66c3-d102-000000001d00}
ProcessId: 10904
Image: C:\Windows\System32\WindowsPowerShell\v1.0\powershell.exe
TargetFilename: C:\Users\Public\Downloads\rclone-v1.67.0-windows-amd64\README.txt
CreationUtcTime: 2024-08-20 00:14:25.691
User: MY-CALDERA\johnny.douche"
MY-CAL-WIN10.my-caldera.local,11,"File created:
RuleName: DO
UtcTime: 2024-08-20 00:14:25.756
ProcessGuid: {ca24abc9-dfac-66c3-d102-000000001d00}
ProcessId: 10904
Image: C:\Windows\System32\WindowsPowerShell\v1.0\powershell.exe
TargetFilename: C:\Users\johnny.douche\AppData\Local\Microsoft\Windows\PowerShell\StartupProfileData-NonInteractive
CreationUtcTime: 2024-03-28 01:06:06.420
User: MY-CALDERA\johnny.douche"
MY-CAL-WIN10.my-caldera.local,11,"File created:
RuleName: DO
UtcTime: 2024-08-20 00:14:31.840
ProcessGuid: {ca24abc9-dfe7-66c3-db02-000000001d00}
ProcessId: 10672
Image: C:\Windows\System32\WindowsPowerShell\v1.0\powershell.exe
TargetFilename: C:\Users\johnny.douche\AppData\Local\Microsoft\Windows\PowerShell\StartupProfileData-NonInteractive
CreationUtcTime: 2024-03-28 01:06:06.420
User: MY-CALDERA\johnny.douche"
MY-CAL-WIN10.my-caldera.local,11,"File created:
RuleName: DO
UtcTime: 2024-08-20 00:14:31.458
ProcessGuid: {ca24abc9-dfe4-66c3-d902-000000001d00}
ProcessId: 10304
Image: C:\Windows\System32\WindowsPowerShell\v1.0\powershell.exe
TargetFilename: C:\Users\johnny.douche\AppData\Local\Microsoft\Windows\PowerShell\StartupProfileData-NonInteractive
CreationUtcTime: 2024-03-28 01:06:06.420
User: MY-CALDERA\johnny.douche"
MY-CAL-WIN10.my-caldera.local,11,"File created:
RuleName: DO
UtcTime: 2024-08-20 00:14:47.008
ProcessGuid: {ca24abc9-dff6-66c3-ea02-000000001d00}
ProcessId: 7456
Image: C:\Program Files (x86)\Microsoft Office\Root\Office16\WINWORD.EXE
TargetFilename: C:\Users\JOHNNY~1.DOU\AppData\Local\Temp\Diagnostics\WINWORD\Primary1724112887006823700_2B881BC1-39F2-4324-8EF6-FCFF39AFEA96.log
CreationUtcTime: 2024-08-20 00:14:47.006
User: MY-CALDERA\johnny.douche"
MY-CAL-WIN10.my-caldera.local,11,"File created:
RuleName: DO
UtcTime: 2024-08-20 00:14:47.010
ProcessGuid: {ca24abc9-dff6-66c3-ea02-000000001d00}
ProcessId: 7456
Image: C:\Program Files (x86)\Microsoft Office\Root\Office16\WINWORD.EXE
TargetFilename: C:\Users\JOHNNY~1.DOU\AppData\Local\Temp\Diagnostics\WINWORD\Primary1724112887011052100_2B881BC1-39F2-4324-8EF6-FCFF39AFEA96.log
CreationUtcTime: 2024-08-20 00:14:47.010
User: MY-CALDERA\johnny.douche"
MY-CAL-WIN10.my-caldera.local,11,"File created:
RuleName: DO
UtcTime: 2024-08-20 00:14:47.013
ProcessGuid: {ca24abc9-dff6-66c3-ea02-000000001d00}
ProcessId: 7456
Image: C:\Program Files (x86)\Microsoft Office\Root\Office16\WINWORD.EXE
TargetFilename: C:\Users\JOHNNY~1.DOU\AppData\Local\Temp\Diagnostics\WINWORD\Additional
CreationUtcTime: 2024-08-20 00:14:47.013
User: MY-CALDERA\johnny.douche"
MY-CAL-WIN10.my-caldera.local,11,"File created:
RuleName: DO
UtcTime: 2024-08-20 00:14:47.014
ProcessGuid: {ca24abc9-dff6-66c3-ea02-000000001d00}
ProcessId: 7456
Image: C:\Program Files (x86)\Microsoft Office\Root\Office16\WINWORD.EXE
TargetFilename: C:\Users\JOHNNY~1.DOU\AppData\Local\Temp\Diagnostics\WINWORD\Additional\Additional1724112887013790200_2B881BC1-39F2-4324-8EF6-FCFF39AFEA96.log
CreationUtcTime: 2024-08-20 00:14:47.013
User: MY-CALDERA\johnny.douche"
MY-CAL-WIN10.my-caldera.local,11,"File created:
RuleName: DO
UtcTime: 2024-08-20 00:14:47.017
ProcessGuid: {ca24abc9-dff6-66c3-ea02-000000001d00}
ProcessId: 7456
Image: C:\Program Files (x86)\Microsoft Office\Root\Office16\WINWORD.EXE
TargetFilename: C:\Users\JOHNNY~1.DOU\AppData\Local\Temp\Diagnostics\WINWORD\Additional\Additional1724112887015666800_2B881BC1-39F2-4324-8EF6-FCFF39AFEA96.log
CreationUtcTime: 2024-08-20 00:14:47.015
User: MY-CALDERA\johnny.douche"
MY-CAL-WIN10.my-caldera.local,11,"File created:
RuleName: DO
UtcTime: 2024-08-20 00:14:47.092
ProcessGuid: {ca24abc9-dff6-66c3-ea02-000000001d00}
ProcessId: 7456
Image: C:\Program Files (x86)\Microsoft Office\Root\Office16\WINWORD.EXE
TargetFilename: C:\Users\JOHNNY~1.DOU\AppData\Local\Temp\{92CFDADD-D711-4C6C-8E97-6E4A80A36149}
CreationUtcTime: 2024-08-20 00:14:47.091
User: MY-CALDERA\johnny.douche"
MY-CAL-WIN10.my-caldera.local,11,"File created:
RuleName: DO
UtcTime: 2024-08-20 00:14:47.194
ProcessGuid: {ca24abc9-dff6-66c3-ea02-000000001d00}
ProcessId: 7456
Image: C:\Program Files (x86)\Microsoft Office\Root\Office16\WINWORD.EXE
TargetFilename: C:\Users\johnny.douche\AppData\Local\Microsoft\FontCache\4\CatalogCacheMetaData2.xml
CreationUtcTime: 2024-08-20 00:14:38.197
User: MY-CALDERA\johnny.douche"
MY-CAL-WIN10.my-caldera.local,11,"File created:
RuleName: DO
UtcTime: 2024-08-20 00:14:47.196
ProcessGuid: {ca24abc9-dff6-66c3-ea02-000000001d00}
ProcessId: 7456
Image: C:\Program Files (x86)\Microsoft Office\Root\Office16\WINWORD.EXE
TargetFilename: C:\Users\johnny.douche\AppData\Local\Microsoft\FontCache\4\CatalogCacheMetaData2.xml
CreationUtcTime: 2024-08-20 00:14:38.197
User: MY-CALDERA\johnny.douche"
MY-CAL-WIN10.my-caldera.local,11,"File created:
RuleName: DO
UtcTime: 2024-08-20 00:14:47.199
ProcessGuid: {ca24abc9-dff6-66c3-ea02-000000001d00}
ProcessId: 7456
Image: C:\Program Files (x86)\Microsoft Office\Root\Office16\WINWORD.EXE
TargetFilename: C:\Users\johnny.douche\AppData\Local\Microsoft\FontCache\4\CatalogCacheMetaData2.xml
CreationUtcTime: 2024-08-20 00:14:38.197
User: MY-CALDERA\johnny.douche"
MY-CAL-WIN10.my-caldera.local,11,"File created:
RuleName: DO
UtcTime: 2024-08-20 00:14:47.202
ProcessGuid: {ca24abc9-dff6-66c3-ea02-000000001d00}
ProcessId: 7456
Image: C:\Program Files (x86)\Microsoft Office\Root\Office16\WINWORD.EXE
TargetFilename: C:\Users\johnny.douche\AppData\Local\Microsoft\FontCache\4\CatalogCacheMetaData2.xml
CreationUtcTime: 2024-08-20 00:14:38.197
User: MY-CALDERA\johnny.douche"
MY-CAL-WIN10.my-caldera.local,11,"File created:
RuleName: DO
UtcTime: 2024-08-20 00:14:47.205
ProcessGuid: {ca24abc9-dff6-66c3-ea02-000000001d00}
ProcessId: 7456
Image: C:\Program Files (x86)\Microsoft Office\Root\Office16\WINWORD.EXE
TargetFilename: C:\Users\johnny.douche\AppData\Local\Microsoft\FontCache\4\CatalogCacheMetaData2.xml
CreationUtcTime: 2024-08-20 00:14:38.197
User: MY-CALDERA\johnny.douche"
MY-CAL-WIN10.my-caldera.local,11,"File created:
RuleName: DO
UtcTime: 2024-08-20 00:14:47.207
ProcessGuid: {ca24abc9-dff6-66c3-ea02-000000001d00}
ProcessId: 7456
Image: C:\Program Files (x86)\Microsoft Office\Root\Office16\WINWORD.EXE
TargetFilename: C:\Users\johnny.douche\AppData\Local\Microsoft\FontCache\4\CatalogCacheMetaData2.xml
CreationUtcTime: 2024-08-20 00:14:38.197
User: MY-CALDERA\johnny.douche"
MY-CAL-WIN10.my-caldera.local,11,"File created:
RuleName: DO
UtcTime: 2024-08-20 00:14:47.209
ProcessGuid: {ca24abc9-dff6-66c3-ea02-000000001d00}
ProcessId: 7456
Image: C:\Program Files (x86)\Microsoft Office\Root\Office16\WINWORD.EXE
TargetFilename: C:\Users\johnny.douche\AppData\Local\Microsoft\FontCache\4\CatalogCacheMetaData2.xml
CreationUtcTime: 2024-08-20 00:14:38.197
User: MY-CALDERA\johnny.douche"
MY-CAL-WIN10.my-caldera.local,11,"File created:
RuleName: DO
UtcTime: 2024-08-20 00:14:47.211
ProcessGuid: {ca24abc9-dff6-66c3-ea02-000000001d00}
ProcessId: 7456
Image: C:\Program Files (x86)\Microsoft Office\Root\Office16\WINWORD.EXE
TargetFilename: C:\Users\johnny.douche\AppData\Local\Microsoft\FontCache\4\CatalogCacheMetaData2.xml
CreationUtcTime: 2024-08-20 00:14:38.197
User: MY-CALDERA\johnny.douche"
MY-CAL-WIN10.my-caldera.local,11,"File created:
RuleName: DO
UtcTime: 2024-08-20 00:14:47.213
ProcessGuid: {ca24abc9-dff6-66c3-ea02-000000001d00}
ProcessId: 7456
Image: C:\Program Files (x86)\Microsoft Office\Root\Office16\WINWORD.EXE
TargetFilename: C:\Users\johnny.douche\AppData\Local\Microsoft\FontCache\4\CatalogCacheMetaData2.xml
CreationUtcTime: 2024-08-20 00:14:38.197
User: MY-CALDERA\johnny.douche"
MY-CAL-WIN10.my-caldera.local,11,"File created:
RuleName: DO
UtcTime: 2024-08-20 00:14:47.216
ProcessGuid: {ca24abc9-dff6-66c3-ea02-000000001d00}
ProcessId: 7456
Image: C:\Program Files (x86)\Microsoft Office\Root\Office16\WINWORD.EXE
TargetFilename: C:\Users\johnny.douche\AppData\Local\Microsoft\FontCache\4\CatalogCacheMetaData2.xml
CreationUtcTime: 2024-08-20 00:14:38.197
User: MY-CALDERA\johnny.douche"
MY-CAL-WIN10.my-caldera.local,11,"File created:
RuleName: DO
UtcTime: 2024-08-20 00:14:47.218
ProcessGuid: {ca24abc9-dff6-66c3-ea02-000000001d00}
ProcessId: 7456
Image: C:\Program Files (x86)\Microsoft Office\Root\Office16\WINWORD.EXE
TargetFilename: C:\Users\johnny.douche\AppData\Local\Microsoft\FontCache\4\CatalogCacheMetaData2.xml
CreationUtcTime: 2024-08-20 00:14:38.197
User: MY-CALDERA\johnny.douche"
MY-CAL-WIN10.my-caldera.local,11,"File created:
RuleName: DO
UtcTime: 2024-08-20 00:14:47.220
ProcessGuid: {ca24abc9-dff6-66c3-ea02-000000001d00}
ProcessId: 7456
Image: C:\Program Files (x86)\Microsoft Office\Root\Office16\WINWORD.EXE
TargetFilename: C:\Users\johnny.douche\AppData\Local\Microsoft\FontCache\4\CatalogCacheMetaData2.xml
CreationUtcTime: 2024-08-20 00:14:38.197
User: MY-CALDERA\johnny.douche"
MY-CAL-WIN10.my-caldera.local,11,"File created:
RuleName: DO
UtcTime: 2024-08-20 00:14:47.222
ProcessGuid: {ca24abc9-dff6-66c3-ea02-000000001d00}
ProcessId: 7456
Image: C:\Program Files (x86)\Microsoft Office\Root\Office16\WINWORD.EXE
TargetFilename: C:\Users\johnny.douche\AppData\Local\Microsoft\FontCache\4\CatalogCacheMetaData2.xml
CreationUtcTime: 2024-08-20 00:14:38.197
User: MY-CALDERA\johnny.douche"
MY-CAL-WIN10.my-caldera.local,11,"File created:
RuleName: DO
UtcTime: 2024-08-20 00:14:47.224
ProcessGuid: {ca24abc9-dff6-66c3-ea02-000000001d00}
ProcessId: 7456
Image: C:\Program Files (x86)\Microsoft Office\Root\Office16\WINWORD.EXE
TargetFilename: C:\Users\johnny.douche\AppData\Local\Microsoft\FontCache\4\CatalogCacheMetaData2.xml
CreationUtcTime: 2024-08-20 00:14:38.197
User: MY-CALDERA\johnny.douche"
MY-CAL-WIN10.my-caldera.local,11,"File created:
RuleName: DO
UtcTime: 2024-08-20 00:14:47.227
ProcessGuid: {ca24abc9-dff6-66c3-ea02-000000001d00}
ProcessId: 7456
Image: C:\Program Files (x86)\Microsoft Office\Root\Office16\WINWORD.EXE
TargetFilename: C:\Users\johnny.douche\AppData\Local\Microsoft\FontCache\4\CatalogCacheMetaData2.xml
CreationUtcTime: 2024-08-20 00:14:38.197
User: MY-CALDERA\johnny.douche"
MY-CAL-WIN10.my-caldera.local,11,"File created:
RuleName: DO
UtcTime: 2024-08-20 00:14:47.229
ProcessGuid: {ca24abc9-dff6-66c3-ea02-000000001d00}
ProcessId: 7456
Image: C:\Program Files (x86)\Microsoft Office\Root\Office16\WINWORD.EXE
TargetFilename: C:\Users\johnny.douche\AppData\Local\Microsoft\FontCache\4\CatalogCacheMetaData2.xml
CreationUtcTime: 2024-08-20 00:14:38.197
User: MY-CALDERA\johnny.douche"
MY-CAL-WIN10.my-caldera.local,11,"File created:
RuleName: DO
UtcTime: 2024-08-20 00:14:47.231
ProcessGuid: {ca24abc9-dff6-66c3-ea02-000000001d00}
ProcessId: 7456
Image: C:\Program Files (x86)\Microsoft Office\Root\Office16\WINWORD.EXE
TargetFilename: C:\Users\johnny.douche\AppData\Local\Microsoft\FontCache\4\CatalogCacheMetaData2.xml
CreationUtcTime: 2024-08-20 00:14:38.197
User: MY-CALDERA\johnny.douche"
MY-CAL-WIN10.my-caldera.local,11,"File created:
RuleName: DO
UtcTime: 2024-08-20 00:14:47.234
ProcessGuid: {ca24abc9-dff6-66c3-ea02-000000001d00}
ProcessId: 7456
Image: C:\Program Files (x86)\Microsoft Office\Root\Office16\WINWORD.EXE
TargetFilename: C:\Users\johnny.douche\AppData\Local\Microsoft\FontCache\4\CatalogCacheMetaData2.xml
CreationUtcTime: 2024-08-20 00:14:38.197
User: MY-CALDERA\johnny.douche"
MY-CAL-WIN10.my-caldera.local,11,"File created:
RuleName: DO
UtcTime: 2024-08-20 00:14:47.237
ProcessGuid: {ca24abc9-dff6-66c3-ea02-000000001d00}
ProcessId: 7456
Image: C:\Program Files (x86)\Microsoft Office\Root\Office16\WINWORD.EXE
TargetFilename: C:\Users\johnny.douche\AppData\Local\Microsoft\FontCache\4\CatalogCacheMetaData2.xml
CreationUtcTime: 2024-08-20 00:14:38.197
User: MY-CALDERA\johnny.douche"
MY-CAL-WIN10.my-caldera.local,11,"File created:
RuleName: DO
UtcTime: 2024-08-20 00:14:47.239
ProcessGuid: {ca24abc9-dff6-66c3-ea02-000000001d00}
ProcessId: 7456
Image: C:\Program Files (x86)\Microsoft Office\Root\Office16\WINWORD.EXE
TargetFilename: C:\Users\johnny.douche\AppData\Local\Microsoft\FontCache\4\CatalogCacheMetaData2.xml
CreationUtcTime: 2024-08-20 00:14:38.197
User: MY-CALDERA\johnny.douche"
MY-CAL-WIN10.my-caldera.local,11,"File created:
RuleName: DO
UtcTime: 2024-08-20 00:14:47.241
ProcessGuid: {ca24abc9-dff6-66c3-ea02-000000001d00}
ProcessId: 7456
Image: C:\Program Files (x86)\Microsoft Office\Root\Office16\WINWORD.EXE
TargetFilename: C:\Users\johnny.douche\AppData\Local\Microsoft\FontCache\4\CatalogCacheMetaData2.xml
CreationUtcTime: 2024-08-20 00:14:38.197
User: MY-CALDERA\johnny.douche"
MY-CAL-WIN10.my-caldera.local,11,"File created:
RuleName: DO
UtcTime: 2024-08-20 00:14:47.242
ProcessGuid: {ca24abc9-dff6-66c3-ea02-000000001d00}
ProcessId: 7456
Image: C:\Program Files (x86)\Microsoft Office\Root\Office16\WINWORD.EXE
TargetFilename: C:\Users\johnny.douche\AppData\Local\Microsoft\FontCache\4\CatalogCacheMetaData2.xml
CreationUtcTime: 2024-08-20 00:14:38.197
User: MY-CALDERA\johnny.douche"
MY-CAL-WIN10.my-caldera.local,11,"File created:
RuleName: DO
UtcTime: 2024-08-20 00:14:47.244
ProcessGuid: {ca24abc9-dff6-66c3-ea02-000000001d00}
ProcessId: 7456
Image: C:\Program Files (x86)\Microsoft Office\Root\Office16\WINWORD.EXE
TargetFilename: C:\Users\johnny.douche\AppData\Local\Microsoft\FontCache\4\CatalogCacheMetaData2.xml
CreationUtcTime: 2024-08-20 00:14:38.197
User: MY-CALDERA\johnny.douche"
MY-CAL-WIN10.my-caldera.local,11,"File created:
RuleName: DO
UtcTime: 2024-08-20 00:14:47.245
ProcessGuid: {ca24abc9-dff6-66c3-ea02-000000001d00}
ProcessId: 7456
Image: C:\Program Files (x86)\Microsoft Office\Root\Office16\WINWORD.EXE
TargetFilename: C:\Users\johnny.douche\AppData\Local\Microsoft\FontCache\4\CatalogCacheMetaData2.xml
CreationUtcTime: 2024-08-20 00:14:38.197
User: MY-CALDERA\johnny.douche"
MY-CAL-WIN10.my-caldera.local,11,"File created:
RuleName: JSPandJSWandJSV
UtcTime: 2024-08-20 00:14:47.589
ProcessGuid: {ca24abc9-dff6-66c3-ea02-000000001d00}
ProcessId: 7456
Image: C:\Program Files (x86)\Microsoft Office\Root\Office16\WINWORD.EXE
TargetFilename: C:\Users\johnny.douche\AppData\Local\Microsoft\Windows\INetCache\IE\IC7IVLJ2\federationprovider[1].json
CreationUtcTime: 2024-08-19 23:35:42.062
User: MY-CALDERA\johnny.douche"
