MY-CAL-WIN10.my-caldera.local,11,"File created:
RuleName: DO
UtcTime: 2024-08-20 00:15:04.044
ProcessGuid: {ca24abc9-e006-66c3-fc02-000000001d00}
ProcessId: 9816
Image: C:\Program Files (x86)\Microsoft Office\Root\Office16\WINWORD.EXE
TargetFilename: C:\Users\johnny.douche\AppData\Local\Microsoft\Office\16.0\winword.exe_Rules\rule510017v0.xml
CreationUtcTime: 2024-08-20 00:14:56.317
User: MY-CALDERA\johnny.douche"
MY-CAL-WIN10.my-caldera.local,11,"File created:
RuleName: DO
UtcTime: 2024-08-20 00:15:04.084
ProcessGuid: {ca24abc9-e006-66c3-fc02-000000001d00}
ProcessId: 9816
Image: C:\Program Files (x86)\Microsoft Office\Root\Office16\WINWORD.EXE
TargetFilename: C:\Users\johnny.douche\AppData\Local\Microsoft\Office\16.0\winword.exe_Rules\rule63058v0.xml
CreationUtcTime: 2024-08-20 00:14:56.365
User: MY-CALDERA\johnny.douche"
MY-CAL-WIN10.my-caldera.local,11,"File created:
RuleName: DO
UtcTime: 2024-08-20 00:15:04.100
ProcessGuid: {ca24abc9-e006-66c3-fc02-000000001d00}
ProcessId: 9816
Image: C:\Program Files (x86)\Microsoft Office\Root\Office16\WINWORD.EXE
TargetFilename: C:\Users\johnny.douche\AppData\Local\Microsoft\Office\16.0\winword.exe_Rules\rule65137v0.xml
CreationUtcTime: 2024-08-20 00:14:56.380
User: MY-CALDERA\johnny.douche"
MY-CAL-WIN10.my-caldera.local,11,"File created:
RuleName: DO
UtcTime: 2024-08-20 00:15:04.133
ProcessGuid: {ca24abc9-e006-66c3-fc02-000000001d00}
ProcessId: 9816
Image: C:\Program Files (x86)\Microsoft Office\Root\Office16\WINWORD.EXE
TargetFilename: C:\Users\johnny.douche\AppData\Local\Microsoft\Office\16.0\winword.exe_Rules\rule68016v1.xml
CreationUtcTime: 2024-08-20 00:14:56.410
User: MY-CALDERA\johnny.douche"
MY-CAL-WIN10.my-caldera.local,11,"File created:
RuleName: DO
UtcTime: 2024-08-20 00:15:04.164
ProcessGuid: {ca24abc9-e006-66c3-fc02-000000001d00}
ProcessId: 9816
Image: C:\Program Files (x86)\Microsoft Office\Root\Office16\WINWORD.EXE
TargetFilename: C:\Users\johnny.douche\AppData\Local\Microsoft\Office\16.0\winword.exe_Rules\rule69703v0.xml
CreationUtcTime: 2024-08-20 00:14:56.441
User: MY-CALDERA\johnny.douche"
MY-CAL-WIN10.my-caldera.local,11,"File created:
RuleName: DO
UtcTime: 2024-08-20 00:15:04.182
ProcessGuid: {ca24abc9-e006-66c3-fc02-000000001d00}
ProcessId: 9816
Image: C:\Program Files (x86)\Microsoft Office\Root\Office16\WINWORD.EXE
TargetFilename: C:\Users\johnny.douche\AppData\Local\Microsoft\Office\16.0\winword.exe_Rules\rule700201v1.xml
CreationUtcTime: 2024-08-20 00:14:56.461
User: MY-CALDERA\johnny.douche"
MY-CAL-WIN10.my-caldera.local,11,"File created:
RuleName: DO
UtcTime: 2024-08-20 00:15:04.228
ProcessGuid: {ca24abc9-e006-66c3-fc02-000000001d00}
ProcessId: 9816
Image: C:\Program Files (x86)\Microsoft Office\Root\Office16\WINWORD.EXE
TargetFilename: C:\Users\johnny.douche\AppData\Local\Microsoft\Office\16.0\winword.exe_Rules\rule700950v1.xml
CreationUtcTime: 2024-08-20 00:14:56.509
User: MY-CALDERA\johnny.douche"
MY-CAL-WIN10.my-caldera.local,11,"File created:
RuleName: DO
UtcTime: 2024-08-20 00:15:04.230
ProcessGuid: {ca24abc9-e006-66c3-fc02-000000001d00}
ProcessId: 9816
Image: C:\Program Files (x86)\Microsoft Office\Root\Office16\WINWORD.EXE
TargetFilename: C:\Users\johnny.douche\AppData\Local\Microsoft\Office\16.0\winword.exe_Rules\rule700951v1.xml
CreationUtcTime: 2024-08-20 00:14:56.511
User: MY-CALDERA\johnny.douche"
MY-CAL-WIN10.my-caldera.local,11,"File created:
RuleName: DO
UtcTime: 2024-08-20 00:15:03.808
ProcessGuid: {ca24abc9-e006-66c3-fc02-000000001d00}
ProcessId: 9816
Image: C:\Program Files (x86)\Microsoft Office\Root\Office16\WINWORD.EXE
TargetFilename: C:\Users\johnny.douche\AppData\Local\Microsoft\Office\16.0\winword.exe_Rules\rule224068v0.xml
CreationUtcTime: 2024-08-20 00:14:56.065
User: MY-CALDERA\johnny.douche"
MY-CAL-WIN10.my-caldera.local,11,"File created:
RuleName: DO
UtcTime: 2024-08-20 00:15:03.845
ProcessGuid: {ca24abc9-e006-66c3-fc02-000000001d00}
ProcessId: 9816
Image: C:\Program Files (x86)\Microsoft Office\Root\Office16\WINWORD.EXE
TargetFilename: C:\Users\johnny.douche\AppData\Local\Microsoft\Office\16.0\winword.exe_Rules\rule230161v0.xml
CreationUtcTime: 2024-08-20 00:14:56.097
User: MY-CALDERA\johnny.douche"
MY-CAL-WIN10.my-caldera.local,11,"File created:
RuleName: DO
UtcTime: 2024-08-20 00:15:03.857
ProcessGuid: {ca24abc9-e006-66c3-fc02-000000001d00}
ProcessId: 9816
Image: C:\Program Files (x86)\Microsoft Office\Root\Office16\WINWORD.EXE
TargetFilename: C:\Users\johnny.douche\AppData\Local\Microsoft\Office\16.0\winword.exe_Rules\rule240005v8.xml
CreationUtcTime: 2024-08-20 00:14:56.107
User: MY-CALDERA\johnny.douche"
MY-CAL-WIN10.my-caldera.local,11,"File created:
RuleName: DO
UtcTime: 2024-08-20 00:15:03.875
ProcessGuid: {ca24abc9-e006-66c3-fc02-000000001d00}
ProcessId: 9816
Image: C:\Program Files (x86)\Microsoft Office\Root\Office16\WINWORD.EXE
TargetFilename: C:\Users\johnny.douche\AppData\Local\Microsoft\Office\16.0\winword.exe_Rules\rule240025v1.xml
CreationUtcTime: 2024-08-20 00:14:56.136
User: MY-CALDERA\johnny.douche"
MY-CAL-WIN10.my-caldera.local,11,"File created:
RuleName: DO
UtcTime: 2024-08-20 00:15:03.904
ProcessGuid: {ca24abc9-e006-66c3-fc02-000000001d00}
ProcessId: 9816
Image: C:\Program Files (x86)\Microsoft Office\Root\Office16\WINWORD.EXE
TargetFilename: C:\Users\johnny.douche\AppData\Local\Microsoft\Office\16.0\winword.exe_Rules\rule320016v0.xml
CreationUtcTime: 2024-08-20 00:14:56.175
User: MY-CALDERA\johnny.douche"
MY-CAL-WIN10.my-caldera.local,11,"File created:
RuleName: DO
UtcTime: 2024-08-20 00:15:03.935
ProcessGuid: {ca24abc9-e006-66c3-fc02-000000001d00}
ProcessId: 9816
Image: C:\Program Files (x86)\Microsoft Office\Root\Office16\WINWORD.EXE
TargetFilename: C:\Users\johnny.douche\AppData\Local\Microsoft\Office\16.0\winword.exe_Rules\rule324008v3.xml
CreationUtcTime: 2024-08-20 00:14:56.206
User: MY-CALDERA\johnny.douche"
MY-CAL-WIN10.my-caldera.local,11,"File created:
RuleName: DO
UtcTime: 2024-08-20 00:15:03.974
ProcessGuid: {ca24abc9-e006-66c3-fc02-000000001d00}
ProcessId: 9816
Image: C:\Program Files (x86)\Microsoft Office\Root\Office16\WINWORD.EXE
TargetFilename: C:\Users\johnny.douche\AppData\Local\Microsoft\Office\16.0\winword.exe_Rules\rule390004v3.xml
CreationUtcTime: 2024-08-20 00:14:56.247
User: MY-CALDERA\johnny.douche"
MY-CAL-WIN10.my-caldera.local,11,"File created:
RuleName: DO
UtcTime: 2024-08-20 00:15:03.995
ProcessGuid: {ca24abc9-e006-66c3-fc02-000000001d00}
ProcessId: 9816
Image: C:\Program Files (x86)\Microsoft Office\Root\Office16\WINWORD.EXE
TargetFilename: C:\Users\johnny.douche\AppData\Local\Microsoft\Office\16.0\winword.exe_Rules\rule490015v4.xml
CreationUtcTime: 2024-08-20 00:14:56.268
User: MY-CALDERA\johnny.douche"
MY-CAL-WIN10.my-caldera.local,11,"File created:
RuleName: DO
UtcTime: 2024-08-20 00:15:04.008
ProcessGuid: {ca24abc9-e006-66c3-fc02-000000001d00}
ProcessId: 9816
Image: C:\Program Files (x86)\Microsoft Office\Root\Office16\WINWORD.EXE
TargetFilename: C:\Users\johnny.douche\AppData\Local\Microsoft\Office\16.0\winword.exe_Rules\rule490029v0.xml
CreationUtcTime: 2024-08-20 00:14:56.282
User: MY-CALDERA\johnny.douche"
MY-CAL-WIN10.my-caldera.local,11,"File created:
RuleName: DO
UtcTime: 2024-08-20 00:15:04.035
ProcessGuid: {ca24abc9-e006-66c3-fc02-000000001d00}
ProcessId: 9816
Image: C:\Program Files (x86)\Microsoft Office\Root\Office16\WINWORD.EXE
TargetFilename: C:\Users\johnny.douche\AppData\Local\Microsoft\Office\16.0\winword.exe_Rules\rule510008v0.xml
CreationUtcTime: 2024-08-20 00:14:56.308
User: MY-CALDERA\johnny.douche"
MY-CAL-WIN10.my-caldera.local,11,"File created:
RuleName: DO
UtcTime: 2024-08-20 00:15:04.076
ProcessGuid: {ca24abc9-e006-66c3-fc02-000000001d00}
ProcessId: 9816
Image: C:\Program Files (x86)\Microsoft Office\Root\Office16\WINWORD.EXE
TargetFilename: C:\Users\johnny.douche\AppData\Local\Microsoft\Office\16.0\winword.exe_Rules\rule63052v3.xml
CreationUtcTime: 2024-08-20 00:14:56.353
User: MY-CALDERA\johnny.douche"
MY-CAL-WIN10.my-caldera.local,11,"File created:
RuleName: DO
UtcTime: 2024-08-20 00:15:04.087
ProcessGuid: {ca24abc9-e006-66c3-fc02-000000001d00}
ProcessId: 9816
Image: C:\Program Files (x86)\Microsoft Office\Root\Office16\WINWORD.EXE
TargetFilename: C:\Users\johnny.douche\AppData\Local\Microsoft\Office\16.0\winword.exe_Rules\rule63063v1.xml
CreationUtcTime: 2024-08-20 00:14:56.367
User: MY-CALDERA\johnny.douche"
MY-CAL-WIN10.my-caldera.local,11,"File created:
RuleName: DO
UtcTime: 2024-08-20 00:15:03.795
ProcessGuid: {ca24abc9-e006-66c3-fc02-000000001d00}
ProcessId: 9816
Image: C:\Program Files (x86)\Microsoft Office\Root\Office16\WINWORD.EXE
TargetFilename: C:\Users\johnny.douche\AppData\Local\Microsoft\Office\16.0\winword.exe_Rules\rule224008v0.xml
CreationUtcTime: 2024-08-20 00:14:56.050
User: MY-CALDERA\johnny.douche"
MY-CAL-WIN10.my-caldera.local,11,"File created:
RuleName: DO
UtcTime: 2024-08-20 00:15:04.116
ProcessGuid: {ca24abc9-e006-66c3-fc02-000000001d00}
ProcessId: 9816
Image: C:\Program Files (x86)\Microsoft Office\Root\Office16\WINWORD.EXE
TargetFilename: C:\Users\johnny.douche\AppData\Local\Microsoft\Office\16.0\winword.exe_Rules\rule68002v11.xml
CreationUtcTime: 2024-08-20 00:14:56.394
User: MY-CALDERA\johnny.douche"
MY-CAL-WIN10.my-caldera.local,11,"File created:
RuleName: DO
UtcTime: 2024-08-20 00:15:04.124
ProcessGuid: {ca24abc9-e006-66c3-fc02-000000001d00}
ProcessId: 9816
Image: C:\Program Files (x86)\Microsoft Office\Root\Office16\WINWORD.EXE
TargetFilename: C:\Users\johnny.douche\AppData\Local\Microsoft\Office\16.0\winword.exe_Rules\rule68010v2.xml
CreationUtcTime: 2024-08-20 00:14:56.403
User: MY-CALDERA\johnny.douche"
MY-CAL-WIN10.my-caldera.local,11,"File created:
RuleName: DO
UtcTime: 2024-08-20 00:15:04.139
ProcessGuid: {ca24abc9-e006-66c3-fc02-000000001d00}
ProcessId: 9816
Image: C:\Program Files (x86)\Microsoft Office\Root\Office16\WINWORD.EXE
TargetFilename: C:\Users\johnny.douche\AppData\Local\Microsoft\Office\16.0\winword.exe_Rules\rule68020v3.xml
CreationUtcTime: 2024-08-20 00:14:56.416
User: MY-CALDERA\johnny.douche"
MY-CAL-WIN10.my-caldera.local,11,"File created:
RuleName: DO
UtcTime: 2024-08-20 00:15:03.823
ProcessGuid: {ca24abc9-e006-66c3-fc02-000000001d00}
ProcessId: 9816
Image: C:\Program Files (x86)\Microsoft Office\Root\Office16\WINWORD.EXE
TargetFilename: C:\Users\johnny.douche\AppData\Local\Microsoft\Office\16.0\winword.exe_Rules\rule224085v0.xml
CreationUtcTime: 2024-08-20 00:14:56.080
User: MY-CALDERA\johnny.douche"
MY-CAL-WIN10.my-caldera.local,11,"File created:
RuleName: DO
UtcTime: 2024-08-20 00:15:03.836
ProcessGuid: {ca24abc9-e006-66c3-fc02-000000001d00}
ProcessId: 9816
Image: C:\Program Files (x86)\Microsoft Office\Root\Office16\WINWORD.EXE
TargetFilename: C:\Users\johnny.douche\AppData\Local\Microsoft\Office\16.0\winword.exe_Rules\rule224906v1.xml
CreationUtcTime: 2024-08-20 00:14:56.090
User: MY-CALDERA\johnny.douche"
MY-CAL-WIN10.my-caldera.local,11,"File created:
RuleName: DO
UtcTime: 2024-08-20 00:15:03.878
ProcessGuid: {ca24abc9-e006-66c3-fc02-000000001d00}
ProcessId: 9816
Image: C:\Program Files (x86)\Microsoft Office\Root\Office16\WINWORD.EXE
TargetFilename: C:\Users\johnny.douche\AppData\Local\Microsoft\Office\16.0\winword.exe_Rules\rule240029v0.xml
CreationUtcTime: 2024-08-20 00:14:56.140
User: MY-CALDERA\johnny.douche"
MY-CAL-WIN10.my-caldera.local,11,"File created:
RuleName: DO
UtcTime: 2024-08-20 00:15:04.148
ProcessGuid: {ca24abc9-e006-66c3-fc02-000000001d00}
ProcessId: 9816
Image: C:\Program Files (x86)\Microsoft Office\Root\Office16\WINWORD.EXE
TargetFilename: C:\Users\johnny.douche\AppData\Local\Microsoft\Office\16.0\winword.exe_Rules\rule68027v0.xml
CreationUtcTime: 2024-08-20 00:14:56.426
User: MY-CALDERA\johnny.douche"
MY-CAL-WIN10.my-caldera.local,11,"File created:
RuleName: DO
UtcTime: 2024-08-20 00:15:03.907
ProcessGuid: {ca24abc9-e006-66c3-fc02-000000001d00}
ProcessId: 9816
Image: C:\Program Files (x86)\Microsoft Office\Root\Office16\WINWORD.EXE
TargetFilename: C:\Users\johnny.douche\AppData\Local\Microsoft\Office\16.0\winword.exe_Rules\rule320022v0.xml
CreationUtcTime: 2024-08-20 00:14:56.178
User: MY-CALDERA\johnny.douche"
MY-CAL-WIN10.my-caldera.local,11,"File created:
RuleName: DO
UtcTime: 2024-08-20 00:15:04.167
ProcessGuid: {ca24abc9-e006-66c3-fc02-000000001d00}
ProcessId: 9816
Image: C:\Program Files (x86)\Microsoft Office\Root\Office16\WINWORD.EXE
TargetFilename: C:\Users\johnny.douche\AppData\Local\Microsoft\Office\16.0\winword.exe_Rules\rule700001v2.xml
CreationUtcTime: 2024-08-20 00:14:56.444
User: MY-CALDERA\johnny.douche"
MY-CAL-WIN10.my-caldera.local,11,"File created:
RuleName: DO
UtcTime: 2024-08-20 00:15:03.937
ProcessGuid: {ca24abc9-e006-66c3-fc02-000000001d00}
ProcessId: 9816
Image: C:\Program Files (x86)\Microsoft Office\Root\Office16\WINWORD.EXE
TargetFilename: C:\Users\johnny.douche\AppData\Local\Microsoft\Office\16.0\winword.exe_Rules\rule324009v3.xml
CreationUtcTime: 2024-08-20 00:14:56.209
User: MY-CALDERA\johnny.douche"
MY-CAL-WIN10.my-caldera.local,11,"File created:
RuleName: DO
UtcTime: 2024-08-20 00:15:03.967
ProcessGuid: {ca24abc9-e006-66c3-fc02-000000001d00}
ProcessId: 9816
Image: C:\Program Files (x86)\Microsoft Office\Root\Office16\WINWORD.EXE
TargetFilename: C:\Users\johnny.douche\AppData\Local\Microsoft\Office\16.0\winword.exe_Rules\rule370006v0.xml
CreationUtcTime: 2024-08-20 00:14:56.239
User: MY-CALDERA\johnny.douche"
MY-CAL-WIN10.my-caldera.local,11,"File created:
RuleName: DO
UtcTime: 2024-08-20 00:15:03.977
ProcessGuid: {ca24abc9-e006-66c3-fc02-000000001d00}
ProcessId: 9816
Image: C:\Program Files (x86)\Microsoft Office\Root\Office16\WINWORD.EXE
TargetFilename: C:\Users\johnny.douche\AppData\Local\Microsoft\Office\16.0\winword.exe_Rules\rule440000v3.xml
CreationUtcTime: 2024-08-20 00:14:56.250
User: MY-CALDERA\johnny.douche"
MY-CAL-WIN10.my-caldera.local,11,"File created:
RuleName: DO
UtcTime: 2024-08-20 00:15:04.018
ProcessGuid: {ca24abc9-e006-66c3-fc02-000000001d00}
ProcessId: 9816
Image: C:\Program Files (x86)\Microsoft Office\Root\Office16\WINWORD.EXE
TargetFilename: C:\Users\johnny.douche\AppData\Local\Microsoft\Office\16.0\winword.exe_Rules\rule500004v2.xml
CreationUtcTime: 2024-08-20 00:14:56.291
User: MY-CALDERA\johnny.douche"
MY-CAL-WIN10.my-caldera.local,11,"File created:
RuleName: DO
UtcTime: 2024-08-20 00:15:04.038
ProcessGuid: {ca24abc9-e006-66c3-fc02-000000001d00}
ProcessId: 9816
Image: C:\Program Files (x86)\Microsoft Office\Root\Office16\WINWORD.EXE
TargetFilename: C:\Users\johnny.douche\AppData\Local\Microsoft\Office\16.0\winword.exe_Rules\rule510010v0.xml
CreationUtcTime: 2024-08-20 00:14:56.311
User: MY-CALDERA\johnny.douche"
MY-CAL-WIN10.my-caldera.local,11,"File created:
RuleName: DO
UtcTime: 2024-08-20 00:15:04.058
ProcessGuid: {ca24abc9-e006-66c3-fc02-000000001d00}
ProcessId: 9816
Image: C:\Program Files (x86)\Microsoft Office\Root\Office16\WINWORD.EXE
TargetFilename: C:\Users\johnny.douche\AppData\Local\Microsoft\Office\16.0\winword.exe_Rules\rule610008v1.xml
CreationUtcTime: 2024-08-20 00:14:56.331
User: MY-CALDERA\johnny.douche"
MY-CAL-WIN10.my-caldera.local,11,"File created:
RuleName: DO
UtcTime: 2024-08-20 00:15:04.140
ProcessGuid: {ca24abc9-e006-66c3-fc02-000000001d00}
ProcessId: 9816
Image: C:\Program Files (x86)\Microsoft Office\Root\Office16\WINWORD.EXE
TargetFilename: C:\Users\johnny.douche\AppData\Local\Microsoft\Office\16.0\winword.exe_Rules\rule68022v8.xml
CreationUtcTime: 2024-08-20 00:14:56.419
User: MY-CALDERA\johnny.douche"
MY-CAL-WIN10.my-caldera.local,11,"File created:
RuleName: DO
UtcTime: 2024-08-20 00:15:04.168
ProcessGuid: {ca24abc9-e006-66c3-fc02-000000001d00}
ProcessId: 9816
Image: C:\Program Files (x86)\Microsoft Office\Root\Office16\WINWORD.EXE
TargetFilename: C:\Users\johnny.douche\AppData\Local\Microsoft\Office\16.0\winword.exe_Rules\rule70002v3.xml
CreationUtcTime: 2024-08-20 00:14:56.445
User: MY-CALDERA\johnny.douche"
MY-CAL-WIN10.my-caldera.local,11,"File created:
RuleName: DO
UtcTime: 2024-08-20 00:15:03.771
ProcessGuid: {ca24abc9-e006-66c3-fc02-000000001d00}
ProcessId: 9816
Image: C:\Program Files (x86)\Microsoft Office\Root\Office16\WINWORD.EXE
TargetFilename: C:\Users\johnny.douche\AppData\Local\Microsoft\Office\16.0\winword.exe_Rules\rule170140v0.xml
CreationUtcTime: 2024-08-20 00:14:56.016
User: MY-CALDERA\johnny.douche"
MY-CAL-WIN10.my-caldera.local,11,"File created:
RuleName: DO
UtcTime: 2024-08-20 00:15:04.178
ProcessGuid: {ca24abc9-e006-66c3-fc02-000000001d00}
ProcessId: 9816
Image: C:\Program Files (x86)\Microsoft Office\Root\Office16\WINWORD.EXE
TargetFilename: C:\Users\johnny.douche\AppData\Local\Microsoft\Office\16.0\winword.exe_Rules\rule700150v1.xml
CreationUtcTime: 2024-08-20 00:14:56.455
User: MY-CALDERA\johnny.douche"
MY-CAL-WIN10.my-caldera.local,11,"File created:
RuleName: DO
UtcTime: 2024-08-20 00:15:03.786
ProcessGuid: {ca24abc9-e006-66c3-fc02-000000001d00}
ProcessId: 9816
Image: C:\Program Files (x86)\Microsoft Office\Root\Office16\WINWORD.EXE
TargetFilename: C:\Users\johnny.douche\AppData\Local\Microsoft\Office\16.0\winword.exe_Rules\rule222043v0.xml
CreationUtcTime: 2024-08-20 00:14:56.040
User: MY-CALDERA\johnny.douche"
MY-CAL-WIN10.my-caldera.local,11,"File created:
RuleName: DO
UtcTime: 2024-08-20 00:15:03.803
ProcessGuid: {ca24abc9-e006-66c3-fc02-000000001d00}
ProcessId: 9816
Image: C:\Program Files (x86)\Microsoft Office\Root\Office16\WINWORD.EXE
TargetFilename: C:\Users\johnny.douche\AppData\Local\Microsoft\Office\16.0\winword.exe_Rules\rule224060v0.xml
CreationUtcTime: 2024-08-20 00:14:56.060
User: MY-CALDERA\johnny.douche"
MY-CAL-WIN10.my-caldera.local,11,"File created:
RuleName: DO
UtcTime: 2024-08-20 00:15:04.192
ProcessGuid: {ca24abc9-e006-66c3-fc02-000000001d00}
ProcessId: 9816
Image: C:\Program Files (x86)\Microsoft Office\Root\Office16\WINWORD.EXE
TargetFilename: C:\Users\johnny.douche\AppData\Local\Microsoft\Office\16.0\winword.exe_Rules\rule700300v1.xml
CreationUtcTime: 2024-08-20 00:14:56.471
User: MY-CALDERA\johnny.douche"
MY-CAL-WIN10.my-caldera.local,11,"File created:
RuleName: DO
UtcTime: 2024-08-20 00:15:03.812
ProcessGuid: {ca24abc9-e006-66c3-fc02-000000001d00}
ProcessId: 9816
Image: C:\Program Files (x86)\Microsoft Office\Root\Office16\WINWORD.EXE
TargetFilename: C:\Users\johnny.douche\AppData\Local\Microsoft\Office\16.0\winword.exe_Rules\rule224073v1.xml
CreationUtcTime: 2024-08-20 00:14:56.069
User: MY-CALDERA\johnny.douche"
MY-CAL-WIN10.my-caldera.local,11,"File created:
RuleName: DO
UtcTime: 2024-08-20 00:15:04.200
ProcessGuid: {ca24abc9-e006-66c3-fc02-000000001d00}
ProcessId: 9816
Image: C:\Program Files (x86)\Microsoft Office\Root\Office16\WINWORD.EXE
TargetFilename: C:\Users\johnny.douche\AppData\Local\Microsoft\Office\16.0\winword.exe_Rules\rule70036v0.xml
CreationUtcTime: 2024-08-20 00:14:56.479
User: MY-CALDERA\johnny.douche"
MY-CAL-WIN10.my-caldera.local,11,"File created:
RuleName: DO
UtcTime: 2024-08-20 00:15:04.390
ProcessGuid: {ca24abc9-e006-66c3-fc02-000000001d00}
ProcessId: 9816
Image: C:\Program Files (x86)\Microsoft Office\Root\Office16\WINWORD.EXE
TargetFilename: C:\Users\johnny.douche\AppData\Local\Microsoft\Office\16.0\winword.exe_Rules\rule702651v1.xml
CreationUtcTime: 2024-08-20 00:14:56.605
User: MY-CALDERA\johnny.douche"
MY-CAL-WIN10.my-caldera.local,11,"File created:
RuleName: DO
UtcTime: 2024-08-20 00:15:04.392
ProcessGuid: {ca24abc9-e006-66c3-fc02-000000001d00}
ProcessId: 9816
Image: C:\Program Files (x86)\Microsoft Office\Root\Office16\WINWORD.EXE
TargetFilename: C:\Users\johnny.douche\AppData\Local\Microsoft\Office\16.0\winword.exe_Rules\rule702700v1.xml
CreationUtcTime: 2024-08-20 00:14:56.607
User: MY-CALDERA\johnny.douche"
MY-CAL-WIN10.my-caldera.local,11,"File created:
RuleName: DO
UtcTime: 2024-08-20 00:15:04.394
ProcessGuid: {ca24abc9-e006-66c3-fc02-000000001d00}
ProcessId: 9816
Image: C:\Program Files (x86)\Microsoft Office\Root\Office16\WINWORD.EXE
TargetFilename: C:\Users\johnny.douche\AppData\Local\Microsoft\Office\16.0\winword.exe_Rules\rule702701v1.xml
CreationUtcTime: 2024-08-20 00:14:56.609
User: MY-CALDERA\johnny.douche"
MY-CAL-WIN10.my-caldera.local,11,"File created:
RuleName: DO
UtcTime: 2024-08-20 00:15:04.396
ProcessGuid: {ca24abc9-e006-66c3-fc02-000000001d00}
ProcessId: 9816
Image: C:\Program Files (x86)\Microsoft Office\Root\Office16\WINWORD.EXE
TargetFilename: C:\Users\johnny.douche\AppData\Local\Microsoft\Office\16.0\winword.exe_Rules\rule702750v1.xml
CreationUtcTime: 2024-08-20 00:14:56.610
User: MY-CALDERA\johnny.douche"
MY-CAL-WIN10.my-caldera.local,11,"File created:
RuleName: DO
UtcTime: 2024-08-20 00:15:03.851
ProcessGuid: {ca24abc9-e006-66c3-fc02-000000001d00}
ProcessId: 9816
Image: C:\Program Files (x86)\Microsoft Office\Root\Office16\WINWORD.EXE
TargetFilename: C:\Users\johnny.douche\AppData\Local\Microsoft\Office\16.0\winword.exe_Rules\rule23122v0.xml
CreationUtcTime: 2024-08-20 00:14:56.101
User: MY-CALDERA\johnny.douche"
MY-CAL-WIN10.my-caldera.local,11,"File created:
RuleName: DO
UtcTime: 2024-08-20 00:15:04.398
ProcessGuid: {ca24abc9-e006-66c3-fc02-000000001d00}
ProcessId: 9816
Image: C:\Program Files (x86)\Microsoft Office\Root\Office16\WINWORD.EXE
TargetFilename: C:\Users\johnny.douche\AppData\Local\Microsoft\Office\16.0\winword.exe_Rules\rule702751v1.xml
CreationUtcTime: 2024-08-20 00:14:56.611
User: MY-CALDERA\johnny.douche"
MY-CAL-WIN10.my-caldera.local,11,"File created:
RuleName: DO
UtcTime: 2024-08-20 00:15:04.400
ProcessGuid: {ca24abc9-e006-66c3-fc02-000000001d00}
ProcessId: 9816
Image: C:\Program Files (x86)\Microsoft Office\Root\Office16\WINWORD.EXE
TargetFilename: C:\Users\johnny.douche\AppData\Local\Microsoft\Office\16.0\winword.exe_Rules\rule702800v1.xml
CreationUtcTime: 2024-08-20 00:14:56.613
User: MY-CALDERA\johnny.douche"
MY-CAL-WIN10.my-caldera.local,11,"File created:
RuleName: DO
UtcTime: 2024-08-20 00:15:03.861
ProcessGuid: {ca24abc9-e006-66c3-fc02-000000001d00}
ProcessId: 9816
Image: C:\Program Files (x86)\Microsoft Office\Root\Office16\WINWORD.EXE
TargetFilename: C:\Users\johnny.douche\AppData\Local\Microsoft\Office\16.0\winword.exe_Rules\rule240008v1.xml
CreationUtcTime: 2024-08-20 00:14:56.112
User: MY-CALDERA\johnny.douche"
MY-CAL-WIN10.my-caldera.local,11,"File created:
RuleName: DO
UtcTime: 2024-08-20 00:15:04.401
ProcessGuid: {ca24abc9-e006-66c3-fc02-000000001d00}
ProcessId: 9816
Image: C:\Program Files (x86)\Microsoft Office\Root\Office16\WINWORD.EXE
TargetFilename: C:\Users\johnny.douche\AppData\Local\Microsoft\Office\16.0\winword.exe_Rules\rule702801v1.xml
CreationUtcTime: 2024-08-20 00:14:56.615
User: MY-CALDERA\johnny.douche"
MY-CAL-WIN10.my-caldera.local,11,"File created:
RuleName: DO
UtcTime: 2024-08-20 00:15:03.888
ProcessGuid: {ca24abc9-e006-66c3-fc02-000000001d00}
ProcessId: 9816
Image: C:\Program Files (x86)\Microsoft Office\Root\Office16\WINWORD.EXE
TargetFilename: C:\Users\johnny.douche\AppData\Local\Microsoft\Office\16.0\winword.exe_Rules\rule241000v0.xml
CreationUtcTime: 2024-08-20 00:14:56.154
User: MY-CALDERA\johnny.douche"
MY-CAL-WIN10.my-caldera.local,11,"File created:
RuleName: DO
UtcTime: 2024-08-20 00:15:04.403
ProcessGuid: {ca24abc9-e006-66c3-fc02-000000001d00}
ProcessId: 9816
Image: C:\Program Files (x86)\Microsoft Office\Root\Office16\WINWORD.EXE
TargetFilename: C:\Users\johnny.douche\AppData\Local\Microsoft\Office\16.0\winword.exe_Rules\rule702850v1.xml
CreationUtcTime: 2024-08-20 00:14:56.616
User: MY-CALDERA\johnny.douche"
MY-CAL-WIN10.my-caldera.local,11,"File created:
RuleName: DO
UtcTime: 2024-08-20 00:15:03.897
ProcessGuid: {ca24abc9-e006-66c3-fc02-000000001d00}
ProcessId: 9816
Image: C:\Program Files (x86)\Microsoft Office\Root\Office16\WINWORD.EXE
TargetFilename: C:\Users\johnny.douche\AppData\Local\Microsoft\Office\16.0\winword.exe_Rules\rule320004v6.xml
CreationUtcTime: 2024-08-20 00:14:56.166
User: MY-CALDERA\johnny.douche"
MY-CAL-WIN10.my-caldera.local,11,"File created:
RuleName: DO
UtcTime: 2024-08-20 00:15:04.404
ProcessGuid: {ca24abc9-e006-66c3-fc02-000000001d00}
ProcessId: 9816
Image: C:\Program Files (x86)\Microsoft Office\Root\Office16\WINWORD.EXE
TargetFilename: C:\Users\johnny.douche\AppData\Local\Microsoft\Office\16.0\winword.exe_Rules\rule702851v1.xml
CreationUtcTime: 2024-08-20 00:14:56.617
User: MY-CALDERA\johnny.douche"
MY-CAL-WIN10.my-caldera.local,11,"File created:
RuleName: DO
UtcTime: 2024-08-20 00:15:03.764
ProcessGuid: {ca24abc9-e006-66c3-fc02-000000001d00}
ProcessId: 9816
Image: C:\Program Files (x86)\Microsoft Office\Root\Office16\WINWORD.EXE
TargetFilename: C:\Users\johnny.douche\AppData\Local\Microsoft\Office\16.0\winword.exe_Rules\rule170135v4.xml
CreationUtcTime: 2024-08-20 00:14:56.005
User: MY-CALDERA\johnny.douche"
MY-CAL-WIN10.my-caldera.local,11,"File created:
RuleName: DO
UtcTime: 2024-08-20 00:15:03.928
ProcessGuid: {ca24abc9-e006-66c3-fc02-000000001d00}
ProcessId: 9816
Image: C:\Program Files (x86)\Microsoft Office\Root\Office16\WINWORD.EXE
TargetFilename: C:\Users\johnny.douche\AppData\Local\Microsoft\Office\16.0\winword.exe_Rules\rule324006v2.xml
CreationUtcTime: 2024-08-20 00:14:56.199
User: MY-CALDERA\johnny.douche"
MY-CAL-WIN10.my-caldera.local,11,"File created:
RuleName: DO
UtcTime: 2024-08-20 00:15:03.778
ProcessGuid: {ca24abc9-e006-66c3-fc02-000000001d00}
ProcessId: 9816
Image: C:\Program Files (x86)\Microsoft Office\Root\Office16\WINWORD.EXE
TargetFilename: C:\Users\johnny.douche\AppData\Local\Microsoft\Office\16.0\winword.exe_Rules\rule180178v0.xml
CreationUtcTime: 2024-08-20 00:14:56.031
User: MY-CALDERA\johnny.douche"
MY-CAL-WIN10.my-caldera.local,11,"File created:
RuleName: DO
UtcTime: 2024-08-20 00:15:03.847
ProcessGuid: {ca24abc9-e006-66c3-fc02-000000001d00}
ProcessId: 9816
Image: C:\Program Files (x86)\Microsoft Office\Root\Office16\WINWORD.EXE
TargetFilename: C:\Users\johnny.douche\AppData\Local\Microsoft\Office\16.0\winword.exe_Rules\rule23070v1.xml
CreationUtcTime: 2024-08-20 00:14:56.098
User: MY-CALDERA\johnny.douche"
MY-CAL-WIN10.my-caldera.local,11,"File created:
RuleName: DO
UtcTime: 2024-08-20 00:15:04.406
ProcessGuid: {ca24abc9-e006-66c3-fc02-000000001d00}
ProcessId: 9816
Image: C:\Program Files (x86)\Microsoft Office\Root\Office16\WINWORD.EXE
TargetFilename: C:\Users\johnny.douche\AppData\Local\Microsoft\Office\16.0\winword.exe_Rules\rule702900v1.xml
CreationUtcTime: 2024-08-20 00:14:56.620
User: MY-CALDERA\johnny.douche"
MY-CAL-WIN10.my-caldera.local,11,"File created:
RuleName: DO
UtcTime: 2024-08-20 00:15:03.775
ProcessGuid: {ca24abc9-e006-66c3-fc02-000000001d00}
ProcessId: 9816
Image: C:\Program Files (x86)\Microsoft Office\Root\Office16\WINWORD.EXE
TargetFilename: C:\Users\johnny.douche\AppData\Local\Microsoft\Office\16.0\winword.exe_Rules\rule170143v0.xml
CreationUtcTime: 2024-08-20 00:14:56.024
User: MY-CALDERA\johnny.douche"
MY-CAL-WIN10.my-caldera.local,11,"File created:
RuleName: DO
UtcTime: 2024-08-20 00:15:03.948
ProcessGuid: {ca24abc9-e006-66c3-fc02-000000001d00}
ProcessId: 9816
Image: C:\Program Files (x86)\Microsoft Office\Root\Office16\WINWORD.EXE
TargetFilename: C:\Users\johnny.douche\AppData\Local\Microsoft\Office\16.0\winword.exe_Rules\rule324016v0.xml
CreationUtcTime: 2024-08-20 00:14:56.220
User: MY-CALDERA\johnny.douche"
MY-CAL-WIN10.my-caldera.local,11,"File created:
RuleName: DO
UtcTime: 2024-08-20 00:15:03.859
ProcessGuid: {ca24abc9-e006-66c3-fc02-000000001d00}
ProcessId: 9816
Image: C:\Program Files (x86)\Microsoft Office\Root\Office16\WINWORD.EXE
TargetFilename: C:\Users\johnny.douche\AppData\Local\Microsoft\Office\16.0\winword.exe_Rules\rule240006v2.xml
CreationUtcTime: 2024-08-20 00:14:56.109
User: MY-CALDERA\johnny.douche"
MY-CAL-WIN10.my-caldera.local,11,"File created:
RuleName: DO
UtcTime: 2024-08-20 00:15:04.407
ProcessGuid: {ca24abc9-e006-66c3-fc02-000000001d00}
ProcessId: 9816
Image: C:\Program Files (x86)\Microsoft Office\Root\Office16\WINWORD.EXE
TargetFilename: C:\Users\johnny.douche\AppData\Local\Microsoft\Office\16.0\winword.exe_Rules\rule702901v1.xml
CreationUtcTime: 2024-08-20 00:14:56.621
User: MY-CALDERA\johnny.douche"
MY-CAL-WIN10.my-caldera.local,11,"File created:
RuleName: DO
UtcTime: 2024-08-20 00:15:03.782
ProcessGuid: {ca24abc9-e006-66c3-fc02-000000001d00}
ProcessId: 9816
Image: C:\Program Files (x86)\Microsoft Office\Root\Office16\WINWORD.EXE
TargetFilename: C:\Users\johnny.douche\AppData\Local\Microsoft\Office\16.0\winword.exe_Rules\rule220036v0.xml
CreationUtcTime: 2024-08-20 00:14:56.035
User: MY-CALDERA\johnny.douche"
MY-CAL-WIN10.my-caldera.local,11,"File created:
RuleName: DO
UtcTime: 2024-08-20 00:15:03.958
ProcessGuid: {ca24abc9-e006-66c3-fc02-000000001d00}
ProcessId: 9816
Image: C:\Program Files (x86)\Microsoft Office\Root\Office16\WINWORD.EXE
TargetFilename: C:\Users\johnny.douche\AppData\Local\Microsoft\Office\16.0\winword.exe_Rules\rule326003v0.xml
CreationUtcTime: 2024-08-20 00:14:56.229
User: MY-CALDERA\johnny.douche"
MY-CAL-WIN10.my-caldera.local,11,"File created:
RuleName: DO
UtcTime: 2024-08-20 00:15:03.988
ProcessGuid: {ca24abc9-e006-66c3-fc02-000000001d00}
ProcessId: 9816
Image: C:\Program Files (x86)\Microsoft Office\Root\Office16\WINWORD.EXE
TargetFilename: C:\Users\johnny.douche\AppData\Local\Microsoft\Office\16.0\winword.exe_Rules\rule490010v7.xml
CreationUtcTime: 2024-08-20 00:14:56.261
User: MY-CALDERA\johnny.douche"
MY-CAL-WIN10.my-caldera.local,11,"File created:
RuleName: DO
UtcTime: 2024-08-20 00:15:03.998
ProcessGuid: {ca24abc9-e006-66c3-fc02-000000001d00}
ProcessId: 9816
Image: C:\Program Files (x86)\Microsoft Office\Root\Office16\WINWORD.EXE
TargetFilename: C:\Users\johnny.douche\AppData\Local\Microsoft\Office\16.0\winword.exe_Rules\rule490018v3.xml
CreationUtcTime: 2024-08-20 00:14:56.272
User: MY-CALDERA\johnny.douche"
MY-CAL-WIN10.my-caldera.local,11,"File created:
RuleName: DO
UtcTime: 2024-08-20 00:15:03.877
ProcessGuid: {ca24abc9-e006-66c3-fc02-000000001d00}
ProcessId: 9816
Image: C:\Program Files (x86)\Microsoft Office\Root\Office16\WINWORD.EXE
TargetFilename: C:\Users\johnny.douche\AppData\Local\Microsoft\Office\16.0\winword.exe_Rules\rule240026v0.xml
CreationUtcTime: 2024-08-20 00:14:56.138
User: MY-CALDERA\johnny.douche"
MY-CAL-WIN10.my-caldera.local,11,"File created:
RuleName: DO
UtcTime: 2024-08-20 00:15:04.409
ProcessGuid: {ca24abc9-e006-66c3-fc02-000000001d00}
ProcessId: 9816
Image: C:\Program Files (x86)\Microsoft Office\Root\Office16\WINWORD.EXE
TargetFilename: C:\Users\johnny.douche\AppData\Local\Microsoft\Office\16.0\winword.exe_Rules\rule702950v1.xml
CreationUtcTime: 2024-08-20 00:14:56.623
User: MY-CALDERA\johnny.douche"
MY-CAL-WIN10.my-caldera.local,11,"File created:
RuleName: DO
UtcTime: 2024-08-20 00:15:03.798
ProcessGuid: {ca24abc9-e006-66c3-fc02-000000001d00}
ProcessId: 9816
Image: C:\Program Files (x86)\Microsoft Office\Root\Office16\WINWORD.EXE
TargetFilename: C:\Users\johnny.douche\AppData\Local\Microsoft\Office\16.0\winword.exe_Rules\rule224012v0.xml
CreationUtcTime: 2024-08-20 00:14:56.055
User: MY-CALDERA\johnny.douche"
MY-CAL-WIN10.my-caldera.local,11,"File created:
RuleName: DO
UtcTime: 2024-08-20 00:15:04.010
ProcessGuid: {ca24abc9-e006-66c3-fc02-000000001d00}
ProcessId: 9816
Image: C:\Program Files (x86)\Microsoft Office\Root\Office16\WINWORD.EXE
TargetFilename: C:\Users\johnny.douche\AppData\Local\Microsoft\Office\16.0\winword.exe_Rules\rule490031v0.xml
CreationUtcTime: 2024-08-20 00:14:56.284
User: MY-CALDERA\johnny.douche"
MY-CAL-WIN10.my-caldera.local,11,"File created:
RuleName: DO
UtcTime: 2024-08-20 00:15:03.906
ProcessGuid: {ca24abc9-e006-66c3-fc02-000000001d00}
ProcessId: 9816
Image: C:\Program Files (x86)\Microsoft Office\Root\Office16\WINWORD.EXE
TargetFilename: C:\Users\johnny.douche\AppData\Local\Microsoft\Office\16.0\winword.exe_Rules\rule320021v0.xml
CreationUtcTime: 2024-08-20 00:14:56.177
User: MY-CALDERA\johnny.douche"
MY-CAL-WIN10.my-caldera.local,11,"File created:
RuleName: DO
UtcTime: 2024-08-20 00:15:04.026
ProcessGuid: {ca24abc9-e006-66c3-fc02-000000001d00}
ProcessId: 9816
Image: C:\Program Files (x86)\Microsoft Office\Root\Office16\WINWORD.EXE
TargetFilename: C:\Users\johnny.douche\AppData\Local\Microsoft\Office\16.0\winword.exe_Rules\rule500022v4.xml
CreationUtcTime: 2024-08-20 00:14:56.300
User: MY-CALDERA\johnny.douche"
MY-CAL-WIN10.my-caldera.local,11,"File created:
RuleName: DO
UtcTime: 2024-08-20 00:15:04.049
ProcessGuid: {ca24abc9-e006-66c3-fc02-000000001d00}
ProcessId: 9816
Image: C:\Program Files (x86)\Microsoft Office\Root\Office16\WINWORD.EXE
TargetFilename: C:\Users\johnny.douche\AppData\Local\Microsoft\Office\16.0\winword.exe_Rules\rule510062v0.xml
CreationUtcTime: 2024-08-20 00:14:56.323
User: MY-CALDERA\johnny.douche"
MY-CAL-WIN10.my-caldera.local,11,"File created:
RuleName: DO
UtcTime: 2024-08-20 00:15:03.815
ProcessGuid: {ca24abc9-e006-66c3-fc02-000000001d00}
ProcessId: 9816
Image: C:\Program Files (x86)\Microsoft Office\Root\Office16\WINWORD.EXE
TargetFilename: C:\Users\johnny.douche\AppData\Local\Microsoft\Office\16.0\winword.exe_Rules\rule224075v1.xml
CreationUtcTime: 2024-08-20 00:14:56.072
User: MY-CALDERA\johnny.douche"
MY-CAL-WIN10.my-caldera.local,11,"File created:
RuleName: DO
UtcTime: 2024-08-20 00:15:03.936
ProcessGuid: {ca24abc9-e006-66c3-fc02-000000001d00}
ProcessId: 9816
Image: C:\Program Files (x86)\Microsoft Office\Root\Office16\WINWORD.EXE
TargetFilename: C:\Users\johnny.douche\AppData\Local\Microsoft\Office\16.0\winword.exe_Rules\rule324009v2.xml
CreationUtcTime: 2024-08-20 00:14:56.207
User: MY-CALDERA\johnny.douche"
MY-CAL-WIN10.my-caldera.local,11,"File created:
RuleName: DO
UtcTime: 2024-08-20 00:15:04.069
ProcessGuid: {ca24abc9-e006-66c3-fc02-000000001d00}
ProcessId: 9816
Image: C:\Program Files (x86)\Microsoft Office\Root\Office16\WINWORD.EXE
TargetFilename: C:\Users\johnny.douche\AppData\Local\Microsoft\Office\16.0\winword.exe_Rules\rule63042v3.xml
CreationUtcTime: 2024-08-20 00:14:56.344
User: MY-CALDERA\johnny.douche"
MY-CAL-WIN10.my-caldera.local,11,"File created:
RuleName: DO
UtcTime: 2024-08-20 00:15:04.079
ProcessGuid: {ca24abc9-e006-66c3-fc02-000000001d00}
ProcessId: 9816
Image: C:\Program Files (x86)\Microsoft Office\Root\Office16\WINWORD.EXE
TargetFilename: C:\Users\johnny.douche\AppData\Local\Microsoft\Office\16.0\winword.exe_Rules\rule63054v5.xml
CreationUtcTime: 2024-08-20 00:14:56.356
User: MY-CALDERA\johnny.douche"
MY-CAL-WIN10.my-caldera.local,11,"File created:
RuleName: DO
UtcTime: 2024-08-20 00:15:04.090
ProcessGuid: {ca24abc9-e006-66c3-fc02-000000001d00}
ProcessId: 9816
Image: C:\Program Files (x86)\Microsoft Office\Root\Office16\WINWORD.EXE
TargetFilename: C:\Users\johnny.douche\AppData\Local\Microsoft\Office\16.0\winword.exe_Rules\rule63067v4.xml
CreationUtcTime: 2024-08-20 00:14:56.370
User: MY-CALDERA\johnny.douche"
MY-CAL-WIN10.my-caldera.local,11,"File created:
RuleName: DO
UtcTime: 2024-08-20 00:15:04.105
ProcessGuid: {ca24abc9-e006-66c3-fc02-000000001d00}
ProcessId: 9816
Image: C:\Program Files (x86)\Microsoft Office\Root\Office16\WINWORD.EXE
TargetFilename: C:\Users\johnny.douche\AppData\Local\Microsoft\Office\16.0\winword.exe_Rules\rule680000v1.xml
CreationUtcTime: 2024-08-20 00:14:56.383
User: MY-CALDERA\johnny.douche"
MY-CAL-WIN10.my-caldera.local,11,"File created:
RuleName: DO
UtcTime: 2024-08-20 00:15:03.829
ProcessGuid: {ca24abc9-e006-66c3-fc02-000000001d00}
ProcessId: 9816
Image: C:\Program Files (x86)\Microsoft Office\Root\Office16\WINWORD.EXE
TargetFilename: C:\Users\johnny.douche\AppData\Local\Microsoft\Office\16.0\winword.exe_Rules\rule224900v0.xml
CreationUtcTime: 2024-08-20 00:14:56.085
User: MY-CALDERA\johnny.douche"
MY-CAL-WIN10.my-caldera.local,11,"File created:
RuleName: DO
UtcTime: 2024-08-20 00:15:03.945
ProcessGuid: {ca24abc9-e006-66c3-fc02-000000001d00}
ProcessId: 9816
Image: C:\Program Files (x86)\Microsoft Office\Root\Office16\WINWORD.EXE
TargetFilename: C:\Users\johnny.douche\AppData\Local\Microsoft\Office\16.0\winword.exe_Rules\rule324014v0.xml
CreationUtcTime: 2024-08-20 00:14:56.216
User: MY-CALDERA\johnny.douche"
MY-CAL-WIN10.my-caldera.local,11,"File created:
RuleName: DO
UtcTime: 2024-08-20 00:15:04.110
ProcessGuid: {ca24abc9-e006-66c3-fc02-000000001d00}
ProcessId: 9816
Image: C:\Program Files (x86)\Microsoft Office\Root\Office16\WINWORD.EXE
TargetFilename: C:\Users\johnny.douche\AppData\Local\Microsoft\Office\16.0\winword.exe_Rules\rule680004v0.xml
CreationUtcTime: 2024-08-20 00:14:56.388
User: MY-CALDERA\johnny.douche"
MY-CAL-WIN10.my-caldera.local,11,"File created:
RuleName: DO
UtcTime: 2024-08-20 00:15:03.865
ProcessGuid: {ca24abc9-e006-66c3-fc02-000000001d00}
ProcessId: 9816
Image: C:\Program Files (x86)\Microsoft Office\Root\Office16\WINWORD.EXE
TargetFilename: C:\Users\johnny.douche\AppData\Local\Microsoft\Office\16.0\winword.exe_Rules\rule240012v1.xml
CreationUtcTime: 2024-08-20 00:14:56.118
User: MY-CALDERA\johnny.douche"
MY-CAL-WIN10.my-caldera.local,11,"File created:
RuleName: DO
UtcTime: 2024-08-20 00:15:03.987
ProcessGuid: {ca24abc9-e006-66c3-fc02-000000001d00}
ProcessId: 9816
Image: C:\Program Files (x86)\Microsoft Office\Root\Office16\WINWORD.EXE
TargetFilename: C:\Users\johnny.douche\AppData\Local\Microsoft\Office\16.0\winword.exe_Rules\rule490009v5.xml
CreationUtcTime: 2024-08-20 00:14:56.260
User: MY-CALDERA\johnny.douche"
MY-CAL-WIN10.my-caldera.local,11,"File created:
RuleName: DO
UtcTime: 2024-08-20 00:15:03.997
ProcessGuid: {ca24abc9-e006-66c3-fc02-000000001d00}
ProcessId: 9816
Image: C:\Program Files (x86)\Microsoft Office\Root\Office16\WINWORD.EXE
TargetFilename: C:\Users\johnny.douche\AppData\Local\Microsoft\Office\16.0\winword.exe_Rules\rule490016v3.xml
CreationUtcTime: 2024-08-20 00:14:56.271
User: MY-CALDERA\johnny.douche"
MY-CAL-WIN10.my-caldera.local,11,"File created:
RuleName: DO
UtcTime: 2024-08-20 00:15:04.127
ProcessGuid: {ca24abc9-e006-66c3-fc02-000000001d00}
ProcessId: 9816
Image: C:\Program Files (x86)\Microsoft Office\Root\Office16\WINWORD.EXE
TargetFilename: C:\Users\johnny.douche\AppData\Local\Microsoft\Office\16.0\winword.exe_Rules\rule68012v2.xml
CreationUtcTime: 2024-08-20 00:14:56.405
User: MY-CALDERA\johnny.douche"
MY-CAL-WIN10.my-caldera.local,11,"File created:
RuleName: DO
UtcTime: 2024-08-20 00:15:03.883
ProcessGuid: {ca24abc9-e006-66c3-fc02-000000001d00}
ProcessId: 9816
Image: C:\Program Files (x86)\Microsoft Office\Root\Office16\WINWORD.EXE
TargetFilename: C:\Users\johnny.douche\AppData\Local\Microsoft\Office\16.0\winword.exe_Rules\rule240033v0.xml
CreationUtcTime: 2024-08-20 00:14:56.147
User: MY-CALDERA\johnny.douche"
MY-CAL-WIN10.my-caldera.local,11,"File created:
RuleName: DO
UtcTime: 2024-08-20 00:15:04.025
ProcessGuid: {ca24abc9-e006-66c3-fc02-000000001d00}
ProcessId: 9816
Image: C:\Program Files (x86)\Microsoft Office\Root\Office16\WINWORD.EXE
TargetFilename: C:\Users\johnny.douche\AppData\Local\Microsoft\Office\16.0\winword.exe_Rules\rule500009v4.xml
CreationUtcTime: 2024-08-20 00:14:56.299
User: MY-CALDERA\johnny.douche"
MY-CAL-WIN10.my-caldera.local,11,"File created:
RuleName: DO
UtcTime: 2024-08-20 00:15:03.892
ProcessGuid: {ca24abc9-e006-66c3-fc02-000000001d00}
ProcessId: 9816
Image: C:\Program Files (x86)\Microsoft Office\Root\Office16\WINWORD.EXE
TargetFilename: C:\Users\johnny.douche\AppData\Local\Microsoft\Office\16.0\winword.exe_Rules\rule310000v1.xml
CreationUtcTime: 2024-08-20 00:14:56.159
User: MY-CALDERA\johnny.douche"
MY-CAL-WIN10.my-caldera.local,11,"File created:
RuleName: DO
UtcTime: 2024-08-20 00:15:04.160
ProcessGuid: {ca24abc9-e006-66c3-fc02-000000001d00}
ProcessId: 9816
Image: C:\Program Files (x86)\Microsoft Office\Root\Office16\WINWORD.EXE
TargetFilename: C:\Users\johnny.douche\AppData\Local\Microsoft\Office\16.0\winword.exe_Rules\rule69600v1.xml
CreationUtcTime: 2024-08-20 00:14:56.437
User: MY-CALDERA\johnny.douche"
MY-CAL-WIN10.my-caldera.local,11,"File created:
RuleName: DO
UtcTime: 2024-08-20 00:15:04.048
ProcessGuid: {ca24abc9-e006-66c3-fc02-000000001d00}
ProcessId: 9816
Image: C:\Program Files (x86)\Microsoft Office\Root\Office16\WINWORD.EXE
TargetFilename: C:\Users\johnny.douche\AppData\Local\Microsoft\Office\16.0\winword.exe_Rules\rule510047v0.xml
CreationUtcTime: 2024-08-20 00:14:56.321
User: MY-CALDERA\johnny.douche"
MY-CAL-WIN10.my-caldera.local,11,"File created:
RuleName: DO
UtcTime: 2024-08-20 00:15:03.913
ProcessGuid: {ca24abc9-e006-66c3-fc02-000000001d00}
ProcessId: 9816
Image: C:\Program Files (x86)\Microsoft Office\Root\Office16\WINWORD.EXE
TargetFilename: C:\Users\johnny.douche\AppData\Local\Microsoft\Office\16.0\winword.exe_Rules\rule320034v0.xml
CreationUtcTime: 2024-08-20 00:14:56.184
User: MY-CALDERA\johnny.douche"
MY-CAL-WIN10.my-caldera.local,11,"File created:
RuleName: DO
UtcTime: 2024-08-20 00:15:04.067
ProcessGuid: {ca24abc9-e006-66c3-fc02-000000001d00}
ProcessId: 9816
Image: C:\Program Files (x86)\Microsoft Office\Root\Office16\WINWORD.EXE
TargetFilename: C:\Users\johnny.douche\AppData\Local\Microsoft\Office\16.0\winword.exe_Rules\rule63041v2.xml
CreationUtcTime: 2024-08-20 00:14:56.342
User: MY-CALDERA\johnny.douche"
MY-CAL-WIN10.my-caldera.local,11,"File created:
RuleName: DO
UtcTime: 2024-08-20 00:15:03.923
ProcessGuid: {ca24abc9-e006-66c3-fc02-000000001d00}
ProcessId: 9816
Image: C:\Program Files (x86)\Microsoft Office\Root\Office16\WINWORD.EXE
TargetFilename: C:\Users\johnny.douche\AppData\Local\Microsoft\Office\16.0\winword.exe_Rules\rule324003v5.xml
CreationUtcTime: 2024-08-20 00:14:56.194
User: MY-CALDERA\johnny.douche"
MY-CAL-WIN10.my-caldera.local,11,"File created:
RuleName: DO
UtcTime: 2024-08-20 00:15:04.410
ProcessGuid: {ca24abc9-e006-66c3-fc02-000000001d00}
ProcessId: 9816
Image: C:\Program Files (x86)\Microsoft Office\Root\Office16\WINWORD.EXE
TargetFilename: C:\Users\johnny.douche\AppData\Local\Microsoft\Office\16.0\winword.exe_Rules\rule702951v1.xml
CreationUtcTime: 2024-08-20 00:14:56.625
User: MY-CALDERA\johnny.douche"
MY-CAL-WIN10.my-caldera.local,11,"File created:
RuleName: DO
UtcTime: 2024-08-20 00:15:04.412
ProcessGuid: {ca24abc9-e006-66c3-fc02-000000001d00}
ProcessId: 9816
Image: C:\Program Files (x86)\Microsoft Office\Root\Office16\WINWORD.EXE
TargetFilename: C:\Users\johnny.douche\AppData\Local\Microsoft\Office\16.0\winword.exe_Rules\rule703000v1.xml
CreationUtcTime: 2024-08-20 00:14:56.627
User: MY-CALDERA\johnny.douche"
MY-CAL-WIN10.my-caldera.local,11,"File created:
RuleName: DO
UtcTime: 2024-08-20 00:15:04.088
ProcessGuid: {ca24abc9-e006-66c3-fc02-000000001d00}
ProcessId: 9816
Image: C:\Program Files (x86)\Microsoft Office\Root\Office16\WINWORD.EXE
TargetFilename: C:\Users\johnny.douche\AppData\Local\Microsoft\Office\16.0\winword.exe_Rules\rule63066v1.xml
CreationUtcTime: 2024-08-20 00:14:56.369
User: MY-CALDERA\johnny.douche"
MY-CAL-WIN10.my-caldera.local,11,"File created:
RuleName: DO
UtcTime: 2024-08-20 00:15:03.943
ProcessGuid: {ca24abc9-e006-66c3-fc02-000000001d00}
ProcessId: 9816
Image: C:\Program Files (x86)\Microsoft Office\Root\Office16\WINWORD.EXE
TargetFilename: C:\Users\johnny.douche\AppData\Local\Microsoft\Office\16.0\winword.exe_Rules\rule324012v3.xml
CreationUtcTime: 2024-08-20 00:14:56.214
User: MY-CALDERA\johnny.douche"
MY-CAL-WIN10.my-caldera.local,11,"File created:
RuleName: DO
UtcTime: 2024-08-20 00:15:04.117
ProcessGuid: {ca24abc9-e006-66c3-fc02-000000001d00}
ProcessId: 9816
Image: C:\Program Files (x86)\Microsoft Office\Root\Office16\WINWORD.EXE
TargetFilename: C:\Users\johnny.douche\AppData\Local\Microsoft\Office\16.0\winword.exe_Rules\rule68003v12.xml
CreationUtcTime: 2024-08-20 00:14:56.396
User: MY-CALDERA\johnny.douche"
MY-CAL-WIN10.my-caldera.local,11,"File created:
RuleName: DO
UtcTime: 2024-08-20 00:15:04.413
ProcessGuid: {ca24abc9-e006-66c3-fc02-000000001d00}
ProcessId: 9816
Image: C:\Program Files (x86)\Microsoft Office\Root\Office16\WINWORD.EXE
TargetFilename: C:\Users\johnny.douche\AppData\Local\Microsoft\Office\16.0\winword.exe_Rules\rule703001v1.xml
CreationUtcTime: 2024-08-20 00:14:56.629
User: MY-CALDERA\johnny.douche"
MY-CAL-WIN10.my-caldera.local,11,"File created:
RuleName: DO
UtcTime: 2024-08-20 00:15:03.952
ProcessGuid: {ca24abc9-e006-66c3-fc02-000000001d00}
ProcessId: 9816
Image: C:\Program Files (x86)\Microsoft Office\Root\Office16\WINWORD.EXE
TargetFilename: C:\Users\johnny.douche\AppData\Local\Microsoft\Office\16.0\winword.exe_Rules\rule325002v0.xml
CreationUtcTime: 2024-08-20 00:14:56.223
User: MY-CALDERA\johnny.douche"
MY-CAL-WIN10.my-caldera.local,11,"File created:
RuleName: DO
UtcTime: 2024-08-20 00:15:03.983
ProcessGuid: {ca24abc9-e006-66c3-fc02-000000001d00}
ProcessId: 9816
Image: C:\Program Files (x86)\Microsoft Office\Root\Office16\WINWORD.EXE
TargetFilename: C:\Users\johnny.douche\AppData\Local\Microsoft\Office\16.0\winword.exe_Rules\rule490003v7.xml
CreationUtcTime: 2024-08-20 00:14:56.255
User: MY-CALDERA\johnny.douche"
MY-CAL-WIN10.my-caldera.local,11,"File created:
RuleName: DO
UtcTime: 2024-08-20 00:15:04.126
ProcessGuid: {ca24abc9-e006-66c3-fc02-000000001d00}
ProcessId: 9816
Image: C:\Program Files (x86)\Microsoft Office\Root\Office16\WINWORD.EXE
TargetFilename: C:\Users\johnny.douche\AppData\Local\Microsoft\Office\16.0\winword.exe_Rules\rule68011v4.xml
CreationUtcTime: 2024-08-20 00:14:56.404
User: MY-CALDERA\johnny.douche"
MY-CAL-WIN10.my-caldera.local,11,"File created:
RuleName: DO
UtcTime: 2024-08-20 00:15:03.992
ProcessGuid: {ca24abc9-e006-66c3-fc02-000000001d00}
ProcessId: 9816
Image: C:\Program Files (x86)\Microsoft Office\Root\Office16\WINWORD.EXE
TargetFilename: C:\Users\johnny.douche\AppData\Local\Microsoft\Office\16.0\winword.exe_Rules\rule490015v2.xml
CreationUtcTime: 2024-08-20 00:14:56.265
User: MY-CALDERA\johnny.douche"
MY-CAL-WIN10.my-caldera.local,11,"File created:
RuleName: DO
UtcTime: 2024-08-20 00:15:04.149
ProcessGuid: {ca24abc9-e006-66c3-fc02-000000001d00}
ProcessId: 9816
Image: C:\Program Files (x86)\Microsoft Office\Root\Office16\WINWORD.EXE
TargetFilename: C:\Users\johnny.douche\AppData\Local\Microsoft\Office\16.0\winword.exe_Rules\rule68028v0.xml
CreationUtcTime: 2024-08-20 00:14:56.427
User: MY-CALDERA\johnny.douche"
MY-CAL-WIN10.my-caldera.local,11,"File created:
RuleName: DO
UtcTime: 2024-08-20 00:15:04.002
ProcessGuid: {ca24abc9-e006-66c3-fc02-000000001d00}
ProcessId: 9816
Image: C:\Program Files (x86)\Microsoft Office\Root\Office16\WINWORD.EXE
TargetFilename: C:\Users\johnny.douche\AppData\Local\Microsoft\Office\16.0\winword.exe_Rules\rule490024v0.xml
CreationUtcTime: 2024-08-20 00:14:56.276
User: MY-CALDERA\johnny.douche"
MY-CAL-WIN10.my-caldera.local,11,"File created:
RuleName: DO
UtcTime: 2024-08-20 00:15:04.004
ProcessGuid: {ca24abc9-e006-66c3-fc02-000000001d00}
ProcessId: 9816
Image: C:\Program Files (x86)\Microsoft Office\Root\Office16\WINWORD.EXE
TargetFilename: C:\Users\johnny.douche\AppData\Local\Microsoft\Office\16.0\winword.exe_Rules\rule490025v0.xml
CreationUtcTime: 2024-08-20 00:14:56.278
User: MY-CALDERA\johnny.douche"
MY-CAL-WIN10.my-caldera.local,11,"File created:
RuleName: DO
UtcTime: 2024-08-20 00:15:04.005
ProcessGuid: {ca24abc9-e006-66c3-fc02-000000001d00}
ProcessId: 9816
Image: C:\Program Files (x86)\Microsoft Office\Root\Office16\WINWORD.EXE
TargetFilename: C:\Users\johnny.douche\AppData\Local\Microsoft\Office\16.0\winword.exe_Rules\rule490027v1.xml
CreationUtcTime: 2024-08-20 00:14:56.279
User: MY-CALDERA\johnny.douche"
MY-CAL-WIN10.my-caldera.local,11,"File created:
RuleName: DO
UtcTime: 2024-08-20 00:15:04.021
ProcessGuid: {ca24abc9-e006-66c3-fc02-000000001d00}
ProcessId: 9816
Image: C:\Program Files (x86)\Microsoft Office\Root\Office16\WINWORD.EXE
TargetFilename: C:\Users\johnny.douche\AppData\Local\Microsoft\Office\16.0\winword.exe_Rules\rule500006v2.xml
CreationUtcTime: 2024-08-20 00:14:56.294
User: MY-CALDERA\johnny.douche"
MY-CAL-WIN10.my-caldera.local,11,"File created:
RuleName: DO
UtcTime: 2024-08-20 00:15:04.185
ProcessGuid: {ca24abc9-e006-66c3-fc02-000000001d00}
ProcessId: 9816
Image: C:\Program Files (x86)\Microsoft Office\Root\Office16\WINWORD.EXE
TargetFilename: C:\Users\johnny.douche\AppData\Local\Microsoft\Office\16.0\winword.exe_Rules\rule700251v1.xml
CreationUtcTime: 2024-08-20 00:14:56.463
User: MY-CALDERA\johnny.douche"
MY-CAL-WIN10.my-caldera.local,11,"File created:
RuleName: DO
UtcTime: 2024-08-20 00:15:04.052
ProcessGuid: {ca24abc9-e006-66c3-fc02-000000001d00}
ProcessId: 9816
Image: C:\Program Files (x86)\Microsoft Office\Root\Office16\WINWORD.EXE
TargetFilename: C:\Users\johnny.douche\AppData\Local\Microsoft\Office\16.0\winword.exe_Rules\rule610003v1.xml
CreationUtcTime: 2024-08-20 00:14:56.325
User: MY-CALDERA\johnny.douche"
MY-CAL-WIN10.my-caldera.local,11,"File created:
RuleName: DO
UtcTime: 2024-08-20 00:15:04.062
ProcessGuid: {ca24abc9-e006-66c3-fc02-000000001d00}
ProcessId: 9816
Image: C:\Program Files (x86)\Microsoft Office\Root\Office16\WINWORD.EXE
TargetFilename: C:\Users\johnny.douche\AppData\Local\Microsoft\Office\16.0\winword.exe_Rules\rule63028v4.xml
CreationUtcTime: 2024-08-20 00:14:56.336
User: MY-CALDERA\johnny.douche"
MY-CAL-WIN10.my-caldera.local,11,"File created:
RuleName: DO
UtcTime: 2024-08-20 00:15:04.072
ProcessGuid: {ca24abc9-e006-66c3-fc02-000000001d00}
ProcessId: 9816
Image: C:\Program Files (x86)\Microsoft Office\Root\Office16\WINWORD.EXE
TargetFilename: C:\Users\johnny.douche\AppData\Local\Microsoft\Office\16.0\winword.exe_Rules\rule63048v6.xml
CreationUtcTime: 2024-08-20 00:14:56.348
User: MY-CALDERA\johnny.douche"
MY-CAL-WIN10.my-caldera.local,11,"File created:
RuleName: DO
UtcTime: 2024-08-20 00:15:04.113
ProcessGuid: {ca24abc9-e006-66c3-fc02-000000001d00}
ProcessId: 9816
Image: C:\Program Files (x86)\Microsoft Office\Root\Office16\WINWORD.EXE
TargetFilename: C:\Users\johnny.douche\AppData\Local\Microsoft\Office\16.0\winword.exe_Rules\rule68000v3.xml
CreationUtcTime: 2024-08-20 00:14:56.391
User: MY-CALDERA\johnny.douche"
