MY-CAL-WIN10.my-caldera.local,11,"File created:
RuleName: DO
UtcTime: 2024-08-20 00:14:55.527
ProcessGuid: {ca24abc9-dffc-66c3-ef02-000000001d00}
ProcessId: 11020
Image: C:\Program Files (x86)\Microsoft Office\Root\Office16\WINWORD.EXE
TargetFilename: C:\Users\johnny.douche\AppData\Local\Microsoft\Office\16.0\winword.exe_Rules\rule170019v1.xml
CreationUtcTime: 2024-08-20 00:14:55.527
User: MY-CALDERA\johnny.douche"
MY-CAL-WIN10.my-caldera.local,11,"File created:
RuleName: DO
UtcTime: 2024-08-20 00:14:55.541
ProcessGuid: {ca24abc9-dffc-66c3-ef02-000000001d00}
ProcessId: 11020
Image: C:\Program Files (x86)\Microsoft Office\Root\Office16\WINWORD.EXE
TargetFilename: C:\Users\johnny.douche\AppData\Local\Microsoft\Office\16.0\winword.exe_Rules\rule170035v1.xml
CreationUtcTime: 2024-08-20 00:14:55.541
User: MY-CALDERA\johnny.douche"
MY-CAL-WIN10.my-caldera.local,11,"File created:
RuleName: DO
UtcTime: 2024-08-20 00:14:55.572
ProcessGuid: {ca24abc9-dffc-66c3-ef02-000000001d00}
ProcessId: 11020
Image: C:\Program Files (x86)\Microsoft Office\Root\Office16\WINWORD.EXE
TargetFilename: C:\Users\johnny.douche\AppData\Local\Microsoft\Office\16.0\winword.exe_Rules\rule170071v2.xml
CreationUtcTime: 2024-08-20 00:14:55.572
User: MY-CALDERA\johnny.douche"
MY-CAL-WIN10.my-caldera.local,11,"File created:
RuleName: DO
UtcTime: 2024-08-20 00:14:56.155
ProcessGuid: {ca24abc9-dffc-66c3-ef02-000000001d00}
ProcessId: 11020
Image: C:\Program Files (x86)\Microsoft Office\Root\Office16\WINWORD.EXE
TargetFilename: C:\Users\johnny.douche\AppData\Local\Microsoft\Office\16.0\winword.exe_Rules\rule241000v0.xml
CreationUtcTime: 2024-08-20 00:14:56.154
User: MY-CALDERA\johnny.douche"
MY-CAL-WIN10.my-caldera.local,11,"File created:
RuleName: DO
UtcTime: 2024-08-20 00:14:56.168
ProcessGuid: {ca24abc9-dffc-66c3-ef02-000000001d00}
ProcessId: 11020
Image: C:\Program Files (x86)\Microsoft Office\Root\Office16\WINWORD.EXE
TargetFilename: C:\Users\johnny.douche\AppData\Local\Microsoft\Office\16.0\winword.exe_Rules\rule320005v4.xml
CreationUtcTime: 2024-08-20 00:14:56.168
User: MY-CALDERA\johnny.douche"
MY-CAL-WIN10.my-caldera.local,11,"File created:
RuleName: DO
UtcTime: 2024-08-20 00:14:56.199
ProcessGuid: {ca24abc9-dffc-66c3-ef02-000000001d00}
ProcessId: 11020
Image: C:\Program Files (x86)\Microsoft Office\Root\Office16\WINWORD.EXE
TargetFilename: C:\Users\johnny.douche\AppData\Local\Microsoft\Office\16.0\winword.exe_Rules\rule324006v2.xml
CreationUtcTime: 2024-08-20 00:14:56.199
User: MY-CALDERA\johnny.douche"
MY-CAL-WIN10.my-caldera.local,11,"File created:
RuleName: DO
UtcTime: 2024-08-20 00:14:56.206
ProcessGuid: {ca24abc9-dffc-66c3-ef02-000000001d00}
ProcessId: 11020
Image: C:\Program Files (x86)\Microsoft Office\Root\Office16\WINWORD.EXE
TargetFilename: C:\Users\johnny.douche\AppData\Local\Microsoft\Office\16.0\winword.exe_Rules\rule324008v3.xml
CreationUtcTime: 2024-08-20 00:14:56.206
User: MY-CALDERA\johnny.douche"
MY-CAL-WIN10.my-caldera.local,11,"File created:
RuleName: DO
UtcTime: 2024-08-20 00:14:55.449
ProcessGuid: {ca24abc9-dffc-66c3-ef02-000000001d00}
ProcessId: 11020
Image: C:\Program Files (x86)\Microsoft Office\Root\Office16\WINWORD.EXE
TargetFilename: C:\Users\johnny.douche\AppData\Local\Microsoft\Office\16.0\winword.exe_Rules\rule120639v0.xml
CreationUtcTime: 2024-08-20 00:14:55.448
User: MY-CALDERA\johnny.douche"
MY-CAL-WIN10.my-caldera.local,11,"File created:
RuleName: DO
UtcTime: 2024-08-20 00:14:55.457
ProcessGuid: {ca24abc9-dffc-66c3-ef02-000000001d00}
ProcessId: 11020
Image: C:\Program Files (x86)\Microsoft Office\Root\Office16\WINWORD.EXE
TargetFilename: C:\Users\johnny.douche\AppData\Local\Microsoft\Office\16.0\winword.exe_Rules\rule120645v0.xml
CreationUtcTime: 2024-08-20 00:14:55.456
User: MY-CALDERA\johnny.douche"
MY-CAL-WIN10.my-caldera.local,11,"File created:
RuleName: DO
UtcTime: 2024-08-20 00:14:55.494
ProcessGuid: {ca24abc9-dffc-66c3-ef02-000000001d00}
ProcessId: 11020
Image: C:\Program Files (x86)\Microsoft Office\Root\Office16\WINWORD.EXE
TargetFilename: C:\Users\johnny.douche\AppData\Local\Microsoft\Office\16.0\winword.exe_Rules\rule120673v0.xml
CreationUtcTime: 2024-08-20 00:14:55.494
User: MY-CALDERA\johnny.douche"
MY-CAL-WIN10.my-caldera.local,11,"File created:
RuleName: DO
UtcTime: 2024-08-20 00:14:55.512
ProcessGuid: {ca24abc9-dffc-66c3-ef02-000000001d00}
ProcessId: 11020
Image: C:\Program Files (x86)\Microsoft Office\Root\Office16\WINWORD.EXE
TargetFilename: C:\Users\johnny.douche\AppData\Local\Microsoft\Office\16.0\winword.exe_Rules\rule170003v1.xml
CreationUtcTime: 2024-08-20 00:14:55.512
User: MY-CALDERA\johnny.douche"
MY-CAL-WIN10.my-caldera.local,11,"File created:
RuleName: DO
UtcTime: 2024-08-20 00:14:55.532
ProcessGuid: {ca24abc9-dffc-66c3-ef02-000000001d00}
ProcessId: 11020
Image: C:\Program Files (x86)\Microsoft Office\Root\Office16\WINWORD.EXE
TargetFilename: C:\Users\johnny.douche\AppData\Local\Microsoft\Office\16.0\winword.exe_Rules\rule170026v0.xml
CreationUtcTime: 2024-08-20 00:14:55.532
User: MY-CALDERA\johnny.douche"
MY-CAL-WIN10.my-caldera.local,11,"File created:
RuleName: DO
UtcTime: 2024-08-20 00:14:55.548
ProcessGuid: {ca24abc9-dffc-66c3-ef02-000000001d00}
ProcessId: 11020
Image: C:\Program Files (x86)\Microsoft Office\Root\Office16\WINWORD.EXE
TargetFilename: C:\Users\johnny.douche\AppData\Local\Microsoft\Office\16.0\winword.exe_Rules\rule170041v2.xml
CreationUtcTime: 2024-08-20 00:14:55.547
User: MY-CALDERA\johnny.douche"
MY-CAL-WIN10.my-caldera.local,11,"File created:
RuleName: DO
UtcTime: 2024-08-20 00:14:55.559
ProcessGuid: {ca24abc9-dffc-66c3-ef02-000000001d00}
ProcessId: 11020
Image: C:\Program Files (x86)\Microsoft Office\Root\Office16\WINWORD.EXE
TargetFilename: C:\Users\johnny.douche\AppData\Local\Microsoft\Office\16.0\winword.exe_Rules\rule170056v0.xml
CreationUtcTime: 2024-08-20 00:14:55.559
User: MY-CALDERA\johnny.douche"
MY-CAL-WIN10.my-caldera.local,11,"File created:
RuleName: DO
UtcTime: 2024-08-20 00:14:55.568
ProcessGuid: {ca24abc9-dffc-66c3-ef02-000000001d00}
ProcessId: 11020
Image: C:\Program Files (x86)\Microsoft Office\Root\Office16\WINWORD.EXE
TargetFilename: C:\Users\johnny.douche\AppData\Local\Microsoft\Office\16.0\winword.exe_Rules\rule170068v0.xml
CreationUtcTime: 2024-08-20 00:14:55.568
User: MY-CALDERA\johnny.douche"
MY-CAL-WIN10.my-caldera.local,11,"File created:
RuleName: DO
UtcTime: 2024-08-20 00:14:55.928
ProcessGuid: {ca24abc9-dffc-66c3-ef02-000000001d00}
ProcessId: 11020
Image: C:\Program Files (x86)\Microsoft Office\Root\Office16\WINWORD.EXE
TargetFilename: C:\Users\johnny.douche\AppData\Local\Microsoft\Office\16.0\winword.exe_Rules\rule170095v1.xml
CreationUtcTime: 2024-08-20 00:14:55.928
User: MY-CALDERA\johnny.douche"
MY-CAL-WIN10.my-caldera.local,11,"File created:
RuleName: DO
UtcTime: 2024-08-20 00:14:56.135
ProcessGuid: {ca24abc9-dffc-66c3-ef02-000000001d00}
ProcessId: 11020
Image: C:\Program Files (x86)\Microsoft Office\Root\Office16\WINWORD.EXE
TargetFilename: C:\Users\johnny.douche\AppData\Local\Microsoft\Office\16.0\winword.exe_Rules\rule240021v1.xml
CreationUtcTime: 2024-08-20 00:14:56.134
User: MY-CALDERA\johnny.douche"
MY-CAL-WIN10.my-caldera.local,11,"File created:
RuleName: DO
UtcTime: 2024-08-20 00:14:56.212
ProcessGuid: {ca24abc9-dffc-66c3-ef02-000000001d00}
ProcessId: 11020
Image: C:\Program Files (x86)\Microsoft Office\Root\Office16\WINWORD.EXE
TargetFilename: C:\Users\johnny.douche\AppData\Local\Microsoft\Office\16.0\winword.exe_Rules\rule324011v1.xml
CreationUtcTime: 2024-08-20 00:14:56.212
User: MY-CALDERA\johnny.douche"
MY-CAL-WIN10.my-caldera.local,11,"File created:
RuleName: DO
UtcTime: 2024-08-20 00:14:55.448
ProcessGuid: {ca24abc9-dffc-66c3-ef02-000000001d00}
ProcessId: 11020
Image: C:\Program Files (x86)\Microsoft Office\Root\Office16\WINWORD.EXE
TargetFilename: C:\Users\johnny.douche\AppData\Local\Microsoft\Office\16.0\winword.exe_Rules\rule120638v0.xml
CreationUtcTime: 2024-08-20 00:14:55.447
User: MY-CALDERA\johnny.douche"
MY-CAL-WIN10.my-caldera.local,11,"File created:
RuleName: DO
UtcTime: 2024-08-20 00:14:55.455
ProcessGuid: {ca24abc9-dffc-66c3-ef02-000000001d00}
ProcessId: 11020
Image: C:\Program Files (x86)\Microsoft Office\Root\Office16\WINWORD.EXE
TargetFilename: C:\Users\johnny.douche\AppData\Local\Microsoft\Office\16.0\winword.exe_Rules\rule120644v0.xml
CreationUtcTime: 2024-08-20 00:14:55.454
User: MY-CALDERA\johnny.douche"
MY-CAL-WIN10.my-caldera.local,11,"File created:
RuleName: DO
UtcTime: 2024-08-20 00:14:55.472
ProcessGuid: {ca24abc9-dffc-66c3-ef02-000000001d00}
ProcessId: 11020
Image: C:\Program Files (x86)\Microsoft Office\Root\Office16\WINWORD.EXE
TargetFilename: C:\Users\johnny.douche\AppData\Local\Microsoft\Office\16.0\winword.exe_Rules\rule120657v0.xml
CreationUtcTime: 2024-08-20 00:14:55.472
User: MY-CALDERA\johnny.douche"
MY-CAL-WIN10.my-caldera.local,11,"File created:
RuleName: DO
UtcTime: 2024-08-20 00:14:55.489
ProcessGuid: {ca24abc9-dffc-66c3-ef02-000000001d00}
ProcessId: 11020
Image: C:\Program Files (x86)\Microsoft Office\Root\Office16\WINWORD.EXE
TargetFilename: C:\Users\johnny.douche\AppData\Local\Microsoft\Office\16.0\winword.exe_Rules\rule120670v0.xml
CreationUtcTime: 2024-08-20 00:14:55.489
User: MY-CALDERA\johnny.douche"
MY-CAL-WIN10.my-caldera.local,11,"File created:
RuleName: DO
UtcTime: 2024-08-20 00:14:55.567
ProcessGuid: {ca24abc9-dffc-66c3-ef02-000000001d00}
ProcessId: 11020
Image: C:\Program Files (x86)\Microsoft Office\Root\Office16\WINWORD.EXE
TargetFilename: C:\Users\johnny.douche\AppData\Local\Microsoft\Office\16.0\winword.exe_Rules\rule170065v0.xml
CreationUtcTime: 2024-08-20 00:14:55.567
User: MY-CALDERA\johnny.douche"
MY-CAL-WIN10.my-caldera.local,11,"File created:
RuleName: DO
UtcTime: 2024-08-20 00:14:55.576
ProcessGuid: {ca24abc9-dffc-66c3-ef02-000000001d00}
ProcessId: 11020
Image: C:\Program Files (x86)\Microsoft Office\Root\Office16\WINWORD.EXE
TargetFilename: C:\Users\johnny.douche\AppData\Local\Microsoft\Office\16.0\winword.exe_Rules\rule170074v2.xml
CreationUtcTime: 2024-08-20 00:14:55.576
User: MY-CALDERA\johnny.douche"
MY-CAL-WIN10.my-caldera.local,11,"File created:
RuleName: DO
UtcTime: 2024-08-20 00:14:55.588
ProcessGuid: {ca24abc9-dffc-66c3-ef02-000000001d00}
ProcessId: 11020
Image: C:\Program Files (x86)\Microsoft Office\Root\Office16\WINWORD.EXE
TargetFilename: C:\Users\johnny.douche\AppData\Local\Microsoft\Office\16.0\winword.exe_Rules\rule170082v1.xml
CreationUtcTime: 2024-08-20 00:14:55.588
User: MY-CALDERA\johnny.douche"
MY-CAL-WIN10.my-caldera.local,11,"File created:
RuleName: DO
UtcTime: 2024-08-20 00:14:55.926
ProcessGuid: {ca24abc9-dffc-66c3-ef02-000000001d00}
ProcessId: 11020
Image: C:\Program Files (x86)\Microsoft Office\Root\Office16\WINWORD.EXE
TargetFilename: C:\Users\johnny.douche\AppData\Local\Microsoft\Office\16.0\winword.exe_Rules\rule170091v2.xml
CreationUtcTime: 2024-08-20 00:14:55.926
User: MY-CALDERA\johnny.douche"
MY-CAL-WIN10.my-caldera.local,11,"File created:
RuleName: DO
UtcTime: 2024-08-20 00:14:56.194
ProcessGuid: {ca24abc9-dffc-66c3-ef02-000000001d00}
ProcessId: 11020
Image: C:\Program Files (x86)\Microsoft Office\Root\Office16\WINWORD.EXE
TargetFilename: C:\Users\johnny.douche\AppData\Local\Microsoft\Office\16.0\winword.exe_Rules\rule324003v5.xml
CreationUtcTime: 2024-08-20 00:14:56.194
User: MY-CALDERA\johnny.douche"
MY-CAL-WIN10.my-caldera.local,11,"File created:
RuleName: DO
UtcTime: 2024-08-20 00:14:56.215
ProcessGuid: {ca24abc9-dffc-66c3-ef02-000000001d00}
ProcessId: 11020
Image: C:\Program Files (x86)\Microsoft Office\Root\Office16\WINWORD.EXE
TargetFilename: C:\Users\johnny.douche\AppData\Local\Microsoft\Office\16.0\winword.exe_Rules\rule324013v0.xml
CreationUtcTime: 2024-08-20 00:14:56.215
User: MY-CALDERA\johnny.douche"
MY-CAL-WIN10.my-caldera.local,11,"File created:
RuleName: DO
UtcTime: 2024-08-20 00:14:55.473
ProcessGuid: {ca24abc9-dffc-66c3-ef02-000000001d00}
ProcessId: 11020
Image: C:\Program Files (x86)\Microsoft Office\Root\Office16\WINWORD.EXE
TargetFilename: C:\Users\johnny.douche\AppData\Local\Microsoft\Office\16.0\winword.exe_Rules\rule120658v0.xml
CreationUtcTime: 2024-08-20 00:14:55.473
User: MY-CALDERA\johnny.douche"
MY-CAL-WIN10.my-caldera.local,11,"File created:
RuleName: DO
UtcTime: 2024-08-20 00:14:55.492
ProcessGuid: {ca24abc9-dffc-66c3-ef02-000000001d00}
ProcessId: 11020
Image: C:\Program Files (x86)\Microsoft Office\Root\Office16\WINWORD.EXE
TargetFilename: C:\Users\johnny.douche\AppData\Local\Microsoft\Office\16.0\winword.exe_Rules\rule120672v0.xml
CreationUtcTime: 2024-08-20 00:14:55.492
User: MY-CALDERA\johnny.douche"
MY-CAL-WIN10.my-caldera.local,11,"File created:
RuleName: DO
UtcTime: 2024-08-20 00:14:55.511
ProcessGuid: {ca24abc9-dffc-66c3-ef02-000000001d00}
ProcessId: 11020
Image: C:\Program Files (x86)\Microsoft Office\Root\Office16\WINWORD.EXE
TargetFilename: C:\Users\johnny.douche\AppData\Local\Microsoft\Office\16.0\winword.exe_Rules\rule170002v6.xml
CreationUtcTime: 2024-08-20 00:14:55.511
User: MY-CALDERA\johnny.douche"
MY-CAL-WIN10.my-caldera.local,11,"File created:
RuleName: DO
UtcTime: 2024-08-20 00:14:55.578
ProcessGuid: {ca24abc9-dffc-66c3-ef02-000000001d00}
ProcessId: 11020
Image: C:\Program Files (x86)\Microsoft Office\Root\Office16\WINWORD.EXE
TargetFilename: C:\Users\johnny.douche\AppData\Local\Microsoft\Office\16.0\winword.exe_Rules\rule170075v2.xml
CreationUtcTime: 2024-08-20 00:14:55.577
User: MY-CALDERA\johnny.douche"
MY-CAL-WIN10.my-caldera.local,11,"File created:
RuleName: DO
UtcTime: 2024-08-20 00:14:55.589
ProcessGuid: {ca24abc9-dffc-66c3-ef02-000000001d00}
ProcessId: 11020
Image: C:\Program Files (x86)\Microsoft Office\Root\Office16\WINWORD.EXE
TargetFilename: C:\Users\johnny.douche\AppData\Local\Microsoft\Office\16.0\winword.exe_Rules\rule170083v6.xml
CreationUtcTime: 2024-08-20 00:14:55.589
User: MY-CALDERA\johnny.douche"
MY-CAL-WIN10.my-caldera.local,11,"File created:
RuleName: DO
UtcTime: 2024-08-20 00:14:55.943
ProcessGuid: {ca24abc9-dffc-66c3-ef02-000000001d00}
ProcessId: 11020
Image: C:\Program Files (x86)\Microsoft Office\Root\Office16\WINWORD.EXE
TargetFilename: C:\Users\johnny.douche\AppData\Local\Microsoft\Office\16.0\winword.exe_Rules\rule170103v1.xml
CreationUtcTime: 2024-08-20 00:14:55.943
User: MY-CALDERA\johnny.douche"
MY-CAL-WIN10.my-caldera.local,11,"File created:
RuleName: DO
UtcTime: 2024-08-20 00:14:56.147
ProcessGuid: {ca24abc9-dffc-66c3-ef02-000000001d00}
ProcessId: 11020
Image: C:\Program Files (x86)\Microsoft Office\Root\Office16\WINWORD.EXE
TargetFilename: C:\Users\johnny.douche\AppData\Local\Microsoft\Office\16.0\winword.exe_Rules\rule240033v0.xml
CreationUtcTime: 2024-08-20 00:14:56.147
User: MY-CALDERA\johnny.douche"
MY-CAL-WIN10.my-caldera.local,11,"File created:
RuleName: DO
UtcTime: 2024-08-20 00:14:56.161
ProcessGuid: {ca24abc9-dffc-66c3-ef02-000000001d00}
ProcessId: 11020
Image: C:\Program Files (x86)\Microsoft Office\Root\Office16\WINWORD.EXE
TargetFilename: C:\Users\johnny.douche\AppData\Local\Microsoft\Office\16.0\winword.exe_Rules\rule320001v2.xml
CreationUtcTime: 2024-08-20 00:14:56.161
User: MY-CALDERA\johnny.douche"
MY-CAL-WIN10.my-caldera.local,11,"File created:
RuleName: DO
UtcTime: 2024-08-20 00:14:56.190
ProcessGuid: {ca24abc9-dffc-66c3-ef02-000000001d00}
ProcessId: 11020
Image: C:\Program Files (x86)\Microsoft Office\Root\Office16\WINWORD.EXE
TargetFilename: C:\Users\johnny.douche\AppData\Local\Microsoft\Office\16.0\winword.exe_Rules\rule324001v4.xml
CreationUtcTime: 2024-08-20 00:14:56.190
User: MY-CALDERA\johnny.douche"
MY-CAL-WIN10.my-caldera.local,11,"File created:
RuleName: DO
UtcTime: 2024-08-20 00:14:56.195
ProcessGuid: {ca24abc9-dffc-66c3-ef02-000000001d00}
ProcessId: 11020
Image: C:\Program Files (x86)\Microsoft Office\Root\Office16\WINWORD.EXE
TargetFilename: C:\Users\johnny.douche\AppData\Local\Microsoft\Office\16.0\winword.exe_Rules\rule324004v4.xml
CreationUtcTime: 2024-08-20 00:14:56.195
User: MY-CALDERA\johnny.douche"
MY-CAL-WIN10.my-caldera.local,11,"File created:
RuleName: DO
UtcTime: 2024-08-20 00:14:56.209
ProcessGuid: {ca24abc9-dffc-66c3-ef02-000000001d00}
ProcessId: 11020
Image: C:\Program Files (x86)\Microsoft Office\Root\Office16\WINWORD.EXE
TargetFilename: C:\Users\johnny.douche\AppData\Local\Microsoft\Office\16.0\winword.exe_Rules\rule324009v3.xml
CreationUtcTime: 2024-08-20 00:14:56.209
User: MY-CALDERA\johnny.douche"
MY-CAL-WIN10.my-caldera.local,11,"File created:
RuleName: DO
UtcTime: 2024-08-20 00:14:55.490
ProcessGuid: {ca24abc9-dffc-66c3-ef02-000000001d00}
ProcessId: 11020
Image: C:\Program Files (x86)\Microsoft Office\Root\Office16\WINWORD.EXE
TargetFilename: C:\Users\johnny.douche\AppData\Local\Microsoft\Office\16.0\winword.exe_Rules\rule120671v0.xml
CreationUtcTime: 2024-08-20 00:14:55.490
User: MY-CALDERA\johnny.douche"
MY-CAL-WIN10.my-caldera.local,11,"File created:
RuleName: DO
UtcTime: 2024-08-20 00:14:55.510
ProcessGuid: {ca24abc9-dffc-66c3-ef02-000000001d00}
ProcessId: 11020
Image: C:\Program Files (x86)\Microsoft Office\Root\Office16\WINWORD.EXE
TargetFilename: C:\Users\johnny.douche\AppData\Local\Microsoft\Office\16.0\winword.exe_Rules\rule170000v6.xml
CreationUtcTime: 2024-08-20 00:14:55.509
User: MY-CALDERA\johnny.douche"
MY-CAL-WIN10.my-caldera.local,11,"File created:
RuleName: DO
UtcTime: 2024-08-20 00:14:55.531
ProcessGuid: {ca24abc9-dffc-66c3-ef02-000000001d00}
ProcessId: 11020
Image: C:\Program Files (x86)\Microsoft Office\Root\Office16\WINWORD.EXE
TargetFilename: C:\Users\johnny.douche\AppData\Local\Microsoft\Office\16.0\winword.exe_Rules\rule170024v2.xml
CreationUtcTime: 2024-08-20 00:14:55.531
User: MY-CALDERA\johnny.douche"
MY-CAL-WIN10.my-caldera.local,11,"File created:
RuleName: DO
UtcTime: 2024-08-20 00:14:55.546
ProcessGuid: {ca24abc9-dffc-66c3-ef02-000000001d00}
ProcessId: 11020
Image: C:\Program Files (x86)\Microsoft Office\Root\Office16\WINWORD.EXE
TargetFilename: C:\Users\johnny.douche\AppData\Local\Microsoft\Office\16.0\winword.exe_Rules\rule170040v0.xml
CreationUtcTime: 2024-08-20 00:14:55.546
User: MY-CALDERA\johnny.douche"
MY-CAL-WIN10.my-caldera.local,11,"File created:
RuleName: DO
UtcTime: 2024-08-20 00:14:55.558
ProcessGuid: {ca24abc9-dffc-66c3-ef02-000000001d00}
ProcessId: 11020
Image: C:\Program Files (x86)\Microsoft Office\Root\Office16\WINWORD.EXE
TargetFilename: C:\Users\johnny.douche\AppData\Local\Microsoft\Office\16.0\winword.exe_Rules\rule170054v1.xml
CreationUtcTime: 2024-08-20 00:14:55.558
User: MY-CALDERA\johnny.douche"
MY-CAL-WIN10.my-caldera.local,11,"File created:
RuleName: DO
UtcTime: 2024-08-20 00:14:55.941
ProcessGuid: {ca24abc9-dffc-66c3-ef02-000000001d00}
ProcessId: 11020
Image: C:\Program Files (x86)\Microsoft Office\Root\Office16\WINWORD.EXE
TargetFilename: C:\Users\johnny.douche\AppData\Local\Microsoft\Office\16.0\winword.exe_Rules\rule170099v2.xml
CreationUtcTime: 2024-08-20 00:14:55.941
User: MY-CALDERA\johnny.douche"
MY-CAL-WIN10.my-caldera.local,11,"File created:
RuleName: DO
UtcTime: 2024-08-20 00:14:56.122
ProcessGuid: {ca24abc9-dffc-66c3-ef02-000000001d00}
ProcessId: 11020
Image: C:\Program Files (x86)\Microsoft Office\Root\Office16\WINWORD.EXE
TargetFilename: C:\Users\johnny.douche\AppData\Local\Microsoft\Office\16.0\winword.exe_Rules\rule240014v1.xml
CreationUtcTime: 2024-08-20 00:14:56.122
User: MY-CALDERA\johnny.douche"
MY-CAL-WIN10.my-caldera.local,11,"File created:
RuleName: DO
UtcTime: 2024-08-20 00:14:56.145
ProcessGuid: {ca24abc9-dffc-66c3-ef02-000000001d00}
ProcessId: 11020
Image: C:\Program Files (x86)\Microsoft Office\Root\Office16\WINWORD.EXE
TargetFilename: C:\Users\johnny.douche\AppData\Local\Microsoft\Office\16.0\winword.exe_Rules\rule240032v0.xml
CreationUtcTime: 2024-08-20 00:14:56.145
User: MY-CALDERA\johnny.douche"
MY-CAL-WIN10.my-caldera.local,11,"File created:
RuleName: DO
UtcTime: 2024-08-20 00:14:56.159
ProcessGuid: {ca24abc9-dffc-66c3-ef02-000000001d00}
ProcessId: 11020
Image: C:\Program Files (x86)\Microsoft Office\Root\Office16\WINWORD.EXE
TargetFilename: C:\Users\johnny.douche\AppData\Local\Microsoft\Office\16.0\winword.exe_Rules\rule310000v1.xml
CreationUtcTime: 2024-08-20 00:14:56.159
User: MY-CALDERA\johnny.douche"
MY-CAL-WIN10.my-caldera.local,11,"File created:
RuleName: DO
UtcTime: 2024-08-20 00:14:56.172
ProcessGuid: {ca24abc9-dffc-66c3-ef02-000000001d00}
ProcessId: 11020
Image: C:\Program Files (x86)\Microsoft Office\Root\Office16\WINWORD.EXE
TargetFilename: C:\Users\johnny.douche\AppData\Local\Microsoft\Office\16.0\winword.exe_Rules\rule320007v2.xml
CreationUtcTime: 2024-08-20 00:14:56.171
User: MY-CALDERA\johnny.douche"
MY-CAL-WIN10.my-caldera.local,11,"File created:
RuleName: DO
UtcTime: 2024-08-20 00:14:56.180
ProcessGuid: {ca24abc9-dffc-66c3-ef02-000000001d00}
ProcessId: 11020
Image: C:\Program Files (x86)\Microsoft Office\Root\Office16\WINWORD.EXE
TargetFilename: C:\Users\johnny.douche\AppData\Local\Microsoft\Office\16.0\winword.exe_Rules\rule320029v0.xml
CreationUtcTime: 2024-08-20 00:14:56.180
User: MY-CALDERA\johnny.douche"
MY-CAL-WIN10.my-caldera.local,11,"File created:
RuleName: DO
UtcTime: 2024-08-20 00:14:56.189
ProcessGuid: {ca24abc9-dffc-66c3-ef02-000000001d00}
ProcessId: 11020
Image: C:\Program Files (x86)\Microsoft Office\Root\Office16\WINWORD.EXE
TargetFilename: C:\Users\johnny.douche\AppData\Local\Microsoft\Office\16.0\winword.exe_Rules\rule322006v5.xml
CreationUtcTime: 2024-08-20 00:14:56.189
User: MY-CALDERA\johnny.douche"
MY-CAL-WIN10.my-caldera.local,11,"File created:
RuleName: DO
UtcTime: 2024-08-20 00:14:56.202
ProcessGuid: {ca24abc9-dffc-66c3-ef02-000000001d00}
ProcessId: 11020
Image: C:\Program Files (x86)\Microsoft Office\Root\Office16\WINWORD.EXE
TargetFilename: C:\Users\johnny.douche\AppData\Local\Microsoft\Office\16.0\winword.exe_Rules\rule324007v2.xml
CreationUtcTime: 2024-08-20 00:14:56.201
User: MY-CALDERA\johnny.douche"
MY-CAL-WIN10.my-caldera.local,11,"File created:
RuleName: DO
UtcTime: 2024-08-20 00:14:56.221
ProcessGuid: {ca24abc9-dffc-66c3-ef02-000000001d00}
ProcessId: 11020
Image: C:\Program Files (x86)\Microsoft Office\Root\Office16\WINWORD.EXE
TargetFilename: C:\Users\johnny.douche\AppData\Local\Microsoft\Office\16.0\winword.exe_Rules\rule325000v0.xml
CreationUtcTime: 2024-08-20 00:14:56.221
User: MY-CALDERA\johnny.douche"
MY-CAL-WIN10.my-caldera.local,11,"File created:
RuleName: Sysmonv1514
UtcTime: 2024-08-20 01:15:18.757
ProcessGuid: {ca24abc9-d6b1-66c3-ba00-000000001d00}
ProcessId: 6760
Image: C:\Program Files\WinlogBeat\winlogbeat.exe
TargetFilename: C:\ProgramData\winlogbeat\.winlogbeat.yml.new
CreationUtcTime: 2024-08-20 01:12:59.385
User: NT AUTHORITY\SYSTEM"
MY-CAL-WIN10.my-caldera.local,11,"File created:
RuleName: Sysmonv1514
UtcTime: 2024-08-20 01:15:43.828
ProcessGuid: {ca24abc9-d6b1-66c3-ba00-000000001d00}
ProcessId: 6760
Image: C:\Program Files\WinlogBeat\winlogbeat.exe
TargetFilename: C:\ProgramData\winlogbeat\.winlogbeat.yml.new
CreationUtcTime: 2024-08-20 01:12:59.385
User: NT AUTHORITY\SYSTEM"
MY-CAL-WIN10.my-caldera.local,11,"File created:
RuleName: DO
UtcTime: 2024-08-20 01:15:44.649
ProcessGuid: {ca24abc9-ee38-66c3-b30a-000000001d00}
ProcessId: 3084
Image: C:\Windows\System32\WindowsPowerShell\v1.0\powershell.exe
TargetFilename: C:\Users\johnny.douche\AppData\Local\Microsoft\Windows\PowerShell\StartupProfileData-NonInteractive
CreationUtcTime: 2024-03-28 01:06:06.420
User: MY-CALDERA\johnny.douche"
MY-CAL-WIN10.my-caldera.local,11,"File created:
RuleName: DO
UtcTime: 2024-08-20 01:15:53.357
ProcessGuid: {ca24abc9-ee45-66c3-b80a-000000001d00}
ProcessId: 1836
Image: C:\Program Files (x86)\Microsoft Office\Root\Office16\GRAPH.EXE
TargetFilename: C:\Users\JOHNNY~1.DOU\AppData\Local\Temp\{BD6A1EA7-3653-4FE3-99F8-C8BD26C29B25} - OProcSessId.dat
CreationUtcTime: 2024-08-20 01:15:53.357
User: MY-CALDERA\johnny.douche"
MY-CAL-WIN10.my-caldera.local,11,"File created:
RuleName: Sysmonv1514
UtcTime: 2024-08-20 01:15:53.853
ProcessGuid: {ca24abc9-d6b1-66c3-ba00-000000001d00}
ProcessId: 6760
Image: C:\Program Files\WinlogBeat\winlogbeat.exe
TargetFilename: C:\ProgramData\winlogbeat\.winlogbeat.yml.new
CreationUtcTime: 2024-08-20 01:12:59.385
User: NT AUTHORITY\SYSTEM"
MY-CAL-WIN10.my-caldera.local,11,"File created:
RuleName: DO
UtcTime: 2024-08-20 01:16:01.785
ProcessGuid: {ca24abc9-ee4d-66c3-ba0a-000000001d00}
ProcessId: 9900
Image: C:\Program Files (x86)\Microsoft Office\Root\Office16\EXCEL.EXE
TargetFilename: C:\Users\johnny.douche\AppData\Local\Microsoft\Office\OTele\excel.exe.db-shm
CreationUtcTime: 2024-08-20 01:16:01.785
User: MY-CALDERA\johnny.douche"
MY-CAL-WIN10.my-caldera.local,11,"File created:
RuleName: DO
UtcTime: 2024-08-20 01:16:02.447
ProcessGuid: {ca24abc9-ee4d-66c3-ba0a-000000001d00}
ProcessId: 9900
Image: C:\Program Files (x86)\Microsoft Office\Root\Office16\EXCEL.EXE
TargetFilename: C:\Users\johnny.douche\AppData\Local\Microsoft\Office\16.0\excel.exe_Rules.xml
CreationUtcTime: 2024-08-20 01:16:02.447
User: MY-CALDERA\johnny.douche"
MY-CAL-WIN10.my-caldera.local,11,"File created:
RuleName: DO
UtcTime: 2024-08-20 01:16:02.477
ProcessGuid: {ca24abc9-ee4d-66c3-ba0a-000000001d00}
ProcessId: 9900
Image: C:\Program Files (x86)\Microsoft Office\Root\Office16\EXCEL.EXE
TargetFilename: C:\Users\johnny.douche\AppData\Local\Microsoft\Office\Features
CreationUtcTime: 2024-08-20 01:16:02.477
User: MY-CALDERA\johnny.douche"
MY-CAL-WIN10.my-caldera.local,11,"File created:
RuleName: DO
UtcTime: 2024-08-20 01:16:02.478
ProcessGuid: {ca24abc9-ee4d-66c3-ba0a-000000001d00}
ProcessId: 9900
Image: C:\Program Files (x86)\Microsoft Office\Root\Office16\EXCEL.EXE
TargetFilename: C:\Users\JOHNNY~1.DOU\AppData\Local\Temp\D74EF4A5.tmp
CreationUtcTime: 2024-08-20 01:16:02.478
User: MY-CALDERA\johnny.douche"
MY-CAL-WIN10.my-caldera.local,11,"File created:
RuleName: DO
UtcTime: 2024-08-20 01:16:02.489
ProcessGuid: {ca24abc9-ee4d-66c3-ba0a-000000001d00}
ProcessId: 9900
Image: C:\Program Files (x86)\Microsoft Office\Root\Office16\EXCEL.EXE
TargetFilename: C:\Users\johnny.douche\AppData\Local\Microsoft\Windows\INetCache\Content.MSO
CreationUtcTime: 2024-08-20 01:16:02.486
User: MY-CALDERA\johnny.douche"
MY-CAL-WIN10.my-caldera.local,11,"File created:
RuleName: JSPandJSWandJSV
UtcTime: 2024-08-20 01:16:02.494
ProcessGuid: {ca24abc9-ee4d-66c3-ba0a-000000001d00}
ProcessId: 9900
Image: C:\Program Files (x86)\Microsoft Office\Root\Office16\EXCEL.EXE
TargetFilename: C:\Users\johnny.douche\AppData\Local\Microsoft\Office\16.0\Floodgate\Excel.Settings.json
CreationUtcTime: 2024-08-20 01:16:02.494
User: MY-CALDERA\johnny.douche"
MY-CAL-WIN10.my-caldera.local,11,"File created:
RuleName: DO
UtcTime: 2024-08-20 01:16:01.510
ProcessGuid: {ca24abc9-ee4d-66c3-ba0a-000000001d00}
ProcessId: 9900
Image: C:\Program Files (x86)\Microsoft Office\Root\Office16\EXCEL.EXE
TargetFilename: C:\Users\johnny.douche\AppData\Local\Microsoft\FontCache\4\CatalogCacheMetaData2.xml
CreationUtcTime: 2024-08-20 00:14:38.197
User: MY-CALDERA\johnny.douche"
MY-CAL-WIN10.my-caldera.local,11,"File created:
RuleName: DO
UtcTime: 2024-08-20 01:16:01.512
ProcessGuid: {ca24abc9-ee4d-66c3-ba0a-000000001d00}
ProcessId: 9900
Image: C:\Program Files (x86)\Microsoft Office\Root\Office16\EXCEL.EXE
TargetFilename: C:\Users\johnny.douche\AppData\Local\Microsoft\FontCache\4\CatalogCacheMetaData2.xml
CreationUtcTime: 2024-08-20 00:14:38.197
User: MY-CALDERA\johnny.douche"
MY-CAL-WIN10.my-caldera.local,11,"File created:
RuleName: JSPandJSWandJSV
UtcTime: 2024-08-20 01:16:02.496
ProcessGuid: {ca24abc9-ee4d-66c3-ba0a-000000001d00}
ProcessId: 9900
Image: C:\Program Files (x86)\Microsoft Office\Root\Office16\EXCEL.EXE
TargetFilename: C:\Users\johnny.douche\AppData\Local\Microsoft\Office\16.0\Floodgate\Excel.SurveyEventActivityStats.json
CreationUtcTime: 2024-08-20 01:16:02.496
User: MY-CALDERA\johnny.douche"
MY-CAL-WIN10.my-caldera.local,11,"File created:
RuleName: DO
UtcTime: 2024-08-20 01:16:01.590
ProcessGuid: {ca24abc9-ee4d-66c3-ba0a-000000001d00}
ProcessId: 9900
Image: C:\Program Files (x86)\Microsoft Office\Root\Office16\EXCEL.EXE
TargetFilename: C:\Users\johnny.douche\AppData\Roaming\Microsoft\Excel\XLSTART
CreationUtcTime: 2024-08-20 01:16:01.589
User: MY-CALDERA\johnny.douche"
MY-CAL-WIN10.my-caldera.local,11,"File created:
RuleName: DO
UtcTime: 2024-08-20 01:16:01.728
ProcessGuid: {ca24abc9-ee4d-66c3-ba0a-000000001d00}
ProcessId: 9900
Image: C:\Program Files (x86)\Microsoft Office\Root\Office16\EXCEL.EXE
TargetFilename: C:\Users\johnny.douche\AppData\Local\Microsoft\Office\OTele\excel.exe.db
CreationUtcTime: 2024-08-20 01:16:01.728
User: MY-CALDERA\johnny.douche"
MY-CAL-WIN10.my-caldera.local,11,"File created:
RuleName: DO
UtcTime: 2024-08-20 01:16:01.729
ProcessGuid: {ca24abc9-ee4d-66c3-ba0a-000000001d00}
ProcessId: 9900
Image: C:\Program Files (x86)\Microsoft Office\Root\Office16\EXCEL.EXE
TargetFilename: C:\Users\johnny.douche\AppData\Local\Microsoft\Office\OTele\excel.exe.db-journal
CreationUtcTime: 2024-08-20 01:16:01.729
User: MY-CALDERA\johnny.douche"
MY-CAL-WIN10.my-caldera.local,11,"File created:
RuleName: DO
UtcTime: 2024-08-20 01:16:01.751
ProcessGuid: {ca24abc9-ee4d-66c3-ba0a-000000001d00}
ProcessId: 9900
Image: C:\Program Files (x86)\Microsoft Office\Root\Office16\EXCEL.EXE
TargetFilename: C:\Users\johnny.douche\AppData\Local\Microsoft\Office\OTele\excel.exe.db-journal
CreationUtcTime: 2024-08-20 01:16:01.729
User: MY-CALDERA\johnny.douche"
MY-CAL-WIN10.my-caldera.local,11,"File created:
RuleName: DO
UtcTime: 2024-08-20 01:16:01.785
ProcessGuid: {ca24abc9-ee4d-66c3-ba0a-000000001d00}
ProcessId: 9900
Image: C:\Program Files (x86)\Microsoft Office\Root\Office16\EXCEL.EXE
TargetFilename: C:\Users\johnny.douche\AppData\Local\Microsoft\Office\OTele\excel.exe.db-wal
CreationUtcTime: 2024-08-20 01:16:01.784
User: MY-CALDERA\johnny.douche"
MY-CAL-WIN10.my-caldera.local,11,"File created:
RuleName: DO
UtcTime: 2024-08-20 01:16:19.089
ProcessGuid: {ca24abc9-ee62-66c3-c00a-000000001d00}
ProcessId: 5064
Image: C:\Program Files (x86)\Microsoft Office\Root\Office16\EXCEL.EXE
TargetFilename: C:\Users\JOHNNY~1.DOU\AppData\Local\Temp\Diagnostics\EXCEL\Primary1724116579089240100_33E62972-1584-4D49-A1D1-DBF8068F192D.log
CreationUtcTime: 2024-08-20 01:16:19.088
User: MY-CALDERA\johnny.douche"
MY-CAL-WIN10.my-caldera.local,11,"File created:
RuleName: DO
UtcTime: 2024-08-20 01:16:19.244
ProcessGuid: {ca24abc9-ee62-66c3-c00a-000000001d00}
ProcessId: 5064
Image: C:\Program Files (x86)\Microsoft Office\Root\Office16\EXCEL.EXE
TargetFilename: C:\Users\johnny.douche\AppData\Local\Microsoft\FontCache\4\CatalogCacheMetaData2.xml
CreationUtcTime: 2024-08-20 00:14:38.197
User: MY-CALDERA\johnny.douche"
MY-CAL-WIN10.my-caldera.local,11,"File created:
RuleName: DO
UtcTime: 2024-08-20 01:16:19.092
ProcessGuid: {ca24abc9-ee62-66c3-c00a-000000001d00}
ProcessId: 5064
Image: C:\Program Files (x86)\Microsoft Office\Root\Office16\EXCEL.EXE
TargetFilename: C:\Users\JOHNNY~1.DOU\AppData\Local\Temp\Diagnostics\EXCEL\Additional\Additional1724116579092906200_33E62972-1584-4D49-A1D1-DBF8068F192D.log
CreationUtcTime: 2024-08-20 01:16:19.092
User: MY-CALDERA\johnny.douche"
MY-CAL-WIN10.my-caldera.local,11,"File created:
RuleName: DO
UtcTime: 2024-08-20 01:16:19.087
ProcessGuid: {ca24abc9-ee62-66c3-c00a-000000001d00}
ProcessId: 5064
Image: C:\Program Files (x86)\Microsoft Office\Root\Office16\EXCEL.EXE
TargetFilename: C:\Users\JOHNNY~1.DOU\AppData\Local\Temp\Diagnostics\EXCEL\Primary1724116579088008500_33E62972-1584-4D49-A1D1-DBF8068F192D.log
CreationUtcTime: 2024-08-20 01:16:19.087
User: MY-CALDERA\johnny.douche"
MY-CAL-WIN10.my-caldera.local,11,"File created:
RuleName: DO
UtcTime: 2024-08-20 01:16:19.247
ProcessGuid: {ca24abc9-ee62-66c3-c00a-000000001d00}
ProcessId: 5064
Image: C:\Program Files (x86)\Microsoft Office\Root\Office16\EXCEL.EXE
TargetFilename: C:\Users\johnny.douche\AppData\Local\Microsoft\FontCache\4\CatalogCacheMetaData2.xml
CreationUtcTime: 2024-08-20 00:14:38.197
User: MY-CALDERA\johnny.douche"
MY-CAL-WIN10.my-caldera.local,11,"File created:
RuleName: DO
UtcTime: 2024-08-20 01:16:18.933
ProcessGuid: {ca24abc9-ee62-66c3-c00a-000000001d00}
ProcessId: 5064
Image: C:\Program Files (x86)\Microsoft Office\Root\Office16\EXCEL.EXE
TargetFilename: C:\Users\JOHNNY~1.DOU\AppData\Local\Temp\{33E62972-1584-4D49-A1D1-DBF8068F192D} - OProcSessId.dat
CreationUtcTime: 2024-08-20 01:16:18.933
User: MY-CALDERA\johnny.douche"
MY-CAL-WIN10.my-caldera.local,11,"File created:
RuleName: DO
UtcTime: 2024-08-20 01:16:19.094
ProcessGuid: {ca24abc9-ee62-66c3-c00a-000000001d00}
ProcessId: 5064
Image: C:\Program Files (x86)\Microsoft Office\Root\Office16\EXCEL.EXE
TargetFilename: C:\Users\JOHNNY~1.DOU\AppData\Local\Temp\Diagnostics\EXCEL\Additional\Additional1724116579094501100_33E62972-1584-4D49-A1D1-DBF8068F192D.log
CreationUtcTime: 2024-08-20 01:16:19.094
User: MY-CALDERA\johnny.douche"
MY-CAL-WIN10.my-caldera.local,11,"File created:
RuleName: DO
UtcTime: 2024-08-20 01:16:19.193
ProcessGuid: {ca24abc9-ee62-66c3-c00a-000000001d00}
ProcessId: 5064
Image: C:\Program Files (x86)\Microsoft Office\Root\Office16\EXCEL.EXE
TargetFilename: C:\Users\JOHNNY~1.DOU\AppData\Local\Temp\{1D17E832-7FB1-420A-8A00-FBF7AF434953}
CreationUtcTime: 2024-08-20 01:16:19.193
User: MY-CALDERA\johnny.douche"
MY-CAL-WIN10.my-caldera.local,11,"File created:
RuleName: DO
UtcTime: 2024-08-20 01:16:29.552
ProcessGuid: {ca24abc9-ee69-66c3-c30a-000000001d00}
ProcessId: 2300
Image: C:\Program Files (x86)\Microsoft Office\Root\Office16\WINWORD.EXE
TargetFilename: C:\Users\JOHNNY~1.DOU\AppData\Local\Temp\Diagnostics\WINWORD\Primary1724116589552217000_A093414B-1870-4099-923E-FB0ABBADA67A.log
CreationUtcTime: 2024-08-20 01:16:29.552
User: MY-CALDERA\johnny.douche"
MY-CAL-WIN10.my-caldera.local,11,"File created:
RuleName: DO
UtcTime: 2024-08-20 01:16:29.704
ProcessGuid: {ca24abc9-ee69-66c3-c30a-000000001d00}
ProcessId: 2300
Image: C:\Program Files (x86)\Microsoft Office\Root\Office16\WINWORD.EXE
TargetFilename: C:\Users\johnny.douche\AppData\Local\Microsoft\FontCache\4\CatalogCacheMetaData2.xml
CreationUtcTime: 2024-08-20 00:14:38.197
User: MY-CALDERA\johnny.douche"
MY-CAL-WIN10.my-caldera.local,11,"File created:
RuleName: DO
UtcTime: 2024-08-20 01:16:29.716
ProcessGuid: {ca24abc9-ee69-66c3-c30a-000000001d00}
ProcessId: 2300
Image: C:\Program Files (x86)\Microsoft Office\Root\Office16\WINWORD.EXE
TargetFilename: C:\Users\johnny.douche\AppData\Local\Microsoft\FontCache\4\CatalogCacheMetaData2.xml
CreationUtcTime: 2024-08-20 00:14:38.197
User: MY-CALDERA\johnny.douche"
MY-CAL-WIN10.my-caldera.local,11,"File created:
RuleName: DO
UtcTime: 2024-08-20 01:16:29.728
ProcessGuid: {ca24abc9-ee69-66c3-c30a-000000001d00}
ProcessId: 2300
Image: C:\Program Files (x86)\Microsoft Office\Root\Office16\WINWORD.EXE
TargetFilename: C:\Users\johnny.douche\AppData\Local\Microsoft\FontCache\4\CatalogCacheMetaData2.xml
CreationUtcTime: 2024-08-20 00:14:38.197
User: MY-CALDERA\johnny.douche"
MY-CAL-WIN10.my-caldera.local,11,"File created:
RuleName: DO
UtcTime: 2024-08-20 01:16:29.699
ProcessGuid: {ca24abc9-ee69-66c3-c30a-000000001d00}
ProcessId: 2300
Image: C:\Program Files (x86)\Microsoft Office\Root\Office16\WINWORD.EXE
TargetFilename: C:\Users\johnny.douche\AppData\Local\Microsoft\FontCache\4\CatalogCacheMetaData2.xml
CreationUtcTime: 2024-08-20 00:14:38.197
User: MY-CALDERA\johnny.douche"
MY-CAL-WIN10.my-caldera.local,11,"File created:
RuleName: DO
UtcTime: 2024-08-20 01:16:29.723
ProcessGuid: {ca24abc9-ee69-66c3-c30a-000000001d00}
ProcessId: 2300
Image: C:\Program Files (x86)\Microsoft Office\Root\Office16\WINWORD.EXE
TargetFilename: C:\Users\johnny.douche\AppData\Local\Microsoft\FontCache\4\CatalogCacheMetaData2.xml
CreationUtcTime: 2024-08-20 00:14:38.197
User: MY-CALDERA\johnny.douche"
MY-CAL-WIN10.my-caldera.local,11,"File created:
RuleName: DO
UtcTime: 2024-08-20 01:16:29.702
ProcessGuid: {ca24abc9-ee69-66c3-c30a-000000001d00}
ProcessId: 2300
Image: C:\Program Files (x86)\Microsoft Office\Root\Office16\WINWORD.EXE
TargetFilename: C:\Users\johnny.douche\AppData\Local\Microsoft\FontCache\4\CatalogCacheMetaData2.xml
CreationUtcTime: 2024-08-20 00:14:38.197
User: MY-CALDERA\johnny.douche"
MY-CAL-WIN10.my-caldera.local,11,"File created:
RuleName: DO
UtcTime: 2024-08-20 01:16:29.713
ProcessGuid: {ca24abc9-ee69-66c3-c30a-000000001d00}
ProcessId: 2300
Image: C:\Program Files (x86)\Microsoft Office\Root\Office16\WINWORD.EXE
TargetFilename: C:\Users\johnny.douche\AppData\Local\Microsoft\FontCache\4\CatalogCacheMetaData2.xml
CreationUtcTime: 2024-08-20 00:14:38.197
User: MY-CALDERA\johnny.douche"
MY-CAL-WIN10.my-caldera.local,11,"File created:
RuleName: DO
UtcTime: 2024-08-20 01:16:29.726
ProcessGuid: {ca24abc9-ee69-66c3-c30a-000000001d00}
ProcessId: 2300
Image: C:\Program Files (x86)\Microsoft Office\Root\Office16\WINWORD.EXE
TargetFilename: C:\Users\johnny.douche\AppData\Local\Microsoft\FontCache\4\CatalogCacheMetaData2.xml
CreationUtcTime: 2024-08-20 00:14:38.197
User: MY-CALDERA\johnny.douche"
MY-CAL-WIN10.my-caldera.local,11,"File created:
RuleName: DO
UtcTime: 2024-08-20 01:16:29.736
ProcessGuid: {ca24abc9-ee69-66c3-c30a-000000001d00}
ProcessId: 2300
Image: C:\Program Files (x86)\Microsoft Office\Root\Office16\WINWORD.EXE
TargetFilename: C:\Users\johnny.douche\AppData\Local\Microsoft\FontCache\4\CatalogCacheMetaData2.xml
CreationUtcTime: 2024-08-20 00:14:38.197
User: MY-CALDERA\johnny.douche"
MY-CAL-WIN10.my-caldera.local,11,"File created:
RuleName: DO
UtcTime: 2024-08-20 01:16:29.745
ProcessGuid: {ca24abc9-ee69-66c3-c30a-000000001d00}
ProcessId: 2300
Image: C:\Program Files (x86)\Microsoft Office\Root\Office16\WINWORD.EXE
TargetFilename: C:\Users\johnny.douche\AppData\Local\Microsoft\FontCache\4\CatalogCacheMetaData2.xml
CreationUtcTime: 2024-08-20 00:14:38.197
User: MY-CALDERA\johnny.douche"
MY-CAL-WIN10.my-caldera.local,11,"File created:
RuleName: DO
UtcTime: 2024-08-20 01:16:29.711
ProcessGuid: {ca24abc9-ee69-66c3-c30a-000000001d00}
ProcessId: 2300
Image: C:\Program Files (x86)\Microsoft Office\Root\Office16\WINWORD.EXE
TargetFilename: C:\Users\johnny.douche\AppData\Local\Microsoft\FontCache\4\CatalogCacheMetaData2.xml
CreationUtcTime: 2024-08-20 00:14:38.197
User: MY-CALDERA\johnny.douche"
MY-CAL-WIN10.my-caldera.local,11,"File created:
RuleName: DO
UtcTime: 2024-08-20 01:16:29.734
ProcessGuid: {ca24abc9-ee69-66c3-c30a-000000001d00}
ProcessId: 2300
Image: C:\Program Files (x86)\Microsoft Office\Root\Office16\WINWORD.EXE
TargetFilename: C:\Users\johnny.douche\AppData\Local\Microsoft\FontCache\4\CatalogCacheMetaData2.xml
CreationUtcTime: 2024-08-20 00:14:38.197
User: MY-CALDERA\johnny.douche"
MY-CAL-WIN10.my-caldera.local,11,"File created:
RuleName: DO
UtcTime: 2024-08-20 01:16:29.742
ProcessGuid: {ca24abc9-ee69-66c3-c30a-000000001d00}
ProcessId: 2300
Image: C:\Program Files (x86)\Microsoft Office\Root\Office16\WINWORD.EXE
TargetFilename: C:\Users\johnny.douche\AppData\Local\Microsoft\FontCache\4\CatalogCacheMetaData2.xml
CreationUtcTime: 2024-08-20 00:14:38.197
User: MY-CALDERA\johnny.douche"
MY-CAL-WIN10.my-caldera.local,11,"File created:
RuleName: DO
UtcTime: 2024-08-20 01:16:29.562
ProcessGuid: {ca24abc9-ee69-66c3-c30a-000000001d00}
ProcessId: 2300
Image: C:\Program Files (x86)\Microsoft Office\Root\Office16\WINWORD.EXE
TargetFilename: C:\Users\JOHNNY~1.DOU\AppData\Local\Temp\Diagnostics\WINWORD\Additional\Additional1724116589561736400_A093414B-1870-4099-923E-FB0ABBADA67A.log
CreationUtcTime: 2024-08-20 01:16:29.561
User: MY-CALDERA\johnny.douche"
MY-CAL-WIN10.my-caldera.local,11,"File created:
RuleName: DO
UtcTime: 2024-08-20 01:16:29.551
ProcessGuid: {ca24abc9-ee69-66c3-c30a-000000001d00}
ProcessId: 2300
Image: C:\Program Files (x86)\Microsoft Office\Root\Office16\WINWORD.EXE
TargetFilename: C:\Users\JOHNNY~1.DOU\AppData\Local\Temp\Diagnostics\WINWORD\Primary1724116589551054000_A093414B-1870-4099-923E-FB0ABBADA67A.log
CreationUtcTime: 2024-08-20 01:16:29.551
User: MY-CALDERA\johnny.douche"
MY-CAL-WIN10.my-caldera.local,11,"File created:
RuleName: DO
UtcTime: 2024-08-20 01:16:29.746
ProcessGuid: {ca24abc9-ee69-66c3-c30a-000000001d00}
ProcessId: 2300
Image: C:\Program Files (x86)\Microsoft Office\Root\Office16\WINWORD.EXE
TargetFilename: C:\Users\johnny.douche\AppData\Local\Microsoft\FontCache\4\CatalogCacheMetaData2.xml
CreationUtcTime: 2024-08-20 00:14:38.197
User: MY-CALDERA\johnny.douche"
MY-CAL-WIN10.my-caldera.local,11,"File created:
RuleName: DO
UtcTime: 2024-08-20 01:16:29.563
ProcessGuid: {ca24abc9-ee69-66c3-c30a-000000001d00}
ProcessId: 2300
Image: C:\Program Files (x86)\Microsoft Office\Root\Office16\WINWORD.EXE
TargetFilename: C:\Users\JOHNNY~1.DOU\AppData\Local\Temp\Diagnostics\WINWORD\Additional\Additional1724116589562809800_A093414B-1870-4099-923E-FB0ABBADA67A.log
CreationUtcTime: 2024-08-20 01:16:29.563
User: MY-CALDERA\johnny.douche"
MY-CAL-WIN10.my-caldera.local,11,"File created:
RuleName: DO
UtcTime: 2024-08-20 01:16:29.650
ProcessGuid: {ca24abc9-ee69-66c3-c30a-000000001d00}
ProcessId: 2300
Image: C:\Program Files (x86)\Microsoft Office\Root\Office16\WINWORD.EXE
TargetFilename: C:\Users\JOHNNY~1.DOU\AppData\Local\Temp\{D466F4C6-BCAF-427F-95E1-EEEB8691BF03}
CreationUtcTime: 2024-08-20 01:16:29.650
User: MY-CALDERA\johnny.douche"
MY-CAL-WIN10.my-caldera.local,11,"File created:
RuleName: DO
UtcTime: 2024-08-20 01:16:29.719
ProcessGuid: {ca24abc9-ee69-66c3-c30a-000000001d00}
ProcessId: 2300
Image: C:\Program Files (x86)\Microsoft Office\Root\Office16\WINWORD.EXE
TargetFilename: C:\Users\johnny.douche\AppData\Local\Microsoft\FontCache\4\CatalogCacheMetaData2.xml
CreationUtcTime: 2024-08-20 00:14:38.197
User: MY-CALDERA\johnny.douche"
MY-CAL-WIN10.my-caldera.local,11,"File created:
RuleName: DO
UtcTime: 2024-08-20 01:16:29.269
ProcessGuid: {ca24abc9-ee69-66c3-c30a-000000001d00}
ProcessId: 2300
Image: C:\Program Files (x86)\Microsoft Office\Root\Office16\WINWORD.EXE
TargetFilename: C:\Users\JOHNNY~1.DOU\AppData\Local\Temp\{A093414B-1870-4099-923E-FB0ABBADA67A} - OProcSessId.dat
CreationUtcTime: 2024-08-20 01:16:29.269
User: MY-CALDERA\johnny.douche"
MY-CAL-WIN10.my-caldera.local,11,"File created:
RuleName: DO
UtcTime: 2024-08-20 01:16:29.739
ProcessGuid: {ca24abc9-ee69-66c3-c30a-000000001d00}
ProcessId: 2300
Image: C:\Program Files (x86)\Microsoft Office\Root\Office16\WINWORD.EXE
TargetFilename: C:\Users\johnny.douche\AppData\Local\Microsoft\FontCache\4\CatalogCacheMetaData2.xml
CreationUtcTime: 2024-08-20 00:14:38.197
User: MY-CALDERA\johnny.douche"
MY-CAL-WIN10.my-caldera.local,11,"File created:
RuleName: DO
UtcTime: 2024-08-20 01:16:29.706
ProcessGuid: {ca24abc9-ee69-66c3-c30a-000000001d00}
ProcessId: 2300
Image: C:\Program Files (x86)\Microsoft Office\Root\Office16\WINWORD.EXE
TargetFilename: C:\Users\johnny.douche\AppData\Local\Microsoft\FontCache\4\CatalogCacheMetaData2.xml
CreationUtcTime: 2024-08-20 00:14:38.197
User: MY-CALDERA\johnny.douche"
MY-CAL-WIN10.my-caldera.local,11,"File created:
RuleName: DO
UtcTime: 2024-08-20 01:16:29.730
ProcessGuid: {ca24abc9-ee69-66c3-c30a-000000001d00}
ProcessId: 2300
Image: C:\Program Files (x86)\Microsoft Office\Root\Office16\WINWORD.EXE
TargetFilename: C:\Users\johnny.douche\AppData\Local\Microsoft\FontCache\4\CatalogCacheMetaData2.xml
CreationUtcTime: 2024-08-20 00:14:38.197
User: MY-CALDERA\johnny.douche"
MY-CAL-WIN10.my-caldera.local,11,"File created:
RuleName: DO
UtcTime: 2024-08-20 01:16:29.748
ProcessGuid: {ca24abc9-ee69-66c3-c30a-000000001d00}
ProcessId: 2300
Image: C:\Program Files (x86)\Microsoft Office\Root\Office16\WINWORD.EXE
TargetFilename: C:\Users\johnny.douche\AppData\Local\Microsoft\FontCache\4\CatalogCacheMetaData2.xml
CreationUtcTime: 2024-08-20 00:14:38.197
User: MY-CALDERA\johnny.douche"
MY-CAL-WIN10.my-caldera.local,11,"File created:
RuleName: DO
UtcTime: 2024-08-20 01:16:29.696
ProcessGuid: {ca24abc9-ee69-66c3-c30a-000000001d00}
ProcessId: 2300
Image: C:\Program Files (x86)\Microsoft Office\Root\Office16\WINWORD.EXE
TargetFilename: C:\Users\johnny.douche\AppData\Local\Microsoft\FontCache\4\CatalogCacheMetaData2.xml
CreationUtcTime: 2024-08-20 00:14:38.197
User: MY-CALDERA\johnny.douche"
MY-CAL-WIN10.my-caldera.local,11,"File created:
RuleName: DO
UtcTime: 2024-08-20 01:16:29.721
ProcessGuid: {ca24abc9-ee69-66c3-c30a-000000001d00}
ProcessId: 2300
Image: C:\Program Files (x86)\Microsoft Office\Root\Office16\WINWORD.EXE
TargetFilename: C:\Users\johnny.douche\AppData\Local\Microsoft\FontCache\4\CatalogCacheMetaData2.xml
CreationUtcTime: 2024-08-20 00:14:38.197
User: MY-CALDERA\johnny.douche"
MY-CAL-WIN10.my-caldera.local,11,"File created:
RuleName: DO
UtcTime: 2024-08-20 01:16:29.709
ProcessGuid: {ca24abc9-ee69-66c3-c30a-000000001d00}
ProcessId: 2300
Image: C:\Program Files (x86)\Microsoft Office\Root\Office16\WINWORD.EXE
TargetFilename: C:\Users\johnny.douche\AppData\Local\Microsoft\FontCache\4\CatalogCacheMetaData2.xml
CreationUtcTime: 2024-08-20 00:14:38.197
User: MY-CALDERA\johnny.douche"
MY-CAL-WIN10.my-caldera.local,11,"File created:
RuleName: DO
UtcTime: 2024-08-20 01:16:29.732
ProcessGuid: {ca24abc9-ee69-66c3-c30a-000000001d00}
ProcessId: 2300
Image: C:\Program Files (x86)\Microsoft Office\Root\Office16\WINWORD.EXE
TargetFilename: C:\Users\johnny.douche\AppData\Local\Microsoft\FontCache\4\CatalogCacheMetaData2.xml
CreationUtcTime: 2024-08-20 00:14:38.197
User: MY-CALDERA\johnny.douche"
MY-CAL-WIN10.my-caldera.local,11,"File created:
RuleName: DO
UtcTime: 2024-08-20 01:16:29.741
ProcessGuid: {ca24abc9-ee69-66c3-c30a-000000001d00}
ProcessId: 2300
Image: C:\Program Files (x86)\Microsoft Office\Root\Office16\WINWORD.EXE
TargetFilename: C:\Users\johnny.douche\AppData\Local\Microsoft\FontCache\4\CatalogCacheMetaData2.xml
CreationUtcTime: 2024-08-20 00:14:38.197
User: MY-CALDERA\johnny.douche"
MY-CAL-WIN10.my-caldera.local,11,"File created:
RuleName: Sysmonv1514
UtcTime: 2024-08-20 01:16:29.801
ProcessGuid: {ca24abc9-d6b1-66c3-ba00-000000001d00}
ProcessId: 6760
Image: C:\Program Files\WinlogBeat\winlogbeat.exe
TargetFilename: C:\ProgramData\winlogbeat\.winlogbeat.yml.new
CreationUtcTime: 2024-08-20 01:12:59.385
User: NT AUTHORITY\SYSTEM"
MY-CAL-WIN10.my-caldera.local,11,"File created:
RuleName: Sysmonv1514
UtcTime: 2024-08-20 01:16:57.871
ProcessGuid: {ca24abc9-ee89-66c3-d40a-000000001d00}
ProcessId: 668
Image: C:\Windows\system32\wermgr.exe
TargetFilename: C:\ProgramData\Microsoft\Windows\WER\Temp\777b809b-29a7-4d5f-b772-976a5fe3de08
CreationUtcTime: 2024-08-20 01:16:57.871
User: NT AUTHORITY\SYSTEM"
MY-CAL-WIN10.my-caldera.local,11,"File created:
RuleName: Sysmonv1514
UtcTime: 2024-08-20 01:16:57.877
ProcessGuid: {ca24abc9-ee89-66c3-d40a-000000001d00}
ProcessId: 668
Image: C:\Windows\system32\wermgr.exe
TargetFilename: C:\ProgramData\Microsoft\Windows\WER\Temp\04065439-dd2e-46a7-98e0-634fdca52086
CreationUtcTime: 2024-08-20 01:16:57.877
User: NT AUTHORITY\SYSTEM"
MY-CAL-WIN10.my-caldera.local,11,"File created:
RuleName: Sysmonv1514
UtcTime: 2024-08-20 01:16:57.879
ProcessGuid: {ca24abc9-ee89-66c3-d40a-000000001d00}
ProcessId: 668
Image: C:\Windows\system32\wermgr.exe
TargetFilename: C:\ProgramData\Microsoft\Windows\WER\ReportArchive\9fa3476b-c689-4e9b-b1d0-0e2d65fbf526
CreationUtcTime: 2024-08-20 01:16:57.879
User: NT AUTHORITY\SYSTEM"
MY-CAL-WIN10.my-caldera.local,11,"File created:
RuleName: Sysmonv1514
UtcTime: 2024-08-20 01:16:57.881
ProcessGuid: {ca24abc9-ee89-66c3-d40a-000000001d00}
ProcessId: 668
Image: C:\Windows\system32\wermgr.exe
TargetFilename: C:\ProgramData\Microsoft\Windows\WER\ReportQueue\f62c663e-018f-481f-a3d6-f5adfc85fb41
CreationUtcTime: 2024-08-20 01:16:57.881
User: NT AUTHORITY\SYSTEM"
MY-CAL-WIN10.my-caldera.local,11,"File created:
RuleName: Sysmonv1514
UtcTime: 2024-08-20 01:16:57.985
ProcessGuid: {ca24abc9-ee89-66c3-d40a-000000001d00}
ProcessId: 668
Image: C:\Windows\system32\wermgr.exe
TargetFilename: C:\ProgramData\Microsoft\Windows\WER\ReportQueue\AppCrash_browser_broker.e_ad864de66467af03f2bd9d998397d6af5a68c_d1a91535_cab_f5471ca3-987f-42a2-b1ba-fbb6110aec37\94b540af-9f27-4d9c-8ee5-931b58d9807d
CreationUtcTime: 2024-08-20 01:16:57.985
User: NT AUTHORITY\SYSTEM"
MY-CAL-WIN10.my-caldera.local,11,"File created:
RuleName: Sysmonv1514
UtcTime: 2024-08-20 01:16:57.987
ProcessGuid: {ca24abc9-ee89-66c3-d40a-000000001d00}
ProcessId: 668
Image: C:\Windows\system32\wermgr.exe
TargetFilename: C:\ProgramData\Microsoft\Windows\WER\ReportQueue\AppCrash_browser_broker.e_ad864de66467af03f2bd9d998397d6af5a68c_d1a91535_cab_f5471ca3-987f-42a2-b1ba-fbb6110aec37\Report.wer.tmp
CreationUtcTime: 2024-08-20 01:16:57.987
User: NT AUTHORITY\SYSTEM"
MY-CAL-WIN10.my-caldera.local,11,"File created:
RuleName: DO
UtcTime: 2024-08-20 01:17:05.861
ProcessGuid: {ca24abc9-ee8c-66c3-d80a-000000001d00}
ProcessId: 5568
Image: C:\Program Files (x86)\Microsoft Office\Root\Office16\OUTLOOK.EXE
TargetFilename: C:\Users\johnny.douche\AppData\Local\Microsoft\FontCache\4\CatalogCacheMetaData2.xml
CreationUtcTime: 2024-08-20 00:14:38.197
User: MY-CALDERA\johnny.douche"
MY-CAL-WIN10.my-caldera.local,11,"File created:
RuleName: DO
UtcTime: 2024-08-20 01:17:05.863
ProcessGuid: {ca24abc9-ee8c-66c3-d80a-000000001d00}
ProcessId: 5568
Image: C:\Program Files (x86)\Microsoft Office\Root\Office16\OUTLOOK.EXE
TargetFilename: C:\Users\johnny.douche\AppData\Local\Microsoft\FontCache\4\CatalogCacheMetaData2.xml
CreationUtcTime: 2024-08-20 00:14:38.197
User: MY-CALDERA\johnny.douche"
MY-CAL-WIN10.my-caldera.local,11,"File created:
RuleName: DO
UtcTime: 2024-08-20 01:17:05.866
ProcessGuid: {ca24abc9-ee8c-66c3-d80a-000000001d00}
ProcessId: 5568
Image: C:\Program Files (x86)\Microsoft Office\Root\Office16\OUTLOOK.EXE
TargetFilename: C:\Users\johnny.douche\AppData\Local\Microsoft\FontCache\4\CatalogCacheMetaData2.xml
CreationUtcTime: 2024-08-20 00:14:38.197
User: MY-CALDERA\johnny.douche"
