MY-CAL-WIN10.my-caldera.local,11,"File created:
RuleName: Sysmonv1514
UtcTime: 2024-08-20 00:52:31.294
ProcessGuid: {ca24abc9-e8b7-66c3-8309-000000001d00}
ProcessId: 804
Image: C:\Windows\system32\msiexec.exe
TargetFilename: C:\Program Files\Oracle\VirtualBox\License_en_US.rtf
CreationUtcTime: 2024-08-20 00:52:31.294
User: NT AUTHORITY\SYSTEM"
MY-CAL-WIN10.my-caldera.local,11,"File created:
RuleName: DLL
UtcTime: 2024-08-20 00:52:31.301
ProcessGuid: {ca24abc9-e8b7-66c3-8309-000000001d00}
ProcessId: 804
Image: C:\Windows\system32\msiexec.exe
TargetFilename: C:\Program Files\Oracle\VirtualBox\x86\msvcp100.dll
CreationUtcTime: 2024-08-20 00:52:31.301
User: NT AUTHORITY\SYSTEM"
MY-CAL-WIN10.my-caldera.local,11,"File created:
RuleName: DLL
UtcTime: 2024-08-20 00:52:31.318
ProcessGuid: {ca24abc9-e8b7-66c3-8309-000000001d00}
ProcessId: 804
Image: C:\Windows\system32\msiexec.exe
TargetFilename: C:\Program Files\Oracle\VirtualBox\x86\msvcr100.dll
CreationUtcTime: 2024-08-20 00:52:31.318
User: NT AUTHORITY\SYSTEM"
MY-CAL-WIN10.my-caldera.local,11,"File created:
RuleName: Sysmonv1514
UtcTime: 2024-08-20 00:52:33.883
ProcessGuid: {ca24abc9-e8b7-66c3-8309-000000001d00}
ProcessId: 804
Image: C:\Windows\system32\msiexec.exe
TargetFilename: C:\Program Files\Oracle\VirtualBox\VirtualBox.chm
CreationUtcTime: 2024-08-20 00:52:33.877
User: NT AUTHORITY\SYSTEM"
MY-CAL-WIN10.my-caldera.local,11,"File created:
RuleName: DO
UtcTime: 2024-08-20 00:52:33.942
ProcessGuid: {ca24abc9-e8d1-66c3-9a09-000000001d00}
ProcessId: 6664
Image: C:\Windows\System32\WindowsPowerShell\v1.0\powershell.exe
TargetFilename: C:\Users\johnny.douche\AppData\Local\Microsoft\Windows\PowerShell\StartupProfileData-NonInteractive
CreationUtcTime: 2024-03-28 01:06:06.420
User: MY-CALDERA\johnny.douche"
MY-CAL-WIN10.my-caldera.local,11,"File created:
RuleName: DO
UtcTime: 2024-08-20 00:52:34.491
ProcessGuid: {ca24abc9-e8d2-66c3-9b09-000000001d00}
ProcessId: 10072
Image: C:\Windows\System32\WindowsPowerShell\v1.0\powershell.exe
TargetFilename: C:\Users\johnny.douche\AppData\Local\Microsoft\Windows\PowerShell\StartupProfileData-NonInteractive
CreationUtcTime: 2024-03-28 01:06:06.420
User: MY-CALDERA\johnny.douche"
MY-CAL-WIN10.my-caldera.local,11,"File created:
RuleName: DO
UtcTime: 2024-08-20 00:52:35.861
ProcessGuid: {ca24abc9-e8d3-66c3-9e09-000000001d00}
ProcessId: 9260
Image: C:\Windows\System32\WindowsPowerShell\v1.0\powershell.exe
TargetFilename: C:\Users\johnny.douche\AppData\Local\Microsoft\Windows\PowerShell\StartupProfileData-NonInteractive
CreationUtcTime: 2024-03-28 01:06:06.420
User: MY-CALDERA\johnny.douche"
MY-CAL-WIN10.my-caldera.local,11,"File created:
RuleName: Sysmonv1514
UtcTime: 2024-08-20 00:52:35.762
ProcessGuid: {ca24abc9-e8ca-66c3-9209-000000001d00}
ProcessId: 7444
Image: C:\Windows\System32\MsiExec.exe
TargetFilename: C:\Windows\System32\DRVSTORE\VBoxUSBMon_FB2B624CFD10B88B83ED2EB0B5282F250B6DE39E\VBoxUSBMon.sys
CreationUtcTime: 2024-08-20 00:52:35.760
User: NT AUTHORITY\SYSTEM"
MY-CAL-WIN10.my-caldera.local,11,"File created:
RuleName: Sysmonv1514
UtcTime: 2024-08-20 00:52:35.802
ProcessGuid: {ca24abc9-e8ca-66c3-9209-000000001d00}
ProcessId: 7444
Image: C:\Windows\System32\MsiExec.exe
TargetFilename: C:\Windows\System32\drivers\SET8A6B.tmp
CreationUtcTime: 2024-08-20 00:52:35.802
User: NT AUTHORITY\SYSTEM"
MY-CAL-WIN10.my-caldera.local,11,"File created:
RuleName: Sysmonv1514
UtcTime: 2024-08-20 00:52:35.805
ProcessGuid: {ca24abc9-e8ca-66c3-9209-000000001d00}
ProcessId: 7444
Image: C:\Windows\System32\MsiExec.exe
TargetFilename: C:\Windows\System32\drivers\SET8A6B.tmp
CreationUtcTime: 2024-08-20 00:52:35.802
User: NT AUTHORITY\SYSTEM"
MY-CAL-WIN10.my-caldera.local,11,"File created:
RuleName: Sysmonv1514
UtcTime: 2024-08-20 00:52:45.660
ProcessGuid: {ca24abc9-d6b1-66c3-ba00-000000001d00}
ProcessId: 6760
Image: C:\Program Files\WinlogBeat\winlogbeat.exe
TargetFilename: C:\ProgramData\winlogbeat\.winlogbeat.yml.new
CreationUtcTime: 2024-08-20 00:11:02.025
User: NT AUTHORITY\SYSTEM"
MY-CAL-WIN10.my-caldera.local,11,"File created:
RuleName: DO
UtcTime: 2024-08-20 00:52:45.446
ProcessGuid: {ca24abc9-e8dc-66c3-a909-000000001d00}
ProcessId: 10320
Image: C:\Windows\System32\WindowsPowerShell\v1.0\powershell.exe
TargetFilename: C:\Users\johnny.douche\AppData\Local\Microsoft\Windows\PowerShell\StartupProfileData-NonInteractive
CreationUtcTime: 2024-03-28 01:06:06.420
User: MY-CALDERA\johnny.douche"
MY-CAL-WIN10.my-caldera.local,11,"File created:
RuleName: DO
UtcTime: 2024-08-20 00:52:45.805
ProcessGuid: {ca24abc9-e8dd-66c3-aa09-000000001d00}
ProcessId: 11152
Image: C:\Windows\System32\WindowsPowerShell\v1.0\powershell.exe
TargetFilename: C:\Users\johnny.douche\AppData\Local\Microsoft\Windows\PowerShell\StartupProfileData-NonInteractive
CreationUtcTime: 2024-03-28 01:06:06.420
User: MY-CALDERA\johnny.douche"
MY-CAL-WIN10.my-caldera.local,11,"File created:
RuleName: DO
UtcTime: 2024-08-20 00:52:44.245
ProcessGuid: {ca24abc9-e8db-66c3-a809-000000001d00}
ProcessId: 5304
Image: C:\Windows\System32\WindowsPowerShell\v1.0\powershell.exe
TargetFilename: C:\Users\johnny.douche\AppData\Local\Microsoft\Windows\PowerShell\StartupProfileData-NonInteractive
CreationUtcTime: 2024-03-28 01:06:06.420
User: MY-CALDERA\johnny.douche"
MY-CAL-WIN10.my-caldera.local,11,"File created:
RuleName: DO
UtcTime: 2024-08-20 00:52:43.850
ProcessGuid: {ca24abc9-e8db-66c3-a709-000000001d00}
ProcessId: 8608
Image: C:\Windows\System32\WindowsPowerShell\v1.0\powershell.exe
TargetFilename: C:\Users\johnny.douche\AppData\Local\Microsoft\Windows\PowerShell\StartupProfileData-NonInteractive
CreationUtcTime: 2024-03-28 01:06:06.420
User: MY-CALDERA\johnny.douche"
MY-CAL-WIN10.my-caldera.local,11,"File created:
RuleName: DO
UtcTime: 2024-08-20 00:52:50.845
ProcessGuid: {ca24abc9-e8e0-66c3-ba09-000000001d00}
ProcessId: 8828
Image: C:\Windows\System32\WindowsPowerShell\v1.0\powershell.exe
TargetFilename: C:\Users\johnny.douche\AppData\Local\Temp\Microsoft.PackageManagement\klz0k5vf.03a
CreationUtcTime: 2024-08-20 00:52:50.845
User: MY-CALDERA\johnny.douche"
MY-CAL-WIN10.my-caldera.local,11,"File created:
RuleName: DO
UtcTime: 2024-08-20 00:52:50.888
ProcessGuid: {ca24abc9-e8e0-66c3-ba09-000000001d00}
ProcessId: 8828
Image: C:\Windows\System32\WindowsPowerShell\v1.0\powershell.exe
TargetFilename: C:\Users\johnny.douche\AppData\Local\Temp\Microsoft.PackageManagement\klz0k5vf.03a
CreationUtcTime: 2024-08-20 00:52:50.845
User: MY-CALDERA\johnny.douche"
MY-CAL-WIN10.my-caldera.local,11,"File created:
RuleName: DO
UtcTime: 2024-08-20 00:52:50.897
ProcessGuid: {ca24abc9-e8e0-66c3-ba09-000000001d00}
ProcessId: 8828
Image: C:\Windows\System32\WindowsPowerShell\v1.0\powershell.exe
TargetFilename: C:\Users\johnny.douche\AppData\Local\Temp\Microsoft.PackageManagement\klz0k5vf.03a
CreationUtcTime: 2024-08-20 00:52:50.845
User: MY-CALDERA\johnny.douche"
MY-CAL-WIN10.my-caldera.local,11,"File created:
RuleName: Sysmonv1514
UtcTime: 2024-08-20 00:53:16.218
ProcessGuid: {ca24abc9-d6b1-66c3-ba00-000000001d00}
ProcessId: 6760
Image: C:\Program Files\WinlogBeat\winlogbeat.exe
TargetFilename: C:\ProgramData\winlogbeat\.winlogbeat.yml.new
CreationUtcTime: 2024-08-20 00:11:02.025
User: NT AUTHORITY\SYSTEM"
MY-CAL-WIN10.my-caldera.local,11,"File created:
RuleName: Sysmonv1514
UtcTime: 2024-08-20 00:53:46.307
ProcessGuid: {ca24abc9-d6b1-66c3-ba00-000000001d00}
ProcessId: 6760
Image: C:\Program Files\WinlogBeat\winlogbeat.exe
TargetFilename: C:\ProgramData\winlogbeat\.winlogbeat.yml.new
CreationUtcTime: 2024-08-20 00:11:02.025
User: NT AUTHORITY\SYSTEM"
MY-CAL-WIN10.my-caldera.local,11,"File created:
RuleName: Sysmonv1514
UtcTime: 2024-08-20 00:54:16.683
ProcessGuid: {ca24abc9-d6b1-66c3-ba00-000000001d00}
ProcessId: 6760
Image: C:\Program Files\WinlogBeat\winlogbeat.exe
TargetFilename: C:\ProgramData\winlogbeat\.winlogbeat.yml.new
CreationUtcTime: 2024-08-20 00:11:02.025
User: NT AUTHORITY\SYSTEM"
MY-CAL-WIN10.my-caldera.local,11,"File created:
RuleName: Sysmonv1514
UtcTime: 2024-08-20 00:54:42.100
ProcessGuid: {ca24abc9-d6b1-66c3-ba00-000000001d00}
ProcessId: 6760
Image: C:\Program Files\WinlogBeat\winlogbeat.exe
TargetFilename: C:\ProgramData\winlogbeat\.winlogbeat.yml.new
CreationUtcTime: 2024-08-20 00:11:02.025
User: NT AUTHORITY\SYSTEM"
MY-CAL-WIN10.my-caldera.local,11,"File created:
RuleName: Sysmonv1514
UtcTime: 2024-08-20 00:55:47.512
ProcessGuid: {ca24abc9-d6b1-66c3-ba00-000000001d00}
ProcessId: 6760
Image: C:\Program Files\WinlogBeat\winlogbeat.exe
TargetFilename: C:\ProgramData\winlogbeat\.winlogbeat.yml.new
CreationUtcTime: 2024-08-20 00:11:02.025
User: NT AUTHORITY\SYSTEM"
MY-CAL-WIN10.my-caldera.local,11,"File created:
RuleName: Sysmonv1514
UtcTime: 2024-08-20 00:56:43.550
ProcessGuid: {ca24abc9-d6b1-66c3-ba00-000000001d00}
ProcessId: 6760
Image: C:\Program Files\WinlogBeat\winlogbeat.exe
TargetFilename: C:\ProgramData\winlogbeat\.winlogbeat.yml.new
CreationUtcTime: 2024-08-20 00:11:02.025
User: NT AUTHORITY\SYSTEM"
MY-CAL-WIN10.my-caldera.local,11,"File created:
RuleName: Sysmonv1514
UtcTime: 2024-08-20 00:57:38.727
ProcessGuid: {ca24abc9-d6b1-66c3-ba00-000000001d00}
ProcessId: 6760
Image: C:\Program Files\WinlogBeat\winlogbeat.exe
TargetFilename: C:\ProgramData\winlogbeat\.winlogbeat.yml.new
CreationUtcTime: 2024-08-20 00:11:02.025
User: NT AUTHORITY\SYSTEM"
MY-CAL-WIN10.my-caldera.local,11,"File created:
RuleName: Sysmonv1514
UtcTime: 2024-08-20 00:58:08.895
ProcessGuid: {ca24abc9-d6b1-66c3-ba00-000000001d00}
ProcessId: 6760
Image: C:\Program Files\WinlogBeat\winlogbeat.exe
TargetFilename: C:\ProgramData\winlogbeat\.winlogbeat.yml.new
CreationUtcTime: 2024-08-20 00:11:02.025
User: NT AUTHORITY\SYSTEM"
MY-CAL-WIN10.my-caldera.local,11,"File created:
RuleName: Sysmonv1514
UtcTime: 2024-08-20 00:58:29.188
ProcessGuid: {ca24abc9-d6b1-66c3-ba00-000000001d00}
ProcessId: 6760
Image: C:\Program Files\WinlogBeat\winlogbeat.exe
TargetFilename: C:\ProgramData\winlogbeat\.winlogbeat.yml.new
CreationUtcTime: 2024-08-20 00:11:02.025
User: NT AUTHORITY\SYSTEM"
MY-CAL-WIN10.my-caldera.local,11,"File created:
RuleName: Sysmonv1514
UtcTime: 2024-08-20 00:58:59.338
ProcessGuid: {ca24abc9-d6b1-66c3-ba00-000000001d00}
ProcessId: 6760
Image: C:\Program Files\WinlogBeat\winlogbeat.exe
TargetFilename: C:\ProgramData\winlogbeat\.winlogbeat.yml.new
CreationUtcTime: 2024-08-20 00:11:02.025
User: NT AUTHORITY\SYSTEM"
MY-CAL-WIN10.my-caldera.local,11,"File created:
RuleName: Sysmonv1514
UtcTime: 2024-08-20 00:59:39.431
ProcessGuid: {ca24abc9-d6b1-66c3-ba00-000000001d00}
ProcessId: 6760
Image: C:\Program Files\WinlogBeat\winlogbeat.exe
TargetFilename: C:\ProgramData\winlogbeat\.winlogbeat.yml.new
CreationUtcTime: 2024-08-20 00:11:02.025
User: NT AUTHORITY\SYSTEM"
MY-CAL-WIN10.my-caldera.local,11,"File created:
RuleName: Sysmonv1514
UtcTime: 2024-08-20 00:55:07.218
ProcessGuid: {ca24abc9-d6b1-66c3-ba00-000000001d00}
ProcessId: 6760
Image: C:\Program Files\WinlogBeat\winlogbeat.exe
TargetFilename: C:\ProgramData\winlogbeat\.winlogbeat.yml.new
CreationUtcTime: 2024-08-20 00:11:02.025
User: NT AUTHORITY\SYSTEM"
MY-CAL-WIN10.my-caldera.local,11,"File created:
RuleName: Sysmonv1514
UtcTime: 2024-08-20 00:55:12.232
ProcessGuid: {ca24abc9-d6b1-66c3-ba00-000000001d00}
ProcessId: 6760
Image: C:\Program Files\WinlogBeat\winlogbeat.exe
TargetFilename: C:\ProgramData\winlogbeat\.winlogbeat.yml.new
CreationUtcTime: 2024-08-20 00:11:02.025
User: NT AUTHORITY\SYSTEM"
MY-CAL-WIN10.my-caldera.local,11,"File created:
RuleName: Sysmonv1514
UtcTime: 2024-08-20 00:55:27.273
ProcessGuid: {ca24abc9-d6b1-66c3-ba00-000000001d00}
ProcessId: 6760
Image: C:\Program Files\WinlogBeat\winlogbeat.exe
TargetFilename: C:\ProgramData\winlogbeat\.winlogbeat.yml.new
CreationUtcTime: 2024-08-20 00:11:02.025
User: NT AUTHORITY\SYSTEM"
MY-CAL-WIN10.my-caldera.local,11,"File created:
RuleName: Sysmonv1514
UtcTime: 2024-08-20 00:55:57.539
ProcessGuid: {ca24abc9-d6b1-66c3-ba00-000000001d00}
ProcessId: 6760
Image: C:\Program Files\WinlogBeat\winlogbeat.exe
TargetFilename: C:\ProgramData\winlogbeat\.winlogbeat.yml.new
CreationUtcTime: 2024-08-20 00:11:02.025
User: NT AUTHORITY\SYSTEM"
MY-CAL-WIN10.my-caldera.local,11,"File created:
RuleName: Sysmonv1514
UtcTime: 2024-08-20 00:56:23.493
ProcessGuid: {ca24abc9-d6b1-66c3-ba00-000000001d00}
ProcessId: 6760
Image: C:\Program Files\WinlogBeat\winlogbeat.exe
TargetFilename: C:\ProgramData\winlogbeat\.winlogbeat.yml.new
CreationUtcTime: 2024-08-20 00:11:02.025
User: NT AUTHORITY\SYSTEM"
MY-CAL-WIN10.my-caldera.local,11,"File created:
RuleName: Sysmonv1514
UtcTime: 2024-08-20 00:56:28.504
ProcessGuid: {ca24abc9-d6b1-66c3-ba00-000000001d00}
ProcessId: 6760
Image: C:\Program Files\WinlogBeat\winlogbeat.exe
TargetFilename: C:\ProgramData\winlogbeat\.winlogbeat.yml.new
CreationUtcTime: 2024-08-20 00:11:02.025
User: NT AUTHORITY\SYSTEM"
MY-CAL-WIN10.my-caldera.local,11,"File created:
RuleName: Sysmonv1514
UtcTime: 2024-08-20 00:56:48.563
ProcessGuid: {ca24abc9-d6b1-66c3-ba00-000000001d00}
ProcessId: 6760
Image: C:\Program Files\WinlogBeat\winlogbeat.exe
TargetFilename: C:\ProgramData\winlogbeat\.winlogbeat.yml.new
CreationUtcTime: 2024-08-20 00:11:02.025
User: NT AUTHORITY\SYSTEM"
MY-CAL-WIN10.my-caldera.local,11,"File created:
RuleName: Sysmonv1514
UtcTime: 2024-08-20 00:57:18.643
ProcessGuid: {ca24abc9-d6b1-66c3-ba00-000000001d00}
ProcessId: 6760
Image: C:\Program Files\WinlogBeat\winlogbeat.exe
TargetFilename: C:\ProgramData\winlogbeat\.winlogbeat.yml.new
CreationUtcTime: 2024-08-20 00:11:02.025
User: NT AUTHORITY\SYSTEM"
MY-CAL-WIN10.my-caldera.local,11,"File created:
RuleName: Sysmonv1514
UtcTime: 2024-08-20 00:57:48.841
ProcessGuid: {ca24abc9-d6b1-66c3-ba00-000000001d00}
ProcessId: 6760
Image: C:\Program Files\WinlogBeat\winlogbeat.exe
TargetFilename: C:\ProgramData\winlogbeat\.winlogbeat.yml.new
CreationUtcTime: 2024-08-20 00:11:02.025
User: NT AUTHORITY\SYSTEM"
MY-CAL-WIN10.my-caldera.local,11,"File created:
RuleName: Sysmonv1514
UtcTime: 2024-08-20 00:58:39.215
ProcessGuid: {ca24abc9-d6b1-66c3-ba00-000000001d00}
ProcessId: 6760
Image: C:\Program Files\WinlogBeat\winlogbeat.exe
TargetFilename: C:\ProgramData\winlogbeat\.winlogbeat.yml.new
CreationUtcTime: 2024-08-20 00:11:02.025
User: NT AUTHORITY\SYSTEM"
MY-CAL-WIN10.my-caldera.local,11,"File created:
RuleName: Sysmonv1514
UtcTime: 2024-08-20 00:59:14.378
ProcessGuid: {ca24abc9-d6b1-66c3-ba00-000000001d00}
ProcessId: 6760
Image: C:\Program Files\WinlogBeat\winlogbeat.exe
TargetFilename: C:\ProgramData\winlogbeat\.winlogbeat.yml.new
CreationUtcTime: 2024-08-20 00:11:02.025
User: NT AUTHORITY\SYSTEM"
MY-CAL-WIN10.my-caldera.local,11,"File created:
RuleName: Sysmonv1514
UtcTime: 2024-08-20 00:59:49.475
ProcessGuid: {ca24abc9-d6b1-66c3-ba00-000000001d00}
ProcessId: 6760
Image: C:\Program Files\WinlogBeat\winlogbeat.exe
TargetFilename: C:\ProgramData\winlogbeat\.winlogbeat.yml.new
CreationUtcTime: 2024-08-20 00:11:02.025
User: NT AUTHORITY\SYSTEM"
MY-CAL-WIN10.my-caldera.local,11,"File created:
RuleName: Sysmonv1514
UtcTime: 2024-08-20 00:53:21.233
ProcessGuid: {ca24abc9-d6b1-66c3-ba00-000000001d00}
ProcessId: 6760
Image: C:\Program Files\WinlogBeat\winlogbeat.exe
TargetFilename: C:\ProgramData\winlogbeat\.winlogbeat.yml.new
CreationUtcTime: 2024-08-20 00:11:02.025
User: NT AUTHORITY\SYSTEM"
MY-CAL-WIN10.my-caldera.local,11,"File created:
RuleName: Sysmonv1514
UtcTime: 2024-08-20 00:54:01.383
ProcessGuid: {ca24abc9-d6b1-66c3-ba00-000000001d00}
ProcessId: 6760
Image: C:\Program Files\WinlogBeat\winlogbeat.exe
TargetFilename: C:\ProgramData\winlogbeat\.winlogbeat.yml.new
CreationUtcTime: 2024-08-20 00:11:02.025
User: NT AUTHORITY\SYSTEM"
MY-CAL-WIN10.my-caldera.local,11,"File created:
RuleName: Sysmonv1514
UtcTime: 2024-08-20 00:54:47.112
ProcessGuid: {ca24abc9-d6b1-66c3-ba00-000000001d00}
ProcessId: 6760
Image: C:\Program Files\WinlogBeat\winlogbeat.exe
TargetFilename: C:\ProgramData\winlogbeat\.winlogbeat.yml.new
CreationUtcTime: 2024-08-20 00:11:02.025
User: NT AUTHORITY\SYSTEM"
MY-CAL-WIN10.my-caldera.local,11,"File created:
RuleName: Sysmonv1514
UtcTime: 2024-08-20 00:55:02.205
ProcessGuid: {ca24abc9-d6b1-66c3-ba00-000000001d00}
ProcessId: 6760
Image: C:\Program Files\WinlogBeat\winlogbeat.exe
TargetFilename: C:\ProgramData\winlogbeat\.winlogbeat.yml.new
CreationUtcTime: 2024-08-20 00:11:02.025
User: NT AUTHORITY\SYSTEM"
MY-CAL-WIN10.my-caldera.local,11,"File created:
RuleName: DO
UtcTime: 2024-08-20 00:55:24.757
ProcessGuid: {ca24abc9-e97c-66c3-cd09-000000001d00}
ProcessId: 5304
Image: C:\Program Files\Microsoft OneDrive\24.151.0728.0003\FileCoAuth.exe
TargetFilename: C:\Users\johnny.douche\AppData\Local\Microsoft\OneDrive\logs\Common\FileCoAuth-2024-08-20.0055.5304.1.aodl
CreationUtcTime: 2024-08-20 00:55:24.756
User: MY-CALDERA\johnny.douche"
MY-CAL-WIN10.my-caldera.local,11,"File created:
RuleName: Sysmonv1514
UtcTime: 2024-08-20 00:55:52.526
ProcessGuid: {ca24abc9-d6b1-66c3-ba00-000000001d00}
ProcessId: 6760
Image: C:\Program Files\WinlogBeat\winlogbeat.exe
TargetFilename: C:\ProgramData\winlogbeat\.winlogbeat.yml.new
CreationUtcTime: 2024-08-20 00:11:02.025
User: NT AUTHORITY\SYSTEM"
MY-CAL-WIN10.my-caldera.local,11,"File created:
RuleName: Sysmonv1514
UtcTime: 2024-08-20 00:56:18.481
ProcessGuid: {ca24abc9-d6b1-66c3-ba00-000000001d00}
ProcessId: 6760
Image: C:\Program Files\WinlogBeat\winlogbeat.exe
TargetFilename: C:\ProgramData\winlogbeat\.winlogbeat.yml.new
CreationUtcTime: 2024-08-20 00:11:02.025
User: NT AUTHORITY\SYSTEM"
MY-CAL-WIN10.my-caldera.local,11,"File created:
RuleName: Sysmonv1514
UtcTime: 2024-08-20 00:57:13.629
ProcessGuid: {ca24abc9-d6b1-66c3-ba00-000000001d00}
ProcessId: 6760
Image: C:\Program Files\WinlogBeat\winlogbeat.exe
TargetFilename: C:\ProgramData\winlogbeat\.winlogbeat.yml.new
CreationUtcTime: 2024-08-20 00:11:02.025
User: NT AUTHORITY\SYSTEM"
MY-CAL-WIN10.my-caldera.local,11,"File created:
RuleName: Sysmonv1514
UtcTime: 2024-08-20 00:57:43.747
ProcessGuid: {ca24abc9-d6b1-66c3-ba00-000000001d00}
ProcessId: 6760
Image: C:\Program Files\WinlogBeat\winlogbeat.exe
TargetFilename: C:\ProgramData\winlogbeat\.winlogbeat.yml.new
CreationUtcTime: 2024-08-20 00:11:02.025
User: NT AUTHORITY\SYSTEM"
MY-CAL-WIN10.my-caldera.local,11,"File created:
RuleName: Sysmonv1514
UtcTime: 2024-08-20 00:58:13.976
ProcessGuid: {ca24abc9-d6b1-66c3-ba00-000000001d00}
ProcessId: 6760
Image: C:\Program Files\WinlogBeat\winlogbeat.exe
TargetFilename: C:\ProgramData\winlogbeat\.winlogbeat.yml.new
CreationUtcTime: 2024-08-20 00:11:02.025
User: NT AUTHORITY\SYSTEM"
MY-CAL-WIN10.my-caldera.local,11,"File created:
RuleName: Sysmonv1514
UtcTime: 2024-08-20 00:59:04.352
ProcessGuid: {ca24abc9-d6b1-66c3-ba00-000000001d00}
ProcessId: 6760
Image: C:\Program Files\WinlogBeat\winlogbeat.exe
TargetFilename: C:\ProgramData\winlogbeat\.winlogbeat.yml.new
CreationUtcTime: 2024-08-20 00:11:02.025
User: NT AUTHORITY\SYSTEM"
MY-CAL-WIN10.my-caldera.local,11,"File created:
RuleName: Sysmonv1514
UtcTime: 2024-08-20 00:59:44.459
ProcessGuid: {ca24abc9-d6b1-66c3-ba00-000000001d00}
ProcessId: 6760
Image: C:\Program Files\WinlogBeat\winlogbeat.exe
TargetFilename: C:\ProgramData\winlogbeat\.winlogbeat.yml.new
CreationUtcTime: 2024-08-20 00:11:02.025
User: NT AUTHORITY\SYSTEM"
MY-CAL-WIN10.my-caldera.local,11,"File created:
RuleName: Sysmonv1514
UtcTime: 2024-08-20 00:58:54.298
ProcessGuid: {ca24abc9-d6b1-66c3-ba00-000000001d00}
ProcessId: 6760
Image: C:\Program Files\WinlogBeat\winlogbeat.exe
TargetFilename: C:\ProgramData\winlogbeat\.winlogbeat.yml.new
CreationUtcTime: 2024-08-20 00:11:02.025
User: NT AUTHORITY\SYSTEM"
MY-CAL-WIN10.my-caldera.local,11,"File created:
RuleName: Sysmonv1514
UtcTime: 2024-08-20 00:59:34.418
ProcessGuid: {ca24abc9-d6b1-66c3-ba00-000000001d00}
ProcessId: 6760
Image: C:\Program Files\WinlogBeat\winlogbeat.exe
TargetFilename: C:\ProgramData\winlogbeat\.winlogbeat.yml.new
CreationUtcTime: 2024-08-20 00:11:02.025
User: NT AUTHORITY\SYSTEM"
MY-CAL-WIN10.my-caldera.local,11,"File created:
RuleName: Sysmonv1514
UtcTime: 2024-08-20 00:00:18.920
ProcessGuid: {ca24abc9-d6b1-66c3-ba00-000000001d00}
ProcessId: 6760
Image: C:\Program Files\WinlogBeat\winlogbeat.exe
TargetFilename: C:\ProgramData\winlogbeat\.winlogbeat.yml.new
CreationUtcTime: 2024-08-19 23:44:48.401
User: NT AUTHORITY\SYSTEM"
MY-CAL-WIN10.my-caldera.local,11,"File created:
RuleName: Sysmonv1514
UtcTime: 2024-08-20 00:00:53.996
ProcessGuid: {ca24abc9-d6b1-66c3-ba00-000000001d00}
ProcessId: 6760
Image: C:\Program Files\WinlogBeat\winlogbeat.exe
TargetFilename: C:\ProgramData\winlogbeat\.winlogbeat.yml.new
CreationUtcTime: 2024-08-19 23:44:48.401
User: NT AUTHORITY\SYSTEM"
MY-CAL-WIN10.my-caldera.local,11,"File created:
RuleName: Sysmonv1514
UtcTime: 2024-08-20 00:01:29.280
ProcessGuid: {ca24abc9-d6b1-66c3-ba00-000000001d00}
ProcessId: 6760
Image: C:\Program Files\WinlogBeat\winlogbeat.exe
TargetFilename: C:\ProgramData\winlogbeat\.winlogbeat.yml.new
CreationUtcTime: 2024-08-19 23:44:48.401
User: NT AUTHORITY\SYSTEM"
MY-CAL-WIN10.my-caldera.local,11,"File created:
RuleName: Sysmonv1514
UtcTime: 2024-08-20 00:01:34.292
ProcessGuid: {ca24abc9-d6b1-66c3-ba00-000000001d00}
ProcessId: 6760
Image: C:\Program Files\WinlogBeat\winlogbeat.exe
TargetFilename: C:\ProgramData\winlogbeat\.winlogbeat.yml.new
CreationUtcTime: 2024-08-19 23:44:48.401
User: NT AUTHORITY\SYSTEM"
MY-CAL-WIN10.my-caldera.local,11,"File created:
RuleName: Sysmonv1514
UtcTime: 2024-08-20 00:01:59.442
ProcessGuid: {ca24abc9-d6b1-66c3-ba00-000000001d00}
ProcessId: 6760
Image: C:\Program Files\WinlogBeat\winlogbeat.exe
TargetFilename: C:\ProgramData\winlogbeat\.winlogbeat.yml.new
CreationUtcTime: 2024-08-19 23:44:48.401
User: NT AUTHORITY\SYSTEM"
MY-CAL-WIN10.my-caldera.local,11,"File created:
RuleName: Sysmonv1514
UtcTime: 2024-08-20 00:02:04.455
ProcessGuid: {ca24abc9-d6b1-66c3-ba00-000000001d00}
ProcessId: 6760
Image: C:\Program Files\WinlogBeat\winlogbeat.exe
TargetFilename: C:\ProgramData\winlogbeat\.winlogbeat.yml.new
CreationUtcTime: 2024-08-19 23:44:48.401
User: NT AUTHORITY\SYSTEM"
MY-CAL-WIN10.my-caldera.local,11,"File created:
RuleName: Sysmonv1514
UtcTime: 2024-08-20 00:02:39.528
ProcessGuid: {ca24abc9-d6b1-66c3-ba00-000000001d00}
ProcessId: 6760
Image: C:\Program Files\WinlogBeat\winlogbeat.exe
TargetFilename: C:\ProgramData\winlogbeat\.winlogbeat.yml.new
CreationUtcTime: 2024-08-19 23:44:48.401
User: NT AUTHORITY\SYSTEM"
MY-CAL-WIN10.my-caldera.local,11,"File created:
RuleName: Sysmonv1514
UtcTime: 2024-08-20 00:03:09.858
ProcessGuid: {ca24abc9-d6b1-66c3-ba00-000000001d00}
ProcessId: 6760
Image: C:\Program Files\WinlogBeat\winlogbeat.exe
TargetFilename: C:\ProgramData\winlogbeat\.winlogbeat.yml.new
CreationUtcTime: 2024-08-19 23:44:48.401
User: NT AUTHORITY\SYSTEM"
MY-CAL-WIN10.my-caldera.local,11,"File created:
RuleName: Sysmonv1514
UtcTime: 2024-08-20 00:03:14.869
ProcessGuid: {ca24abc9-d6b1-66c3-ba00-000000001d00}
ProcessId: 6760
Image: C:\Program Files\WinlogBeat\winlogbeat.exe
TargetFilename: C:\ProgramData\winlogbeat\.winlogbeat.yml.new
CreationUtcTime: 2024-08-19 23:44:48.401
User: NT AUTHORITY\SYSTEM"
MY-CAL-WIN10.my-caldera.local,11,"File created:
RuleName: Sysmonv1514
UtcTime: 2024-08-20 00:03:50.072
ProcessGuid: {ca24abc9-d6b1-66c3-ba00-000000001d00}
ProcessId: 6760
Image: C:\Program Files\WinlogBeat\winlogbeat.exe
TargetFilename: C:\ProgramData\winlogbeat\.winlogbeat.yml.new
CreationUtcTime: 2024-08-19 23:44:48.401
User: NT AUTHORITY\SYSTEM"
MY-CAL-WIN10.my-caldera.local,11,"File created:
RuleName: Sysmonv1514
UtcTime: 2024-08-20 00:04:15.135
ProcessGuid: {ca24abc9-d6b1-66c3-ba00-000000001d00}
ProcessId: 6760
Image: C:\Program Files\WinlogBeat\winlogbeat.exe
TargetFilename: C:\ProgramData\winlogbeat\.winlogbeat.yml.new
CreationUtcTime: 2024-08-19 23:44:48.401
User: NT AUTHORITY\SYSTEM"
MY-CAL-WIN10.my-caldera.local,11,"File created:
RuleName: Sysmonv1514
UtcTime: 2024-08-20 00:04:50.221
ProcessGuid: {ca24abc9-d6b1-66c3-ba00-000000001d00}
ProcessId: 6760
Image: C:\Program Files\WinlogBeat\winlogbeat.exe
TargetFilename: C:\ProgramData\winlogbeat\.winlogbeat.yml.new
CreationUtcTime: 2024-08-19 23:44:48.401
User: NT AUTHORITY\SYSTEM"
MY-CAL-WIN10.my-caldera.local,11,"File created:
RuleName: Sysmonv1514
UtcTime: 2024-08-20 00:04:55.233
ProcessGuid: {ca24abc9-d6b1-66c3-ba00-000000001d00}
ProcessId: 6760
Image: C:\Program Files\WinlogBeat\winlogbeat.exe
TargetFilename: C:\ProgramData\winlogbeat\.winlogbeat.yml.new
CreationUtcTime: 2024-08-19 23:44:48.401
User: NT AUTHORITY\SYSTEM"
MY-CAL-WIN10.my-caldera.local,11,"File created:
RuleName: Sysmonv1514
UtcTime: 2024-08-20 00:05:09.541
ProcessGuid: {ca24abc9-d6b1-66c3-ba00-000000001d00}
ProcessId: 6760
Image: C:\Program Files\WinlogBeat\winlogbeat.exe
TargetFilename: C:\ProgramData\winlogbeat\.winlogbeat.yml.new
CreationUtcTime: 2024-08-19 23:44:48.401
User: NT AUTHORITY\SYSTEM"
MY-CAL-WIN10.my-caldera.local,11,"File created:
RuleName: Sysmonv1514
UtcTime: 2024-08-20 00:05:14.553
ProcessGuid: {ca24abc9-d6b1-66c3-ba00-000000001d00}
ProcessId: 6760
Image: C:\Program Files\WinlogBeat\winlogbeat.exe
TargetFilename: C:\ProgramData\winlogbeat\.winlogbeat.yml.new
CreationUtcTime: 2024-08-19 23:44:48.401
User: NT AUTHORITY\SYSTEM"
MY-CAL-WIN10.my-caldera.local,11,"File created:
RuleName: Sysmonv1514
UtcTime: 2024-08-20 00:05:39.608
ProcessGuid: {ca24abc9-d6b1-66c3-ba00-000000001d00}
ProcessId: 6760
Image: C:\Program Files\WinlogBeat\winlogbeat.exe
TargetFilename: C:\ProgramData\winlogbeat\.winlogbeat.yml.new
CreationUtcTime: 2024-08-19 23:44:48.401
User: NT AUTHORITY\SYSTEM"
MY-CAL-WIN10.my-caldera.local,11,"File created:
RuleName: Sysmonv1514
UtcTime: 2024-08-20 00:05:54.646
ProcessGuid: {ca24abc9-d6b1-66c3-ba00-000000001d00}
ProcessId: 6760
Image: C:\Program Files\WinlogBeat\winlogbeat.exe
TargetFilename: C:\ProgramData\winlogbeat\.winlogbeat.yml.new
CreationUtcTime: 2024-08-19 23:44:48.401
User: NT AUTHORITY\SYSTEM"
MY-CAL-WIN10.my-caldera.local,11,"File created:
RuleName: Sysmonv1514
UtcTime: 2024-08-20 00:05:59.660
ProcessGuid: {ca24abc9-d6b1-66c3-ba00-000000001d00}
ProcessId: 6760
Image: C:\Program Files\WinlogBeat\winlogbeat.exe
TargetFilename: C:\ProgramData\winlogbeat\.winlogbeat.yml.new
CreationUtcTime: 2024-08-19 23:44:48.401
User: NT AUTHORITY\SYSTEM"
MY-CAL-WIN10.my-caldera.local,11,"File created:
RuleName: Sysmonv1514
UtcTime: 2024-08-20 00:06:24.731
ProcessGuid: {ca24abc9-d6b1-66c3-ba00-000000001d00}
ProcessId: 6760
Image: C:\Program Files\WinlogBeat\winlogbeat.exe
TargetFilename: C:\ProgramData\winlogbeat\.winlogbeat.yml.new
CreationUtcTime: 2024-08-19 23:44:48.401
User: NT AUTHORITY\SYSTEM"
MY-CAL-WIN10.my-caldera.local,11,"File created:
RuleName: Sysmonv1514
UtcTime: 2024-08-20 00:06:29.743
ProcessGuid: {ca24abc9-d6b1-66c3-ba00-000000001d00}
ProcessId: 6760
Image: C:\Program Files\WinlogBeat\winlogbeat.exe
TargetFilename: C:\ProgramData\winlogbeat\.winlogbeat.yml.new
CreationUtcTime: 2024-08-19 23:44:48.401
User: NT AUTHORITY\SYSTEM"
MY-CAL-WIN10.my-caldera.local,11,"File created:
RuleName: Sysmonv1514
UtcTime: 2024-08-20 00:06:49.841
ProcessGuid: {ca24abc9-d6b1-66c3-ba00-000000001d00}
ProcessId: 6760
Image: C:\Program Files\WinlogBeat\winlogbeat.exe
TargetFilename: C:\ProgramData\winlogbeat\.winlogbeat.yml.new
CreationUtcTime: 2024-08-19 23:44:48.401
User: NT AUTHORITY\SYSTEM"
MY-CAL-WIN10.my-caldera.local,11,"File created:
RuleName: DO
UtcTime: 2024-08-20 00:06:53.146
ProcessGuid: {ca24abc9-d6c0-66c3-c700-000000001d00}
ProcessId: 1216
Image: C:\Program Files (x86)\Microsoft\Edge\Application\msedge.exe
TargetFilename: C:\Users\johnny.douche\AppData\Local\Microsoft\Edge\User Data\c80e7e51-5549-4e45-8b0f-efecd1f614c7.tmp
CreationUtcTime: 2024-08-20 00:06:53.146
User: MY-CALDERA\johnny.douche"
MY-CAL-WIN10.my-caldera.local,11,"File created:
RuleName: DO
UtcTime: 2024-08-20 00:06:53.292
ProcessGuid: {ca24abc9-d6c0-66c3-c700-000000001d00}
ProcessId: 1216
Image: C:\Program Files (x86)\Microsoft\Edge\Application\msedge.exe
TargetFilename: C:\Users\johnny.douche\AppData\Local\Microsoft\Edge\User Data\Local State~RF1fb186.TMP
CreationUtcTime: 2024-08-20 00:06:53.292
User: MY-CALDERA\johnny.douche"
MY-CAL-WIN10.my-caldera.local,11,"File created:
RuleName: Sysmonv1514
UtcTime: 2024-08-20 00:07:13.380
ProcessGuid: {ca24abc9-d62f-66c3-4300-000000001d00}
ProcessId: 3280
Image: C:\Windows\System32\svchost.exe
TargetFilename: C:\ProgramData\Microsoft\Diagnosis\DownloadedSettings\utc.allow.json.new
CreationUtcTime: 2024-08-20 00:07:13.380
User: NT AUTHORITY\SYSTEM"
MY-CAL-WIN10.my-caldera.local,11,"File created:
RuleName: Sysmonv1514
UtcTime: 2024-08-20 00:07:14.951
ProcessGuid: {ca24abc9-d6b1-66c3-ba00-000000001d00}
ProcessId: 6760
Image: C:\Program Files\WinlogBeat\winlogbeat.exe
TargetFilename: C:\ProgramData\winlogbeat\.winlogbeat.yml.new
CreationUtcTime: 2024-08-19 23:44:48.401
User: NT AUTHORITY\SYSTEM"
MY-CAL-WIN10.my-caldera.local,11,"File created:
RuleName: DO
UtcTime: 2024-08-20 00:07:48.941
ProcessGuid: {ca24abc9-de54-66c3-c601-000000001d00}
ProcessId: 3784
Image: C:\Windows\System32\WindowsPowerShell\v1.0\powershell.exe
TargetFilename: C:\Users\johnny.douche\AppData\Local\Microsoft\Windows\PowerShell\StartupProfileData-NonInteractive
CreationUtcTime: 2024-03-28 01:06:06.420
User: MY-CALDERA\johnny.douche"
MY-CAL-WIN10.my-caldera.local,11,"File created:
RuleName: Sysmonv1514
UtcTime: 2024-08-20 00:07:49.348
ProcessGuid: {ca24abc9-d6b1-66c3-ba00-000000001d00}
ProcessId: 6760
Image: C:\Program Files\WinlogBeat\winlogbeat.exe
TargetFilename: C:\ProgramData\winlogbeat\.winlogbeat.yml.new
CreationUtcTime: 2024-08-19 23:44:48.401
User: NT AUTHORITY\SYSTEM"
MY-CAL-WIN10.my-caldera.local,11,"File created:
RuleName: DO
UtcTime: 2024-08-20 00:07:49.428
ProcessGuid: {ca24abc9-de54-66c3-c701-000000001d00}
ProcessId: 7448
Image: C:\Windows\System32\WindowsPowerShell\v1.0\powershell.exe
TargetFilename: C:\Users\johnny.douche\AppData\Local\Microsoft\Windows\PowerShell\StartupProfileData-NonInteractive
CreationUtcTime: 2024-03-28 01:06:06.420
User: MY-CALDERA\johnny.douche"
MY-CAL-WIN10.my-caldera.local,11,"File created:
RuleName: DO
UtcTime: 2024-08-20 00:07:53.876
ProcessGuid: {ca24abc9-de59-66c3-d601-000000001d00}
ProcessId: 6628
Image: C:\Windows\System32\WindowsPowerShell\v1.0\powershell.exe
TargetFilename: C:\Users\johnny.douche\AppData\Local\Microsoft\Windows\PowerShell\StartupProfileData-NonInteractive
CreationUtcTime: 2024-03-28 01:06:06.420
User: MY-CALDERA\johnny.douche"
MY-CAL-WIN10.my-caldera.local,11,"File created:
RuleName: DO
UtcTime: 2024-08-20 00:07:54.636
ProcessGuid: {ca24abc9-de5a-66c3-d901-000000001d00}
ProcessId: 8856
Image: C:\Windows\System32\WindowsPowerShell\v1.0\powershell.exe
TargetFilename: C:\Users\johnny.douche\AppData\Local\Microsoft\Windows\PowerShell\StartupProfileData-NonInteractive
CreationUtcTime: 2024-03-28 01:06:06.420
User: MY-CALDERA\johnny.douche"
MY-CAL-WIN10.my-caldera.local,11,"File created:
RuleName: DO
UtcTime: 2024-08-20 00:07:54.324
ProcessGuid: {ca24abc9-de59-66c3-d701-000000001d00}
ProcessId: 8540
Image: C:\Windows\System32\WindowsPowerShell\v1.0\powershell.exe
TargetFilename: C:\Users\johnny.douche\AppData\Local\Microsoft\Windows\PowerShell\StartupProfileData-NonInteractive
CreationUtcTime: 2024-03-28 01:06:06.420
User: MY-CALDERA\johnny.douche"
MY-CAL-WIN10.my-caldera.local,11,"File created:
RuleName: Sysmonv1514
UtcTime: 2024-08-20 00:07:54.365
ProcessGuid: {ca24abc9-d6b1-66c3-ba00-000000001d00}
ProcessId: 6760
Image: C:\Program Files\WinlogBeat\winlogbeat.exe
TargetFilename: C:\ProgramData\winlogbeat\.winlogbeat.yml.new
CreationUtcTime: 2024-08-19 23:44:48.401
User: NT AUTHORITY\SYSTEM"
MY-CAL-WIN10.my-caldera.local,11,"File created:
RuleName: DO
UtcTime: 2024-08-20 00:08:02.867
ProcessGuid: {ca24abc9-de5f-66c3-0d02-000000001d00}
ProcessId: 8432
Image: C:\Windows\System32\WindowsPowerShell\v1.0\powershell.exe
TargetFilename: C:\Users\johnny.douche\AppData\Local\Temp\Microsoft.PackageManagement\3p54xwur.ldf
CreationUtcTime: 2024-08-20 00:08:02.867
User: MY-CALDERA\johnny.douche"
MY-CAL-WIN10.my-caldera.local,11,"File created:
RuleName: DO
UtcTime: 2024-08-20 00:08:03.252
ProcessGuid: {ca24abc9-de5f-66c3-0d02-000000001d00}
ProcessId: 8432
Image: C:\Windows\System32\WindowsPowerShell\v1.0\powershell.exe
TargetFilename: C:\Users\johnny.douche\AppData\Local\Temp\Microsoft.PackageManagement\3lisvgjt.bw0
CreationUtcTime: 2024-08-20 00:08:03.252
User: MY-CALDERA\johnny.douche"
MY-CAL-WIN10.my-caldera.local,11,"File created:
RuleName: DO
UtcTime: 2024-08-20 00:08:03.286
ProcessGuid: {ca24abc9-de5f-66c3-0d02-000000001d00}
ProcessId: 8432
Image: C:\Windows\System32\WindowsPowerShell\v1.0\powershell.exe
TargetFilename: C:\Users\johnny.douche\AppData\Local\Temp\Microsoft.PackageManagement\ayr0ps5u.lbp
CreationUtcTime: 2024-08-20 00:08:03.286
User: MY-CALDERA\johnny.douche"
MY-CAL-WIN10.my-caldera.local,11,"File created:
RuleName: DO
UtcTime: 2024-08-20 00:08:03.318
ProcessGuid: {ca24abc9-de5f-66c3-0d02-000000001d00}
ProcessId: 8432
Image: C:\Windows\System32\WindowsPowerShell\v1.0\powershell.exe
TargetFilename: C:\Users\johnny.douche\AppData\Local\Temp\Microsoft.PackageManagement\aif1dqc1.q3z
CreationUtcTime: 2024-08-20 00:08:03.318
User: MY-CALDERA\johnny.douche"
MY-CAL-WIN10.my-caldera.local,11,"File created:
RuleName: DO
UtcTime: 2024-08-20 00:08:14.454
ProcessGuid: {ca24abc9-de5f-66c3-0d02-000000001d00}
ProcessId: 8432
Image: C:\Windows\System32\WindowsPowerShell\v1.0\powershell.exe
TargetFilename: C:\Users\johnny.douche\Documents\WindowsPowerShell\Modules\DSInternals\4.14\DSInternals.Bootstrap.psm1
CreationUtcTime: 2024-08-20 00:08:14.401
User: MY-CALDERA\johnny.douche"
MY-CAL-WIN10.my-caldera.local,11,"File created:
RuleName: DLL
UtcTime: 2024-08-20 00:08:14.457
ProcessGuid: {ca24abc9-de5f-66c3-0d02-000000001d00}
ProcessId: 8432
Image: C:\Windows\System32\WindowsPowerShell\v1.0\powershell.exe
TargetFilename: C:\Users\johnny.douche\Documents\WindowsPowerShell\Modules\DSInternals\4.14\DSInternals.Common.dll
CreationUtcTime: 2024-08-20 00:08:14.457
User: MY-CALDERA\johnny.douche"
MY-CAL-WIN10.my-caldera.local,11,"File created:
RuleName: DLL
UtcTime: 2024-08-20 00:08:14.466
ProcessGuid: {ca24abc9-de5f-66c3-0d02-000000001d00}
ProcessId: 8432
Image: C:\Windows\System32\WindowsPowerShell\v1.0\powershell.exe
TargetFilename: C:\Users\johnny.douche\Documents\WindowsPowerShell\Modules\DSInternals\4.14\DSInternals.DataStore.dll
CreationUtcTime: 2024-08-20 00:08:14.466
User: MY-CALDERA\johnny.douche"
MY-CAL-WIN10.my-caldera.local,11,"File created:
RuleName: DO
UtcTime: 2024-08-20 00:08:14.472
ProcessGuid: {ca24abc9-de5f-66c3-0d02-000000001d00}
ProcessId: 8432
Image: C:\Windows\System32\WindowsPowerShell\v1.0\powershell.exe
TargetFilename: C:\Users\johnny.douche\Documents\WindowsPowerShell\Modules\DSInternals\4.14\DSInternals.DataStore.pdb
CreationUtcTime: 2024-08-20 00:08:14.471
User: MY-CALDERA\johnny.douche"
MY-CAL-WIN10.my-caldera.local,11,"File created:
RuleName: DLL
UtcTime: 2024-08-20 00:08:14.474
ProcessGuid: {ca24abc9-de5f-66c3-0d02-000000001d00}
ProcessId: 8432
Image: C:\Windows\System32\WindowsPowerShell\v1.0\powershell.exe
TargetFilename: C:\Users\johnny.douche\Documents\WindowsPowerShell\Modules\DSInternals\4.14\DSInternals.PowerShell.dll
CreationUtcTime: 2024-08-20 00:08:14.474
User: MY-CALDERA\johnny.douche"
MY-CAL-WIN10.my-caldera.local,11,"File created:
RuleName: DO
UtcTime: 2024-08-20 00:08:14.480
ProcessGuid: {ca24abc9-de5f-66c3-0d02-000000001d00}
ProcessId: 8432
Image: C:\Windows\System32\WindowsPowerShell\v1.0\powershell.exe
TargetFilename: C:\Users\johnny.douche\Documents\WindowsPowerShell\Modules\DSInternals\4.14\DSInternals.psd1
CreationUtcTime: 2024-08-20 00:08:14.479
User: MY-CALDERA\johnny.douche"
MY-CAL-WIN10.my-caldera.local,11,"File created:
RuleName: DLL
UtcTime: 2024-08-20 00:08:14.482
ProcessGuid: {ca24abc9-de5f-66c3-0d02-000000001d00}
ProcessId: 8432
Image: C:\Windows\System32\WindowsPowerShell\v1.0\powershell.exe
TargetFilename: C:\Users\johnny.douche\Documents\WindowsPowerShell\Modules\DSInternals\4.14\DSInternals.Replication.dll
CreationUtcTime: 2024-08-20 00:08:14.482
User: MY-CALDERA\johnny.douche"
MY-CAL-WIN10.my-caldera.local,11,"File created:
RuleName: DLL
UtcTime: 2024-08-20 00:08:14.486
ProcessGuid: {ca24abc9-de5f-66c3-0d02-000000001d00}
ProcessId: 8432
Image: C:\Windows\System32\WindowsPowerShell\v1.0\powershell.exe
TargetFilename: C:\Users\johnny.douche\Documents\WindowsPowerShell\Modules\DSInternals\4.14\DSInternals.Replication.Model.dll
CreationUtcTime: 2024-08-20 00:08:14.485
User: MY-CALDERA\johnny.douche"
MY-CAL-WIN10.my-caldera.local,11,"File created:
RuleName: DLL
UtcTime: 2024-08-20 00:08:14.489
ProcessGuid: {ca24abc9-de5f-66c3-0d02-000000001d00}
ProcessId: 8432
Image: C:\Windows\System32\WindowsPowerShell\v1.0\powershell.exe
TargetFilename: C:\Users\johnny.douche\Documents\WindowsPowerShell\Modules\DSInternals\4.14\DSInternals.SAM.dll
CreationUtcTime: 2024-08-20 00:08:14.489
User: MY-CALDERA\johnny.douche"
MY-CAL-WIN10.my-caldera.local,11,"File created:
RuleName: DO
UtcTime: 2024-08-20 00:08:14.493
ProcessGuid: {ca24abc9-de5f-66c3-0d02-000000001d00}
ProcessId: 8432
Image: C:\Windows\System32\WindowsPowerShell\v1.0\powershell.exe
TargetFilename: C:\Users\johnny.douche\Documents\WindowsPowerShell\Modules\DSInternals\4.14\DSInternals.types.ps1xml
CreationUtcTime: 2024-08-20 00:08:14.493
User: MY-CALDERA\johnny.douche"
MY-CAL-WIN10.my-caldera.local,11,"File created:
RuleName: DLL
UtcTime: 2024-08-20 00:08:14.496
ProcessGuid: {ca24abc9-de5f-66c3-0d02-000000001d00}
ProcessId: 8432
Image: C:\Windows\System32\WindowsPowerShell\v1.0\powershell.exe
TargetFilename: C:\Users\johnny.douche\Documents\WindowsPowerShell\Modules\DSInternals\4.14\Esent.Interop.dll
CreationUtcTime: 2024-08-20 00:08:14.495
User: MY-CALDERA\johnny.douche"
MY-CAL-WIN10.my-caldera.local,11,"File created:
RuleName: DLL
UtcTime: 2024-08-20 00:08:14.506
ProcessGuid: {ca24abc9-de5f-66c3-0d02-000000001d00}
ProcessId: 8432
Image: C:\Windows\System32\WindowsPowerShell\v1.0\powershell.exe
TargetFilename: C:\Users\johnny.douche\Documents\WindowsPowerShell\Modules\DSInternals\4.14\Esent.Isam.dll
CreationUtcTime: 2024-08-20 00:08:14.505
User: MY-CALDERA\johnny.douche"
MY-CAL-WIN10.my-caldera.local,11,"File created:
RuleName: DO
UtcTime: 2024-08-20 00:08:14.511
ProcessGuid: {ca24abc9-de5f-66c3-0d02-000000001d00}
ProcessId: 8432
Image: C:\Windows\System32\WindowsPowerShell\v1.0\powershell.exe
TargetFilename: C:\Users\johnny.douche\Documents\WindowsPowerShell\Modules\DSInternals\4.14\License.txt
CreationUtcTime: 2024-08-20 00:08:14.510
User: MY-CALDERA\johnny.douche"
MY-CAL-WIN10.my-caldera.local,11,"File created:
RuleName: DLL
UtcTime: 2024-08-20 00:08:14.516
ProcessGuid: {ca24abc9-de5f-66c3-0d02-000000001d00}
ProcessId: 8432
Image: C:\Windows\System32\WindowsPowerShell\v1.0\powershell.exe
TargetFilename: C:\Users\johnny.douche\Documents\WindowsPowerShell\Modules\DSInternals\4.14\NDceRpc.Microsoft.dll
CreationUtcTime: 2024-08-20 00:08:14.513
User: MY-CALDERA\johnny.douche"
MY-CAL-WIN10.my-caldera.local,11,"File created:
RuleName: DLL
UtcTime: 2024-08-20 00:08:14.520
ProcessGuid: {ca24abc9-de5f-66c3-0d02-000000001d00}
ProcessId: 8432
Image: C:\Windows\System32\WindowsPowerShell\v1.0\powershell.exe
TargetFilename: C:\Users\johnny.douche\Documents\WindowsPowerShell\Modules\DSInternals\4.14\Newtonsoft.Json.dll
CreationUtcTime: 2024-08-20 00:08:14.520
User: MY-CALDERA\johnny.douche"
MY-CAL-WIN10.my-caldera.local,11,"File created:
RuleName: DLL
UtcTime: 2024-08-20 00:08:14.538
ProcessGuid: {ca24abc9-de5f-66c3-0d02-000000001d00}
ProcessId: 8432
Image: C:\Windows\System32\WindowsPowerShell\v1.0\powershell.exe
TargetFilename: C:\Users\johnny.douche\Documents\WindowsPowerShell\Modules\DSInternals\4.14\Numbers.dll
CreationUtcTime: 2024-08-20 00:08:14.537
User: MY-CALDERA\johnny.douche"
MY-CAL-WIN10.my-caldera.local,11,"File created:
RuleName: DO
UtcTime: 2024-08-20 00:08:14.558
ProcessGuid: {ca24abc9-de5f-66c3-0d02-000000001d00}
ProcessId: 8432
Image: C:\Windows\System32\WindowsPowerShell\v1.0\powershell.exe
TargetFilename: C:\Users\johnny.douche\Documents\WindowsPowerShell\Modules\DSInternals\4.14\PSGetModuleInfo.xml
CreationUtcTime: 2024-08-20 00:08:14.558
User: MY-CALDERA\johnny.douche"
MY-CAL-WIN10.my-caldera.local,11,"File created:
RuleName: Sysmonv1514
UtcTime: 2024-08-20 00:08:14.948
ProcessGuid: {ca24abc9-d6b1-66c3-ba00-000000001d00}
ProcessId: 6760
Image: C:\Program Files\WinlogBeat\winlogbeat.exe
TargetFilename: C:\ProgramData\winlogbeat\.winlogbeat.yml.new
CreationUtcTime: 2024-08-19 23:44:48.401
User: NT AUTHORITY\SYSTEM"
MY-CAL-WIN10.my-caldera.local,11,"File created:
RuleName: DO
UtcTime: 2024-08-20 00:08:14.168
ProcessGuid: {ca24abc9-de5f-66c3-0d02-000000001d00}
ProcessId: 8432
Image: C:\Windows\System32\WindowsPowerShell\v1.0\powershell.exe
TargetFilename: C:\Users\johnny.douche\Documents\WindowsPowerShell\Modules\DSInternals\4.14
CreationUtcTime: 2024-08-20 00:08:14.167
User: MY-CALDERA\johnny.douche"
MY-CAL-WIN10.my-caldera.local,11,"File created:
RuleName: DO
UtcTime: 2024-08-20 00:08:14.178
ProcessGuid: {ca24abc9-de5f-66c3-0d02-000000001d00}
ProcessId: 8432
Image: C:\Windows\System32\WindowsPowerShell\v1.0\powershell.exe
TargetFilename: C:\Users\johnny.douche\Documents\WindowsPowerShell\Modules\DSInternals\4.14\amd64
CreationUtcTime: 2024-08-20 00:08:14.177
User: MY-CALDERA\johnny.douche"
MY-CAL-WIN10.my-caldera.local,11,"File created:
RuleName: DLL
UtcTime: 2024-08-20 00:08:14.179
ProcessGuid: {ca24abc9-de5f-66c3-0d02-000000001d00}
ProcessId: 8432
Image: C:\Windows\System32\WindowsPowerShell\v1.0\powershell.exe
TargetFilename: C:\Users\johnny.douche\Documents\WindowsPowerShell\Modules\DSInternals\4.14\amd64\DSInternals.Replication.Interop.dll
CreationUtcTime: 2024-08-20 00:08:14.179
User: MY-CALDERA\johnny.douche"
MY-CAL-WIN10.my-caldera.local,11,"File created:
RuleName: DLL
UtcTime: 2024-08-20 00:08:14.187
ProcessGuid: {ca24abc9-de5f-66c3-0d02-000000001d00}
ProcessId: 8432
Image: C:\Windows\System32\WindowsPowerShell\v1.0\powershell.exe
TargetFilename: C:\Users\johnny.douche\Documents\WindowsPowerShell\Modules\DSInternals\4.14\amd64\msvcp140.dll
CreationUtcTime: 2024-08-20 00:08:14.186
User: MY-CALDERA\johnny.douche"
MY-CAL-WIN10.my-caldera.local,11,"File created:
RuleName: DLL
UtcTime: 2024-08-20 00:08:14.201
ProcessGuid: {ca24abc9-de5f-66c3-0d02-000000001d00}
ProcessId: 8432
Image: C:\Windows\System32\WindowsPowerShell\v1.0\powershell.exe
TargetFilename: C:\Users\johnny.douche\Documents\WindowsPowerShell\Modules\DSInternals\4.14\amd64\vcruntime140.dll
CreationUtcTime: 2024-08-20 00:08:14.201
User: MY-CALDERA\johnny.douche"
MY-CAL-WIN10.my-caldera.local,11,"File created:
RuleName: DLL
UtcTime: 2024-08-20 00:08:14.210
ProcessGuid: {ca24abc9-de5f-66c3-0d02-000000001d00}
ProcessId: 8432
Image: C:\Windows\System32\WindowsPowerShell\v1.0\powershell.exe
TargetFilename: C:\Users\johnny.douche\Documents\WindowsPowerShell\Modules\DSInternals\4.14\amd64\vcruntime140_1.dll
CreationUtcTime: 2024-08-20 00:08:14.207
User: MY-CALDERA\johnny.douche"
MY-CAL-WIN10.my-caldera.local,11,"File created:
RuleName: DLL
UtcTime: 2024-08-20 00:08:14.214
ProcessGuid: {ca24abc9-de5f-66c3-0d02-000000001d00}
ProcessId: 8432
Image: C:\Windows\System32\WindowsPowerShell\v1.0\powershell.exe
TargetFilename: C:\Users\johnny.douche\Documents\WindowsPowerShell\Modules\DSInternals\4.14\amd64\vcruntime140_threads.dll
CreationUtcTime: 2024-08-20 00:08:14.214
User: MY-CALDERA\johnny.douche"
MY-CAL-WIN10.my-caldera.local,11,"File created:
RuleName: DO
UtcTime: 2024-08-20 00:08:17.012
ProcessGuid: {ca24abc9-de6f-66c3-1302-000000001d00}
ProcessId: 6052
Image: C:\Windows\System32\WindowsPowerShell\v1.0\powershell.exe
TargetFilename: C:\Users\johnny.douche\AppData\Local\Microsoft\Windows\PowerShell\StartupProfileData-NonInteractive
CreationUtcTime: 2024-03-28 01:06:06.420
User: MY-CALDERA\johnny.douche"
MY-CAL-WIN10.my-caldera.local,11,"File created:
RuleName: DO
UtcTime: 2024-08-20 00:08:14.219
ProcessGuid: {ca24abc9-de5f-66c3-0d02-000000001d00}
ProcessId: 8432
Image: C:\Windows\System32\WindowsPowerShell\v1.0\powershell.exe
TargetFilename: C:\Users\johnny.douche\Documents\WindowsPowerShell\Modules\DSInternals\4.14\arm64
CreationUtcTime: 2024-08-20 00:08:14.219
User: MY-CALDERA\johnny.douche"
MY-CAL-WIN10.my-caldera.local,11,"File created:
RuleName: DLL
UtcTime: 2024-08-20 00:08:14.221
ProcessGuid: {ca24abc9-de5f-66c3-0d02-000000001d00}
ProcessId: 8432
Image: C:\Windows\System32\WindowsPowerShell\v1.0\powershell.exe
TargetFilename: C:\Users\johnny.douche\Documents\WindowsPowerShell\Modules\DSInternals\4.14\arm64\DSInternals.Replication.Interop.dll
CreationUtcTime: 2024-08-20 00:08:14.220
User: MY-CALDERA\johnny.douche"
MY-CAL-WIN10.my-caldera.local,11,"File created:
RuleName: DLL
UtcTime: 2024-08-20 00:08:14.227
ProcessGuid: {ca24abc9-de5f-66c3-0d02-000000001d00}
ProcessId: 8432
Image: C:\Windows\System32\WindowsPowerShell\v1.0\powershell.exe
TargetFilename: C:\Users\johnny.douche\Documents\WindowsPowerShell\Modules\DSInternals\4.14\arm64\msvcp140.dll
CreationUtcTime: 2024-08-20 00:08:14.227
User: MY-CALDERA\johnny.douche"
MY-CAL-WIN10.my-caldera.local,11,"File created:
RuleName: DLL
UtcTime: 2024-08-20 00:08:14.259
ProcessGuid: {ca24abc9-de5f-66c3-0d02-000000001d00}
ProcessId: 8432
Image: C:\Windows\System32\WindowsPowerShell\v1.0\powershell.exe
TargetFilename: C:\Users\johnny.douche\Documents\WindowsPowerShell\Modules\DSInternals\4.14\arm64\vcruntime140.dll
CreationUtcTime: 2024-08-20 00:08:14.259
User: MY-CALDERA\johnny.douche"
MY-CAL-WIN10.my-caldera.local,11,"File created:
RuleName: DLL
UtcTime: 2024-08-20 00:08:14.268
ProcessGuid: {ca24abc9-de5f-66c3-0d02-000000001d00}
ProcessId: 8432
Image: C:\Windows\System32\WindowsPowerShell\v1.0\powershell.exe
TargetFilename: C:\Users\johnny.douche\Documents\WindowsPowerShell\Modules\DSInternals\4.14\arm64\vcruntime140_1.dll
CreationUtcTime: 2024-08-20 00:08:14.266
User: MY-CALDERA\johnny.douche"
MY-CAL-WIN10.my-caldera.local,11,"File created:
RuleName: DLL
UtcTime: 2024-08-20 00:08:14.272
ProcessGuid: {ca24abc9-de5f-66c3-0d02-000000001d00}
ProcessId: 8432
Image: C:\Windows\System32\WindowsPowerShell\v1.0\powershell.exe
TargetFilename: C:\Users\johnny.douche\Documents\WindowsPowerShell\Modules\DSInternals\4.14\arm64\vcruntime140_threads.dll
CreationUtcTime: 2024-08-20 00:08:14.272
User: MY-CALDERA\johnny.douche"
MY-CAL-WIN10.my-caldera.local,11,"File created:
RuleName: DO
UtcTime: 2024-08-20 00:08:14.277
ProcessGuid: {ca24abc9-de5f-66c3-0d02-000000001d00}
ProcessId: 8432
Image: C:\Windows\System32\WindowsPowerShell\v1.0\powershell.exe
TargetFilename: C:\Users\johnny.douche\Documents\WindowsPowerShell\Modules\DSInternals\4.14\en-US
CreationUtcTime: 2024-08-20 00:08:14.276
User: MY-CALDERA\johnny.douche"
MY-CAL-WIN10.my-caldera.local,11,"File created:
RuleName: DO
UtcTime: 2024-08-20 00:08:14.284
ProcessGuid: {ca24abc9-de5f-66c3-0d02-000000001d00}
ProcessId: 8432
Image: C:\Windows\System32\WindowsPowerShell\v1.0\powershell.exe
TargetFilename: C:\Users\johnny.douche\Documents\WindowsPowerShell\Modules\DSInternals\4.14\en-US\about_DSInternals.help.txt
CreationUtcTime: 2024-08-20 00:08:14.284
User: MY-CALDERA\johnny.douche"
MY-CAL-WIN10.my-caldera.local,11,"File created:
RuleName: DO
UtcTime: 2024-08-20 00:08:14.287
ProcessGuid: {ca24abc9-de5f-66c3-0d02-000000001d00}
ProcessId: 8432
Image: C:\Windows\System32\WindowsPowerShell\v1.0\powershell.exe
TargetFilename: C:\Users\johnny.douche\Documents\WindowsPowerShell\Modules\DSInternals\4.14\en-US\DSInternals.PowerShell.dll-Help.xml
CreationUtcTime: 2024-08-20 00:08:14.287
User: MY-CALDERA\johnny.douche"
MY-CAL-WIN10.my-caldera.local,11,"File created:
RuleName: DO
UtcTime: 2024-08-20 00:08:14.289
ProcessGuid: {ca24abc9-de5f-66c3-0d02-000000001d00}
ProcessId: 8432
Image: C:\Windows\System32\WindowsPowerShell\v1.0\powershell.exe
TargetFilename: C:\Users\johnny.douche\Documents\WindowsPowerShell\Modules\DSInternals\4.14\Views
CreationUtcTime: 2024-08-20 00:08:14.289
User: MY-CALDERA\johnny.douche"
MY-CAL-WIN10.my-caldera.local,11,"File created:
RuleName: DO
UtcTime: 2024-08-20 00:08:14.291
ProcessGuid: {ca24abc9-de5f-66c3-0d02-000000001d00}
ProcessId: 8432
Image: C:\Windows\System32\WindowsPowerShell\v1.0\powershell.exe
TargetFilename: C:\Users\johnny.douche\Documents\WindowsPowerShell\Modules\DSInternals\4.14\Views\DSInternals.AzureADUser.format.ps1xml
CreationUtcTime: 2024-08-20 00:08:14.290
User: MY-CALDERA\johnny.douche"
MY-CAL-WIN10.my-caldera.local,11,"File created:
RuleName: DO
UtcTime: 2024-08-20 00:08:14.293
ProcessGuid: {ca24abc9-de5f-66c3-0d02-000000001d00}
ProcessId: 8432
Image: C:\Windows\System32\WindowsPowerShell\v1.0\powershell.exe
TargetFilename: C:\Users\johnny.douche\Documents\WindowsPowerShell\Modules\DSInternals\4.14\Views\DSInternals.DSAccount.ExportViews.format.ps1xml
CreationUtcTime: 2024-08-20 00:08:14.293
User: MY-CALDERA\johnny.douche"
MY-CAL-WIN10.my-caldera.local,11,"File created:
RuleName: DO
UtcTime: 2024-08-20 00:08:14.298
ProcessGuid: {ca24abc9-de5f-66c3-0d02-000000001d00}
ProcessId: 8432
Image: C:\Windows\System32\WindowsPowerShell\v1.0\powershell.exe
TargetFilename: C:\Users\johnny.douche\Documents\WindowsPowerShell\Modules\DSInternals\4.14\Views\DSInternals.DSAccount.format.ps1xml
CreationUtcTime: 2024-08-20 00:08:14.296
User: MY-CALDERA\johnny.douche"
MY-CAL-WIN10.my-caldera.local,11,"File created:
RuleName: DO
UtcTime: 2024-08-20 00:08:14.301
ProcessGuid: {ca24abc9-de5f-66c3-0d02-000000001d00}
ProcessId: 8432
Image: C:\Windows\System32\WindowsPowerShell\v1.0\powershell.exe
TargetFilename: C:\Users\johnny.douche\Documents\WindowsPowerShell\Modules\DSInternals\4.14\Views\DSInternals.FidoKeyMaterial.format.ps1xml
CreationUtcTime: 2024-08-20 00:08:14.301
User: MY-CALDERA\johnny.douche"
