MY-CAL-WIN10.my-caldera.local,11,"File created:
RuleName: DLL
UtcTime: 2024-08-20 00:13:27.831
ProcessGuid: {ca24abc9-df74-66c3-7c02-000000001d00}
ProcessId: 2020
Image: C:\AtomicRedTeam\ExternalPayloads\nmap-7.80-setup.exe
TargetFilename: C:\Program Files (x86)\Nmap\py2exe\libgailutil-18.dll
CreationUtcTime: 2024-08-20 00:13:27.830
User: MY-CALDERA\johnny.douche"
MY-CAL-WIN10.my-caldera.local,11,"File created:
RuleName: DLL
UtcTime: 2024-08-20 00:13:27.837
ProcessGuid: {ca24abc9-df74-66c3-7c02-000000001d00}
ProcessId: 2020
Image: C:\AtomicRedTeam\ExternalPayloads\nmap-7.80-setup.exe
TargetFilename: C:\Program Files (x86)\Nmap\py2exe\libgcc_s_dw2-1.dll
CreationUtcTime: 2024-08-20 00:13:27.836
User: MY-CALDERA\johnny.douche"
MY-CAL-WIN10.my-caldera.local,11,"File created:
RuleName: DLL
UtcTime: 2024-08-20 00:13:27.843
ProcessGuid: {ca24abc9-df74-66c3-7c02-000000001d00}
ProcessId: 2020
Image: C:\AtomicRedTeam\ExternalPayloads\nmap-7.80-setup.exe
TargetFilename: C:\Program Files (x86)\Nmap\py2exe\libgdk-win32-2.0-0.dll
CreationUtcTime: 2024-08-20 00:13:27.843
User: MY-CALDERA\johnny.douche"
MY-CAL-WIN10.my-caldera.local,11,"File created:
RuleName: DLL
UtcTime: 2024-08-20 00:13:27.597
ProcessGuid: {ca24abc9-df74-66c3-7c02-000000001d00}
ProcessId: 2020
Image: C:\AtomicRedTeam\ExternalPayloads\nmap-7.80-setup.exe
TargetFilename: C:\Program Files (x86)\Nmap\py2exe\libatk-1.0-0.dll
CreationUtcTime: 2024-08-20 00:13:27.596
User: MY-CALDERA\johnny.douche"
MY-CAL-WIN10.my-caldera.local,11,"File created:
RuleName: DLL
UtcTime: 2024-08-20 00:13:27.603
ProcessGuid: {ca24abc9-df74-66c3-7c02-000000001d00}
ProcessId: 2020
Image: C:\AtomicRedTeam\ExternalPayloads\nmap-7.80-setup.exe
TargetFilename: C:\Program Files (x86)\Nmap\py2exe\libcairo-2.dll
CreationUtcTime: 2024-08-20 00:13:27.602
User: MY-CALDERA\johnny.douche"
MY-CAL-WIN10.my-caldera.local,11,"File created:
RuleName: DLL
UtcTime: 2024-08-20 00:13:27.334
ProcessGuid: {ca24abc9-df74-66c3-7c02-000000001d00}
ProcessId: 2020
Image: C:\AtomicRedTeam\ExternalPayloads\nmap-7.80-setup.exe
TargetFilename: C:\Program Files (x86)\Nmap\py2exe\CRYPT32.dll
CreationUtcTime: 2024-08-20 00:13:27.334
User: MY-CALDERA\johnny.douche"
MY-CAL-WIN10.my-caldera.local,11,"File created:
RuleName: DLL
UtcTime: 2024-08-20 00:13:27.637
ProcessGuid: {ca24abc9-df74-66c3-7c02-000000001d00}
ProcessId: 2020
Image: C:\AtomicRedTeam\ExternalPayloads\nmap-7.80-setup.exe
TargetFilename: C:\Program Files (x86)\Nmap\py2exe\libcairo-gobject-2.dll
CreationUtcTime: 2024-08-20 00:13:27.636
User: MY-CALDERA\johnny.douche"
MY-CAL-WIN10.my-caldera.local,11,"File created:
RuleName: DLL
UtcTime: 2024-08-20 00:13:27.643
ProcessGuid: {ca24abc9-df74-66c3-7c02-000000001d00}
ProcessId: 2020
Image: C:\AtomicRedTeam\ExternalPayloads\nmap-7.80-setup.exe
TargetFilename: C:\Program Files (x86)\Nmap\py2exe\libcairo-script-interpreter-2.dll
CreationUtcTime: 2024-08-20 00:13:27.643
User: MY-CALDERA\johnny.douche"
MY-CAL-WIN10.my-caldera.local,11,"File created:
RuleName: DLL
UtcTime: 2024-08-20 00:13:27.805
ProcessGuid: {ca24abc9-df74-66c3-7c02-000000001d00}
ProcessId: 2020
Image: C:\AtomicRedTeam\ExternalPayloads\nmap-7.80-setup.exe
TargetFilename: C:\Program Files (x86)\Nmap\py2exe\libcroco-0.6-3.dll
CreationUtcTime: 2024-08-20 00:13:27.805
User: MY-CALDERA\johnny.douche"
MY-CAL-WIN10.my-caldera.local,11,"File created:
RuleName: DLL
UtcTime: 2024-08-20 00:13:27.815
ProcessGuid: {ca24abc9-df74-66c3-7c02-000000001d00}
ProcessId: 2020
Image: C:\AtomicRedTeam\ExternalPayloads\nmap-7.80-setup.exe
TargetFilename: C:\Program Files (x86)\Nmap\py2exe\libexpat-1.dll
CreationUtcTime: 2024-08-20 00:13:27.814
User: MY-CALDERA\johnny.douche"
MY-CAL-WIN10.my-caldera.local,11,"File created:
RuleName: DLL
UtcTime: 2024-08-20 00:13:27.870
ProcessGuid: {ca24abc9-df74-66c3-7c02-000000001d00}
ProcessId: 2020
Image: C:\AtomicRedTeam\ExternalPayloads\nmap-7.80-setup.exe
TargetFilename: C:\Program Files (x86)\Nmap\py2exe\libgdk_pixbuf-2.0-0.dll
CreationUtcTime: 2024-08-20 00:13:27.870
User: MY-CALDERA\johnny.douche"
MY-CAL-WIN10.my-caldera.local,11,"File created:
RuleName: DLL
UtcTime: 2024-08-20 00:13:27.888
ProcessGuid: {ca24abc9-df74-66c3-7c02-000000001d00}
ProcessId: 2020
Image: C:\AtomicRedTeam\ExternalPayloads\nmap-7.80-setup.exe
TargetFilename: C:\Program Files (x86)\Nmap\py2exe\libgio-2.0-0.dll
CreationUtcTime: 2024-08-20 00:13:27.887
User: MY-CALDERA\johnny.douche"
MY-CAL-WIN10.my-caldera.local,11,"File created:
RuleName: DLL
UtcTime: 2024-08-20 00:13:27.929
ProcessGuid: {ca24abc9-df74-66c3-7c02-000000001d00}
ProcessId: 2020
Image: C:\AtomicRedTeam\ExternalPayloads\nmap-7.80-setup.exe
TargetFilename: C:\Program Files (x86)\Nmap\py2exe\libglade-2.0-0.dll
CreationUtcTime: 2024-08-20 00:13:27.929
User: MY-CALDERA\johnny.douche"
MY-CAL-WIN10.my-caldera.local,11,"File created:
RuleName: DLL
UtcTime: 2024-08-20 00:13:27.937
ProcessGuid: {ca24abc9-df74-66c3-7c02-000000001d00}
ProcessId: 2020
Image: C:\AtomicRedTeam\ExternalPayloads\nmap-7.80-setup.exe
TargetFilename: C:\Program Files (x86)\Nmap\py2exe\libglib-2.0-0.dll
CreationUtcTime: 2024-08-20 00:13:27.937
User: MY-CALDERA\johnny.douche"
MY-CAL-WIN10.my-caldera.local,11,"File created:
RuleName: DLL
UtcTime: 2024-08-20 00:13:27.487
ProcessGuid: {ca24abc9-df74-66c3-7c02-000000001d00}
ProcessId: 2020
Image: C:\AtomicRedTeam\ExternalPayloads\nmap-7.80-setup.exe
TargetFilename: C:\Program Files (x86)\Nmap\py2exe\freetype6.dll
CreationUtcTime: 2024-08-20 00:13:27.487
User: MY-CALDERA\johnny.douche"
MY-CAL-WIN10.my-caldera.local,11,"File created:
RuleName: DLL
UtcTime: 2024-08-20 00:13:27.988
ProcessGuid: {ca24abc9-df74-66c3-7c02-000000001d00}
ProcessId: 2020
Image: C:\AtomicRedTeam\ExternalPayloads\nmap-7.80-setup.exe
TargetFilename: C:\Program Files (x86)\Nmap\py2exe\libgmodule-2.0-0.dll
CreationUtcTime: 2024-08-20 00:13:27.979
User: MY-CALDERA\johnny.douche"
MY-CAL-WIN10.my-caldera.local,11,"File created:
RuleName: DLL
UtcTime: 2024-08-20 00:13:27.991
ProcessGuid: {ca24abc9-df74-66c3-7c02-000000001d00}
ProcessId: 2020
Image: C:\AtomicRedTeam\ExternalPayloads\nmap-7.80-setup.exe
TargetFilename: C:\Program Files (x86)\Nmap\py2exe\libgobject-2.0-0.dll
CreationUtcTime: 2024-08-20 00:13:27.991
User: MY-CALDERA\johnny.douche"
MY-CAL-WIN10.my-caldera.local,11,"File created:
RuleName: DLL
UtcTime: 2024-08-20 00:13:28.006
ProcessGuid: {ca24abc9-df74-66c3-7c02-000000001d00}
ProcessId: 2020
Image: C:\AtomicRedTeam\ExternalPayloads\nmap-7.80-setup.exe
TargetFilename: C:\Program Files (x86)\Nmap\py2exe\libgsf-1-114.dll
CreationUtcTime: 2024-08-20 00:13:28.006
User: MY-CALDERA\johnny.douche"
MY-CAL-WIN10.my-caldera.local,11,"File created:
RuleName: DLL
UtcTime: 2024-08-20 00:13:28.018
ProcessGuid: {ca24abc9-df74-66c3-7c02-000000001d00}
ProcessId: 2020
Image: C:\AtomicRedTeam\ExternalPayloads\nmap-7.80-setup.exe
TargetFilename: C:\Program Files (x86)\Nmap\py2exe\libgsf-win32-1-114.dll
CreationUtcTime: 2024-08-20 00:13:28.018
User: MY-CALDERA\johnny.douche"
MY-CAL-WIN10.my-caldera.local,11,"File created:
RuleName: DLL
UtcTime: 2024-08-20 00:13:28.022
ProcessGuid: {ca24abc9-df74-66c3-7c02-000000001d00}
ProcessId: 2020
Image: C:\AtomicRedTeam\ExternalPayloads\nmap-7.80-setup.exe
TargetFilename: C:\Program Files (x86)\Nmap\py2exe\libgthread-2.0-0.dll
CreationUtcTime: 2024-08-20 00:13:28.022
User: MY-CALDERA\johnny.douche"
MY-CAL-WIN10.my-caldera.local,11,"File created:
RuleName: DLL
UtcTime: 2024-08-20 00:13:28.026
ProcessGuid: {ca24abc9-df74-66c3-7c02-000000001d00}
ProcessId: 2020
Image: C:\AtomicRedTeam\ExternalPayloads\nmap-7.80-setup.exe
TargetFilename: C:\Program Files (x86)\Nmap\py2exe\libgtk-win32-2.0-0.dll
CreationUtcTime: 2024-08-20 00:13:28.026
User: MY-CALDERA\johnny.douche"
MY-CAL-WIN10.my-caldera.local,11,"File created:
RuleName: Sysmonv1514
UtcTime: 2024-08-20 00:14:12.374
ProcessGuid: {ca24abc9-d6b1-66c3-ba00-000000001d00}
ProcessId: 6760
Image: C:\Program Files\WinlogBeat\winlogbeat.exe
TargetFilename: C:\ProgramData\winlogbeat\.winlogbeat.yml.new
CreationUtcTime: 2024-08-20 00:11:02.025
User: NT AUTHORITY\SYSTEM"
MY-CAL-WIN10.my-caldera.local,11,"File created:
RuleName: DO
UtcTime: 2024-08-20 00:14:36.482
ProcessGuid: {ca24abc9-dfe9-66c3-dd02-000000001d00}
ProcessId: 11056
Image: C:\Program Files (x86)\Microsoft Office\Root\Office16\WINWORD.EXE
TargetFilename: C:\Users\JOHNNY~1.DOU\AppData\Local\Temp\{952A9DE6-1602-469C-BC56-E3CF598B5C08} - OProcSessId.dat
CreationUtcTime: 2024-08-20 00:14:36.482
User: MY-CALDERA\johnny.douche"
MY-CAL-WIN10.my-caldera.local,11,"File created:
RuleName: DO
UtcTime: 2024-08-20 00:14:36.745
ProcessGuid: {ca24abc9-dfe9-66c3-dd02-000000001d00}
ProcessId: 11056
Image: C:\Program Files (x86)\Microsoft Office\Root\Office16\WINWORD.EXE
TargetFilename: C:\Users\johnny.douche\AppData\Roaming\Microsoft\Templates
CreationUtcTime: 2024-08-20 00:14:36.745
User: MY-CALDERA\johnny.douche"
MY-CAL-WIN10.my-caldera.local,11,"File created:
RuleName: DO
UtcTime: 2024-08-20 00:14:36.971
ProcessGuid: {ca24abc9-dfe9-66c3-dd02-000000001d00}
ProcessId: 11056
Image: C:\Program Files (x86)\Microsoft Office\Root\Office16\WINWORD.EXE
TargetFilename: C:\Users\JOHNNY~1.DOU\AppData\Local\Temp\Diagnostics\WINWORD
CreationUtcTime: 2024-08-20 00:14:36.971
User: MY-CALDERA\johnny.douche"
MY-CAL-WIN10.my-caldera.local,11,"File created:
RuleName: DO
UtcTime: 2024-08-20 00:14:36.972
ProcessGuid: {ca24abc9-dfe9-66c3-dd02-000000001d00}
ProcessId: 11056
Image: C:\Program Files (x86)\Microsoft Office\Root\Office16\WINWORD.EXE
TargetFilename: C:\Users\JOHNNY~1.DOU\AppData\Local\Temp\Diagnostics\WINWORD\Primary1724112876971651500_952A9DE6-1602-469C-BC56-E3CF598B5C08.log
CreationUtcTime: 2024-08-20 00:14:36.971
User: MY-CALDERA\johnny.douche"
MY-CAL-WIN10.my-caldera.local,11,"File created:
RuleName: DO
UtcTime: 2024-08-20 00:14:36.973
ProcessGuid: {ca24abc9-dfe9-66c3-dd02-000000001d00}
ProcessId: 11056
Image: C:\Program Files (x86)\Microsoft Office\Root\Office16\WINWORD.EXE
TargetFilename: C:\Users\JOHNNY~1.DOU\AppData\Local\Temp\Diagnostics\WINWORD\Primary1724112876973449300_952A9DE6-1602-469C-BC56-E3CF598B5C08.log
CreationUtcTime: 2024-08-20 00:14:36.972
User: MY-CALDERA\johnny.douche"
MY-CAL-WIN10.my-caldera.local,11,"File created:
RuleName: DO
UtcTime: 2024-08-20 00:14:37.153
ProcessGuid: {ca24abc9-dfe9-66c3-dd02-000000001d00}
ProcessId: 11056
Image: C:\Program Files (x86)\Microsoft Office\Root\Office16\WINWORD.EXE
TargetFilename: C:\Users\JOHNNY~1.DOU\AppData\Local\Temp\{1274578D-A898-4F44-A57F-264E51CEADF3}
CreationUtcTime: 2024-08-20 00:14:37.153
User: MY-CALDERA\johnny.douche"
MY-CAL-WIN10.my-caldera.local,11,"File created:
RuleName: DO
UtcTime: 2024-08-20 00:14:41.280
ProcessGuid: {ca24abc9-dfef-66c3-e002-000000001d00}
ProcessId: 9816
Image: C:\Windows\System32\WindowsPowerShell\v1.0\powershell.exe
TargetFilename: C:\Users\johnny.douche\AppData\Local\Microsoft\Windows\PowerShell\StartupProfileData-NonInteractive
CreationUtcTime: 2024-03-28 01:06:06.420
User: MY-CALDERA\johnny.douche"
MY-CAL-WIN10.my-caldera.local,11,"File created:
RuleName: DO
UtcTime: 2024-08-20 00:14:41.809
ProcessGuid: {ca24abc9-dff1-66c3-e302-000000001d00}
ProcessId: 10956
Image: C:\Windows\System32\WindowsPowerShell\v1.0\powershell.exe
TargetFilename: C:\Users\johnny.douche\AppData\Local\Microsoft\Windows\PowerShell\StartupProfileData-NonInteractive
CreationUtcTime: 2024-03-28 01:06:06.420
User: MY-CALDERA\johnny.douche"
MY-CAL-WIN10.my-caldera.local,11,"File created:
RuleName: DO
UtcTime: 2024-08-20 00:14:42.299
ProcessGuid: {ca24abc9-dff1-66c3-e402-000000001d00}
ProcessId: 10216
Image: C:\Windows\System32\WindowsPowerShell\v1.0\powershell.exe
TargetFilename: C:\Users\johnny.douche\AppData\Local\Microsoft\Windows\PowerShell\StartupProfileData-NonInteractive
CreationUtcTime: 2024-03-28 01:06:06.420
User: MY-CALDERA\johnny.douche"
MY-CAL-WIN10.my-caldera.local,11,"File created:
RuleName: Sysmonv1514
UtcTime: 2024-08-20 00:14:58.537
ProcessGuid: {ca24abc9-d6b1-66c3-ba00-000000001d00}
ProcessId: 6760
Image: C:\Program Files\WinlogBeat\winlogbeat.exe
TargetFilename: C:\ProgramData\winlogbeat\.winlogbeat.yml.new
CreationUtcTime: 2024-08-20 00:11:02.025
User: NT AUTHORITY\SYSTEM"
MY-CAL-WIN10.my-caldera.local,11,"File created:
RuleName: DO
UtcTime: 2024-08-20 00:14:58.572
ProcessGuid: {ca24abc9-e002-66c3-f502-000000001d00}
ProcessId: 4904
Image: C:\Windows\System32\WindowsPowerShell\v1.0\powershell.exe
TargetFilename: C:\Users\johnny.douche\AppData\Local\Microsoft\Windows\PowerShell\StartupProfileData-NonInteractive
CreationUtcTime: 2024-03-28 01:06:06.420
User: MY-CALDERA\johnny.douche"
MY-CAL-WIN10.my-caldera.local,11,"File created:
RuleName: DO
UtcTime: 2024-08-20 00:14:59.314
ProcessGuid: {ca24abc9-e002-66c3-f602-000000001d00}
ProcessId: 8060
Image: C:\Windows\System32\WindowsPowerShell\v1.0\powershell.exe
TargetFilename: C:\Users\johnny.douche\AppData\Local\Microsoft\Windows\PowerShell\StartupProfileData-NonInteractive
CreationUtcTime: 2024-03-28 01:06:06.420
User: MY-CALDERA\johnny.douche"
MY-CAL-WIN10.my-caldera.local,11,"File created:
RuleName: DO
UtcTime: 2024-08-20 00:15:01.011
ProcessGuid: {ca24abc9-e004-66c3-f902-000000001d00}
ProcessId: 7288
Image: C:\Windows\System32\WindowsPowerShell\v1.0\powershell.exe
TargetFilename: C:\Users\johnny.douche\AppData\Local\Microsoft\Windows\PowerShell\StartupProfileData-NonInteractive
CreationUtcTime: 2024-03-28 01:06:06.420
User: MY-CALDERA\johnny.douche"
MY-CAL-WIN10.my-caldera.local,11,"File created:
RuleName: DO
UtcTime: 2024-08-20 00:14:57.642
ProcessGuid: {ca24abc9-e001-66c3-f202-000000001d00}
ProcessId: 10800
Image: C:\Windows\System32\WindowsPowerShell\v1.0\powershell.exe
TargetFilename: C:\Users\johnny.douche\AppData\Local\Microsoft\Windows\PowerShell\StartupProfileData-NonInteractive
CreationUtcTime: 2024-03-28 01:06:06.420
User: MY-CALDERA\johnny.douche"
MY-CAL-WIN10.my-caldera.local,11,"File created:
RuleName: DO
UtcTime: 2024-08-20 00:14:58.043
ProcessGuid: {ca24abc9-e001-66c3-f402-000000001d00}
ProcessId: 10764
Image: C:\Windows\System32\WindowsPowerShell\v1.0\powershell.exe
TargetFilename: C:\Users\johnny.douche\AppData\Local\Microsoft\Windows\PowerShell\StartupProfileData-NonInteractive
CreationUtcTime: 2024-03-28 01:06:06.420
User: MY-CALDERA\johnny.douche"
MY-CAL-WIN10.my-caldera.local,11,"File created:
RuleName: DO
UtcTime: 2024-08-20 00:14:59.852
ProcessGuid: {ca24abc9-e003-66c3-f702-000000001d00}
ProcessId: 2884
Image: C:\Windows\System32\WindowsPowerShell\v1.0\powershell.exe
TargetFilename: C:\Users\johnny.douche\AppData\Local\Microsoft\Windows\PowerShell\StartupProfileData-NonInteractive
CreationUtcTime: 2024-03-28 01:06:06.420
User: MY-CALDERA\johnny.douche"
MY-CAL-WIN10.my-caldera.local,11,"File created:
RuleName: DO
UtcTime: 2024-08-20 00:15:00.391
ProcessGuid: {ca24abc9-e004-66c3-f802-000000001d00}
ProcessId: 7088
Image: C:\Windows\System32\WindowsPowerShell\v1.0\powershell.exe
TargetFilename: C:\Users\johnny.douche\AppData\Local\Microsoft\Windows\PowerShell\StartupProfileData-NonInteractive
CreationUtcTime: 2024-03-28 01:06:06.420
User: MY-CALDERA\johnny.douche"
MY-CAL-WIN10.my-caldera.local,11,"File created:
RuleName: Sysmonv1514
UtcTime: 2024-08-20 00:45:17.464
ProcessGuid: {ca24abc9-d6b1-66c3-ba00-000000001d00}
ProcessId: 6760
Image: C:\Program Files\WinlogBeat\winlogbeat.exe
TargetFilename: C:\ProgramData\winlogbeat\.winlogbeat.yml.new
CreationUtcTime: 2024-08-20 00:11:02.025
User: NT AUTHORITY\SYSTEM"
MY-CAL-WIN10.my-caldera.local,11,"File created:
RuleName: Sysmonv1514
UtcTime: 2024-08-20 00:45:42.771
ProcessGuid: {ca24abc9-d6b1-66c3-ba00-000000001d00}
ProcessId: 6760
Image: C:\Program Files\WinlogBeat\winlogbeat.exe
TargetFilename: C:\ProgramData\winlogbeat\.winlogbeat.yml.new
CreationUtcTime: 2024-08-20 00:11:02.025
User: NT AUTHORITY\SYSTEM"
MY-CAL-WIN10.my-caldera.local,11,"File created:
RuleName: DO
UtcTime: 2024-08-20 00:46:11.552
ProcessGuid: {ca24abc9-e6da-66c3-cf08-000000001d00}
ProcessId: 10800
Image: C:\Windows\System32\svchost.exe
TargetFilename: C:\Users\JOHNNY~1.DOU\AppData\Local\Temp\BITAD81.tmp
CreationUtcTime: 2024-08-20 00:46:11.552
User: NT AUTHORITY\SYSTEM"
MY-CAL-WIN10.my-caldera.local,11,"File created:
RuleName: DO
UtcTime: 2024-08-20 00:46:11.569
ProcessGuid: {ca24abc9-e6da-66c3-cf08-000000001d00}
ProcessId: 10800
Image: C:\Windows\System32\svchost.exe
TargetFilename: C:\Users\JOHNNY~1.DOU\AppData\Local\Temp\BITAD81.tmp
CreationUtcTime: 2024-08-20 00:46:11.552
User: NT AUTHORITY\SYSTEM"
MY-CAL-WIN10.my-caldera.local,11,"File created:
RuleName: Sysmonv1514
UtcTime: 2024-08-20 00:46:27.888
ProcessGuid: {ca24abc9-d6b1-66c3-ba00-000000001d00}
ProcessId: 6760
Image: C:\Program Files\WinlogBeat\winlogbeat.exe
TargetFilename: C:\ProgramData\winlogbeat\.winlogbeat.yml.new
CreationUtcTime: 2024-08-20 00:11:02.025
User: NT AUTHORITY\SYSTEM"
MY-CAL-WIN10.my-caldera.local,11,"File created:
RuleName: Sysmonv1514
UtcTime: 2024-08-20 00:47:08.111
ProcessGuid: {ca24abc9-d6b1-66c3-ba00-000000001d00}
ProcessId: 6760
Image: C:\Program Files\WinlogBeat\winlogbeat.exe
TargetFilename: C:\ProgramData\winlogbeat\.winlogbeat.yml.new
CreationUtcTime: 2024-08-20 00:11:02.025
User: NT AUTHORITY\SYSTEM"
MY-CAL-WIN10.my-caldera.local,11,"File created:
RuleName: Sysmonv1514
UtcTime: 2024-08-20 00:47:28.165
ProcessGuid: {ca24abc9-d6b1-66c3-ba00-000000001d00}
ProcessId: 6760
Image: C:\Program Files\WinlogBeat\winlogbeat.exe
TargetFilename: C:\ProgramData\winlogbeat\.winlogbeat.yml.new
CreationUtcTime: 2024-08-20 00:11:02.025
User: NT AUTHORITY\SYSTEM"
MY-CAL-WIN10.my-caldera.local,11,"File created:
RuleName: Sysmonv1514
UtcTime: 2024-08-20 00:48:43.598
ProcessGuid: {ca24abc9-d6b1-66c3-ba00-000000001d00}
ProcessId: 6760
Image: C:\Program Files\WinlogBeat\winlogbeat.exe
TargetFilename: C:\ProgramData\winlogbeat\.winlogbeat.yml.new
CreationUtcTime: 2024-08-20 00:11:02.025
User: NT AUTHORITY\SYSTEM"
MY-CAL-WIN10.my-caldera.local,11,"File created:
RuleName: Sysmonv1514
UtcTime: 2024-08-20 00:50:14.392
ProcessGuid: {ca24abc9-d6b1-66c3-ba00-000000001d00}
ProcessId: 6760
Image: C:\Program Files\WinlogBeat\winlogbeat.exe
TargetFilename: C:\ProgramData\winlogbeat\.winlogbeat.yml.new
CreationUtcTime: 2024-08-20 00:11:02.025
User: NT AUTHORITY\SYSTEM"
MY-CAL-WIN10.my-caldera.local,11,"File created:
RuleName: DO
UtcTime: 2024-08-20 00:50:22.120
ProcessGuid: {ca24abc9-e84d-66c3-0809-000000001d00}
ProcessId: 6168
Image: C:\Windows\System32\WindowsPowerShell\v1.0\powershell.exe
TargetFilename: C:\Users\johnny.douche\AppData\Local\Microsoft\Windows\PowerShell\StartupProfileData-NonInteractive
CreationUtcTime: 2024-03-28 01:06:06.420
User: MY-CALDERA\johnny.douche"
MY-CAL-WIN10.my-caldera.local,11,"File created:
RuleName: DO
UtcTime: 2024-08-20 00:50:21.749
ProcessGuid: {ca24abc9-e84d-66c3-0509-000000001d00}
ProcessId: 6608
Image: C:\Windows\System32\WindowsPowerShell\v1.0\powershell.exe
TargetFilename: C:\Users\johnny.douche\AppData\Local\Microsoft\Windows\PowerShell\StartupProfileData-NonInteractive
CreationUtcTime: 2024-03-28 01:06:06.420
User: MY-CALDERA\johnny.douche"
MY-CAL-WIN10.my-caldera.local,11,"File created:
RuleName: DO
UtcTime: 2024-08-20 00:50:24.924
ProcessGuid: {ca24abc9-e84f-66c3-0c09-000000001d00}
ProcessId: 8156
Image: C:\Windows\System32\WindowsPowerShell\v1.0\powershell.exe
TargetFilename: C:\Users\johnny.douche\AppData\Local\Temp\Microsoft.PackageManagement\15xma0sd.beq
CreationUtcTime: 2024-08-20 00:50:24.924
User: MY-CALDERA\johnny.douche"
MY-CAL-WIN10.my-caldera.local,11,"File created:
RuleName: DO
UtcTime: 2024-08-20 00:50:24.969
ProcessGuid: {ca24abc9-e84f-66c3-0c09-000000001d00}
ProcessId: 8156
Image: C:\Windows\System32\WindowsPowerShell\v1.0\powershell.exe
TargetFilename: C:\Users\johnny.douche\AppData\Local\Temp\Microsoft.PackageManagement\15xma0sd.beq
CreationUtcTime: 2024-08-20 00:50:24.924
User: MY-CALDERA\johnny.douche"
MY-CAL-WIN10.my-caldera.local,11,"File created:
RuleName: DO
UtcTime: 2024-08-20 00:50:43.022
ProcessGuid: {ca24abc9-e862-66c3-2509-000000001d00}
ProcessId: 8776
Image: C:\Windows\System32\WindowsPowerShell\v1.0\powershell.exe
TargetFilename: C:\Users\johnny.douche\AppData\Local\Microsoft\Windows\PowerShell\StartupProfileData-NonInteractive
CreationUtcTime: 2024-03-28 01:06:06.420
User: MY-CALDERA\johnny.douche"
MY-CAL-WIN10.my-caldera.local,11,"File created:
RuleName: Sysmonv1514
UtcTime: 2024-08-20 00:50:42.730
ProcessGuid: {ca24abc9-d6b1-66c3-ba00-000000001d00}
ProcessId: 6760
Image: C:\Program Files\WinlogBeat\winlogbeat.exe
TargetFilename: C:\ProgramData\winlogbeat\.winlogbeat.yml.new
CreationUtcTime: 2024-08-20 00:11:02.025
User: NT AUTHORITY\SYSTEM"
MY-CAL-WIN10.my-caldera.local,11,"File created:
RuleName: DO
UtcTime: 2024-08-20 00:50:58.300
ProcessGuid: {ca24abc9-e871-66c3-4009-000000001d00}
ProcessId: 3732
Image: C:\Windows\System32\WindowsPowerShell\v1.0\powershell.exe
TargetFilename: C:\Users\johnny.douche\AppData\Local\Microsoft\Windows\PowerShell\StartupProfileData-NonInteractive
CreationUtcTime: 2024-03-28 01:06:06.420
User: MY-CALDERA\johnny.douche"
MY-CAL-WIN10.my-caldera.local,11,"File created:
RuleName: DO
UtcTime: 2024-08-20 00:50:57.889
ProcessGuid: {ca24abc9-e866-66c3-3e09-000000001d00}
ProcessId: 992
Image: C:\Windows\System32\WindowsPowerShell\v1.0\powershell.exe
TargetFilename: C:\Users\johnny.douche\AppData\Local\Microsoft\Windows\PowerShell\StartupProfileData-NonInteractive
CreationUtcTime: 2024-03-28 01:06:06.420
User: MY-CALDERA\johnny.douche"
MY-CAL-WIN10.my-caldera.local,11,"File created:
RuleName: DO
UtcTime: 2024-08-20 00:51:04.368
ProcessGuid: {ca24abc9-e877-66c3-4509-000000001d00}
ProcessId: 3716
Image: C:\Windows\System32\WindowsPowerShell\v1.0\powershell.exe
TargetFilename: C:\Users\johnny.douche\AppData\Local\Temp\q5b3aslg\q5b3aslg.0.cs
CreationUtcTime: 2024-08-20 00:51:04.367
User: MY-CALDERA\johnny.douche"
MY-CAL-WIN10.my-caldera.local,11,"File created:
RuleName: DLL
UtcTime: 2024-08-20 00:51:04.369
ProcessGuid: {ca24abc9-e877-66c3-4509-000000001d00}
ProcessId: 3716
Image: C:\Windows\System32\WindowsPowerShell\v1.0\powershell.exe
TargetFilename: C:\Users\johnny.douche\AppData\Local\Temp\q5b3aslg\q5b3aslg.dll
CreationUtcTime: 2024-08-20 00:51:04.369
User: MY-CALDERA\johnny.douche"
MY-CAL-WIN10.my-caldera.local,11,"File created:
RuleName: Sysmonv1514
UtcTime: 2024-08-20 00:51:04.370
ProcessGuid: {ca24abc9-e877-66c3-4509-000000001d00}
ProcessId: 3716
Image: C:\Windows\System32\WindowsPowerShell\v1.0\powershell.exe
TargetFilename: C:\Users\johnny.douche\AppData\Local\Temp\q5b3aslg\q5b3aslg.cmdline
CreationUtcTime: 2024-08-20 00:51:04.370
User: MY-CALDERA\johnny.douche"
MY-CAL-WIN10.my-caldera.local,11,"File created:
RuleName: DO
UtcTime: 2024-08-20 00:51:04.374
ProcessGuid: {ca24abc9-e877-66c3-4509-000000001d00}
ProcessId: 3716
Image: C:\Windows\System32\WindowsPowerShell\v1.0\powershell.exe
TargetFilename: C:\Users\johnny.douche\AppData\Local\Temp\q5b3aslg\q5b3aslg.out
CreationUtcTime: 2024-08-20 00:51:04.372
User: MY-CALDERA\johnny.douche"
MY-CAL-WIN10.my-caldera.local,11,"File created:
RuleName: DO
UtcTime: 2024-08-20 00:51:04.375
ProcessGuid: {ca24abc9-e877-66c3-4509-000000001d00}
ProcessId: 3716
Image: C:\Windows\System32\WindowsPowerShell\v1.0\powershell.exe
TargetFilename: C:\Users\johnny.douche\AppData\Local\Temp\q5b3aslg\q5b3aslg.err
CreationUtcTime: 2024-08-20 00:51:04.375
User: MY-CALDERA\johnny.douche"
MY-CAL-WIN10.my-caldera.local,11,"File created:
RuleName: DO
UtcTime: 2024-08-20 00:51:04.523
ProcessGuid: {ca24abc9-e878-66c3-4709-000000001d00}
ProcessId: 9388
Image: C:\Windows\Microsoft.NET\Framework64\v4.0.30319\csc.exe
TargetFilename: C:\Users\johnny.douche\AppData\Local\Temp\q5b3aslg\CSC50C4C0BE68DA4A8F9826F376A425E8EC.TMP
CreationUtcTime: 2024-08-20 00:51:04.523
User: MY-CALDERA\johnny.douche"
MY-CAL-WIN10.my-caldera.local,11,"File created:
RuleName: DO
UtcTime: 2024-08-20 00:51:04.525
ProcessGuid: {ca24abc9-e878-66c3-4709-000000001d00}
ProcessId: 9388
Image: C:\Windows\Microsoft.NET\Framework64\v4.0.30319\csc.exe
TargetFilename: C:\Users\JOHNNY~1.DOU\AppData\Local\Temp\RES25E8.tmp
CreationUtcTime: 2024-08-20 00:51:04.525
User: MY-CALDERA\johnny.douche"
MY-CAL-WIN10.my-caldera.local,11,"File created:
RuleName: DO
UtcTime: 2024-08-20 00:51:04.549
ProcessGuid: {ca24abc9-e878-66c3-4809-000000001d00}
ProcessId: 7884
Image: C:\Windows\Microsoft.NET\Framework64\v4.0.30319\cvtres.exe
TargetFilename: C:\Users\JOHNNY~1.DOU\AppData\Local\Temp\RES25E8.tmp
CreationUtcTime: 2024-08-20 00:51:04.525
User: MY-CALDERA\johnny.douche"
MY-CAL-WIN10.my-caldera.local,11,"File created:
RuleName: DLL
UtcTime: 2024-08-20 00:51:04.588
ProcessGuid: {ca24abc9-e878-66c3-4709-000000001d00}
ProcessId: 9388
Image: C:\Windows\Microsoft.NET\Framework64\v4.0.30319\csc.exe
TargetFilename: C:\Users\johnny.douche\AppData\Local\Temp\q5b3aslg\q5b3aslg.dll
CreationUtcTime: 2024-08-20 00:51:04.369
User: MY-CALDERA\johnny.douche"
MY-CAL-WIN10.my-caldera.local,11,"File created:
RuleName: DO
UtcTime: 2024-08-20 00:51:04.366
ProcessGuid: {ca24abc9-e877-66c3-4509-000000001d00}
ProcessId: 3716
Image: C:\Windows\System32\WindowsPowerShell\v1.0\powershell.exe
TargetFilename: C:\Users\johnny.douche\AppData\Local\Temp\q5b3aslg
CreationUtcTime: 2024-08-20 00:51:04.365
User: MY-CALDERA\johnny.douche"
MY-CAL-WIN10.my-caldera.local,11,"File created:
RuleName: DO
UtcTime: 2024-08-20 00:51:04.367
ProcessGuid: {ca24abc9-e877-66c3-4509-000000001d00}
ProcessId: 3716
Image: C:\Windows\System32\WindowsPowerShell\v1.0\powershell.exe
TargetFilename: C:\Users\johnny.douche\AppData\Local\Temp\q5b3aslg\q5b3aslg.tmp
CreationUtcTime: 2024-08-20 00:51:04.366
User: MY-CALDERA\johnny.douche"
MY-CAL-WIN10.my-caldera.local,11,"File created:
RuleName: DO
UtcTime: 2024-08-20 00:51:21.669
ProcessGuid: {ca24abc9-e889-66c3-4c09-000000001d00}
ProcessId: 11248
Image: C:\Windows\System32\WindowsPowerShell\v1.0\powershell.exe
TargetFilename: C:\Users\johnny.douche\AppData\Local\Microsoft\Windows\PowerShell\StartupProfileData-NonInteractive
CreationUtcTime: 2024-03-28 01:06:06.420
User: MY-CALDERA\johnny.douche"
MY-CAL-WIN10.my-caldera.local,11,"File created:
RuleName: DO
UtcTime: 2024-08-20 00:51:19.013
ProcessGuid: {ca24abc9-e886-66c3-4b09-000000001d00}
ProcessId: 11132
Image: C:\Windows\Microsoft.NET\Framework64\v4.0.30319\cvtres.exe
TargetFilename: C:\Users\JOHNNY~1.DOU\AppData\Local\Temp\RES5E6D.tmp
CreationUtcTime: 2024-08-20 00:51:18.989
User: MY-CALDERA\johnny.douche"
MY-CAL-WIN10.my-caldera.local,11,"File created:
RuleName: DLL
UtcTime: 2024-08-20 00:51:19.022
ProcessGuid: {ca24abc9-e886-66c3-4a09-000000001d00}
ProcessId: 8848
Image: C:\Windows\Microsoft.NET\Framework64\v4.0.30319\csc.exe
TargetFilename: C:\Users\johnny.douche\AppData\Local\Temp\altwyyol\altwyyol.dll
CreationUtcTime: 2024-08-20 00:51:18.835
User: MY-CALDERA\johnny.douche"
MY-CAL-WIN10.my-caldera.local,11,"File created:
RuleName: DO
UtcTime: 2024-08-20 00:51:19.661
ProcessGuid: {ca24abc9-e885-66c3-4909-000000001d00}
ProcessId: 7288
Image: C:\Windows\System32\WindowsPowerShell\v1.0\powershell.exe
TargetFilename: C:\Users\johnny.douche\AppData\Local\Temp\Microsoft.PackageManagement\uiv01z1j.3li
CreationUtcTime: 2024-08-20 00:51:19.660
User: MY-CALDERA\johnny.douche"
MY-CAL-WIN10.my-caldera.local,11,"File created:
RuleName: DO
UtcTime: 2024-08-20 00:51:19.718
ProcessGuid: {ca24abc9-e885-66c3-4909-000000001d00}
ProcessId: 7288
Image: C:\Windows\System32\WindowsPowerShell\v1.0\powershell.exe
TargetFilename: C:\Users\johnny.douche\AppData\Local\Temp\Microsoft.PackageManagement\uiv01z1j.3li
CreationUtcTime: 2024-08-20 00:51:19.660
User: MY-CALDERA\johnny.douche"
MY-CAL-WIN10.my-caldera.local,11,"File created:
RuleName: DO
UtcTime: 2024-08-20 00:51:19.731
ProcessGuid: {ca24abc9-e885-66c3-4909-000000001d00}
ProcessId: 7288
Image: C:\Windows\System32\WindowsPowerShell\v1.0\powershell.exe
TargetFilename: C:\Users\johnny.douche\AppData\Local\Temp\Microsoft.PackageManagement\uiv01z1j.3li
CreationUtcTime: 2024-08-20 00:51:19.660
User: MY-CALDERA\johnny.douche"
MY-CAL-WIN10.my-caldera.local,11,"File created:
RuleName: Sysmonv1514
UtcTime: 2024-08-20 00:51:21.122
ProcessGuid: {ca24abc9-d6b1-66c3-ba00-000000001d00}
ProcessId: 6760
Image: C:\Program Files\WinlogBeat\winlogbeat.exe
TargetFilename: C:\ProgramData\winlogbeat\.winlogbeat.yml.new
CreationUtcTime: 2024-08-20 00:11:02.025
User: NT AUTHORITY\SYSTEM"
MY-CAL-WIN10.my-caldera.local,11,"File created:
RuleName: DO
UtcTime: 2024-08-20 00:51:21.122
ProcessGuid: {ca24abc9-e885-66c3-4909-000000001d00}
ProcessId: 7288
Image: C:\Windows\System32\WindowsPowerShell\v1.0\powershell.exe
TargetFilename: C:\Users\johnny.douche\AppData\Local\Microsoft\Windows\PowerShell\StartupProfileData-NonInteractive
CreationUtcTime: 2024-03-28 01:06:06.420
User: MY-CALDERA\johnny.douche"
MY-CAL-WIN10.my-caldera.local,11,"File created:
RuleName: DO
UtcTime: 2024-08-20 00:51:18.988
ProcessGuid: {ca24abc9-e886-66c3-4a09-000000001d00}
ProcessId: 8848
Image: C:\Windows\Microsoft.NET\Framework64\v4.0.30319\csc.exe
TargetFilename: C:\Users\johnny.douche\AppData\Local\Temp\altwyyol\CSC7512F67777E44E628924F5D2CA59ACD7.TMP
CreationUtcTime: 2024-08-20 00:51:18.987
User: MY-CALDERA\johnny.douche"
MY-CAL-WIN10.my-caldera.local,11,"File created:
RuleName: DO
UtcTime: 2024-08-20 00:51:18.990
ProcessGuid: {ca24abc9-e886-66c3-4a09-000000001d00}
ProcessId: 8848
Image: C:\Windows\Microsoft.NET\Framework64\v4.0.30319\csc.exe
TargetFilename: C:\Users\JOHNNY~1.DOU\AppData\Local\Temp\RES5E6D.tmp
CreationUtcTime: 2024-08-20 00:51:18.989
User: MY-CALDERA\johnny.douche"
MY-CAL-WIN10.my-caldera.local,11,"File created:
RuleName: Sysmonv1514
UtcTime: 2024-08-20 00:51:34.102
ProcessGuid: {ca24abc9-d6b1-66c3-ba00-000000001d00}
ProcessId: 6760
Image: C:\Program Files\WinlogBeat\winlogbeat.exe
TargetFilename: C:\ProgramData\winlogbeat\.winlogbeat.yml.new
CreationUtcTime: 2024-08-20 00:11:02.025
User: NT AUTHORITY\SYSTEM"
MY-CAL-WIN10.my-caldera.local,11,"File created:
RuleName: DO
UtcTime: 2024-08-20 00:51:41.012
ProcessGuid: {ca24abc9-e89b-66c3-5909-000000001d00}
ProcessId: 936
Image: C:\Windows\System32\WindowsPowerShell\v1.0\powershell.exe
TargetFilename: C:\Users\johnny.douche\AppData\Local\Temp\Microsoft.PackageManagement\ntjwlpml.0tg
CreationUtcTime: 2024-08-20 00:51:41.012
User: MY-CALDERA\johnny.douche"
MY-CAL-WIN10.my-caldera.local,11,"File created:
RuleName: DO
UtcTime: 2024-08-20 00:51:41.134
ProcessGuid: {ca24abc9-e89b-66c3-5909-000000001d00}
ProcessId: 936
Image: C:\Windows\System32\WindowsPowerShell\v1.0\powershell.exe
TargetFilename: C:\Users\johnny.douche\AppData\Local\Temp\Microsoft.PackageManagement\ntjwlpml.0tg
CreationUtcTime: 2024-08-20 00:51:41.012
User: MY-CALDERA\johnny.douche"
MY-CAL-WIN10.my-caldera.local,11,"File created:
RuleName: DO
UtcTime: 2024-08-20 00:51:41.145
ProcessGuid: {ca24abc9-e89b-66c3-5909-000000001d00}
ProcessId: 936
Image: C:\Windows\System32\WindowsPowerShell\v1.0\powershell.exe
TargetFilename: C:\Users\johnny.douche\AppData\Local\Temp\Microsoft.PackageManagement\ntjwlpml.0tg
CreationUtcTime: 2024-08-20 00:51:41.012
User: MY-CALDERA\johnny.douche"
MY-CAL-WIN10.my-caldera.local,11,"File created:
RuleName: DO
UtcTime: 2024-08-20 00:52:06.674
ProcessGuid: {ca24abc9-e8b6-66c3-7e09-000000001d00}
ProcessId: 10712
Image: C:\Windows\System32\WindowsPowerShell\v1.0\powershell.exe
TargetFilename: C:\Users\johnny.douche\AppData\Local\Microsoft\Windows\PowerShell\StartupProfileData-NonInteractive
CreationUtcTime: 2024-03-28 01:06:06.420
User: MY-CALDERA\johnny.douche"
MY-CAL-WIN10.my-caldera.local,11,"File created:
RuleName: DO
UtcTime: 2024-08-20 00:52:07.010
ProcessGuid: {ca24abc9-e8b6-66c3-7f09-000000001d00}
ProcessId: 5908
Image: C:\Windows\System32\WindowsPowerShell\v1.0\powershell.exe
TargetFilename: C:\Users\johnny.douche\AppData\Local\Microsoft\Windows\PowerShell\StartupProfileData-NonInteractive
CreationUtcTime: 2024-03-28 01:06:06.420
User: MY-CALDERA\johnny.douche"
MY-CAL-WIN10.my-caldera.local,11,"File created:
RuleName: DO
UtcTime: 2024-08-20 00:52:07.869
ProcessGuid: {ca24abc9-e8b7-66c3-8409-000000001d00}
ProcessId: 9464
Image: C:\Windows\System32\WindowsPowerShell\v1.0\powershell.exe
TargetFilename: C:\Users\johnny.douche\AppData\Local\Microsoft\Windows\PowerShell\StartupProfileData-NonInteractive
CreationUtcTime: 2024-03-28 01:06:06.420
User: MY-CALDERA\johnny.douche"
MY-CAL-WIN10.my-caldera.local,11,"File created:
RuleName: Sysmonv1514
UtcTime: 2024-08-20 00:52:08.198
ProcessGuid: {ca24abc9-d6b1-66c3-ba00-000000001d00}
ProcessId: 6760
Image: C:\Program Files\WinlogBeat\winlogbeat.exe
TargetFilename: C:\ProgramData\winlogbeat\.winlogbeat.yml.new
CreationUtcTime: 2024-08-20 00:11:02.025
User: NT AUTHORITY\SYSTEM"
MY-CAL-WIN10.my-caldera.local,11,"File created:
RuleName: EXE
UtcTime: 2024-08-20 00:52:08.360
ProcessGuid: {ca24abc9-e8b7-66c3-8509-000000001d00}
ProcessId: 3524
Image: C:\Windows\System32\WindowsPowerShell\v1.0\powershell.exe
TargetFilename: C:\AtomicRedTeam\ExternalPayloads\VirtualBox-6.1.32-149290-Win.exe
CreationUtcTime: 2024-08-20 00:52:08.359
User: MY-CALDERA\johnny.douche"
MY-CAL-WIN10.my-caldera.local,11,"File created:
RuleName: DO
UtcTime: 2024-08-20 00:52:07.406
ProcessGuid: {ca24abc9-e8b7-66c3-8209-000000001d00}
ProcessId: 9864
Image: C:\Windows\System32\WindowsPowerShell\v1.0\powershell.exe
TargetFilename: C:\Users\johnny.douche\AppData\Local\Microsoft\Windows\PowerShell\StartupProfileData-NonInteractive
CreationUtcTime: 2024-03-28 01:06:06.420
User: MY-CALDERA\johnny.douche"
MY-CAL-WIN10.my-caldera.local,11,"File created:
RuleName: Sysmonv1514
UtcTime: 2024-08-20 00:52:27.031
ProcessGuid: {ca24abc9-d6b1-66c3-ba00-000000001d00}
ProcessId: 6760
Image: C:\Program Files\WinlogBeat\winlogbeat.exe
TargetFilename: C:\ProgramData\winlogbeat\.winlogbeat.yml.new
CreationUtcTime: 2024-08-20 00:11:02.025
User: NT AUTHORITY\SYSTEM"
MY-CAL-WIN10.my-caldera.local,11,"File created:
RuleName: DO
UtcTime: 2024-08-20 00:52:54.904
ProcessGuid: {ca24abc9-e8e5-66c3-c109-000000001d00}
ProcessId: 6768
Image: C:\Windows\System32\WindowsPowerShell\v1.0\powershell.exe
TargetFilename: C:\Users\JOHNNY~1.DOU\AppData\Local\Temp\3AB4A3E7-100F-4790-9602-1BF6A3251056\en-US\DmiProvider.dll.mui
CreationUtcTime: 2024-08-20 00:52:54.903
User: MY-CALDERA\johnny.douche"
MY-CAL-WIN10.my-caldera.local,11,"File created:
RuleName: DO
UtcTime: 2024-08-20 00:52:54.909
ProcessGuid: {ca24abc9-e8e5-66c3-c109-000000001d00}
ProcessId: 6768
Image: C:\Windows\System32\WindowsPowerShell\v1.0\powershell.exe
TargetFilename: C:\Users\JOHNNY~1.DOU\AppData\Local\Temp\3AB4A3E7-100F-4790-9602-1BF6A3251056\en-US\FfuProvider.dll.mui
CreationUtcTime: 2024-08-20 00:52:54.908
User: MY-CALDERA\johnny.douche"
MY-CAL-WIN10.my-caldera.local,11,"File created:
RuleName: DO
UtcTime: 2024-08-20 00:52:54.913
ProcessGuid: {ca24abc9-e8e5-66c3-c109-000000001d00}
ProcessId: 6768
Image: C:\Windows\System32\WindowsPowerShell\v1.0\powershell.exe
TargetFilename: C:\Users\JOHNNY~1.DOU\AppData\Local\Temp\3AB4A3E7-100F-4790-9602-1BF6A3251056\en-US\FolderProvider.dll.mui
CreationUtcTime: 2024-08-20 00:52:54.912
User: MY-CALDERA\johnny.douche"
MY-CAL-WIN10.my-caldera.local,11,"File created:
RuleName: DO
UtcTime: 2024-08-20 00:52:54.918
ProcessGuid: {ca24abc9-e8e5-66c3-c109-000000001d00}
ProcessId: 6768
Image: C:\Windows\System32\WindowsPowerShell\v1.0\powershell.exe
TargetFilename: C:\Users\JOHNNY~1.DOU\AppData\Local\Temp\3AB4A3E7-100F-4790-9602-1BF6A3251056\en-US\GenericProvider.dll.mui
CreationUtcTime: 2024-08-20 00:52:54.918
User: MY-CALDERA\johnny.douche"
MY-CAL-WIN10.my-caldera.local,11,"File created:
RuleName: DO
UtcTime: 2024-08-20 00:52:54.924
ProcessGuid: {ca24abc9-e8e5-66c3-c109-000000001d00}
ProcessId: 6768
Image: C:\Windows\System32\WindowsPowerShell\v1.0\powershell.exe
TargetFilename: C:\Users\JOHNNY~1.DOU\AppData\Local\Temp\3AB4A3E7-100F-4790-9602-1BF6A3251056\en-US\IBSProvider.dll.mui
CreationUtcTime: 2024-08-20 00:52:54.924
User: MY-CALDERA\johnny.douche"
MY-CAL-WIN10.my-caldera.local,11,"File created:
RuleName: DO
UtcTime: 2024-08-20 00:52:54.929
ProcessGuid: {ca24abc9-e8e5-66c3-c109-000000001d00}
ProcessId: 6768
Image: C:\Windows\System32\WindowsPowerShell\v1.0\powershell.exe
TargetFilename: C:\Users\JOHNNY~1.DOU\AppData\Local\Temp\3AB4A3E7-100F-4790-9602-1BF6A3251056\en-US\ImagingProvider.dll.mui
CreationUtcTime: 2024-08-20 00:52:54.929
User: MY-CALDERA\johnny.douche"
MY-CAL-WIN10.my-caldera.local,11,"File created:
RuleName: DO
UtcTime: 2024-08-20 00:52:54.933
ProcessGuid: {ca24abc9-e8e5-66c3-c109-000000001d00}
ProcessId: 6768
Image: C:\Windows\System32\WindowsPowerShell\v1.0\powershell.exe
TargetFilename: C:\Users\JOHNNY~1.DOU\AppData\Local\Temp\3AB4A3E7-100F-4790-9602-1BF6A3251056\en-US\IntlProvider.dll.mui
CreationUtcTime: 2024-08-20 00:52:54.933
User: MY-CALDERA\johnny.douche"
MY-CAL-WIN10.my-caldera.local,11,"File created:
RuleName: DO
UtcTime: 2024-08-20 00:52:54.938
ProcessGuid: {ca24abc9-e8e5-66c3-c109-000000001d00}
ProcessId: 6768
Image: C:\Windows\System32\WindowsPowerShell\v1.0\powershell.exe
TargetFilename: C:\Users\JOHNNY~1.DOU\AppData\Local\Temp\3AB4A3E7-100F-4790-9602-1BF6A3251056\en-US\LogProvider.dll.mui
CreationUtcTime: 2024-08-20 00:52:54.937
User: MY-CALDERA\johnny.douche"
MY-CAL-WIN10.my-caldera.local,11,"File created:
RuleName: DO
UtcTime: 2024-08-20 00:52:54.943
ProcessGuid: {ca24abc9-e8e5-66c3-c109-000000001d00}
ProcessId: 6768
Image: C:\Windows\System32\WindowsPowerShell\v1.0\powershell.exe
TargetFilename: C:\Users\JOHNNY~1.DOU\AppData\Local\Temp\3AB4A3E7-100F-4790-9602-1BF6A3251056\en-US\MsiProvider.dll.mui
CreationUtcTime: 2024-08-20 00:52:54.942
User: MY-CALDERA\johnny.douche"
MY-CAL-WIN10.my-caldera.local,11,"File created:
RuleName: DO
UtcTime: 2024-08-20 00:52:54.947
ProcessGuid: {ca24abc9-e8e5-66c3-c109-000000001d00}
ProcessId: 6768
Image: C:\Windows\System32\WindowsPowerShell\v1.0\powershell.exe
TargetFilename: C:\Users\JOHNNY~1.DOU\AppData\Local\Temp\3AB4A3E7-100F-4790-9602-1BF6A3251056\en-US\OfflineSetupProvider.dll.mui
CreationUtcTime: 2024-08-20 00:52:54.947
User: MY-CALDERA\johnny.douche"
MY-CAL-WIN10.my-caldera.local,11,"File created:
RuleName: DO
UtcTime: 2024-08-20 00:52:54.951
ProcessGuid: {ca24abc9-e8e5-66c3-c109-000000001d00}
ProcessId: 6768
Image: C:\Windows\System32\WindowsPowerShell\v1.0\powershell.exe
TargetFilename: C:\Users\JOHNNY~1.DOU\AppData\Local\Temp\3AB4A3E7-100F-4790-9602-1BF6A3251056\en-US\OSProvider.dll.mui
CreationUtcTime: 2024-08-20 00:52:54.951
User: MY-CALDERA\johnny.douche"
MY-CAL-WIN10.my-caldera.local,11,"File created:
RuleName: DO
UtcTime: 2024-08-20 00:52:54.957
ProcessGuid: {ca24abc9-e8e5-66c3-c109-000000001d00}
ProcessId: 6768
Image: C:\Windows\System32\WindowsPowerShell\v1.0\powershell.exe
TargetFilename: C:\Users\JOHNNY~1.DOU\AppData\Local\Temp\3AB4A3E7-100F-4790-9602-1BF6A3251056\en-US\ProvProvider.dll.mui
CreationUtcTime: 2024-08-20 00:52:54.955
User: MY-CALDERA\johnny.douche"
MY-CAL-WIN10.my-caldera.local,11,"File created:
RuleName: DO
UtcTime: 2024-08-20 00:52:54.962
ProcessGuid: {ca24abc9-e8e5-66c3-c109-000000001d00}
ProcessId: 6768
Image: C:\Windows\System32\WindowsPowerShell\v1.0\powershell.exe
TargetFilename: C:\Users\JOHNNY~1.DOU\AppData\Local\Temp\3AB4A3E7-100F-4790-9602-1BF6A3251056\en-US\SetupPlatformProvider.dll.mui
CreationUtcTime: 2024-08-20 00:52:54.962
User: MY-CALDERA\johnny.douche"
MY-CAL-WIN10.my-caldera.local,11,"File created:
RuleName: DO
UtcTime: 2024-08-20 00:52:54.966
ProcessGuid: {ca24abc9-e8e5-66c3-c109-000000001d00}
ProcessId: 6768
Image: C:\Windows\System32\WindowsPowerShell\v1.0\powershell.exe
TargetFilename: C:\Users\JOHNNY~1.DOU\AppData\Local\Temp\3AB4A3E7-100F-4790-9602-1BF6A3251056\en-US\SmiProvider.dll.mui
CreationUtcTime: 2024-08-20 00:52:54.966
User: MY-CALDERA\johnny.douche"
MY-CAL-WIN10.my-caldera.local,11,"File created:
RuleName: DO
UtcTime: 2024-08-20 00:52:54.970
ProcessGuid: {ca24abc9-e8e5-66c3-c109-000000001d00}
ProcessId: 6768
Image: C:\Windows\System32\WindowsPowerShell\v1.0\powershell.exe
TargetFilename: C:\Users\JOHNNY~1.DOU\AppData\Local\Temp\3AB4A3E7-100F-4790-9602-1BF6A3251056\en-US\SysprepProvider.dll.mui
CreationUtcTime: 2024-08-20 00:52:54.969
User: MY-CALDERA\johnny.douche"
MY-CAL-WIN10.my-caldera.local,11,"File created:
RuleName: DO
UtcTime: 2024-08-20 00:52:54.974
ProcessGuid: {ca24abc9-e8e5-66c3-c109-000000001d00}
ProcessId: 6768
Image: C:\Windows\System32\WindowsPowerShell\v1.0\powershell.exe
TargetFilename: C:\Users\JOHNNY~1.DOU\AppData\Local\Temp\3AB4A3E7-100F-4790-9602-1BF6A3251056\en-US\TransmogProvider.dll.mui
CreationUtcTime: 2024-08-20 00:52:54.974
User: MY-CALDERA\johnny.douche"
MY-CAL-WIN10.my-caldera.local,11,"File created:
RuleName: DO
UtcTime: 2024-08-20 00:52:54.979
ProcessGuid: {ca24abc9-e8e5-66c3-c109-000000001d00}
ProcessId: 6768
Image: C:\Windows\System32\WindowsPowerShell\v1.0\powershell.exe
TargetFilename: C:\Users\JOHNNY~1.DOU\AppData\Local\Temp\3AB4A3E7-100F-4790-9602-1BF6A3251056\en-US\UnattendProvider.dll.mui
CreationUtcTime: 2024-08-20 00:52:54.979
User: MY-CALDERA\johnny.douche"
MY-CAL-WIN10.my-caldera.local,11,"File created:
RuleName: DLL
UtcTime: 2024-08-20 00:52:55.078
ProcessGuid: {ca24abc9-e8e5-66c3-c109-000000001d00}
ProcessId: 6768
Image: C:\Windows\System32\WindowsPowerShell\v1.0\powershell.exe
TargetFilename: C:\Users\JOHNNY~1.DOU\AppData\Local\Temp\3AB4A3E7-100F-4790-9602-1BF6A3251056\OSProvider.dll
CreationUtcTime: 2024-08-20 00:52:55.078
User: MY-CALDERA\johnny.douche"
MY-CAL-WIN10.my-caldera.local,11,"File created:
RuleName: DLL
UtcTime: 2024-08-20 00:52:55.089
ProcessGuid: {ca24abc9-e8e5-66c3-c109-000000001d00}
ProcessId: 6768
Image: C:\Windows\System32\WindowsPowerShell\v1.0\powershell.exe
TargetFilename: C:\Users\JOHNNY~1.DOU\AppData\Local\Temp\3AB4A3E7-100F-4790-9602-1BF6A3251056\ProvProvider.dll
CreationUtcTime: 2024-08-20 00:52:55.087
User: MY-CALDERA\johnny.douche"
MY-CAL-WIN10.my-caldera.local,11,"File created:
RuleName: DLL
UtcTime: 2024-08-20 00:52:55.119
ProcessGuid: {ca24abc9-e8e5-66c3-c109-000000001d00}
ProcessId: 6768
Image: C:\Windows\System32\WindowsPowerShell\v1.0\powershell.exe
TargetFilename: C:\Users\JOHNNY~1.DOU\AppData\Local\Temp\3AB4A3E7-100F-4790-9602-1BF6A3251056\SetupPlatformProvider.dll
CreationUtcTime: 2024-08-20 00:52:55.118
User: MY-CALDERA\johnny.douche"
MY-CAL-WIN10.my-caldera.local,11,"File created:
RuleName: DLL
UtcTime: 2024-08-20 00:52:55.128
ProcessGuid: {ca24abc9-e8e5-66c3-c109-000000001d00}
ProcessId: 6768
Image: C:\Windows\System32\WindowsPowerShell\v1.0\powershell.exe
TargetFilename: C:\Users\JOHNNY~1.DOU\AppData\Local\Temp\3AB4A3E7-100F-4790-9602-1BF6A3251056\SmiProvider.dll
CreationUtcTime: 2024-08-20 00:52:55.128
User: MY-CALDERA\johnny.douche"
MY-CAL-WIN10.my-caldera.local,11,"File created:
RuleName: DLL
UtcTime: 2024-08-20 00:52:55.143
ProcessGuid: {ca24abc9-e8e5-66c3-c109-000000001d00}
ProcessId: 6768
Image: C:\Windows\System32\WindowsPowerShell\v1.0\powershell.exe
TargetFilename: C:\Users\JOHNNY~1.DOU\AppData\Local\Temp\3AB4A3E7-100F-4790-9602-1BF6A3251056\SysprepProvider.dll
CreationUtcTime: 2024-08-20 00:52:55.143
User: MY-CALDERA\johnny.douche"
MY-CAL-WIN10.my-caldera.local,11,"File created:
RuleName: DLL
UtcTime: 2024-08-20 00:52:55.174
ProcessGuid: {ca24abc9-e8e5-66c3-c109-000000001d00}
ProcessId: 6768
Image: C:\Windows\System32\WindowsPowerShell\v1.0\powershell.exe
TargetFilename: C:\Users\JOHNNY~1.DOU\AppData\Local\Temp\3AB4A3E7-100F-4790-9602-1BF6A3251056\TransmogProvider.dll
CreationUtcTime: 2024-08-20 00:52:55.174
User: MY-CALDERA\johnny.douche"
MY-CAL-WIN10.my-caldera.local,11,"File created:
RuleName: DLL
UtcTime: 2024-08-20 00:52:55.224
ProcessGuid: {ca24abc9-e8e5-66c3-c109-000000001d00}
ProcessId: 6768
Image: C:\Windows\System32\WindowsPowerShell\v1.0\powershell.exe
TargetFilename: C:\Users\JOHNNY~1.DOU\AppData\Local\Temp\3AB4A3E7-100F-4790-9602-1BF6A3251056\UnattendProvider.dll
CreationUtcTime: 2024-08-20 00:52:55.224
User: MY-CALDERA\johnny.douche"
MY-CAL-WIN10.my-caldera.local,11,"File created:
RuleName: DLL
UtcTime: 2024-08-20 00:52:55.236
ProcessGuid: {ca24abc9-e8e5-66c3-c109-000000001d00}
ProcessId: 6768
Image: C:\Windows\System32\WindowsPowerShell\v1.0\powershell.exe
TargetFilename: C:\Users\JOHNNY~1.DOU\AppData\Local\Temp\3AB4A3E7-100F-4790-9602-1BF6A3251056\VhdProvider.dll
CreationUtcTime: 2024-08-20 00:52:55.236
User: MY-CALDERA\johnny.douche"
MY-CAL-WIN10.my-caldera.local,11,"File created:
RuleName: DO
UtcTime: 2024-08-20 00:52:54.983
ProcessGuid: {ca24abc9-e8e5-66c3-c109-000000001d00}
ProcessId: 6768
Image: C:\Windows\System32\WindowsPowerShell\v1.0\powershell.exe
TargetFilename: C:\Users\JOHNNY~1.DOU\AppData\Local\Temp\3AB4A3E7-100F-4790-9602-1BF6A3251056\en-US\VhdProvider.dll.mui
CreationUtcTime: 2024-08-20 00:52:54.983
User: MY-CALDERA\johnny.douche"
MY-CAL-WIN10.my-caldera.local,11,"File created:
RuleName: DO
UtcTime: 2024-08-20 00:52:54.986
ProcessGuid: {ca24abc9-e8e5-66c3-c109-000000001d00}
ProcessId: 6768
Image: C:\Windows\System32\WindowsPowerShell\v1.0\powershell.exe
TargetFilename: C:\Users\JOHNNY~1.DOU\AppData\Local\Temp\3AB4A3E7-100F-4790-9602-1BF6A3251056\en-US\WimProvider.dll.mui
CreationUtcTime: 2024-08-20 00:52:54.986
User: MY-CALDERA\johnny.douche"
MY-CAL-WIN10.my-caldera.local,11,"File created:
RuleName: DLL
UtcTime: 2024-08-20 00:52:54.990
ProcessGuid: {ca24abc9-e8e5-66c3-c109-000000001d00}
ProcessId: 6768
Image: C:\Windows\System32\WindowsPowerShell\v1.0\powershell.exe
TargetFilename: C:\Users\JOHNNY~1.DOU\AppData\Local\Temp\3AB4A3E7-100F-4790-9602-1BF6A3251056\FfuProvider.dll
CreationUtcTime: 2024-08-20 00:52:54.990
User: MY-CALDERA\johnny.douche"
MY-CAL-WIN10.my-caldera.local,11,"File created:
RuleName: DLL
UtcTime: 2024-08-20 00:52:55.006
ProcessGuid: {ca24abc9-e8e5-66c3-c109-000000001d00}
ProcessId: 6768
Image: C:\Windows\System32\WindowsPowerShell\v1.0\powershell.exe
TargetFilename: C:\Users\JOHNNY~1.DOU\AppData\Local\Temp\3AB4A3E7-100F-4790-9602-1BF6A3251056\FolderProvider.dll
CreationUtcTime: 2024-08-20 00:52:55.006
User: MY-CALDERA\johnny.douche"
MY-CAL-WIN10.my-caldera.local,11,"File created:
RuleName: DLL
UtcTime: 2024-08-20 00:52:55.011
ProcessGuid: {ca24abc9-e8e5-66c3-c109-000000001d00}
ProcessId: 6768
Image: C:\Windows\System32\WindowsPowerShell\v1.0\powershell.exe
TargetFilename: C:\Users\JOHNNY~1.DOU\AppData\Local\Temp\3AB4A3E7-100F-4790-9602-1BF6A3251056\GenericProvider.dll
CreationUtcTime: 2024-08-20 00:52:55.011
User: MY-CALDERA\johnny.douche"
MY-CAL-WIN10.my-caldera.local,11,"File created:
RuleName: DLL
UtcTime: 2024-08-20 00:52:55.021
ProcessGuid: {ca24abc9-e8e5-66c3-c109-000000001d00}
ProcessId: 6768
Image: C:\Windows\System32\WindowsPowerShell\v1.0\powershell.exe
TargetFilename: C:\Users\JOHNNY~1.DOU\AppData\Local\Temp\3AB4A3E7-100F-4790-9602-1BF6A3251056\IBSProvider.dll
CreationUtcTime: 2024-08-20 00:52:55.021
User: MY-CALDERA\johnny.douche"
MY-CAL-WIN10.my-caldera.local,11,"File created:
RuleName: DLL
UtcTime: 2024-08-20 00:52:55.028
ProcessGuid: {ca24abc9-e8e5-66c3-c109-000000001d00}
ProcessId: 6768
Image: C:\Windows\System32\WindowsPowerShell\v1.0\powershell.exe
TargetFilename: C:\Users\JOHNNY~1.DOU\AppData\Local\Temp\3AB4A3E7-100F-4790-9602-1BF6A3251056\ImagingProvider.dll
CreationUtcTime: 2024-08-20 00:52:55.027
User: MY-CALDERA\johnny.douche"
MY-CAL-WIN10.my-caldera.local,11,"File created:
RuleName: DLL
UtcTime: 2024-08-20 00:52:55.037
ProcessGuid: {ca24abc9-e8e5-66c3-c109-000000001d00}
ProcessId: 6768
Image: C:\Windows\System32\WindowsPowerShell\v1.0\powershell.exe
TargetFilename: C:\Users\JOHNNY~1.DOU\AppData\Local\Temp\3AB4A3E7-100F-4790-9602-1BF6A3251056\IntlProvider.dll
CreationUtcTime: 2024-08-20 00:52:55.037
User: MY-CALDERA\johnny.douche"
MY-CAL-WIN10.my-caldera.local,11,"File created:
RuleName: DLL
UtcTime: 2024-08-20 00:52:55.051
ProcessGuid: {ca24abc9-e8e5-66c3-c109-000000001d00}
ProcessId: 6768
Image: C:\Windows\System32\WindowsPowerShell\v1.0\powershell.exe
TargetFilename: C:\Users\JOHNNY~1.DOU\AppData\Local\Temp\3AB4A3E7-100F-4790-9602-1BF6A3251056\LogProvider.dll
CreationUtcTime: 2024-08-20 00:52:55.051
User: MY-CALDERA\johnny.douche"
MY-CAL-WIN10.my-caldera.local,11,"File created:
RuleName: DLL
UtcTime: 2024-08-20 00:52:55.056
ProcessGuid: {ca24abc9-e8e5-66c3-c109-000000001d00}
ProcessId: 6768
Image: C:\Windows\System32\WindowsPowerShell\v1.0\powershell.exe
TargetFilename: C:\Users\JOHNNY~1.DOU\AppData\Local\Temp\3AB4A3E7-100F-4790-9602-1BF6A3251056\MsiProvider.dll
CreationUtcTime: 2024-08-20 00:52:55.056
User: MY-CALDERA\johnny.douche"
MY-CAL-WIN10.my-caldera.local,11,"File created:
RuleName: DLL
UtcTime: 2024-08-20 00:52:55.067
ProcessGuid: {ca24abc9-e8e5-66c3-c109-000000001d00}
ProcessId: 6768
Image: C:\Windows\System32\WindowsPowerShell\v1.0\powershell.exe
TargetFilename: C:\Users\JOHNNY~1.DOU\AppData\Local\Temp\3AB4A3E7-100F-4790-9602-1BF6A3251056\OfflineSetupProvider.dll
CreationUtcTime: 2024-08-20 00:52:55.067
User: MY-CALDERA\johnny.douche"
MY-CAL-WIN10.my-caldera.local,11,"File created:
RuleName: DLL
UtcTime: 2024-08-20 00:52:55.261
ProcessGuid: {ca24abc9-e8e5-66c3-c109-000000001d00}
ProcessId: 6768
Image: C:\Windows\System32\WindowsPowerShell\v1.0\powershell.exe
TargetFilename: C:\Users\JOHNNY~1.DOU\AppData\Local\Temp\3AB4A3E7-100F-4790-9602-1BF6A3251056\WimProvider.dll
CreationUtcTime: 2024-08-20 00:52:55.260
User: MY-CALDERA\johnny.douche"
MY-CAL-WIN10.my-caldera.local,11,"File created:
RuleName: DO
UtcTime: 2024-08-20 00:52:54.503
ProcessGuid: {ca24abc9-e8e5-66c3-c109-000000001d00}
ProcessId: 6768
Image: C:\Windows\System32\WindowsPowerShell\v1.0\powershell.exe
TargetFilename: C:\Users\JOHNNY~1.DOU\AppData\Local\Temp\3AB4A3E7-100F-4790-9602-1BF6A3251056
CreationUtcTime: 2024-08-20 00:52:54.503
User: MY-CALDERA\johnny.douche"
