RuleName: -
EventType: CreatePipe
UtcTime: 2024-08-20 16:35:24.081
ProcessGuid: {ca24abc9-c56b-66c4-0a8f-000000001900}
ProcessId: 11744
PipeName: <Anonymous Pipe>
Image: C:\Windows\system32\WindowsPowerShell\v1.0\powershell.exe
User: NT AUTHORITY\SYSTEM"
4135,MY-CAL-WIN10.my-caldera.local,17,"Pipe Created:
RuleName: -
EventType: CreatePipe
UtcTime: 2024-08-20 16:35:24.119
ProcessGuid: {ca24abc9-c56b-66c4-0a8f-000000001900}
ProcessId: 11744
PipeName: <Anonymous Pipe>
Image: C:\Windows\system32\WindowsPowerShell\v1.0\powershell.exe
User: NT AUTHORITY\SYSTEM"
4136,MY-CAL-WIN10.my-caldera.local,17,"Pipe Created:
RuleName: -
EventType: CreatePipe
UtcTime: 2024-08-20 16:35:24.161
ProcessGuid: {ca24abc9-c56b-66c4-0a8f-000000001900}
ProcessId: 11744
PipeName: <Anonymous Pipe>
Image: C:\Windows\system32\WindowsPowerShell\v1.0\powershell.exe
User: NT AUTHORITY\SYSTEM"
4137,MY-CAL-WIN10.my-caldera.local,17,"Pipe Created:
RuleName: -
EventType: CreatePipe
UtcTime: 2024-08-20 16:35:26.040
ProcessGuid: {ca24abc9-c56b-66c4-0a8f-000000001900}
ProcessId: 11744
PipeName: <Anonymous Pipe>
Image: C:\Windows\system32\WindowsPowerShell\v1.0\powershell.exe
User: NT AUTHORITY\SYSTEM"
4138,MY-CAL-WIN10.my-caldera.local,17,"Pipe Created:
RuleName: -
EventType: CreatePipe
UtcTime: 2024-08-20 16:35:26.074
ProcessGuid: {ca24abc9-c56b-66c4-0a8f-000000001900}
ProcessId: 11744
PipeName: <Anonymous Pipe>
Image: C:\Windows\system32\WindowsPowerShell\v1.0\powershell.exe
User: NT AUTHORITY\SYSTEM"
4139,MY-CAL-WIN10.my-caldera.local,17,"Pipe Created:
RuleName: -
EventType: CreatePipe
UtcTime: 2024-08-20 16:35:26.108
ProcessGuid: {ca24abc9-c56b-66c4-0a8f-000000001900}
ProcessId: 11744
PipeName: <Anonymous Pipe>
Image: C:\Windows\system32\WindowsPowerShell\v1.0\powershell.exe
User: NT AUTHORITY\SYSTEM"
4140,MY-CAL-WIN10.my-caldera.local,17,"Pipe Created:
RuleName: -
EventType: CreatePipe
UtcTime: 2024-08-20 16:35:26.145
ProcessGuid: {ca24abc9-c56b-66c4-0a8f-000000001900}
ProcessId: 11744
PipeName: <Anonymous Pipe>
Image: C:\Windows\system32\WindowsPowerShell\v1.0\powershell.exe
User: NT AUTHORITY\SYSTEM"
4141,MY-CAL-WIN10.my-caldera.local,17,"Pipe Created:
RuleName: -
EventType: CreatePipe
UtcTime: 2024-08-20 16:35:26.178
ProcessGuid: {ca24abc9-c56b-66c4-0a8f-000000001900}
ProcessId: 11744
PipeName: <Anonymous Pipe>
Image: C:\Windows\system32\WindowsPowerShell\v1.0\powershell.exe
User: NT AUTHORITY\SYSTEM"
4142,MY-CAL-WIN10.my-caldera.local,17,"Pipe Created:
RuleName: -
EventType: CreatePipe
UtcTime: 2024-08-20 16:35:26.213
ProcessGuid: {ca24abc9-c56b-66c4-0a8f-000000001900}
ProcessId: 11744
PipeName: <Anonymous Pipe>
Image: C:\Windows\system32\WindowsPowerShell\v1.0\powershell.exe
User: NT AUTHORITY\SYSTEM"
4143,MY-CAL-WIN10.my-caldera.local,17,"Pipe Created:
RuleName: -
EventType: CreatePipe
UtcTime: 2024-08-20 16:35:23.366
ProcessGuid: {ca24abc9-c56b-66c4-0a8f-000000001900}
ProcessId: 11744
PipeName: <Anonymous Pipe>
Image: C:\Windows\system32\WindowsPowerShell\v1.0\powershell.exe
User: NT AUTHORITY\SYSTEM"
4144,MY-CAL-WIN10.my-caldera.local,17,"Pipe Created:
RuleName: -
EventType: CreatePipe
UtcTime: 2024-08-20 16:35:36.447
ProcessGuid: {ca24abc9-c56b-66c4-0a8f-000000001900}
ProcessId: 11744
PipeName: <Anonymous Pipe>
Image: C:\Windows\system32\WindowsPowerShell\v1.0\powershell.exe
User: NT AUTHORITY\SYSTEM"
4145,MY-CAL-WIN10.my-caldera.local,17,"Pipe Created:
RuleName: -
EventType: CreatePipe
UtcTime: 2024-08-20 16:35:35.849
ProcessGuid: {ca24abc9-c56b-66c4-0a8f-000000001900}
ProcessId: 11744
PipeName: <Anonymous Pipe>
Image: C:\Windows\system32\WindowsPowerShell\v1.0\powershell.exe
User: NT AUTHORITY\SYSTEM"
4146,MY-CAL-WIN10.my-caldera.local,17,"Pipe Created:
RuleName: -
EventType: CreatePipe
UtcTime: 2024-08-20 16:35:36.139
ProcessGuid: {ca24abc9-c56b-66c4-0a8f-000000001900}
ProcessId: 11744
PipeName: <Anonymous Pipe>
Image: C:\Windows\system32\WindowsPowerShell\v1.0\powershell.exe
User: NT AUTHORITY\SYSTEM"
4147,MY-CAL-WIN10.my-caldera.local,17,"Pipe Created:
RuleName: -
EventType: CreatePipe
UtcTime: 2024-08-20 16:35:36.207
ProcessGuid: {ca24abc9-c56b-66c4-0a8f-000000001900}
ProcessId: 11744
PipeName: <Anonymous Pipe>
Image: C:\Windows\system32\WindowsPowerShell\v1.0\powershell.exe
User: NT AUTHORITY\SYSTEM"
4148,MY-CAL-WIN10.my-caldera.local,17,"Pipe Created:
RuleName: -
EventType: CreatePipe
UtcTime: 2024-08-20 16:35:36.269
ProcessGuid: {ca24abc9-c56b-66c4-0a8f-000000001900}
ProcessId: 11744
PipeName: <Anonymous Pipe>
Image: C:\Windows\system32\WindowsPowerShell\v1.0\powershell.exe
User: NT AUTHORITY\SYSTEM"
4149,MY-CAL-WIN10.my-caldera.local,17,"Pipe Created:
RuleName: -
EventType: CreatePipe
UtcTime: 2024-08-20 16:35:36.313
ProcessGuid: {ca24abc9-c56b-66c4-0a8f-000000001900}
ProcessId: 11744
PipeName: <Anonymous Pipe>
Image: C:\Windows\system32\WindowsPowerShell\v1.0\powershell.exe
User: NT AUTHORITY\SYSTEM"
4150,MY-CAL-WIN10.my-caldera.local,17,"Pipe Created:
RuleName: -
EventType: CreatePipe
UtcTime: 2024-08-20 16:35:36.345
ProcessGuid: {ca24abc9-c56b-66c4-0a8f-000000001900}
ProcessId: 11744
PipeName: <Anonymous Pipe>
Image: C:\Windows\system32\WindowsPowerShell\v1.0\powershell.exe
User: NT AUTHORITY\SYSTEM"
4151,MY-CAL-WIN10.my-caldera.local,17,"Pipe Created:
RuleName: -
EventType: CreatePipe
UtcTime: 2024-08-20 16:35:32.900
ProcessGuid: {ca24abc9-c56b-66c4-0a8f-000000001900}
ProcessId: 11744
PipeName: <Anonymous Pipe>
Image: C:\Windows\system32\WindowsPowerShell\v1.0\powershell.exe
User: NT AUTHORITY\SYSTEM"
4152,MY-CAL-WIN10.my-caldera.local,17,"Pipe Created:
RuleName: -
EventType: CreatePipe
UtcTime: 2024-08-20 16:35:33.522
ProcessGuid: {ca24abc9-c56b-66c4-0a8f-000000001900}
ProcessId: 11744
PipeName: <Anonymous Pipe>
Image: C:\Windows\system32\WindowsPowerShell\v1.0\powershell.exe
User: NT AUTHORITY\SYSTEM"
4153,MY-CAL-WIN10.my-caldera.local,17,"Pipe Created:
RuleName: -
EventType: CreatePipe
UtcTime: 2024-08-20 16:35:33.990
ProcessGuid: {ca24abc9-c56b-66c4-0a8f-000000001900}
ProcessId: 11744
PipeName: <Anonymous Pipe>
Image: C:\Windows\system32\WindowsPowerShell\v1.0\powershell.exe
User: NT AUTHORITY\SYSTEM"
4154,MY-CAL-WIN10.my-caldera.local,17,"Pipe Created:
RuleName: -
EventType: CreatePipe
UtcTime: 2024-08-20 16:35:36.479
ProcessGuid: {ca24abc9-c56b-66c4-0a8f-000000001900}
ProcessId: 11744
PipeName: <Anonymous Pipe>
Image: C:\Windows\system32\WindowsPowerShell\v1.0\powershell.exe
User: NT AUTHORITY\SYSTEM"
4155,MY-CAL-WIN10.my-caldera.local,17,"Pipe Created:
RuleName: -
EventType: CreatePipe
UtcTime: 2024-08-20 16:16:59.312
ProcessGuid: {ca24abc9-ac40-664f-9f8d-000000001900}
ProcessId: 14820
PipeName: \LOCAL\mojo.14820.18124.10637565536936205083
Image: C:\Program Files (x86)\Microsoft\Edge\Application\msedge.exe
User: MY-CALDERA\johnny.douche"
4156,MY-CAL-WIN10.my-caldera.local,17,"Pipe Created:
RuleName: -
EventType: CreatePipe
UtcTime: 2024-08-20 16:22:00.366
ProcessGuid: {ca24abc9-c29b-66c4-b28e-000000001900}
ProcessId: 10764
PipeName: \PSHost.133686445073983947.10764.DefaultAppDomain.powershell
Image: C:\Windows\system32\WindowsPowerShell\v1.0\powershell.exe
User: NT AUTHORITY\SYSTEM"
4157,MY-CAL-WIN10.my-caldera.local,17,"Pipe Created:
RuleName: -
EventType: CreatePipe
UtcTime: 2024-08-20 16:24:17.784
ProcessGuid: {ca24abc9-c324-66c4-c18e-000000001900}
ProcessId: 28376
PipeName: \3e50.1daf31d5db7170d
Image: C:\Windows\system32\MpSigStub.exe
User: NT AUTHORITY\SYSTEM"
4158,MY-CAL-WIN10.my-caldera.local,17,"Pipe Created:
RuleName: -
EventType: CreatePipe
UtcTime: 2024-08-20 16:28:44.897
ProcessGuid: {ca24abc9-c417-66c4-cf8e-000000001900}
ProcessId: 13956
PipeName: \LOCAL\mojo.13956.13612.8071071732704262757
Image: C:\Program Files (x86)\Microsoft\Edge\Application\msedge.exe
User: MY-CAL-WIN10\Johnny Douche"
4159,MY-CAL-WIN10.my-caldera.local,17,"Pipe Created:
RuleName: -
EventType: CreatePipe
UtcTime: 2024-08-20 16:28:54.717
ProcessGuid: {ca24abc9-c417-66c4-cf8e-000000001900}
ProcessId: 13956
PipeName: \LOCAL\mojo.13956.13612.3705540906235957706
Image: C:\Program Files (x86)\Microsoft\Edge\Application\msedge.exe
User: MY-CAL-WIN10\Johnny Douche"
4160,MY-CAL-WIN10.my-caldera.local,17,"Pipe Created:
RuleName: -
EventType: CreatePipe
UtcTime: 2024-08-20 16:28:54.722
ProcessGuid: {ca24abc9-c417-66c4-cf8e-000000001900}
ProcessId: 13956
PipeName: \LOCAL\mojo.13956.13612.2313561173667616555
Image: C:\Program Files (x86)\Microsoft\Edge\Application\msedge.exe
User: MY-CAL-WIN10\Johnny Douche"
4161,MY-CAL-WIN10.my-caldera.local,17,"Pipe Created:
RuleName: -
EventType: CreatePipe
UtcTime: 2024-08-20 16:28:54.772
ProcessGuid: {ca24abc9-c417-66c4-cf8e-000000001900}
ProcessId: 13956
PipeName: \LOCAL\mojo.13956.13612.16595930624561474981
Image: C:\Program Files (x86)\Microsoft\Edge\Application\msedge.exe
User: MY-CAL-WIN10\Johnny Douche"
4162,MY-CAL-WIN10.my-caldera.local,17,"Pipe Created:
RuleName: -
EventType: CreatePipe
UtcTime: 2024-08-20 16:15:04.210
ProcessGuid: {ca24abc9-ac40-664f-9f8d-000000001900}
ProcessId: 14820
PipeName: \LOCAL\mojo.14820.17196.4470913611666039341
Image: C:\Program Files (x86)\Microsoft\Edge\Application\msedge.exe
User: MY-CALDERA\johnny.douche"
4163,MY-CAL-WIN10.my-caldera.local,17,"Pipe Created:
RuleName: -
EventType: CreatePipe
UtcTime: 2024-08-20 16:15:40.538
ProcessGuid: {ca24abc9-ac40-664f-9f8d-000000001900}
ProcessId: 14820
PipeName: \LOCAL\mojo.14820.17196.17927452199784052603
Image: C:\Program Files (x86)\Microsoft\Edge\Application\msedge.exe
User: MY-CALDERA\johnny.douche"
4164,MY-CAL-WIN10.my-caldera.local,17,"Pipe Created:
RuleName: -
EventType: CreatePipe
UtcTime: 2024-08-20 16:50:50.632
ProcessGuid: {ca24abc9-c968-66c4-4c90-000000001900}
ProcessId: 7772
PipeName: \PSHost.133686462483255970.7772.DefaultAppDomain.powershell
Image: C:\Windows\system32\WindowsPowerShell\v1.0\powershell.exe
User: NT AUTHORITY\LOCAL SERVICE"
4165,MY-CAL-WIN10.my-caldera.local,17,"Pipe Created:
RuleName: -
EventType: CreatePipe
UtcTime: 2024-08-20 16:50:38.805
ProcessGuid: {ca24abc9-c94b-66c4-4890-000000001900}
ProcessId: 6084
PipeName: \PSHost.133686462192565977.6084.DefaultAppDomain.powershell
Image: C:\Windows\system32\WindowsPowerShell\v1.0\powershell.exe
User: NT AUTHORITY\SYSTEM"
4166,MY-CAL-WIN10.my-caldera.local,17,"Pipe Created:
RuleName: -
EventType: CreatePipe
UtcTime: 2024-08-20 16:51:19.909
ProcessGuid: {ca24abc9-c986-66c4-5390-000000001900}
ProcessId: 22220
PipeName: \PSHost.133686462782023690.22220.DefaultAppDomain.powershell
Image: C:\Windows\system32\WindowsPowerShell\v1.0\powershell.exe
User: NT AUTHORITY\LOCAL SERVICE"
4167,MY-CAL-WIN10.my-caldera.local,17,"Pipe Created:
RuleName: -
EventType: CreatePipe
UtcTime: 2024-08-20 16:53:23.664
ProcessGuid: {ca24abc9-c417-66c4-cf8e-000000001900}
ProcessId: 13956
PipeName: \LOCAL\mojo.13956.13612.4211659110039295918
Image: C:\Program Files (x86)\Microsoft\Edge\Application\msedge.exe
User: MY-CAL-WIN10\Johnny Douche"
4168,MY-CAL-WIN10.my-caldera.local,17,"Pipe Created:
RuleName: -
EventType: CreatePipe
UtcTime: 2024-08-20 16:57:17.248
ProcessGuid: {ca24abc9-c417-66c4-cf8e-000000001900}
ProcessId: 13956
PipeName: \LOCAL\mojo.13956.13612.14430323784557942305
Image: C:\Program Files (x86)\Microsoft\Edge\Application\msedge.exe
User: MY-CAL-WIN10\Johnny Douche"
4169,MY-CAL-WIN10.my-caldera.local,17,"Pipe Created:
RuleName: -
EventType: CreatePipe
UtcTime: 2024-08-20 16:35:36.379
ProcessGuid: {ca24abc9-c56b-66c4-0a8f-000000001900}
ProcessId: 11744
PipeName: <Anonymous Pipe>
Image: C:\Windows\system32\WindowsPowerShell\v1.0\powershell.exe
User: NT AUTHORITY\SYSTEM"
4170,MY-CAL-WIN10.my-caldera.local,17,"Pipe Created:
RuleName: -
EventType: CreatePipe
UtcTime: 2024-08-20 16:35:36.413
ProcessGuid: {ca24abc9-c56b-66c4-0a8f-000000001900}
ProcessId: 11744
PipeName: <Anonymous Pipe>
Image: C:\Windows\system32\WindowsPowerShell\v1.0\powershell.exe
User: NT AUTHORITY\SYSTEM"
4171,MY-CAL-WIN10.my-caldera.local,17,"Pipe Created:
RuleName: -
EventType: CreatePipe
UtcTime: 2024-08-20 16:35:25.250
ProcessGuid: {ca24abc9-c56b-66c4-0a8f-000000001900}
ProcessId: 11744
PipeName: <Anonymous Pipe>
Image: C:\Windows\system32\WindowsPowerShell\v1.0\powershell.exe
User: NT AUTHORITY\SYSTEM"
4172,MY-CAL-WIN10.my-caldera.local,17,"Pipe Created:
RuleName: -
EventType: CreatePipe
UtcTime: 2024-08-20 16:35:23.408
ProcessGuid: {ca24abc9-c56b-66c4-0a8f-000000001900}
ProcessId: 11744
PipeName: <Anonymous Pipe>
Image: C:\Windows\system32\WindowsPowerShell\v1.0\powershell.exe
User: NT AUTHORITY\SYSTEM"
4173,MY-CAL-WIN10.my-caldera.local,17,"Pipe Created:
RuleName: -
EventType: CreatePipe
UtcTime: 2024-08-20 16:35:23.741
ProcessGuid: {ca24abc9-c56b-66c4-0a8f-000000001900}
ProcessId: 11744
PipeName: <Anonymous Pipe>
Image: C:\Windows\system32\WindowsPowerShell\v1.0\powershell.exe
User: NT AUTHORITY\SYSTEM"
4174,MY-CAL-WIN10.my-caldera.local,17,"Pipe Created:
RuleName: -
EventType: CreatePipe
UtcTime: 2024-08-20 16:35:23.776
ProcessGuid: {ca24abc9-c56b-66c4-0a8f-000000001900}
ProcessId: 11744
PipeName: <Anonymous Pipe>
Image: C:\Windows\system32\WindowsPowerShell\v1.0\powershell.exe
User: NT AUTHORITY\SYSTEM"
4175,MY-CAL-WIN10.my-caldera.local,17,"Pipe Created:
RuleName: -
EventType: CreatePipe
UtcTime: 2024-08-20 16:35:25.307
ProcessGuid: {ca24abc9-c56b-66c4-0a8f-000000001900}
ProcessId: 11744
PipeName: <Anonymous Pipe>
Image: C:\Windows\system32\WindowsPowerShell\v1.0\powershell.exe
User: NT AUTHORITY\SYSTEM"
4176,MY-CAL-WIN10.my-caldera.local,17,"Pipe Created:
RuleName: -
EventType: CreatePipe
UtcTime: 2024-08-20 16:35:36.510
ProcessGuid: {ca24abc9-c56b-66c4-0a8f-000000001900}
ProcessId: 11744
PipeName: <Anonymous Pipe>
Image: C:\Windows\system32\WindowsPowerShell\v1.0\powershell.exe
User: NT AUTHORITY\SYSTEM"
4177,MY-CAL-WIN10.my-caldera.local,17,"Pipe Created:
RuleName: -
EventType: CreatePipe
UtcTime: 2024-08-20 16:35:36.540
ProcessGuid: {ca24abc9-c56b-66c4-0a8f-000000001900}
ProcessId: 11744
PipeName: <Anonymous Pipe>
Image: C:\Windows\system32\WindowsPowerShell\v1.0\powershell.exe
User: NT AUTHORITY\SYSTEM"
4178,MY-CAL-WIN10.my-caldera.local,17,"Pipe Created:
RuleName: -
EventType: CreatePipe
UtcTime: 2024-08-20 16:35:23.817
ProcessGuid: {ca24abc9-c56b-66c4-0a8f-000000001900}
ProcessId: 11744
PipeName: <Anonymous Pipe>
Image: C:\Windows\system32\WindowsPowerShell\v1.0\powershell.exe
User: NT AUTHORITY\SYSTEM"
4179,MY-CAL-WIN10.my-caldera.local,17,"Pipe Created:
RuleName: -
EventType: CreatePipe
UtcTime: 2024-08-20 16:35:36.573
ProcessGuid: {ca24abc9-c56b-66c4-0a8f-000000001900}
ProcessId: 11744
PipeName: <Anonymous Pipe>
Image: C:\Windows\system32\WindowsPowerShell\v1.0\powershell.exe
User: NT AUTHORITY\SYSTEM"
4180,MY-CAL-WIN10.my-caldera.local,17,"Pipe Created:
RuleName: -
EventType: CreatePipe
UtcTime: 2024-08-20 16:35:23.920
ProcessGuid: {ca24abc9-c56b-66c4-0a8f-000000001900}
ProcessId: 11744
PipeName: <Anonymous Pipe>
Image: C:\Windows\system32\WindowsPowerShell\v1.0\powershell.exe
User: NT AUTHORITY\SYSTEM"
4181,MY-CAL-WIN10.my-caldera.local,17,"Pipe Created:
RuleName: -
EventType: CreatePipe
UtcTime: 2024-08-20 16:35:25.850
ProcessGuid: {ca24abc9-c56b-66c4-0a8f-000000001900}
ProcessId: 11744
PipeName: <Anonymous Pipe>
Image: C:\Windows\system32\WindowsPowerShell\v1.0\powershell.exe
User: NT AUTHORITY\SYSTEM"
4182,MY-CAL-WIN10.my-caldera.local,17,"Pipe Created:
RuleName: -
EventType: CreatePipe
UtcTime: 2024-08-20 16:35:25.891
ProcessGuid: {ca24abc9-c56b-66c4-0a8f-000000001900}
ProcessId: 11744
PipeName: <Anonymous Pipe>
Image: C:\Windows\system32\WindowsPowerShell\v1.0\powershell.exe
User: NT AUTHORITY\SYSTEM"
4183,MY-CAL-WIN10.my-caldera.local,17,"Pipe Created:
RuleName: -
EventType: CreatePipe
UtcTime: 2024-08-20 16:35:25.963
ProcessGuid: {ca24abc9-c56b-66c4-0a8f-000000001900}
ProcessId: 11744
PipeName: <Anonymous Pipe>
Image: C:\Windows\system32\WindowsPowerShell\v1.0\powershell.exe
User: NT AUTHORITY\SYSTEM"
4184,MY-CAL-WIN10.my-caldera.local,17,"Pipe Created:
RuleName: -
EventType: CreatePipe
UtcTime: 2024-08-20 16:35:24.818
ProcessGuid: {ca24abc9-c56b-66c4-0a8f-000000001900}
ProcessId: 11744
PipeName: <Anonymous Pipe>
Image: C:\Windows\system32\WindowsPowerShell\v1.0\powershell.exe
User: NT AUTHORITY\SYSTEM"
4185,MY-CAL-WIN10.my-caldera.local,17,"Pipe Created:
RuleName: -
EventType: CreatePipe
UtcTime: 2024-08-20 16:35:26.003
ProcessGuid: {ca24abc9-c56b-66c4-0a8f-000000001900}
ProcessId: 11744
PipeName: <Anonymous Pipe>
Image: C:\Windows\system32\WindowsPowerShell\v1.0\powershell.exe
User: NT AUTHORITY\SYSTEM"
4186,MY-CAL-WIN10.my-caldera.local,17,"Pipe Created:
RuleName: -
EventType: CreatePipe
UtcTime: 2024-08-20 16:35:25.177
ProcessGuid: {ca24abc9-c56b-66c4-0a8f-000000001900}
ProcessId: 11744
PipeName: <Anonymous Pipe>
Image: C:\Windows\system32\WindowsPowerShell\v1.0\powershell.exe
User: NT AUTHORITY\SYSTEM"
4187,MY-CAL-WIN10.my-caldera.local,17,"Pipe Created:
RuleName: -
EventType: CreatePipe
UtcTime: 2024-08-20 16:40:25.855
ProcessGuid: {ca24abc9-c417-66c4-cf8e-000000001900}
ProcessId: 13956
PipeName: \LOCAL\mojo.13956.13612.3321449650899840191
Image: C:\Program Files (x86)\Microsoft\Edge\Application\msedge.exe
User: MY-CAL-WIN10\Johnny Douche"
4188,MY-CAL-WIN10.my-caldera.local,17,"Pipe Created:
RuleName: -
EventType: CreatePipe
UtcTime: 2024-08-20 16:40:26.100
ProcessGuid: {ca24abc9-c417-66c4-cf8e-000000001900}
ProcessId: 13956
PipeName: \LOCAL\mojo.13956.13612.12470544377350050917
Image: C:\Program Files (x86)\Microsoft\Edge\Application\msedge.exe
User: MY-CAL-WIN10\Johnny Douche"
4189,MY-CAL-WIN10.my-caldera.local,17,"Pipe Created:
RuleName: -
EventType: CreatePipe
UtcTime: 2024-08-20 16:41:36.709
ProcessGuid: {ca24abc9-c417-66c4-cf8e-000000001900}
ProcessId: 13956
PipeName: \LOCAL\mojo.13956.13612.2185332784129390970
Image: C:\Program Files (x86)\Microsoft\Edge\Application\msedge.exe
User: MY-CAL-WIN10\Johnny Douche"
4190,MY-CAL-WIN10.my-caldera.local,17,"Pipe Created:
RuleName: -
EventType: CreatePipe
UtcTime: 2024-08-20 16:41:36.754
ProcessGuid: {ca24abc9-c417-66c4-cf8e-000000001900}
ProcessId: 13956
PipeName: \LOCAL\mojo.13956.13612.504861505882965350
Image: C:\Program Files (x86)\Microsoft\Edge\Application\msedge.exe
User: MY-CAL-WIN10\Johnny Douche"
4191,MY-CAL-WIN10.my-caldera.local,17,"Pipe Created:
RuleName: -
EventType: CreatePipe
UtcTime: 2024-08-20 16:42:57.935
ProcessGuid: {ca24abc9-c789-66c4-1d90-000000001900}
ProcessId: 10628
PipeName: \PSHost.133686457698288781.10628.DefaultAppDomain.powershell
Image: C:\Windows\system32\WindowsPowerShell\v1.0\powershell.exe
User: NT AUTHORITY\SYSTEM"
4192,MY-CAL-WIN10.my-caldera.local,17,"Pipe Created:
RuleName: -
EventType: CreatePipe
UtcTime: 2024-08-20 16:06:45.207
ProcessGuid: {ca24abc9-ac40-664f-9f8d-000000001900}
ProcessId: 14820
PipeName: \LOCAL\mojo.14820.17196.1103872007178510471
Image: C:\Program Files (x86)\Microsoft\Edge\Application\msedge.exe
User: MY-CALDERA\johnny.douche"
4193,MY-CAL-WIN10.my-caldera.local,17,"Pipe Created:
RuleName: -
EventType: CreatePipe
UtcTime: 2024-08-20 16:06:45.212
ProcessGuid: {ca24abc9-ac40-664f-9f8d-000000001900}
ProcessId: 14820
PipeName: \LOCAL\mojo.14820.17196.14440508266486001749
Image: C:\Program Files (x86)\Microsoft\Edge\Application\msedge.exe
User: MY-CALDERA\johnny.douche"
4194,MY-CAL-WIN10.my-caldera.local,17,"Pipe Created:
RuleName: -
EventType: CreatePipe
UtcTime: 2024-08-20 16:08:53.597
ProcessGuid: {ca24abc9-bf81-66c4-fb8d-000000001900}
ProcessId: 6136
PipeName: \PSHost.133686437137916384.6136.DefaultAppDomain.powershell
Image: C:\Windows\system32\WindowsPowerShell\v1.0\powershell.exe
User: NT AUTHORITY\SYSTEM"
4195,MY-CAL-WIN10.my-caldera.local,17,"Pipe Created:
RuleName: -
EventType: CreatePipe
UtcTime: 2024-08-20 16:08:57.347
ProcessGuid: {ca24abc9-845d-6646-0414-000000001900}
ProcessId: 4364
PipeName: \AppContracts_xB7742B8A-6994-4A14-BCEC-55E17DB5CE92y
Image: C:\Windows\system32\sihost.exe
User: MY-CAL-WIN10\Johnny Douche"
4196,MY-CAL-WIN10.my-caldera.local,17,"Pipe Created:
RuleName: -
EventType: CreatePipe
UtcTime: 2024-08-20 16:09:01.530
ProcessGuid: {ca24abc9-ac40-664f-9f8d-000000001900}
ProcessId: 14820
PipeName: \LOCAL\mojo.14820.17196.627631870285354271
Image: C:\Program Files (x86)\Microsoft\Edge\Application\msedge.exe
User: MY-CALDERA\johnny.douche"
4197,MY-CAL-WIN10.my-caldera.local,17,"Pipe Created:
RuleName: -
EventType: CreatePipe
UtcTime: 2024-08-20 16:56:50.288
ProcessGuid: {ca24abc9-cac7-66c4-6e90-000000001900}
ProcessId: 13636
PipeName: \PSHost.133686465994712704.13636.DefaultAppDomain.powershell
Image: C:\Windows\system32\WindowsPowerShell\v1.0\powershell.exe
User: NT AUTHORITY\SYSTEM"
4198,MY-CAL-WIN10.my-caldera.local,17,"Pipe Created:
RuleName: -
EventType: CreatePipe
UtcTime: 2024-08-20 16:34:25.639
ProcessGuid: {ca24abc9-c56b-66c4-0a8f-000000001900}
ProcessId: 11744
PipeName: <Anonymous Pipe>
Image: C:\Windows\system32\WindowsPowerShell\v1.0\powershell.exe
User: NT AUTHORITY\SYSTEM"
4199,MY-CAL-WIN10.my-caldera.local,17,"Pipe Created:
RuleName: -
EventType: CreatePipe
UtcTime: 2024-08-20 16:34:26.047
ProcessGuid: {ca24abc9-c56b-66c4-0a8f-000000001900}
ProcessId: 11744
PipeName: <Anonymous Pipe>
Image: C:\Windows\system32\WindowsPowerShell\v1.0\powershell.exe
User: NT AUTHORITY\SYSTEM"
4200,MY-CAL-WIN10.my-caldera.local,17,"Pipe Created:
RuleName: -
EventType: CreatePipe
UtcTime: 2024-08-20 16:34:30.939
ProcessGuid: {ca24abc9-c56b-66c4-0a8f-000000001900}
ProcessId: 11744
PipeName: <Anonymous Pipe>
Image: C:\Windows\system32\WindowsPowerShell\v1.0\powershell.exe
User: NT AUTHORITY\SYSTEM"
4201,MY-CAL-WIN10.my-caldera.local,17,"Pipe Created:
RuleName: -
EventType: CreatePipe
UtcTime: 2024-08-20 16:34:30.984
ProcessGuid: {ca24abc9-c56b-66c4-0a8f-000000001900}
ProcessId: 11744
PipeName: <Anonymous Pipe>
Image: C:\Windows\system32\WindowsPowerShell\v1.0\powershell.exe
User: NT AUTHORITY\SYSTEM"
4202,MY-CAL-WIN10.my-caldera.local,17,"Pipe Created:
RuleName: -
EventType: CreatePipe
UtcTime: 2024-08-20 16:34:31.033
ProcessGuid: {ca24abc9-c56b-66c4-0a8f-000000001900}
ProcessId: 11744
PipeName: <Anonymous Pipe>
Image: C:\Windows\system32\WindowsPowerShell\v1.0\powershell.exe
User: NT AUTHORITY\SYSTEM"
4203,MY-CAL-WIN10.my-caldera.local,17,"Pipe Created:
RuleName: -
EventType: CreatePipe
UtcTime: 2024-08-20 16:34:31.072
ProcessGuid: {ca24abc9-c56b-66c4-0a8f-000000001900}
ProcessId: 11744
PipeName: <Anonymous Pipe>
Image: C:\Windows\system32\WindowsPowerShell\v1.0\powershell.exe
User: NT AUTHORITY\SYSTEM"
4204,MY-CAL-WIN10.my-caldera.local,17,"Pipe Created:
RuleName: -
EventType: CreatePipe
UtcTime: 2024-08-20 16:34:31.112
ProcessGuid: {ca24abc9-c56b-66c4-0a8f-000000001900}
ProcessId: 11744
PipeName: <Anonymous Pipe>
Image: C:\Windows\system32\WindowsPowerShell\v1.0\powershell.exe
User: NT AUTHORITY\SYSTEM"
4205,MY-CAL-WIN10.my-caldera.local,17,"Pipe Created:
RuleName: -
EventType: CreatePipe
UtcTime: 2024-08-20 16:34:31.876
ProcessGuid: {ca24abc9-c56b-66c4-0a8f-000000001900}
ProcessId: 11744
PipeName: <Anonymous Pipe>
Image: C:\Windows\system32\WindowsPowerShell\v1.0\powershell.exe
User: NT AUTHORITY\SYSTEM"
4206,MY-CAL-WIN10.my-caldera.local,17,"Pipe Created:
RuleName: -
EventType: CreatePipe
UtcTime: 2024-08-20 16:34:31.912
ProcessGuid: {ca24abc9-c56b-66c4-0a8f-000000001900}
ProcessId: 11744
PipeName: <Anonymous Pipe>
Image: C:\Windows\system32\WindowsPowerShell\v1.0\powershell.exe
User: NT AUTHORITY\SYSTEM"
4207,MY-CAL-WIN10.my-caldera.local,17,"Pipe Created:
RuleName: -
EventType: CreatePipe
UtcTime: 2024-08-20 16:34:31.947
ProcessGuid: {ca24abc9-c56b-66c4-0a8f-000000001900}
ProcessId: 11744
PipeName: <Anonymous Pipe>
Image: C:\Windows\system32\WindowsPowerShell\v1.0\powershell.exe
User: NT AUTHORITY\SYSTEM"
4208,MY-CAL-WIN10.my-caldera.local,17,"Pipe Created:
RuleName: -
EventType: CreatePipe
UtcTime: 2024-08-20 16:34:31.983
ProcessGuid: {ca24abc9-c56b-66c4-0a8f-000000001900}
ProcessId: 11744
PipeName: <Anonymous Pipe>
Image: C:\Windows\system32\WindowsPowerShell\v1.0\powershell.exe
User: NT AUTHORITY\SYSTEM"
4209,MY-CAL-WIN10.my-caldera.local,17,"Pipe Created:
RuleName: -
EventType: CreatePipe
UtcTime: 2024-08-20 16:34:32.020
ProcessGuid: {ca24abc9-c56b-66c4-0a8f-000000001900}
ProcessId: 11744
PipeName: <Anonymous Pipe>
Image: C:\Windows\system32\WindowsPowerShell\v1.0\powershell.exe
User: NT AUTHORITY\SYSTEM"
4210,MY-CAL-WIN10.my-caldera.local,17,"Pipe Created:
RuleName: -
EventType: CreatePipe
UtcTime: 2024-08-20 16:34:31.152
ProcessGuid: {ca24abc9-c56b-66c4-0a8f-000000001900}
ProcessId: 11744
PipeName: <Anonymous Pipe>
Image: C:\Windows\system32\WindowsPowerShell\v1.0\powershell.exe
User: NT AUTHORITY\SYSTEM"
4211,MY-CAL-WIN10.my-caldera.local,17,"Pipe Created:
RuleName: -
EventType: CreatePipe
UtcTime: 2024-08-20 16:34:31.188
ProcessGuid: {ca24abc9-c56b-66c4-0a8f-000000001900}
ProcessId: 11744
PipeName: <Anonymous Pipe>
Image: C:\Windows\system32\WindowsPowerShell\v1.0\powershell.exe
User: NT AUTHORITY\SYSTEM"
4212,MY-CAL-WIN10.my-caldera.local,17,"Pipe Created:
RuleName: -
EventType: CreatePipe
UtcTime: 2024-08-20 16:34:31.223
ProcessGuid: {ca24abc9-c56b-66c4-0a8f-000000001900}
ProcessId: 11744
PipeName: <Anonymous Pipe>
Image: C:\Windows\system32\WindowsPowerShell\v1.0\powershell.exe
User: NT AUTHORITY\SYSTEM"
4213,MY-CAL-WIN10.my-caldera.local,17,"Pipe Created:
RuleName: -
EventType: CreatePipe
UtcTime: 2024-08-20 16:34:31.257
ProcessGuid: {ca24abc9-c56b-66c4-0a8f-000000001900}
ProcessId: 11744
PipeName: <Anonymous Pipe>
Image: C:\Windows\system32\WindowsPowerShell\v1.0\powershell.exe
User: NT AUTHORITY\SYSTEM"
4214,MY-CAL-WIN10.my-caldera.local,17,"Pipe Created:
RuleName: -
EventType: CreatePipe
UtcTime: 2024-08-20 16:34:31.293
ProcessGuid: {ca24abc9-c56b-66c4-0a8f-000000001900}
ProcessId: 11744
PipeName: <Anonymous Pipe>
Image: C:\Windows\system32\WindowsPowerShell\v1.0\powershell.exe
User: NT AUTHORITY\SYSTEM"
4215,MY-CAL-WIN10.my-caldera.local,17,"Pipe Created:
RuleName: -
EventType: CreatePipe
UtcTime: 2024-08-20 16:34:31.796
ProcessGuid: {ca24abc9-c56b-66c4-0a8f-000000001900}
ProcessId: 11744
PipeName: <Anonymous Pipe>
Image: C:\Windows\system32\WindowsPowerShell\v1.0\powershell.exe
User: NT AUTHORITY\SYSTEM"
4216,MY-CAL-WIN10.my-caldera.local,17,"Pipe Created:
RuleName: -
EventType: CreatePipe
UtcTime: 2024-08-20 16:34:31.839
ProcessGuid: {ca24abc9-c56b-66c4-0a8f-000000001900}
ProcessId: 11744
PipeName: <Anonymous Pipe>
Image: C:\Windows\system32\WindowsPowerShell\v1.0\powershell.exe
User: NT AUTHORITY\SYSTEM"
4217,MY-CAL-WIN10.my-caldera.local,17,"Pipe Created:
RuleName: -
EventType: CreatePipe
UtcTime: 2024-08-20 17:23:39.837
ProcessGuid: {ca24abc9-d11b-66c4-f290-000000001900}
ProcessId: 27956
PipeName: \crashpad_27956_DHJRAACZLJNGSVRV
Image: C:\Program Files (x86)\Microsoft\Edge\Application\127.0.2651.105\Installer\setup.exe
User: NT AUTHORITY\SYSTEM"
4218,MY-CAL-WIN10.my-caldera.local,17,"Pipe Created:
RuleName: -
EventType: CreatePipe
UtcTime: 2024-08-20 16:13:51.599
ProcessGuid: {ca24abc9-ac40-664f-9f8d-000000001900}
ProcessId: 14820
PipeName: \LOCAL\mojo.14820.17196.3484317813629484530
Image: C:\Program Files (x86)\Microsoft\Edge\Application\msedge.exe
User: MY-CALDERA\johnny.douche"
4219,MY-CAL-WIN10.my-caldera.local,17,"Pipe Created:
RuleName: -
EventType: CreatePipe
UtcTime: 2024-08-20 16:12:09.914
ProcessGuid: {ca24abc9-ac40-664f-9f8d-000000001900}
ProcessId: 14820
PipeName: \LOCAL\mojo.14820.17196.17026476366705363878
Image: C:\Program Files (x86)\Microsoft\Edge\Application\msedge.exe
User: MY-CALDERA\johnny.douche"
4220,MY-CAL-WIN10.my-caldera.local,17,"Pipe Created:
RuleName: -
EventType: CreatePipe
UtcTime: 2024-08-20 16:12:09.941
ProcessGuid: {ca24abc9-ac40-664f-9f8d-000000001900}
ProcessId: 14820
PipeName: \LOCAL\mojo.14820.17196.1355974379952444312
Image: C:\Program Files (x86)\Microsoft\Edge\Application\msedge.exe
User: MY-CALDERA\johnny.douche"
4221,MY-CAL-WIN10.my-caldera.local,17,"Pipe Created:
RuleName: -
EventType: CreatePipe
UtcTime: 2024-08-20 16:14:27.993
ProcessGuid: {ca24abc9-ac40-664f-9f8d-000000001900}
ProcessId: 14820
PipeName: \LOCAL\mojo.14820.17196.15648193001447722091
Image: C:\Program Files (x86)\Microsoft\Edge\Application\msedge.exe
User: MY-CALDERA\johnny.douche"
4222,MY-CAL-WIN10.my-caldera.local,17,"Pipe Created:
RuleName: -
EventType: CreatePipe
UtcTime: 2024-08-20 16:29:24.656
ProcessGuid: {ca24abc9-c417-66c4-cf8e-000000001900}
ProcessId: 13956
PipeName: \LOCAL\mojo.13956.9220.5895553445536106958
Image: C:\Program Files (x86)\Microsoft\Edge\Application\msedge.exe
User: MY-CAL-WIN10\Johnny Douche"
4223,MY-CAL-WIN10.my-caldera.local,17,"Pipe Created:
RuleName: -
EventType: CreatePipe
UtcTime: 2024-08-20 17:14:47.721
ProcessGuid: {ca24abc9-c417-66c4-cf8e-000000001900}
ProcessId: 13956
PipeName: \LOCAL\mojo.13956.13612.16037334057031904906
Image: C:\Program Files (x86)\Microsoft\Edge\Application\msedge.exe
User: MY-CAL-WIN10\Johnny Douche"
4224,MY-CAL-WIN10.my-caldera.local,17,"Pipe Created:
RuleName: -
EventType: CreatePipe
UtcTime: 2024-08-20 17:14:47.746
ProcessGuid: {ca24abc9-c417-66c4-cf8e-000000001900}
ProcessId: 13956
PipeName: \LOCAL\mojo.13956.13612.1923270031067593984
Image: C:\Program Files (x86)\Microsoft\Edge\Application\msedge.exe
User: MY-CAL-WIN10\Johnny Douche"
4225,MY-CAL-WIN10.my-caldera.local,17,"Pipe Created:
RuleName: -
EventType: CreatePipe
UtcTime: 2024-08-20 17:14:47.728
ProcessGuid: {ca24abc9-c417-66c4-cf8e-000000001900}
ProcessId: 13956
PipeName: \LOCAL\mojo.13956.13612.8839385206505317874
Image: C:\Program Files (x86)\Microsoft\Edge\Application\msedge.exe
User: MY-CAL-WIN10\Johnny Douche"
4226,MY-CAL-WIN10.my-caldera.local,17,"Pipe Created:
RuleName: -
EventType: CreatePipe
UtcTime: 2024-08-20 17:14:47.735
ProcessGuid: {ca24abc9-c417-66c4-cf8e-000000001900}
ProcessId: 13956
PipeName: \LOCAL\mojo.13956.13612.5468433236020018075
Image: C:\Program Files (x86)\Microsoft\Edge\Application\msedge.exe
User: MY-CAL-WIN10\Johnny Douche"
4227,MY-CAL-WIN10.my-caldera.local,17,"Pipe Created:
RuleName: -
EventType: CreatePipe
UtcTime: 2024-08-20 16:12:58.439
ProcessGuid: {ca24abc9-ac40-664f-9f8d-000000001900}
ProcessId: 14820
PipeName: \LOCAL\mojo.14820.17196.14570310477252361152
Image: C:\Program Files (x86)\Microsoft\Edge\Application\msedge.exe
User: MY-CALDERA\johnny.douche"
4228,MY-CAL-WIN10.my-caldera.local,17,"Pipe Created:
RuleName: -
EventType: CreatePipe
UtcTime: 2024-08-20 17:02:36.193
ProcessGuid: {ca24abc9-cc1f-66c4-8d90-000000001900}
ProcessId: 6608
PipeName: \PSHost.133686469435971141.6608.DefaultAppDomain.powershell
Image: C:\Windows\system32\WindowsPowerShell\v1.0\powershell.exe
User: NT AUTHORITY\SYSTEM"
4229,MY-CAL-WIN10.my-caldera.local,17,"Pipe Created:
RuleName: -
EventType: CreatePipe
UtcTime: 2024-08-20 17:08:06.151
ProcessGuid: {ca24abc9-cd45-66c4-a890-000000001900}
ProcessId: 13068
PipeName: \LOCAL\mojo.13068.27948.677437854726146690
Image: C:\Program Files (x86)\Microsoft\Edge\Application\msedge.exe
User: MY-CALDERA\johnny.douche"
4230,MY-CAL-WIN10.my-caldera.local,17,"Pipe Created:
RuleName: -
EventType: CreatePipe
UtcTime: 2024-08-20 17:08:06.349
ProcessGuid: {ca24abc9-cd45-66c4-a890-000000001900}
ProcessId: 13068
PipeName: \LOCAL\mojo.13068.27948.10782716474015335260
Image: C:\Program Files (x86)\Microsoft\Edge\Application\msedge.exe
User: MY-CALDERA\johnny.douche"
4231,MY-CAL-WIN10.my-caldera.local,17,"Pipe Created:
RuleName: -
EventType: CreatePipe
UtcTime: 2024-08-20 17:08:41.398
ProcessGuid: {ca24abc9-cd45-66c4-a890-000000001900}
ProcessId: 13068
PipeName: \LOCAL\mojo.13068.19448.7408098566735793703
Image: C:\Program Files (x86)\Microsoft\Edge\Application\msedge.exe
User: MY-CALDERA\johnny.douche"
4232,MY-CAL-WIN10.my-caldera.local,17,"Pipe Created:
RuleName: -
EventType: CreatePipe
UtcTime: 2024-08-20 17:11:16.908
ProcessGuid: {ca24abc9-cd45-66c4-a890-000000001900}
ProcessId: 13068
PipeName: \LOCAL\mojo.13068.27948.1559951777820980524
Image: C:\Program Files (x86)\Microsoft\Edge\Application\msedge.exe
User: MY-CALDERA\johnny.douche"
4233,MY-CAL-WIN10.my-caldera.local,17,"Pipe Created:
RuleName: -
EventType: CreatePipe
UtcTime: 2024-08-20 17:11:17.377
ProcessGuid: {ca24abc9-cd45-66c4-a890-000000001900}
ProcessId: 13068
PipeName: \LOCAL\mojo.13068.26880.16765980383739346299
Image: C:\Program Files (x86)\Microsoft\Edge\Application\msedge.exe
User: MY-CALDERA\johnny.douche"
4234,MY-CAL-WIN10.my-caldera.local,17,"Pipe Created:
RuleName: -
EventType: CreatePipe
UtcTime: 2024-08-20 17:13:39.047
ProcessGuid: {ca24abc9-cd45-66c4-a890-000000001900}
ProcessId: 13068
PipeName: \LOCAL\mojo.13068.27948.2547403254301791879
Image: C:\Program Files (x86)\Microsoft\Edge\Application\msedge.exe
User: MY-CALDERA\johnny.douche"
4235,MY-CAL-WIN10.my-caldera.local,17,"Pipe Created:
RuleName: -
EventType: CreatePipe
UtcTime: 2024-08-20 16:10:55.729
ProcessGuid: {ca24abc9-ac40-664f-9f8d-000000001900}
ProcessId: 14820
PipeName: \LOCAL\mojo.14820.17196.9745608763775596474
Image: C:\Program Files (x86)\Microsoft\Edge\Application\msedge.exe
User: MY-CALDERA\johnny.douche"
4236,MY-CAL-WIN10.my-caldera.local,17,"Pipe Created:
RuleName: -
EventType: CreatePipe
UtcTime: 2024-08-20 16:12:30.777
ProcessGuid: {ca24abc9-ac40-664f-9f8d-000000001900}
ProcessId: 14820
PipeName: \LOCAL\mojo.14820.17196.15391264827766827421
Image: C:\Program Files (x86)\Microsoft\Edge\Application\msedge.exe
User: MY-CALDERA\johnny.douche"
4237,MY-CAL-WIN10.my-caldera.local,17,"Pipe Created:
RuleName: -
EventType: CreatePipe
UtcTime: 2024-08-20 16:13:27.783
ProcessGuid: {ca24abc9-ac40-664f-9f8d-000000001900}
ProcessId: 14820
PipeName: \LOCAL\mojo.14820.17196.12548965615296789894
Image: C:\Program Files (x86)\Microsoft\Edge\Application\msedge.exe
User: MY-CALDERA\johnny.douche"
4238,MY-CAL-WIN10.my-caldera.local,17,"Pipe Created:
RuleName: -
EventType: CreatePipe
UtcTime: 2024-08-20 16:13:37.008
ProcessGuid: {ca24abc9-ac40-664f-9f8d-000000001900}
ProcessId: 14820
PipeName: \LOCAL\mojo.14820.17196.2702185356245052392
Image: C:\Program Files (x86)\Microsoft\Edge\Application\msedge.exe
User: MY-CALDERA\johnny.douche"
4239,MY-CAL-WIN10.my-caldera.local,17,"Pipe Created:
RuleName: -
EventType: CreatePipe
UtcTime: 2024-08-20 16:13:41.619
ProcessGuid: {ca24abc9-ac40-664f-9f8d-000000001900}
ProcessId: 14820
PipeName: \LOCAL\mojo.14820.17196.9771538623864818476
Image: C:\Program Files (x86)\Microsoft\Edge\Application\msedge.exe
User: MY-CALDERA\johnny.douche"
4240,MY-CAL-WIN10.my-caldera.local,17,"Pipe Created:
RuleName: -
EventType: CreatePipe
UtcTime: 2024-08-20 16:14:39.322
ProcessGuid: {ca24abc9-ac40-664f-9f8d-000000001900}
ProcessId: 14820
PipeName: \LOCAL\mojo.14820.17196.12613741733845107052
Image: C:\Program Files (x86)\Microsoft\Edge\Application\msedge.exe
User: MY-CALDERA\johnny.douche"
4241,MY-CAL-WIN10.my-caldera.local,17,"Pipe Created:
RuleName: -
EventType: CreatePipe
UtcTime: 2024-08-20 16:14:37.875
ProcessGuid: {ca24abc9-ac40-664f-9f8d-000000001900}
ProcessId: 14820
PipeName: \LOCAL\mojo.14820.17196.17972684422566851080
Image: C:\Program Files (x86)\Microsoft\Edge\Application\msedge.exe
User: MY-CALDERA\johnny.douche"
4242,MY-CAL-WIN10.my-caldera.local,17,"Pipe Created:
RuleName: -
EventType: CreatePipe
UtcTime: 2024-08-20 16:14:37.892
ProcessGuid: {ca24abc9-ac40-664f-9f8d-000000001900}
ProcessId: 14820
PipeName: \LOCAL\mojo.14820.17196.11820736485898810164
Image: C:\Program Files (x86)\Microsoft\Edge\Application\msedge.exe
User: MY-CALDERA\johnny.douche"
4243,MY-CAL-WIN10.my-caldera.local,17,"Pipe Created:
RuleName: -
EventType: CreatePipe
UtcTime: 2024-08-20 16:14:38.358
ProcessGuid: {ca24abc9-ac40-664f-9f8d-000000001900}
ProcessId: 14820
PipeName: \LOCAL\mojo.14820.17196.2040271760314431515
Image: C:\Program Files (x86)\Microsoft\Edge\Application\msedge.exe
User: MY-CALDERA\johnny.douche"
4244,MY-CAL-WIN10.my-caldera.local,17,"Pipe Created:
RuleName: -
EventType: CreatePipe
UtcTime: 2024-08-20 17:36:39.571
ProcessGuid: {ca24abc9-d3f4-66c4-2191-000000001900}
ProcessId: 5436
PipeName: \orbit-osquery-extension.13824
Image: C:\Program Files\Orbit\bin\orbit\orbit.exe
User: NT AUTHORITY\SYSTEM"
4245,MY-CAL-WIN10.my-caldera.local,17,"Pipe Created:
RuleName: -
EventType: CreatePipe
UtcTime: 2024-08-20 17:08:14.544
ProcessGuid: {ca24abc9-cd45-66c4-a890-000000001900}
ProcessId: 13068
PipeName: \LOCAL\mojo.13068.27948.7215038701945593138
Image: C:\Program Files (x86)\Microsoft\Edge\Application\msedge.exe
User: MY-CALDERA\johnny.douche"
4246,MY-CAL-WIN10.my-caldera.local,17,"Pipe Created:
RuleName: -
EventType: CreatePipe
UtcTime: 2024-08-20 17:35:58.117
ProcessGuid: {ca24abc9-d3f4-66c4-2191-000000001900}
ProcessId: 5436
PipeName: <Anonymous Pipe>
Image: C:\Program Files\Orbit\bin\orbit\orbit.exe
User: NT AUTHORITY\SYSTEM"
4247,MY-CAL-WIN10.my-caldera.local,17,"Pipe Created:
RuleName: -
EventType: CreatePipe
UtcTime: 2024-08-20 17:08:33.849
ProcessGuid: {ca24abc9-cd45-66c4-a890-000000001900}
ProcessId: 13068
PipeName: \LOCAL\mojo.13068.27948.15521037600714891915
Image: C:\Program Files (x86)\Microsoft\Edge\Application\msedge.exe
User: MY-CALDERA\johnny.douche"
4248,MY-CAL-WIN10.my-caldera.local,17,"Pipe Created:
RuleName: -
EventType: CreatePipe
UtcTime: 2024-08-20 17:08:35.621
ProcessGuid: {ca24abc9-cd45-66c4-a890-000000001900}
ProcessId: 13068
PipeName: \LOCAL\mojo.13068.27948.3834775834500726069
Image: C:\Program Files (x86)\Microsoft\Edge\Application\msedge.exe
User: MY-CALDERA\johnny.douche"
4249,MY-CAL-WIN10.my-caldera.local,17,"Pipe Created:
RuleName: -
EventType: CreatePipe
UtcTime: 2024-08-20 17:08:35.615
ProcessGuid: {ca24abc9-cd45-66c4-a890-000000001900}
ProcessId: 13068
PipeName: \LOCAL\mojo.13068.27948.7602021992780719384
Image: C:\Program Files (x86)\Microsoft\Edge\Application\msedge.exe
User: MY-CALDERA\johnny.douche"
4250,MY-CAL-WIN10.my-caldera.local,17,"Pipe Created:
RuleName: -
EventType: CreatePipe
UtcTime: 2024-08-20 17:09:09.604
ProcessGuid: {ca24abc9-cd45-66c4-a890-000000001900}
ProcessId: 13068
PipeName: \LOCAL\mojo.13068.27948.10440106973877148982
Image: C:\Program Files (x86)\Microsoft\Edge\Application\msedge.exe
User: MY-CALDERA\johnny.douche"
4251,MY-CAL-WIN10.my-caldera.local,17,"Pipe Created:
RuleName: -
EventType: CreatePipe
UtcTime: 2024-08-20 17:09:09.610
ProcessGuid: {ca24abc9-cd45-66c4-a890-000000001900}
ProcessId: 13068
PipeName: \LOCAL\mojo.13068.27948.13198126895016007123
Image: C:\Program Files (x86)\Microsoft\Edge\Application\msedge.exe
User: MY-CALDERA\johnny.douche"
4252,MY-CAL-WIN10.my-caldera.local,17,"Pipe Created:
RuleName: -
EventType: CreatePipe
UtcTime: 2024-08-20 17:09:11.008
ProcessGuid: {ca24abc9-cd45-66c4-a890-000000001900}
ProcessId: 13068
PipeName: \LOCAL\mojo.13068.27948.11605720225484093132
Image: C:\Program Files (x86)\Microsoft\Edge\Application\msedge.exe
User: MY-CALDERA\johnny.douche"
4253,MY-CAL-WIN10.my-caldera.local,17,"Pipe Created:
RuleName: -
EventType: CreatePipe
UtcTime: 2024-08-20 17:09:11.027
ProcessGuid: {ca24abc9-cd45-66c4-a890-000000001900}
ProcessId: 13068
PipeName: \LOCAL\mojo.13068.27948.9150327340902298552
Image: C:\Program Files (x86)\Microsoft\Edge\Application\msedge.exe
User: MY-CALDERA\johnny.douche"
4254,MY-CAL-WIN10.my-caldera.local,17,"Pipe Created:
RuleName: -
EventType: CreatePipe
UtcTime: 2024-08-20 17:09:11.641
ProcessGuid: {ca24abc9-cd45-66c4-a890-000000001900}
ProcessId: 13068
PipeName: \LOCAL\mojo.13068.27948.14458049728404328632
Image: C:\Program Files (x86)\Microsoft\Edge\Application\msedge.exe
User: MY-CALDERA\johnny.douche"
4255,MY-CAL-WIN10.my-caldera.local,17,"Pipe Created:
RuleName: -
EventType: CreatePipe
UtcTime: 2024-08-20 17:09:11.529
ProcessGuid: {ca24abc9-cd45-66c4-a890-000000001900}
ProcessId: 13068
PipeName: \LOCAL\mojo.13068.27948.9495353172327934606
Image: C:\Program Files (x86)\Microsoft\Edge\Application\msedge.exe
User: MY-CALDERA\johnny.douche"
4256,MY-CAL-WIN10.my-caldera.local,17,"Pipe Created:
RuleName: -
EventType: CreatePipe
UtcTime: 2024-08-20 16:09:17.501
ProcessGuid: {ca24abc9-ac40-664f-9f8d-000000001900}
ProcessId: 14820
PipeName: \LOCAL\mojo.14820.17196.667154598300535370
Image: C:\Program Files (x86)\Microsoft\Edge\Application\msedge.exe
User: MY-CALDERA\johnny.douche"
4257,MY-CAL-WIN10.my-caldera.local,17,"Pipe Created:
RuleName: -
EventType: CreatePipe
UtcTime: 2024-08-20 16:09:18.036
ProcessGuid: {ca24abc9-ac40-664f-9f8d-000000001900}
ProcessId: 14820
PipeName: \LOCAL\mojo.14820.18124.1690345398875781215
Image: C:\Program Files (x86)\Microsoft\Edge\Application\msedge.exe
User: MY-CALDERA\johnny.douche"
4258,MY-CAL-WIN10.my-caldera.local,17,"Pipe Created:
RuleName: -
EventType: CreatePipe
UtcTime: 2024-08-20 16:09:20.526
ProcessGuid: {ca24abc9-ac40-664f-9f8d-000000001900}
ProcessId: 14820
PipeName: \LOCAL\mojo.14820.17196.6516287419419476981
Image: C:\Program Files (x86)\Microsoft\Edge\Application\msedge.exe
User: MY-CALDERA\johnny.douche"
4259,MY-CAL-WIN10.my-caldera.local,17,"Pipe Created:
RuleName: -
EventType: CreatePipe
UtcTime: 2024-08-20 16:09:20.666
ProcessGuid: {ca24abc9-ac40-664f-9f8d-000000001900}
ProcessId: 14820
PipeName: \LOCAL\mojo.14820.17196.2652765892512653747
Image: C:\Program Files (x86)\Microsoft\Edge\Application\msedge.exe
User: MY-CALDERA\johnny.douche"
4260,MY-CAL-WIN10.my-caldera.local,17,"Pipe Created:
RuleName: -
EventType: CreatePipe
UtcTime: 2024-08-20 16:09:31.694
ProcessGuid: {ca24abc9-bfb6-66c4-0d8e-000000001900}
ProcessId: 8856
PipeName: \PSHost.133686437660973018.8856.DefaultAppDomain.powershell
Image: C:\Windows\system32\WindowsPowerShell\v1.0\powershell.exe
User: NT AUTHORITY\SYSTEM"
4261,MY-CAL-WIN10.my-caldera.local,17,"Pipe Created:
RuleName: -
EventType: CreatePipe
UtcTime: 2024-08-20 16:09:35.397
ProcessGuid: {ca24abc9-ac40-664f-9f8d-000000001900}
ProcessId: 14820
PipeName: \LOCAL\mojo.14820.17196.648311765318482636
Image: C:\Program Files (x86)\Microsoft\Edge\Application\msedge.exe
User: MY-CALDERA\johnny.douche"
4262,MY-CAL-WIN10.my-caldera.local,17,"Pipe Created:
RuleName: -
EventType: CreatePipe
UtcTime: 2024-08-20 16:11:18.759
ProcessGuid: {ca24abc9-ac40-664f-9f8d-000000001900}
ProcessId: 14820
PipeName: \LOCAL\mojo.14820.17196.20055052569279314
Image: C:\Program Files (x86)\Microsoft\Edge\Application\msedge.exe
User: MY-CALDERA\johnny.douche"
4263,MY-CAL-WIN10.my-caldera.local,17,"Pipe Created:
RuleName: -
EventType: CreatePipe
UtcTime: 2024-08-20 16:11:46.011
ProcessGuid: {ca24abc9-c038-66c4-368e-000000001900}
ProcessId: 11532
PipeName: \PSHost.133686438960983437.11532.DefaultAppDomain.powershell
Image: C:\Windows\system32\WindowsPowerShell\v1.0\powershell.exe
User: NT AUTHORITY\SYSTEM"
4264,MY-CAL-WIN10.my-caldera.local,17,"Pipe Created:
RuleName: -
EventType: CreatePipe
UtcTime: 2024-08-20 16:11:56.603
ProcessGuid: {ca24abc9-ac40-664f-9f8d-000000001900}
ProcessId: 14820
PipeName: \LOCAL\mojo.14820.17196.7118416520460142305
Image: C:\Program Files (x86)\Microsoft\Edge\Application\msedge.exe
User: MY-CALDERA\johnny.douche"
4265,MY-CAL-WIN10.my-caldera.local,17,"Pipe Created:
RuleName: -
EventType: CreatePipe
UtcTime: 2024-08-20 16:14:08.933
ProcessGuid: {ca24abc9-ac40-664f-9f8d-000000001900}
ProcessId: 14820
PipeName: \LOCAL\mojo.14820.17196.3241053960558750234
Image: C:\Program Files (x86)\Microsoft\Edge\Application\msedge.exe
User: MY-CALDERA\johnny.douche"
4266,MY-CAL-WIN10.my-caldera.local,17,"Pipe Created:
RuleName: -
EventType: CreatePipe
UtcTime: 2024-08-20 16:14:14.057
ProcessGuid: {ca24abc9-ac40-664f-9f8d-000000001900}
ProcessId: 14820
PipeName: \LOCAL\mojo.14820.17196.7178480797114600220
Image: C:\Program Files (x86)\Microsoft\Edge\Application\msedge.exe
User: MY-CALDERA\johnny.douche"
4267,MY-CAL-WIN10.my-caldera.local,17,"Pipe Created:
RuleName: -
EventType: CreatePipe
UtcTime: 2024-08-20 17:14:28.784
ProcessGuid: {ca24abc9-c417-66c4-cf8e-000000001900}
ProcessId: 13956
PipeName: \LOCAL\mojo.13956.13612.10428870704257104756
Image: C:\Program Files (x86)\Microsoft\Edge\Application\msedge.exe
User: MY-CAL-WIN10\Johnny Douche"
4268,MY-CAL-WIN10.my-caldera.local,17,"Pipe Created:
RuleName: -
EventType: CreatePipe
UtcTime: 2024-08-20 17:19:01.655
ProcessGuid: {ca24abc9-cd45-66c4-a890-000000001900}
ProcessId: 13068
PipeName: \LOCAL\mojo.13068.27948.9231925434944537878
Image: C:\Program Files (x86)\Microsoft\Edge\Application\msedge.exe
User: MY-CALDERA\johnny.douche"
4269,MY-CAL-WIN10.my-caldera.local,17,"Pipe Created:
RuleName: -
EventType: CreatePipe
UtcTime: 2024-08-20 17:19:12.335
ProcessGuid: {ca24abc9-cd45-66c4-a890-000000001900}
ProcessId: 13068
PipeName: \LOCAL\mojo.13068.26880.6529770314720839216
Image: C:\Program Files (x86)\Microsoft\Edge\Application\msedge.exe
User: MY-CALDERA\johnny.douche"
4270,MY-CAL-WIN10.my-caldera.local,17,"Pipe Created:
RuleName: -
EventType: CreatePipe
UtcTime: 2024-08-20 17:23:38.904
ProcessGuid: {ca24abc9-d119-66c4-f090-000000001900}
ProcessId: 24496
PipeName: \crashpad_24496_IDUROZQSKZCNELRW
Image: C:\Program Files (x86)\Microsoft\EdgeUpdate\Install\{2C0FD39B-0642-4E7F-971A-363DFD30D909}\EDGEMITMP_107AA.tmp\setup.exe
User: NT AUTHORITY\SYSTEM"
4271,MY-CAL-WIN10.my-caldera.local,17,"Pipe Created:
RuleName: -
EventType: CreatePipe
UtcTime: 2024-08-20 17:27:02.939
ProcessGuid: {ca24abc9-d1e6-66c4-0191-000000001900}
ProcessId: 15956
PipeName: \crashpad_15956_EZLCYYNGZVROJVPI
Image: C:\Program Files (x86)\Microsoft\EdgeUpdate\Install\{3BD2DC3B-FCEA-4929-AB45-A2BF48C46162}\EDGEMITMP_AA3A1.tmp\setup.exe
User: NT AUTHORITY\SYSTEM"
4272,MY-CAL-WIN10.my-caldera.local,17,"Pipe Created:
RuleName: -
EventType: CreatePipe
UtcTime: 2024-08-20 16:28:23.748
ProcessGuid: {ca24abc9-c417-66c4-cf8e-000000001900}
ProcessId: 13956
PipeName: \crashpad_13956_QFNAVAJANYFXLGQB
Image: C:\Program Files (x86)\Microsoft\Edge\Application\msedge.exe
User: MY-CAL-WIN10\Johnny Douche"
4273,MY-CAL-WIN10.my-caldera.local,17,"Pipe Created:
RuleName: -
EventType: CreatePipe
UtcTime: 2024-08-20 16:28:24.725
ProcessGuid: {ca24abc9-c417-66c4-cf8e-000000001900}
ProcessId: 13956
PipeName: \LOCAL\mojo.13956.13612.1833248268529601186
Image: C:\Program Files (x86)\Microsoft\Edge\Application\msedge.exe
User: MY-CAL-WIN10\Johnny Douche"
4274,MY-CAL-WIN10.my-caldera.local,17,"Pipe Created:
RuleName: -
EventType: CreatePipe
UtcTime: 2024-08-20 16:28:25.114
ProcessGuid: {ca24abc9-c417-66c4-cf8e-000000001900}
ProcessId: 13956
PipeName: \LOCAL\mojo.13956.13612.14331610633844915838
Image: C:\Program Files (x86)\Microsoft\Edge\Application\msedge.exe
User: MY-CAL-WIN10\Johnny Douche"
4275,MY-CAL-WIN10.my-caldera.local,17,"Pipe Created:
RuleName: -
EventType: CreatePipe
UtcTime: 2024-08-20 16:28:33.194
ProcessGuid: {ca24abc9-c417-66c4-cf8e-000000001900}
ProcessId: 13956
PipeName: \LOCAL\mojo.external_task_manager_13956
Image: C:\Program Files (x86)\Microsoft\Edge\Application\msedge.exe
User: MY-CAL-WIN10\Johnny Douche"
4276,MY-CAL-WIN10.my-caldera.local,17,"Pipe Created:
RuleName: -
EventType: CreatePipe
UtcTime: 2024-08-20 16:28:33.723
ProcessGuid: {ca24abc9-c417-66c4-cf8e-000000001900}
ProcessId: 13956
PipeName: \LOCAL\mojo.13956.13612.14596655251257174914
Image: C:\Program Files (x86)\Microsoft\Edge\Application\msedge.exe
User: MY-CAL-WIN10\Johnny Douche"
4277,MY-CAL-WIN10.my-caldera.local,17,"Pipe Created:
RuleName: -
EventType: CreatePipe
UtcTime: 2024-08-20 16:28:25.731
ProcessGuid: {ca24abc9-c417-66c4-cf8e-000000001900}
ProcessId: 13956
PipeName: \LOCAL\mojo.13956.13612.15176438007443951269
Image: C:\Program Files (x86)\Microsoft\Edge\Application\msedge.exe
User: MY-CAL-WIN10\Johnny Douche"
4278,MY-CAL-WIN10.my-caldera.local,17,"Pipe Created:
RuleName: -
EventType: CreatePipe
UtcTime: 2024-08-20 16:28:33.736
ProcessGuid: {ca24abc9-c417-66c4-cf8e-000000001900}
ProcessId: 13956
PipeName: \LOCAL\mojo.13956.13612.4281681609761712779
Image: C:\Program Files (x86)\Microsoft\Edge\Application\msedge.exe
User: MY-CAL-WIN10\Johnny Douche"
4279,MY-CAL-WIN10.my-caldera.local,17,"Pipe Created:
RuleName: -
EventType: CreatePipe
UtcTime: 2024-08-20 18:12:11.243
ProcessGuid: {ca24abc9-db97-66c4-8792-000000001900}
ProcessId: 3716
PipeName: \LOCAL\mojo.3716.21572.17190913804354995814
Image: C:\Program Files (x86)\Microsoft\Edge\Application\msedge.exe
User: MY-CALDERA\johnny.douche"
4280,MY-CAL-WIN10.my-caldera.local,17,"Pipe Created:
RuleName: -
EventType: CreatePipe
UtcTime: 2024-08-20 18:12:18.846
ProcessGuid: {ca24abc9-db97-66c4-8792-000000001900}
ProcessId: 3716
PipeName: \LOCAL\mojo.3716.932.15270260928801118824
Image: C:\Program Files (x86)\Microsoft\Edge\Application\msedge.exe
User: MY-CALDERA\johnny.douche"
4281,MY-CAL-WIN10.my-caldera.local,17,"Pipe Created:
RuleName: -
EventType: CreatePipe
UtcTime: 2024-08-20 17:07:49.809
ProcessGuid: {ca24abc9-cd45-66c4-a890-000000001900}
ProcessId: 13068
PipeName: \crashpad_13068_MWOYYEUANJBOPQUR
Image: C:\Program Files (x86)\Microsoft\Edge\Application\msedge.exe
User: MY-CALDERA\johnny.douche"
4282,MY-CAL-WIN10.my-caldera.local,17,"Pipe Created:
RuleName: -
EventType: CreatePipe
UtcTime: 2024-08-20 17:57:55.481
ProcessGuid: {ca24abc9-abe5-664f-4e8d-000000001900}
ProcessId: 4124
PipeName: \AppContracts_x5E87DAD3-32A9-497D-9D75-12CFCA74AF06y
Image: C:\Windows\system32\sihost.exe
User: MY-CALDERA\johnny.douche"
4283,MY-CAL-WIN10.my-caldera.local,17,"Pipe Created:
RuleName: -
EventType: CreatePipe
UtcTime: 2024-08-20 17:57:55.481
ProcessGuid: {ca24abc9-abe5-664f-4e8d-000000001900}
ProcessId: 4124
PipeName: \AppContracts_xBA9BDC2F-57EC-4D2D-9E3D-82EFD7340C81y
Image: C:\Windows\system32\sihost.exe
User: MY-CALDERA\johnny.douche"
4284,MY-CAL-WIN10.my-caldera.local,17,"Pipe Created:
RuleName: -
EventType: CreatePipe
UtcTime: 2024-08-20 18:45:38.310
ProcessGuid: {ca24abc9-e452-66c4-0800-000000001e00}
ProcessId: 636
PipeName: \InitShutdown
Image: C:\Windows\system32\wininit.exe
User: NT AUTHORITY\SYSTEM"
4285,MY-CAL-WIN10.my-caldera.local,17,"Pipe Created:
RuleName: -
EventType: CreatePipe
UtcTime: 2024-08-20 18:45:38.704
ProcessGuid: {ca24abc9-e452-66c4-0c00-000000001e00}
ProcessId: 796
PipeName: \lsass
Image: C:\Windows\system32\lsass.exe
User: NT AUTHORITY\SYSTEM"
4286,MY-CAL-WIN10.my-caldera.local,17,"Pipe Created:
