RuleName: -
EventType: CreatePipe
UtcTime: 2024-08-20 01:51:05.321
ProcessGuid: {ca24abc9-dc4c-66c3-9501-000000001d00}
ProcessId: 8332
PipeName: <Anonymous Pipe>
Image: C:\Windows\System32\WindowsPowerShell\v1.0\powershell.exe
User: MY-CALDERA\johnny.douche"
1654,MY-CAL-WIN10.my-caldera.local,17,"Pipe Created:
RuleName: -
EventType: CreatePipe
UtcTime: 2024-08-20 01:54:14.794
ProcessGuid: {ca24abc9-f744-66c3-c911-000000001d00}
ProcessId: 16112
PipeName: \PSHost.133685924521020681.16112.DefaultAppDomain.powershell
Image: C:\Windows\System32\WindowsPowerShell\v1.0\powershell.exe
User: MY-CALDERA\johnny.douche"
1655,MY-CAL-WIN10.my-caldera.local,17,"Pipe Created:
RuleName: -
EventType: CreatePipe
UtcTime: 2024-08-20 01:55:36.241
ProcessGuid: {ca24abc9-dc4c-66c3-9501-000000001d00}
ProcessId: 8332
PipeName: <Anonymous Pipe>
Image: C:\Windows\System32\WindowsPowerShell\v1.0\powershell.exe
User: MY-CALDERA\johnny.douche"
1656,MY-CAL-WIN10.my-caldera.local,17,"Pipe Created:
RuleName: -
EventType: CreatePipe
UtcTime: 2024-08-20 01:55:36.792
ProcessGuid: {ca24abc9-dc4c-66c3-9501-000000001d00}
ProcessId: 8332
PipeName: <Anonymous Pipe>
Image: C:\Windows\System32\WindowsPowerShell\v1.0\powershell.exe
User: MY-CALDERA\johnny.douche"
1657,MY-CAL-WIN10.my-caldera.local,17,"Pipe Created:
RuleName: -
EventType: CreatePipe
UtcTime: 2024-08-20 01:55:37.198
ProcessGuid: {ca24abc9-dc4c-66c3-9501-000000001d00}
ProcessId: 8332
PipeName: <Anonymous Pipe>
Image: C:\Windows\System32\WindowsPowerShell\v1.0\powershell.exe
User: MY-CALDERA\johnny.douche"
1658,MY-CAL-WIN10.my-caldera.local,17,"Pipe Created:
RuleName: -
EventType: CreatePipe
UtcTime: 2024-08-20 01:55:36.792
ProcessGuid: {ca24abc9-dc4c-66c3-9501-000000001d00}
ProcessId: 8332
PipeName: <Anonymous Pipe>
Image: C:\Windows\System32\WindowsPowerShell\v1.0\powershell.exe
User: MY-CALDERA\johnny.douche"
1659,MY-CAL-WIN10.my-caldera.local,17,"Pipe Created:
RuleName: -
EventType: CreatePipe
UtcTime: 2024-08-20 01:55:36.241
ProcessGuid: {ca24abc9-dc4c-66c3-9501-000000001d00}
ProcessId: 8332
PipeName: <Anonymous Pipe>
Image: C:\Windows\System32\WindowsPowerShell\v1.0\powershell.exe
User: MY-CALDERA\johnny.douche"
1660,MY-CAL-WIN10.my-caldera.local,17,"Pipe Created:
RuleName: -
EventType: CreatePipe
UtcTime: 2024-08-20 01:55:37.198
ProcessGuid: {ca24abc9-dc4c-66c3-9501-000000001d00}
ProcessId: 8332
PipeName: <Anonymous Pipe>
Image: C:\Windows\System32\WindowsPowerShell\v1.0\powershell.exe
User: MY-CALDERA\johnny.douche"
1661,MY-CAL-WIN10.my-caldera.local,17,"Pipe Created:
RuleName: -
EventType: CreatePipe
UtcTime: 2024-08-20 01:55:37.720
ProcessGuid: {ca24abc9-f799-66c3-e611-000000001d00}
ProcessId: 13104
PipeName: \PSHost.133685925372007719.13104.DefaultAppDomain.powershell
Image: C:\Windows\System32\WindowsPowerShell\v1.0\powershell.exe
User: MY-CALDERA\johnny.douche"
1662,MY-CAL-WIN10.my-caldera.local,17,"Pipe Created:
RuleName: -
EventType: CreatePipe
UtcTime: 2024-08-20 01:55:50.584
ProcessGuid: {ca24abc9-dc4c-66c3-9501-000000001d00}
ProcessId: 8332
PipeName: <Anonymous Pipe>
Image: C:\Windows\System32\WindowsPowerShell\v1.0\powershell.exe
User: MY-CALDERA\johnny.douche"
1663,MY-CAL-WIN10.my-caldera.local,17,"Pipe Created:
RuleName: -
EventType: CreatePipe
UtcTime: 2024-08-20 01:55:50.585
ProcessGuid: {ca24abc9-dc4c-66c3-9501-000000001d00}
ProcessId: 8332
PipeName: <Anonymous Pipe>
Image: C:\Windows\System32\WindowsPowerShell\v1.0\powershell.exe
User: MY-CALDERA\johnny.douche"
1664,MY-CAL-WIN10.my-caldera.local,17,"Pipe Created:
RuleName: -
EventType: CreatePipe
UtcTime: 2024-08-20 01:55:50.896
ProcessGuid: {ca24abc9-f7a6-66c3-ff11-000000001d00}
ProcessId: 13600
PipeName: \PSHost.133685925505864984.13600.DefaultAppDomain.powershell
Image: C:\Windows\System32\WindowsPowerShell\v1.0\powershell.exe
User: MY-CALDERA\johnny.douche"
1665,MY-CAL-WIN10.my-caldera.local,17,"Pipe Created:
RuleName: -
EventType: CreatePipe
UtcTime: 2024-08-20 01:55:51.433
ProcessGuid: {ca24abc9-dc4c-66c3-9501-000000001d00}
ProcessId: 8332
PipeName: <Anonymous Pipe>
Image: C:\Windows\System32\WindowsPowerShell\v1.0\powershell.exe
User: MY-CALDERA\johnny.douche"
1666,MY-CAL-WIN10.my-caldera.local,17,"Pipe Created:
RuleName: -
EventType: CreatePipe
UtcTime: 2024-08-20 01:55:51.433
ProcessGuid: {ca24abc9-dc4c-66c3-9501-000000001d00}
ProcessId: 8332
PipeName: <Anonymous Pipe>
Image: C:\Windows\System32\WindowsPowerShell\v1.0\powershell.exe
User: MY-CALDERA\johnny.douche"
1667,MY-CAL-WIN10.my-caldera.local,17,"Pipe Created:
RuleName: -
EventType: CreatePipe
UtcTime: 2024-08-20 00:43:34.709
ProcessGuid: {ca24abc9-e6b6-66c3-9f08-000000001d00}
ProcessId: 11120
PipeName: \PSHost.133685882145385273.11120.DefaultAppDomain.powershell
Image: C:\Windows\System32\WindowsPowerShell\v1.0\powershell.exe
User: MY-CALDERA\johnny.douche"
1668,MY-CAL-WIN10.my-caldera.local,17,"Pipe Created:
RuleName: -
EventType: CreatePipe
UtcTime: 2024-08-20 00:43:33.737
ProcessGuid: {ca24abc9-e6b5-66c3-9c08-000000001d00}
ProcessId: 9260
PipeName: <Anonymous Pipe>
Image: C:\Windows\System32\WindowsPowerShell\v1.0\powershell.exe
User: MY-CALDERA\johnny.douche"
1669,MY-CAL-WIN10.my-caldera.local,17,"Pipe Created:
RuleName: -
EventType: CreatePipe
UtcTime: 2024-08-20 00:43:34.093
ProcessGuid: {ca24abc9-e6b5-66c3-9e08-000000001d00}
ProcessId: 9456
PipeName: \PSHost.133685882139350149.9456.DefaultAppDomain.powershell
Image: C:\Windows\System32\WindowsPowerShell\v1.0\powershell.exe
User: MY-CALDERA\johnny.douche"
1670,MY-CAL-WIN10.my-caldera.local,17,"Pipe Created:
RuleName: -
EventType: CreatePipe
UtcTime: 2024-08-20 00:43:34.921
ProcessGuid: {ca24abc9-dc4c-66c3-9501-000000001d00}
ProcessId: 8332
PipeName: <Anonymous Pipe>
Image: C:\Windows\System32\WindowsPowerShell\v1.0\powershell.exe
User: MY-CALDERA\johnny.douche"
1671,MY-CAL-WIN10.my-caldera.local,17,"Pipe Created:
RuleName: -
EventType: CreatePipe
UtcTime: 2024-08-20 00:43:35.121
ProcessGuid: {ca24abc9-e6b6-66c3-a008-000000001d00}
ProcessId: 6256
PipeName: \PSHost.133685882149225849.6256.DefaultAppDomain.powershell
Image: C:\Windows\System32\WindowsPowerShell\v1.0\powershell.exe
User: MY-CALDERA\johnny.douche"
1672,MY-CAL-WIN10.my-caldera.local,17,"Pipe Created:
RuleName: -
EventType: CreatePipe
UtcTime: 2024-08-20 00:43:33.627
ProcessGuid: {ca24abc9-e6b5-66c3-9c08-000000001d00}
ProcessId: 9260
PipeName: \PSHost.133685882134413395.9260.DefaultAppDomain.powershell
Image: C:\Windows\System32\WindowsPowerShell\v1.0\powershell.exe
User: MY-CALDERA\johnny.douche"
1673,MY-CAL-WIN10.my-caldera.local,17,"Pipe Created:
RuleName: -
EventType: CreatePipe
UtcTime: 2024-08-20 00:43:34.920
ProcessGuid: {ca24abc9-dc4c-66c3-9501-000000001d00}
ProcessId: 8332
PipeName: <Anonymous Pipe>
Image: C:\Windows\System32\WindowsPowerShell\v1.0\powershell.exe
User: MY-CALDERA\johnny.douche"
1674,MY-CAL-WIN10.my-caldera.local,17,"Pipe Created:
RuleName: -
EventType: CreatePipe
UtcTime: 2024-08-20 00:43:47.696
ProcessGuid: {ca24abc9-dc4c-66c3-9501-000000001d00}
ProcessId: 8332
PipeName: <Anonymous Pipe>
Image: C:\Windows\System32\WindowsPowerShell\v1.0\powershell.exe
User: MY-CALDERA\johnny.douche"
1675,MY-CAL-WIN10.my-caldera.local,17,"Pipe Created:
RuleName: -
EventType: CreatePipe
UtcTime: 2024-08-20 00:43:47.490
ProcessGuid: {ca24abc9-e6c3-66c3-b208-000000001d00}
ProcessId: 5440
PipeName: \PSHost.133685882273205557.5440.DefaultAppDomain.powershell
Image: C:\Windows\System32\WindowsPowerShell\v1.0\powershell.exe
User: MY-CALDERA\johnny.douche"
1676,MY-CAL-WIN10.my-caldera.local,17,"Pipe Created:
RuleName: -
EventType: CreatePipe
UtcTime: 2024-08-20 00:43:47.897
ProcessGuid: {ca24abc9-e6c3-66c3-b308-000000001d00}
ProcessId: 7712
PipeName: \PSHost.133685882276979206.7712.DefaultAppDomain.powershell
Image: C:\Windows\System32\WindowsPowerShell\v1.0\powershell.exe
User: MY-CALDERA\johnny.douche"
1677,MY-CAL-WIN10.my-caldera.local,17,"Pipe Created:
RuleName: -
EventType: CreatePipe
UtcTime: 2024-08-20 00:43:47.696
ProcessGuid: {ca24abc9-dc4c-66c3-9501-000000001d00}
ProcessId: 8332
PipeName: <Anonymous Pipe>
Image: C:\Windows\System32\WindowsPowerShell\v1.0\powershell.exe
User: MY-CALDERA\johnny.douche"
1678,MY-CAL-WIN10.my-caldera.local,17,"Pipe Created:
RuleName: -
EventType: CreatePipe
UtcTime: 2024-08-20 01:40:43.826
ProcessGuid: {ca24abc9-dc4c-66c3-9501-000000001d00}
ProcessId: 8332
PipeName: <Anonymous Pipe>
Image: C:\Windows\System32\WindowsPowerShell\v1.0\powershell.exe
User: MY-CALDERA\johnny.douche"
1679,MY-CAL-WIN10.my-caldera.local,17,"Pipe Created:
RuleName: -
EventType: CreatePipe
UtcTime: 2024-08-20 01:40:44.746
ProcessGuid: {ca24abc9-dc4c-66c3-9501-000000001d00}
ProcessId: 8332
PipeName: <Anonymous Pipe>
Image: C:\Windows\System32\WindowsPowerShell\v1.0\powershell.exe
User: MY-CALDERA\johnny.douche"
1680,MY-CAL-WIN10.my-caldera.local,17,"Pipe Created:
RuleName: -
EventType: CreatePipe
UtcTime: 2024-08-20 01:40:43.826
ProcessGuid: {ca24abc9-dc4c-66c3-9501-000000001d00}
ProcessId: 8332
PipeName: <Anonymous Pipe>
Image: C:\Windows\System32\WindowsPowerShell\v1.0\powershell.exe
User: MY-CALDERA\johnny.douche"
1681,MY-CAL-WIN10.my-caldera.local,17,"Pipe Created:
RuleName: -
EventType: CreatePipe
UtcTime: 2024-08-20 01:40:44.158
ProcessGuid: {ca24abc9-f41b-66c3-aa10-000000001d00}
ProcessId: 11996
PipeName: \PSHost.133685916438284357.11996.DefaultAppDomain.powershell
Image: C:\Windows\System32\WindowsPowerShell\v1.0\powershell.exe
User: MY-CALDERA\johnny.douche"
1682,MY-CAL-WIN10.my-caldera.local,17,"Pipe Created:
RuleName: -
EventType: CreatePipe
UtcTime: 2024-08-20 01:40:44.746
ProcessGuid: {ca24abc9-dc4c-66c3-9501-000000001d00}
ProcessId: 8332
PipeName: <Anonymous Pipe>
Image: C:\Windows\System32\WindowsPowerShell\v1.0\powershell.exe
User: MY-CALDERA\johnny.douche"
1683,MY-CAL-WIN10.my-caldera.local,17,"Pipe Created:
RuleName: -
EventType: CreatePipe
UtcTime: 2024-08-20 01:43:24.086
ProcessGuid: {ca24abc9-f4bb-66c3-cc10-000000001d00}
ProcessId: 11452
PipeName: \PSHost.133685918033883920.11452.DefaultAppDomain.powershell
Image: C:\Windows\System32\WindowsPowerShell\v1.0\powershell.exe
User: MY-CALDERA\johnny.douche"
1684,MY-CAL-WIN10.my-caldera.local,17,"Pipe Created:
RuleName: -
EventType: CreatePipe
UtcTime: 2024-08-20 01:11:03.269
ProcessGuid: {ca24abc9-ed27-66c3-000a-000000001d00}
ProcessId: 3708
PipeName: <Anonymous Pipe>
Image: C:\Users\JOHNNY~1.DOU\AppData\Local\Temp\g64-af.exe
User: MY-CALDERA\johnny.douche"
1685,MY-CAL-WIN10.my-caldera.local,17,"Pipe Created:
RuleName: -
EventType: CreatePipe
UtcTime: 2024-08-20 01:11:03.729
ProcessGuid: {ca24abc9-dc4c-66c3-9501-000000001d00}
ProcessId: 8332
PipeName: <Anonymous Pipe>
Image: C:\Windows\System32\WindowsPowerShell\v1.0\powershell.exe
User: MY-CALDERA\johnny.douche"
1686,MY-CAL-WIN10.my-caldera.local,17,"Pipe Created:
RuleName: -
EventType: CreatePipe
UtcTime: 2024-08-20 01:11:03.729
ProcessGuid: {ca24abc9-dc4c-66c3-9501-000000001d00}
ProcessId: 8332
PipeName: <Anonymous Pipe>
Image: C:\Windows\System32\WindowsPowerShell\v1.0\powershell.exe
User: MY-CALDERA\johnny.douche"
1687,MY-CAL-WIN10.my-caldera.local,17,"Pipe Created:
RuleName: -
EventType: CreatePipe
UtcTime: 2024-08-20 01:11:03.269
ProcessGuid: {ca24abc9-ed27-66c3-000a-000000001d00}
ProcessId: 3708
PipeName: <Anonymous Pipe>
Image: C:\Users\JOHNNY~1.DOU\AppData\Local\Temp\g64-af.exe
User: MY-CALDERA\johnny.douche"
1688,MY-CAL-WIN10.my-caldera.local,17,"Pipe Created:
RuleName: -
EventType: CreatePipe
UtcTime: 2024-08-20 01:11:02.779
ProcessGuid: {ca24abc9-dc4c-66c3-9501-000000001d00}
ProcessId: 8332
PipeName: <Anonymous Pipe>
Image: C:\Windows\System32\WindowsPowerShell\v1.0\powershell.exe
User: MY-CALDERA\johnny.douche"
1689,MY-CAL-WIN10.my-caldera.local,17,"Pipe Created:
RuleName: -
EventType: CreatePipe
UtcTime: 2024-08-20 01:11:02.779
ProcessGuid: {ca24abc9-dc4c-66c3-9501-000000001d00}
ProcessId: 8332
PipeName: <Anonymous Pipe>
Image: C:\Windows\System32\WindowsPowerShell\v1.0\powershell.exe
User: MY-CALDERA\johnny.douche"
1690,MY-CAL-WIN10.my-caldera.local,17,"Pipe Created:
RuleName: -
EventType: CreatePipe
UtcTime: 2024-08-20 01:11:03.150
ProcessGuid: {ca24abc9-ed27-66c3-000a-000000001d00}
ProcessId: 3708
PipeName: <Anonymous Pipe>
Image: C:\Users\JOHNNY~1.DOU\AppData\Local\Temp\g64-af.exe
User: MY-CALDERA\johnny.douche"
1691,MY-CAL-WIN10.my-caldera.local,17,"Pipe Created:
RuleName: -
EventType: CreatePipe
UtcTime: 2024-08-20 01:11:09.645
ProcessGuid: {ca24abc9-ed2d-66c3-0d0a-000000001d00}
ProcessId: 7300
PipeName: \PSHost.133685898694194811.7300.DefaultAppDomain.powershell
Image: C:\Windows\System32\WindowsPowerShell\v1.0\powershell.exe
User: MY-CALDERA\johnny.douche"
1692,MY-CAL-WIN10.my-caldera.local,17,"Pipe Created:
RuleName: -
EventType: CreatePipe
UtcTime: 2024-08-20 01:11:10.414
ProcessGuid: {ca24abc9-ed2d-66c3-0d0a-000000001d00}
ProcessId: 7300
PipeName: <Anonymous Pipe>
Image: C:\Windows\System32\WindowsPowerShell\v1.0\powershell.exe
User: MY-CALDERA\johnny.douche"
1693,MY-CAL-WIN10.my-caldera.local,17,"Pipe Created:
RuleName: -
EventType: CreatePipe
UtcTime: 2024-08-20 01:30:21.784
ProcessGuid: {ca24abc9-dc4c-66c3-9501-000000001d00}
ProcessId: 8332
PipeName: <Anonymous Pipe>
Image: C:\Windows\System32\WindowsPowerShell\v1.0\powershell.exe
User: MY-CALDERA\johnny.douche"
1694,MY-CAL-WIN10.my-caldera.local,17,"Pipe Created:
RuleName: -
EventType: CreatePipe
UtcTime: 2024-08-20 01:30:21.318
ProcessGuid: {ca24abc9-f1ad-66c3-0b0f-000000001d00}
ProcessId: 8168
PipeName: \PSHost.133685910211379727.8168.DefaultAppDomain.powershell
Image: C:\Windows\System32\WindowsPowerShell\v1.0\powershell.exe
User: MY-CALDERA\johnny.douche"
1695,MY-CAL-WIN10.my-caldera.local,17,"Pipe Created:
RuleName: -
EventType: CreatePipe
UtcTime: 2024-08-20 01:30:21.783
ProcessGuid: {ca24abc9-dc4c-66c3-9501-000000001d00}
ProcessId: 8332
PipeName: <Anonymous Pipe>
Image: C:\Windows\System32\WindowsPowerShell\v1.0\powershell.exe
User: MY-CALDERA\johnny.douche"
1696,MY-CAL-WIN10.my-caldera.local,17,"Pipe Created:
RuleName: -
EventType: CreatePipe
UtcTime: 2024-08-20 01:30:40.431
ProcessGuid: {ca24abc9-f1bf-66c3-320f-000000001d00}
ProcessId: 5364
PipeName: \PSHost.133685910390189253.5364.DefaultAppDomain.powershell
Image: C:\Windows\System32\WindowsPowerShell\v1.0\powershell.exe
User: MY-CALDERA\johnny.douche"
1697,MY-CAL-WIN10.my-caldera.local,17,"Pipe Created:
RuleName: -
EventType: CreatePipe
UtcTime: 2024-08-20 01:30:44.348
ProcessGuid: {ca24abc9-f1c3-66c3-340f-000000001d00}
ProcessId: 9504
PipeName: \PSHost.133685910437458840.9504.DefaultAppDomain.powershell
Image: C:\Windows\System32\WindowsPowerShell\v1.0\powershell.exe
User: MY-CALDERA\johnny.douche"
1698,MY-CAL-WIN10.my-caldera.local,17,"Pipe Created:
RuleName: -
EventType: CreatePipe
UtcTime: 2024-08-20 01:30:50.681
ProcessGuid: {ca24abc9-dc4c-66c3-9501-000000001d00}
ProcessId: 8332
PipeName: <Anonymous Pipe>
Image: C:\Windows\System32\WindowsPowerShell\v1.0\powershell.exe
User: MY-CALDERA\johnny.douche"
1699,MY-CAL-WIN10.my-caldera.local,17,"Pipe Created:
RuleName: -
EventType: CreatePipe
UtcTime: 2024-08-20 01:30:50.682
ProcessGuid: {ca24abc9-dc4c-66c3-9501-000000001d00}
ProcessId: 8332
PipeName: <Anonymous Pipe>
Image: C:\Windows\System32\WindowsPowerShell\v1.0\powershell.exe
User: MY-CALDERA\johnny.douche"
1700,MY-CAL-WIN10.my-caldera.local,17,"Pipe Created:
RuleName: -
EventType: CreatePipe
UtcTime: 2024-08-20 01:30:55.630
ProcessGuid: {ca24abc9-dc4c-66c3-9501-000000001d00}
ProcessId: 8332
PipeName: <Anonymous Pipe>
Image: C:\Windows\System32\WindowsPowerShell\v1.0\powershell.exe
User: MY-CALDERA\johnny.douche"
1701,MY-CAL-WIN10.my-caldera.local,17,"Pipe Created:
RuleName: -
EventType: CreatePipe
UtcTime: 2024-08-20 01:30:55.630
ProcessGuid: {ca24abc9-dc4c-66c3-9501-000000001d00}
ProcessId: 8332
PipeName: <Anonymous Pipe>
Image: C:\Windows\System32\WindowsPowerShell\v1.0\powershell.exe
User: MY-CALDERA\johnny.douche"
1702,MY-CAL-WIN10.my-caldera.local,17,"Pipe Created:
RuleName: -
EventType: CreatePipe
UtcTime: 2024-08-20 01:30:56.043
ProcessGuid: {ca24abc9-f1cf-66c3-430f-000000001d00}
ProcessId: 10592
PipeName: \PSHost.133685910556325446.10592.DefaultAppDomain.powershell
Image: C:\Windows\System32\WindowsPowerShell\v1.0\powershell.exe
User: MY-CALDERA\johnny.douche"
1703,MY-CAL-WIN10.my-caldera.local,17,"Pipe Created:
RuleName: -
EventType: CreatePipe
UtcTime: 2024-08-20 01:30:58.228
ProcessGuid: {ca24abc9-dc4c-66c3-9501-000000001d00}
ProcessId: 8332
PipeName: <Anonymous Pipe>
Image: C:\Windows\System32\WindowsPowerShell\v1.0\powershell.exe
User: MY-CALDERA\johnny.douche"
1704,MY-CAL-WIN10.my-caldera.local,17,"Pipe Created:
RuleName: -
EventType: CreatePipe
UtcTime: 2024-08-20 01:30:58.576
ProcessGuid: {ca24abc9-f1d2-66c3-460f-000000001d00}
ProcessId: 7236
PipeName: \PSHost.133685910582298521.7236.DefaultAppDomain.powershell
Image: C:\Windows\System32\WindowsPowerShell\v1.0\powershell.exe
User: MY-CALDERA\johnny.douche"
1705,MY-CAL-WIN10.my-caldera.local,17,"Pipe Created:
RuleName: -
EventType: CreatePipe
UtcTime: 2024-08-20 01:31:00.572
ProcessGuid: {ca24abc9-dc4c-66c3-9501-000000001d00}
ProcessId: 8332
PipeName: <Anonymous Pipe>
Image: C:\Windows\System32\WindowsPowerShell\v1.0\powershell.exe
User: MY-CALDERA\johnny.douche"
1706,MY-CAL-WIN10.my-caldera.local,17,"Pipe Created:
RuleName: -
EventType: CreatePipe
UtcTime: 2024-08-20 01:31:00.573
ProcessGuid: {ca24abc9-dc4c-66c3-9501-000000001d00}
ProcessId: 8332
PipeName: <Anonymous Pipe>
Image: C:\Windows\System32\WindowsPowerShell\v1.0\powershell.exe
User: MY-CALDERA\johnny.douche"
1707,MY-CAL-WIN10.my-caldera.local,17,"Pipe Created:
RuleName: -
EventType: CreatePipe
UtcTime: 2024-08-20 01:31:00.778
ProcessGuid: {ca24abc9-f1d4-66c3-480f-000000001d00}
ProcessId: 8368
PipeName: \PSHost.133685910605745052.8368.DefaultAppDomain.powershell
Image: C:\Windows\System32\WindowsPowerShell\v1.0\powershell.exe
User: MY-CALDERA\johnny.douche"
1708,MY-CAL-WIN10.my-caldera.local,17,"Pipe Created:
RuleName: -
EventType: CreatePipe
UtcTime: 2024-08-20 01:30:58.228
ProcessGuid: {ca24abc9-dc4c-66c3-9501-000000001d00}
ProcessId: 8332
PipeName: <Anonymous Pipe>
Image: C:\Windows\System32\WindowsPowerShell\v1.0\powershell.exe
User: MY-CALDERA\johnny.douche"
1709,MY-CAL-WIN10.my-caldera.local,17,"Pipe Created:
RuleName: -
EventType: CreatePipe
UtcTime: 2024-08-20 01:36:12.053
ProcessGuid: {ca24abc9-dc4c-66c3-9501-000000001d00}
ProcessId: 8332
PipeName: <Anonymous Pipe>
Image: C:\Windows\System32\WindowsPowerShell\v1.0\powershell.exe
User: MY-CALDERA\johnny.douche"
1710,MY-CAL-WIN10.my-caldera.local,17,"Pipe Created:
RuleName: -
EventType: CreatePipe
UtcTime: 2024-08-20 01:36:12.266
ProcessGuid: {ca24abc9-f30c-66c3-8f0f-000000001d00}
ProcessId: 6244
PipeName: \PSHost.133685913720549183.6244.DefaultAppDomain.powershell
Image: C:\Windows\System32\WindowsPowerShell\v1.0\powershell.exe
User: MY-CALDERA\johnny.douche"
1711,MY-CAL-WIN10.my-caldera.local,17,"Pipe Created:
RuleName: -
EventType: CreatePipe
UtcTime: 2024-08-20 01:36:12.052
ProcessGuid: {ca24abc9-dc4c-66c3-9501-000000001d00}
ProcessId: 8332
PipeName: <Anonymous Pipe>
Image: C:\Windows\System32\WindowsPowerShell\v1.0\powershell.exe
User: MY-CALDERA\johnny.douche"
1712,MY-CAL-WIN10.my-caldera.local,17,"Pipe Created:
RuleName: -
EventType: CreatePipe
UtcTime: 2024-08-20 01:36:14.935
ProcessGuid: {ca24abc9-dc4c-66c3-9501-000000001d00}
ProcessId: 8332
PipeName: <Anonymous Pipe>
Image: C:\Windows\System32\WindowsPowerShell\v1.0\powershell.exe
User: MY-CALDERA\johnny.douche"
1713,MY-CAL-WIN10.my-caldera.local,17,"Pipe Created:
RuleName: -
EventType: CreatePipe
UtcTime: 2024-08-20 01:36:14.935
ProcessGuid: {ca24abc9-dc4c-66c3-9501-000000001d00}
ProcessId: 8332
PipeName: <Anonymous Pipe>
Image: C:\Windows\System32\WindowsPowerShell\v1.0\powershell.exe
User: MY-CALDERA\johnny.douche"
1714,MY-CAL-WIN10.my-caldera.local,17,"Pipe Created:
RuleName: -
EventType: CreatePipe
UtcTime: 2024-08-20 01:36:15.142
ProcessGuid: {ca24abc9-f30e-66c3-910f-000000001d00}
ProcessId: 11240
PipeName: \PSHost.133685913749377297.11240.DefaultAppDomain.powershell
Image: C:\Windows\System32\WindowsPowerShell\v1.0\powershell.exe
User: MY-CALDERA\johnny.douche"
1715,MY-CAL-WIN10.my-caldera.local,17,"Pipe Created:
RuleName: -
EventType: CreatePipe
UtcTime: 2024-08-20 01:36:41.303
ProcessGuid: {ca24abc9-dc4c-66c3-9501-000000001d00}
ProcessId: 8332
PipeName: <Anonymous Pipe>
Image: C:\Windows\System32\WindowsPowerShell\v1.0\powershell.exe
User: MY-CALDERA\johnny.douche"
1716,MY-CAL-WIN10.my-caldera.local,17,"Pipe Created:
RuleName: -
EventType: CreatePipe
UtcTime: 2024-08-20 01:36:41.303
ProcessGuid: {ca24abc9-dc4c-66c3-9501-000000001d00}
ProcessId: 8332
PipeName: <Anonymous Pipe>
Image: C:\Windows\System32\WindowsPowerShell\v1.0\powershell.exe
User: MY-CALDERA\johnny.douche"
1717,MY-CAL-WIN10.my-caldera.local,17,"Pipe Created:
RuleName: -
EventType: CreatePipe
UtcTime: 2024-08-20 01:37:06.409
ProcessGuid: {ca24abc9-dc4c-66c3-9501-000000001d00}
ProcessId: 8332
PipeName: <Anonymous Pipe>
Image: C:\Windows\System32\WindowsPowerShell\v1.0\powershell.exe
User: MY-CALDERA\johnny.douche"
1718,MY-CAL-WIN10.my-caldera.local,17,"Pipe Created:
RuleName: -
EventType: CreatePipe
UtcTime: 2024-08-20 01:37:06.920
ProcessGuid: {ca24abc9-dc4c-66c3-9501-000000001d00}
ProcessId: 8332
PipeName: <Anonymous Pipe>
Image: C:\Windows\System32\WindowsPowerShell\v1.0\powershell.exe
User: MY-CALDERA\johnny.douche"
1719,MY-CAL-WIN10.my-caldera.local,17,"Pipe Created:
RuleName: -
EventType: CreatePipe
UtcTime: 2024-08-20 01:37:06.409
ProcessGuid: {ca24abc9-dc4c-66c3-9501-000000001d00}
ProcessId: 8332
PipeName: <Anonymous Pipe>
Image: C:\Windows\System32\WindowsPowerShell\v1.0\powershell.exe
User: MY-CALDERA\johnny.douche"
1720,MY-CAL-WIN10.my-caldera.local,17,"Pipe Created:
RuleName: -
EventType: CreatePipe
UtcTime: 2024-08-20 01:37:06.920
ProcessGuid: {ca24abc9-dc4c-66c3-9501-000000001d00}
ProcessId: 8332
PipeName: <Anonymous Pipe>
Image: C:\Windows\System32\WindowsPowerShell\v1.0\powershell.exe
User: MY-CALDERA\johnny.douche"
1721,MY-CAL-WIN10.my-caldera.local,17,"Pipe Created:
RuleName: -
EventType: CreatePipe
UtcTime: 2024-08-20 01:37:16.012
ProcessGuid: {ca24abc9-dc4c-66c3-9501-000000001d00}
ProcessId: 8332
PipeName: <Anonymous Pipe>
Image: C:\Windows\System32\WindowsPowerShell\v1.0\powershell.exe
User: MY-CALDERA\johnny.douche"
1722,MY-CAL-WIN10.my-caldera.local,17,"Pipe Created:
RuleName: -
EventType: CreatePipe
UtcTime: 2024-08-20 01:37:15.658
ProcessGuid: {ca24abc9-dc4c-66c3-9501-000000001d00}
ProcessId: 8332
PipeName: <Anonymous Pipe>
Image: C:\Windows\System32\WindowsPowerShell\v1.0\powershell.exe
User: MY-CALDERA\johnny.douche"
1723,MY-CAL-WIN10.my-caldera.local,17,"Pipe Created:
RuleName: -
EventType: CreatePipe
UtcTime: 2024-08-20 01:37:16.372
ProcessGuid: {ca24abc9-f34c-66c3-cd0f-000000001d00}
ProcessId: 5744
PipeName: \PSHost.133685914360143293.5744.DefaultAppDomain.powershell
Image: C:\Windows\System32\WindowsPowerShell\v1.0\powershell.exe
User: MY-CALDERA\johnny.douche"
1724,MY-CAL-WIN10.my-caldera.local,17,"Pipe Created:
RuleName: -
EventType: CreatePipe
UtcTime: 2024-08-20 01:37:15.658
ProcessGuid: {ca24abc9-dc4c-66c3-9501-000000001d00}
ProcessId: 8332
PipeName: <Anonymous Pipe>
Image: C:\Windows\System32\WindowsPowerShell\v1.0\powershell.exe
User: MY-CALDERA\johnny.douche"
1725,MY-CAL-WIN10.my-caldera.local,17,"Pipe Created:
RuleName: -
EventType: CreatePipe
UtcTime: 2024-08-20 01:37:16.012
ProcessGuid: {ca24abc9-dc4c-66c3-9501-000000001d00}
ProcessId: 8332
PipeName: <Anonymous Pipe>
Image: C:\Windows\System32\WindowsPowerShell\v1.0\powershell.exe
User: MY-CALDERA\johnny.douche"
1726,MY-CAL-WIN10.my-caldera.local,17,"Pipe Created:
RuleName: -
EventType: CreatePipe
UtcTime: 2024-08-20 01:37:28.499
ProcessGuid: {ca24abc9-f356-66c3-e50f-000000001d00}
ProcessId: 7328
PipeName: \PSHost.133685914469840302.7328.DefaultAppDomain.powershell
Image: C:\Windows\System32\WindowsPowerShell\v1.0\powershell.exe
User: MY-CALDERA\johnny.douche"
1727,MY-CAL-WIN10.my-caldera.local,17,"Pipe Created:
RuleName: -
EventType: CreatePipe
UtcTime: 2024-08-20 01:37:44.991
ProcessGuid: {ca24abc9-dc4c-66c3-9501-000000001d00}
ProcessId: 8332
PipeName: <Anonymous Pipe>
Image: C:\Windows\System32\WindowsPowerShell\v1.0\powershell.exe
User: MY-CALDERA\johnny.douche"
1728,MY-CAL-WIN10.my-caldera.local,17,"Pipe Created:
RuleName: -
EventType: CreatePipe
UtcTime: 2024-08-20 01:37:44.416
ProcessGuid: {ca24abc9-f367-66c3-0710-000000001d00}
ProcessId: 1124
PipeName: \PSHost.133685914638225988.1124.DefaultAppDomain.powershell
Image: C:\Windows\System32\WindowsPowerShell\v1.0\powershell.exe
User: MY-CALDERA\johnny.douche"
1729,MY-CAL-WIN10.my-caldera.local,17,"Pipe Created:
RuleName: -
EventType: CreatePipe
UtcTime: 2024-08-20 01:37:44.992
ProcessGuid: {ca24abc9-dc4c-66c3-9501-000000001d00}
ProcessId: 8332
PipeName: <Anonymous Pipe>
Image: C:\Windows\System32\WindowsPowerShell\v1.0\powershell.exe
User: MY-CALDERA\johnny.douche"
1730,MY-CAL-WIN10.my-caldera.local,17,"Pipe Created:
RuleName: -
EventType: CreatePipe
UtcTime: 2024-08-20 01:37:55.717
ProcessGuid: {ca24abc9-dc4c-66c3-9501-000000001d00}
ProcessId: 8332
PipeName: <Anonymous Pipe>
Image: C:\Windows\System32\WindowsPowerShell\v1.0\powershell.exe
User: MY-CALDERA\johnny.douche"
1731,MY-CAL-WIN10.my-caldera.local,17,"Pipe Created:
RuleName: -
EventType: CreatePipe
UtcTime: 2024-08-20 01:37:56.392
ProcessGuid: {ca24abc9-f373-66c3-1510-000000001d00}
ProcessId: 11052
PipeName: \PSHost.133685914757187966.11052.DefaultAppDomain.powershell
Image: C:\Windows\System32\WindowsPowerShell\v1.0\powershell.exe
User: MY-CALDERA\johnny.douche"
1732,MY-CAL-WIN10.my-caldera.local,17,"Pipe Created:
RuleName: -
EventType: CreatePipe
UtcTime: 2024-08-20 01:37:55.717
ProcessGuid: {ca24abc9-dc4c-66c3-9501-000000001d00}
ProcessId: 8332
PipeName: <Anonymous Pipe>
Image: C:\Windows\System32\WindowsPowerShell\v1.0\powershell.exe
User: MY-CALDERA\johnny.douche"
1733,MY-CAL-WIN10.my-caldera.local,17,"Pipe Created:
RuleName: -
EventType: CreatePipe
UtcTime: 2024-08-20 01:38:04.508
ProcessGuid: {ca24abc9-dc4c-66c3-9501-000000001d00}
ProcessId: 8332
PipeName: <Anonymous Pipe>
Image: C:\Windows\System32\WindowsPowerShell\v1.0\powershell.exe
User: MY-CALDERA\johnny.douche"
1734,MY-CAL-WIN10.my-caldera.local,17,"Pipe Created:
RuleName: -
EventType: CreatePipe
UtcTime: 2024-08-20 01:38:04.508
ProcessGuid: {ca24abc9-dc4c-66c3-9501-000000001d00}
ProcessId: 8332
PipeName: <Anonymous Pipe>
Image: C:\Windows\System32\WindowsPowerShell\v1.0\powershell.exe
User: MY-CALDERA\johnny.douche"
1735,MY-CAL-WIN10.my-caldera.local,17,"Pipe Created:
RuleName: -
EventType: CreatePipe
UtcTime: 2024-08-20 01:38:04.850
ProcessGuid: {ca24abc9-f37c-66c3-1e10-000000001d00}
ProcessId: 11360
PipeName: \PSHost.133685914845101865.11360.DefaultAppDomain.powershell
Image: C:\Windows\System32\WindowsPowerShell\v1.0\powershell.exe
User: MY-CALDERA\johnny.douche"
1736,MY-CAL-WIN10.my-caldera.local,17,"Pipe Created:
RuleName: -
EventType: CreatePipe
UtcTime: 2024-08-20 01:38:54.445
ProcessGuid: {ca24abc9-f3ad-66c3-6110-000000001d00}
ProcessId: 1768
PipeName: \PSHost.133685915339049609.1768.DefaultAppDomain.powershell
Image: C:\Windows\System32\WindowsPowerShell\v1.0\powershell.exe
User: MY-CALDERA\johnny.douche"
1737,MY-CAL-WIN10.my-caldera.local,17,"Pipe Created:
RuleName: -
EventType: CreatePipe
UtcTime: 2024-08-20 01:38:53.903
ProcessGuid: {ca24abc9-dc4c-66c3-9501-000000001d00}
ProcessId: 8332
PipeName: <Anonymous Pipe>
Image: C:\Windows\System32\WindowsPowerShell\v1.0\powershell.exe
User: MY-CALDERA\johnny.douche"
1738,MY-CAL-WIN10.my-caldera.local,17,"Pipe Created:
RuleName: -
EventType: CreatePipe
UtcTime: 2024-08-20 01:38:53.903
ProcessGuid: {ca24abc9-dc4c-66c3-9501-000000001d00}
ProcessId: 8332
PipeName: <Anonymous Pipe>
Image: C:\Windows\System32\WindowsPowerShell\v1.0\powershell.exe
User: MY-CALDERA\johnny.douche"
1739,MY-CAL-WIN10.my-caldera.local,17,"Pipe Created:
RuleName: -
EventType: CreatePipe
UtcTime: 2024-08-20 01:39:44.557
ProcessGuid: {ca24abc9-f3de-66c3-7910-000000001d00}
ProcessId: 11028
PipeName: \PSHost.133685915826257867.11028.DefaultAppDomain.powershell
Image: C:\Windows\System32\WindowsPowerShell\v1.0\powershell.exe
User: MY-CALDERA\johnny.douche"
1740,MY-CAL-WIN10.my-caldera.local,17,"Pipe Created:
RuleName: -
EventType: CreatePipe
UtcTime: 2024-08-20 01:40:26.574
ProcessGuid: {ca24abc9-f40a-66c3-9210-000000001d00}
ProcessId: 11628
PipeName: \PSHost.133685916264027311.11628.DefaultAppDomain.powershell
Image: C:\Windows\System32\WindowsPowerShell\v1.0\powershell.exe
User: MY-CALDERA\johnny.douche"
1741,MY-CAL-WIN10.my-caldera.local,17,"Pipe Created:
RuleName: -
EventType: CreatePipe
UtcTime: 2024-08-20 01:40:26.325
ProcessGuid: {ca24abc9-dc4c-66c3-9501-000000001d00}
ProcessId: 8332
PipeName: <Anonymous Pipe>
Image: C:\Windows\System32\WindowsPowerShell\v1.0\powershell.exe
User: MY-CALDERA\johnny.douche"
1742,MY-CAL-WIN10.my-caldera.local,17,"Pipe Created:
RuleName: -
EventType: CreatePipe
UtcTime: 2024-08-20 01:40:26.325
ProcessGuid: {ca24abc9-dc4c-66c3-9501-000000001d00}
ProcessId: 8332
PipeName: <Anonymous Pipe>
Image: C:\Windows\System32\WindowsPowerShell\v1.0\powershell.exe
User: MY-CALDERA\johnny.douche"
1743,MY-CAL-WIN10.my-caldera.local,17,"Pipe Created:
RuleName: -
EventType: CreatePipe
UtcTime: 2024-08-20 01:40:33.172
ProcessGuid: {ca24abc9-dc4c-66c3-9501-000000001d00}
ProcessId: 8332
PipeName: <Anonymous Pipe>
Image: C:\Windows\System32\WindowsPowerShell\v1.0\powershell.exe
User: MY-CALDERA\johnny.douche"
1744,MY-CAL-WIN10.my-caldera.local,17,"Pipe Created:
RuleName: -
EventType: CreatePipe
UtcTime: 2024-08-20 01:40:33.172
ProcessGuid: {ca24abc9-dc4c-66c3-9501-000000001d00}
ProcessId: 8332
PipeName: <Anonymous Pipe>
Image: C:\Windows\System32\WindowsPowerShell\v1.0\powershell.exe
User: MY-CALDERA\johnny.douche"
1745,MY-CAL-WIN10.my-caldera.local,17,"Pipe Created:
RuleName: -
EventType: CreatePipe
UtcTime: 2024-08-20 01:40:33.574
ProcessGuid: {ca24abc9-f411-66c3-9910-000000001d00}
ProcessId: 11520
PipeName: \PSHost.133685916332408367.11520.DefaultAppDomain.powershell
Image: C:\Windows\System32\WindowsPowerShell\v1.0\powershell.exe
User: MY-CALDERA\johnny.douche"
1746,MY-CAL-WIN10.my-caldera.local,17,"Pipe Created:
RuleName: -
EventType: CreatePipe
UtcTime: 2024-08-20 01:40:39.251
ProcessGuid: {ca24abc9-dc4c-66c3-9501-000000001d00}
ProcessId: 8332
PipeName: <Anonymous Pipe>
Image: C:\Windows\System32\WindowsPowerShell\v1.0\powershell.exe
User: MY-CALDERA\johnny.douche"
1747,MY-CAL-WIN10.my-caldera.local,17,"Pipe Created:
RuleName: -
EventType: CreatePipe
UtcTime: 2024-08-20 01:40:39.250
ProcessGuid: {ca24abc9-dc4c-66c3-9501-000000001d00}
ProcessId: 8332
PipeName: <Anonymous Pipe>
Image: C:\Windows\System32\WindowsPowerShell\v1.0\powershell.exe
User: MY-CALDERA\johnny.douche"
1748,MY-CAL-WIN10.my-caldera.local,17,"Pipe Created:
RuleName: -
EventType: CreatePipe
UtcTime: 2024-08-20 01:40:39.490
ProcessGuid: {ca24abc9-f417-66c3-a810-000000001d00}
ProcessId: 9508
PipeName: \PSHost.133685916392528062.9508.DefaultAppDomain.powershell
Image: C:\Windows\System32\WindowsPowerShell\v1.0\powershell.exe
User: MY-CALDERA\johnny.douche"
1749,MY-CAL-WIN10.my-caldera.local,17,"Pipe Created:
RuleName: -
EventType: CreatePipe
UtcTime: 2024-08-20 01:40:44.967
ProcessGuid: {ca24abc9-f41c-66c3-ac10-000000001d00}
ProcessId: 10432
PipeName: \PSHost.133685916447487214.10432.DefaultAppDomain.powershell
Image: C:\Windows\System32\WindowsPowerShell\v1.0\powershell.exe
User: MY-CALDERA\johnny.douche"
1750,MY-CAL-WIN10.my-caldera.local,17,"Pipe Created:
RuleName: -
EventType: CreatePipe
UtcTime: 2024-08-20 01:40:45.551
ProcessGuid: {ca24abc9-dc4c-66c3-9501-000000001d00}
ProcessId: 8332
PipeName: <Anonymous Pipe>
Image: C:\Windows\System32\WindowsPowerShell\v1.0\powershell.exe
User: MY-CALDERA\johnny.douche"
1751,MY-CAL-WIN10.my-caldera.local,17,"Pipe Created:
RuleName: -
EventType: CreatePipe
UtcTime: 2024-08-20 01:40:45.552
ProcessGuid: {ca24abc9-dc4c-66c3-9501-000000001d00}
ProcessId: 8332
PipeName: <Anonymous Pipe>
Image: C:\Windows\System32\WindowsPowerShell\v1.0\powershell.exe
User: MY-CALDERA\johnny.douche"
1752,MY-CAL-WIN10.my-caldera.local,17,"Pipe Created:
RuleName: -
EventType: CreatePipe
UtcTime: 2024-08-20 01:40:45.754
ProcessGuid: {ca24abc9-f41d-66c3-ae10-000000001d00}
ProcessId: 11676
PipeName: \PSHost.133685916455534675.11676.DefaultAppDomain.powershell
Image: C:\Windows\System32\WindowsPowerShell\v1.0\powershell.exe
User: MY-CALDERA\johnny.douche"
1753,MY-CAL-WIN10.my-caldera.local,17,"Pipe Created:
RuleName: -
EventType: CreatePipe
UtcTime: 2024-08-20 01:43:26.242
ProcessGuid: {ca24abc9-f4bd-66c3-d710-000000001d00}
ProcessId: 8020
PipeName: \PSHost.133685918056438775.8020.DefaultAppDomain.powershell
Image: C:\Windows\System32\WindowsPowerShell\v1.0\powershell.exe
User: MY-CALDERA\johnny.douche"
1754,MY-CAL-WIN10.my-caldera.local,17,"Pipe Created:
RuleName: -
EventType: CreatePipe
UtcTime: 2024-08-20 01:43:26.361
ProcessGuid: {ca24abc9-f4bd-66c3-d710-000000001d00}
ProcessId: 8020
PipeName: <Anonymous Pipe>
Image: C:\Windows\System32\WindowsPowerShell\v1.0\powershell.exe
User: MY-CALDERA\johnny.douche"
1755,MY-CAL-WIN10.my-caldera.local,17,"Pipe Created:
RuleName: -
EventType: CreatePipe
UtcTime: 2024-08-20 00:25:31.278
ProcessGuid: {ca24abc9-e27a-66c3-2504-000000001d00}
ProcessId: 7224
PipeName: \PSHost.133685871303459072.7224.DefaultAppDomain.powershell
Image: C:\Windows\system32\WindowsPowerShell\v1.0\powershell.exe
User: NT AUTHORITY\SYSTEM"
1756,MY-CAL-WIN10.my-caldera.local,17,"Pipe Created:
RuleName: -
EventType: CreatePipe
UtcTime: 2024-08-20 00:27:17.877
ProcessGuid: {ca24abc9-e2e5-66c3-7004-000000001d00}
ProcessId: 1964
PipeName: \PSHost.133685872376597951.1964.DefaultAppDomain.powershell
Image: C:\Windows\System32\WindowsPowerShell\v1.0\powershell.exe
User: MY-CALDERA\johnny.douche"
1757,MY-CAL-WIN10.my-caldera.local,17,"Pipe Created:
RuleName: -
EventType: CreatePipe
UtcTime: 2024-08-20 00:27:18.833
ProcessGuid: {ca24abc9-e2e6-66c3-7304-000000001d00}
ProcessId: 8612
PipeName: \PSHost.133685872386540548.8612.DefaultAppDomain.powershell
Image: C:\Windows\System32\WindowsPowerShell\v1.0\powershell.exe
User: MY-CALDERA\johnny.douche"
1758,MY-CAL-WIN10.my-caldera.local,17,"Pipe Created:
RuleName: -
EventType: CreatePipe
UtcTime: 2024-08-20 00:27:18.350
ProcessGuid: {ca24abc9-e2e6-66c3-7204-000000001d00}
ProcessId: 5404
PipeName: \PSHost.133685872381898689.5404.DefaultAppDomain.powershell
Image: C:\Windows\System32\WindowsPowerShell\v1.0\powershell.exe
User: MY-CALDERA\johnny.douche"
1759,MY-CAL-WIN10.my-caldera.local,17,"Pipe Created:
RuleName: -
EventType: CreatePipe
UtcTime: 2024-08-20 00:27:26.262
ProcessGuid: {ca24abc9-dc4c-66c3-9501-000000001d00}
ProcessId: 8332
PipeName: <Anonymous Pipe>
Image: C:\Windows\System32\WindowsPowerShell\v1.0\powershell.exe
User: MY-CALDERA\johnny.douche"
1760,MY-CAL-WIN10.my-caldera.local,17,"Pipe Created:
RuleName: -
EventType: CreatePipe
UtcTime: 2024-08-20 00:27:26.475
ProcessGuid: {ca24abc9-e2ee-66c3-7e04-000000001d00}
ProcessId: 2876
PipeName: \PSHost.133685872462642255.2876.DefaultAppDomain.powershell
Image: C:\Windows\System32\WindowsPowerShell\v1.0\powershell.exe
User: MY-CALDERA\johnny.douche"
1761,MY-CAL-WIN10.my-caldera.local,17,"Pipe Created:
RuleName: -
EventType: CreatePipe
UtcTime: 2024-08-20 00:27:26.262
ProcessGuid: {ca24abc9-dc4c-66c3-9501-000000001d00}
ProcessId: 8332
PipeName: <Anonymous Pipe>
Image: C:\Windows\System32\WindowsPowerShell\v1.0\powershell.exe
User: MY-CALDERA\johnny.douche"
1762,MY-CAL-WIN10.my-caldera.local,17,"Pipe Created:
RuleName: -
EventType: CreatePipe
UtcTime: 2024-08-20 00:27:59.982
ProcessGuid: {ca24abc9-e30f-66c3-9304-000000001d00}
ProcessId: 2452
PipeName: \PSHost.133685872797762315.2452.DefaultAppDomain.powershell
Image: C:\Windows\System32\WindowsPowerShell\v1.0\powershell.exe
User: MY-CALDERA\johnny.douche"
1763,MY-CAL-WIN10.my-caldera.local,17,"Pipe Created:
RuleName: -
EventType: CreatePipe
UtcTime: 2024-08-20 00:28:26.607
ProcessGuid: {ca24abc9-e324-66c3-ad04-000000001d00}
ProcessId: 3080
PipeName: <Anonymous Pipe>
Image: C:\Windows\system32\WindowsPowerShell\v1.0\powershell.exe
User: NT AUTHORITY\SYSTEM"
1764,MY-CAL-WIN10.my-caldera.local,17,"Pipe Created:
RuleName: -
EventType: CreatePipe
UtcTime: 2024-08-20 01:30:22.273
ProcessGuid: {ca24abc9-dc4c-66c3-9501-000000001d00}
ProcessId: 8332
PipeName: <Anonymous Pipe>
Image: C:\Windows\System32\WindowsPowerShell\v1.0\powershell.exe
User: MY-CALDERA\johnny.douche"
1765,MY-CAL-WIN10.my-caldera.local,17,"Pipe Created:
RuleName: -
EventType: CreatePipe
UtcTime: 2024-08-20 01:30:22.274
ProcessGuid: {ca24abc9-dc4c-66c3-9501-000000001d00}
ProcessId: 8332
PipeName: <Anonymous Pipe>
Image: C:\Windows\System32\WindowsPowerShell\v1.0\powershell.exe
User: MY-CALDERA\johnny.douche"
1766,MY-CAL-WIN10.my-caldera.local,17,"Pipe Created:
RuleName: -
EventType: CreatePipe
UtcTime: 2024-08-20 01:30:22.727
ProcessGuid: {ca24abc9-dc4c-66c3-9501-000000001d00}
ProcessId: 8332
PipeName: <Anonymous Pipe>
Image: C:\Windows\System32\WindowsPowerShell\v1.0\powershell.exe
User: MY-CALDERA\johnny.douche"
1767,MY-CAL-WIN10.my-caldera.local,17,"Pipe Created:
RuleName: -
EventType: CreatePipe
UtcTime: 2024-08-20 01:30:22.727
ProcessGuid: {ca24abc9-dc4c-66c3-9501-000000001d00}
ProcessId: 8332
PipeName: <Anonymous Pipe>
Image: C:\Windows\System32\WindowsPowerShell\v1.0\powershell.exe
User: MY-CALDERA\johnny.douche"
1768,MY-CAL-WIN10.my-caldera.local,17,"Pipe Created:
RuleName: -
EventType: CreatePipe
UtcTime: 2024-08-20 01:30:23.012
ProcessGuid: {ca24abc9-f1ae-66c3-140f-000000001d00}
ProcessId: 6264
PipeName: \PSHost.133685910227287184.6264.DefaultAppDomain.powershell
Image: C:\Windows\System32\WindowsPowerShell\v1.0\powershell.exe
User: MY-CALDERA\johnny.douche"
1769,MY-CAL-WIN10.my-caldera.local,17,"Pipe Created:
RuleName: -
EventType: CreatePipe
UtcTime: 2024-08-20 01:30:31.171
ProcessGuid: {ca24abc9-dc4c-66c3-9501-000000001d00}
ProcessId: 8332
PipeName: <Anonymous Pipe>
Image: C:\Windows\System32\WindowsPowerShell\v1.0\powershell.exe
User: MY-CALDERA\johnny.douche"
1770,MY-CAL-WIN10.my-caldera.local,17,"Pipe Created:
RuleName: -
EventType: CreatePipe
UtcTime: 2024-08-20 01:30:31.171
ProcessGuid: {ca24abc9-dc4c-66c3-9501-000000001d00}
ProcessId: 8332
PipeName: <Anonymous Pipe>
Image: C:\Windows\System32\WindowsPowerShell\v1.0\powershell.exe
User: MY-CALDERA\johnny.douche"
1771,MY-CAL-WIN10.my-caldera.local,17,"Pipe Created:
RuleName: -
EventType: CreatePipe
UtcTime: 2024-08-20 01:33:01.635
ProcessGuid: {ca24abc9-dc4c-66c3-9501-000000001d00}
ProcessId: 8332
PipeName: <Anonymous Pipe>
Image: C:\Windows\System32\WindowsPowerShell\v1.0\powershell.exe
User: MY-CALDERA\johnny.douche"
1772,MY-CAL-WIN10.my-caldera.local,17,"Pipe Created:
RuleName: -
EventType: CreatePipe
UtcTime: 2024-08-20 01:33:01.635
ProcessGuid: {ca24abc9-dc4c-66c3-9501-000000001d00}
ProcessId: 8332
PipeName: <Anonymous Pipe>
Image: C:\Windows\System32\WindowsPowerShell\v1.0\powershell.exe
User: MY-CALDERA\johnny.douche"
1773,MY-CAL-WIN10.my-caldera.local,17,"Pipe Created:
RuleName: -
EventType: CreatePipe
UtcTime: 2024-08-20 01:34:55.073
ProcessGuid: {ca24abc9-dc4c-66c3-9501-000000001d00}
ProcessId: 8332
PipeName: <Anonymous Pipe>
Image: C:\Windows\System32\WindowsPowerShell\v1.0\powershell.exe
User: MY-CALDERA\johnny.douche"
1774,MY-CAL-WIN10.my-caldera.local,17,"Pipe Created:
RuleName: -
EventType: CreatePipe
UtcTime: 2024-08-20 01:34:55.563
ProcessGuid: {ca24abc9-dc4c-66c3-9501-000000001d00}
ProcessId: 8332
PipeName: <Anonymous Pipe>
Image: C:\Windows\System32\WindowsPowerShell\v1.0\powershell.exe
User: MY-CALDERA\johnny.douche"
1775,MY-CAL-WIN10.my-caldera.local,17,"Pipe Created:
RuleName: -
EventType: CreatePipe
UtcTime: 2024-08-20 01:34:55.074
ProcessGuid: {ca24abc9-dc4c-66c3-9501-000000001d00}
ProcessId: 8332
PipeName: <Anonymous Pipe>
Image: C:\Windows\System32\WindowsPowerShell\v1.0\powershell.exe
User: MY-CALDERA\johnny.douche"
1776,MY-CAL-WIN10.my-caldera.local,17,"Pipe Created:
RuleName: -
EventType: CreatePipe
UtcTime: 2024-08-20 01:34:55.563
ProcessGuid: {ca24abc9-dc4c-66c3-9501-000000001d00}
ProcessId: 8332
PipeName: <Anonymous Pipe>
Image: C:\Windows\System32\WindowsPowerShell\v1.0\powershell.exe
User: MY-CALDERA\johnny.douche"
1777,MY-CAL-WIN10.my-caldera.local,17,"Pipe Created:
RuleName: -
EventType: CreatePipe
UtcTime: 2024-08-20 01:34:57.909
ProcessGuid: {ca24abc9-dc4c-66c3-9501-000000001d00}
ProcessId: 8332
PipeName: <Anonymous Pipe>
Image: C:\Windows\System32\WindowsPowerShell\v1.0\powershell.exe
User: MY-CALDERA\johnny.douche"
1778,MY-CAL-WIN10.my-caldera.local,17,"Pipe Created:
RuleName: -
EventType: CreatePipe
UtcTime: 2024-08-20 01:34:57.909
ProcessGuid: {ca24abc9-dc4c-66c3-9501-000000001d00}
ProcessId: 8332
PipeName: <Anonymous Pipe>
Image: C:\Windows\System32\WindowsPowerShell\v1.0\powershell.exe
User: MY-CALDERA\johnny.douche"
1779,MY-CAL-WIN10.my-caldera.local,17,"Pipe Created:
RuleName: -
EventType: CreatePipe
UtcTime: 2024-08-20 01:36:07.203
ProcessGuid: {ca24abc9-dc4c-66c3-9501-000000001d00}
ProcessId: 8332
PipeName: <Anonymous Pipe>
Image: C:\Windows\System32\WindowsPowerShell\v1.0\powershell.exe
User: MY-CALDERA\johnny.douche"
1780,MY-CAL-WIN10.my-caldera.local,17,"Pipe Created:
RuleName: -
EventType: CreatePipe
UtcTime: 2024-08-20 01:36:07.511
ProcessGuid: {ca24abc9-f307-66c3-8b0f-000000001d00}
ProcessId: 2608
PipeName: \PSHost.133685913672049719.2608.DefaultAppDomain.powershell
Image: C:\Windows\System32\WindowsPowerShell\v1.0\powershell.exe
User: MY-CALDERA\johnny.douche"
1781,MY-CAL-WIN10.my-caldera.local,17,"Pipe Created:
RuleName: -
EventType: CreatePipe
UtcTime: 2024-08-20 01:36:07.203
ProcessGuid: {ca24abc9-dc4c-66c3-9501-000000001d00}
ProcessId: 8332
PipeName: <Anonymous Pipe>
Image: C:\Windows\System32\WindowsPowerShell\v1.0\powershell.exe
User: MY-CALDERA\johnny.douche"
1782,MY-CAL-WIN10.my-caldera.local,17,"Pipe Created:
RuleName: -
EventType: CreatePipe
UtcTime: 2024-08-20 01:36:35.533
ProcessGuid: {ca24abc9-dc4c-66c3-9501-000000001d00}
ProcessId: 8332
PipeName: <Anonymous Pipe>
Image: C:\Windows\System32\WindowsPowerShell\v1.0\powershell.exe
User: MY-CALDERA\johnny.douche"
1783,MY-CAL-WIN10.my-caldera.local,17,"Pipe Created:
RuleName: -
EventType: CreatePipe
UtcTime: 2024-08-20 01:36:35.533
ProcessGuid: {ca24abc9-dc4c-66c3-9501-000000001d00}
ProcessId: 8332
PipeName: <Anonymous Pipe>
Image: C:\Windows\System32\WindowsPowerShell\v1.0\powershell.exe
User: MY-CALDERA\johnny.douche"
1784,MY-CAL-WIN10.my-caldera.local,17,"Pipe Created:
RuleName: -
EventType: CreatePipe
UtcTime: 2024-08-20 01:37:07.782
ProcessGuid: {ca24abc9-dc4c-66c3-9501-000000001d00}
ProcessId: 8332
PipeName: <Anonymous Pipe>
Image: C:\Windows\System32\WindowsPowerShell\v1.0\powershell.exe
User: MY-CALDERA\johnny.douche"
1785,MY-CAL-WIN10.my-caldera.local,17,"Pipe Created:
RuleName: -
EventType: CreatePipe
UtcTime: 2024-08-20 01:37:07.782
ProcessGuid: {ca24abc9-dc4c-66c3-9501-000000001d00}
ProcessId: 8332
PipeName: <Anonymous Pipe>
Image: C:\Windows\System32\WindowsPowerShell\v1.0\powershell.exe
User: MY-CALDERA\johnny.douche"
1786,MY-CAL-WIN10.my-caldera.local,17,"Pipe Created:
RuleName: -
EventType: CreatePipe
UtcTime: 2024-08-20 01:37:07.991
ProcessGuid: {ca24abc9-f343-66c3-c20f-000000001d00}
ProcessId: 540
PipeName: \PSHost.133685914277847926.540.DefaultAppDomain.powershell
Image: C:\Windows\System32\WindowsPowerShell\v1.0\powershell.exe
User: MY-CALDERA\johnny.douche"
1787,MY-CAL-WIN10.my-caldera.local,17,"Pipe Created:
RuleName: -
EventType: CreatePipe
UtcTime: 2024-08-20 01:37:07.135
ProcessGuid: {ca24abc9-f342-66c3-c00f-000000001d00}
ProcessId: 2328
PipeName: \PSHost.133685914269226379.2328.DefaultAppDomain.powershell
Image: C:\Windows\System32\WindowsPowerShell\v1.0\powershell.exe
User: MY-CALDERA\johnny.douche"
1788,MY-CAL-WIN10.my-caldera.local,17,"Pipe Created:
RuleName: -
EventType: CreatePipe
UtcTime: 2024-08-20 01:37:29.254
ProcessGuid: {ca24abc9-dc4c-66c3-9501-000000001d00}
ProcessId: 8332
PipeName: <Anonymous Pipe>
Image: C:\Windows\System32\WindowsPowerShell\v1.0\powershell.exe
User: MY-CALDERA\johnny.douche"
1789,MY-CAL-WIN10.my-caldera.local,17,"Pipe Created:
RuleName: -
EventType: CreatePipe
UtcTime: 2024-08-20 01:37:29.254
ProcessGuid: {ca24abc9-dc4c-66c3-9501-000000001d00}
ProcessId: 8332
PipeName: <Anonymous Pipe>
Image: C:\Windows\System32\WindowsPowerShell\v1.0\powershell.exe
User: MY-CALDERA\johnny.douche"
1790,MY-CAL-WIN10.my-caldera.local,17,"Pipe Created:
RuleName: -
EventType: CreatePipe
UtcTime: 2024-08-20 01:37:29.607
ProcessGuid: {ca24abc9-f359-66c3-ea0f-000000001d00}
ProcessId: 1608
PipeName: \PSHost.133685914492559706.1608.DefaultAppDomain.powershell
Image: C:\Windows\System32\WindowsPowerShell\v1.0\powershell.exe
User: MY-CALDERA\johnny.douche"
1791,MY-CAL-WIN10.my-caldera.local,17,"Pipe Created:
RuleName: -
EventType: CreatePipe
UtcTime: 2024-08-20 01:37:34.567
ProcessGuid: {ca24abc9-dc4c-66c3-9501-000000001d00}
ProcessId: 8332
PipeName: <Anonymous Pipe>
Image: C:\Windows\System32\WindowsPowerShell\v1.0\powershell.exe
User: MY-CALDERA\johnny.douche"
1792,MY-CAL-WIN10.my-caldera.local,17,"Pipe Created:
RuleName: -
EventType: CreatePipe
UtcTime: 2024-08-20 01:37:34.911
ProcessGuid: {ca24abc9-f35e-66c3-0010-000000001d00}
ProcessId: 7596
PipeName: \PSHost.133685914545690198.7596.DefaultAppDomain.powershell
Image: C:\Windows\System32\WindowsPowerShell\v1.0\powershell.exe
User: MY-CALDERA\johnny.douche"
1793,MY-CAL-WIN10.my-caldera.local,17,"Pipe Created:
RuleName: -
EventType: CreatePipe
UtcTime: 2024-08-20 01:37:34.566
ProcessGuid: {ca24abc9-dc4c-66c3-9501-000000001d00}
ProcessId: 8332
PipeName: <Anonymous Pipe>
Image: C:\Windows\System32\WindowsPowerShell\v1.0\powershell.exe
User: MY-CALDERA\johnny.douche"
1794,MY-CAL-WIN10.my-caldera.local,17,"Pipe Created:
RuleName: -
EventType: CreatePipe
UtcTime: 2024-08-20 01:38:16.037
ProcessGuid: {ca24abc9-f386-66c3-3c10-000000001d00}
ProcessId: 11480
PipeName: \PSHost.133685914945691390.11480.DefaultAppDomain.powershell
Image: C:\Windows\System32\WindowsPowerShell\v1.0\powershell.exe
User: MY-CALDERA\johnny.douche"
1795,MY-CAL-WIN10.my-caldera.local,17,"Pipe Created:
RuleName: -
EventType: CreatePipe
UtcTime: 2024-08-20 01:40:18.874
ProcessGuid: {ca24abc9-dc4c-66c3-9501-000000001d00}
ProcessId: 8332
PipeName: <Anonymous Pipe>
Image: C:\Windows\System32\WindowsPowerShell\v1.0\powershell.exe
User: MY-CALDERA\johnny.douche"
1796,MY-CAL-WIN10.my-caldera.local,17,"Pipe Created:
RuleName: -
EventType: CreatePipe
UtcTime: 2024-08-20 01:40:19.083
ProcessGuid: {ca24abc9-f402-66c3-8d10-000000001d00}
ProcessId: 4448
PipeName: \PSHost.133685916188760256.4448.DefaultAppDomain.powershell
Image: C:\Windows\System32\WindowsPowerShell\v1.0\powershell.exe
User: MY-CALDERA\johnny.douche"
1797,MY-CAL-WIN10.my-caldera.local,17,"Pipe Created:
RuleName: -
EventType: CreatePipe
UtcTime: 2024-08-20 01:40:19.916
ProcessGuid: {ca24abc9-f402-66c3-8d10-000000001d00}
ProcessId: 4448
PipeName: <Anonymous Pipe>
Image: C:\Windows\System32\WindowsPowerShell\v1.0\powershell.exe
User: MY-CALDERA\johnny.douche"
1798,MY-CAL-WIN10.my-caldera.local,17,"Pipe Created:
RuleName: -
EventType: CreatePipe
UtcTime: 2024-08-20 01:40:19.916
ProcessGuid: {ca24abc9-f402-66c3-8d10-000000001d00}
ProcessId: 4448
PipeName: <Anonymous Pipe>
Image: C:\Windows\System32\WindowsPowerShell\v1.0\powershell.exe
User: MY-CALDERA\johnny.douche"
1799,MY-CAL-WIN10.my-caldera.local,17,"Pipe Created:
RuleName: -
EventType: CreatePipe
UtcTime: 2024-08-20 01:40:19.916
ProcessGuid: {ca24abc9-f402-66c3-8d10-000000001d00}
ProcessId: 4448
PipeName: <Anonymous Pipe>
Image: C:\Windows\System32\WindowsPowerShell\v1.0\powershell.exe
User: MY-CALDERA\johnny.douche"
1800,MY-CAL-WIN10.my-caldera.local,17,"Pipe Created:
RuleName: -
EventType: CreatePipe
UtcTime: 2024-08-20 01:40:18.874
ProcessGuid: {ca24abc9-dc4c-66c3-9501-000000001d00}
ProcessId: 8332
PipeName: <Anonymous Pipe>
Image: C:\Windows\System32\WindowsPowerShell\v1.0\powershell.exe
User: MY-CALDERA\johnny.douche"
1801,MY-CAL-WIN10.my-caldera.local,17,"Pipe Created:
RuleName: -
EventType: CreatePipe
UtcTime: 2024-08-20 01:12:28.890
ProcessGuid: {ca24abc9-dc4c-66c3-9501-000000001d00}
ProcessId: 8332
PipeName: <Anonymous Pipe>
Image: C:\Windows\System32\WindowsPowerShell\v1.0\powershell.exe
User: MY-CALDERA\johnny.douche"
1802,MY-CAL-WIN10.my-caldera.local,17,"Pipe Created:
RuleName: -
EventType: CreatePipe
UtcTime: 2024-08-20 01:12:29.296
ProcessGuid: {ca24abc9-dc4c-66c3-9501-000000001d00}
ProcessId: 8332
PipeName: <Anonymous Pipe>
Image: C:\Windows\System32\WindowsPowerShell\v1.0\powershell.exe
User: MY-CALDERA\johnny.douche"
1803,MY-CAL-WIN10.my-caldera.local,17,"Pipe Created:
RuleName: -
EventType: CreatePipe
UtcTime: 2024-08-20 01:12:29.296
ProcessGuid: {ca24abc9-dc4c-66c3-9501-000000001d00}
ProcessId: 8332
PipeName: <Anonymous Pipe>
Image: C:\Windows\System32\WindowsPowerShell\v1.0\powershell.exe
User: MY-CALDERA\johnny.douche"
1804,MY-CAL-WIN10.my-caldera.local,17,"Pipe Created:
RuleName: -
EventType: CreatePipe
UtcTime: 2024-08-20 01:12:26.333
ProcessGuid: {ca24abc9-dc4c-66c3-9501-000000001d00}
ProcessId: 8332
PipeName: <Anonymous Pipe>
Image: C:\Windows\System32\WindowsPowerShell\v1.0\powershell.exe
User: MY-CALDERA\johnny.douche"
1805,MY-CAL-WIN10.my-caldera.local,17,"Pipe Created:
RuleName: -
EventType: CreatePipe
UtcTime: 2024-08-20 01:12:26.722
ProcessGuid: {ca24abc9-dc4c-66c3-9501-000000001d00}
ProcessId: 8332
PipeName: <Anonymous Pipe>
Image: C:\Windows\System32\WindowsPowerShell\v1.0\powershell.exe
User: MY-CALDERA\johnny.douche"
1806,MY-CAL-WIN10.my-caldera.local,17,"Pipe Created:
