RuleName: -
EventType: CreatePipe
UtcTime: 2024-08-20 20:29:58.270
ProcessGuid: {ca24abc9-ee08-66c4-2094-000000001900}
ProcessId: 28596
PipeName: <Anonymous Pipe>
Image: C:\Windows\Microsoft.NET\Framework64\v4.0.30319\ngen.exe
User: NT AUTHORITY\SYSTEM"
5094,MY-CAL-WIN10.my-caldera.local,17,"Pipe Created:
RuleName: -
EventType: CreatePipe
UtcTime: 2024-08-20 20:29:58.493
ProcessGuid: {ca24abc9-ee08-66c4-2094-000000001900}
ProcessId: 28596
PipeName: <Anonymous Pipe>
Image: C:\Windows\Microsoft.NET\Framework64\v4.0.30319\ngen.exe
User: NT AUTHORITY\SYSTEM"
5095,MY-CAL-WIN10.my-caldera.local,17,"Pipe Created:
RuleName: -
EventType: CreatePipe
UtcTime: 2024-08-20 20:30:06.006
ProcessGuid: {ca24abc9-ee08-66c4-2094-000000001900}
ProcessId: 28596
PipeName: <Anonymous Pipe>
Image: C:\Windows\Microsoft.NET\Framework64\v4.0.30319\ngen.exe
User: NT AUTHORITY\SYSTEM"
5096,MY-CAL-WIN10.my-caldera.local,17,"Pipe Created:
RuleName: -
EventType: CreatePipe
UtcTime: 2024-08-20 20:30:06.428
ProcessGuid: {ca24abc9-ee08-66c4-2094-000000001900}
ProcessId: 28596
PipeName: <Anonymous Pipe>
Image: C:\Windows\Microsoft.NET\Framework64\v4.0.30319\ngen.exe
User: NT AUTHORITY\SYSTEM"
5097,MY-CAL-WIN10.my-caldera.local,17,"Pipe Created:
RuleName: -
EventType: CreatePipe
UtcTime: 2024-08-20 20:30:10.502
ProcessGuid: {ca24abc9-ee08-66c4-2094-000000001900}
ProcessId: 28596
PipeName: <Anonymous Pipe>
Image: C:\Windows\Microsoft.NET\Framework64\v4.0.30319\ngen.exe
User: NT AUTHORITY\SYSTEM"
5098,MY-CAL-WIN10.my-caldera.local,17,"Pipe Created:
RuleName: -
EventType: CreatePipe
UtcTime: 2024-08-20 20:30:10.056
ProcessGuid: {ca24abc9-ee08-66c4-2094-000000001900}
ProcessId: 28596
PipeName: <Anonymous Pipe>
Image: C:\Windows\Microsoft.NET\Framework64\v4.0.30319\ngen.exe
User: NT AUTHORITY\SYSTEM"
5099,MY-CAL-WIN10.my-caldera.local,17,"Pipe Created:
RuleName: -
EventType: CreatePipe
UtcTime: 2024-08-20 20:30:10.968
ProcessGuid: {ca24abc9-ee08-66c4-2094-000000001900}
ProcessId: 28596
PipeName: <Anonymous Pipe>
Image: C:\Windows\Microsoft.NET\Framework64\v4.0.30319\ngen.exe
User: NT AUTHORITY\SYSTEM"
5100,MY-CAL-WIN10.my-caldera.local,17,"Pipe Created:
RuleName: -
EventType: CreatePipe
UtcTime: 2024-08-20 20:30:31.557
ProcessGuid: {ca24abc9-ee08-66c4-2094-000000001900}
ProcessId: 28596
PipeName: <Anonymous Pipe>
Image: C:\Windows\Microsoft.NET\Framework64\v4.0.30319\ngen.exe
User: NT AUTHORITY\SYSTEM"
5101,MY-CAL-WIN10.my-caldera.local,17,"Pipe Created:
RuleName: -
EventType: CreatePipe
UtcTime: 2024-08-20 20:30:31.195
ProcessGuid: {ca24abc9-ee08-66c4-2094-000000001900}
ProcessId: 28596
PipeName: <Anonymous Pipe>
Image: C:\Windows\Microsoft.NET\Framework64\v4.0.30319\ngen.exe
User: NT AUTHORITY\SYSTEM"
5102,MY-CAL-WIN10.my-caldera.local,17,"Pipe Created:
RuleName: -
EventType: CreatePipe
UtcTime: 2024-08-20 20:30:34.624
ProcessGuid: {ca24abc9-ee08-66c4-2094-000000001900}
ProcessId: 28596
PipeName: <Anonymous Pipe>
Image: C:\Windows\Microsoft.NET\Framework64\v4.0.30319\ngen.exe
User: NT AUTHORITY\SYSTEM"
5103,MY-CAL-WIN10.my-caldera.local,17,"Pipe Created:
RuleName: -
EventType: CreatePipe
UtcTime: 2024-08-20 20:30:34.923
ProcessGuid: {ca24abc9-ee08-66c4-2094-000000001900}
ProcessId: 28596
PipeName: <Anonymous Pipe>
Image: C:\Windows\Microsoft.NET\Framework64\v4.0.30319\ngen.exe
User: NT AUTHORITY\SYSTEM"
5104,MY-CAL-WIN10.my-caldera.local,17,"Pipe Created:
RuleName: -
EventType: CreatePipe
UtcTime: 2024-08-20 20:17:29.763
ProcessGuid: {ca24abc9-ee08-66c4-2094-000000001900}
ProcessId: 28596
PipeName: <Anonymous Pipe>
Image: C:\Windows\Microsoft.NET\Framework64\v4.0.30319\ngen.exe
User: NT AUTHORITY\SYSTEM"
5105,MY-CAL-WIN10.my-caldera.local,17,"Pipe Created:
RuleName: -
EventType: CreatePipe
UtcTime: 2024-08-20 20:17:49.775
ProcessGuid: {ca24abc9-ee08-66c4-2094-000000001900}
ProcessId: 28596
PipeName: <Anonymous Pipe>
Image: C:\Windows\Microsoft.NET\Framework64\v4.0.30319\ngen.exe
User: NT AUTHORITY\SYSTEM"
5106,MY-CAL-WIN10.my-caldera.local,17,"Pipe Created:
RuleName: -
EventType: CreatePipe
UtcTime: 2024-08-20 20:25:06.396
ProcessGuid: {ca24abc9-ee08-66c4-2094-000000001900}
ProcessId: 28596
PipeName: <Anonymous Pipe>
Image: C:\Windows\Microsoft.NET\Framework64\v4.0.30319\ngen.exe
User: NT AUTHORITY\SYSTEM"
5107,MY-CAL-WIN10.my-caldera.local,17,"Pipe Created:
RuleName: -
EventType: CreatePipe
UtcTime: 2024-08-20 20:25:17.945
ProcessGuid: {ca24abc9-ee08-66c4-2094-000000001900}
ProcessId: 28596
PipeName: <Anonymous Pipe>
Image: C:\Windows\Microsoft.NET\Framework64\v4.0.30319\ngen.exe
User: NT AUTHORITY\SYSTEM"
5108,MY-CAL-WIN10.my-caldera.local,17,"Pipe Created:
RuleName: -
EventType: CreatePipe
UtcTime: 2024-08-20 20:30:17.462
ProcessGuid: {ca24abc9-ee08-66c4-2094-000000001900}
ProcessId: 28596
PipeName: <Anonymous Pipe>
Image: C:\Windows\Microsoft.NET\Framework64\v4.0.30319\ngen.exe
User: NT AUTHORITY\SYSTEM"
5109,MY-CAL-WIN10.my-caldera.local,17,"Pipe Created:
RuleName: -
EventType: CreatePipe
UtcTime: 2024-08-20 20:30:15.328
ProcessGuid: {ca24abc9-ee08-66c4-2094-000000001900}
ProcessId: 28596
PipeName: <Anonymous Pipe>
Image: C:\Windows\Microsoft.NET\Framework64\v4.0.30319\ngen.exe
User: NT AUTHORITY\SYSTEM"
5110,MY-CAL-WIN10.my-caldera.local,17,"Pipe Created:
RuleName: -
EventType: CreatePipe
UtcTime: 2024-08-20 20:30:17.789
ProcessGuid: {ca24abc9-ee08-66c4-2094-000000001900}
ProcessId: 28596
PipeName: <Anonymous Pipe>
Image: C:\Windows\Microsoft.NET\Framework64\v4.0.30319\ngen.exe
User: NT AUTHORITY\SYSTEM"
5111,MY-CAL-WIN10.my-caldera.local,17,"Pipe Created:
RuleName: -
EventType: CreatePipe
UtcTime: 2024-08-20 20:30:14.923
ProcessGuid: {ca24abc9-ee08-66c4-2094-000000001900}
ProcessId: 28596
PipeName: <Anonymous Pipe>
Image: C:\Windows\Microsoft.NET\Framework64\v4.0.30319\ngen.exe
User: NT AUTHORITY\SYSTEM"
5112,MY-CAL-WIN10.my-caldera.local,17,"Pipe Created:
RuleName: -
EventType: CreatePipe
UtcTime: 2024-08-20 20:30:22.505
ProcessGuid: {ca24abc9-ee08-66c4-2094-000000001900}
ProcessId: 28596
PipeName: <Anonymous Pipe>
Image: C:\Windows\Microsoft.NET\Framework64\v4.0.30319\ngen.exe
User: NT AUTHORITY\SYSTEM"
5113,MY-CAL-WIN10.my-caldera.local,17,"Pipe Created:
RuleName: -
EventType: CreatePipe
UtcTime: 2024-08-20 20:30:26.334
ProcessGuid: {ca24abc9-ee08-66c4-2094-000000001900}
ProcessId: 28596
PipeName: <Anonymous Pipe>
Image: C:\Windows\Microsoft.NET\Framework64\v4.0.30319\ngen.exe
User: NT AUTHORITY\SYSTEM"
5114,MY-CAL-WIN10.my-caldera.local,17,"Pipe Created:
RuleName: -
EventType: CreatePipe
UtcTime: 2024-08-20 20:30:26.919
ProcessGuid: {ca24abc9-ee08-66c4-2094-000000001900}
ProcessId: 28596
PipeName: <Anonymous Pipe>
Image: C:\Windows\Microsoft.NET\Framework64\v4.0.30319\ngen.exe
User: NT AUTHORITY\SYSTEM"
5115,MY-CAL-WIN10.my-caldera.local,17,"Pipe Created:
RuleName: -
EventType: CreatePipe
UtcTime: 2024-08-20 20:30:28.288
ProcessGuid: {ca24abc9-ee08-66c4-2094-000000001900}
ProcessId: 28596
PipeName: <Anonymous Pipe>
Image: C:\Windows\Microsoft.NET\Framework64\v4.0.30319\ngen.exe
User: NT AUTHORITY\SYSTEM"
5116,MY-CAL-WIN10.my-caldera.local,17,"Pipe Created:
RuleName: -
EventType: CreatePipe
UtcTime: 2024-08-20 20:30:27.728
ProcessGuid: {ca24abc9-ee08-66c4-2094-000000001900}
ProcessId: 28596
PipeName: <Anonymous Pipe>
Image: C:\Windows\Microsoft.NET\Framework64\v4.0.30319\ngen.exe
User: NT AUTHORITY\SYSTEM"
5117,MY-CAL-WIN10.my-caldera.local,17,"Pipe Created:
RuleName: -
EventType: CreatePipe
UtcTime: 2024-08-20 20:30:29.106
ProcessGuid: {ca24abc9-ee08-66c4-2094-000000001900}
ProcessId: 28596
PipeName: <Anonymous Pipe>
Image: C:\Windows\Microsoft.NET\Framework64\v4.0.30319\ngen.exe
User: NT AUTHORITY\SYSTEM"
5118,MY-CAL-WIN10.my-caldera.local,17,"Pipe Created:
RuleName: -
EventType: CreatePipe
UtcTime: 2024-08-20 20:30:29.224
ProcessGuid: {ca24abc9-ee08-66c4-2094-000000001900}
ProcessId: 28596
PipeName: <Anonymous Pipe>
Image: C:\Windows\Microsoft.NET\Framework64\v4.0.30319\ngen.exe
User: NT AUTHORITY\SYSTEM"
5119,MY-CAL-WIN10.my-caldera.local,17,"Pipe Created:
RuleName: -
EventType: CreatePipe
UtcTime: 2024-08-20 20:30:29.667
ProcessGuid: {ca24abc9-ee08-66c4-2094-000000001900}
ProcessId: 28596
PipeName: <Anonymous Pipe>
Image: C:\Windows\Microsoft.NET\Framework64\v4.0.30319\ngen.exe
User: NT AUTHORITY\SYSTEM"
5120,MY-CAL-WIN10.my-caldera.local,17,"Pipe Created:
RuleName: -
EventType: CreatePipe
UtcTime: 2024-08-20 20:30:29.809
ProcessGuid: {ca24abc9-ee08-66c4-2094-000000001900}
ProcessId: 28596
PipeName: <Anonymous Pipe>
Image: C:\Windows\Microsoft.NET\Framework64\v4.0.30319\ngen.exe
User: NT AUTHORITY\SYSTEM"
5121,MY-CAL-WIN10.my-caldera.local,17,"Pipe Created:
RuleName: -
EventType: CreatePipe
UtcTime: 2024-08-20 20:30:28.487
ProcessGuid: {ca24abc9-ee08-66c4-2094-000000001900}
ProcessId: 28596
PipeName: <Anonymous Pipe>
Image: C:\Windows\Microsoft.NET\Framework64\v4.0.30319\ngen.exe
User: NT AUTHORITY\SYSTEM"
5122,MY-CAL-WIN10.my-caldera.local,17,"Pipe Created:
RuleName: -
EventType: CreatePipe
UtcTime: 2024-08-20 20:30:26.654
ProcessGuid: {ca24abc9-ee08-66c4-2094-000000001900}
ProcessId: 28596
PipeName: <Anonymous Pipe>
Image: C:\Windows\Microsoft.NET\Framework64\v4.0.30319\ngen.exe
User: NT AUTHORITY\SYSTEM"
5123,MY-CAL-WIN10.my-caldera.local,17,"Pipe Created:
RuleName: -
EventType: CreatePipe
UtcTime: 2024-08-20 20:30:28.102
ProcessGuid: {ca24abc9-ee08-66c4-2094-000000001900}
ProcessId: 28596
PipeName: <Anonymous Pipe>
Image: C:\Windows\Microsoft.NET\Framework64\v4.0.30319\ngen.exe
User: NT AUTHORITY\SYSTEM"
5124,MY-CAL-WIN10.my-caldera.local,17,"Pipe Created:
RuleName: -
EventType: CreatePipe
UtcTime: 2024-08-20 20:30:28.645
ProcessGuid: {ca24abc9-ee08-66c4-2094-000000001900}
ProcessId: 28596
PipeName: <Anonymous Pipe>
Image: C:\Windows\Microsoft.NET\Framework64\v4.0.30319\ngen.exe
User: NT AUTHORITY\SYSTEM"
5125,MY-CAL-WIN10.my-caldera.local,17,"Pipe Created:
RuleName: -
EventType: CreatePipe
UtcTime: 2024-08-20 20:30:29.449
ProcessGuid: {ca24abc9-ee08-66c4-2094-000000001900}
ProcessId: 28596
PipeName: <Anonymous Pipe>
Image: C:\Windows\Microsoft.NET\Framework64\v4.0.30319\ngen.exe
User: NT AUTHORITY\SYSTEM"
5126,MY-CAL-WIN10.my-caldera.local,17,"Pipe Created:
RuleName: -
EventType: CreatePipe
UtcTime: 2024-08-20 20:30:32.328
ProcessGuid: {ca24abc9-ee08-66c4-2094-000000001900}
ProcessId: 28596
PipeName: <Anonymous Pipe>
Image: C:\Windows\Microsoft.NET\Framework64\v4.0.30319\ngen.exe
User: NT AUTHORITY\SYSTEM"
5127,MY-CAL-WIN10.my-caldera.local,17,"Pipe Created:
RuleName: -
EventType: CreatePipe
UtcTime: 2024-08-20 20:30:32.469
ProcessGuid: {ca24abc9-ee08-66c4-2094-000000001900}
ProcessId: 28596
PipeName: <Anonymous Pipe>
Image: C:\Windows\Microsoft.NET\Framework64\v4.0.30319\ngen.exe
User: NT AUTHORITY\SYSTEM"
5128,MY-CAL-WIN10.my-caldera.local,17,"Pipe Created:
RuleName: -
EventType: CreatePipe
UtcTime: 2024-08-20 20:30:32.928
ProcessGuid: {ca24abc9-ee08-66c4-2094-000000001900}
ProcessId: 28596
PipeName: <Anonymous Pipe>
Image: C:\Windows\Microsoft.NET\Framework64\v4.0.30319\ngen.exe
User: NT AUTHORITY\SYSTEM"
5129,MY-CAL-WIN10.my-caldera.local,17,"Pipe Created:
RuleName: -
EventType: CreatePipe
UtcTime: 2024-08-20 20:30:32.614
ProcessGuid: {ca24abc9-ee08-66c4-2094-000000001900}
ProcessId: 28596
PipeName: <Anonymous Pipe>
Image: C:\Windows\Microsoft.NET\Framework64\v4.0.30319\ngen.exe
User: NT AUTHORITY\SYSTEM"
5130,MY-CAL-WIN10.my-caldera.local,17,"Pipe Created:
RuleName: -
EventType: CreatePipe
UtcTime: 2024-08-20 20:30:39.150
ProcessGuid: {ca24abc9-ee08-66c4-2094-000000001900}
ProcessId: 28596
PipeName: <Anonymous Pipe>
Image: C:\Windows\Microsoft.NET\Framework64\v4.0.30319\ngen.exe
User: NT AUTHORITY\SYSTEM"
5131,MY-CAL-WIN10.my-caldera.local,17,"Pipe Created:
RuleName: -
EventType: CreatePipe
UtcTime: 2024-08-20 20:30:39.837
ProcessGuid: {ca24abc9-ee08-66c4-2094-000000001900}
ProcessId: 28596
PipeName: <Anonymous Pipe>
Image: C:\Windows\Microsoft.NET\Framework64\v4.0.30319\ngen.exe
User: NT AUTHORITY\SYSTEM"
5132,MY-CAL-WIN10.my-caldera.local,17,"Pipe Created:
RuleName: -
EventType: CreatePipe
UtcTime: 2024-08-20 20:30:41.570
ProcessGuid: {ca24abc9-ee08-66c4-2094-000000001900}
ProcessId: 28596
PipeName: <Anonymous Pipe>
Image: C:\Windows\Microsoft.NET\Framework64\v4.0.30319\ngen.exe
User: NT AUTHORITY\SYSTEM"
5133,MY-CAL-WIN10.my-caldera.local,17,"Pipe Created:
RuleName: -
EventType: CreatePipe
UtcTime: 2024-08-20 20:30:41.234
ProcessGuid: {ca24abc9-ee08-66c4-2094-000000001900}
ProcessId: 28596
PipeName: <Anonymous Pipe>
Image: C:\Windows\Microsoft.NET\Framework64\v4.0.30319\ngen.exe
User: NT AUTHORITY\SYSTEM"
5134,MY-CAL-WIN10.my-caldera.local,17,"Pipe Created:
RuleName: -
EventType: CreatePipe
UtcTime: 2024-08-20 20:30:42.233
ProcessGuid: {ca24abc9-ee08-66c4-2094-000000001900}
ProcessId: 28596
PipeName: <Anonymous Pipe>
Image: C:\Windows\Microsoft.NET\Framework64\v4.0.30319\ngen.exe
User: NT AUTHORITY\SYSTEM"
5135,MY-CAL-WIN10.my-caldera.local,17,"Pipe Created:
RuleName: -
EventType: CreatePipe
UtcTime: 2024-08-20 20:30:40.471
ProcessGuid: {ca24abc9-ee08-66c4-2094-000000001900}
ProcessId: 28596
PipeName: <Anonymous Pipe>
Image: C:\Windows\Microsoft.NET\Framework64\v4.0.30319\ngen.exe
User: NT AUTHORITY\SYSTEM"
5136,MY-CAL-WIN10.my-caldera.local,17,"Pipe Created:
RuleName: -
EventType: CreatePipe
UtcTime: 2024-08-20 20:30:40.728
ProcessGuid: {ca24abc9-ee08-66c4-2094-000000001900}
ProcessId: 28596
PipeName: <Anonymous Pipe>
Image: C:\Windows\Microsoft.NET\Framework64\v4.0.30319\ngen.exe
User: NT AUTHORITY\SYSTEM"
5137,MY-CAL-WIN10.my-caldera.local,17,"Pipe Created:
RuleName: -
EventType: CreatePipe
UtcTime: 2024-08-20 20:30:40.982
ProcessGuid: {ca24abc9-ee08-66c4-2094-000000001900}
ProcessId: 28596
PipeName: <Anonymous Pipe>
Image: C:\Windows\Microsoft.NET\Framework64\v4.0.30319\ngen.exe
User: NT AUTHORITY\SYSTEM"
5138,MY-CAL-WIN10.my-caldera.local,17,"Pipe Created:
RuleName: -
EventType: CreatePipe
UtcTime: 2024-08-20 20:30:40.185
ProcessGuid: {ca24abc9-ee08-66c4-2094-000000001900}
ProcessId: 28596
PipeName: <Anonymous Pipe>
Image: C:\Windows\Microsoft.NET\Framework64\v4.0.30319\ngen.exe
User: NT AUTHORITY\SYSTEM"
5139,MY-CAL-WIN10.my-caldera.local,17,"Pipe Created:
RuleName: -
EventType: CreatePipe
UtcTime: 2024-08-20 20:30:42.487
ProcessGuid: {ca24abc9-ee08-66c4-2094-000000001900}
ProcessId: 28596
PipeName: <Anonymous Pipe>
Image: C:\Windows\Microsoft.NET\Framework64\v4.0.30319\ngen.exe
User: NT AUTHORITY\SYSTEM"
5140,MY-CAL-WIN10.my-caldera.local,17,"Pipe Created:
RuleName: -
EventType: CreatePipe
UtcTime: 2024-08-20 20:30:41.753
ProcessGuid: {ca24abc9-ee08-66c4-2094-000000001900}
ProcessId: 28596
PipeName: <Anonymous Pipe>
Image: C:\Windows\Microsoft.NET\Framework64\v4.0.30319\ngen.exe
User: NT AUTHORITY\SYSTEM"
5141,MY-CAL-WIN10.my-caldera.local,17,"Pipe Created:
RuleName: -
EventType: CreatePipe
UtcTime: 2024-08-20 20:30:42.898
ProcessGuid: {ca24abc9-ee08-66c4-2094-000000001900}
ProcessId: 28596
PipeName: <Anonymous Pipe>
Image: C:\Windows\Microsoft.NET\Framework64\v4.0.30319\ngen.exe
User: NT AUTHORITY\SYSTEM"
5142,MY-CAL-WIN10.my-caldera.local,17,"Pipe Created:
RuleName: -
EventType: CreatePipe
UtcTime: 2024-08-20 20:30:43.169
ProcessGuid: {ca24abc9-ee08-66c4-2094-000000001900}
ProcessId: 28596
PipeName: <Anonymous Pipe>
Image: C:\Windows\Microsoft.NET\Framework64\v4.0.30319\ngen.exe
User: NT AUTHORITY\SYSTEM"
5143,MY-CAL-WIN10.my-caldera.local,17,"Pipe Created:
RuleName: -
EventType: CreatePipe
UtcTime: 2024-08-20 20:30:41.994
ProcessGuid: {ca24abc9-ee08-66c4-2094-000000001900}
ProcessId: 28596
PipeName: <Anonymous Pipe>
Image: C:\Windows\Microsoft.NET\Framework64\v4.0.30319\ngen.exe
User: NT AUTHORITY\SYSTEM"
5144,MY-CAL-WIN10.my-caldera.local,17,"Pipe Created:
RuleName: -
EventType: CreatePipe
UtcTime: 2024-08-20 20:30:42.671
ProcessGuid: {ca24abc9-ee08-66c4-2094-000000001900}
ProcessId: 28596
PipeName: <Anonymous Pipe>
Image: C:\Windows\Microsoft.NET\Framework64\v4.0.30319\ngen.exe
User: NT AUTHORITY\SYSTEM"
5145,MY-CAL-WIN10.my-caldera.local,17,"Pipe Created:
RuleName: -
EventType: CreatePipe
UtcTime: 2024-08-20 20:30:38.899
ProcessGuid: {ca24abc9-ee08-66c4-2094-000000001900}
ProcessId: 28596
PipeName: <Anonymous Pipe>
Image: C:\Windows\Microsoft.NET\Framework64\v4.0.30319\ngen.exe
User: NT AUTHORITY\SYSTEM"
5146,MY-CAL-WIN10.my-caldera.local,17,"Pipe Created:
RuleName: -
EventType: CreatePipe
UtcTime: 2024-08-20 20:30:47.467
ProcessGuid: {ca24abc9-ee08-66c4-2094-000000001900}
ProcessId: 28596
PipeName: <Anonymous Pipe>
Image: C:\Windows\Microsoft.NET\Framework64\v4.0.30319\ngen.exe
User: NT AUTHORITY\SYSTEM"
5147,MY-CAL-WIN10.my-caldera.local,17,"Pipe Created:
RuleName: -
EventType: CreatePipe
UtcTime: 2024-08-20 20:30:55.859
ProcessGuid: {ca24abc9-ee08-66c4-2094-000000001900}
ProcessId: 28596
PipeName: <Anonymous Pipe>
Image: C:\Windows\Microsoft.NET\Framework64\v4.0.30319\ngen.exe
User: NT AUTHORITY\SYSTEM"
5148,MY-CAL-WIN10.my-caldera.local,17,"Pipe Created:
RuleName: -
EventType: CreatePipe
UtcTime: 2024-08-20 20:30:56.797
ProcessGuid: {ca24abc9-ee08-66c4-2094-000000001900}
ProcessId: 28596
PipeName: <Anonymous Pipe>
Image: C:\Windows\Microsoft.NET\Framework64\v4.0.30319\ngen.exe
User: NT AUTHORITY\SYSTEM"
5149,MY-CAL-WIN10.my-caldera.local,17,"Pipe Created:
RuleName: -
EventType: CreatePipe
UtcTime: 2024-08-20 20:30:56.595
ProcessGuid: {ca24abc9-ee08-66c4-2094-000000001900}
ProcessId: 28596
PipeName: <Anonymous Pipe>
Image: C:\Windows\Microsoft.NET\Framework64\v4.0.30319\ngen.exe
User: NT AUTHORITY\SYSTEM"
5150,MY-CAL-WIN10.my-caldera.local,17,"Pipe Created:
RuleName: -
EventType: CreatePipe
UtcTime: 2024-08-20 20:30:59.926
ProcessGuid: {ca24abc9-ee08-66c4-2094-000000001900}
ProcessId: 28596
PipeName: <Anonymous Pipe>
Image: C:\Windows\Microsoft.NET\Framework64\v4.0.30319\ngen.exe
User: NT AUTHORITY\SYSTEM"
5151,MY-CAL-WIN10.my-caldera.local,17,"Pipe Created:
RuleName: -
EventType: CreatePipe
UtcTime: 2024-08-20 20:31:00.907
ProcessGuid: {ca24abc9-ee08-66c4-2094-000000001900}
ProcessId: 28596
PipeName: <Anonymous Pipe>
Image: C:\Windows\Microsoft.NET\Framework64\v4.0.30319\ngen.exe
User: NT AUTHORITY\SYSTEM"
5152,MY-CAL-WIN10.my-caldera.local,17,"Pipe Created:
RuleName: -
EventType: CreatePipe
UtcTime: 2024-08-20 20:30:59.083
ProcessGuid: {ca24abc9-ee08-66c4-2094-000000001900}
ProcessId: 28596
PipeName: <Anonymous Pipe>
Image: C:\Windows\Microsoft.NET\Framework64\v4.0.30319\ngen.exe
User: NT AUTHORITY\SYSTEM"
5153,MY-CAL-WIN10.my-caldera.local,17,"Pipe Created:
RuleName: -
EventType: CreatePipe
UtcTime: 2024-08-20 20:30:56.056
ProcessGuid: {ca24abc9-ee08-66c4-2094-000000001900}
ProcessId: 28596
PipeName: <Anonymous Pipe>
Image: C:\Windows\Microsoft.NET\Framework64\v4.0.30319\ngen.exe
User: NT AUTHORITY\SYSTEM"
5154,MY-CAL-WIN10.my-caldera.local,17,"Pipe Created:
RuleName: -
EventType: CreatePipe
UtcTime: 2024-08-20 20:30:59.376
ProcessGuid: {ca24abc9-ee08-66c4-2094-000000001900}
ProcessId: 28596
PipeName: <Anonymous Pipe>
Image: C:\Windows\Microsoft.NET\Framework64\v4.0.30319\ngen.exe
User: NT AUTHORITY\SYSTEM"
5155,MY-CAL-WIN10.my-caldera.local,17,"Pipe Created:
RuleName: -
EventType: CreatePipe
UtcTime: 2024-08-20 20:30:56.395
ProcessGuid: {ca24abc9-ee08-66c4-2094-000000001900}
ProcessId: 28596
PipeName: <Anonymous Pipe>
Image: C:\Windows\Microsoft.NET\Framework64\v4.0.30319\ngen.exe
User: NT AUTHORITY\SYSTEM"
5156,MY-CAL-WIN10.my-caldera.local,17,"Pipe Created:
RuleName: -
EventType: CreatePipe
UtcTime: 2024-08-20 20:30:57.186
ProcessGuid: {ca24abc9-ee08-66c4-2094-000000001900}
ProcessId: 28596
PipeName: <Anonymous Pipe>
Image: C:\Windows\Microsoft.NET\Framework64\v4.0.30319\ngen.exe
User: NT AUTHORITY\SYSTEM"
5157,MY-CAL-WIN10.my-caldera.local,17,"Pipe Created:
RuleName: -
EventType: CreatePipe
UtcTime: 2024-08-20 20:30:55.186
ProcessGuid: {ca24abc9-ee08-66c4-2094-000000001900}
ProcessId: 28596
PipeName: <Anonymous Pipe>
Image: C:\Windows\Microsoft.NET\Framework64\v4.0.30319\ngen.exe
User: NT AUTHORITY\SYSTEM"
5158,MY-CAL-WIN10.my-caldera.local,17,"Pipe Created:
RuleName: -
EventType: CreatePipe
UtcTime: 2024-08-20 20:30:55.611
ProcessGuid: {ca24abc9-ee08-66c4-2094-000000001900}
ProcessId: 28596
PipeName: <Anonymous Pipe>
Image: C:\Windows\Microsoft.NET\Framework64\v4.0.30319\ngen.exe
User: NT AUTHORITY\SYSTEM"
5159,MY-CAL-WIN10.my-caldera.local,17,"Pipe Created:
RuleName: -
EventType: CreatePipe
UtcTime: 2024-08-20 20:31:00.291
ProcessGuid: {ca24abc9-ee08-66c4-2094-000000001900}
ProcessId: 28596
PipeName: <Anonymous Pipe>
Image: C:\Windows\Microsoft.NET\Framework64\v4.0.30319\ngen.exe
User: NT AUTHORITY\SYSTEM"
5160,MY-CAL-WIN10.my-caldera.local,17,"Pipe Created:
RuleName: -
EventType: CreatePipe
UtcTime: 2024-08-20 20:31:00.564
ProcessGuid: {ca24abc9-ee08-66c4-2094-000000001900}
ProcessId: 28596
PipeName: <Anonymous Pipe>
Image: C:\Windows\Microsoft.NET\Framework64\v4.0.30319\ngen.exe
User: NT AUTHORITY\SYSTEM"
5161,MY-CAL-WIN10.my-caldera.local,17,"Pipe Created:
RuleName: -
EventType: CreatePipe
UtcTime: 2024-08-20 20:31:01.725
ProcessGuid: {ca24abc9-ee08-66c4-2094-000000001900}
ProcessId: 28596
PipeName: <Anonymous Pipe>
Image: C:\Windows\Microsoft.NET\Framework64\v4.0.30319\ngen.exe
User: NT AUTHORITY\SYSTEM"
5162,MY-CAL-WIN10.my-caldera.local,17,"Pipe Created:
RuleName: -
EventType: CreatePipe
UtcTime: 2024-08-20 20:31:06.152
ProcessGuid: {ca24abc9-ee08-66c4-2094-000000001900}
ProcessId: 28596
PipeName: <Anonymous Pipe>
Image: C:\Windows\Microsoft.NET\Framework64\v4.0.30319\ngen.exe
User: NT AUTHORITY\SYSTEM"
5163,MY-CAL-WIN10.my-caldera.local,17,"Pipe Created:
RuleName: -
EventType: CreatePipe
UtcTime: 2024-08-20 20:31:15.884
ProcessGuid: {ca24abc9-ee08-66c4-2094-000000001900}
ProcessId: 28596
PipeName: <Anonymous Pipe>
Image: C:\Windows\Microsoft.NET\Framework64\v4.0.30319\ngen.exe
User: NT AUTHORITY\SYSTEM"
5164,MY-CAL-WIN10.my-caldera.local,17,"Pipe Created:
RuleName: -
EventType: CreatePipe
UtcTime: 2024-08-20 20:31:16.824
ProcessGuid: {ca24abc9-ee08-66c4-2094-000000001900}
ProcessId: 28596
PipeName: <Anonymous Pipe>
Image: C:\Windows\Microsoft.NET\Framework64\v4.0.30319\ngen.exe
User: NT AUTHORITY\SYSTEM"
5165,MY-CAL-WIN10.my-caldera.local,17,"Pipe Created:
RuleName: -
EventType: CreatePipe
UtcTime: 2024-08-20 20:31:17.171
ProcessGuid: {ca24abc9-ee08-66c4-2094-000000001900}
ProcessId: 28596
PipeName: <Anonymous Pipe>
Image: C:\Windows\Microsoft.NET\Framework64\v4.0.30319\ngen.exe
User: NT AUTHORITY\SYSTEM"
5166,MY-CAL-WIN10.my-caldera.local,17,"Pipe Created:
RuleName: -
EventType: CreatePipe
UtcTime: 2024-08-20 20:31:17.265
ProcessGuid: {ca24abc9-ee08-66c4-2094-000000001900}
ProcessId: 28596
PipeName: <Anonymous Pipe>
Image: C:\Windows\Microsoft.NET\Framework64\v4.0.30319\ngen.exe
User: NT AUTHORITY\SYSTEM"
5167,MY-CAL-WIN10.my-caldera.local,17,"Pipe Created:
RuleName: -
EventType: CreatePipe
UtcTime: 2024-08-20 20:31:16.123
ProcessGuid: {ca24abc9-ee08-66c4-2094-000000001900}
ProcessId: 28596
PipeName: <Anonymous Pipe>
Image: C:\Windows\Microsoft.NET\Framework64\v4.0.30319\ngen.exe
User: NT AUTHORITY\SYSTEM"
5168,MY-CAL-WIN10.my-caldera.local,17,"Pipe Created:
RuleName: -
EventType: CreatePipe
UtcTime: 2024-08-20 20:31:18.152
ProcessGuid: {ca24abc9-ee08-66c4-2094-000000001900}
ProcessId: 28596
PipeName: <Anonymous Pipe>
Image: C:\Windows\Microsoft.NET\Framework64\v4.0.30319\ngen.exe
User: NT AUTHORITY\SYSTEM"
5169,MY-CAL-WIN10.my-caldera.local,17,"Pipe Created:
RuleName: -
EventType: CreatePipe
UtcTime: 2024-08-20 20:31:13.567
ProcessGuid: {ca24abc9-ee08-66c4-2094-000000001900}
ProcessId: 28596
PipeName: <Anonymous Pipe>
Image: C:\Windows\Microsoft.NET\Framework64\v4.0.30319\ngen.exe
User: NT AUTHORITY\SYSTEM"
5170,MY-CAL-WIN10.my-caldera.local,17,"Pipe Created:
RuleName: -
EventType: CreatePipe
UtcTime: 2024-08-20 20:31:15.571
ProcessGuid: {ca24abc9-ee08-66c4-2094-000000001900}
ProcessId: 28596
PipeName: <Anonymous Pipe>
Image: C:\Windows\Microsoft.NET\Framework64\v4.0.30319\ngen.exe
User: NT AUTHORITY\SYSTEM"
5171,MY-CAL-WIN10.my-caldera.local,17,"Pipe Created:
RuleName: -
EventType: CreatePipe
UtcTime: 2024-08-20 20:31:16.294
ProcessGuid: {ca24abc9-ee08-66c4-2094-000000001900}
ProcessId: 28596
PipeName: <Anonymous Pipe>
Image: C:\Windows\Microsoft.NET\Framework64\v4.0.30319\ngen.exe
User: NT AUTHORITY\SYSTEM"
5172,MY-CAL-WIN10.my-caldera.local,17,"Pipe Created:
RuleName: -
EventType: CreatePipe
UtcTime: 2024-08-20 20:31:16.477
ProcessGuid: {ca24abc9-ee08-66c4-2094-000000001900}
ProcessId: 28596
PipeName: <Anonymous Pipe>
Image: C:\Windows\Microsoft.NET\Framework64\v4.0.30319\ngen.exe
User: NT AUTHORITY\SYSTEM"
5173,MY-CAL-WIN10.my-caldera.local,17,"Pipe Created:
RuleName: -
EventType: CreatePipe
UtcTime: 2024-08-20 20:31:16.699
ProcessGuid: {ca24abc9-ee08-66c4-2094-000000001900}
ProcessId: 28596
PipeName: <Anonymous Pipe>
Image: C:\Windows\Microsoft.NET\Framework64\v4.0.30319\ngen.exe
User: NT AUTHORITY\SYSTEM"
5174,MY-CAL-WIN10.my-caldera.local,17,"Pipe Created:
RuleName: -
EventType: CreatePipe
UtcTime: 2024-08-20 20:31:13.370
ProcessGuid: {ca24abc9-ee08-66c4-2094-000000001900}
ProcessId: 28596
PipeName: <Anonymous Pipe>
Image: C:\Windows\Microsoft.NET\Framework64\v4.0.30319\ngen.exe
User: NT AUTHORITY\SYSTEM"
5175,MY-CAL-WIN10.my-caldera.local,17,"Pipe Created:
RuleName: -
EventType: CreatePipe
UtcTime: 2024-08-20 20:31:17.424
ProcessGuid: {ca24abc9-ee08-66c4-2094-000000001900}
ProcessId: 28596
PipeName: <Anonymous Pipe>
Image: C:\Windows\Microsoft.NET\Framework64\v4.0.30319\ngen.exe
User: NT AUTHORITY\SYSTEM"
5176,MY-CAL-WIN10.my-caldera.local,17,"Pipe Created:
RuleName: -
EventType: CreatePipe
UtcTime: 2024-08-20 20:31:17.541
ProcessGuid: {ca24abc9-ee08-66c4-2094-000000001900}
ProcessId: 28596
PipeName: <Anonymous Pipe>
Image: C:\Windows\Microsoft.NET\Framework64\v4.0.30319\ngen.exe
User: NT AUTHORITY\SYSTEM"
5177,MY-CAL-WIN10.my-caldera.local,17,"Pipe Created:
RuleName: -
EventType: CreatePipe
UtcTime: 2024-08-20 20:31:22.049
ProcessGuid: {ca24abc9-ee08-66c4-2094-000000001900}
ProcessId: 28596
PipeName: <Anonymous Pipe>
Image: C:\Windows\Microsoft.NET\Framework64\v4.0.30319\ngen.exe
User: NT AUTHORITY\SYSTEM"
5178,MY-CAL-WIN10.my-caldera.local,17,"Pipe Created:
RuleName: -
EventType: CreatePipe
UtcTime: 2024-08-20 20:31:22.347
ProcessGuid: {ca24abc9-ee08-66c4-2094-000000001900}
ProcessId: 28596
PipeName: <Anonymous Pipe>
Image: C:\Windows\Microsoft.NET\Framework64\v4.0.30319\ngen.exe
User: NT AUTHORITY\SYSTEM"
5179,MY-CAL-WIN10.my-caldera.local,17,"Pipe Created:
RuleName: -
EventType: CreatePipe
UtcTime: 2024-08-20 20:31:22.478
ProcessGuid: {ca24abc9-ee08-66c4-2094-000000001900}
ProcessId: 28596
PipeName: <Anonymous Pipe>
Image: C:\Windows\Microsoft.NET\Framework64\v4.0.30319\ngen.exe
User: NT AUTHORITY\SYSTEM"
5180,MY-CAL-WIN10.my-caldera.local,17,"Pipe Created:
RuleName: -
EventType: CreatePipe
UtcTime: 2024-08-20 20:31:21.839
ProcessGuid: {ca24abc9-ee08-66c4-2094-000000001900}
ProcessId: 28596
PipeName: <Anonymous Pipe>
Image: C:\Windows\Microsoft.NET\Framework64\v4.0.30319\ngen.exe
User: NT AUTHORITY\SYSTEM"
5181,MY-CAL-WIN10.my-caldera.local,17,"Pipe Created:
RuleName: -
EventType: CreatePipe
UtcTime: 2024-08-20 20:31:22.194
ProcessGuid: {ca24abc9-ee08-66c4-2094-000000001900}
ProcessId: 28596
PipeName: <Anonymous Pipe>
Image: C:\Windows\Microsoft.NET\Framework64\v4.0.30319\ngen.exe
User: NT AUTHORITY\SYSTEM"
5182,MY-CAL-WIN10.my-caldera.local,17,"Pipe Created:
RuleName: -
EventType: CreatePipe
UtcTime: 2024-08-20 20:31:22.638
ProcessGuid: {ca24abc9-ee08-66c4-2094-000000001900}
ProcessId: 28596
PipeName: <Anonymous Pipe>
Image: C:\Windows\Microsoft.NET\Framework64\v4.0.30319\ngen.exe
User: NT AUTHORITY\SYSTEM"
5183,MY-CAL-WIN10.my-caldera.local,17,"Pipe Created:
RuleName: -
EventType: CreatePipe
UtcTime: 2024-08-20 20:31:37.326
ProcessGuid: {ca24abc9-ee08-66c4-2094-000000001900}
ProcessId: 28596
PipeName: <Anonymous Pipe>
Image: C:\Windows\Microsoft.NET\Framework64\v4.0.30319\ngen.exe
User: NT AUTHORITY\SYSTEM"
5184,MY-CAL-WIN10.my-caldera.local,17,"Pipe Created:
RuleName: -
EventType: CreatePipe
UtcTime: 2024-08-20 20:31:37.488
ProcessGuid: {ca24abc9-ee08-66c4-2094-000000001900}
ProcessId: 28596
PipeName: <Anonymous Pipe>
Image: C:\Windows\Microsoft.NET\Framework64\v4.0.30319\ngen.exe
User: NT AUTHORITY\SYSTEM"
5185,MY-CAL-WIN10.my-caldera.local,17,"Pipe Created:
RuleName: -
EventType: CreatePipe
UtcTime: 2024-08-20 20:31:37.626
ProcessGuid: {ca24abc9-ee08-66c4-2094-000000001900}
ProcessId: 28596
PipeName: <Anonymous Pipe>
Image: C:\Windows\Microsoft.NET\Framework64\v4.0.30319\ngen.exe
User: NT AUTHORITY\SYSTEM"
5186,MY-CAL-WIN10.my-caldera.local,17,"Pipe Created:
RuleName: -
EventType: CreatePipe
UtcTime: 2024-08-20 20:31:52.187
ProcessGuid: {ca24abc9-ee08-66c4-2094-000000001900}
ProcessId: 28596
PipeName: <Anonymous Pipe>
Image: C:\Windows\Microsoft.NET\Framework64\v4.0.30319\ngen.exe
User: NT AUTHORITY\SYSTEM"
5187,MY-CAL-WIN10.my-caldera.local,17,"Pipe Created:
RuleName: -
EventType: CreatePipe
UtcTime: 2024-08-20 20:31:52.365
ProcessGuid: {ca24abc9-ee08-66c4-2094-000000001900}
ProcessId: 28596
PipeName: <Anonymous Pipe>
Image: C:\Windows\Microsoft.NET\Framework64\v4.0.30319\ngen.exe
User: NT AUTHORITY\SYSTEM"
5188,MY-CAL-WIN10.my-caldera.local,17,"Pipe Created:
RuleName: -
EventType: CreatePipe
UtcTime: 2024-08-20 20:31:52.092
ProcessGuid: {ca24abc9-ee08-66c4-2094-000000001900}
ProcessId: 28596
PipeName: <Anonymous Pipe>
Image: C:\Windows\Microsoft.NET\Framework64\v4.0.30319\ngen.exe
User: NT AUTHORITY\SYSTEM"
5189,MY-CAL-WIN10.my-caldera.local,17,"Pipe Created:
RuleName: -
EventType: CreatePipe
UtcTime: 2024-08-20 20:31:52.538
ProcessGuid: {ca24abc9-ee08-66c4-2094-000000001900}
ProcessId: 28596
PipeName: <Anonymous Pipe>
Image: C:\Windows\Microsoft.NET\Framework64\v4.0.30319\ngen.exe
User: NT AUTHORITY\SYSTEM"
5190,MY-CAL-WIN10.my-caldera.local,17,"Pipe Created:
RuleName: -
EventType: CreatePipe
UtcTime: 2024-08-20 20:32:00.044
ProcessGuid: {ca24abc9-ee08-66c4-2094-000000001900}
ProcessId: 28596
PipeName: <Anonymous Pipe>
Image: C:\Windows\Microsoft.NET\Framework64\v4.0.30319\ngen.exe
User: NT AUTHORITY\SYSTEM"
5191,MY-CAL-WIN10.my-caldera.local,17,"Pipe Created:
RuleName: -
EventType: CreatePipe
UtcTime: 2024-08-20 20:31:59.785
ProcessGuid: {ca24abc9-ee08-66c4-2094-000000001900}
ProcessId: 28596
PipeName: <Anonymous Pipe>
Image: C:\Windows\Microsoft.NET\Framework64\v4.0.30319\ngen.exe
User: NT AUTHORITY\SYSTEM"
5192,MY-CAL-WIN10.my-caldera.local,17,"Pipe Created:
RuleName: -
EventType: CreatePipe
UtcTime: 2024-08-20 20:31:59.641
ProcessGuid: {ca24abc9-ee08-66c4-2094-000000001900}
ProcessId: 28596
PipeName: <Anonymous Pipe>
Image: C:\Windows\Microsoft.NET\Framework64\v4.0.30319\ngen.exe
User: NT AUTHORITY\SYSTEM"
5193,MY-CAL-WIN10.my-caldera.local,17,"Pipe Created:
RuleName: -
EventType: CreatePipe
UtcTime: 2024-08-20 20:32:28.022
ProcessGuid: {ca24abc9-f379-66c4-d594-000000001900}
ProcessId: 8936
PipeName: <Anonymous Pipe>
Image: C:\Program Files (x86)\Microsoft Visual Studio\Installer\resources\app\ServiceHub\Services\Microsoft.VisualStudio.Setup.Service\VSIXAutoUpdate.exe
User: NT AUTHORITY\SYSTEM"
5194,MY-CAL-WIN10.my-caldera.local,17,"Pipe Created:
RuleName: -
EventType: CreatePipe
UtcTime: 2024-08-20 20:32:28.022
ProcessGuid: {ca24abc9-f379-66c4-d594-000000001900}
ProcessId: 8936
PipeName: <Anonymous Pipe>
Image: C:\Program Files (x86)\Microsoft Visual Studio\Installer\resources\app\ServiceHub\Services\Microsoft.VisualStudio.Setup.Service\VSIXAutoUpdate.exe
User: NT AUTHORITY\SYSTEM"
5195,MY-CAL-WIN10.my-caldera.local,17,"Pipe Created:
RuleName: -
EventType: CreatePipe
UtcTime: 2024-08-20 20:33:32.183
ProcessGuid: {ca24abc9-fd86-66c4-8a98-000000001900}
ProcessId: 20780
PipeName: \CPFATP_20780_v4.0.30319
Image: C:\Program Files\Microsoft Visual Studio\2022\Community\common7\ide\devenv.exe
User: MY-CALDERA\johnny.douche"
5196,MY-CAL-WIN10.my-caldera.local,17,"Pipe Created:
RuleName: -
EventType: CreatePipe
UtcTime: 2024-08-20 20:35:17.076
ProcessGuid: {ca24abc9-f379-66c4-d594-000000001900}
ProcessId: 8936
PipeName: <Anonymous Pipe>
Image: C:\Program Files (x86)\Microsoft Visual Studio\Installer\resources\app\ServiceHub\Services\Microsoft.VisualStudio.Setup.Service\VSIXAutoUpdate.exe
User: NT AUTHORITY\SYSTEM"
5197,MY-CAL-WIN10.my-caldera.local,17,"Pipe Created:
RuleName: -
EventType: CreatePipe
UtcTime: 2024-08-20 20:35:17.076
ProcessGuid: {ca24abc9-f379-66c4-d594-000000001900}
ProcessId: 8936
PipeName: <Anonymous Pipe>
Image: C:\Program Files (x86)\Microsoft Visual Studio\Installer\resources\app\ServiceHub\Services\Microsoft.VisualStudio.Setup.Service\VSIXAutoUpdate.exe
User: NT AUTHORITY\SYSTEM"
5198,MY-CAL-WIN10.my-caldera.local,17,"Pipe Created:
RuleName: -
EventType: CreatePipe
UtcTime: 2024-08-20 20:36:02.783
ProcessGuid: {ca24abc9-f379-66c4-d594-000000001900}
ProcessId: 8936
PipeName: <Anonymous Pipe>
Image: C:\Program Files (x86)\Microsoft Visual Studio\Installer\resources\app\ServiceHub\Services\Microsoft.VisualStudio.Setup.Service\VSIXAutoUpdate.exe
User: NT AUTHORITY\SYSTEM"
5199,MY-CAL-WIN10.my-caldera.local,17,"Pipe Created:
RuleName: -
EventType: CreatePipe
UtcTime: 2024-08-20 20:36:02.997
ProcessGuid: {ca24abc9-f379-66c4-d594-000000001900}
ProcessId: 8936
PipeName: <Anonymous Pipe>
Image: C:\Program Files (x86)\Microsoft Visual Studio\Installer\resources\app\ServiceHub\Services\Microsoft.VisualStudio.Setup.Service\VSIXAutoUpdate.exe
User: NT AUTHORITY\SYSTEM"
5200,MY-CAL-WIN10.my-caldera.local,17,"Pipe Created:
RuleName: -
EventType: CreatePipe
UtcTime: 2024-08-20 20:36:04.245
ProcessGuid: {ca24abc9-f379-66c4-d594-000000001900}
ProcessId: 8936
PipeName: <Anonymous Pipe>
Image: C:\Program Files (x86)\Microsoft Visual Studio\Installer\resources\app\ServiceHub\Services\Microsoft.VisualStudio.Setup.Service\VSIXAutoUpdate.exe
User: NT AUTHORITY\SYSTEM"
5201,MY-CAL-WIN10.my-caldera.local,17,"Pipe Created:
RuleName: -
EventType: CreatePipe
UtcTime: 2024-08-20 20:36:02.996
ProcessGuid: {ca24abc9-f379-66c4-d594-000000001900}
ProcessId: 8936
PipeName: <Anonymous Pipe>
Image: C:\Program Files (x86)\Microsoft Visual Studio\Installer\resources\app\ServiceHub\Services\Microsoft.VisualStudio.Setup.Service\VSIXAutoUpdate.exe
User: NT AUTHORITY\SYSTEM"
5202,MY-CAL-WIN10.my-caldera.local,17,"Pipe Created:
RuleName: -
EventType: CreatePipe
UtcTime: 2024-08-20 20:36:02.783
ProcessGuid: {ca24abc9-f379-66c4-d594-000000001900}
ProcessId: 8936
PipeName: <Anonymous Pipe>
Image: C:\Program Files (x86)\Microsoft Visual Studio\Installer\resources\app\ServiceHub\Services\Microsoft.VisualStudio.Setup.Service\VSIXAutoUpdate.exe
User: NT AUTHORITY\SYSTEM"
5203,MY-CAL-WIN10.my-caldera.local,17,"Pipe Created:
RuleName: -
EventType: CreatePipe
UtcTime: 2024-08-20 20:36:04.246
ProcessGuid: {ca24abc9-f379-66c4-d594-000000001900}
ProcessId: 8936
PipeName: <Anonymous Pipe>
Image: C:\Program Files (x86)\Microsoft Visual Studio\Installer\resources\app\ServiceHub\Services\Microsoft.VisualStudio.Setup.Service\VSIXAutoUpdate.exe
User: NT AUTHORITY\SYSTEM"
5204,MY-CAL-WIN10.my-caldera.local,17,"Pipe Created:
RuleName: -
EventType: CreatePipe
UtcTime: 2024-08-20 20:37:04.534
ProcessGuid: {ca24abc9-fe70-66c4-ae98-000000001900}
ProcessId: 13656
PipeName: <Anonymous Pipe>
Image: C:\Program Files\Microsoft Visual Studio\2022\Community\common7\ide\VSFinalizer.exe
User: MY-CALDERA\johnny.douche"
5205,MY-CAL-WIN10.my-caldera.local,17,"Pipe Created:
RuleName: -
EventType: CreatePipe
UtcTime: 2024-08-20 20:37:04.534
ProcessGuid: {ca24abc9-fe70-66c4-ae98-000000001900}
ProcessId: 13656
PipeName: <Anonymous Pipe>
Image: C:\Program Files\Microsoft Visual Studio\2022\Community\common7\ide\VSFinalizer.exe
User: MY-CALDERA\johnny.douche"
5206,MY-CAL-WIN10.my-caldera.local,17,"Pipe Created:
RuleName: -
EventType: CreatePipe
UtcTime: 2024-08-20 20:25:41.456
ProcessGuid: {ca24abc9-ee08-66c4-2094-000000001900}
ProcessId: 28596
PipeName: <Anonymous Pipe>
Image: C:\Windows\Microsoft.NET\Framework64\v4.0.30319\ngen.exe
User: NT AUTHORITY\SYSTEM"
5207,MY-CAL-WIN10.my-caldera.local,17,"Pipe Created:
RuleName: -
EventType: CreatePipe
UtcTime: 2024-08-20 20:26:38.205
ProcessGuid: {ca24abc9-ee08-66c4-2094-000000001900}
ProcessId: 28596
PipeName: <Anonymous Pipe>
Image: C:\Windows\Microsoft.NET\Framework64\v4.0.30319\ngen.exe
User: NT AUTHORITY\SYSTEM"
5208,MY-CAL-WIN10.my-caldera.local,17,"Pipe Created:
RuleName: -
EventType: CreatePipe
UtcTime: 2024-08-20 20:26:52.602
ProcessGuid: {ca24abc9-ee08-66c4-2094-000000001900}
ProcessId: 28596
PipeName: <Anonymous Pipe>
Image: C:\Windows\Microsoft.NET\Framework64\v4.0.30319\ngen.exe
User: NT AUTHORITY\SYSTEM"
5209,MY-CAL-WIN10.my-caldera.local,17,"Pipe Created:
RuleName: -
EventType: CreatePipe
UtcTime: 2024-08-20 20:27:52.574
ProcessGuid: {ca24abc9-ee08-66c4-2094-000000001900}
ProcessId: 28596
PipeName: <Anonymous Pipe>
Image: C:\Windows\Microsoft.NET\Framework64\v4.0.30319\ngen.exe
User: NT AUTHORITY\SYSTEM"
5210,MY-CAL-WIN10.my-caldera.local,17,"Pipe Created:
RuleName: -
EventType: CreatePipe
UtcTime: 2024-08-20 20:28:22.451
ProcessGuid: {ca24abc9-ee08-66c4-2094-000000001900}
ProcessId: 28596
PipeName: <Anonymous Pipe>
Image: C:\Windows\Microsoft.NET\Framework64\v4.0.30319\ngen.exe
User: NT AUTHORITY\SYSTEM"
5211,MY-CAL-WIN10.my-caldera.local,17,"Pipe Created:
RuleName: -
EventType: CreatePipe
UtcTime: 2024-08-20 20:28:22.640
ProcessGuid: {ca24abc9-ee08-66c4-2094-000000001900}
ProcessId: 28596
PipeName: <Anonymous Pipe>
Image: C:\Windows\Microsoft.NET\Framework64\v4.0.30319\ngen.exe
User: NT AUTHORITY\SYSTEM"
5212,MY-CAL-WIN10.my-caldera.local,17,"Pipe Created:
RuleName: -
EventType: CreatePipe
UtcTime: 2024-08-20 20:28:56.729
ProcessGuid: {ca24abc9-ee08-66c4-2094-000000001900}
ProcessId: 28596
PipeName: <Anonymous Pipe>
Image: C:\Windows\Microsoft.NET\Framework64\v4.0.30319\ngen.exe
User: NT AUTHORITY\SYSTEM"
5213,MY-CAL-WIN10.my-caldera.local,17,"Pipe Created:
RuleName: -
EventType: CreatePipe
UtcTime: 2024-08-20 20:28:57.143
ProcessGuid: {ca24abc9-ee08-66c4-2094-000000001900}
ProcessId: 28596
PipeName: <Anonymous Pipe>
Image: C:\Windows\Microsoft.NET\Framework64\v4.0.30319\ngen.exe
User: NT AUTHORITY\SYSTEM"
5214,MY-CAL-WIN10.my-caldera.local,17,"Pipe Created:
RuleName: -
EventType: CreatePipe
UtcTime: 2024-08-20 20:28:57.625
ProcessGuid: {ca24abc9-ee08-66c4-2094-000000001900}
ProcessId: 28596
PipeName: <Anonymous Pipe>
Image: C:\Windows\Microsoft.NET\Framework64\v4.0.30319\ngen.exe
User: NT AUTHORITY\SYSTEM"
5215,MY-CAL-WIN10.my-caldera.local,17,"Pipe Created:
RuleName: -
EventType: CreatePipe
UtcTime: 2024-08-20 20:29:29.744
ProcessGuid: {ca24abc9-ee08-66c4-2094-000000001900}
ProcessId: 28596
PipeName: <Anonymous Pipe>
Image: C:\Windows\Microsoft.NET\Framework64\v4.0.30319\ngen.exe
User: NT AUTHORITY\SYSTEM"
5216,MY-CAL-WIN10.my-caldera.local,17,"Pipe Created:
RuleName: -
EventType: CreatePipe
UtcTime: 2024-08-20 20:29:39.186
ProcessGuid: {ca24abc9-ee08-66c4-2094-000000001900}
ProcessId: 28596
PipeName: <Anonymous Pipe>
Image: C:\Windows\Microsoft.NET\Framework64\v4.0.30319\ngen.exe
User: NT AUTHORITY\SYSTEM"
5217,MY-CAL-WIN10.my-caldera.local,17,"Pipe Created:
RuleName: -
EventType: CreatePipe
UtcTime: 2024-08-20 20:29:39.623
ProcessGuid: {ca24abc9-ee08-66c4-2094-000000001900}
ProcessId: 28596
PipeName: <Anonymous Pipe>
Image: C:\Windows\Microsoft.NET\Framework64\v4.0.30319\ngen.exe
User: NT AUTHORITY\SYSTEM"
5218,MY-CAL-WIN10.my-caldera.local,17,"Pipe Created:
RuleName: -
EventType: CreatePipe
UtcTime: 2024-08-20 20:29:54.910
ProcessGuid: {ca24abc9-ee08-66c4-2094-000000001900}
ProcessId: 28596
PipeName: <Anonymous Pipe>
Image: C:\Windows\Microsoft.NET\Framework64\v4.0.30319\ngen.exe
User: NT AUTHORITY\SYSTEM"
5219,MY-CAL-WIN10.my-caldera.local,17,"Pipe Created:
RuleName: -
EventType: CreatePipe
UtcTime: 2024-08-20 20:30:07.047
ProcessGuid: {ca24abc9-ee08-66c4-2094-000000001900}
ProcessId: 28596
PipeName: <Anonymous Pipe>
Image: C:\Windows\Microsoft.NET\Framework64\v4.0.30319\ngen.exe
User: NT AUTHORITY\SYSTEM"
5220,MY-CAL-WIN10.my-caldera.local,17,"Pipe Created:
RuleName: -
EventType: CreatePipe
UtcTime: 2024-08-20 20:30:07.272
ProcessGuid: {ca24abc9-ee08-66c4-2094-000000001900}
ProcessId: 28596
PipeName: <Anonymous Pipe>
Image: C:\Windows\Microsoft.NET\Framework64\v4.0.30319\ngen.exe
User: NT AUTHORITY\SYSTEM"
5221,MY-CAL-WIN10.my-caldera.local,17,"Pipe Created:
RuleName: -
EventType: CreatePipe
UtcTime: 2024-08-20 20:30:20.874
ProcessGuid: {ca24abc9-ee08-66c4-2094-000000001900}
ProcessId: 28596
PipeName: <Anonymous Pipe>
Image: C:\Windows\Microsoft.NET\Framework64\v4.0.30319\ngen.exe
User: NT AUTHORITY\SYSTEM"
5222,MY-CAL-WIN10.my-caldera.local,17,"Pipe Created:
RuleName: -
EventType: CreatePipe
UtcTime: 2024-08-20 20:17:52.835
ProcessGuid: {ca24abc9-ee08-66c4-2094-000000001900}
ProcessId: 28596
PipeName: <Anonymous Pipe>
Image: C:\Windows\Microsoft.NET\Framework64\v4.0.30319\ngen.exe
User: NT AUTHORITY\SYSTEM"
5223,MY-CAL-WIN10.my-caldera.local,17,"Pipe Created:
RuleName: -
EventType: CreatePipe
UtcTime: 2024-08-20 20:20:01.458
ProcessGuid: {ca24abc9-ee08-66c4-2094-000000001900}
ProcessId: 28596
PipeName: <Anonymous Pipe>
Image: C:\Windows\Microsoft.NET\Framework64\v4.0.30319\ngen.exe
User: NT AUTHORITY\SYSTEM"
5224,MY-CAL-WIN10.my-caldera.local,17,"Pipe Created:
RuleName: -
EventType: CreatePipe
UtcTime: 2024-08-20 20:21:08.219
ProcessGuid: {ca24abc9-ee08-66c4-2094-000000001900}
ProcessId: 28596
PipeName: <Anonymous Pipe>
Image: C:\Windows\Microsoft.NET\Framework64\v4.0.30319\ngen.exe
User: NT AUTHORITY\SYSTEM"
5225,MY-CAL-WIN10.my-caldera.local,17,"Pipe Created:
RuleName: -
EventType: CreatePipe
UtcTime: 2024-08-20 20:21:27.271
ProcessGuid: {ca24abc9-ee08-66c4-2094-000000001900}
ProcessId: 28596
PipeName: <Anonymous Pipe>
Image: C:\Windows\Microsoft.NET\Framework64\v4.0.30319\ngen.exe
User: NT AUTHORITY\SYSTEM"
5226,MY-CAL-WIN10.my-caldera.local,17,"Pipe Created:
RuleName: -
EventType: CreatePipe
UtcTime: 2024-08-20 20:21:57.783
ProcessGuid: {ca24abc9-ee08-66c4-2094-000000001900}
ProcessId: 28596
PipeName: <Anonymous Pipe>
Image: C:\Windows\Microsoft.NET\Framework64\v4.0.30319\ngen.exe
User: NT AUTHORITY\SYSTEM"
5227,MY-CAL-WIN10.my-caldera.local,17,"Pipe Created:
RuleName: -
EventType: CreatePipe
UtcTime: 2024-08-20 20:22:18.783
ProcessGuid: {ca24abc9-ee08-66c4-2094-000000001900}
ProcessId: 28596
PipeName: <Anonymous Pipe>
Image: C:\Windows\Microsoft.NET\Framework64\v4.0.30319\ngen.exe
User: NT AUTHORITY\SYSTEM"
5228,MY-CAL-WIN10.my-caldera.local,17,"Pipe Created:
RuleName: -
EventType: CreatePipe
UtcTime: 2024-08-20 20:24:20.091
ProcessGuid: {ca24abc9-ee08-66c4-2094-000000001900}
ProcessId: 28596
PipeName: <Anonymous Pipe>
Image: C:\Windows\Microsoft.NET\Framework64\v4.0.30319\ngen.exe
User: NT AUTHORITY\SYSTEM"
5229,MY-CAL-WIN10.my-caldera.local,17,"Pipe Created:
RuleName: -
EventType: CreatePipe
UtcTime: 2024-08-20 20:25:16.758
ProcessGuid: {ca24abc9-ee08-66c4-2094-000000001900}
ProcessId: 28596
PipeName: <Anonymous Pipe>
Image: C:\Windows\Microsoft.NET\Framework64\v4.0.30319\ngen.exe
User: NT AUTHORITY\SYSTEM"
5230,MY-CAL-WIN10.my-caldera.local,17,"Pipe Created:
RuleName: -
EventType: CreatePipe
UtcTime: 2024-08-20 20:25:22.730
ProcessGuid: {ca24abc9-ee08-66c4-2094-000000001900}
ProcessId: 28596
PipeName: <Anonymous Pipe>
Image: C:\Windows\Microsoft.NET\Framework64\v4.0.30319\ngen.exe
User: NT AUTHORITY\SYSTEM"
5231,MY-CAL-WIN10.my-caldera.local,17,"Pipe Created:
RuleName: -
EventType: CreatePipe
UtcTime: 2024-08-20 20:25:23.597
ProcessGuid: {ca24abc9-ee08-66c4-2094-000000001900}
ProcessId: 28596
PipeName: <Anonymous Pipe>
Image: C:\Windows\Microsoft.NET\Framework64\v4.0.30319\ngen.exe
User: NT AUTHORITY\SYSTEM"
5232,MY-CAL-WIN10.my-caldera.local,17,"Pipe Created:
RuleName: -
EventType: CreatePipe
UtcTime: 2024-08-20 20:25:24.394
ProcessGuid: {ca24abc9-ee08-66c4-2094-000000001900}
ProcessId: 28596
PipeName: <Anonymous Pipe>
Image: C:\Windows\Microsoft.NET\Framework64\v4.0.30319\ngen.exe
User: NT AUTHORITY\SYSTEM"
5233,MY-CAL-WIN10.my-caldera.local,17,"Pipe Created:
RuleName: -
EventType: CreatePipe
UtcTime: 2024-08-20 20:25:27.860
ProcessGuid: {ca24abc9-ee08-66c4-2094-000000001900}
ProcessId: 28596
PipeName: <Anonymous Pipe>
Image: C:\Windows\Microsoft.NET\Framework64\v4.0.30319\ngen.exe
User: NT AUTHORITY\SYSTEM"
5234,MY-CAL-WIN10.my-caldera.local,17,"Pipe Created:
RuleName: -
EventType: CreatePipe
UtcTime: 2024-08-20 20:25:38.564
ProcessGuid: {ca24abc9-ee08-66c4-2094-000000001900}
ProcessId: 28596
PipeName: <Anonymous Pipe>
Image: C:\Windows\Microsoft.NET\Framework64\v4.0.30319\ngen.exe
User: NT AUTHORITY\SYSTEM"
5235,MY-CAL-WIN10.my-caldera.local,17,"Pipe Created:
RuleName: -
EventType: CreatePipe
UtcTime: 2024-08-20 20:26:50.470
ProcessGuid: {ca24abc9-ee08-66c4-2094-000000001900}
ProcessId: 28596
PipeName: <Anonymous Pipe>
Image: C:\Windows\Microsoft.NET\Framework64\v4.0.30319\ngen.exe
User: NT AUTHORITY\SYSTEM"
5236,MY-CAL-WIN10.my-caldera.local,17,"Pipe Created:
RuleName: -
EventType: CreatePipe
UtcTime: 2024-08-20 20:26:51.080
ProcessGuid: {ca24abc9-ee08-66c4-2094-000000001900}
ProcessId: 28596
PipeName: <Anonymous Pipe>
Image: C:\Windows\Microsoft.NET\Framework64\v4.0.30319\ngen.exe
User: NT AUTHORITY\SYSTEM"
5237,MY-CAL-WIN10.my-caldera.local,17,"Pipe Created:
RuleName: -
EventType: CreatePipe
UtcTime: 2024-08-20 20:37:02.626
ProcessGuid: {ca24abc9-f379-66c4-d594-000000001900}
ProcessId: 8936
PipeName: <Anonymous Pipe>
Image: C:\Program Files (x86)\Microsoft Visual Studio\Installer\resources\app\ServiceHub\Services\Microsoft.VisualStudio.Setup.Service\VSIXAutoUpdate.exe
User: NT AUTHORITY\SYSTEM"
5238,MY-CAL-WIN10.my-caldera.local,17,"Pipe Created:
RuleName: -
EventType: CreatePipe
UtcTime: 2024-08-20 20:37:02.626
ProcessGuid: {ca24abc9-f379-66c4-d594-000000001900}
ProcessId: 8936
PipeName: <Anonymous Pipe>
Image: C:\Program Files (x86)\Microsoft Visual Studio\Installer\resources\app\ServiceHub\Services\Microsoft.VisualStudio.Setup.Service\VSIXAutoUpdate.exe
User: NT AUTHORITY\SYSTEM"
5239,MY-CAL-WIN10.my-caldera.local,17,"Pipe Created:
RuleName: -
EventType: CreatePipe
UtcTime: 2024-08-20 20:37:02.888
ProcessGuid: {ca24abc9-fe6e-66c4-a998-000000001900}
ProcessId: 6948
PipeName: <Anonymous Pipe>
Image: C:\Program Files\Microsoft Visual Studio\2022\Community\common7\ide\vsfinalizer.exe
User: NT AUTHORITY\SYSTEM"
5240,MY-CAL-WIN10.my-caldera.local,17,"Pipe Created:
RuleName: -
EventType: CreatePipe
UtcTime: 2024-08-20 20:37:02.888
ProcessGuid: {ca24abc9-fe6e-66c4-a998-000000001900}
ProcessId: 6948
PipeName: <Anonymous Pipe>
Image: C:\Program Files\Microsoft Visual Studio\2022\Community\common7\ide\vsfinalizer.exe
User: NT AUTHORITY\SYSTEM"
5241,MY-CAL-WIN10.my-caldera.local,17,"Pipe Created:
RuleName: -
EventType: CreatePipe
UtcTime: 2024-08-20 20:39:07.494
ProcessGuid: {ca24abc9-feeb-66c4-b398-000000001900}
ProcessId: 24768
PipeName: <Anonymous Pipe>
Image: C:\Program Files\Microsoft Visual Studio\2022\Community\common7\ide\VSFinalizer.exe
User: MY-CALDERA\johnny.douche"
5242,MY-CAL-WIN10.my-caldera.local,17,"Pipe Created:
RuleName: -
EventType: CreatePipe
UtcTime: 2024-08-20 20:26:50.839
ProcessGuid: {ca24abc9-ee08-66c4-2094-000000001900}
ProcessId: 28596
PipeName: <Anonymous Pipe>
Image: C:\Windows\Microsoft.NET\Framework64\v4.0.30319\ngen.exe
User: NT AUTHORITY\SYSTEM"
5243,MY-CAL-WIN10.my-caldera.local,17,"Pipe Created:
RuleName: -
EventType: CreatePipe
UtcTime: 2024-08-20 20:27:23.278
ProcessGuid: {ca24abc9-ee08-66c4-2094-000000001900}
ProcessId: 28596
PipeName: <Anonymous Pipe>
Image: C:\Windows\Microsoft.NET\Framework64\v4.0.30319\ngen.exe
User: NT AUTHORITY\SYSTEM"
5244,MY-CAL-WIN10.my-caldera.local,17,"Pipe Created:
RuleName: -
EventType: CreatePipe
UtcTime: 2024-08-20 20:27:24.317
ProcessGuid: {ca24abc9-ee08-66c4-2094-000000001900}
ProcessId: 28596
PipeName: <Anonymous Pipe>
Image: C:\Windows\Microsoft.NET\Framework64\v4.0.30319\ngen.exe
User: NT AUTHORITY\SYSTEM"
5245,MY-CAL-WIN10.my-caldera.local,17,"Pipe Created:
RuleName: -
EventType: CreatePipe
UtcTime: 2024-08-20 20:27:25.203
ProcessGuid: {ca24abc9-ee08-66c4-2094-000000001900}
ProcessId: 28596
PipeName: <Anonymous Pipe>
Image: C:\Windows\Microsoft.NET\Framework64\v4.0.30319\ngen.exe
User: NT AUTHORITY\SYSTEM"
5246,MY-CAL-WIN10.my-caldera.local,17,"Pipe Created:
RuleName: -
EventType: CreatePipe
UtcTime: 2024-08-20 20:27:31.113
ProcessGuid: {ca24abc9-ee08-66c4-2094-000000001900}
ProcessId: 28596
PipeName: <Anonymous Pipe>
Image: C:\Windows\Microsoft.NET\Framework64\v4.0.30319\ngen.exe
User: NT AUTHORITY\SYSTEM"
5247,MY-CAL-WIN10.my-caldera.local,17,"Pipe Created:
RuleName: -
EventType: CreatePipe
UtcTime: 2024-08-20 20:27:40.713
ProcessGuid: {ca24abc9-ee08-66c4-2094-000000001900}
ProcessId: 28596
PipeName: <Anonymous Pipe>
Image: C:\Windows\Microsoft.NET\Framework64\v4.0.30319\ngen.exe
User: NT AUTHORITY\SYSTEM"
5248,MY-CAL-WIN10.my-caldera.local,17,"Pipe Created:
RuleName: -
EventType: CreatePipe
UtcTime: 2024-08-20 20:27:40.110
ProcessGuid: {ca24abc9-ee08-66c4-2094-000000001900}
ProcessId: 28596
PipeName: <Anonymous Pipe>
Image: C:\Windows\Microsoft.NET\Framework64\v4.0.30319\ngen.exe
User: NT AUTHORITY\SYSTEM"
5249,MY-CAL-WIN10.my-caldera.local,17,"Pipe Created:
RuleName: -
EventType: CreatePipe
UtcTime: 2024-08-20 20:27:43.193
ProcessGuid: {ca24abc9-ee08-66c4-2094-000000001900}
ProcessId: 28596
PipeName: <Anonymous Pipe>
Image: C:\Windows\Microsoft.NET\Framework64\v4.0.30319\ngen.exe
User: NT AUTHORITY\SYSTEM"
5250,MY-CAL-WIN10.my-caldera.local,17,"Pipe Created:
RuleName: -
EventType: CreatePipe
UtcTime: 2024-08-20 20:27:49.472
ProcessGuid: {ca24abc9-ee08-66c4-2094-000000001900}
ProcessId: 28596
PipeName: <Anonymous Pipe>
Image: C:\Windows\Microsoft.NET\Framework64\v4.0.30319\ngen.exe
User: NT AUTHORITY\SYSTEM"
5251,MY-CAL-WIN10.my-caldera.local,17,"Pipe Created:
