RuleName: -
EventType: CreatePipe
UtcTime: 2024-08-20 20:08:05.275
ProcessGuid: {ca24abc9-ee08-66c4-2094-000000001900}
ProcessId: 28596
PipeName: <Anonymous Pipe>
Image: C:\Windows\Microsoft.NET\Framework64\v4.0.30319\ngen.exe
User: NT AUTHORITY\SYSTEM"
4615,MY-CAL-WIN10.my-caldera.local,17,"Pipe Created:
RuleName: -
EventType: CreatePipe
UtcTime: 2024-08-20 20:08:04.009
ProcessGuid: {ca24abc9-ee08-66c4-2094-000000001900}
ProcessId: 28596
PipeName: <Anonymous Pipe>
Image: C:\Windows\Microsoft.NET\Framework64\v4.0.30319\ngen.exe
User: NT AUTHORITY\SYSTEM"
4616,MY-CAL-WIN10.my-caldera.local,17,"Pipe Created:
RuleName: -
EventType: CreatePipe
UtcTime: 2024-08-20 20:08:02.994
ProcessGuid: {ca24abc9-ee08-66c4-2094-000000001900}
ProcessId: 28596
PipeName: <Anonymous Pipe>
Image: C:\Windows\Microsoft.NET\Framework64\v4.0.30319\ngen.exe
User: NT AUTHORITY\SYSTEM"
4617,MY-CAL-WIN10.my-caldera.local,17,"Pipe Created:
RuleName: -
EventType: CreatePipe
UtcTime: 2024-08-20 20:08:04.386
ProcessGuid: {ca24abc9-ee08-66c4-2094-000000001900}
ProcessId: 28596
PipeName: <Anonymous Pipe>
Image: C:\Windows\Microsoft.NET\Framework64\v4.0.30319\ngen.exe
User: NT AUTHORITY\SYSTEM"
4618,MY-CAL-WIN10.my-caldera.local,17,"Pipe Created:
RuleName: -
EventType: CreatePipe
UtcTime: 2024-08-20 20:08:11.350
ProcessGuid: {ca24abc9-ee08-66c4-2094-000000001900}
ProcessId: 28596
PipeName: <Anonymous Pipe>
Image: C:\Windows\Microsoft.NET\Framework64\v4.0.30319\ngen.exe
User: NT AUTHORITY\SYSTEM"
4619,MY-CAL-WIN10.my-caldera.local,17,"Pipe Created:
RuleName: -
EventType: CreatePipe
UtcTime: 2024-08-20 20:08:23.138
ProcessGuid: {ca24abc9-ee08-66c4-2094-000000001900}
ProcessId: 28596
PipeName: <Anonymous Pipe>
Image: C:\Windows\Microsoft.NET\Framework64\v4.0.30319\ngen.exe
User: NT AUTHORITY\SYSTEM"
4620,MY-CAL-WIN10.my-caldera.local,17,"Pipe Created:
RuleName: -
EventType: CreatePipe
UtcTime: 2024-08-20 20:08:23.689
ProcessGuid: {ca24abc9-ee08-66c4-2094-000000001900}
ProcessId: 28596
PipeName: <Anonymous Pipe>
Image: C:\Windows\Microsoft.NET\Framework64\v4.0.30319\ngen.exe
User: NT AUTHORITY\SYSTEM"
4621,MY-CAL-WIN10.my-caldera.local,17,"Pipe Created:
RuleName: -
EventType: CreatePipe
UtcTime: 2024-08-20 20:08:23.928
ProcessGuid: {ca24abc9-ee08-66c4-2094-000000001900}
ProcessId: 28596
PipeName: <Anonymous Pipe>
Image: C:\Windows\Microsoft.NET\Framework64\v4.0.30319\ngen.exe
User: NT AUTHORITY\SYSTEM"
4622,MY-CAL-WIN10.my-caldera.local,17,"Pipe Created:
RuleName: -
EventType: CreatePipe
UtcTime: 2024-08-20 20:08:37.014
ProcessGuid: {ca24abc9-ee08-66c4-2094-000000001900}
ProcessId: 28596
PipeName: <Anonymous Pipe>
Image: C:\Windows\Microsoft.NET\Framework64\v4.0.30319\ngen.exe
User: NT AUTHORITY\SYSTEM"
4623,MY-CAL-WIN10.my-caldera.local,17,"Pipe Created:
RuleName: -
EventType: CreatePipe
UtcTime: 2024-08-20 20:09:12.954
ProcessGuid: {ca24abc9-ee08-66c4-2094-000000001900}
ProcessId: 28596
PipeName: <Anonymous Pipe>
Image: C:\Windows\Microsoft.NET\Framework64\v4.0.30319\ngen.exe
User: NT AUTHORITY\SYSTEM"
4624,MY-CAL-WIN10.my-caldera.local,17,"Pipe Created:
RuleName: -
EventType: CreatePipe
UtcTime: 2024-08-20 20:09:18.070
ProcessGuid: {ca24abc9-ee08-66c4-2094-000000001900}
ProcessId: 28596
PipeName: <Anonymous Pipe>
Image: C:\Windows\Microsoft.NET\Framework64\v4.0.30319\ngen.exe
User: NT AUTHORITY\SYSTEM"
4625,MY-CAL-WIN10.my-caldera.local,17,"Pipe Created:
RuleName: -
EventType: CreatePipe
UtcTime: 2024-08-20 20:09:40.704
ProcessGuid: {ca24abc9-ee08-66c4-2094-000000001900}
ProcessId: 28596
PipeName: <Anonymous Pipe>
Image: C:\Windows\Microsoft.NET\Framework64\v4.0.30319\ngen.exe
User: NT AUTHORITY\SYSTEM"
4626,MY-CAL-WIN10.my-caldera.local,17,"Pipe Created:
RuleName: -
EventType: CreatePipe
UtcTime: 2024-08-20 20:10:01.681
ProcessGuid: {ca24abc9-ee08-66c4-2094-000000001900}
ProcessId: 28596
PipeName: <Anonymous Pipe>
Image: C:\Windows\Microsoft.NET\Framework64\v4.0.30319\ngen.exe
User: NT AUTHORITY\SYSTEM"
4627,MY-CAL-WIN10.my-caldera.local,17,"Pipe Created:
RuleName: -
EventType: CreatePipe
UtcTime: 2024-08-20 20:10:00.945
ProcessGuid: {ca24abc9-ee08-66c4-2094-000000001900}
ProcessId: 28596
PipeName: <Anonymous Pipe>
Image: C:\Windows\Microsoft.NET\Framework64\v4.0.30319\ngen.exe
User: NT AUTHORITY\SYSTEM"
4628,MY-CAL-WIN10.my-caldera.local,17,"Pipe Created:
RuleName: -
EventType: CreatePipe
UtcTime: 2024-08-20 20:10:32.079
ProcessGuid: {ca24abc9-ee08-66c4-2094-000000001900}
ProcessId: 28596
PipeName: <Anonymous Pipe>
Image: C:\Windows\Microsoft.NET\Framework64\v4.0.30319\ngen.exe
User: NT AUTHORITY\SYSTEM"
4629,MY-CAL-WIN10.my-caldera.local,17,"Pipe Created:
RuleName: -
EventType: CreatePipe
UtcTime: 2024-08-20 20:10:58.522
ProcessGuid: {ca24abc9-ee08-66c4-2094-000000001900}
ProcessId: 28596
PipeName: <Anonymous Pipe>
Image: C:\Windows\Microsoft.NET\Framework64\v4.0.30319\ngen.exe
User: NT AUTHORITY\SYSTEM"
4630,MY-CAL-WIN10.my-caldera.local,17,"Pipe Created:
RuleName: -
EventType: CreatePipe
UtcTime: 2024-08-20 20:10:58.828
ProcessGuid: {ca24abc9-ee08-66c4-2094-000000001900}
ProcessId: 28596
PipeName: <Anonymous Pipe>
Image: C:\Windows\Microsoft.NET\Framework64\v4.0.30319\ngen.exe
User: NT AUTHORITY\SYSTEM"
4631,MY-CAL-WIN10.my-caldera.local,17,"Pipe Created:
RuleName: -
EventType: CreatePipe
UtcTime: 2024-08-20 20:28:54.160
ProcessGuid: {ca24abc9-ee08-66c4-2094-000000001900}
ProcessId: 28596
PipeName: <Anonymous Pipe>
Image: C:\Windows\Microsoft.NET\Framework64\v4.0.30319\ngen.exe
User: NT AUTHORITY\SYSTEM"
4632,MY-CAL-WIN10.my-caldera.local,17,"Pipe Created:
RuleName: -
EventType: CreatePipe
UtcTime: 2024-08-20 20:28:55.747
ProcessGuid: {ca24abc9-ee08-66c4-2094-000000001900}
ProcessId: 28596
PipeName: <Anonymous Pipe>
Image: C:\Windows\Microsoft.NET\Framework64\v4.0.30319\ngen.exe
User: NT AUTHORITY\SYSTEM"
4633,MY-CAL-WIN10.my-caldera.local,17,"Pipe Created:
RuleName: -
EventType: CreatePipe
UtcTime: 2024-08-20 20:29:03.114
ProcessGuid: {ca24abc9-ee08-66c4-2094-000000001900}
ProcessId: 28596
PipeName: <Anonymous Pipe>
Image: C:\Windows\Microsoft.NET\Framework64\v4.0.30319\ngen.exe
User: NT AUTHORITY\SYSTEM"
4634,MY-CAL-WIN10.my-caldera.local,17,"Pipe Created:
RuleName: -
EventType: CreatePipe
UtcTime: 2024-08-20 20:29:03.355
ProcessGuid: {ca24abc9-ee08-66c4-2094-000000001900}
ProcessId: 28596
PipeName: <Anonymous Pipe>
Image: C:\Windows\Microsoft.NET\Framework64\v4.0.30319\ngen.exe
User: NT AUTHORITY\SYSTEM"
4635,MY-CAL-WIN10.my-caldera.local,17,"Pipe Created:
RuleName: -
EventType: CreatePipe
UtcTime: 2024-08-20 20:29:02.928
ProcessGuid: {ca24abc9-ee08-66c4-2094-000000001900}
ProcessId: 28596
PipeName: <Anonymous Pipe>
Image: C:\Windows\Microsoft.NET\Framework64\v4.0.30319\ngen.exe
User: NT AUTHORITY\SYSTEM"
4636,MY-CAL-WIN10.my-caldera.local,17,"Pipe Created:
RuleName: -
EventType: CreatePipe
UtcTime: 2024-08-20 20:29:11.026
ProcessGuid: {ca24abc9-ee08-66c4-2094-000000001900}
ProcessId: 28596
PipeName: <Anonymous Pipe>
Image: C:\Windows\Microsoft.NET\Framework64\v4.0.30319\ngen.exe
User: NT AUTHORITY\SYSTEM"
4637,MY-CAL-WIN10.my-caldera.local,17,"Pipe Created:
RuleName: -
EventType: CreatePipe
UtcTime: 2024-08-20 20:29:11.295
ProcessGuid: {ca24abc9-ee08-66c4-2094-000000001900}
ProcessId: 28596
PipeName: <Anonymous Pipe>
Image: C:\Windows\Microsoft.NET\Framework64\v4.0.30319\ngen.exe
User: NT AUTHORITY\SYSTEM"
4638,MY-CAL-WIN10.my-caldera.local,17,"Pipe Created:
RuleName: -
EventType: CreatePipe
UtcTime: 2024-08-20 20:29:21.255
ProcessGuid: {ca24abc9-ee08-66c4-2094-000000001900}
ProcessId: 28596
PipeName: <Anonymous Pipe>
Image: C:\Windows\Microsoft.NET\Framework64\v4.0.30319\ngen.exe
User: NT AUTHORITY\SYSTEM"
4639,MY-CAL-WIN10.my-caldera.local,17,"Pipe Created:
RuleName: -
EventType: CreatePipe
UtcTime: 2024-08-20 20:29:32.468
ProcessGuid: {ca24abc9-ee08-66c4-2094-000000001900}
ProcessId: 28596
PipeName: <Anonymous Pipe>
Image: C:\Windows\Microsoft.NET\Framework64\v4.0.30319\ngen.exe
User: NT AUTHORITY\SYSTEM"
4640,MY-CAL-WIN10.my-caldera.local,17,"Pipe Created:
RuleName: -
EventType: CreatePipe
UtcTime: 2024-08-20 20:29:31.884
ProcessGuid: {ca24abc9-ee08-66c4-2094-000000001900}
ProcessId: 28596
PipeName: <Anonymous Pipe>
Image: C:\Windows\Microsoft.NET\Framework64\v4.0.30319\ngen.exe
User: NT AUTHORITY\SYSTEM"
4641,MY-CAL-WIN10.my-caldera.local,17,"Pipe Created:
RuleName: -
EventType: CreatePipe
UtcTime: 2024-08-20 20:29:32.162
ProcessGuid: {ca24abc9-ee08-66c4-2094-000000001900}
ProcessId: 28596
PipeName: <Anonymous Pipe>
Image: C:\Windows\Microsoft.NET\Framework64\v4.0.30319\ngen.exe
User: NT AUTHORITY\SYSTEM"
4642,MY-CAL-WIN10.my-caldera.local,17,"Pipe Created:
RuleName: -
EventType: CreatePipe
UtcTime: 2024-08-20 20:29:32.751
ProcessGuid: {ca24abc9-ee08-66c4-2094-000000001900}
ProcessId: 28596
PipeName: <Anonymous Pipe>
Image: C:\Windows\Microsoft.NET\Framework64\v4.0.30319\ngen.exe
User: NT AUTHORITY\SYSTEM"
4643,MY-CAL-WIN10.my-caldera.local,17,"Pipe Created:
RuleName: -
EventType: CreatePipe
UtcTime: 2024-08-20 20:29:58.831
ProcessGuid: {ca24abc9-ee08-66c4-2094-000000001900}
ProcessId: 28596
PipeName: <Anonymous Pipe>
Image: C:\Windows\Microsoft.NET\Framework64\v4.0.30319\ngen.exe
User: NT AUTHORITY\SYSTEM"
4644,MY-CAL-WIN10.my-caldera.local,17,"Pipe Created:
RuleName: -
EventType: CreatePipe
UtcTime: 2024-08-20 20:29:59.049
ProcessGuid: {ca24abc9-ee08-66c4-2094-000000001900}
ProcessId: 28596
PipeName: <Anonymous Pipe>
Image: C:\Windows\Microsoft.NET\Framework64\v4.0.30319\ngen.exe
User: NT AUTHORITY\SYSTEM"
4645,MY-CAL-WIN10.my-caldera.local,17,"Pipe Created:
RuleName: -
EventType: CreatePipe
UtcTime: 2024-08-20 20:29:59.183
ProcessGuid: {ca24abc9-ee08-66c4-2094-000000001900}
ProcessId: 28596
PipeName: <Anonymous Pipe>
Image: C:\Windows\Microsoft.NET\Framework64\v4.0.30319\ngen.exe
User: NT AUTHORITY\SYSTEM"
4646,MY-CAL-WIN10.my-caldera.local,17,"Pipe Created:
RuleName: -
EventType: CreatePipe
UtcTime: 2024-08-20 20:30:00.048
ProcessGuid: {ca24abc9-ee08-66c4-2094-000000001900}
ProcessId: 28596
PipeName: <Anonymous Pipe>
Image: C:\Windows\Microsoft.NET\Framework64\v4.0.30319\ngen.exe
User: NT AUTHORITY\SYSTEM"
4647,MY-CAL-WIN10.my-caldera.local,17,"Pipe Created:
RuleName: -
EventType: CreatePipe
UtcTime: 2024-08-20 20:30:00.237
ProcessGuid: {ca24abc9-ee08-66c4-2094-000000001900}
ProcessId: 28596
PipeName: <Anonymous Pipe>
Image: C:\Windows\Microsoft.NET\Framework64\v4.0.30319\ngen.exe
User: NT AUTHORITY\SYSTEM"
4648,MY-CAL-WIN10.my-caldera.local,17,"Pipe Created:
RuleName: -
EventType: CreatePipe
UtcTime: 2024-08-20 20:30:00.387
ProcessGuid: {ca24abc9-ee08-66c4-2094-000000001900}
ProcessId: 28596
PipeName: <Anonymous Pipe>
Image: C:\Windows\Microsoft.NET\Framework64\v4.0.30319\ngen.exe
User: NT AUTHORITY\SYSTEM"
4649,MY-CAL-WIN10.my-caldera.local,17,"Pipe Created:
RuleName: -
EventType: CreatePipe
UtcTime: 2024-08-20 20:30:00.692
ProcessGuid: {ca24abc9-ee08-66c4-2094-000000001900}
ProcessId: 28596
PipeName: <Anonymous Pipe>
Image: C:\Windows\Microsoft.NET\Framework64\v4.0.30319\ngen.exe
User: NT AUTHORITY\SYSTEM"
4650,MY-CAL-WIN10.my-caldera.local,17,"Pipe Created:
RuleName: -
EventType: CreatePipe
UtcTime: 2024-08-20 20:29:59.473
ProcessGuid: {ca24abc9-ee08-66c4-2094-000000001900}
ProcessId: 28596
PipeName: <Anonymous Pipe>
Image: C:\Windows\Microsoft.NET\Framework64\v4.0.30319\ngen.exe
User: NT AUTHORITY\SYSTEM"
4651,MY-CAL-WIN10.my-caldera.local,17,"Pipe Created:
RuleName: -
EventType: CreatePipe
UtcTime: 2024-08-20 20:29:59.577
ProcessGuid: {ca24abc9-ee08-66c4-2094-000000001900}
ProcessId: 28596
PipeName: <Anonymous Pipe>
Image: C:\Windows\Microsoft.NET\Framework64\v4.0.30319\ngen.exe
User: NT AUTHORITY\SYSTEM"
4652,MY-CAL-WIN10.my-caldera.local,17,"Pipe Created:
RuleName: -
EventType: CreatePipe
UtcTime: 2024-08-20 20:29:59.806
ProcessGuid: {ca24abc9-ee08-66c4-2094-000000001900}
ProcessId: 28596
PipeName: <Anonymous Pipe>
Image: C:\Windows\Microsoft.NET\Framework64\v4.0.30319\ngen.exe
User: NT AUTHORITY\SYSTEM"
4653,MY-CAL-WIN10.my-caldera.local,17,"Pipe Created:
RuleName: -
EventType: CreatePipe
UtcTime: 2024-08-20 20:30:12.024
ProcessGuid: {ca24abc9-ee08-66c4-2094-000000001900}
ProcessId: 28596
PipeName: <Anonymous Pipe>
Image: C:\Windows\Microsoft.NET\Framework64\v4.0.30319\ngen.exe
User: NT AUTHORITY\SYSTEM"
4654,MY-CAL-WIN10.my-caldera.local,17,"Pipe Created:
RuleName: -
EventType: CreatePipe
UtcTime: 2024-08-20 20:30:12.364
ProcessGuid: {ca24abc9-ee08-66c4-2094-000000001900}
ProcessId: 28596
PipeName: <Anonymous Pipe>
Image: C:\Windows\Microsoft.NET\Framework64\v4.0.30319\ngen.exe
User: NT AUTHORITY\SYSTEM"
4655,MY-CAL-WIN10.my-caldera.local,17,"Pipe Created:
RuleName: -
EventType: CreatePipe
UtcTime: 2024-08-20 20:30:12.577
ProcessGuid: {ca24abc9-ee08-66c4-2094-000000001900}
ProcessId: 28596
PipeName: <Anonymous Pipe>
Image: C:\Windows\Microsoft.NET\Framework64\v4.0.30319\ngen.exe
User: NT AUTHORITY\SYSTEM"
4656,MY-CAL-WIN10.my-caldera.local,17,"Pipe Created:
RuleName: -
EventType: CreatePipe
UtcTime: 2024-08-20 20:30:12.997
ProcessGuid: {ca24abc9-ee08-66c4-2094-000000001900}
ProcessId: 28596
PipeName: <Anonymous Pipe>
Image: C:\Windows\Microsoft.NET\Framework64\v4.0.30319\ngen.exe
User: NT AUTHORITY\SYSTEM"
4657,MY-CAL-WIN10.my-caldera.local,17,"Pipe Created:
RuleName: -
EventType: CreatePipe
UtcTime: 2024-08-20 20:30:11.789
ProcessGuid: {ca24abc9-ee08-66c4-2094-000000001900}
ProcessId: 28596
PipeName: <Anonymous Pipe>
Image: C:\Windows\Microsoft.NET\Framework64\v4.0.30319\ngen.exe
User: NT AUTHORITY\SYSTEM"
4658,MY-CAL-WIN10.my-caldera.local,17,"Pipe Created:
RuleName: -
EventType: CreatePipe
UtcTime: 2024-08-20 20:30:11.227
ProcessGuid: {ca24abc9-ee08-66c4-2094-000000001900}
ProcessId: 28596
PipeName: <Anonymous Pipe>
Image: C:\Windows\Microsoft.NET\Framework64\v4.0.30319\ngen.exe
User: NT AUTHORITY\SYSTEM"
4659,MY-CAL-WIN10.my-caldera.local,17,"Pipe Created:
RuleName: -
EventType: CreatePipe
UtcTime: 2024-08-20 20:17:51.287
ProcessGuid: {ca24abc9-ee08-66c4-2094-000000001900}
ProcessId: 28596
PipeName: <Anonymous Pipe>
Image: C:\Windows\Microsoft.NET\Framework64\v4.0.30319\ngen.exe
User: NT AUTHORITY\SYSTEM"
4660,MY-CAL-WIN10.my-caldera.local,17,"Pipe Created:
RuleName: -
EventType: CreatePipe
UtcTime: 2024-08-20 20:17:51.947
ProcessGuid: {ca24abc9-ee08-66c4-2094-000000001900}
ProcessId: 28596
PipeName: <Anonymous Pipe>
Image: C:\Windows\Microsoft.NET\Framework64\v4.0.30319\ngen.exe
User: NT AUTHORITY\SYSTEM"
4661,MY-CAL-WIN10.my-caldera.local,17,"Pipe Created:
RuleName: -
EventType: CreatePipe
UtcTime: 2024-08-20 20:17:51.759
ProcessGuid: {ca24abc9-ee08-66c4-2094-000000001900}
ProcessId: 28596
PipeName: <Anonymous Pipe>
Image: C:\Windows\Microsoft.NET\Framework64\v4.0.30319\ngen.exe
User: NT AUTHORITY\SYSTEM"
4662,MY-CAL-WIN10.my-caldera.local,17,"Pipe Created:
RuleName: -
EventType: CreatePipe
UtcTime: 2024-08-20 20:17:51.599
ProcessGuid: {ca24abc9-ee08-66c4-2094-000000001900}
ProcessId: 28596
PipeName: <Anonymous Pipe>
Image: C:\Windows\Microsoft.NET\Framework64\v4.0.30319\ngen.exe
User: NT AUTHORITY\SYSTEM"
4663,MY-CAL-WIN10.my-caldera.local,17,"Pipe Created:
RuleName: -
EventType: CreatePipe
UtcTime: 2024-08-20 20:17:50.523
ProcessGuid: {ca24abc9-ee08-66c4-2094-000000001900}
ProcessId: 28596
PipeName: <Anonymous Pipe>
Image: C:\Windows\Microsoft.NET\Framework64\v4.0.30319\ngen.exe
User: NT AUTHORITY\SYSTEM"
4664,MY-CAL-WIN10.my-caldera.local,17,"Pipe Created:
RuleName: -
EventType: CreatePipe
UtcTime: 2024-08-20 20:18:01.291
ProcessGuid: {ca24abc9-ee08-66c4-2094-000000001900}
ProcessId: 28596
PipeName: <Anonymous Pipe>
Image: C:\Windows\Microsoft.NET\Framework64\v4.0.30319\ngen.exe
User: NT AUTHORITY\SYSTEM"
4665,MY-CAL-WIN10.my-caldera.local,17,"Pipe Created:
RuleName: -
EventType: CreatePipe
UtcTime: 2024-08-20 20:17:59.786
ProcessGuid: {ca24abc9-ee08-66c4-2094-000000001900}
ProcessId: 28596
PipeName: <Anonymous Pipe>
Image: C:\Windows\Microsoft.NET\Framework64\v4.0.30319\ngen.exe
User: NT AUTHORITY\SYSTEM"
4666,MY-CAL-WIN10.my-caldera.local,17,"Pipe Created:
RuleName: -
EventType: CreatePipe
UtcTime: 2024-08-20 20:18:16.206
ProcessGuid: {ca24abc9-ee08-66c4-2094-000000001900}
ProcessId: 28596
PipeName: <Anonymous Pipe>
Image: C:\Windows\Microsoft.NET\Framework64\v4.0.30319\ngen.exe
User: NT AUTHORITY\SYSTEM"
4667,MY-CAL-WIN10.my-caldera.local,17,"Pipe Created:
RuleName: -
EventType: CreatePipe
UtcTime: 2024-08-20 20:18:28.460
ProcessGuid: {ca24abc9-ee08-66c4-2094-000000001900}
ProcessId: 28596
PipeName: <Anonymous Pipe>
Image: C:\Windows\Microsoft.NET\Framework64\v4.0.30319\ngen.exe
User: NT AUTHORITY\SYSTEM"
4668,MY-CAL-WIN10.my-caldera.local,17,"Pipe Created:
RuleName: -
EventType: CreatePipe
UtcTime: 2024-08-20 20:19:35.002
ProcessGuid: {ca24abc9-ee08-66c4-2094-000000001900}
ProcessId: 28596
PipeName: <Anonymous Pipe>
Image: C:\Windows\Microsoft.NET\Framework64\v4.0.30319\ngen.exe
User: NT AUTHORITY\SYSTEM"
4669,MY-CAL-WIN10.my-caldera.local,17,"Pipe Created:
RuleName: -
EventType: CreatePipe
UtcTime: 2024-08-20 20:19:59.891
ProcessGuid: {ca24abc9-ee08-66c4-2094-000000001900}
ProcessId: 28596
PipeName: <Anonymous Pipe>
Image: C:\Windows\Microsoft.NET\Framework64\v4.0.30319\ngen.exe
User: NT AUTHORITY\SYSTEM"
4670,MY-CAL-WIN10.my-caldera.local,17,"Pipe Created:
RuleName: -
EventType: CreatePipe
UtcTime: 2024-08-20 20:20:14.204
ProcessGuid: {ca24abc9-ee08-66c4-2094-000000001900}
ProcessId: 28596
PipeName: <Anonymous Pipe>
Image: C:\Windows\Microsoft.NET\Framework64\v4.0.30319\ngen.exe
User: NT AUTHORITY\SYSTEM"
4671,MY-CAL-WIN10.my-caldera.local,17,"Pipe Created:
RuleName: -
EventType: CreatePipe
UtcTime: 2024-08-20 20:21:25.810
ProcessGuid: {ca24abc9-ee08-66c4-2094-000000001900}
ProcessId: 28596
PipeName: <Anonymous Pipe>
Image: C:\Windows\Microsoft.NET\Framework64\v4.0.30319\ngen.exe
User: NT AUTHORITY\SYSTEM"
4672,MY-CAL-WIN10.my-caldera.local,17,"Pipe Created:
RuleName: -
EventType: CreatePipe
UtcTime: 2024-08-20 20:23:14.491
ProcessGuid: {ca24abc9-ee08-66c4-2094-000000001900}
ProcessId: 28596
PipeName: <Anonymous Pipe>
Image: C:\Windows\Microsoft.NET\Framework64\v4.0.30319\ngen.exe
User: NT AUTHORITY\SYSTEM"
4673,MY-CAL-WIN10.my-caldera.local,17,"Pipe Created:
RuleName: -
EventType: CreatePipe
UtcTime: 2024-08-20 20:23:51.830
ProcessGuid: {ca24abc9-ee08-66c4-2094-000000001900}
ProcessId: 28596
PipeName: <Anonymous Pipe>
Image: C:\Windows\Microsoft.NET\Framework64\v4.0.30319\ngen.exe
User: NT AUTHORITY\SYSTEM"
4674,MY-CAL-WIN10.my-caldera.local,17,"Pipe Created:
RuleName: -
EventType: CreatePipe
UtcTime: 2024-08-20 20:24:11.349
ProcessGuid: {ca24abc9-ee08-66c4-2094-000000001900}
ProcessId: 28596
PipeName: <Anonymous Pipe>
Image: C:\Windows\Microsoft.NET\Framework64\v4.0.30319\ngen.exe
User: NT AUTHORITY\SYSTEM"
4675,MY-CAL-WIN10.my-caldera.local,17,"Pipe Created:
RuleName: -
EventType: CreatePipe
UtcTime: 2024-08-20 20:25:02.524
ProcessGuid: {ca24abc9-ee08-66c4-2094-000000001900}
ProcessId: 28596
PipeName: <Anonymous Pipe>
Image: C:\Windows\Microsoft.NET\Framework64\v4.0.30319\ngen.exe
User: NT AUTHORITY\SYSTEM"
4676,MY-CAL-WIN10.my-caldera.local,17,"Pipe Created:
RuleName: -
EventType: CreatePipe
UtcTime: 2024-08-20 20:25:14.866
ProcessGuid: {ca24abc9-ee08-66c4-2094-000000001900}
ProcessId: 28596
PipeName: <Anonymous Pipe>
Image: C:\Windows\Microsoft.NET\Framework64\v4.0.30319\ngen.exe
User: NT AUTHORITY\SYSTEM"
4677,MY-CAL-WIN10.my-caldera.local,17,"Pipe Created:
RuleName: -
EventType: CreatePipe
UtcTime: 2024-08-20 20:26:05.915
ProcessGuid: {ca24abc9-ee08-66c4-2094-000000001900}
ProcessId: 28596
PipeName: <Anonymous Pipe>
Image: C:\Windows\Microsoft.NET\Framework64\v4.0.30319\ngen.exe
User: NT AUTHORITY\SYSTEM"
4678,MY-CAL-WIN10.my-caldera.local,17,"Pipe Created:
RuleName: -
EventType: CreatePipe
UtcTime: 2024-08-20 20:26:06.282
ProcessGuid: {ca24abc9-ee08-66c4-2094-000000001900}
ProcessId: 28596
PipeName: <Anonymous Pipe>
Image: C:\Windows\Microsoft.NET\Framework64\v4.0.30319\ngen.exe
User: NT AUTHORITY\SYSTEM"
4679,MY-CAL-WIN10.my-caldera.local,17,"Pipe Created:
RuleName: -
EventType: CreatePipe
UtcTime: 2024-08-20 20:26:07.599
ProcessGuid: {ca24abc9-ee08-66c4-2094-000000001900}
ProcessId: 28596
PipeName: <Anonymous Pipe>
Image: C:\Windows\Microsoft.NET\Framework64\v4.0.30319\ngen.exe
User: NT AUTHORITY\SYSTEM"
4680,MY-CAL-WIN10.my-caldera.local,17,"Pipe Created:
RuleName: -
EventType: CreatePipe
UtcTime: 2024-08-20 20:26:06.728
ProcessGuid: {ca24abc9-ee08-66c4-2094-000000001900}
ProcessId: 28596
PipeName: <Anonymous Pipe>
Image: C:\Windows\Microsoft.NET\Framework64\v4.0.30319\ngen.exe
User: NT AUTHORITY\SYSTEM"
4681,MY-CAL-WIN10.my-caldera.local,17,"Pipe Created:
RuleName: -
EventType: CreatePipe
UtcTime: 2024-08-20 20:26:33.994
ProcessGuid: {ca24abc9-ee08-66c4-2094-000000001900}
ProcessId: 28596
PipeName: <Anonymous Pipe>
Image: C:\Windows\Microsoft.NET\Framework64\v4.0.30319\ngen.exe
User: NT AUTHORITY\SYSTEM"
4682,MY-CAL-WIN10.my-caldera.local,17,"Pipe Created:
RuleName: -
EventType: CreatePipe
UtcTime: 2024-08-20 20:26:49.102
ProcessGuid: {ca24abc9-ee08-66c4-2094-000000001900}
ProcessId: 28596
PipeName: <Anonymous Pipe>
Image: C:\Windows\Microsoft.NET\Framework64\v4.0.30319\ngen.exe
User: NT AUTHORITY\SYSTEM"
4683,MY-CAL-WIN10.my-caldera.local,17,"Pipe Created:
RuleName: -
EventType: CreatePipe
UtcTime: 2024-08-20 20:28:02.867
ProcessGuid: {ca24abc9-ee08-66c4-2094-000000001900}
ProcessId: 28596
PipeName: <Anonymous Pipe>
Image: C:\Windows\Microsoft.NET\Framework64\v4.0.30319\ngen.exe
User: NT AUTHORITY\SYSTEM"
4684,MY-CAL-WIN10.my-caldera.local,17,"Pipe Created:
RuleName: -
EventType: CreatePipe
UtcTime: 2024-08-20 20:28:07.595
ProcessGuid: {ca24abc9-ee08-66c4-2094-000000001900}
ProcessId: 28596
PipeName: <Anonymous Pipe>
Image: C:\Windows\Microsoft.NET\Framework64\v4.0.30319\ngen.exe
User: NT AUTHORITY\SYSTEM"
4685,MY-CAL-WIN10.my-caldera.local,17,"Pipe Created:
RuleName: -
EventType: CreatePipe
UtcTime: 2024-08-20 20:28:18.698
ProcessGuid: {ca24abc9-ee08-66c4-2094-000000001900}
ProcessId: 28596
PipeName: <Anonymous Pipe>
Image: C:\Windows\Microsoft.NET\Framework64\v4.0.30319\ngen.exe
User: NT AUTHORITY\SYSTEM"
4686,MY-CAL-WIN10.my-caldera.local,17,"Pipe Created:
RuleName: -
EventType: CreatePipe
UtcTime: 2024-08-20 20:28:48.296
ProcessGuid: {ca24abc9-ee08-66c4-2094-000000001900}
ProcessId: 28596
PipeName: <Anonymous Pipe>
Image: C:\Windows\Microsoft.NET\Framework64\v4.0.30319\ngen.exe
User: NT AUTHORITY\SYSTEM"
4687,MY-CAL-WIN10.my-caldera.local,17,"Pipe Created:
RuleName: -
EventType: CreatePipe
UtcTime: 2024-08-20 20:28:48.573
ProcessGuid: {ca24abc9-ee08-66c4-2094-000000001900}
ProcessId: 28596
PipeName: <Anonymous Pipe>
Image: C:\Windows\Microsoft.NET\Framework64\v4.0.30319\ngen.exe
User: NT AUTHORITY\SYSTEM"
4688,MY-CAL-WIN10.my-caldera.local,17,"Pipe Created:
RuleName: -
EventType: CreatePipe
UtcTime: 2024-08-20 20:29:03.738
ProcessGuid: {ca24abc9-ee08-66c4-2094-000000001900}
ProcessId: 28596
PipeName: <Anonymous Pipe>
Image: C:\Windows\Microsoft.NET\Framework64\v4.0.30319\ngen.exe
User: NT AUTHORITY\SYSTEM"
4689,MY-CAL-WIN10.my-caldera.local,17,"Pipe Created:
RuleName: -
EventType: CreatePipe
UtcTime: 2024-08-20 20:29:09.338
ProcessGuid: {ca24abc9-ee08-66c4-2094-000000001900}
ProcessId: 28596
PipeName: <Anonymous Pipe>
Image: C:\Windows\Microsoft.NET\Framework64\v4.0.30319\ngen.exe
User: NT AUTHORITY\SYSTEM"
4690,MY-CAL-WIN10.my-caldera.local,17,"Pipe Created:
RuleName: -
EventType: CreatePipe
UtcTime: 2024-08-20 20:29:08.907
ProcessGuid: {ca24abc9-ee08-66c4-2094-000000001900}
ProcessId: 28596
PipeName: <Anonymous Pipe>
Image: C:\Windows\Microsoft.NET\Framework64\v4.0.30319\ngen.exe
User: NT AUTHORITY\SYSTEM"
4691,MY-CAL-WIN10.my-caldera.local,17,"Pipe Created:
RuleName: -
EventType: CreatePipe
UtcTime: 2024-08-20 20:29:09.164
ProcessGuid: {ca24abc9-ee08-66c4-2094-000000001900}
ProcessId: 28596
PipeName: <Anonymous Pipe>
Image: C:\Windows\Microsoft.NET\Framework64\v4.0.30319\ngen.exe
User: NT AUTHORITY\SYSTEM"
4692,MY-CAL-WIN10.my-caldera.local,17,"Pipe Created:
RuleName: -
EventType: CreatePipe
UtcTime: 2024-08-20 20:29:13.391
ProcessGuid: {ca24abc9-ee08-66c4-2094-000000001900}
ProcessId: 28596
PipeName: <Anonymous Pipe>
Image: C:\Windows\Microsoft.NET\Framework64\v4.0.30319\ngen.exe
User: NT AUTHORITY\SYSTEM"
4693,MY-CAL-WIN10.my-caldera.local,17,"Pipe Created:
RuleName: -
EventType: CreatePipe
UtcTime: 2024-08-20 20:29:13.643
ProcessGuid: {ca24abc9-ee08-66c4-2094-000000001900}
ProcessId: 28596
PipeName: <Anonymous Pipe>
Image: C:\Windows\Microsoft.NET\Framework64\v4.0.30319\ngen.exe
User: NT AUTHORITY\SYSTEM"
4694,MY-CAL-WIN10.my-caldera.local,17,"Pipe Created:
RuleName: -
EventType: CreatePipe
UtcTime: 2024-08-20 20:29:14.381
ProcessGuid: {ca24abc9-ee08-66c4-2094-000000001900}
ProcessId: 28596
PipeName: <Anonymous Pipe>
Image: C:\Windows\Microsoft.NET\Framework64\v4.0.30319\ngen.exe
User: NT AUTHORITY\SYSTEM"
4695,MY-CAL-WIN10.my-caldera.local,17,"Pipe Created:
RuleName: -
EventType: CreatePipe
UtcTime: 2024-08-20 20:29:13.006
ProcessGuid: {ca24abc9-ee08-66c4-2094-000000001900}
ProcessId: 28596
PipeName: <Anonymous Pipe>
Image: C:\Windows\Microsoft.NET\Framework64\v4.0.30319\ngen.exe
User: NT AUTHORITY\SYSTEM"
4696,MY-CAL-WIN10.my-caldera.local,17,"Pipe Created:
RuleName: -
EventType: CreatePipe
UtcTime: 2024-08-20 20:29:18.384
ProcessGuid: {ca24abc9-ee08-66c4-2094-000000001900}
ProcessId: 28596
PipeName: <Anonymous Pipe>
Image: C:\Windows\Microsoft.NET\Framework64\v4.0.30319\ngen.exe
User: NT AUTHORITY\SYSTEM"
4697,MY-CAL-WIN10.my-caldera.local,17,"Pipe Created:
RuleName: -
EventType: CreatePipe
UtcTime: 2024-08-20 20:29:30.526
ProcessGuid: {ca24abc9-ee08-66c4-2094-000000001900}
ProcessId: 28596
PipeName: <Anonymous Pipe>
Image: C:\Windows\Microsoft.NET\Framework64\v4.0.30319\ngen.exe
User: NT AUTHORITY\SYSTEM"
4698,MY-CAL-WIN10.my-caldera.local,17,"Pipe Created:
RuleName: -
EventType: CreatePipe
UtcTime: 2024-08-20 20:29:30.250
ProcessGuid: {ca24abc9-ee08-66c4-2094-000000001900}
ProcessId: 28596
PipeName: <Anonymous Pipe>
Image: C:\Windows\Microsoft.NET\Framework64\v4.0.30319\ngen.exe
User: NT AUTHORITY\SYSTEM"
4699,MY-CAL-WIN10.my-caldera.local,17,"Pipe Created:
RuleName: -
EventType: CreatePipe
UtcTime: 2024-08-20 20:29:30.830
ProcessGuid: {ca24abc9-ee08-66c4-2094-000000001900}
ProcessId: 28596
PipeName: <Anonymous Pipe>
Image: C:\Windows\Microsoft.NET\Framework64\v4.0.30319\ngen.exe
User: NT AUTHORITY\SYSTEM"
4700,MY-CAL-WIN10.my-caldera.local,17,"Pipe Created:
RuleName: -
EventType: CreatePipe
UtcTime: 2024-08-20 20:29:40.547
ProcessGuid: {ca24abc9-ee08-66c4-2094-000000001900}
ProcessId: 28596
PipeName: <Anonymous Pipe>
Image: C:\Windows\Microsoft.NET\Framework64\v4.0.30319\ngen.exe
User: NT AUTHORITY\SYSTEM"
4701,MY-CAL-WIN10.my-caldera.local,17,"Pipe Created:
RuleName: -
EventType: CreatePipe
UtcTime: 2024-08-20 20:29:48.744
ProcessGuid: {ca24abc9-ee08-66c4-2094-000000001900}
ProcessId: 28596
PipeName: <Anonymous Pipe>
Image: C:\Windows\Microsoft.NET\Framework64\v4.0.30319\ngen.exe
User: NT AUTHORITY\SYSTEM"
4702,MY-CAL-WIN10.my-caldera.local,17,"Pipe Created:
RuleName: -
EventType: CreatePipe
UtcTime: 2024-08-20 20:29:50.343
ProcessGuid: {ca24abc9-ee08-66c4-2094-000000001900}
ProcessId: 28596
PipeName: <Anonymous Pipe>
Image: C:\Windows\Microsoft.NET\Framework64\v4.0.30319\ngen.exe
User: NT AUTHORITY\SYSTEM"
4703,MY-CAL-WIN10.my-caldera.local,17,"Pipe Created:
RuleName: -
EventType: CreatePipe
UtcTime: 2024-08-20 20:29:48.355
ProcessGuid: {ca24abc9-ee08-66c4-2094-000000001900}
ProcessId: 28596
PipeName: <Anonymous Pipe>
Image: C:\Windows\Microsoft.NET\Framework64\v4.0.30319\ngen.exe
User: NT AUTHORITY\SYSTEM"
4704,MY-CAL-WIN10.my-caldera.local,17,"Pipe Created:
RuleName: -
EventType: CreatePipe
UtcTime: 2024-08-20 20:29:48.494
ProcessGuid: {ca24abc9-ee08-66c4-2094-000000001900}
ProcessId: 28596
PipeName: <Anonymous Pipe>
Image: C:\Windows\Microsoft.NET\Framework64\v4.0.30319\ngen.exe
User: NT AUTHORITY\SYSTEM"
4705,MY-CAL-WIN10.my-caldera.local,17,"Pipe Created:
RuleName: -
EventType: CreatePipe
UtcTime: 2024-08-20 20:29:55.293
ProcessGuid: {ca24abc9-ee08-66c4-2094-000000001900}
ProcessId: 28596
PipeName: <Anonymous Pipe>
Image: C:\Windows\Microsoft.NET\Framework64\v4.0.30319\ngen.exe
User: NT AUTHORITY\SYSTEM"
4706,MY-CAL-WIN10.my-caldera.local,17,"Pipe Created:
RuleName: -
EventType: CreatePipe
UtcTime: 2024-08-20 20:29:55.871
ProcessGuid: {ca24abc9-ee08-66c4-2094-000000001900}
ProcessId: 28596
PipeName: <Anonymous Pipe>
Image: C:\Windows\Microsoft.NET\Framework64\v4.0.30319\ngen.exe
User: NT AUTHORITY\SYSTEM"
4707,MY-CAL-WIN10.my-caldera.local,17,"Pipe Created:
RuleName: -
EventType: CreatePipe
UtcTime: 2024-08-20 20:30:00.933
ProcessGuid: {ca24abc9-ee08-66c4-2094-000000001900}
ProcessId: 28596
PipeName: <Anonymous Pipe>
Image: C:\Windows\Microsoft.NET\Framework64\v4.0.30319\ngen.exe
User: NT AUTHORITY\SYSTEM"
4708,MY-CAL-WIN10.my-caldera.local,17,"Pipe Created:
RuleName: -
EventType: CreatePipe
UtcTime: 2024-08-20 20:30:02.021
ProcessGuid: {ca24abc9-ee08-66c4-2094-000000001900}
ProcessId: 28596
PipeName: <Anonymous Pipe>
Image: C:\Windows\Microsoft.NET\Framework64\v4.0.30319\ngen.exe
User: NT AUTHORITY\SYSTEM"
4709,MY-CAL-WIN10.my-caldera.local,17,"Pipe Created:
RuleName: -
EventType: CreatePipe
UtcTime: 2024-08-20 20:30:01.598
ProcessGuid: {ca24abc9-ee08-66c4-2094-000000001900}
ProcessId: 28596
PipeName: <Anonymous Pipe>
Image: C:\Windows\Microsoft.NET\Framework64\v4.0.30319\ngen.exe
User: NT AUTHORITY\SYSTEM"
4710,MY-CAL-WIN10.my-caldera.local,17,"Pipe Created:
RuleName: -
EventType: CreatePipe
UtcTime: 2024-08-20 20:30:03.315
ProcessGuid: {ca24abc9-ee08-66c4-2094-000000001900}
ProcessId: 28596
PipeName: <Anonymous Pipe>
Image: C:\Windows\Microsoft.NET\Framework64\v4.0.30319\ngen.exe
User: NT AUTHORITY\SYSTEM"
4711,MY-CAL-WIN10.my-caldera.local,17,"Pipe Created:
RuleName: -
EventType: CreatePipe
UtcTime: 2024-08-20 20:30:03.412
ProcessGuid: {ca24abc9-ee08-66c4-2094-000000001900}
ProcessId: 28596
PipeName: <Anonymous Pipe>
Image: C:\Windows\Microsoft.NET\Framework64\v4.0.30319\ngen.exe
User: NT AUTHORITY\SYSTEM"
4712,MY-CAL-WIN10.my-caldera.local,17,"Pipe Created:
RuleName: -
EventType: CreatePipe
UtcTime: 2024-08-20 20:30:02.587
ProcessGuid: {ca24abc9-ee08-66c4-2094-000000001900}
ProcessId: 28596
PipeName: <Anonymous Pipe>
Image: C:\Windows\Microsoft.NET\Framework64\v4.0.30319\ngen.exe
User: NT AUTHORITY\SYSTEM"
4713,MY-CAL-WIN10.my-caldera.local,17,"Pipe Created:
RuleName: -
EventType: CreatePipe
UtcTime: 2024-08-20 20:30:03.056
ProcessGuid: {ca24abc9-ee08-66c4-2094-000000001900}
ProcessId: 28596
PipeName: <Anonymous Pipe>
Image: C:\Windows\Microsoft.NET\Framework64\v4.0.30319\ngen.exe
User: NT AUTHORITY\SYSTEM"
4714,MY-CAL-WIN10.my-caldera.local,17,"Pipe Created:
RuleName: -
EventType: CreatePipe
UtcTime: 2024-08-20 20:30:01.364
ProcessGuid: {ca24abc9-ee08-66c4-2094-000000001900}
ProcessId: 28596
PipeName: <Anonymous Pipe>
Image: C:\Windows\Microsoft.NET\Framework64\v4.0.30319\ngen.exe
User: NT AUTHORITY\SYSTEM"
4715,MY-CAL-WIN10.my-caldera.local,17,"Pipe Created:
RuleName: -
EventType: CreatePipe
UtcTime: 2024-08-20 20:30:03.166
ProcessGuid: {ca24abc9-ee08-66c4-2094-000000001900}
ProcessId: 28596
PipeName: <Anonymous Pipe>
Image: C:\Windows\Microsoft.NET\Framework64\v4.0.30319\ngen.exe
User: NT AUTHORITY\SYSTEM"
4716,MY-CAL-WIN10.my-caldera.local,17,"Pipe Created:
RuleName: -
EventType: CreatePipe
UtcTime: 2024-08-20 20:30:01.922
ProcessGuid: {ca24abc9-ee08-66c4-2094-000000001900}
ProcessId: 28596
PipeName: <Anonymous Pipe>
Image: C:\Windows\Microsoft.NET\Framework64\v4.0.30319\ngen.exe
User: NT AUTHORITY\SYSTEM"
4717,MY-CAL-WIN10.my-caldera.local,17,"Pipe Created:
RuleName: -
EventType: CreatePipe
UtcTime: 2024-08-20 20:30:02.147
ProcessGuid: {ca24abc9-ee08-66c4-2094-000000001900}
ProcessId: 28596
PipeName: <Anonymous Pipe>
Image: C:\Windows\Microsoft.NET\Framework64\v4.0.30319\ngen.exe
User: NT AUTHORITY\SYSTEM"
4718,MY-CAL-WIN10.my-caldera.local,17,"Pipe Created:
RuleName: -
EventType: CreatePipe
UtcTime: 2024-08-20 20:30:08.483
ProcessGuid: {ca24abc9-ee08-66c4-2094-000000001900}
ProcessId: 28596
PipeName: <Anonymous Pipe>
Image: C:\Windows\Microsoft.NET\Framework64\v4.0.30319\ngen.exe
User: NT AUTHORITY\SYSTEM"
4719,MY-CAL-WIN10.my-caldera.local,17,"Pipe Created:
RuleName: -
EventType: CreatePipe
UtcTime: 2024-08-20 19:48:25.723
ProcessGuid: {ca24abc9-ee08-66c4-2094-000000001900}
ProcessId: 28596
PipeName: <Anonymous Pipe>
Image: C:\Windows\Microsoft.NET\Framework64\v4.0.30319\ngen.exe
User: NT AUTHORITY\SYSTEM"
4720,MY-CAL-WIN10.my-caldera.local,17,"Pipe Created:
RuleName: -
EventType: CreatePipe
UtcTime: 2024-08-20 19:48:54.954
ProcessGuid: {ca24abc9-ee08-66c4-2094-000000001900}
ProcessId: 28596
PipeName: <Anonymous Pipe>
Image: C:\Windows\Microsoft.NET\Framework64\v4.0.30319\ngen.exe
User: NT AUTHORITY\SYSTEM"
4721,MY-CAL-WIN10.my-caldera.local,17,"Pipe Created:
RuleName: -
EventType: CreatePipe
UtcTime: 2024-08-20 19:48:56.839
ProcessGuid: {ca24abc9-ee08-66c4-2094-000000001900}
ProcessId: 28596
PipeName: <Anonymous Pipe>
Image: C:\Windows\Microsoft.NET\Framework64\v4.0.30319\ngen.exe
User: NT AUTHORITY\SYSTEM"
4722,MY-CAL-WIN10.my-caldera.local,17,"Pipe Created:
RuleName: -
EventType: CreatePipe
UtcTime: 2024-08-20 19:48:42.244
ProcessGuid: {ca24abc9-ee08-66c4-2094-000000001900}
ProcessId: 28596
PipeName: <Anonymous Pipe>
Image: C:\Windows\Microsoft.NET\Framework64\v4.0.30319\ngen.exe
User: NT AUTHORITY\SYSTEM"
4723,MY-CAL-WIN10.my-caldera.local,17,"Pipe Created:
RuleName: -
EventType: CreatePipe
UtcTime: 2024-08-20 19:48:47.682
ProcessGuid: {ca24abc9-ee08-66c4-2094-000000001900}
ProcessId: 28596
PipeName: <Anonymous Pipe>
Image: C:\Windows\Microsoft.NET\Framework64\v4.0.30319\ngen.exe
User: NT AUTHORITY\SYSTEM"
4724,MY-CAL-WIN10.my-caldera.local,17,"Pipe Created:
RuleName: -
EventType: CreatePipe
UtcTime: 2024-08-20 19:48:57.268
ProcessGuid: {ca24abc9-ee08-66c4-2094-000000001900}
ProcessId: 28596
PipeName: <Anonymous Pipe>
Image: C:\Windows\Microsoft.NET\Framework64\v4.0.30319\ngen.exe
User: NT AUTHORITY\SYSTEM"
4725,MY-CAL-WIN10.my-caldera.local,17,"Pipe Created:
RuleName: -
EventType: CreatePipe
UtcTime: 2024-08-20 19:48:55.888
ProcessGuid: {ca24abc9-ee08-66c4-2094-000000001900}
ProcessId: 28596
PipeName: <Anonymous Pipe>
Image: C:\Windows\Microsoft.NET\Framework64\v4.0.30319\ngen.exe
User: NT AUTHORITY\SYSTEM"
4726,MY-CAL-WIN10.my-caldera.local,17,"Pipe Created:
RuleName: -
EventType: CreatePipe
UtcTime: 2024-08-20 19:51:44.623
ProcessGuid: {ca24abc9-ee08-66c4-2094-000000001900}
ProcessId: 28596
PipeName: <Anonymous Pipe>
Image: C:\Windows\Microsoft.NET\Framework64\v4.0.30319\ngen.exe
User: NT AUTHORITY\SYSTEM"
4727,MY-CAL-WIN10.my-caldera.local,17,"Pipe Created:
RuleName: -
EventType: CreatePipe
UtcTime: 2024-08-20 19:51:51.773
ProcessGuid: {ca24abc9-ee08-66c4-2094-000000001900}
ProcessId: 28596
PipeName: <Anonymous Pipe>
Image: C:\Windows\Microsoft.NET\Framework64\v4.0.30319\ngen.exe
User: NT AUTHORITY\SYSTEM"
4728,MY-CAL-WIN10.my-caldera.local,17,"Pipe Created:
RuleName: -
EventType: CreatePipe
UtcTime: 2024-08-20 19:51:54.236
ProcessGuid: {ca24abc9-ee08-66c4-2094-000000001900}
ProcessId: 28596
PipeName: <Anonymous Pipe>
Image: C:\Windows\Microsoft.NET\Framework64\v4.0.30319\ngen.exe
User: NT AUTHORITY\SYSTEM"
4729,MY-CAL-WIN10.my-caldera.local,17,"Pipe Created:
RuleName: -
EventType: CreatePipe
UtcTime: 2024-08-20 19:51:56.651
ProcessGuid: {ca24abc9-ee08-66c4-2094-000000001900}
ProcessId: 28596
PipeName: <Anonymous Pipe>
Image: C:\Windows\Microsoft.NET\Framework64\v4.0.30319\ngen.exe
User: NT AUTHORITY\SYSTEM"
4730,MY-CAL-WIN10.my-caldera.local,17,"Pipe Created:
RuleName: -
EventType: CreatePipe
UtcTime: 2024-08-20 19:51:44.885
ProcessGuid: {ca24abc9-ee08-66c4-2094-000000001900}
ProcessId: 28596
PipeName: <Anonymous Pipe>
Image: C:\Windows\Microsoft.NET\Framework64\v4.0.30319\ngen.exe
User: NT AUTHORITY\SYSTEM"
4731,MY-CAL-WIN10.my-caldera.local,17,"Pipe Created:
RuleName: -
EventType: CreatePipe
UtcTime: 2024-08-20 19:52:01.407
ProcessGuid: {ca24abc9-ee08-66c4-2094-000000001900}
ProcessId: 28596
PipeName: <Anonymous Pipe>
Image: C:\Windows\Microsoft.NET\Framework64\v4.0.30319\ngen.exe
User: NT AUTHORITY\SYSTEM"
4732,MY-CAL-WIN10.my-caldera.local,17,"Pipe Created:
RuleName: -
EventType: CreatePipe
UtcTime: 2024-08-20 19:51:43.911
ProcessGuid: {ca24abc9-ee08-66c4-2094-000000001900}
ProcessId: 28596
PipeName: <Anonymous Pipe>
Image: C:\Windows\Microsoft.NET\Framework64\v4.0.30319\ngen.exe
User: NT AUTHORITY\SYSTEM"
4733,MY-CAL-WIN10.my-caldera.local,17,"Pipe Created:
RuleName: -
EventType: CreatePipe
UtcTime: 2024-08-20 19:52:00.437
ProcessGuid: {ca24abc9-ee08-66c4-2094-000000001900}
ProcessId: 28596
PipeName: <Anonymous Pipe>
Image: C:\Windows\Microsoft.NET\Framework64\v4.0.30319\ngen.exe
User: NT AUTHORITY\SYSTEM"
4734,MY-CAL-WIN10.my-caldera.local,17,"Pipe Created:
RuleName: -
EventType: CreatePipe
UtcTime: 2024-08-20 19:52:01.973
ProcessGuid: {ca24abc9-ee08-66c4-2094-000000001900}
ProcessId: 28596
PipeName: <Anonymous Pipe>
Image: C:\Windows\Microsoft.NET\Framework64\v4.0.30319\ngen.exe
User: NT AUTHORITY\SYSTEM"
4735,MY-CAL-WIN10.my-caldera.local,17,"Pipe Created:
RuleName: -
EventType: CreatePipe
UtcTime: 2024-08-20 19:51:51.078
ProcessGuid: {ca24abc9-ee08-66c4-2094-000000001900}
ProcessId: 28596
PipeName: <Anonymous Pipe>
Image: C:\Windows\Microsoft.NET\Framework64\v4.0.30319\ngen.exe
User: NT AUTHORITY\SYSTEM"
4736,MY-CAL-WIN10.my-caldera.local,17,"Pipe Created:
RuleName: -
EventType: CreatePipe
UtcTime: 2024-08-20 20:16:22.478
ProcessGuid: {ca24abc9-ee08-66c4-2094-000000001900}
ProcessId: 28596
PipeName: <Anonymous Pipe>
Image: C:\Windows\Microsoft.NET\Framework64\v4.0.30319\ngen.exe
User: NT AUTHORITY\SYSTEM"
4737,MY-CAL-WIN10.my-caldera.local,17,"Pipe Created:
RuleName: -
EventType: CreatePipe
UtcTime: 2024-08-20 20:17:48.651
ProcessGuid: {ca24abc9-ee08-66c4-2094-000000001900}
ProcessId: 28596
PipeName: <Anonymous Pipe>
Image: C:\Windows\Microsoft.NET\Framework64\v4.0.30319\ngen.exe
User: NT AUTHORITY\SYSTEM"
4738,MY-CAL-WIN10.my-caldera.local,17,"Pipe Created:
RuleName: -
EventType: CreatePipe
UtcTime: 2024-08-20 20:19:07.330
ProcessGuid: {ca24abc9-ee08-66c4-2094-000000001900}
ProcessId: 28596
PipeName: <Anonymous Pipe>
Image: C:\Windows\Microsoft.NET\Framework64\v4.0.30319\ngen.exe
User: NT AUTHORITY\SYSTEM"
4739,MY-CAL-WIN10.my-caldera.local,17,"Pipe Created:
RuleName: -
EventType: CreatePipe
UtcTime: 2024-08-20 20:19:28.067
ProcessGuid: {ca24abc9-ee08-66c4-2094-000000001900}
ProcessId: 28596
PipeName: <Anonymous Pipe>
Image: C:\Windows\Microsoft.NET\Framework64\v4.0.30319\ngen.exe
User: NT AUTHORITY\SYSTEM"
4740,MY-CAL-WIN10.my-caldera.local,17,"Pipe Created:
RuleName: -
EventType: CreatePipe
UtcTime: 2024-08-20 20:21:45.229
ProcessGuid: {ca24abc9-ee08-66c4-2094-000000001900}
ProcessId: 28596
PipeName: <Anonymous Pipe>
Image: C:\Windows\Microsoft.NET\Framework64\v4.0.30319\ngen.exe
User: NT AUTHORITY\SYSTEM"
4741,MY-CAL-WIN10.my-caldera.local,17,"Pipe Created:
RuleName: -
EventType: CreatePipe
UtcTime: 2024-08-20 20:22:15.939
ProcessGuid: {ca24abc9-ee08-66c4-2094-000000001900}
ProcessId: 28596
PipeName: <Anonymous Pipe>
Image: C:\Windows\Microsoft.NET\Framework64\v4.0.30319\ngen.exe
User: NT AUTHORITY\SYSTEM"
4742,MY-CAL-WIN10.my-caldera.local,17,"Pipe Created:
RuleName: -
EventType: CreatePipe
UtcTime: 2024-08-20 20:24:08.980
ProcessGuid: {ca24abc9-ee08-66c4-2094-000000001900}
ProcessId: 28596
PipeName: <Anonymous Pipe>
Image: C:\Windows\Microsoft.NET\Framework64\v4.0.30319\ngen.exe
User: NT AUTHORITY\SYSTEM"
4743,MY-CAL-WIN10.my-caldera.local,17,"Pipe Created:
RuleName: -
EventType: CreatePipe
UtcTime: 2024-08-20 20:24:22.658
ProcessGuid: {ca24abc9-ee08-66c4-2094-000000001900}
ProcessId: 28596
PipeName: <Anonymous Pipe>
Image: C:\Windows\Microsoft.NET\Framework64\v4.0.30319\ngen.exe
User: NT AUTHORITY\SYSTEM"
4744,MY-CAL-WIN10.my-caldera.local,17,"Pipe Created:
RuleName: -
EventType: CreatePipe
UtcTime: 2024-08-20 20:26:36.300
ProcessGuid: {ca24abc9-ee08-66c4-2094-000000001900}
ProcessId: 28596
PipeName: <Anonymous Pipe>
Image: C:\Windows\Microsoft.NET\Framework64\v4.0.30319\ngen.exe
User: NT AUTHORITY\SYSTEM"
4745,MY-CAL-WIN10.my-caldera.local,17,"Pipe Created:
RuleName: -
EventType: CreatePipe
UtcTime: 2024-08-20 20:30:35.180
ProcessGuid: {ca24abc9-ee08-66c4-2094-000000001900}
ProcessId: 28596
PipeName: <Anonymous Pipe>
Image: C:\Windows\Microsoft.NET\Framework64\v4.0.30319\ngen.exe
User: NT AUTHORITY\SYSTEM"
4746,MY-CAL-WIN10.my-caldera.local,17,"Pipe Created:
RuleName: -
EventType: CreatePipe
UtcTime: 2024-08-20 20:30:35.458
ProcessGuid: {ca24abc9-ee08-66c4-2094-000000001900}
ProcessId: 28596
PipeName: <Anonymous Pipe>
Image: C:\Windows\Microsoft.NET\Framework64\v4.0.30319\ngen.exe
User: NT AUTHORITY\SYSTEM"
4747,MY-CAL-WIN10.my-caldera.local,17,"Pipe Created:
RuleName: -
EventType: CreatePipe
UtcTime: 2024-08-20 20:30:44.569
ProcessGuid: {ca24abc9-ee08-66c4-2094-000000001900}
ProcessId: 28596
PipeName: <Anonymous Pipe>
Image: C:\Windows\Microsoft.NET\Framework64\v4.0.30319\ngen.exe
User: NT AUTHORITY\SYSTEM"
4748,MY-CAL-WIN10.my-caldera.local,17,"Pipe Created:
RuleName: -
EventType: CreatePipe
UtcTime: 2024-08-20 20:30:45.213
ProcessGuid: {ca24abc9-ee08-66c4-2094-000000001900}
ProcessId: 28596
PipeName: <Anonymous Pipe>
Image: C:\Windows\Microsoft.NET\Framework64\v4.0.30319\ngen.exe
User: NT AUTHORITY\SYSTEM"
4749,MY-CAL-WIN10.my-caldera.local,17,"Pipe Created:
RuleName: -
EventType: CreatePipe
UtcTime: 2024-08-20 20:31:07.720
ProcessGuid: {ca24abc9-ee08-66c4-2094-000000001900}
ProcessId: 28596
PipeName: <Anonymous Pipe>
Image: C:\Windows\Microsoft.NET\Framework64\v4.0.30319\ngen.exe
User: NT AUTHORITY\SYSTEM"
4750,MY-CAL-WIN10.my-caldera.local,17,"Pipe Created:
RuleName: -
EventType: CreatePipe
UtcTime: 2024-08-20 20:31:19.847
ProcessGuid: {ca24abc9-ee08-66c4-2094-000000001900}
ProcessId: 28596
PipeName: <Anonymous Pipe>
Image: C:\Windows\Microsoft.NET\Framework64\v4.0.30319\ngen.exe
User: NT AUTHORITY\SYSTEM"
4751,MY-CAL-WIN10.my-caldera.local,17,"Pipe Created:
RuleName: -
EventType: CreatePipe
UtcTime: 2024-08-20 20:31:20.350
ProcessGuid: {ca24abc9-ee08-66c4-2094-000000001900}
ProcessId: 28596
PipeName: <Anonymous Pipe>
Image: C:\Windows\Microsoft.NET\Framework64\v4.0.30319\ngen.exe
User: NT AUTHORITY\SYSTEM"
4752,MY-CAL-WIN10.my-caldera.local,17,"Pipe Created:
RuleName: -
EventType: CreatePipe
UtcTime: 2024-08-20 20:31:20.620
ProcessGuid: {ca24abc9-ee08-66c4-2094-000000001900}
ProcessId: 28596
PipeName: <Anonymous Pipe>
Image: C:\Windows\Microsoft.NET\Framework64\v4.0.30319\ngen.exe
User: NT AUTHORITY\SYSTEM"
4753,MY-CAL-WIN10.my-caldera.local,17,"Pipe Created:
RuleName: -
EventType: CreatePipe
UtcTime: 2024-08-20 20:31:20.165
ProcessGuid: {ca24abc9-ee08-66c4-2094-000000001900}
ProcessId: 28596
PipeName: <Anonymous Pipe>
Image: C:\Windows\Microsoft.NET\Framework64\v4.0.30319\ngen.exe
User: NT AUTHORITY\SYSTEM"
4754,MY-CAL-WIN10.my-caldera.local,17,"Pipe Created:
RuleName: -
EventType: CreatePipe
UtcTime: 2024-08-20 20:31:19.677
ProcessGuid: {ca24abc9-ee08-66c4-2094-000000001900}
ProcessId: 28596
PipeName: <Anonymous Pipe>
Image: C:\Windows\Microsoft.NET\Framework64\v4.0.30319\ngen.exe
User: NT AUTHORITY\SYSTEM"
4755,MY-CAL-WIN10.my-caldera.local,17,"Pipe Created:
RuleName: -
EventType: CreatePipe
UtcTime: 2024-08-20 20:31:20.012
ProcessGuid: {ca24abc9-ee08-66c4-2094-000000001900}
ProcessId: 28596
PipeName: <Anonymous Pipe>
Image: C:\Windows\Microsoft.NET\Framework64\v4.0.30319\ngen.exe
User: NT AUTHORITY\SYSTEM"
4756,MY-CAL-WIN10.my-caldera.local,17,"Pipe Created:
RuleName: -
EventType: CreatePipe
UtcTime: 2024-08-20 20:31:24.079
ProcessGuid: {ca24abc9-ee08-66c4-2094-000000001900}
ProcessId: 28596
PipeName: <Anonymous Pipe>
Image: C:\Windows\Microsoft.NET\Framework64\v4.0.30319\ngen.exe
User: NT AUTHORITY\SYSTEM"
4757,MY-CAL-WIN10.my-caldera.local,17,"Pipe Created:
RuleName: -
EventType: CreatePipe
UtcTime: 2024-08-20 20:31:24.824
ProcessGuid: {ca24abc9-ee08-66c4-2094-000000001900}
ProcessId: 28596
PipeName: <Anonymous Pipe>
Image: C:\Windows\Microsoft.NET\Framework64\v4.0.30319\ngen.exe
User: NT AUTHORITY\SYSTEM"
4758,MY-CAL-WIN10.my-caldera.local,17,"Pipe Created:
RuleName: -
EventType: CreatePipe
UtcTime: 2024-08-20 20:31:30.433
ProcessGuid: {ca24abc9-ee08-66c4-2094-000000001900}
ProcessId: 28596
PipeName: <Anonymous Pipe>
Image: C:\Windows\Microsoft.NET\Framework64\v4.0.30319\ngen.exe
User: NT AUTHORITY\SYSTEM"
4759,MY-CAL-WIN10.my-caldera.local,17,"Pipe Created:
RuleName: -
EventType: CreatePipe
UtcTime: 2024-08-20 20:31:30.855
ProcessGuid: {ca24abc9-ee08-66c4-2094-000000001900}
ProcessId: 28596
PipeName: <Anonymous Pipe>
Image: C:\Windows\Microsoft.NET\Framework64\v4.0.30319\ngen.exe
User: NT AUTHORITY\SYSTEM"
4760,MY-CAL-WIN10.my-caldera.local,17,"Pipe Created:
RuleName: -
EventType: CreatePipe
UtcTime: 2024-08-20 20:31:31.346
ProcessGuid: {ca24abc9-ee08-66c4-2094-000000001900}
ProcessId: 28596
PipeName: <Anonymous Pipe>
Image: C:\Windows\Microsoft.NET\Framework64\v4.0.30319\ngen.exe
User: NT AUTHORITY\SYSTEM"
4761,MY-CAL-WIN10.my-caldera.local,17,"Pipe Created:
RuleName: -
EventType: CreatePipe
UtcTime: 2024-08-20 20:31:31.099
ProcessGuid: {ca24abc9-ee08-66c4-2094-000000001900}
ProcessId: 28596
PipeName: <Anonymous Pipe>
Image: C:\Windows\Microsoft.NET\Framework64\v4.0.30319\ngen.exe
User: NT AUTHORITY\SYSTEM"
4762,MY-CAL-WIN10.my-caldera.local,17,"Pipe Created:
RuleName: -
EventType: CreatePipe
UtcTime: 2024-08-20 20:31:31.902
ProcessGuid: {ca24abc9-ee08-66c4-2094-000000001900}
ProcessId: 28596
PipeName: <Anonymous Pipe>
Image: C:\Windows\Microsoft.NET\Framework64\v4.0.30319\ngen.exe
User: NT AUTHORITY\SYSTEM"
4763,MY-CAL-WIN10.my-caldera.local,17,"Pipe Created:
RuleName: -
EventType: CreatePipe
UtcTime: 2024-08-20 20:31:32.031
ProcessGuid: {ca24abc9-ee08-66c4-2094-000000001900}
ProcessId: 28596
PipeName: <Anonymous Pipe>
Image: C:\Windows\Microsoft.NET\Framework64\v4.0.30319\ngen.exe
User: NT AUTHORITY\SYSTEM"
4764,MY-CAL-WIN10.my-caldera.local,17,"Pipe Created:
RuleName: -
EventType: CreatePipe
UtcTime: 2024-08-20 20:31:32.280
ProcessGuid: {ca24abc9-ee08-66c4-2094-000000001900}
ProcessId: 28596
PipeName: <Anonymous Pipe>
Image: C:\Windows\Microsoft.NET\Framework64\v4.0.30319\ngen.exe
User: NT AUTHORITY\SYSTEM"
4765,MY-CAL-WIN10.my-caldera.local,17,"Pipe Created:
RuleName: -
EventType: CreatePipe
UtcTime: 2024-08-20 20:31:32.420
ProcessGuid: {ca24abc9-ee08-66c4-2094-000000001900}
ProcessId: 28596
PipeName: <Anonymous Pipe>
Image: C:\Windows\Microsoft.NET\Framework64\v4.0.30319\ngen.exe
User: NT AUTHORITY\SYSTEM"
4766,MY-CAL-WIN10.my-caldera.local,17,"Pipe Created:
RuleName: -
EventType: CreatePipe
UtcTime: 2024-08-20 20:31:33.116
ProcessGuid: {ca24abc9-ee08-66c4-2094-000000001900}
ProcessId: 28596
PipeName: <Anonymous Pipe>
Image: C:\Windows\Microsoft.NET\Framework64\v4.0.30319\ngen.exe
User: NT AUTHORITY\SYSTEM"
4767,MY-CAL-WIN10.my-caldera.local,17,"Pipe Created:
RuleName: -
EventType: CreatePipe
UtcTime: 2024-08-20 20:31:32.989
ProcessGuid: {ca24abc9-ee08-66c4-2094-000000001900}
ProcessId: 28596
PipeName: <Anonymous Pipe>
Image: C:\Windows\Microsoft.NET\Framework64\v4.0.30319\ngen.exe
User: NT AUTHORITY\SYSTEM"
4768,MY-CAL-WIN10.my-caldera.local,17,"Pipe Created:
RuleName: -
EventType: CreatePipe
UtcTime: 2024-08-20 20:31:33.291
ProcessGuid: {ca24abc9-ee08-66c4-2094-000000001900}
ProcessId: 28596
PipeName: <Anonymous Pipe>
Image: C:\Windows\Microsoft.NET\Framework64\v4.0.30319\ngen.exe
User: NT AUTHORITY\SYSTEM"
4769,MY-CAL-WIN10.my-caldera.local,17,"Pipe Created:
RuleName: -
EventType: CreatePipe
UtcTime: 2024-08-20 20:31:34.155
ProcessGuid: {ca24abc9-ee08-66c4-2094-000000001900}
ProcessId: 28596
PipeName: <Anonymous Pipe>
Image: C:\Windows\Microsoft.NET\Framework64\v4.0.30319\ngen.exe
User: NT AUTHORITY\SYSTEM"
4770,MY-CAL-WIN10.my-caldera.local,17,"Pipe Created:
RuleName: -
EventType: CreatePipe
UtcTime: 2024-08-20 20:31:34.253
ProcessGuid: {ca24abc9-ee08-66c4-2094-000000001900}
ProcessId: 28596
PipeName: <Anonymous Pipe>
Image: C:\Windows\Microsoft.NET\Framework64\v4.0.30319\ngen.exe
User: NT AUTHORITY\SYSTEM"
4771,MY-CAL-WIN10.my-caldera.local,17,"Pipe Created:
RuleName: -
EventType: CreatePipe
UtcTime: 2024-08-20 20:31:34.427
ProcessGuid: {ca24abc9-ee08-66c4-2094-000000001900}
ProcessId: 28596
PipeName: <Anonymous Pipe>
Image: C:\Windows\Microsoft.NET\Framework64\v4.0.30319\ngen.exe
User: NT AUTHORITY\SYSTEM"
4772,MY-CAL-WIN10.my-caldera.local,17,"Pipe Created:
RuleName: -
EventType: CreatePipe
UtcTime: 2024-08-20 20:31:33.615
ProcessGuid: {ca24abc9-ee08-66c4-2094-000000001900}
ProcessId: 28596
PipeName: <Anonymous Pipe>
Image: C:\Windows\Microsoft.NET\Framework64\v4.0.30319\ngen.exe
User: NT AUTHORITY\SYSTEM"
4773,MY-CAL-WIN10.my-caldera.local,17,"Pipe Created:
RuleName: -
EventType: CreatePipe
UtcTime: 2024-08-20 20:31:34.609
ProcessGuid: {ca24abc9-ee08-66c4-2094-000000001900}
ProcessId: 28596
PipeName: <Anonymous Pipe>
Image: C:\Windows\Microsoft.NET\Framework64\v4.0.30319\ngen.exe
User: NT AUTHORITY\SYSTEM"
4774,MY-CAL-WIN10.my-caldera.local,17,"Pipe Created:
RuleName: -
EventType: CreatePipe
UtcTime: 2024-08-20 20:31:33.822
ProcessGuid: {ca24abc9-ee08-66c4-2094-000000001900}
ProcessId: 28596
PipeName: <Anonymous Pipe>
Image: C:\Windows\Microsoft.NET\Framework64\v4.0.30319\ngen.exe
User: NT AUTHORITY\SYSTEM"
4775,MY-CAL-WIN10.my-caldera.local,17,"Pipe Created:
RuleName: -
EventType: CreatePipe
UtcTime: 2024-08-20 20:31:33.947
ProcessGuid: {ca24abc9-ee08-66c4-2094-000000001900}
ProcessId: 28596
PipeName: <Anonymous Pipe>
Image: C:\Windows\Microsoft.NET\Framework64\v4.0.30319\ngen.exe
User: NT AUTHORITY\SYSTEM"
4776,MY-CAL-WIN10.my-caldera.local,17,"Pipe Created:
