MY-CAL-WIN10.my-caldera.local,11,"File created:
RuleName: DO
UtcTime: 2024-08-20 00:08:00.713
ProcessGuid: {ca24abc9-de5f-66c3-0d02-000000001d00}
ProcessId: 8432
Image: C:\Windows\System32\WindowsPowerShell\v1.0\powershell.exe
TargetFilename: C:\Users\johnny.douche\AppData\Local\Temp\dzh3031x\dzh3031x.tmp
CreationUtcTime: 2024-08-20 00:08:00.713
User: MY-CALDERA\johnny.douche"
MY-CAL-WIN10.my-caldera.local,11,"File created:
RuleName: DO
UtcTime: 2024-08-20 00:08:00.714
ProcessGuid: {ca24abc9-de5f-66c3-0d02-000000001d00}
ProcessId: 8432
Image: C:\Windows\System32\WindowsPowerShell\v1.0\powershell.exe
TargetFilename: C:\Users\johnny.douche\AppData\Local\Temp\dzh3031x\dzh3031x.0.cs
CreationUtcTime: 2024-08-20 00:08:00.714
User: MY-CALDERA\johnny.douche"
MY-CAL-WIN10.my-caldera.local,11,"File created:
RuleName: DLL
UtcTime: 2024-08-20 00:08:00.715
ProcessGuid: {ca24abc9-de5f-66c3-0d02-000000001d00}
ProcessId: 8432
Image: C:\Windows\System32\WindowsPowerShell\v1.0\powershell.exe
TargetFilename: C:\Users\johnny.douche\AppData\Local\Temp\dzh3031x\dzh3031x.dll
CreationUtcTime: 2024-08-20 00:08:00.715
User: MY-CALDERA\johnny.douche"
MY-CAL-WIN10.my-caldera.local,11,"File created:
RuleName: Sysmonv1514
UtcTime: 2024-08-20 00:08:00.716
ProcessGuid: {ca24abc9-de5f-66c3-0d02-000000001d00}
ProcessId: 8432
Image: C:\Windows\System32\WindowsPowerShell\v1.0\powershell.exe
TargetFilename: C:\Users\johnny.douche\AppData\Local\Temp\dzh3031x\dzh3031x.cmdline
CreationUtcTime: 2024-08-20 00:08:00.716
User: MY-CALDERA\johnny.douche"
MY-CAL-WIN10.my-caldera.local,11,"File created:
RuleName: DO
UtcTime: 2024-08-20 00:08:00.720
ProcessGuid: {ca24abc9-de5f-66c3-0d02-000000001d00}
ProcessId: 8432
Image: C:\Windows\System32\WindowsPowerShell\v1.0\powershell.exe
TargetFilename: C:\Users\johnny.douche\AppData\Local\Temp\dzh3031x\dzh3031x.out
CreationUtcTime: 2024-08-20 00:08:00.718
User: MY-CALDERA\johnny.douche"
MY-CAL-WIN10.my-caldera.local,11,"File created:
RuleName: DO
UtcTime: 2024-08-20 00:08:00.720
ProcessGuid: {ca24abc9-de5f-66c3-0d02-000000001d00}
ProcessId: 8432
Image: C:\Windows\System32\WindowsPowerShell\v1.0\powershell.exe
TargetFilename: C:\Users\johnny.douche\AppData\Local\Temp\dzh3031x\dzh3031x.err
CreationUtcTime: 2024-08-20 00:08:00.720
User: MY-CALDERA\johnny.douche"
MY-CAL-WIN10.my-caldera.local,11,"File created:
RuleName: DO
UtcTime: 2024-08-20 00:08:00.889
ProcessGuid: {ca24abc9-de60-66c3-0f02-000000001d00}
ProcessId: 1276
Image: C:\Windows\Microsoft.NET\Framework64\v4.0.30319\csc.exe
TargetFilename: C:\Users\johnny.douche\AppData\Local\Temp\dzh3031x\CSCC2B5B4DAC8C643C2A01480F4B5FC61D.TMP
CreationUtcTime: 2024-08-20 00:08:00.889
User: MY-CALDERA\johnny.douche"
MY-CAL-WIN10.my-caldera.local,11,"File created:
RuleName: DO
UtcTime: 2024-08-20 00:08:00.891
ProcessGuid: {ca24abc9-de60-66c3-0f02-000000001d00}
ProcessId: 1276
Image: C:\Windows\Microsoft.NET\Framework64\v4.0.30319\csc.exe
TargetFilename: C:\Users\JOHNNY~1.DOU\AppData\Local\Temp\RESB99F.tmp
CreationUtcTime: 2024-08-20 00:08:00.891
User: MY-CALDERA\johnny.douche"
MY-CAL-WIN10.my-caldera.local,11,"File created:
RuleName: DO
UtcTime: 2024-08-20 00:08:00.915
ProcessGuid: {ca24abc9-de60-66c3-1002-000000001d00}
ProcessId: 7160
Image: C:\Windows\Microsoft.NET\Framework64\v4.0.30319\cvtres.exe
TargetFilename: C:\Users\JOHNNY~1.DOU\AppData\Local\Temp\RESB99F.tmp
CreationUtcTime: 2024-08-20 00:08:00.891
User: MY-CALDERA\johnny.douche"
MY-CAL-WIN10.my-caldera.local,11,"File created:
RuleName: DLL
UtcTime: 2024-08-20 00:08:00.924
ProcessGuid: {ca24abc9-de60-66c3-0f02-000000001d00}
ProcessId: 1276
Image: C:\Windows\Microsoft.NET\Framework64\v4.0.30319\csc.exe
TargetFilename: C:\Users\johnny.douche\AppData\Local\Temp\dzh3031x\dzh3031x.dll
CreationUtcTime: 2024-08-20 00:08:00.715
User: MY-CALDERA\johnny.douche"
MY-CAL-WIN10.my-caldera.local,11,"File created:
RuleName: Sysmonv1514
UtcTime: 2024-08-20 00:08:09.919
ProcessGuid: {ca24abc9-d6b1-66c3-ba00-000000001d00}
ProcessId: 6760
Image: C:\Program Files\WinlogBeat\winlogbeat.exe
TargetFilename: C:\ProgramData\winlogbeat\.winlogbeat.yml.new
CreationUtcTime: 2024-08-19 23:44:48.401
User: NT AUTHORITY\SYSTEM"
MY-CAL-WIN10.my-caldera.local,11,"File created:
RuleName: DO
UtcTime: 2024-08-20 00:08:42.174
ProcessGuid: {ca24abc9-de87-66c3-2d02-000000001d00}
ProcessId: 6748
Image: C:\Windows\System32\WindowsPowerShell\v1.0\powershell.exe
TargetFilename: C:\Users\johnny.douche\AppData\Local\Microsoft\Windows\PowerShell\StartupProfileData-NonInteractive
CreationUtcTime: 2024-03-28 01:06:06.420
User: MY-CALDERA\johnny.douche"
MY-CAL-WIN10.my-caldera.local,11,"File created:
RuleName: DO
UtcTime: 2024-08-20 00:08:39.487
ProcessGuid: {ca24abc9-de7b-66c3-2902-000000001d00}
ProcessId: 1332
Image: C:\Windows\System32\WindowsPowerShell\v1.0\powershell.exe
TargetFilename: C:\Users\johnny.douche\AppData\Local\Microsoft\Windows\PowerShell\StartupProfileData-NonInteractive
CreationUtcTime: 2024-03-28 01:06:06.420
User: MY-CALDERA\johnny.douche"
MY-CAL-WIN10.my-caldera.local,11,"File created:
RuleName: Sysmonv1514
UtcTime: 2024-08-20 00:08:40.524
ProcessGuid: {ca24abc9-d6b1-66c3-ba00-000000001d00}
ProcessId: 6760
Image: C:\Program Files\WinlogBeat\winlogbeat.exe
TargetFilename: C:\ProgramData\winlogbeat\.winlogbeat.yml.new
CreationUtcTime: 2024-08-19 23:44:48.401
User: NT AUTHORITY\SYSTEM"
MY-CAL-WIN10.my-caldera.local,11,"File created:
RuleName: EXE
UtcTime: 2024-08-20 00:08:43.366
ProcessGuid: {ca24abc9-de8a-66c3-2e02-000000001d00}
ProcessId: 1128
Image: C:\Windows\System32\WindowsPowerShell\v1.0\powershell.exe
TargetFilename: C:\AtomicRedTeam\ExternalPayloads\rubyinstaller-2.7.1-1-x64.exe
CreationUtcTime: 2024-08-19 22:32:49.303
User: MY-CALDERA\johnny.douche"
MY-CAL-WIN10.my-caldera.local,11,"File created:
RuleName: Sysmonv1514
UtcTime: 2024-08-20 00:09:36.261
ProcessGuid: {ca24abc9-d6b1-66c3-ba00-000000001d00}
ProcessId: 6760
Image: C:\Program Files\WinlogBeat\winlogbeat.exe
TargetFilename: C:\ProgramData\winlogbeat\.winlogbeat.yml.new
CreationUtcTime: 2024-08-19 23:44:48.401
User: NT AUTHORITY\SYSTEM"
MY-CAL-WIN10.my-caldera.local,11,"File created:
RuleName: Sysmonv1514
UtcTime: 2024-08-20 00:10:01.328
ProcessGuid: {ca24abc9-d6b1-66c3-ba00-000000001d00}
ProcessId: 6760
Image: C:\Program Files\WinlogBeat\winlogbeat.exe
TargetFilename: C:\ProgramData\winlogbeat\.winlogbeat.yml.new
CreationUtcTime: 2024-08-19 23:44:48.401
User: NT AUTHORITY\SYSTEM"
MY-CAL-WIN10.my-caldera.local,11,"File created:
RuleName: Sysmonv1514
UtcTime: 2024-08-20 00:10:31.438
ProcessGuid: {ca24abc9-d6b1-66c3-ba00-000000001d00}
ProcessId: 6760
Image: C:\Program Files\WinlogBeat\winlogbeat.exe
TargetFilename: C:\ProgramData\winlogbeat\.winlogbeat.yml.new
CreationUtcTime: 2024-08-19 23:44:48.401
User: NT AUTHORITY\SYSTEM"
MY-CAL-WIN10.my-caldera.local,11,"File created:
RuleName: Sysmonv1514
UtcTime: 2024-08-20 00:10:57.015
ProcessGuid: {ca24abc9-d6b1-66c3-ba00-000000001d00}
ProcessId: 6760
Image: C:\Program Files\WinlogBeat\winlogbeat.exe
TargetFilename: C:\ProgramData\winlogbeat\.winlogbeat.yml.new
CreationUtcTime: 2024-08-20 00:10:56.710
User: NT AUTHORITY\SYSTEM"
MY-CAL-WIN10.my-caldera.local,11,"File created:
RuleName: Sysmonv1514
UtcTime: 2024-08-20 00:11:56.028
ProcessGuid: {ca24abc9-d6b1-66c3-ba00-000000001d00}
ProcessId: 6760
Image: C:\Program Files\WinlogBeat\winlogbeat.exe
TargetFilename: C:\ProgramData\winlogbeat\.winlogbeat.yml.new
CreationUtcTime: 2024-08-20 00:11:02.025
User: NT AUTHORITY\SYSTEM"
MY-CAL-WIN10.my-caldera.local,11,"File created:
RuleName: Sysmonv1514
UtcTime: 2024-08-20 00:11:58.617
ProcessGuid: {ca24abc9-df33-66c3-5d02-000000001d00}
ProcessId: 9500
Image: C:\AtomicRedTeam\ExternalPayloads\npcap_installer.exe
TargetFilename: C:\Program Files\Npcap\CheckStatus.bat
CreationUtcTime: 2024-08-20 00:11:58.617
User: MY-CALDERA\johnny.douche"
MY-CAL-WIN10.my-caldera.local,11,"File created:
RuleName: T1053
UtcTime: 2024-08-20 00:11:59.028
ProcessGuid: {ca24abc9-d62b-66c3-1a00-000000001d00}
ProcessId: 1376
Image: C:\Windows\system32\svchost.exe
TargetFilename: C:\Windows\System32\Tasks\npcapwatchdog
CreationUtcTime: 2024-08-20 00:11:59.028
User: NT AUTHORITY\SYSTEM"
MY-CAL-WIN10.my-caldera.local,11,"File created:
RuleName: Sysmonv1514
UtcTime: 2024-08-20 00:12:01.039
ProcessGuid: {ca24abc9-d6b1-66c3-ba00-000000001d00}
ProcessId: 6760
Image: C:\Program Files\WinlogBeat\winlogbeat.exe
TargetFilename: C:\ProgramData\winlogbeat\.winlogbeat.yml.new
CreationUtcTime: 2024-08-20 00:11:02.025
User: NT AUTHORITY\SYSTEM"
MY-CAL-WIN10.my-caldera.local,11,"File created:
RuleName: DO
UtcTime: 2024-08-20 00:12:40.421
ProcessGuid: {ca24abc9-df77-66c3-8102-000000001d00}
ProcessId: 5036
Image: C:\Windows\System32\WindowsPowerShell\v1.0\powershell.exe
TargetFilename: C:\Users\johnny.douche\AppData\Local\Microsoft\Windows\PowerShell\StartupProfileData-NonInteractive
CreationUtcTime: 2024-03-28 01:06:06.420
User: MY-CALDERA\johnny.douche"
MY-CAL-WIN10.my-caldera.local,11,"File created:
RuleName: DLL
UtcTime: 2024-08-20 00:12:40.260
ProcessGuid: {ca24abc9-df77-66c3-8102-000000001d00}
ProcessId: 5036
Image: C:\Windows\System32\WindowsPowerShell\v1.0\powershell.exe
TargetFilename: C:\AtomicRedTeam\ExternalPayloads\calc.dll
CreationUtcTime: 2024-08-20 00:12:40.257
User: MY-CALDERA\johnny.douche"
MY-CAL-WIN10.my-caldera.local,11,"File created:
RuleName: DO
UtcTime: 2024-08-20 00:12:40.917
ProcessGuid: {ca24abc9-df78-66c3-8302-000000001d00}
ProcessId: 9280
Image: C:\Windows\System32\WindowsPowerShell\v1.0\powershell.exe
TargetFilename: C:\Users\johnny.douche\AppData\Local\Microsoft\Windows\PowerShell\StartupProfileData-NonInteractive
CreationUtcTime: 2024-03-28 01:06:06.420
User: MY-CALDERA\johnny.douche"
MY-CAL-WIN10.my-caldera.local,11,"File created:
RuleName: Sysmonv1514
UtcTime: 2024-08-20 00:12:41.208
ProcessGuid: {ca24abc9-d6b1-66c3-ba00-000000001d00}
ProcessId: 6760
Image: C:\Program Files\WinlogBeat\winlogbeat.exe
TargetFilename: C:\ProgramData\winlogbeat\.winlogbeat.yml.new
CreationUtcTime: 2024-08-20 00:11:02.025
User: NT AUTHORITY\SYSTEM"
MY-CAL-WIN10.my-caldera.local,11,"File created:
RuleName: DO
UtcTime: 2024-08-20 00:12:48.338
ProcessGuid: {ca24abc9-df80-66c3-8802-000000001d00}
ProcessId: 280
Image: C:\Users\JOHNNY~1.DOU\AppData\Local\Temp\nskF158.tmp\vcredist_x86.exe
TargetFilename: C:\Users\JOHNNY~1.DOU\AppData\Local\Temp\{ce085a78-074e-4823-8dc1-8a721b94b76d}
CreationUtcTime: 2024-08-20 00:12:48.338
User: MY-CALDERA\johnny.douche"
MY-CAL-WIN10.my-caldera.local,11,"File created:
RuleName: DO
UtcTime: 2024-08-20 00:12:48.395
ProcessGuid: {ca24abc9-df80-66c3-8802-000000001d00}
ProcessId: 280
Image: C:\Users\JOHNNY~1.DOU\AppData\Local\Temp\nskF158.tmp\vcredist_x86.exe
TargetFilename: C:\Users\JOHNNY~1.DOU\AppData\Local\Temp\{ce085a78-074e-4823-8dc1-8a721b94b76d}\.ba1
CreationUtcTime: 2024-08-20 00:12:48.395
User: MY-CALDERA\johnny.douche"
MY-CAL-WIN10.my-caldera.local,11,"File created:
RuleName: DLL
UtcTime: 2024-08-20 00:12:48.397
ProcessGuid: {ca24abc9-df80-66c3-8802-000000001d00}
ProcessId: 280
Image: C:\Users\JOHNNY~1.DOU\AppData\Local\Temp\nskF158.tmp\vcredist_x86.exe
TargetFilename: C:\Users\JOHNNY~1.DOU\AppData\Local\Temp\{ce085a78-074e-4823-8dc1-8a721b94b76d}\.ba1\wixstdba.dll
CreationUtcTime: 2024-08-20 00:12:48.396
User: MY-CALDERA\johnny.douche"
MY-CAL-WIN10.my-caldera.local,11,"File created:
RuleName: DO
UtcTime: 2024-08-20 00:12:48.405
ProcessGuid: {ca24abc9-df80-66c3-8802-000000001d00}
ProcessId: 280
Image: C:\Users\JOHNNY~1.DOU\AppData\Local\Temp\nskF158.tmp\vcredist_x86.exe
TargetFilename: C:\Users\JOHNNY~1.DOU\AppData\Local\Temp\{ce085a78-074e-4823-8dc1-8a721b94b76d}\.ba1\thm.xml
CreationUtcTime: 2024-08-20 00:12:48.404
User: MY-CALDERA\johnny.douche"
MY-CAL-WIN10.my-caldera.local,11,"File created:
RuleName: DO
UtcTime: 2024-08-20 00:12:48.408
ProcessGuid: {ca24abc9-df80-66c3-8802-000000001d00}
ProcessId: 280
Image: C:\Users\JOHNNY~1.DOU\AppData\Local\Temp\nskF158.tmp\vcredist_x86.exe
TargetFilename: C:\Users\JOHNNY~1.DOU\AppData\Local\Temp\{ce085a78-074e-4823-8dc1-8a721b94b76d}\.ba1\thm.wxl
CreationUtcTime: 2024-08-20 00:12:48.408
User: MY-CALDERA\johnny.douche"
MY-CAL-WIN10.my-caldera.local,11,"File created:
RuleName: DO
UtcTime: 2024-08-20 00:12:48.411
ProcessGuid: {ca24abc9-df80-66c3-8802-000000001d00}
ProcessId: 280
Image: C:\Users\JOHNNY~1.DOU\AppData\Local\Temp\nskF158.tmp\vcredist_x86.exe
TargetFilename: C:\Users\JOHNNY~1.DOU\AppData\Local\Temp\{ce085a78-074e-4823-8dc1-8a721b94b76d}\.ba1\logo.png
CreationUtcTime: 2024-08-20 00:12:48.411
User: MY-CALDERA\johnny.douche"
MY-CAL-WIN10.my-caldera.local,11,"File created:
RuleName: Sysmonv1514
UtcTime: 2024-08-20 00:12:48.414
ProcessGuid: {ca24abc9-df80-66c3-8802-000000001d00}
ProcessId: 280
Image: C:\Users\JOHNNY~1.DOU\AppData\Local\Temp\nskF158.tmp\vcredist_x86.exe
TargetFilename: C:\Users\JOHNNY~1.DOU\AppData\Local\Temp\{ce085a78-074e-4823-8dc1-8a721b94b76d}\.ba1\license.rtf
CreationUtcTime: 2024-08-20 00:12:48.414
User: MY-CALDERA\johnny.douche"
MY-CAL-WIN10.my-caldera.local,11,"File created:
RuleName: DO
UtcTime: 2024-08-20 00:12:48.437
ProcessGuid: {ca24abc9-df80-66c3-8802-000000001d00}
ProcessId: 280
Image: C:\Users\JOHNNY~1.DOU\AppData\Local\Temp\nskF158.tmp\vcredist_x86.exe
TargetFilename: C:\Users\JOHNNY~1.DOU\AppData\Local\Temp\{ce085a78-074e-4823-8dc1-8a721b94b76d}\.ba1\BootstrapperApplicationData.xml
CreationUtcTime: 2024-08-20 00:12:48.417
User: MY-CALDERA\johnny.douche"
MY-CAL-WIN10.my-caldera.local,11,"File created:
RuleName: DO
UtcTime: 2024-08-20 00:12:48.441
ProcessGuid: {ca24abc9-df80-66c3-8802-000000001d00}
ProcessId: 280
Image: C:\Users\JOHNNY~1.DOU\AppData\Local\Temp\nskF158.tmp\vcredist_x86.exe
TargetFilename: C:\Users\JOHNNY~1.DOU\AppData\Local\Temp\dd_vcredist_x86_20240819171248.log
CreationUtcTime: 2024-08-20 00:12:48.441
User: MY-CALDERA\johnny.douche"
MY-CAL-WIN10.my-caldera.local,11,"File created:
RuleName: DO
UtcTime: 2024-08-20 00:12:48.978
ProcessGuid: {ca24abc9-df80-66c3-8802-000000001d00}
ProcessId: 280
Image: C:\Users\JOHNNY~1.DOU\AppData\Local\Temp\nskF158.tmp\vcredist_x86.exe
TargetFilename: C:\Users\JOHNNY~1.DOU\AppData\Local\Temp\{ce085a78-074e-4823-8dc1-8a721b94b76d}\.be
CreationUtcTime: 2024-08-20 00:12:48.977
User: MY-CALDERA\johnny.douche"
MY-CAL-WIN10.my-caldera.local,11,"File created:
RuleName: EXE
UtcTime: 2024-08-20 00:12:48.978
ProcessGuid: {ca24abc9-df80-66c3-8802-000000001d00}
ProcessId: 280
Image: C:\Users\JOHNNY~1.DOU\AppData\Local\Temp\nskF158.tmp\vcredist_x86.exe
TargetFilename: C:\Users\JOHNNY~1.DOU\AppData\Local\Temp\{ce085a78-074e-4823-8dc1-8a721b94b76d}\.be\vcredist_x86.exe
CreationUtcTime: 2024-08-20 00:12:48.978
User: MY-CALDERA\johnny.douche"
MY-CAL-WIN10.my-caldera.local,11,"File created:
RuleName: DLL
UtcTime: 2024-08-20 00:13:38.342
ProcessGuid: {ca24abc9-dfa8-66c3-d002-000000001d00}
ProcessId: 10752
Image: C:\Users\JOHNNY~1.DOU\AppData\Local\Temp\nskF158.tmp\vcredist2008_x86.exe
TargetFilename: C:\f3d338a3ce4273e763c5ed2e\install.res.1041.dll
CreationUtcTime: 2024-08-20 00:13:38.342
User: MY-CALDERA\johnny.douche"
MY-CAL-WIN10.my-caldera.local,11,"File created:
RuleName: DLL
UtcTime: 2024-08-20 00:13:38.349
ProcessGuid: {ca24abc9-dfa8-66c3-d002-000000001d00}
ProcessId: 10752
Image: C:\Users\JOHNNY~1.DOU\AppData\Local\Temp\nskF158.tmp\vcredist2008_x86.exe
TargetFilename: C:\f3d338a3ce4273e763c5ed2e\install.res.1049.dll
CreationUtcTime: 2024-08-20 00:13:38.349
User: MY-CALDERA\johnny.douche"
MY-CAL-WIN10.my-caldera.local,11,"File created:
RuleName: DLL
UtcTime: 2024-08-20 00:13:38.357
ProcessGuid: {ca24abc9-dfa8-66c3-d002-000000001d00}
ProcessId: 10752
Image: C:\Users\JOHNNY~1.DOU\AppData\Local\Temp\nskF158.tmp\vcredist2008_x86.exe
TargetFilename: C:\f3d338a3ce4273e763c5ed2e\install.res.1040.dll
CreationUtcTime: 2024-08-20 00:13:38.356
User: MY-CALDERA\johnny.douche"
MY-CAL-WIN10.my-caldera.local,11,"File created:
RuleName: DLL
UtcTime: 2024-08-20 00:13:38.363
ProcessGuid: {ca24abc9-dfa8-66c3-d002-000000001d00}
ProcessId: 10752
Image: C:\Users\JOHNNY~1.DOU\AppData\Local\Temp\nskF158.tmp\vcredist2008_x86.exe
TargetFilename: C:\f3d338a3ce4273e763c5ed2e\install.res.1036.dll
CreationUtcTime: 2024-08-20 00:13:38.363
User: MY-CALDERA\johnny.douche"
MY-CAL-WIN10.my-caldera.local,11,"File created:
RuleName: DLL
UtcTime: 2024-08-20 00:13:38.384
ProcessGuid: {ca24abc9-dfa8-66c3-d002-000000001d00}
ProcessId: 10752
Image: C:\Users\JOHNNY~1.DOU\AppData\Local\Temp\nskF158.tmp\vcredist2008_x86.exe
TargetFilename: C:\f3d338a3ce4273e763c5ed2e\install.res.3082.dll
CreationUtcTime: 2024-08-20 00:13:38.384
User: MY-CALDERA\johnny.douche"
MY-CAL-WIN10.my-caldera.local,11,"File created:
RuleName: DLL
UtcTime: 2024-08-20 00:13:38.389
ProcessGuid: {ca24abc9-dfa8-66c3-d002-000000001d00}
ProcessId: 10752
Image: C:\Users\JOHNNY~1.DOU\AppData\Local\Temp\nskF158.tmp\vcredist2008_x86.exe
TargetFilename: C:\f3d338a3ce4273e763c5ed2e\install.res.1031.dll
CreationUtcTime: 2024-08-20 00:13:38.389
User: MY-CALDERA\johnny.douche"
MY-CAL-WIN10.my-caldera.local,11,"File created:
RuleName: DLL
UtcTime: 2024-08-20 00:13:38.395
ProcessGuid: {ca24abc9-dfa8-66c3-d002-000000001d00}
ProcessId: 10752
Image: C:\Users\JOHNNY~1.DOU\AppData\Local\Temp\nskF158.tmp\vcredist2008_x86.exe
TargetFilename: C:\f3d338a3ce4273e763c5ed2e\install.res.1028.dll
CreationUtcTime: 2024-08-20 00:13:38.395
User: MY-CALDERA\johnny.douche"
MY-CAL-WIN10.my-caldera.local,11,"File created:
RuleName: DLL
UtcTime: 2024-08-20 00:13:38.400
ProcessGuid: {ca24abc9-dfa8-66c3-d002-000000001d00}
ProcessId: 10752
Image: C:\Users\JOHNNY~1.DOU\AppData\Local\Temp\nskF158.tmp\vcredist2008_x86.exe
TargetFilename: C:\f3d338a3ce4273e763c5ed2e\install.res.2052.dll
CreationUtcTime: 2024-08-20 00:13:38.400
User: MY-CALDERA\johnny.douche"
MY-CAL-WIN10.my-caldera.local,11,"File created:
RuleName: DO
UtcTime: 2024-08-20 00:13:38.715
ProcessGuid: {ca24abc9-dfb2-66c3-d302-000000001d00}
ProcessId: 11056
Image: c:\f3d338a3ce4273e763c5ed2e\install.exe
TargetFilename: C:\Users\JOHNNY~1.DOU\AppData\Local\Temp\dd_vcredistUI725C.txt
CreationUtcTime: 2024-08-20 00:13:38.709
User: MY-CALDERA\johnny.douche"
MY-CAL-WIN10.my-caldera.local,11,"File created:
RuleName: Downloads
UtcTime: 2024-08-20 00:13:39.697
ProcessGuid: {ca24abc9-dfac-66c3-d102-000000001d00}
ProcessId: 10904
Image: C:\Windows\System32\WindowsPowerShell\v1.0\powershell.exe
TargetFilename: C:\Users\Public\Downloads\rclone-current-windows-amd64.zip
CreationUtcTime: 2024-08-20 00:13:39.654
User: MY-CALDERA\johnny.douche"
MY-CAL-WIN10.my-caldera.local,11,"File created:
RuleName: DO
UtcTime: 2024-08-20 00:13:40.288
ProcessGuid: {ca24abc9-dfb2-66c3-d302-000000001d00}
ProcessId: 11056
Image: c:\f3d338a3ce4273e763c5ed2e\install.exe
TargetFilename: C:\Users\JOHNNY~1.DOU\AppData\Local\Temp\dd_vcredistMSI725C.txt
CreationUtcTime: 2024-08-20 00:13:40.288
User: MY-CALDERA\johnny.douche"
MY-CAL-WIN10.my-caldera.local,11,"File created:
RuleName: EXE
UtcTime: 2024-08-20 00:13:38.297
ProcessGuid: {ca24abc9-dfa8-66c3-d002-000000001d00}
ProcessId: 10752
Image: C:\Users\JOHNNY~1.DOU\AppData\Local\Temp\nskF158.tmp\vcredist2008_x86.exe
TargetFilename: C:\f3d338a3ce4273e763c5ed2e\install.exe
CreationUtcTime: 2024-08-20 00:13:38.297
User: MY-CALDERA\johnny.douche"
MY-CAL-WIN10.my-caldera.local,11,"File created:
RuleName: DLL
UtcTime: 2024-08-20 00:13:38.323
ProcessGuid: {ca24abc9-dfa8-66c3-d002-000000001d00}
ProcessId: 10752
Image: C:\Users\JOHNNY~1.DOU\AppData\Local\Temp\nskF158.tmp\vcredist2008_x86.exe
TargetFilename: C:\f3d338a3ce4273e763c5ed2e\install.res.1033.dll
CreationUtcTime: 2024-08-20 00:13:38.321
User: MY-CALDERA\johnny.douche"
MY-CAL-WIN10.my-caldera.local,11,"File created:
RuleName: DLL
UtcTime: 2024-08-20 00:13:38.331
ProcessGuid: {ca24abc9-dfa8-66c3-d002-000000001d00}
ProcessId: 10752
Image: C:\Users\JOHNNY~1.DOU\AppData\Local\Temp\nskF158.tmp\vcredist2008_x86.exe
TargetFilename: C:\f3d338a3ce4273e763c5ed2e\install.res.1042.dll
CreationUtcTime: 2024-08-20 00:13:38.330
User: MY-CALDERA\johnny.douche"
MY-CAL-WIN10.my-caldera.local,11,"File created:
RuleName: DLL
UtcTime: 2024-08-20 00:13:53.670
ProcessGuid: {ca24abc9-df74-66c3-7c02-000000001d00}
ProcessId: 2020
Image: C:\AtomicRedTeam\ExternalPayloads\nmap-7.80-setup.exe
TargetFilename: C:\Program Files (x86)\Nmap\py2exe\freetype6.dll
CreationUtcTime: 2019-08-02 04:56:20.000
User: MY-CALDERA\johnny.douche"
MY-CAL-WIN10.my-caldera.local,11,"File created:
RuleName: DLL
UtcTime: 2024-08-20 00:13:53.775
ProcessGuid: {ca24abc9-df74-66c3-7c02-000000001d00}
ProcessId: 2020
Image: C:\AtomicRedTeam\ExternalPayloads\nmap-7.80-setup.exe
TargetFilename: C:\Program Files (x86)\Nmap\py2exe\intl.dll
CreationUtcTime: 2019-08-02 04:56:20.000
User: MY-CALDERA\johnny.douche"
MY-CAL-WIN10.my-caldera.local,11,"File created:
RuleName: DLL
UtcTime: 2024-08-20 00:13:53.788
ProcessGuid: {ca24abc9-df74-66c3-7c02-000000001d00}
ProcessId: 2020
Image: C:\AtomicRedTeam\ExternalPayloads\nmap-7.80-setup.exe
TargetFilename: C:\Program Files (x86)\Nmap\py2exe\libasprintf-0.dll
CreationUtcTime: 2019-08-02 04:56:20.000
User: MY-CALDERA\johnny.douche"
MY-CAL-WIN10.my-caldera.local,11,"File created:
RuleName: DLL
UtcTime: 2024-08-20 00:13:53.801
ProcessGuid: {ca24abc9-df74-66c3-7c02-000000001d00}
ProcessId: 2020
Image: C:\AtomicRedTeam\ExternalPayloads\nmap-7.80-setup.exe
TargetFilename: C:\Program Files (x86)\Nmap\py2exe\libatk-1.0-0.dll
CreationUtcTime: 2019-08-02 04:56:16.000
User: MY-CALDERA\johnny.douche"
MY-CAL-WIN10.my-caldera.local,11,"File created:
RuleName: DLL
UtcTime: 2024-08-20 00:13:53.835
ProcessGuid: {ca24abc9-df74-66c3-7c02-000000001d00}
ProcessId: 2020
Image: C:\AtomicRedTeam\ExternalPayloads\nmap-7.80-setup.exe
TargetFilename: C:\Program Files (x86)\Nmap\py2exe\libcairo-2.dll
CreationUtcTime: 2019-08-02 04:56:16.000
User: MY-CALDERA\johnny.douche"
MY-CAL-WIN10.my-caldera.local,11,"File created:
RuleName: Sysmonv1514
UtcTime: 2024-08-20 00:13:52.194
ProcessGuid: {ca24abc9-d6b1-66c3-ba00-000000001d00}
ProcessId: 6760
Image: C:\Program Files\WinlogBeat\winlogbeat.exe
TargetFilename: C:\ProgramData\winlogbeat\.winlogbeat.yml.new
CreationUtcTime: 2024-08-20 00:11:02.025
User: NT AUTHORITY\SYSTEM"
MY-CAL-WIN10.my-caldera.local,11,"File created:
RuleName: DO
UtcTime: 2024-08-20 00:13:52.997
ProcessGuid: {ca24abc9-dfb2-66c3-d302-000000001d00}
ProcessId: 11056
Image: c:\f3d338a3ce4273e763c5ed2e\install.exe
TargetFilename: C:\Users\JOHNNY~1.DOU\AppData\Local\Temp\VWL18FD.tmp
CreationUtcTime: 2024-08-20 00:13:52.997
User: MY-CALDERA\johnny.douche"
MY-CAL-WIN10.my-caldera.local,11,"File created:
RuleName: DO
UtcTime: 2024-08-20 00:13:52.998
ProcessGuid: {ca24abc9-dfb2-66c3-d302-000000001d00}
ProcessId: 11056
Image: c:\f3d338a3ce4273e763c5ed2e\install.exe
TargetFilename: C:\Users\JOHNNY~1.DOU\AppData\Local\Temp\VWL18FD.tmp
CreationUtcTime: 2024-08-20 00:13:52.997
User: MY-CALDERA\johnny.douche"
MY-CAL-WIN10.my-caldera.local,11,"File created:
RuleName: EXE
UtcTime: 2024-08-20 00:13:53.334
ProcessGuid: {ca24abc9-df74-66c3-7c02-000000001d00}
ProcessId: 2020
Image: C:\AtomicRedTeam\ExternalPayloads\nmap-7.80-setup.exe
TargetFilename: C:\Program Files (x86)\Nmap\ncat.exe
CreationUtcTime: 2024-08-20 00:13:53.334
User: MY-CALDERA\johnny.douche"
MY-CAL-WIN10.my-caldera.local,11,"File created:
RuleName: EXE
UtcTime: 2024-08-20 00:13:53.351
ProcessGuid: {ca24abc9-df74-66c3-7c02-000000001d00}
ProcessId: 2020
Image: C:\AtomicRedTeam\ExternalPayloads\nmap-7.80-setup.exe
TargetFilename: C:\Program Files (x86)\Nmap\ndiff.exe
CreationUtcTime: 2024-08-20 00:13:53.350
User: MY-CALDERA\johnny.douche"
MY-CAL-WIN10.my-caldera.local,11,"File created:
RuleName: DLL
UtcTime: 2024-08-20 00:13:53.429
ProcessGuid: {ca24abc9-df74-66c3-7c02-000000001d00}
ProcessId: 2020
Image: C:\AtomicRedTeam\ExternalPayloads\nmap-7.80-setup.exe
TargetFilename: C:\Program Files (x86)\Nmap\python27.dll
CreationUtcTime: 2019-08-02 04:56:22.000
User: MY-CALDERA\johnny.douche"
MY-CAL-WIN10.my-caldera.local,11,"File created:
RuleName: DLL
UtcTime: 2024-08-20 00:13:53.510
ProcessGuid: {ca24abc9-df74-66c3-7c02-000000001d00}
ProcessId: 2020
Image: C:\AtomicRedTeam\ExternalPayloads\nmap-7.80-setup.exe
TargetFilename: C:\Program Files (x86)\Nmap\py2exe\CRYPT32.dll
CreationUtcTime: 2019-08-02 04:56:14.000
User: MY-CALDERA\johnny.douche"
MY-CAL-WIN10.my-caldera.local,11,"File created:
RuleName: DLL
UtcTime: 2024-08-20 00:13:57.208
ProcessGuid: {ca24abc9-df74-66c3-7c02-000000001d00}
ProcessId: 2020
Image: C:\AtomicRedTeam\ExternalPayloads\nmap-7.80-setup.exe
TargetFilename: C:\Program Files (x86)\Nmap\py2exe\libpangoft2-1.0-0.dll
CreationUtcTime: 2019-08-02 04:56:18.000
User: MY-CALDERA\johnny.douche"
MY-CAL-WIN10.my-caldera.local,11,"File created:
RuleName: DLL
UtcTime: 2024-08-20 00:13:57.040
ProcessGuid: {ca24abc9-df74-66c3-7c02-000000001d00}
ProcessId: 2020
Image: C:\AtomicRedTeam\ExternalPayloads\nmap-7.80-setup.exe
TargetFilename: C:\Program Files (x86)\Nmap\py2exe\libgtk-win32-2.0-0.dll
CreationUtcTime: 2019-08-02 04:56:18.000
User: MY-CALDERA\johnny.douche"
MY-CAL-WIN10.my-caldera.local,11,"File created:
RuleName: Sysmonv1514
UtcTime: 2024-08-20 00:13:57.210
ProcessGuid: {ca24abc9-d6b1-66c3-ba00-000000001d00}
ProcessId: 6760
Image: C:\Program Files\WinlogBeat\winlogbeat.exe
TargetFilename: C:\ProgramData\winlogbeat\.winlogbeat.yml.new
CreationUtcTime: 2024-08-20 00:11:02.025
User: NT AUTHORITY\SYSTEM"
MY-CAL-WIN10.my-caldera.local,11,"File created:
RuleName: DLL
UtcTime: 2024-08-20 00:13:57.269
ProcessGuid: {ca24abc9-df74-66c3-7c02-000000001d00}
ProcessId: 2020
Image: C:\AtomicRedTeam\ExternalPayloads\nmap-7.80-setup.exe
TargetFilename: C:\Program Files (x86)\Nmap\py2exe\libpng14-14.dll
CreationUtcTime: 2019-08-02 04:56:18.000
User: MY-CALDERA\johnny.douche"
MY-CAL-WIN10.my-caldera.local,11,"File created:
RuleName: DLL
UtcTime: 2024-08-20 00:13:57.300
ProcessGuid: {ca24abc9-df74-66c3-7c02-000000001d00}
ProcessId: 2020
Image: C:\AtomicRedTeam\ExternalPayloads\nmap-7.80-setup.exe
TargetFilename: C:\Program Files (x86)\Nmap\py2exe\librsvg-2-2.dll
CreationUtcTime: 2019-08-02 04:56:18.000
User: MY-CALDERA\johnny.douche"
MY-CAL-WIN10.my-caldera.local,11,"File created:
RuleName: DLL
UtcTime: 2024-08-20 00:13:57.323
ProcessGuid: {ca24abc9-df74-66c3-7c02-000000001d00}
ProcessId: 2020
Image: C:\AtomicRedTeam\ExternalPayloads\nmap-7.80-setup.exe
TargetFilename: C:\Program Files (x86)\Nmap\py2exe\libxml2-2.dll
CreationUtcTime: 2019-08-02 04:56:16.000
User: MY-CALDERA\johnny.douche"
MY-CAL-WIN10.my-caldera.local,11,"File created:
RuleName: DLL
UtcTime: 2024-08-20 00:13:57.384
ProcessGuid: {ca24abc9-df74-66c3-7c02-000000001d00}
ProcessId: 2020
Image: C:\AtomicRedTeam\ExternalPayloads\nmap-7.80-setup.exe
TargetFilename: C:\Program Files (x86)\Nmap\py2exe\sqlite3.dll
CreationUtcTime: 2019-08-02 04:56:14.000
User: MY-CALDERA\johnny.douche"
MY-CAL-WIN10.my-caldera.local,11,"File created:
RuleName: DLL
UtcTime: 2024-08-20 00:13:57.422
ProcessGuid: {ca24abc9-df74-66c3-7c02-000000001d00}
ProcessId: 2020
Image: C:\AtomicRedTeam\ExternalPayloads\nmap-7.80-setup.exe
TargetFilename: C:\Program Files (x86)\Nmap\py2exe\zlib1.dll
CreationUtcTime: 2019-08-02 04:56:20.000
User: MY-CALDERA\johnny.douche"
MY-CAL-WIN10.my-caldera.local,11,"File created:
RuleName: MODULE
UtcTime: 2024-08-20 00:13:57.453
ProcessGuid: {ca24abc9-df74-66c3-7c02-000000001d00}
ProcessId: 2020
Image: C:\AtomicRedTeam\ExternalPayloads\nmap-7.80-setup.exe
TargetFilename: C:\Program Files (x86)\Nmap\py2exe\etc\pango\pango.modules
CreationUtcTime: 2019-08-02 04:56:20.000
User: MY-CALDERA\johnny.douche"
MY-CAL-WIN10.my-caldera.local,11,"File created:
RuleName: DLL
UtcTime: 2024-08-20 00:13:57.457
ProcessGuid: {ca24abc9-df74-66c3-7c02-000000001d00}
ProcessId: 2020
Image: C:\AtomicRedTeam\ExternalPayloads\nmap-7.80-setup.exe
TargetFilename: C:\Program Files (x86)\Nmap\py2exe\lib\gtk-2.0\2.10.0\engines\libpixmap.dll
CreationUtcTime: 2019-08-02 04:56:16.000
User: MY-CALDERA\johnny.douche"
MY-CAL-WIN10.my-caldera.local,11,"File created:
RuleName: DLL
UtcTime: 2024-08-20 00:13:57.463
ProcessGuid: {ca24abc9-df74-66c3-7c02-000000001d00}
ProcessId: 2020
Image: C:\AtomicRedTeam\ExternalPayloads\nmap-7.80-setup.exe
TargetFilename: C:\Program Files (x86)\Nmap\py2exe\lib\gtk-2.0\2.10.0\engines\libsvg.dll
CreationUtcTime: 2019-08-02 04:56:16.000
User: MY-CALDERA\johnny.douche"
MY-CAL-WIN10.my-caldera.local,11,"File created:
RuleName: DLL
UtcTime: 2024-08-20 00:13:57.468
ProcessGuid: {ca24abc9-df74-66c3-7c02-000000001d00}
ProcessId: 2020
Image: C:\AtomicRedTeam\ExternalPayloads\nmap-7.80-setup.exe
TargetFilename: C:\Program Files (x86)\Nmap\py2exe\lib\gtk-2.0\2.10.0\engines\libwimp.dll
CreationUtcTime: 2019-08-02 04:56:16.000
User: MY-CALDERA\johnny.douche"
MY-CAL-WIN10.my-caldera.local,11,"File created:
RuleName: DLL
UtcTime: 2024-08-20 00:13:57.482
ProcessGuid: {ca24abc9-df74-66c3-7c02-000000001d00}
ProcessId: 2020
Image: C:\AtomicRedTeam\ExternalPayloads\nmap-7.80-setup.exe
TargetFilename: C:\Program Files (x86)\Nmap\py2exe\lib\gtk-2.0\modules\libgail.dll
CreationUtcTime: 2019-08-02 04:56:16.000
User: MY-CALDERA\johnny.douche"
MY-CAL-WIN10.my-caldera.local,11,"File created:
RuleName: EXE
UtcTime: 2024-08-20 00:13:57.507
ProcessGuid: {ca24abc9-df74-66c3-7c02-000000001d00}
ProcessId: 2020
Image: C:\AtomicRedTeam\ExternalPayloads\nmap-7.80-setup.exe
TargetFilename: C:\Program Files (x86)\Nmap\nping.exe
CreationUtcTime: 2024-08-20 00:13:57.507
User: MY-CALDERA\johnny.douche"
MY-CAL-WIN10.my-caldera.local,11,"File created:
RuleName: DLL
UtcTime: 2024-08-20 00:13:56.976
ProcessGuid: {ca24abc9-df74-66c3-7c02-000000001d00}
ProcessId: 2020
Image: C:\AtomicRedTeam\ExternalPayloads\nmap-7.80-setup.exe
TargetFilename: C:\Program Files (x86)\Nmap\py2exe\libgsf-win32-1-114.dll
CreationUtcTime: 2019-08-02 04:56:18.000
User: MY-CALDERA\johnny.douche"
MY-CAL-WIN10.my-caldera.local,11,"File created:
RuleName: DLL
UtcTime: 2024-08-20 00:13:57.259
ProcessGuid: {ca24abc9-df74-66c3-7c02-000000001d00}
ProcessId: 2020
Image: C:\AtomicRedTeam\ExternalPayloads\nmap-7.80-setup.exe
TargetFilename: C:\Program Files (x86)\Nmap\py2exe\libpangowin32-1.0-0.dll
CreationUtcTime: 2019-08-02 04:56:18.000
User: MY-CALDERA\johnny.douche"
MY-CAL-WIN10.my-caldera.local,11,"File created:
RuleName: DLL
UtcTime: 2024-08-20 00:13:53.876
ProcessGuid: {ca24abc9-df74-66c3-7c02-000000001d00}
ProcessId: 2020
Image: C:\AtomicRedTeam\ExternalPayloads\nmap-7.80-setup.exe
TargetFilename: C:\Program Files (x86)\Nmap\py2exe\libcairo-gobject-2.dll
CreationUtcTime: 2019-08-02 04:56:20.000
User: MY-CALDERA\johnny.douche"
MY-CAL-WIN10.my-caldera.local,11,"File created:
RuleName: DLL
UtcTime: 2024-08-20 00:13:57.180
ProcessGuid: {ca24abc9-df74-66c3-7c02-000000001d00}
ProcessId: 2020
Image: C:\AtomicRedTeam\ExternalPayloads\nmap-7.80-setup.exe
TargetFilename: C:\Program Files (x86)\Nmap\py2exe\libpangocairo-1.0-0.dll
CreationUtcTime: 2019-08-02 04:56:16.000
User: MY-CALDERA\johnny.douche"
MY-CAL-WIN10.my-caldera.local,11,"File created:
RuleName: DLL
UtcTime: 2024-08-20 00:13:53.908
ProcessGuid: {ca24abc9-df74-66c3-7c02-000000001d00}
ProcessId: 2020
Image: C:\AtomicRedTeam\ExternalPayloads\nmap-7.80-setup.exe
TargetFilename: C:\Program Files (x86)\Nmap\py2exe\libcroco-0.6-3.dll
CreationUtcTime: 2019-08-02 04:56:20.000
User: MY-CALDERA\johnny.douche"
MY-CAL-WIN10.my-caldera.local,11,"File created:
RuleName: DLL
UtcTime: 2024-08-20 00:13:53.919
ProcessGuid: {ca24abc9-df74-66c3-7c02-000000001d00}
ProcessId: 2020
Image: C:\AtomicRedTeam\ExternalPayloads\nmap-7.80-setup.exe
TargetFilename: C:\Program Files (x86)\Nmap\py2exe\libexpat-1.dll
CreationUtcTime: 2019-08-02 04:56:20.000
User: MY-CALDERA\johnny.douche"
MY-CAL-WIN10.my-caldera.local,11,"File created:
RuleName: DLL
UtcTime: 2024-08-20 00:13:53.929
ProcessGuid: {ca24abc9-df74-66c3-7c02-000000001d00}
ProcessId: 2020
Image: C:\AtomicRedTeam\ExternalPayloads\nmap-7.80-setup.exe
TargetFilename: C:\Program Files (x86)\Nmap\py2exe\libfontconfig-1.dll
CreationUtcTime: 2019-08-02 04:56:16.000
User: MY-CALDERA\johnny.douche"
MY-CAL-WIN10.my-caldera.local,11,"File created:
RuleName: DLL
UtcTime: 2024-08-20 00:13:53.940
ProcessGuid: {ca24abc9-df74-66c3-7c02-000000001d00}
ProcessId: 2020
Image: C:\AtomicRedTeam\ExternalPayloads\nmap-7.80-setup.exe
TargetFilename: C:\Program Files (x86)\Nmap\py2exe\libgailutil-18.dll
CreationUtcTime: 2019-08-02 04:56:16.000
User: MY-CALDERA\johnny.douche"
MY-CAL-WIN10.my-caldera.local,11,"File created:
RuleName: DLL
UtcTime: 2024-08-20 00:13:53.947
ProcessGuid: {ca24abc9-df74-66c3-7c02-000000001d00}
ProcessId: 2020
Image: C:\AtomicRedTeam\ExternalPayloads\nmap-7.80-setup.exe
TargetFilename: C:\Program Files (x86)\Nmap\py2exe\libgcc_s_dw2-1.dll
CreationUtcTime: 2019-08-02 04:56:20.000
User: MY-CALDERA\johnny.douche"
MY-CAL-WIN10.my-caldera.local,11,"File created:
RuleName: DLL
UtcTime: 2024-08-20 00:13:53.965
ProcessGuid: {ca24abc9-df74-66c3-7c02-000000001d00}
ProcessId: 2020
Image: C:\AtomicRedTeam\ExternalPayloads\nmap-7.80-setup.exe
TargetFilename: C:\Program Files (x86)\Nmap\py2exe\libgdk-win32-2.0-0.dll
CreationUtcTime: 2019-08-02 04:56:20.000
User: MY-CALDERA\johnny.douche"
MY-CAL-WIN10.my-caldera.local,11,"File created:
RuleName: DLL
UtcTime: 2024-08-20 00:13:53.993
ProcessGuid: {ca24abc9-df74-66c3-7c02-000000001d00}
ProcessId: 2020
Image: C:\AtomicRedTeam\ExternalPayloads\nmap-7.80-setup.exe
TargetFilename: C:\Program Files (x86)\Nmap\py2exe\libgdk_pixbuf-2.0-0.dll
CreationUtcTime: 2019-08-02 04:56:18.000
User: MY-CALDERA\johnny.douche"
MY-CAL-WIN10.my-caldera.local,11,"File created:
RuleName: DLL
UtcTime: 2024-08-20 00:13:54.327
ProcessGuid: {ca24abc9-df74-66c3-7c02-000000001d00}
ProcessId: 2020
Image: C:\AtomicRedTeam\ExternalPayloads\nmap-7.80-setup.exe
TargetFilename: C:\Program Files (x86)\Nmap\py2exe\libgio-2.0-0.dll
CreationUtcTime: 2019-08-02 04:56:16.000
User: MY-CALDERA\johnny.douche"
MY-CAL-WIN10.my-caldera.local,11,"File created:
RuleName: DLL
UtcTime: 2024-08-20 00:13:56.616
ProcessGuid: {ca24abc9-df74-66c3-7c02-000000001d00}
ProcessId: 2020
Image: C:\AtomicRedTeam\ExternalPayloads\nmap-7.80-setup.exe
TargetFilename: C:\Program Files (x86)\Nmap\py2exe\libglade-2.0-0.dll
CreationUtcTime: 2019-08-02 04:56:18.000
User: MY-CALDERA\johnny.douche"
MY-CAL-WIN10.my-caldera.local,11,"File created:
RuleName: DLL
UtcTime: 2024-08-20 00:13:56.851
ProcessGuid: {ca24abc9-df74-66c3-7c02-000000001d00}
ProcessId: 2020
Image: C:\AtomicRedTeam\ExternalPayloads\nmap-7.80-setup.exe
TargetFilename: C:\Program Files (x86)\Nmap\py2exe\libglib-2.0-0.dll
CreationUtcTime: 2019-08-02 04:56:16.000
User: MY-CALDERA\johnny.douche"
MY-CAL-WIN10.my-caldera.local,11,"File created:
RuleName: DLL
UtcTime: 2024-08-20 00:13:56.914
ProcessGuid: {ca24abc9-df74-66c3-7c02-000000001d00}
ProcessId: 2020
Image: C:\AtomicRedTeam\ExternalPayloads\nmap-7.80-setup.exe
TargetFilename: C:\Program Files (x86)\Nmap\py2exe\libgmodule-2.0-0.dll
CreationUtcTime: 2019-08-02 04:56:18.000
User: MY-CALDERA\johnny.douche"
MY-CAL-WIN10.my-caldera.local,11,"File created:
RuleName: DLL
UtcTime: 2024-08-20 00:13:56.948
ProcessGuid: {ca24abc9-df74-66c3-7c02-000000001d00}
ProcessId: 2020
Image: C:\AtomicRedTeam\ExternalPayloads\nmap-7.80-setup.exe
TargetFilename: C:\Program Files (x86)\Nmap\py2exe\libgobject-2.0-0.dll
CreationUtcTime: 2019-08-02 04:56:18.000
User: MY-CALDERA\johnny.douche"
MY-CAL-WIN10.my-caldera.local,11,"File created:
RuleName: DLL
UtcTime: 2024-08-20 00:13:56.964
ProcessGuid: {ca24abc9-df74-66c3-7c02-000000001d00}
ProcessId: 2020
Image: C:\AtomicRedTeam\ExternalPayloads\nmap-7.80-setup.exe
TargetFilename: C:\Program Files (x86)\Nmap\py2exe\libgsf-1-114.dll
CreationUtcTime: 2019-08-02 04:56:16.000
User: MY-CALDERA\johnny.douche"
MY-CAL-WIN10.my-caldera.local,11,"File created:
RuleName: DLL
UtcTime: 2024-08-20 00:13:53.889
ProcessGuid: {ca24abc9-df74-66c3-7c02-000000001d00}
ProcessId: 2020
Image: C:\AtomicRedTeam\ExternalPayloads\nmap-7.80-setup.exe
TargetFilename: C:\Program Files (x86)\Nmap\py2exe\libcairo-script-interpreter-2.dll
CreationUtcTime: 2019-08-02 04:56:18.000
User: MY-CALDERA\johnny.douche"
MY-CAL-WIN10.my-caldera.local,11,"File created:
RuleName: DLL
UtcTime: 2024-08-20 00:13:56.981
ProcessGuid: {ca24abc9-df74-66c3-7c02-000000001d00}
ProcessId: 2020
Image: C:\AtomicRedTeam\ExternalPayloads\nmap-7.80-setup.exe
TargetFilename: C:\Program Files (x86)\Nmap\py2exe\libgthread-2.0-0.dll
CreationUtcTime: 2019-08-02 04:56:18.000
User: MY-CALDERA\johnny.douche"
MY-CAL-WIN10.my-caldera.local,11,"File created:
RuleName: DLL
UtcTime: 2024-08-20 00:13:57.166
ProcessGuid: {ca24abc9-df74-66c3-7c02-000000001d00}
ProcessId: 2020
Image: C:\AtomicRedTeam\ExternalPayloads\nmap-7.80-setup.exe
TargetFilename: C:\Program Files (x86)\Nmap\py2exe\libpango-1.0-0.dll
CreationUtcTime: 2019-08-02 04:56:18.000
User: MY-CALDERA\johnny.douche"
MY-CAL-WIN10.my-caldera.local,11,"File created:
RuleName: DO
UtcTime: 2024-08-20 00:14:55.458
ProcessGuid: {ca24abc9-dffc-66c3-ef02-000000001d00}
ProcessId: 11020
Image: C:\Program Files (x86)\Microsoft Office\Root\Office16\WINWORD.EXE
TargetFilename: C:\Users\johnny.douche\AppData\Local\Microsoft\Office\16.0\winword.exe_Rules\rule120646v0.xml
CreationUtcTime: 2024-08-20 00:14:55.457
User: MY-CALDERA\johnny.douche"
MY-CAL-WIN10.my-caldera.local,11,"File created:
RuleName: DO
UtcTime: 2024-08-20 00:14:55.475
ProcessGuid: {ca24abc9-dffc-66c3-ef02-000000001d00}
ProcessId: 11020
Image: C:\Program Files (x86)\Microsoft Office\Root\Office16\WINWORD.EXE
TargetFilename: C:\Users\johnny.douche\AppData\Local\Microsoft\Office\16.0\winword.exe_Rules\rule120660v0.xml
CreationUtcTime: 2024-08-20 00:14:55.475
User: MY-CALDERA\johnny.douche"
MY-CAL-WIN10.my-caldera.local,11,"File created:
RuleName: DO
UtcTime: 2024-08-20 00:14:55.497
ProcessGuid: {ca24abc9-dffc-66c3-ef02-000000001d00}
ProcessId: 11020
Image: C:\Program Files (x86)\Microsoft Office\Root\Office16\WINWORD.EXE
TargetFilename: C:\Users\johnny.douche\AppData\Local\Microsoft\Office\16.0\winword.exe_Rules\rule120675v0.xml
CreationUtcTime: 2024-08-20 00:14:55.496
User: MY-CALDERA\johnny.douche"
MY-CAL-WIN10.my-caldera.local,11,"File created:
RuleName: DO
UtcTime: 2024-08-20 00:14:55.515
ProcessGuid: {ca24abc9-dffc-66c3-ef02-000000001d00}
ProcessId: 11020
Image: C:\Program Files (x86)\Microsoft Office\Root\Office16\WINWORD.EXE
TargetFilename: C:\Users\johnny.douche\AppData\Local\Microsoft\Office\16.0\winword.exe_Rules\rule170007v5.xml
CreationUtcTime: 2024-08-20 00:14:55.515
User: MY-CALDERA\johnny.douche"
MY-CAL-WIN10.my-caldera.local,11,"File created:
RuleName: DO
UtcTime: 2024-08-20 00:14:55.534
ProcessGuid: {ca24abc9-dffc-66c3-ef02-000000001d00}
ProcessId: 11020
Image: C:\Program Files (x86)\Microsoft Office\Root\Office16\WINWORD.EXE
TargetFilename: C:\Users\johnny.douche\AppData\Local\Microsoft\Office\16.0\winword.exe_Rules\rule170027v0.xml
CreationUtcTime: 2024-08-20 00:14:55.534
User: MY-CALDERA\johnny.douche"
MY-CAL-WIN10.my-caldera.local,11,"File created:
RuleName: DO
UtcTime: 2024-08-20 00:14:55.549
ProcessGuid: {ca24abc9-dffc-66c3-ef02-000000001d00}
ProcessId: 11020
Image: C:\Program Files (x86)\Microsoft Office\Root\Office16\WINWORD.EXE
TargetFilename: C:\Users\johnny.douche\AppData\Local\Microsoft\Office\16.0\winword.exe_Rules\rule170042v4.xml
CreationUtcTime: 2024-08-20 00:14:55.549
User: MY-CALDERA\johnny.douche"
MY-CAL-WIN10.my-caldera.local,11,"File created:
RuleName: DO
UtcTime: 2024-08-20 00:14:55.579
ProcessGuid: {ca24abc9-dffc-66c3-ef02-000000001d00}
ProcessId: 11020
Image: C:\Program Files (x86)\Microsoft Office\Root\Office16\WINWORD.EXE
TargetFilename: C:\Users\johnny.douche\AppData\Local\Microsoft\Office\16.0\winword.exe_Rules\rule170076v1.xml
CreationUtcTime: 2024-08-20 00:14:55.579
User: MY-CALDERA\johnny.douche"
MY-CAL-WIN10.my-caldera.local,11,"File created:
RuleName: DO
UtcTime: 2024-08-20 00:14:55.951
ProcessGuid: {ca24abc9-dffc-66c3-ef02-000000001d00}
ProcessId: 11020
Image: C:\Program Files (x86)\Microsoft Office\Root\Office16\WINWORD.EXE
TargetFilename: C:\Users\johnny.douche\AppData\Local\Microsoft\Office\16.0\winword.exe_Rules\rule170106v2.xml
CreationUtcTime: 2024-08-20 00:14:55.951
User: MY-CALDERA\johnny.douche"
MY-CAL-WIN10.my-caldera.local,11,"File created:
RuleName: DO
UtcTime: 2024-08-20 00:14:55.953
ProcessGuid: {ca24abc9-dffc-66c3-ef02-000000001d00}
ProcessId: 11020
Image: C:\Program Files (x86)\Microsoft Office\Root\Office16\WINWORD.EXE
TargetFilename: C:\Users\johnny.douche\AppData\Local\Microsoft\Office\16.0\winword.exe_Rules\rule170107v1.xml
CreationUtcTime: 2024-08-20 00:14:55.953
User: MY-CALDERA\johnny.douche"
MY-CAL-WIN10.my-caldera.local,11,"File created:
RuleName: DO
UtcTime: 2024-08-20 00:14:55.955
ProcessGuid: {ca24abc9-dffc-66c3-ef02-000000001d00}
ProcessId: 11020
Image: C:\Program Files (x86)\Microsoft Office\Root\Office16\WINWORD.EXE
TargetFilename: C:\Users\johnny.douche\AppData\Local\Microsoft\Office\16.0\winword.exe_Rules\rule170110v0.xml
CreationUtcTime: 2024-08-20 00:14:55.955
User: MY-CALDERA\johnny.douche"
MY-CAL-WIN10.my-caldera.local,11,"File created:
RuleName: DO
UtcTime: 2024-08-20 00:14:55.958
ProcessGuid: {ca24abc9-dffc-66c3-ef02-000000001d00}
ProcessId: 11020
Image: C:\Program Files (x86)\Microsoft Office\Root\Office16\WINWORD.EXE
TargetFilename: C:\Users\johnny.douche\AppData\Local\Microsoft\Office\16.0\winword.exe_Rules\rule170111v2.xml
CreationUtcTime: 2024-08-20 00:14:55.958
User: MY-CALDERA\johnny.douche"
MY-CAL-WIN10.my-caldera.local,11,"File created:
RuleName: DO
UtcTime: 2024-08-20 00:14:55.961
ProcessGuid: {ca24abc9-dffc-66c3-ef02-000000001d00}
ProcessId: 11020
Image: C:\Program Files (x86)\Microsoft Office\Root\Office16\WINWORD.EXE
TargetFilename: C:\Users\johnny.douche\AppData\Local\Microsoft\Office\16.0\winword.exe_Rules\rule170112v1.xml
CreationUtcTime: 2024-08-20 00:14:55.960
User: MY-CALDERA\johnny.douche"
MY-CAL-WIN10.my-caldera.local,11,"File created:
RuleName: DO
UtcTime: 2024-08-20 00:14:55.963
ProcessGuid: {ca24abc9-dffc-66c3-ef02-000000001d00}
ProcessId: 11020
Image: C:\Program Files (x86)\Microsoft Office\Root\Office16\WINWORD.EXE
TargetFilename: C:\Users\johnny.douche\AppData\Local\Microsoft\Office\16.0\winword.exe_Rules\rule170113v0.xml
CreationUtcTime: 2024-08-20 00:14:55.962
User: MY-CALDERA\johnny.douche"
MY-CAL-WIN10.my-caldera.local,11,"File created:
RuleName: DO
UtcTime: 2024-08-20 00:14:55.965
ProcessGuid: {ca24abc9-dffc-66c3-ef02-000000001d00}
ProcessId: 11020
Image: C:\Program Files (x86)\Microsoft Office\Root\Office16\WINWORD.EXE
TargetFilename: C:\Users\johnny.douche\AppData\Local\Microsoft\Office\16.0\winword.exe_Rules\rule170114v1.xml
CreationUtcTime: 2024-08-20 00:14:55.965
User: MY-CALDERA\johnny.douche"
MY-CAL-WIN10.my-caldera.local,11,"File created:
RuleName: DO
UtcTime: 2024-08-20 00:14:55.984
ProcessGuid: {ca24abc9-dffc-66c3-ef02-000000001d00}
ProcessId: 11020
Image: C:\Program Files (x86)\Microsoft Office\Root\Office16\WINWORD.EXE
TargetFilename: C:\Users\johnny.douche\AppData\Local\Microsoft\Office\16.0\winword.exe_Rules\rule170115v1.xml
CreationUtcTime: 2024-08-20 00:14:55.984
User: MY-CALDERA\johnny.douche"
MY-CAL-WIN10.my-caldera.local,11,"File created:
RuleName: DO
UtcTime: 2024-08-20 00:14:55.986
ProcessGuid: {ca24abc9-dffc-66c3-ef02-000000001d00}
ProcessId: 11020
Image: C:\Program Files (x86)\Microsoft Office\Root\Office16\WINWORD.EXE
TargetFilename: C:\Users\johnny.douche\AppData\Local\Microsoft\Office\16.0\winword.exe_Rules\rule170116v0.xml
CreationUtcTime: 2024-08-20 00:14:55.986
User: MY-CALDERA\johnny.douche"
MY-CAL-WIN10.my-caldera.local,11,"File created:
RuleName: DO
UtcTime: 2024-08-20 00:14:55.988
ProcessGuid: {ca24abc9-dffc-66c3-ef02-000000001d00}
ProcessId: 11020
Image: C:\Program Files (x86)\Microsoft Office\Root\Office16\WINWORD.EXE
TargetFilename: C:\Users\johnny.douche\AppData\Local\Microsoft\Office\16.0\winword.exe_Rules\rule170117v0.xml
CreationUtcTime: 2024-08-20 00:14:55.988
User: MY-CALDERA\johnny.douche"
MY-CAL-WIN10.my-caldera.local,11,"File created:
RuleName: DO
UtcTime: 2024-08-20 00:14:55.991
ProcessGuid: {ca24abc9-dffc-66c3-ef02-000000001d00}
ProcessId: 11020
Image: C:\Program Files (x86)\Microsoft Office\Root\Office16\WINWORD.EXE
TargetFilename: C:\Users\johnny.douche\AppData\Local\Microsoft\Office\16.0\winword.exe_Rules\rule170118v1.xml
CreationUtcTime: 2024-08-20 00:14:55.990
User: MY-CALDERA\johnny.douche"
MY-CAL-WIN10.my-caldera.local,11,"File created:
RuleName: DO
UtcTime: 2024-08-20 00:14:55.994
ProcessGuid: {ca24abc9-dffc-66c3-ef02-000000001d00}
ProcessId: 11020
Image: C:\Program Files (x86)\Microsoft Office\Root\Office16\WINWORD.EXE
TargetFilename: C:\Users\johnny.douche\AppData\Local\Microsoft\Office\16.0\winword.exe_Rules\rule170127v0.xml
CreationUtcTime: 2024-08-20 00:14:55.993
User: MY-CALDERA\johnny.douche"
MY-CAL-WIN10.my-caldera.local,11,"File created:
RuleName: DO
UtcTime: 2024-08-20 00:14:55.996
ProcessGuid: {ca24abc9-dffc-66c3-ef02-000000001d00}
ProcessId: 11020
Image: C:\Program Files (x86)\Microsoft Office\Root\Office16\WINWORD.EXE
TargetFilename: C:\Users\johnny.douche\AppData\Local\Microsoft\Office\16.0\winword.exe_Rules\rule170129v0.xml
CreationUtcTime: 2024-08-20 00:14:55.995
User: MY-CALDERA\johnny.douche"
MY-CAL-WIN10.my-caldera.local,11,"File created:
RuleName: DO
UtcTime: 2024-08-20 00:14:55.998
ProcessGuid: {ca24abc9-dffc-66c3-ef02-000000001d00}
ProcessId: 11020
Image: C:\Program Files (x86)\Microsoft Office\Root\Office16\WINWORD.EXE
TargetFilename: C:\Users\johnny.douche\AppData\Local\Microsoft\Office\16.0\winword.exe_Rules\rule170130v0.xml
CreationUtcTime: 2024-08-20 00:14:55.997
User: MY-CALDERA\johnny.douche"
MY-CAL-WIN10.my-caldera.local,11,"File created:
RuleName: DO
UtcTime: 2024-08-20 00:14:56.000
ProcessGuid: {ca24abc9-dffc-66c3-ef02-000000001d00}
ProcessId: 11020
Image: C:\Program Files (x86)\Microsoft Office\Root\Office16\WINWORD.EXE
TargetFilename: C:\Users\johnny.douche\AppData\Local\Microsoft\Office\16.0\winword.exe_Rules\rule170133v0.xml
CreationUtcTime: 2024-08-20 00:14:56.000
User: MY-CALDERA\johnny.douche"
MY-CAL-WIN10.my-caldera.local,11,"File created:
RuleName: DO
UtcTime: 2024-08-20 00:14:56.003
ProcessGuid: {ca24abc9-dffc-66c3-ef02-000000001d00}
ProcessId: 11020
Image: C:\Program Files (x86)\Microsoft Office\Root\Office16\WINWORD.EXE
TargetFilename: C:\Users\johnny.douche\AppData\Local\Microsoft\Office\16.0\winword.exe_Rules\rule170134v0.xml
CreationUtcTime: 2024-08-20 00:14:56.002
User: MY-CALDERA\johnny.douche"
MY-CAL-WIN10.my-caldera.local,11,"File created:
RuleName: DO
UtcTime: 2024-08-20 00:14:56.005
ProcessGuid: {ca24abc9-dffc-66c3-ef02-000000001d00}
ProcessId: 11020
Image: C:\Program Files (x86)\Microsoft Office\Root\Office16\WINWORD.EXE
TargetFilename: C:\Users\johnny.douche\AppData\Local\Microsoft\Office\16.0\winword.exe_Rules\rule170135v4.xml
CreationUtcTime: 2024-08-20 00:14:56.005
User: MY-CALDERA\johnny.douche"
MY-CAL-WIN10.my-caldera.local,11,"File created:
RuleName: DO
UtcTime: 2024-08-20 00:14:56.007
ProcessGuid: {ca24abc9-dffc-66c3-ef02-000000001d00}
ProcessId: 11020
Image: C:\Program Files (x86)\Microsoft Office\Root\Office16\WINWORD.EXE
TargetFilename: C:\Users\johnny.douche\AppData\Local\Microsoft\Office\16.0\winword.exe_Rules\rule170136v3.xml
CreationUtcTime: 2024-08-20 00:14:56.007
User: MY-CALDERA\johnny.douche"
MY-CAL-WIN10.my-caldera.local,11,"File created:
RuleName: DO
UtcTime: 2024-08-20 00:14:56.009
ProcessGuid: {ca24abc9-dffc-66c3-ef02-000000001d00}
ProcessId: 11020
Image: C:\Program Files (x86)\Microsoft Office\Root\Office16\WINWORD.EXE
TargetFilename: C:\Users\johnny.douche\AppData\Local\Microsoft\Office\16.0\winword.exe_Rules\rule170137v0.xml
CreationUtcTime: 2024-08-20 00:14:56.009
User: MY-CALDERA\johnny.douche"
MY-CAL-WIN10.my-caldera.local,11,"File created:
RuleName: DO
UtcTime: 2024-08-20 00:14:56.012
ProcessGuid: {ca24abc9-dffc-66c3-ef02-000000001d00}
ProcessId: 11020
Image: C:\Program Files (x86)\Microsoft Office\Root\Office16\WINWORD.EXE
TargetFilename: C:\Users\johnny.douche\AppData\Local\Microsoft\Office\16.0\winword.exe_Rules\rule170138v0.xml
CreationUtcTime: 2024-08-20 00:14:56.012
User: MY-CALDERA\johnny.douche"
MY-CAL-WIN10.my-caldera.local,11,"File created:
RuleName: DO
UtcTime: 2024-08-20 00:14:56.014
ProcessGuid: {ca24abc9-dffc-66c3-ef02-000000001d00}
ProcessId: 11020
Image: C:\Program Files (x86)\Microsoft Office\Root\Office16\WINWORD.EXE
TargetFilename: C:\Users\johnny.douche\AppData\Local\Microsoft\Office\16.0\winword.exe_Rules\rule170139v0.xml
CreationUtcTime: 2024-08-20 00:14:56.014
User: MY-CALDERA\johnny.douche"
MY-CAL-WIN10.my-caldera.local,11,"File created:
RuleName: DO
UtcTime: 2024-08-20 00:14:56.017
ProcessGuid: {ca24abc9-dffc-66c3-ef02-000000001d00}
ProcessId: 11020
Image: C:\Program Files (x86)\Microsoft Office\Root\Office16\WINWORD.EXE
TargetFilename: C:\Users\johnny.douche\AppData\Local\Microsoft\Office\16.0\winword.exe_Rules\rule170140v0.xml
CreationUtcTime: 2024-08-20 00:14:56.016
User: MY-CALDERA\johnny.douche"
MY-CAL-WIN10.my-caldera.local,11,"File created:
RuleName: DO
UtcTime: 2024-08-20 00:14:56.019
ProcessGuid: {ca24abc9-dffc-66c3-ef02-000000001d00}
ProcessId: 11020
Image: C:\Program Files (x86)\Microsoft Office\Root\Office16\WINWORD.EXE
TargetFilename: C:\Users\johnny.douche\AppData\Local\Microsoft\Office\16.0\winword.exe_Rules\rule170141v0.xml
CreationUtcTime: 2024-08-20 00:14:56.018
User: MY-CALDERA\johnny.douche"
MY-CAL-WIN10.my-caldera.local,11,"File created:
RuleName: DO
UtcTime: 2024-08-20 00:14:56.022
ProcessGuid: {ca24abc9-dffc-66c3-ef02-000000001d00}
ProcessId: 11020
Image: C:\Program Files (x86)\Microsoft Office\Root\Office16\WINWORD.EXE
TargetFilename: C:\Users\johnny.douche\AppData\Local\Microsoft\Office\16.0\winword.exe_Rules\rule170142v2.xml
CreationUtcTime: 2024-08-20 00:14:56.022
User: MY-CALDERA\johnny.douche"
