MY-CAL-WIN10.my-caldera.local,11,"File created:
RuleName: DO
UtcTime: 2024-08-20 00:08:14.304
ProcessGuid: {ca24abc9-de5f-66c3-0d02-000000001d00}
ProcessId: 8432
Image: C:\Windows\System32\WindowsPowerShell\v1.0\powershell.exe
TargetFilename: C:\Users\johnny.douche\Documents\WindowsPowerShell\Modules\DSInternals\4.14\Views\DSInternals.GroupManagedServiceAccount.format.ps1xml
CreationUtcTime: 2024-08-20 00:08:14.304
User: MY-CALDERA\johnny.douche"
MY-CAL-WIN10.my-caldera.local,11,"File created:
RuleName: DO
UtcTime: 2024-08-20 00:08:14.325
ProcessGuid: {ca24abc9-de5f-66c3-0d02-000000001d00}
ProcessId: 8432
Image: C:\Windows\System32\WindowsPowerShell\v1.0\powershell.exe
TargetFilename: C:\Users\johnny.douche\Documents\WindowsPowerShell\Modules\DSInternals\4.14\Views\DSInternals.Hash.format.ps1xml
CreationUtcTime: 2024-08-20 00:08:14.325
User: MY-CALDERA\johnny.douche"
MY-CAL-WIN10.my-caldera.local,11,"File created:
RuleName: DO
UtcTime: 2024-08-20 00:08:14.328
ProcessGuid: {ca24abc9-de5f-66c3-0d02-000000001d00}
ProcessId: 8432
Image: C:\Windows\System32\WindowsPowerShell\v1.0\powershell.exe
TargetFilename: C:\Users\johnny.douche\Documents\WindowsPowerShell\Modules\DSInternals\4.14\Views\DSInternals.KdsRootKey.format.ps1xml
CreationUtcTime: 2024-08-20 00:08:14.327
User: MY-CALDERA\johnny.douche"
MY-CAL-WIN10.my-caldera.local,11,"File created:
RuleName: DO
UtcTime: 2024-08-20 00:08:14.334
ProcessGuid: {ca24abc9-de5f-66c3-0d02-000000001d00}
ProcessId: 8432
Image: C:\Windows\System32\WindowsPowerShell\v1.0\powershell.exe
TargetFilename: C:\Users\johnny.douche\Documents\WindowsPowerShell\Modules\DSInternals\4.14\Views\DSInternals.Kerberos.format.ps1xml
CreationUtcTime: 2024-08-20 00:08:14.334
User: MY-CALDERA\johnny.douche"
MY-CAL-WIN10.my-caldera.local,11,"File created:
RuleName: DO
UtcTime: 2024-08-20 00:08:14.337
ProcessGuid: {ca24abc9-de5f-66c3-0d02-000000001d00}
ProcessId: 8432
Image: C:\Windows\System32\WindowsPowerShell\v1.0\powershell.exe
TargetFilename: C:\Users\johnny.douche\Documents\WindowsPowerShell\Modules\DSInternals\4.14\Views\DSInternals.KeyCredential.format.ps1xml
CreationUtcTime: 2024-08-20 00:08:14.337
User: MY-CALDERA\johnny.douche"
MY-CAL-WIN10.my-caldera.local,11,"File created:
RuleName: DO
UtcTime: 2024-08-20 00:08:14.341
ProcessGuid: {ca24abc9-de5f-66c3-0d02-000000001d00}
ProcessId: 8432
Image: C:\Windows\System32\WindowsPowerShell\v1.0\powershell.exe
TargetFilename: C:\Users\johnny.douche\Documents\WindowsPowerShell\Modules\DSInternals\4.14\Views\DSInternals.LsaPolicyInformation.format.ps1xml
CreationUtcTime: 2024-08-20 00:08:14.341
User: MY-CALDERA\johnny.douche"
MY-CAL-WIN10.my-caldera.local,11,"File created:
RuleName: DO
UtcTime: 2024-08-20 00:08:14.343
ProcessGuid: {ca24abc9-de5f-66c3-0d02-000000001d00}
ProcessId: 8432
Image: C:\Windows\System32\WindowsPowerShell\v1.0\powershell.exe
TargetFilename: C:\Users\johnny.douche\Documents\WindowsPowerShell\Modules\DSInternals\4.14\Views\DSInternals.PasswordQualityTestResult.format.ps1xml
CreationUtcTime: 2024-08-20 00:08:14.343
User: MY-CALDERA\johnny.douche"
MY-CAL-WIN10.my-caldera.local,11,"File created:
RuleName: DO
UtcTime: 2024-08-20 00:08:14.347
ProcessGuid: {ca24abc9-de5f-66c3-0d02-000000001d00}
ProcessId: 8432
Image: C:\Windows\System32\WindowsPowerShell\v1.0\powershell.exe
TargetFilename: C:\Users\johnny.douche\Documents\WindowsPowerShell\Modules\DSInternals\4.14\Views\DSInternals.RoamedCredential.format.ps1xml
CreationUtcTime: 2024-08-20 00:08:14.346
User: MY-CALDERA\johnny.douche"
MY-CAL-WIN10.my-caldera.local,11,"File created:
RuleName: DO
UtcTime: 2024-08-20 00:08:14.349
ProcessGuid: {ca24abc9-de5f-66c3-0d02-000000001d00}
ProcessId: 8432
Image: C:\Windows\System32\WindowsPowerShell\v1.0\powershell.exe
TargetFilename: C:\Users\johnny.douche\Documents\WindowsPowerShell\Modules\DSInternals\4.14\Views\DSInternals.SamDomainPasswordInformation.format.ps1xml
CreationUtcTime: 2024-08-20 00:08:14.349
User: MY-CALDERA\johnny.douche"
MY-CAL-WIN10.my-caldera.local,11,"File created:
RuleName: DO
UtcTime: 2024-08-20 00:08:14.352
ProcessGuid: {ca24abc9-de5f-66c3-0d02-000000001d00}
ProcessId: 8432
Image: C:\Windows\System32\WindowsPowerShell\v1.0\powershell.exe
TargetFilename: C:\Users\johnny.douche\Documents\WindowsPowerShell\Modules\DSInternals\4.14\x86
CreationUtcTime: 2024-08-20 00:08:14.352
User: MY-CALDERA\johnny.douche"
MY-CAL-WIN10.my-caldera.local,11,"File created:
RuleName: DLL
UtcTime: 2024-08-20 00:08:14.353
ProcessGuid: {ca24abc9-de5f-66c3-0d02-000000001d00}
ProcessId: 8432
Image: C:\Windows\System32\WindowsPowerShell\v1.0\powershell.exe
TargetFilename: C:\Users\johnny.douche\Documents\WindowsPowerShell\Modules\DSInternals\4.14\x86\DSInternals.Replication.Interop.dll
CreationUtcTime: 2024-08-20 00:08:14.353
User: MY-CALDERA\johnny.douche"
MY-CAL-WIN10.my-caldera.local,11,"File created:
RuleName: DLL
UtcTime: 2024-08-20 00:08:14.358
ProcessGuid: {ca24abc9-de5f-66c3-0d02-000000001d00}
ProcessId: 8432
Image: C:\Windows\System32\WindowsPowerShell\v1.0\powershell.exe
TargetFilename: C:\Users\johnny.douche\Documents\WindowsPowerShell\Modules\DSInternals\4.14\x86\msvcp140.dll
CreationUtcTime: 2024-08-20 00:08:14.358
User: MY-CALDERA\johnny.douche"
MY-CAL-WIN10.my-caldera.local,11,"File created:
RuleName: DLL
UtcTime: 2024-08-20 00:08:14.371
ProcessGuid: {ca24abc9-de5f-66c3-0d02-000000001d00}
ProcessId: 8432
Image: C:\Windows\System32\WindowsPowerShell\v1.0\powershell.exe
TargetFilename: C:\Users\johnny.douche\Documents\WindowsPowerShell\Modules\DSInternals\4.14\x86\vcruntime140.dll
CreationUtcTime: 2024-08-20 00:08:14.371
User: MY-CALDERA\johnny.douche"
MY-CAL-WIN10.my-caldera.local,11,"File created:
RuleName: DLL
UtcTime: 2024-08-20 00:08:14.378
ProcessGuid: {ca24abc9-de5f-66c3-0d02-000000001d00}
ProcessId: 8432
Image: C:\Windows\System32\WindowsPowerShell\v1.0\powershell.exe
TargetFilename: C:\Users\johnny.douche\Documents\WindowsPowerShell\Modules\DSInternals\4.14\x86\vcruntime140_threads.dll
CreationUtcTime: 2024-08-20 00:08:14.376
User: MY-CALDERA\johnny.douche"
MY-CAL-WIN10.my-caldera.local,11,"File created:
RuleName: DO
UtcTime: 2024-08-20 00:08:15.904
ProcessGuid: {ca24abc9-de5f-66c3-0d02-000000001d00}
ProcessId: 8432
Image: C:\Windows\System32\WindowsPowerShell\v1.0\powershell.exe
TargetFilename: C:\Users\johnny.douche\AppData\Local\Microsoft\Windows\PowerShell\StartupProfileData-NonInteractive
CreationUtcTime: 2024-03-28 01:06:06.420
User: MY-CALDERA\johnny.douche"
MY-CAL-WIN10.my-caldera.local,11,"File created:
RuleName: DLL
UtcTime: 2024-08-20 00:08:14.394
ProcessGuid: {ca24abc9-de5f-66c3-0d02-000000001d00}
ProcessId: 8432
Image: C:\Windows\System32\WindowsPowerShell\v1.0\powershell.exe
TargetFilename: C:\Users\johnny.douche\Documents\WindowsPowerShell\Modules\DSInternals\4.14\CBOR.dll
CreationUtcTime: 2024-08-20 00:08:14.394
User: MY-CALDERA\johnny.douche"
MY-CAL-WIN10.my-caldera.local,11,"File created:
RuleName: DLL
UtcTime: 2024-08-20 00:08:14.384
ProcessGuid: {ca24abc9-de5f-66c3-0d02-000000001d00}
ProcessId: 8432
Image: C:\Windows\System32\WindowsPowerShell\v1.0\powershell.exe
TargetFilename: C:\Users\johnny.douche\Documents\WindowsPowerShell\Modules\DSInternals\4.14\AutoMapper.dll
CreationUtcTime: 2024-08-20 00:08:14.382
User: MY-CALDERA\johnny.douche"
MY-CAL-WIN10.my-caldera.local,11,"File created:
RuleName: DO
UtcTime: 2024-08-20 00:08:22.788
ProcessGuid: {ca24abc9-de76-66c3-1f02-000000001d00}
ProcessId: 6652
Image: C:\Windows\System32\WindowsPowerShell\v1.0\powershell.exe
TargetFilename: C:\Users\johnny.douche\AppData\Local\Microsoft\Windows\PowerShell\StartupProfileData-NonInteractive
CreationUtcTime: 2024-03-28 01:06:06.420
User: MY-CALDERA\johnny.douche"
MY-CAL-WIN10.my-caldera.local,11,"File created:
RuleName: DO
UtcTime: 2024-08-20 00:08:22.397
ProcessGuid: {ca24abc9-de75-66c3-1c02-000000001d00}
ProcessId: 3356
Image: C:\Windows\System32\WindowsPowerShell\v1.0\powershell.exe
TargetFilename: C:\Users\johnny.douche\AppData\Local\Microsoft\Windows\PowerShell\StartupProfileData-NonInteractive
CreationUtcTime: 2024-03-28 01:06:06.420
User: MY-CALDERA\johnny.douche"
MY-CAL-WIN10.my-caldera.local,11,"File created:
RuleName: DO
UtcTime: 2024-08-20 00:08:23.124
ProcessGuid: {ca24abc9-de76-66c3-2002-000000001d00}
ProcessId: 8324
Image: C:\Windows\System32\WindowsPowerShell\v1.0\powershell.exe
TargetFilename: C:\Users\johnny.douche\AppData\Local\Microsoft\Windows\PowerShell\StartupProfileData-NonInteractive
CreationUtcTime: 2024-03-28 01:06:06.420
User: MY-CALDERA\johnny.douche"
MY-CAL-WIN10.my-caldera.local,11,"File created:
RuleName: DO
UtcTime: 2024-08-20 00:08:23.600
ProcessGuid: {ca24abc9-de77-66c3-2102-000000001d00}
ProcessId: 1080
Image: C:\Windows\System32\WindowsPowerShell\v1.0\powershell.exe
TargetFilename: C:\Users\johnny.douche\AppData\Local\Microsoft\Windows\PowerShell\StartupProfileData-NonInteractive
CreationUtcTime: 2024-03-28 01:06:06.420
User: MY-CALDERA\johnny.douche"
MY-CAL-WIN10.my-caldera.local,11,"File created:
RuleName: DO
UtcTime: 2024-08-20 00:08:24.356
ProcessGuid: {ca24abc9-de78-66c3-2402-000000001d00}
ProcessId: 2532
Image: C:\Windows\System32\WindowsPowerShell\v1.0\powershell.exe
TargetFilename: C:\Users\johnny.douche\AppData\Local\Microsoft\Windows\PowerShell\StartupProfileData-NonInteractive
CreationUtcTime: 2024-03-28 01:06:06.420
User: MY-CALDERA\johnny.douche"
MY-CAL-WIN10.my-caldera.local,11,"File created:
RuleName: DO
UtcTime: 2024-08-20 00:08:23.931
ProcessGuid: {ca24abc9-de77-66c3-2302-000000001d00}
ProcessId: 7464
Image: C:\Windows\System32\WindowsPowerShell\v1.0\powershell.exe
TargetFilename: C:\Users\johnny.douche\AppData\Local\Microsoft\Windows\PowerShell\StartupProfileData-NonInteractive
CreationUtcTime: 2024-03-28 01:06:06.420
User: MY-CALDERA\johnny.douche"
MY-CAL-WIN10.my-caldera.local,11,"File created:
RuleName: DO
UtcTime: 2024-08-20 00:08:24.796
ProcessGuid: {ca24abc9-de78-66c3-2502-000000001d00}
ProcessId: 4864
Image: C:\Windows\System32\WindowsPowerShell\v1.0\powershell.exe
TargetFilename: C:\Users\johnny.douche\AppData\Local\Microsoft\Windows\PowerShell\StartupProfileData-NonInteractive
CreationUtcTime: 2024-03-28 01:06:06.420
User: MY-CALDERA\johnny.douche"
MY-CAL-WIN10.my-caldera.local,11,"File created:
RuleName: DO
UtcTime: 2024-08-20 00:08:25.401
ProcessGuid: {ca24abc9-de78-66c3-2602-000000001d00}
ProcessId: 7752
Image: C:\Windows\System32\WindowsPowerShell\v1.0\powershell.exe
TargetFilename: C:\Users\johnny.douche\AppData\Local\Microsoft\Windows\PowerShell\StartupProfileData-NonInteractive
CreationUtcTime: 2024-03-28 01:06:06.420
User: MY-CALDERA\johnny.douche"
MY-CAL-WIN10.my-caldera.local,11,"File created:
RuleName: Sysmonv1514
UtcTime: 2024-08-20 00:08:25.209
ProcessGuid: {ca24abc9-d6b1-66c3-ba00-000000001d00}
ProcessId: 6760
Image: C:\Program Files\WinlogBeat\winlogbeat.exe
TargetFilename: C:\ProgramData\winlogbeat\.winlogbeat.yml.new
CreationUtcTime: 2024-08-19 23:44:48.401
User: NT AUTHORITY\SYSTEM"
MY-CAL-WIN10.my-caldera.local,11,"File created:
RuleName: DO
UtcTime: 2024-08-20 00:08:26.568
ProcessGuid: {ca24abc9-de7a-66c3-2702-000000001d00}
ProcessId: 2336
Image: C:\Windows\System32\WindowsPowerShell\v1.0\powershell.exe
TargetFilename: C:\Users\johnny.douche\AppData\Local\Microsoft\Windows\PowerShell\StartupProfileData-NonInteractive
CreationUtcTime: 2024-03-28 01:06:06.420
User: MY-CALDERA\johnny.douche"
MY-CAL-WIN10.my-caldera.local,11,"File created:
RuleName: DO
UtcTime: 2024-08-20 00:08:27.410
ProcessGuid: {ca24abc9-de7b-66c3-2802-000000001d00}
ProcessId: 5960
Image: C:\Windows\System32\WindowsPowerShell\v1.0\powershell.exe
TargetFilename: C:\Users\johnny.douche\AppData\Local\Microsoft\Windows\PowerShell\StartupProfileData-NonInteractive
CreationUtcTime: 2024-03-28 01:06:06.420
User: MY-CALDERA\johnny.douche"
MY-CAL-WIN10.my-caldera.local,11,"File created:
RuleName: JSPandJSWandJSV
UtcTime: 2024-08-20 00:08:39.416
ProcessGuid: {ca24abc9-de7c-66c3-2a02-000000001d00}
ProcessId: 5672
Image: C:\Program Files (x86)\Microsoft Office\Root\Office16\EXCEL.EXE
TargetFilename: C:\Users\johnny.douche\AppData\Local\Microsoft\Windows\INetCache\IE\482UAV8W\federationprovider[1].json
CreationUtcTime: 2024-08-20 00:08:39.416
User: MY-CALDERA\johnny.douche"
MY-CAL-WIN10.my-caldera.local,11,"File created:
RuleName: Sysmonv1514
UtcTime: 2024-08-20 00:08:50.547
ProcessGuid: {ca24abc9-d6b1-66c3-ba00-000000001d00}
ProcessId: 6760
Image: C:\Program Files\WinlogBeat\winlogbeat.exe
TargetFilename: C:\ProgramData\winlogbeat\.winlogbeat.yml.new
CreationUtcTime: 2024-08-19 23:44:48.401
User: NT AUTHORITY\SYSTEM"
MY-CAL-WIN10.my-caldera.local,11,"File created:
RuleName: DO
UtcTime: 2024-08-20 00:09:05.123
ProcessGuid: {ca24abc9-de8a-66c3-2e02-000000001d00}
ProcessId: 1128
Image: C:\Windows\System32\WindowsPowerShell\v1.0\powershell.exe
TargetFilename: C:\Users\johnny.douche\AppData\Local\Microsoft\Windows\PowerShell\StartupProfileData-NonInteractive
CreationUtcTime: 2024-03-28 01:06:06.420
User: MY-CALDERA\johnny.douche"
MY-CAL-WIN10.my-caldera.local,11,"File created:
RuleName: DO
UtcTime: 2024-08-20 00:09:05.466
ProcessGuid: {ca24abc9-dea0-66c3-3002-000000001d00}
ProcessId: 4204
Image: C:\AtomicRedTeam\ExternalPayloads\rubyinstaller-2.7.1-1-x64.exe
TargetFilename: C:\Users\JOHNNY~1.DOU\AppData\Local\Temp\is-K1TPP.tmp
CreationUtcTime: 2024-08-20 00:09:05.466
User: MY-CALDERA\johnny.douche"
MY-CAL-WIN10.my-caldera.local,11,"File created:
RuleName: DO
UtcTime: 2024-08-20 00:09:05.467
ProcessGuid: {ca24abc9-dea0-66c3-3002-000000001d00}
ProcessId: 4204
Image: C:\AtomicRedTeam\ExternalPayloads\rubyinstaller-2.7.1-1-x64.exe
TargetFilename: C:\Users\JOHNNY~1.DOU\AppData\Local\Temp\is-K1TPP.tmp\rubyinstaller-2.7.1-1-x64.tmp
CreationUtcTime: 2024-08-20 00:09:05.466
User: MY-CALDERA\johnny.douche"
MY-CAL-WIN10.my-caldera.local,11,"File created:
RuleName: Sysmonv1514
UtcTime: 2024-08-20 00:09:05.618
ProcessGuid: {ca24abc9-d6b1-66c3-ba00-000000001d00}
ProcessId: 6760
Image: C:\Program Files\WinlogBeat\winlogbeat.exe
TargetFilename: C:\ProgramData\winlogbeat\.winlogbeat.yml.new
CreationUtcTime: 2024-08-19 23:44:48.401
User: NT AUTHORITY\SYSTEM"
MY-CAL-WIN10.my-caldera.local,11,"File created:
RuleName: EXE
UtcTime: 2024-08-20 00:09:23.017
ProcessGuid: {ca24abc9-deb1-66c3-4e02-000000001d00}
ProcessId: 3996
Image: C:\Windows\System32\WindowsPowerShell\v1.0\powershell.exe
TargetFilename: C:\AtomicRedTeam\ExternalPayloads\wireshark_installer.exe
CreationUtcTime: 2024-08-20 00:09:23.016
User: MY-CALDERA\johnny.douche"
MY-CAL-WIN10.my-caldera.local,11,"File created:
RuleName: Sysmonv1514
UtcTime: 2024-08-20 00:09:26.090
ProcessGuid: {ca24abc9-d6b1-66c3-ba00-000000001d00}
ProcessId: 6760
Image: C:\Program Files\WinlogBeat\winlogbeat.exe
TargetFilename: C:\ProgramData\winlogbeat\.winlogbeat.yml.new
CreationUtcTime: 2024-08-19 23:44:48.401
User: NT AUTHORITY\SYSTEM"
MY-CAL-WIN10.my-caldera.local,11,"File created:
RuleName: Sysmonv1514
UtcTime: 2024-08-20 00:10:11.353
ProcessGuid: {ca24abc9-d6b1-66c3-ba00-000000001d00}
ProcessId: 6760
Image: C:\Program Files\WinlogBeat\winlogbeat.exe
TargetFilename: C:\ProgramData\winlogbeat\.winlogbeat.yml.new
CreationUtcTime: 2024-08-19 23:44:48.401
User: NT AUTHORITY\SYSTEM"
MY-CAL-WIN10.my-caldera.local,11,"File created:
RuleName: Sysmonv1514
UtcTime: 2024-08-20 00:10:36.501
ProcessGuid: {ca24abc9-d6b1-66c3-ba00-000000001d00}
ProcessId: 6760
Image: C:\Program Files\WinlogBeat\winlogbeat.exe
TargetFilename: C:\ProgramData\winlogbeat\.winlogbeat.yml.new
CreationUtcTime: 2024-08-20 00:10:36.450
User: NT AUTHORITY\SYSTEM"
MY-CAL-WIN10.my-caldera.local,11,"File created:
RuleName: Sysmonv1514
UtcTime: 2024-08-20 00:11:01.441
ProcessGuid: {ca24abc9-dea1-66c3-3202-000000001d00}
ProcessId: 7328
Image: C:\Users\JOHNNY~1.DOU\AppData\Local\Temp\is-K1TPP.tmp\rubyinstaller-2.7.1-1-x64.tmp
TargetFilename: C:\Users\johnny.douche\AppData\Roaming\Microsoft\Windows\Start Menu\Programs\Ruby 2.7.1-1-x64\Uninstall Ruby 2.7.1-1-x64.lnk
CreationUtcTime: 2024-08-20 00:11:01.441
User: MY-CALDERA\johnny.douche"
MY-CAL-WIN10.my-caldera.local,11,"File created:
RuleName: Sysmonv1514
UtcTime: 2024-08-20 00:11:01.425
ProcessGuid: {ca24abc9-dea1-66c3-3202-000000001d00}
ProcessId: 7328
Image: C:\Users\JOHNNY~1.DOU\AppData\Local\Temp\is-K1TPP.tmp\rubyinstaller-2.7.1-1-x64.tmp
TargetFilename: C:\Users\johnny.douche\AppData\Roaming\Microsoft\Windows\Start Menu\Programs\Ruby 2.7.1-1-x64\Start Command Prompt with Ruby.lnk
CreationUtcTime: 2024-08-20 00:11:01.425
User: MY-CALDERA\johnny.douche"
MY-CAL-WIN10.my-caldera.local,11,"File created:
RuleName: Sysmonv1514
UtcTime: 2024-08-20 00:11:02.031
ProcessGuid: {ca24abc9-d6b1-66c3-ba00-000000001d00}
ProcessId: 6760
Image: C:\Program Files\WinlogBeat\winlogbeat.exe
TargetFilename: C:\ProgramData\winlogbeat\.winlogbeat.yml.new
CreationUtcTime: 2024-08-20 00:11:02.025
User: NT AUTHORITY\SYSTEM"
MY-CAL-WIN10.my-caldera.local,11,"File created:
RuleName: DO
UtcTime: 2024-08-20 00:11:06.001
ProcessGuid: {ca24abc9-d6b2-66c3-be00-000000001d00}
ProcessId: 7356
Image: C:\Windows\SystemApps\Microsoft.Windows.Search_cw5n1h2txyewy\SearchApp.exe
TargetFilename: C:\Users\johnny.douche\AppData\Local\Packages\Microsoft.Windows.Search_cw5n1h2txyewy\LocalState\DeviceSearchCache\AppCache133685862637171239.txt
CreationUtcTime: 2024-08-20 00:11:06.001
User: MY-CALDERA\johnny.douche"
MY-CAL-WIN10.my-caldera.local,11,"File created:
RuleName: DO
UtcTime: 2024-08-20 00:11:03.577
ProcessGuid: {ca24abc9-d6a9-66c3-a700-000000001d00}
ProcessId: 3492
Image: C:\Windows\Explorer.EXE
TargetFilename: C:\Users\johnny.douche\AppData\Local\Microsoft\Windows\Caches\{3DA71D5A-20CC-432F-A115-DFE92379E91F}.3.ver0x0000000000000023.db
CreationUtcTime: 2024-08-20 00:11:03.577
User: MY-CALDERA\johnny.douche"
MY-CAL-WIN10.my-caldera.local,11,"File created:
RuleName: DO
UtcTime: 2024-08-20 00:11:04.081
ProcessGuid: {ca24abc9-d6b2-66c3-be00-000000001d00}
ProcessId: 7356
Image: C:\Windows\SystemApps\Microsoft.Windows.Search_cw5n1h2txyewy\SearchApp.exe
TargetFilename: C:\Users\johnny.douche\AppData\Local\Packages\Microsoft.Windows.Search_cw5n1h2txyewy\LocalState\AppIconCache\100\Microsoft_AutoGenerated_{D9246C39-22FE-20FC-2CC5-ABEB4DE2D607}
CreationUtcTime: 2024-08-20 00:11:04.081
User: MY-CALDERA\johnny.douche"
MY-CAL-WIN10.my-caldera.local,11,"File created:
RuleName: DO
UtcTime: 2024-08-20 00:11:04.317
ProcessGuid: {ca24abc9-d6b2-66c3-be00-000000001d00}
ProcessId: 7356
Image: C:\Windows\SystemApps\Microsoft.Windows.Search_cw5n1h2txyewy\SearchApp.exe
TargetFilename: C:\Users\johnny.douche\AppData\Local\Packages\Microsoft.Windows.Search_cw5n1h2txyewy\LocalState\AppIconCache\100\C__Ruby27-x64_share_doc_ruby_html_index_html
CreationUtcTime: 2024-08-20 00:11:04.317
User: MY-CALDERA\johnny.douche"
MY-CAL-WIN10.my-caldera.local,11,"File created:
RuleName: DO
UtcTime: 2024-08-20 00:11:04.402
ProcessGuid: {ca24abc9-d6b2-66c3-be00-000000001d00}
ProcessId: 7356
Image: C:\Windows\SystemApps\Microsoft.Windows.Search_cw5n1h2txyewy\SearchApp.exe
TargetFilename: C:\Users\johnny.douche\AppData\Local\Packages\Microsoft.Windows.Search_cw5n1h2txyewy\LocalState\AppIconCache\100\C__Ruby27-x64_unins000_exe
CreationUtcTime: 2024-08-20 00:11:04.402
User: MY-CALDERA\johnny.douche"
MY-CAL-WIN10.my-caldera.local,11,"File created:
RuleName: DO
UtcTime: 2024-08-20 00:11:04.483
ProcessGuid: {ca24abc9-d6b2-66c3-be00-000000001d00}
ProcessId: 7356
Image: C:\Windows\SystemApps\Microsoft.Windows.Search_cw5n1h2txyewy\SearchApp.exe
TargetFilename: C:\Users\johnny.douche\AppData\Local\Packages\Microsoft.Windows.Search_cw5n1h2txyewy\LocalState\AppIconCache\100\Microsoft_AutoGenerated_{502DB658-1945-1228-B65F-ED91E5852004}
CreationUtcTime: 2024-08-20 00:11:04.482
User: MY-CALDERA\johnny.douche"
MY-CAL-WIN10.my-caldera.local,11,"File created:
RuleName: DO
UtcTime: 2024-08-20 00:11:04.527
ProcessGuid: {ca24abc9-d6b2-66c3-be00-000000001d00}
ProcessId: 7356
Image: C:\Windows\SystemApps\Microsoft.Windows.Search_cw5n1h2txyewy\SearchApp.exe
TargetFilename: C:\Users\johnny.douche\AppData\Local\Packages\Microsoft.Windows.Search_cw5n1h2txyewy\LocalState\AppIconCache\100\Microsoft_AutoGenerated_{CCCCC8D7-CDE4-6458-2B99-2172C0D87638}
CreationUtcTime: 2024-08-20 00:11:04.527
User: MY-CALDERA\johnny.douche"
MY-CAL-WIN10.my-caldera.local,11,"File created:
RuleName: DO
UtcTime: 2024-08-20 00:11:06.003
ProcessGuid: {ca24abc9-d6b2-66c3-be00-000000001d00}
ProcessId: 7356
Image: C:\Windows\SystemApps\Microsoft.Windows.Search_cw5n1h2txyewy\SearchApp.exe
TargetFilename: C:\Users\johnny.douche\AppData\Local\Packages\Microsoft.Windows.Search_cw5n1h2txyewy\LocalState\DeviceSearchCache\AppCache133685862637171239.txt.~tmp
CreationUtcTime: 2024-08-20 00:11:06.003
User: MY-CALDERA\johnny.douche"
MY-CAL-WIN10.my-caldera.local,11,"File created:
RuleName: DO
UtcTime: 2024-08-20 00:11:06.035
ProcessGuid: {ca24abc9-d6b2-66c3-be00-000000001d00}
ProcessId: 7356
Image: C:\Windows\SystemApps\Microsoft.Windows.Search_cw5n1h2txyewy\SearchApp.exe
TargetFilename: C:\Users\johnny.douche\AppData\Local\Packages\Microsoft.Windows.Search_cw5n1h2txyewy\LocalState\DeviceSearchCache\AppCache133685862637171239.txt~RF238cd4.TMP
CreationUtcTime: 2024-08-20 00:11:06.035
User: MY-CALDERA\johnny.douche"
MY-CAL-WIN10.my-caldera.local,11,"File created:
RuleName: DO
UtcTime: 2024-08-20 00:11:28.034
ProcessGuid: {ca24abc9-df2f-66c3-5802-000000001d00}
ProcessId: 9088
Image: C:\Windows\System32\WindowsPowerShell\v1.0\powershell.exe
TargetFilename: C:\Users\johnny.douche\AppData\Local\Microsoft\Windows\PowerShell\StartupProfileData-NonInteractive
CreationUtcTime: 2024-03-28 01:06:06.420
User: MY-CALDERA\johnny.douche"
MY-CAL-WIN10.my-caldera.local,11,"File created:
RuleName: Sysmonv1514
UtcTime: 2024-08-20 00:11:28.146
ProcessGuid: {ca24abc9-d6b1-66c3-ba00-000000001d00}
ProcessId: 6760
Image: C:\Program Files\WinlogBeat\winlogbeat.exe
TargetFilename: C:\ProgramData\winlogbeat\.winlogbeat.yml.new
CreationUtcTime: 2024-08-20 00:11:02.025
User: NT AUTHORITY\SYSTEM"
MY-CAL-WIN10.my-caldera.local,11,"File created:
RuleName: EXE
UtcTime: 2024-08-20 00:11:29.611
ProcessGuid: {ca24abc9-df30-66c3-5902-000000001d00}
ProcessId: 3676
Image: C:\Windows\System32\WindowsPowerShell\v1.0\powershell.exe
TargetFilename: C:\AtomicRedTeam\ExternalPayloads\npcap_installer.exe
CreationUtcTime: 2024-08-20 00:11:29.611
User: MY-CALDERA\johnny.douche"
MY-CAL-WIN10.my-caldera.local,11,"File created:
RuleName: Sysmonv1514
UtcTime: 2024-08-20 00:11:29.881
ProcessGuid: {ca24abc9-d648-66c3-9100-000000001d00}
ProcessId: 6396
Image: C:\Program Files\Windows Defender Advanced Threat Protection\SenseIR.exe
TargetFilename: C:\ProgramData\Microsoft\Windows Defender Advanced Threat Protection\Temp\PSScriptOutputs\PSScript_Output_{1F6696B1-8003-4E5A-A239-5BA2EDBD07D4}.txt
CreationUtcTime: 2024-08-20 00:11:29.880
User: NT AUTHORITY\SYSTEM"
MY-CAL-WIN10.my-caldera.local,11,"File created:
RuleName: Sysmonv1514
UtcTime: 2024-08-20 00:11:29.881
ProcessGuid: {ca24abc9-d648-66c3-9100-000000001d00}
ProcessId: 6396
Image: C:\Program Files\Windows Defender Advanced Threat Protection\SenseIR.exe
TargetFilename: C:\ProgramData\Microsoft\Windows Defender Advanced Threat Protection\Temp\PSScriptOutputs\PSScript_Stderr_{1F6696B1-8003-4E5A-A239-5BA2EDBD07D4}.txt
CreationUtcTime: 2024-08-20 00:11:29.881
User: NT AUTHORITY\SYSTEM"
MY-CAL-WIN10.my-caldera.local,11,"File created:
RuleName: DO
UtcTime: 2024-08-20 00:11:27.631
ProcessGuid: {ca24abc9-df2b-66c3-5702-000000001d00}
ProcessId: 9008
Image: C:\Windows\System32\WindowsPowerShell\v1.0\powershell.exe
TargetFilename: C:\Users\johnny.douche\AppData\Local\Microsoft\Windows\PowerShell\StartupProfileData-NonInteractive
CreationUtcTime: 2024-03-28 01:06:06.420
User: MY-CALDERA\johnny.douche"
MY-CAL-WIN10.my-caldera.local,11,"File created:
RuleName: DO
UtcTime: 2024-08-20 00:11:36.349
ProcessGuid: {ca24abc9-df33-66c3-5d02-000000001d00}
ProcessId: 9500
Image: C:\AtomicRedTeam\ExternalPayloads\npcap_installer.exe
TargetFilename: C:\Users\JOHNNY~1.DOU\AppData\Local\Temp\nshF91D.tmp\modern-header.bmp
CreationUtcTime: 2024-08-20 00:11:36.348
User: MY-CALDERA\johnny.douche"
MY-CAL-WIN10.my-caldera.local,11,"File created:
RuleName: EXE
UtcTime: 2024-08-20 00:11:50.182
ProcessGuid: {ca24abc9-df33-66c3-5d02-000000001d00}
ProcessId: 9500
Image: C:\AtomicRedTeam\ExternalPayloads\npcap_installer.exe
TargetFilename: C:\Windows\System32\WlanHelper.exe
CreationUtcTime: 2024-08-20 00:11:50.182
User: MY-CALDERA\johnny.douche"
MY-CAL-WIN10.my-caldera.local,11,"File created:
RuleName: DLL
UtcTime: 2024-08-20 00:11:50.188
ProcessGuid: {ca24abc9-df33-66c3-5d02-000000001d00}
ProcessId: 9500
Image: C:\AtomicRedTeam\ExternalPayloads\npcap_installer.exe
TargetFilename: C:\Windows\System32\Npcap\wpcap.dll
CreationUtcTime: 2024-08-20 00:11:50.188
User: MY-CALDERA\johnny.douche"
MY-CAL-WIN10.my-caldera.local,11,"File created:
RuleName: DLL
UtcTime: 2024-08-20 00:11:50.201
ProcessGuid: {ca24abc9-df33-66c3-5d02-000000001d00}
ProcessId: 9500
Image: C:\AtomicRedTeam\ExternalPayloads\npcap_installer.exe
TargetFilename: C:\Windows\System32\Npcap\Packet.dll
CreationUtcTime: 2024-08-20 00:11:50.201
User: MY-CALDERA\johnny.douche"
MY-CAL-WIN10.my-caldera.local,11,"File created:
RuleName: EXE
UtcTime: 2024-08-20 00:11:50.210
ProcessGuid: {ca24abc9-df33-66c3-5d02-000000001d00}
ProcessId: 9500
Image: C:\AtomicRedTeam\ExternalPayloads\npcap_installer.exe
TargetFilename: C:\Windows\System32\Npcap\NpcapHelper.exe
CreationUtcTime: 2024-08-20 00:11:50.209
User: MY-CALDERA\johnny.douche"
MY-CAL-WIN10.my-caldera.local,11,"File created:
RuleName: EXE
UtcTime: 2024-08-20 00:11:50.215
ProcessGuid: {ca24abc9-df33-66c3-5d02-000000001d00}
ProcessId: 9500
Image: C:\AtomicRedTeam\ExternalPayloads\npcap_installer.exe
TargetFilename: C:\Windows\System32\Npcap\WlanHelper.exe
CreationUtcTime: 2024-08-20 00:11:50.215
User: MY-CALDERA\johnny.douche"
MY-CAL-WIN10.my-caldera.local,11,"File created:
RuleName: Sysmonv1514
UtcTime: 2024-08-20 00:11:49.812
ProcessGuid: {ca24abc9-df33-66c3-5d02-000000001d00}
ProcessId: 9500
Image: C:\AtomicRedTeam\ExternalPayloads\npcap_installer.exe
TargetFilename: C:\Program Files\Npcap\DiagReport.bat
CreationUtcTime: 2024-08-20 00:11:49.812
User: MY-CALDERA\johnny.douche"
MY-CAL-WIN10.my-caldera.local,11,"File created:
RuleName: Sysmonv1514
UtcTime: 2024-08-20 00:11:49.817
ProcessGuid: {ca24abc9-df33-66c3-5d02-000000001d00}
ProcessId: 9500
Image: C:\AtomicRedTeam\ExternalPayloads\npcap_installer.exe
TargetFilename: C:\Program Files\Npcap\DiagReport.ps1
CreationUtcTime: 2024-08-20 00:11:49.815
User: MY-CALDERA\johnny.douche"
MY-CAL-WIN10.my-caldera.local,11,"File created:
RuleName: Sysmonv1514
UtcTime: 2024-08-20 00:11:49.820
ProcessGuid: {ca24abc9-df33-66c3-5d02-000000001d00}
ProcessId: 9500
Image: C:\AtomicRedTeam\ExternalPayloads\npcap_installer.exe
TargetFilename: C:\Program Files\Npcap\FixInstall.bat
CreationUtcTime: 2024-08-20 00:11:49.820
User: MY-CALDERA\johnny.douche"
MY-CAL-WIN10.my-caldera.local,11,"File created:
RuleName: EXE
UtcTime: 2024-08-20 00:11:49.935
ProcessGuid: {ca24abc9-df33-66c3-5d02-000000001d00}
ProcessId: 9500
Image: C:\AtomicRedTeam\ExternalPayloads\npcap_installer.exe
TargetFilename: C:\Program Files\Npcap\Uninstall.exe
CreationUtcTime: 2024-08-20 00:11:49.935
User: MY-CALDERA\johnny.douche"
MY-CAL-WIN10.my-caldera.local,11,"File created:
RuleName: EXE
UtcTime: 2024-08-20 00:11:49.983
ProcessGuid: {ca24abc9-df33-66c3-5d02-000000001d00}
ProcessId: 9500
Image: C:\AtomicRedTeam\ExternalPayloads\npcap_installer.exe
TargetFilename: C:\Program Files\Npcap\NPFInstall.exe
CreationUtcTime: 2024-08-20 00:11:49.983
User: MY-CALDERA\johnny.douche"
MY-CAL-WIN10.my-caldera.local,11,"File created:
RuleName: Sysmonv1514
UtcTime: 2024-08-20 00:11:50.006
ProcessGuid: {ca24abc9-df33-66c3-5d02-000000001d00}
ProcessId: 9500
Image: C:\AtomicRedTeam\ExternalPayloads\npcap_installer.exe
TargetFilename: C:\Program Files\Npcap\npcap.sys
CreationUtcTime: 2024-08-20 00:11:50.006
User: MY-CALDERA\johnny.douche"
MY-CAL-WIN10.my-caldera.local,11,"File created:
RuleName: DLL
UtcTime: 2024-08-20 00:11:50.056
ProcessGuid: {ca24abc9-df33-66c3-5d02-000000001d00}
ProcessId: 9500
Image: C:\AtomicRedTeam\ExternalPayloads\npcap_installer.exe
TargetFilename: C:\Windows\SysWOW64\wpcap.dll
CreationUtcTime: 2024-08-20 00:11:50.056
User: MY-CALDERA\johnny.douche"
MY-CAL-WIN10.my-caldera.local,11,"File created:
RuleName: DLL
UtcTime: 2024-08-20 00:11:50.069
ProcessGuid: {ca24abc9-df33-66c3-5d02-000000001d00}
ProcessId: 9500
Image: C:\AtomicRedTeam\ExternalPayloads\npcap_installer.exe
TargetFilename: C:\Windows\SysWOW64\Packet.dll
CreationUtcTime: 2024-08-20 00:11:50.069
User: MY-CALDERA\johnny.douche"
MY-CAL-WIN10.my-caldera.local,11,"File created:
RuleName: EXE
UtcTime: 2024-08-20 00:11:50.077
ProcessGuid: {ca24abc9-df33-66c3-5d02-000000001d00}
ProcessId: 9500
Image: C:\AtomicRedTeam\ExternalPayloads\npcap_installer.exe
TargetFilename: C:\Windows\SysWOW64\NpcapHelper.exe
CreationUtcTime: 2024-08-20 00:11:50.077
User: MY-CALDERA\johnny.douche"
MY-CAL-WIN10.my-caldera.local,11,"File created:
RuleName: EXE
UtcTime: 2024-08-20 00:11:50.084
ProcessGuid: {ca24abc9-df33-66c3-5d02-000000001d00}
ProcessId: 9500
Image: C:\AtomicRedTeam\ExternalPayloads\npcap_installer.exe
TargetFilename: C:\Windows\SysWOW64\WlanHelper.exe
CreationUtcTime: 2024-08-20 00:11:50.084
User: MY-CALDERA\johnny.douche"
MY-CAL-WIN10.my-caldera.local,11,"File created:
RuleName: DLL
UtcTime: 2024-08-20 00:11:50.120
ProcessGuid: {ca24abc9-df33-66c3-5d02-000000001d00}
ProcessId: 9500
Image: C:\AtomicRedTeam\ExternalPayloads\npcap_installer.exe
TargetFilename: C:\Windows\SysWOW64\Npcap\wpcap.dll
CreationUtcTime: 2024-08-20 00:11:50.120
User: MY-CALDERA\johnny.douche"
MY-CAL-WIN10.my-caldera.local,11,"File created:
RuleName: DLL
UtcTime: 2024-08-20 00:11:50.132
ProcessGuid: {ca24abc9-df33-66c3-5d02-000000001d00}
ProcessId: 9500
Image: C:\AtomicRedTeam\ExternalPayloads\npcap_installer.exe
TargetFilename: C:\Windows\SysWOW64\Npcap\Packet.dll
CreationUtcTime: 2024-08-20 00:11:50.132
User: MY-CALDERA\johnny.douche"
MY-CAL-WIN10.my-caldera.local,11,"File created:
RuleName: EXE
UtcTime: 2024-08-20 00:11:50.140
ProcessGuid: {ca24abc9-df33-66c3-5d02-000000001d00}
ProcessId: 9500
Image: C:\AtomicRedTeam\ExternalPayloads\npcap_installer.exe
TargetFilename: C:\Windows\SysWOW64\Npcap\NpcapHelper.exe
CreationUtcTime: 2024-08-20 00:11:50.139
User: MY-CALDERA\johnny.douche"
MY-CAL-WIN10.my-caldera.local,11,"File created:
RuleName: EXE
UtcTime: 2024-08-20 00:11:50.147
ProcessGuid: {ca24abc9-df33-66c3-5d02-000000001d00}
ProcessId: 9500
Image: C:\AtomicRedTeam\ExternalPayloads\npcap_installer.exe
TargetFilename: C:\Windows\SysWOW64\Npcap\WlanHelper.exe
CreationUtcTime: 2024-08-20 00:11:50.146
User: MY-CALDERA\johnny.douche"
MY-CAL-WIN10.my-caldera.local,11,"File created:
RuleName: DLL
UtcTime: 2024-08-20 00:11:50.155
ProcessGuid: {ca24abc9-df33-66c3-5d02-000000001d00}
ProcessId: 9500
Image: C:\AtomicRedTeam\ExternalPayloads\npcap_installer.exe
TargetFilename: C:\Windows\System32\wpcap.dll
CreationUtcTime: 2024-08-20 00:11:50.155
User: MY-CALDERA\johnny.douche"
MY-CAL-WIN10.my-caldera.local,11,"File created:
RuleName: DLL
UtcTime: 2024-08-20 00:11:50.169
ProcessGuid: {ca24abc9-df33-66c3-5d02-000000001d00}
ProcessId: 9500
Image: C:\AtomicRedTeam\ExternalPayloads\npcap_installer.exe
TargetFilename: C:\Windows\System32\Packet.dll
CreationUtcTime: 2024-08-20 00:11:50.169
User: MY-CALDERA\johnny.douche"
MY-CAL-WIN10.my-caldera.local,11,"File created:
RuleName: EXE
UtcTime: 2024-08-20 00:11:50.176
ProcessGuid: {ca24abc9-df33-66c3-5d02-000000001d00}
ProcessId: 9500
Image: C:\AtomicRedTeam\ExternalPayloads\npcap_installer.exe
TargetFilename: C:\Windows\System32\NpcapHelper.exe
CreationUtcTime: 2024-08-20 00:11:50.175
User: MY-CALDERA\johnny.douche"
MY-CAL-WIN10.my-caldera.local,11,"File created:
RuleName: DLL
UtcTime: 2024-08-20 00:11:57.446
ProcessGuid: {ca24abc9-df33-66c3-5d02-000000001d00}
ProcessId: 9500
Image: C:\AtomicRedTeam\ExternalPayloads\npcap_installer.exe
TargetFilename: C:\Users\JOHNNY~1.DOU\AppData\Local\Temp\nshF91D.tmp\SimpleSC.dll
CreationUtcTime: 2024-08-20 00:11:57.446
User: MY-CALDERA\johnny.douche"
MY-CAL-WIN10.my-caldera.local,11,"File created:
RuleName: T1053
UtcTime: 2024-08-20 00:11:57.461
ProcessGuid: {ca24abc9-d62b-66c3-1a00-000000001d00}
ProcessId: 1376
Image: C:\Windows\system32\svchost.exe
TargetFilename: C:\Windows\System32\Tasks\Microsoft\Windows\EnterpriseMgmtNonCritical\B8CDB685-E763-459A-B39B-CB68B1541710\Queued Schedule created for queued alerts
CreationUtcTime: 2024-08-20 00:11:57.461
User: NT AUTHORITY\SYSTEM"
MY-CAL-WIN10.my-caldera.local,11,"File created:
RuleName: Sysmonv1514
UtcTime: 2024-08-20 00:12:26.220
ProcessGuid: {ca24abc9-d6b1-66c3-ba00-000000001d00}
ProcessId: 6760
Image: C:\Program Files\WinlogBeat\winlogbeat.exe
TargetFilename: C:\ProgramData\winlogbeat\.winlogbeat.yml.new
CreationUtcTime: 2024-08-20 00:11:02.025
User: NT AUTHORITY\SYSTEM"
MY-CAL-WIN10.my-caldera.local,11,"File created:
RuleName: Sysmonv1514
UtcTime: 2024-08-20 00:12:31.232
ProcessGuid: {ca24abc9-d6b1-66c3-ba00-000000001d00}
ProcessId: 6760
Image: C:\Program Files\WinlogBeat\winlogbeat.exe
TargetFilename: C:\ProgramData\winlogbeat\.winlogbeat.yml.new
CreationUtcTime: 2024-08-20 00:11:02.025
User: NT AUTHORITY\SYSTEM"
MY-CAL-WIN10.my-caldera.local,11,"File created:
RuleName: Sysmonv1514
UtcTime: 2024-08-20 00:12:51.162
ProcessGuid: {ca24abc9-df7e-66c3-8702-000000001d00}
ProcessId: 9672
Image: C:\Users\JOHNNY~1.DOU\AppData\Local\Temp\nskF158.tmp\vcredist_x86.exe
TargetFilename: C:\ProgramData\Package Cache\{ce085a78-074e-4823-8dc1-8a721b94b76d}
CreationUtcTime: 2024-08-20 00:12:51.162
User: MY-CALDERA\johnny.douche"
MY-CAL-WIN10.my-caldera.local,11,"File created:
RuleName: Sysmonv1514
UtcTime: 2024-08-20 00:12:51.164
ProcessGuid: {ca24abc9-df7e-66c3-8702-000000001d00}
ProcessId: 9672
Image: C:\Users\JOHNNY~1.DOU\AppData\Local\Temp\nskF158.tmp\vcredist_x86.exe
TargetFilename: C:\ProgramData\Package Cache\{ce085a78-074e-4823-8dc1-8a721b94b76d}\vcredist_x86.exe
CreationUtcTime: 2024-08-20 00:12:51.164
User: MY-CALDERA\johnny.douche"
MY-CAL-WIN10.my-caldera.local,11,"File created:
RuleName: Sysmonv1514
UtcTime: 2024-08-20 00:12:51.191
ProcessGuid: {ca24abc9-df7e-66c3-8702-000000001d00}
ProcessId: 9672
Image: C:\Users\JOHNNY~1.DOU\AppData\Local\Temp\nskF158.tmp\vcredist_x86.exe
TargetFilename: C:\ProgramData\Package Cache\{ce085a78-074e-4823-8dc1-8a721b94b76d}\state.rsm
CreationUtcTime: 2024-08-20 00:12:51.191
User: MY-CALDERA\johnny.douche"
MY-CAL-WIN10.my-caldera.local,11,"File created:
RuleName: DO
UtcTime: 2024-08-20 00:12:51.196
ProcessGuid: {ca24abc9-df80-66c3-8802-000000001d00}
ProcessId: 280
Image: C:\Users\JOHNNY~1.DOU\AppData\Local\Temp\nskF158.tmp\vcredist_x86.exe
TargetFilename: C:\Users\JOHNNY~1.DOU\AppData\Local\Temp\{ce085a78-074e-4823-8dc1-8a721b94b76d}\vcRuntimeMinimum_x86
CreationUtcTime: 2024-08-20 00:12:51.193
User: MY-CALDERA\johnny.douche"
MY-CAL-WIN10.my-caldera.local,11,"File created:
RuleName: DO
UtcTime: 2024-08-20 00:12:51.201
ProcessGuid: {ca24abc9-df80-66c3-8802-000000001d00}
ProcessId: 280
Image: C:\Users\JOHNNY~1.DOU\AppData\Local\Temp\nskF158.tmp\vcredist_x86.exe
TargetFilename: C:\Users\JOHNNY~1.DOU\AppData\Local\Temp\{ce085a78-074e-4823-8dc1-8a721b94b76d}\vcRuntimeAdditional_x86
CreationUtcTime: 2024-08-20 00:12:51.201
User: MY-CALDERA\johnny.douche"
MY-CAL-WIN10.my-caldera.local,11,"File created:
RuleName: DO
UtcTime: 2024-08-20 00:12:51.207
ProcessGuid: {ca24abc9-df80-66c3-8802-000000001d00}
ProcessId: 280
Image: C:\Users\JOHNNY~1.DOU\AppData\Local\Temp\nskF158.tmp\vcredist_x86.exe
TargetFilename: C:\Users\JOHNNY~1.DOU\AppData\Local\Temp\{ce085a78-074e-4823-8dc1-8a721b94b76d}\cab54A5CABBE7274D8A22EB58060AAB7623
CreationUtcTime: 2024-08-20 00:12:51.206
User: MY-CALDERA\johnny.douche"
MY-CAL-WIN10.my-caldera.local,11,"File created:
RuleName: DO
UtcTime: 2024-08-20 00:12:51.216
ProcessGuid: {ca24abc9-df80-66c3-8802-000000001d00}
ProcessId: 280
Image: C:\Users\JOHNNY~1.DOU\AppData\Local\Temp\nskF158.tmp\vcredist_x86.exe
TargetFilename: C:\Users\JOHNNY~1.DOU\AppData\Local\Temp\{ce085a78-074e-4823-8dc1-8a721b94b76d}\cabB3E1576D1FEFBB979E13B1A5379E0B16
CreationUtcTime: 2024-08-20 00:12:51.215
User: MY-CALDERA\johnny.douche"
MY-CAL-WIN10.my-caldera.local,11,"File created:
RuleName: Sysmonv1514
UtcTime: 2024-08-20 00:12:51.236
ProcessGuid: {ca24abc9-df7e-66c3-8702-000000001d00}
ProcessId: 9672
Image: C:\Users\JOHNNY~1.DOU\AppData\Local\Temp\nskF158.tmp\vcredist_x86.exe
TargetFilename: C:\ProgramData\Package Cache\{13A4EE12-23EA-3371-91EE-EFB36DDFFF3E}v12.0.21005
CreationUtcTime: 2024-08-20 00:12:51.236
User: MY-CALDERA\johnny.douche"
MY-CAL-WIN10.my-caldera.local,11,"File created:
RuleName: Sysmonv1514
UtcTime: 2024-08-20 00:12:51.238
ProcessGuid: {ca24abc9-df7e-66c3-8702-000000001d00}
ProcessId: 9672
Image: C:\Users\JOHNNY~1.DOU\AppData\Local\Temp\nskF158.tmp\vcredist_x86.exe
TargetFilename: C:\ProgramData\Package Cache\.unverified
CreationUtcTime: 2024-08-20 00:12:51.238
User: MY-CALDERA\johnny.douche"
MY-CAL-WIN10.my-caldera.local,11,"File created:
RuleName: Sysmonv1514
UtcTime: 2024-08-20 00:12:51.391
ProcessGuid: {ca24abc9-df7e-66c3-8702-000000001d00}
ProcessId: 9672
Image: C:\Users\JOHNNY~1.DOU\AppData\Local\Temp\nskF158.tmp\vcredist_x86.exe
TargetFilename: C:\ProgramData\Package Cache\{13A4EE12-23EA-3371-91EE-EFB36DDFFF3E}v12.0.21005\packages
CreationUtcTime: 2024-08-20 00:12:51.391
User: MY-CALDERA\johnny.douche"
MY-CAL-WIN10.my-caldera.local,11,"File created:
RuleName: Sysmonv1514
UtcTime: 2024-08-20 00:12:51.393
ProcessGuid: {ca24abc9-df7e-66c3-8702-000000001d00}
ProcessId: 9672
Image: C:\Users\JOHNNY~1.DOU\AppData\Local\Temp\nskF158.tmp\vcredist_x86.exe
TargetFilename: C:\ProgramData\Package Cache\{13A4EE12-23EA-3371-91EE-EFB36DDFFF3E}v12.0.21005\packages\vcRuntimeMinimum_x86
CreationUtcTime: 2024-08-20 00:12:51.392
User: MY-CALDERA\johnny.douche"
MY-CAL-WIN10.my-caldera.local,11,"File created:
RuleName: Sysmonv1514
UtcTime: 2024-08-20 00:12:51.416
ProcessGuid: {ca24abc9-df7e-66c3-8702-000000001d00}
ProcessId: 9672
Image: C:\Users\JOHNNY~1.DOU\AppData\Local\Temp\nskF158.tmp\vcredist_x86.exe
TargetFilename: C:\ProgramData\Package Cache\{F8CFEB22-A2E7-3971-9EDA-4B11EDEFC185}v12.0.21005
CreationUtcTime: 2024-08-20 00:12:51.416
User: MY-CALDERA\johnny.douche"
MY-CAL-WIN10.my-caldera.local,11,"File created:
RuleName: Sysmonv1514
UtcTime: 2024-08-20 00:12:51.433
ProcessGuid: {ca24abc9-df7e-66c3-8702-000000001d00}
ProcessId: 9672
Image: C:\Users\JOHNNY~1.DOU\AppData\Local\Temp\nskF158.tmp\vcredist_x86.exe
TargetFilename: C:\ProgramData\Package Cache\{F8CFEB22-A2E7-3971-9EDA-4B11EDEFC185}v12.0.21005\packages
CreationUtcTime: 2024-08-20 00:12:51.433
User: MY-CALDERA\johnny.douche"
MY-CAL-WIN10.my-caldera.local,11,"File created:
RuleName: Sysmonv1514
UtcTime: 2024-08-20 00:12:51.433
ProcessGuid: {ca24abc9-df7e-66c3-8702-000000001d00}
ProcessId: 9672
Image: C:\Users\JOHNNY~1.DOU\AppData\Local\Temp\nskF158.tmp\vcredist_x86.exe
TargetFilename: C:\ProgramData\Package Cache\{F8CFEB22-A2E7-3971-9EDA-4B11EDEFC185}v12.0.21005\packages\vcRuntimeAdditional_x86
CreationUtcTime: 2024-08-20 00:12:51.433
User: MY-CALDERA\johnny.douche"
MY-CAL-WIN10.my-caldera.local,11,"File created:
RuleName: DO
UtcTime: 2024-08-20 00:12:51.496
ProcessGuid: {ca24abc9-df7e-66c3-8702-000000001d00}
ProcessId: 9672
Image: C:\Users\JOHNNY~1.DOU\AppData\Local\Temp\nskF158.tmp\vcredist_x86.exe
TargetFilename: C:\Users\JOHNNY~1.DOU\AppData\Local\Temp\dd_vcredist_x86_20240819171248_0_vcRuntimeMinimum_x86.log
CreationUtcTime: 2024-08-20 00:12:51.495
User: MY-CALDERA\johnny.douche"
MY-CAL-WIN10.my-caldera.local,11,"File created:
RuleName: Sysmonv1514
UtcTime: 2024-08-20 00:12:51.945
ProcessGuid: {ca24abc9-d6b1-66c3-ba00-000000001d00}
ProcessId: 6760
Image: C:\Program Files\WinlogBeat\winlogbeat.exe
TargetFilename: C:\ProgramData\winlogbeat\.winlogbeat.yml.new
CreationUtcTime: 2024-08-20 00:11:02.025
User: NT AUTHORITY\SYSTEM"
MY-CAL-WIN10.my-caldera.local,11,"File created:
RuleName: Sysmonv1514
UtcTime: 2024-08-20 00:12:58.883
ProcessGuid: {ca24abc9-df7e-66c3-8702-000000001d00}
ProcessId: 9672
Image: C:\Users\JOHNNY~1.DOU\AppData\Local\Temp\nskF158.tmp\vcredist_x86.exe
TargetFilename: C:\ProgramData\Package Cache\{ce085a78-074e-4823-8dc1-8a721b94b76d}\state.rsm
CreationUtcTime: 2024-08-20 00:12:51.191
User: MY-CALDERA\johnny.douche"
MY-CAL-WIN10.my-caldera.local,11,"File created:
RuleName: Sysmonv1514
UtcTime: 2024-08-20 00:13:12.592
ProcessGuid: {ca24abc9-d6b1-66c3-ba00-000000001d00}
ProcessId: 6760
Image: C:\Program Files\WinlogBeat\winlogbeat.exe
TargetFilename: C:\ProgramData\winlogbeat\.winlogbeat.yml.new
CreationUtcTime: 2024-08-20 00:11:02.025
User: NT AUTHORITY\SYSTEM"
MY-CAL-WIN10.my-caldera.local,11,"File created:
RuleName: Sysmonv1514
UtcTime: 2024-08-20 00:13:21.460
ProcessGuid: {ca24abc9-df74-66c3-7c02-000000001d00}
ProcessId: 2020
Image: C:\AtomicRedTeam\ExternalPayloads\nmap-7.80-setup.exe
TargetFilename: C:\Program Files (x86)\Nmap\share\zenmap\docs\help.html
CreationUtcTime: 2024-08-20 00:13:21.460
User: MY-CALDERA\johnny.douche"
MY-CAL-WIN10.my-caldera.local,11,"File created:
RuleName: DLL
UtcTime: 2024-08-20 00:30:18.084
ProcessGuid: {ca24abc9-e392-66c3-0305-000000001d00}
ProcessId: 6372
Image: C:\Windows\system32\WindowsPowerShell\v1.0\powershell.exe
TargetFilename: C:\Windows\Temp\rsdqyhv0\rsdqyhv0.dll
CreationUtcTime: 2024-08-20 00:30:18.084
User: NT AUTHORITY\SYSTEM"
MY-CAL-WIN10.my-caldera.local,11,"File created:
RuleName: Sysmonv1514
UtcTime: 2024-08-20 00:30:18.085
ProcessGuid: {ca24abc9-e392-66c3-0305-000000001d00}
ProcessId: 6372
Image: C:\Windows\system32\WindowsPowerShell\v1.0\powershell.exe
TargetFilename: C:\Windows\Temp\rsdqyhv0\rsdqyhv0.cmdline
CreationUtcTime: 2024-08-20 00:30:18.085
User: NT AUTHORITY\SYSTEM"
MY-CAL-WIN10.my-caldera.local,11,"File created:
RuleName: DO
UtcTime: 2024-08-20 00:30:25.271
ProcessGuid: {ca24abc9-e3a0-66c3-2105-000000001d00}
ProcessId: 4516
Image: C:\Windows\System32\WindowsPowerShell\v1.0\powershell.exe
TargetFilename: C:\Users\johnny.douche\AppData\Local\Microsoft\Windows\PowerShell\StartupProfileData-NonInteractive
CreationUtcTime: 2024-03-28 01:06:06.420
User: MY-CALDERA\johnny.douche"
MY-CAL-WIN10.my-caldera.local,11,"File created:
RuleName: DO
UtcTime: 2024-08-20 00:30:25.703
ProcessGuid: {ca24abc9-e3a1-66c3-2205-000000001d00}
ProcessId: 1988
Image: C:\Windows\System32\WindowsPowerShell\v1.0\powershell.exe
TargetFilename: C:\Users\johnny.douche\AppData\Local\Microsoft\Windows\PowerShell\StartupProfileData-NonInteractive
CreationUtcTime: 2024-03-28 01:06:06.420
User: MY-CALDERA\johnny.douche"
MY-CAL-WIN10.my-caldera.local,11,"File created:
RuleName: DO
UtcTime: 2024-08-20 00:30:34.972
ProcessGuid: {ca24abc9-e3aa-66c3-4905-000000001d00}
ProcessId: 5004
Image: C:\Windows\System32\WindowsPowerShell\v1.0\powershell.exe
TargetFilename: C:\Users\johnny.douche\AppData\Local\Temp\s3iz4tzt
CreationUtcTime: 2024-08-20 00:30:34.972
User: MY-CALDERA\johnny.douche"
MY-CAL-WIN10.my-caldera.local,11,"File created:
RuleName: DO
UtcTime: 2024-08-20 00:30:34.972
ProcessGuid: {ca24abc9-e3aa-66c3-4905-000000001d00}
ProcessId: 5004
Image: C:\Windows\System32\WindowsPowerShell\v1.0\powershell.exe
TargetFilename: C:\Users\johnny.douche\AppData\Local\Temp\s3iz4tzt\s3iz4tzt.tmp
CreationUtcTime: 2024-08-20 00:30:34.972
User: MY-CALDERA\johnny.douche"
MY-CAL-WIN10.my-caldera.local,11,"File created:
RuleName: DO
UtcTime: 2024-08-20 00:30:34.973
ProcessGuid: {ca24abc9-e3aa-66c3-4905-000000001d00}
ProcessId: 5004
Image: C:\Windows\System32\WindowsPowerShell\v1.0\powershell.exe
TargetFilename: C:\Users\johnny.douche\AppData\Local\Temp\s3iz4tzt\s3iz4tzt.0.cs
CreationUtcTime: 2024-08-20 00:30:34.973
User: MY-CALDERA\johnny.douche"
MY-CAL-WIN10.my-caldera.local,11,"File created:
RuleName: DLL
UtcTime: 2024-08-20 00:30:34.974
ProcessGuid: {ca24abc9-e3aa-66c3-4905-000000001d00}
ProcessId: 5004
Image: C:\Windows\System32\WindowsPowerShell\v1.0\powershell.exe
TargetFilename: C:\Users\johnny.douche\AppData\Local\Temp\s3iz4tzt\s3iz4tzt.dll
CreationUtcTime: 2024-08-20 00:30:34.974
User: MY-CALDERA\johnny.douche"
MY-CAL-WIN10.my-caldera.local,11,"File created:
RuleName: Sysmonv1514
UtcTime: 2024-08-20 00:30:34.975
ProcessGuid: {ca24abc9-e3aa-66c3-4905-000000001d00}
ProcessId: 5004
Image: C:\Windows\System32\WindowsPowerShell\v1.0\powershell.exe
TargetFilename: C:\Users\johnny.douche\AppData\Local\Temp\s3iz4tzt\s3iz4tzt.cmdline
CreationUtcTime: 2024-08-20 00:30:34.975
User: MY-CALDERA\johnny.douche"
MY-CAL-WIN10.my-caldera.local,11,"File created:
RuleName: DO
UtcTime: 2024-08-20 00:30:35.025
ProcessGuid: {ca24abc9-e3aa-66c3-4905-000000001d00}
ProcessId: 5004
Image: C:\Windows\System32\WindowsPowerShell\v1.0\powershell.exe
TargetFilename: C:\Users\johnny.douche\AppData\Local\Temp\s3iz4tzt\s3iz4tzt.out
CreationUtcTime: 2024-08-20 00:30:34.977
User: MY-CALDERA\johnny.douche"
MY-CAL-WIN10.my-caldera.local,11,"File created:
RuleName: DO
UtcTime: 2024-08-20 00:30:35.026
ProcessGuid: {ca24abc9-e3aa-66c3-4905-000000001d00}
ProcessId: 5004
Image: C:\Windows\System32\WindowsPowerShell\v1.0\powershell.exe
TargetFilename: C:\Users\johnny.douche\AppData\Local\Temp\s3iz4tzt\s3iz4tzt.err
CreationUtcTime: 2024-08-20 00:30:35.026
User: MY-CALDERA\johnny.douche"
MY-CAL-WIN10.my-caldera.local,11,"File created:
RuleName: DO
UtcTime: 2024-08-20 00:30:39.620
ProcessGuid: {ca24abc9-e3ae-66c3-5105-000000001d00}
ProcessId: 8928
Image: C:\Windows\System32\WindowsPowerShell\v1.0\powershell.exe
TargetFilename: C:\Users\johnny.douche\AppData\Local\Temp\j0xqdjxm\j0xqdjxm.0.cs
CreationUtcTime: 2024-08-20 00:30:39.620
User: MY-CALDERA\johnny.douche"
MY-CAL-WIN10.my-caldera.local,11,"File created:
RuleName: DO
UtcTime: 2024-08-20 00:30:39.619
ProcessGuid: {ca24abc9-e3ae-66c3-5105-000000001d00}
ProcessId: 8928
Image: C:\Windows\System32\WindowsPowerShell\v1.0\powershell.exe
TargetFilename: C:\Users\johnny.douche\AppData\Local\Temp\j0xqdjxm\j0xqdjxm.tmp
CreationUtcTime: 2024-08-20 00:30:39.619
User: MY-CALDERA\johnny.douche"
MY-CAL-WIN10.my-caldera.local,11,"File created:
RuleName: DO
UtcTime: 2024-08-20 00:30:39.628
ProcessGuid: {ca24abc9-e3ae-66c3-5105-000000001d00}
ProcessId: 8928
Image: C:\Windows\System32\WindowsPowerShell\v1.0\powershell.exe
TargetFilename: C:\Users\johnny.douche\AppData\Local\Temp\j0xqdjxm\j0xqdjxm.err
CreationUtcTime: 2024-08-20 00:30:39.627
User: MY-CALDERA\johnny.douche"
MY-CAL-WIN10.my-caldera.local,11,"File created:
RuleName: DO
UtcTime: 2024-08-20 00:30:39.619
ProcessGuid: {ca24abc9-e3ae-66c3-5105-000000001d00}
ProcessId: 8928
Image: C:\Windows\System32\WindowsPowerShell\v1.0\powershell.exe
TargetFilename: C:\Users\johnny.douche\AppData\Local\Temp\j0xqdjxm
CreationUtcTime: 2024-08-20 00:30:39.618
User: MY-CALDERA\johnny.douche"
MY-CAL-WIN10.my-caldera.local,11,"File created:
RuleName: Sysmonv1514
UtcTime: 2024-08-20 00:30:39.622
ProcessGuid: {ca24abc9-e3ae-66c3-5105-000000001d00}
ProcessId: 8928
Image: C:\Windows\System32\WindowsPowerShell\v1.0\powershell.exe
TargetFilename: C:\Users\johnny.douche\AppData\Local\Temp\j0xqdjxm\j0xqdjxm.cmdline
CreationUtcTime: 2024-08-20 00:30:39.622
User: MY-CALDERA\johnny.douche"
MY-CAL-WIN10.my-caldera.local,11,"File created:
RuleName: DO
UtcTime: 2024-08-20 00:30:39.627
ProcessGuid: {ca24abc9-e3ae-66c3-5105-000000001d00}
ProcessId: 8928
Image: C:\Windows\System32\WindowsPowerShell\v1.0\powershell.exe
TargetFilename: C:\Users\johnny.douche\AppData\Local\Temp\j0xqdjxm\j0xqdjxm.out
CreationUtcTime: 2024-08-20 00:30:39.625
User: MY-CALDERA\johnny.douche"
MY-CAL-WIN10.my-caldera.local,11,"File created:
RuleName: DLL
UtcTime: 2024-08-20 00:30:39.622
ProcessGuid: {ca24abc9-e3ae-66c3-5105-000000001d00}
ProcessId: 8928
Image: C:\Windows\System32\WindowsPowerShell\v1.0\powershell.exe
TargetFilename: C:\Users\johnny.douche\AppData\Local\Temp\j0xqdjxm\j0xqdjxm.dll
CreationUtcTime: 2024-08-20 00:30:39.621
User: MY-CALDERA\johnny.douche"
MY-CAL-WIN10.my-caldera.local,11,"File created:
RuleName: DO
UtcTime: 2024-08-20 00:30:38.713
ProcessGuid: {ca24abc9-e3ae-66c3-5005-000000001d00}
ProcessId: 4080
Image: C:\Windows\System32\WindowsPowerShell\v1.0\powershell.exe
TargetFilename: C:\Users\johnny.douche\AppData\Local\Microsoft\Windows\PowerShell\StartupProfileData-NonInteractive
CreationUtcTime: 2024-03-28 01:06:06.420
User: MY-CALDERA\johnny.douche"
MY-CAL-WIN10.my-caldera.local,11,"File created:
RuleName: Sysmonv1514
UtcTime: 2024-08-20 00:31:02.859
ProcessGuid: {ca24abc9-d6b1-66c3-ba00-000000001d00}
ProcessId: 6760
Image: C:\Program Files\WinlogBeat\winlogbeat.exe
TargetFilename: C:\ProgramData\winlogbeat\.winlogbeat.yml.new
CreationUtcTime: 2024-08-20 00:11:02.025
User: NT AUTHORITY\SYSTEM"
MY-CAL-WIN10.my-caldera.local,11,"File created:
RuleName: DO
UtcTime: 2024-08-20 00:31:43.061
ProcessGuid: {ca24abc9-e3ee-66c3-4606-000000001d00}
ProcessId: 9968
Image: C:\Program Files (x86)\Microsoft Office\Root\Office16\WINWORD.EXE
TargetFilename: C:\Users\johnny.douche\AppData\Local\Microsoft\FontCache\4\CatalogCacheMetaData2.xml
CreationUtcTime: 2024-08-20 00:14:38.197
User: MY-CALDERA\johnny.douche"
MY-CAL-WIN10.my-caldera.local,11,"File created:
RuleName: DO
UtcTime: 2024-08-20 00:31:43.057
ProcessGuid: {ca24abc9-e3ee-66c3-4606-000000001d00}
ProcessId: 9968
Image: C:\Program Files (x86)\Microsoft Office\Root\Office16\WINWORD.EXE
TargetFilename: C:\Users\johnny.douche\AppData\Local\Microsoft\FontCache\4\CatalogCacheMetaData2.xml
CreationUtcTime: 2024-08-20 00:14:38.197
User: MY-CALDERA\johnny.douche"
