MY-CAL-WIN10.my-caldera.local,11,"File created:
RuleName: DO
UtcTime: 2024-08-20 00:21:27.840
ProcessGuid: {ca24abc9-e187-66c3-b703-000000001d00}
ProcessId: 6420
Image: C:\Windows\Microsoft.NET\Framework64\v4.0.30319\csc.exe
TargetFilename: C:\Users\JOHNNY~1.DOU\AppData\Local\Temp\RES9B9.tmp
CreationUtcTime: 2024-08-20 00:21:27.839
User: MY-CALDERA\johnny.douche"
MY-CAL-WIN10.my-caldera.local,11,"File created:
RuleName: DO
UtcTime: 2024-08-20 00:21:27.865
ProcessGuid: {ca24abc9-e187-66c3-b803-000000001d00}
ProcessId: 7020
Image: C:\Windows\Microsoft.NET\Framework64\v4.0.30319\cvtres.exe
TargetFilename: C:\Users\JOHNNY~1.DOU\AppData\Local\Temp\RES9B9.tmp
CreationUtcTime: 2024-08-20 00:21:27.839
User: MY-CALDERA\johnny.douche"
MY-CAL-WIN10.my-caldera.local,11,"File created:
RuleName: DO
UtcTime: 2024-08-20 00:21:27.634
ProcessGuid: {ca24abc9-e186-66c3-b603-000000001d00}
ProcessId: 660
Image: C:\Windows\System32\WindowsPowerShell\v1.0\powershell.exe
TargetFilename: C:\Users\johnny.douche\AppData\Local\Temp\xxhiex3f\xxhiex3f.tmp
CreationUtcTime: 2024-08-20 00:21:27.634
User: MY-CALDERA\johnny.douche"
MY-CAL-WIN10.my-caldera.local,11,"File created:
RuleName: DO
UtcTime: 2024-08-20 00:21:27.838
ProcessGuid: {ca24abc9-e187-66c3-b703-000000001d00}
ProcessId: 6420
Image: C:\Windows\Microsoft.NET\Framework64\v4.0.30319\csc.exe
TargetFilename: C:\Users\johnny.douche\AppData\Local\Temp\xxhiex3f\CSCFCEE2E8470D34B3583A5EFE5D2301EC9.TMP
CreationUtcTime: 2024-08-20 00:21:27.837
User: MY-CALDERA\johnny.douche"
MY-CAL-WIN10.my-caldera.local,11,"File created:
RuleName: Sysmonv1514
UtcTime: 2024-08-20 00:21:27.639
ProcessGuid: {ca24abc9-e186-66c3-b603-000000001d00}
ProcessId: 660
Image: C:\Windows\System32\WindowsPowerShell\v1.0\powershell.exe
TargetFilename: C:\Users\johnny.douche\AppData\Local\Temp\xxhiex3f\xxhiex3f.cmdline
CreationUtcTime: 2024-08-20 00:21:27.638
User: MY-CALDERA\johnny.douche"
MY-CAL-WIN10.my-caldera.local,11,"File created:
RuleName: DLL
UtcTime: 2024-08-20 00:21:27.873
ProcessGuid: {ca24abc9-e187-66c3-b703-000000001d00}
ProcessId: 6420
Image: C:\Windows\Microsoft.NET\Framework64\v4.0.30319\csc.exe
TargetFilename: C:\Users\johnny.douche\AppData\Local\Temp\xxhiex3f\xxhiex3f.dll
CreationUtcTime: 2024-08-20 00:21:27.637
User: MY-CALDERA\johnny.douche"
MY-CAL-WIN10.my-caldera.local,11,"File created:
RuleName: DO
UtcTime: 2024-08-20 00:21:27.643
ProcessGuid: {ca24abc9-e186-66c3-b603-000000001d00}
ProcessId: 660
Image: C:\Windows\System32\WindowsPowerShell\v1.0\powershell.exe
TargetFilename: C:\Users\johnny.douche\AppData\Local\Temp\xxhiex3f\xxhiex3f.out
CreationUtcTime: 2024-08-20 00:21:27.641
User: MY-CALDERA\johnny.douche"
MY-CAL-WIN10.my-caldera.local,11,"File created:
RuleName: DO
UtcTime: 2024-08-20 00:21:27.635
ProcessGuid: {ca24abc9-e186-66c3-b603-000000001d00}
ProcessId: 660
Image: C:\Windows\System32\WindowsPowerShell\v1.0\powershell.exe
TargetFilename: C:\Users\johnny.douche\AppData\Local\Temp\xxhiex3f\xxhiex3f.0.cs
CreationUtcTime: 2024-08-20 00:21:27.635
User: MY-CALDERA\johnny.douche"
MY-CAL-WIN10.my-caldera.local,11,"File created:
RuleName: DLL
UtcTime: 2024-08-20 00:21:27.638
ProcessGuid: {ca24abc9-e186-66c3-b603-000000001d00}
ProcessId: 660
Image: C:\Windows\System32\WindowsPowerShell\v1.0\powershell.exe
TargetFilename: C:\Users\johnny.douche\AppData\Local\Temp\xxhiex3f\xxhiex3f.dll
CreationUtcTime: 2024-08-20 00:21:27.637
User: MY-CALDERA\johnny.douche"
MY-CAL-WIN10.my-caldera.local,11,"File created:
RuleName: DO
UtcTime: 2024-08-20 00:21:27.634
ProcessGuid: {ca24abc9-e186-66c3-b603-000000001d00}
ProcessId: 660
Image: C:\Windows\System32\WindowsPowerShell\v1.0\powershell.exe
TargetFilename: C:\Users\johnny.douche\AppData\Local\Temp\xxhiex3f
CreationUtcTime: 2024-08-20 00:21:27.633
User: MY-CALDERA\johnny.douche"
MY-CAL-WIN10.my-caldera.local,11,"File created:
RuleName: DO
UtcTime: 2024-08-20 00:21:27.644
ProcessGuid: {ca24abc9-e186-66c3-b603-000000001d00}
ProcessId: 660
Image: C:\Windows\System32\WindowsPowerShell\v1.0\powershell.exe
TargetFilename: C:\Users\johnny.douche\AppData\Local\Temp\xxhiex3f\xxhiex3f.err
CreationUtcTime: 2024-08-20 00:21:27.644
User: MY-CALDERA\johnny.douche"
MY-CAL-WIN10.my-caldera.local,11,"File created:
RuleName: Sysmonv1514
UtcTime: 2024-08-20 00:21:34.674
ProcessGuid: {ca24abc9-d6b1-66c3-ba00-000000001d00}
ProcessId: 6760
Image: C:\Program Files\WinlogBeat\winlogbeat.exe
TargetFilename: C:\ProgramData\winlogbeat\.winlogbeat.yml.new
CreationUtcTime: 2024-08-20 00:11:02.025
User: NT AUTHORITY\SYSTEM"
MY-CAL-WIN10.my-caldera.local,11,"File created:
RuleName: DO
UtcTime: 2024-08-20 00:22:17.700
ProcessGuid: {ca24abc9-e1b9-66c3-d303-000000001d00}
ProcessId: 8108
Image: C:\Windows\System32\WindowsPowerShell\v1.0\powershell.exe
TargetFilename: C:\Users\johnny.douche\AppData\Local\Microsoft\Windows\PowerShell\StartupProfileData-NonInteractive
CreationUtcTime: 2024-03-28 01:06:06.420
User: MY-CALDERA\johnny.douche"
MY-CAL-WIN10.my-caldera.local,11,"File created:
RuleName: DO
UtcTime: 2024-08-20 00:22:18.106
ProcessGuid: {ca24abc9-e1b9-66c3-d503-000000001d00}
ProcessId: 8544
Image: C:\Windows\System32\WindowsPowerShell\v1.0\powershell.exe
TargetFilename: C:\Users\johnny.douche\AppData\Local\Microsoft\Windows\PowerShell\StartupProfileData-NonInteractive
CreationUtcTime: 2024-03-28 01:06:06.420
User: MY-CALDERA\johnny.douche"
MY-CAL-WIN10.my-caldera.local,11,"File created:
RuleName: Sysmonv1514
UtcTime: 2024-08-20 00:22:18.140
ProcessGuid: {ca24abc9-d6b1-66c3-ba00-000000001d00}
ProcessId: 6760
Image: C:\Program Files\WinlogBeat\winlogbeat.exe
TargetFilename: C:\ProgramData\winlogbeat\.winlogbeat.yml.new
CreationUtcTime: 2024-08-20 00:11:02.025
User: NT AUTHORITY\SYSTEM"
MY-CAL-WIN10.my-caldera.local,11,"File created:
RuleName: DO
UtcTime: 2024-08-20 00:22:19.922
ProcessGuid: {ca24abc9-e1ba-66c3-d803-000000001d00}
ProcessId: 6356
Image: C:\Windows\System32\WindowsPowerShell\v1.0\powershell.exe
TargetFilename: C:\Users\johnny.douche\AppData\Local\Microsoft\Windows\PowerShell\StartupProfileData-NonInteractive
CreationUtcTime: 2024-03-28 01:06:06.420
User: MY-CALDERA\johnny.douche"
MY-CAL-WIN10.my-caldera.local,11,"File created:
RuleName: DO
UtcTime: 2024-08-20 00:22:20.319
ProcessGuid: {ca24abc9-e1bb-66c3-da03-000000001d00}
ProcessId: 10336
Image: C:\Windows\System32\WindowsPowerShell\v1.0\powershell.exe
TargetFilename: C:\Users\johnny.douche\AppData\Local\Microsoft\Windows\PowerShell\StartupProfileData-NonInteractive
CreationUtcTime: 2024-03-28 01:06:06.420
User: MY-CALDERA\johnny.douche"
MY-CAL-WIN10.my-caldera.local,11,"File created:
RuleName: Sysmonv1514
UtcTime: 2024-08-20 00:22:20.430
ProcessGuid: {ca24abc9-d6b1-66c3-ba00-000000001d00}
ProcessId: 6760
Image: C:\Program Files\WinlogBeat\winlogbeat.exe
TargetFilename: C:\ProgramData\winlogbeat\.winlogbeat.yml.new
CreationUtcTime: 2024-08-20 00:11:02.025
User: NT AUTHORITY\SYSTEM"
MY-CAL-WIN10.my-caldera.local,11,"File created:
RuleName: Sysmonv1514
UtcTime: 2024-08-20 00:22:35.504
ProcessGuid: {ca24abc9-d6b1-66c3-ba00-000000001d00}
ProcessId: 6760
Image: C:\Program Files\WinlogBeat\winlogbeat.exe
TargetFilename: C:\ProgramData\winlogbeat\.winlogbeat.yml.new
CreationUtcTime: 2024-08-20 00:11:02.025
User: NT AUTHORITY\SYSTEM"
MY-CAL-WIN10.my-caldera.local,11,"File created:
RuleName: EXE
UtcTime: 2024-08-20 00:22:51.766
ProcessGuid: {ca24abc9-e1bc-66c3-dc03-000000001d00}
ProcessId: 9396
Image: C:\Windows\System32\WindowsPowerShell\v1.0\powershell.exe
TargetFilename: C:\AtomicRedTeam\ExternalPayloads\T1095\nmap-7.80\nmap.exe
CreationUtcTime: 2024-08-20 00:22:51.766
User: MY-CALDERA\johnny.douche"
MY-CAL-WIN10.my-caldera.local,11,"File created:
RuleName: EXE
UtcTime: 2024-08-20 00:22:51.927
ProcessGuid: {ca24abc9-e1bc-66c3-dc03-000000001d00}
ProcessId: 9396
Image: C:\Windows\System32\WindowsPowerShell\v1.0\powershell.exe
TargetFilename: C:\AtomicRedTeam\ExternalPayloads\T1095\nmap-7.80\npcap-0.9982-oem.exe
CreationUtcTime: 2024-08-20 00:22:51.926
User: MY-CALDERA\johnny.douche"
MY-CAL-WIN10.my-caldera.local,11,"File created:
RuleName: EXE
UtcTime: 2024-08-20 00:22:51.974
ProcessGuid: {ca24abc9-e1bc-66c3-dc03-000000001d00}
ProcessId: 9396
Image: C:\Windows\System32\WindowsPowerShell\v1.0\powershell.exe
TargetFilename: C:\AtomicRedTeam\ExternalPayloads\T1095\nmap-7.80\nping.exe
CreationUtcTime: 2024-08-20 00:22:51.974
User: MY-CALDERA\johnny.douche"
MY-CAL-WIN10.my-caldera.local,11,"File created:
RuleName: Sysmonv1514
UtcTime: 2024-08-20 00:23:20.675
ProcessGuid: {ca24abc9-d6b1-66c3-ba00-000000001d00}
ProcessId: 6760
Image: C:\Program Files\WinlogBeat\winlogbeat.exe
TargetFilename: C:\ProgramData\winlogbeat\.winlogbeat.yml.new
CreationUtcTime: 2024-08-20 00:11:02.025
User: NT AUTHORITY\SYSTEM"
MY-CAL-WIN10.my-caldera.local,11,"File created:
RuleName: DO
UtcTime: 2024-08-20 00:23:28.265
ProcessGuid: {ca24abc9-e200-66c3-e503-000000001d00}
ProcessId: 10820
Image: C:\Windows\Microsoft.NET\Framework64\v4.0.30319\cvtres.exe
TargetFilename: C:\Users\JOHNNY~1.DOU\AppData\Local\Temp\RESE00F.tmp
CreationUtcTime: 2024-08-20 00:23:28.240
User: MY-CALDERA\johnny.douche"
MY-CAL-WIN10.my-caldera.local,11,"File created:
RuleName: DLL
UtcTime: 2024-08-20 00:23:28.273
ProcessGuid: {ca24abc9-e200-66c3-e403-000000001d00}
ProcessId: 7816
Image: C:\Windows\Microsoft.NET\Framework64\v4.0.30319\csc.exe
TargetFilename: C:\Users\johnny.douche\AppData\Local\Temp\mfxj1g3d\mfxj1g3d.dll
CreationUtcTime: 2024-08-20 00:23:28.077
User: MY-CALDERA\johnny.douche"
MY-CAL-WIN10.my-caldera.local,11,"File created:
RuleName: DO
UtcTime: 2024-08-20 00:23:28.892
ProcessGuid: {ca24abc9-e1ff-66c3-e303-000000001d00}
ProcessId: 10904
Image: C:\Windows\System32\WindowsPowerShell\v1.0\powershell.exe
TargetFilename: C:\Users\johnny.douche\AppData\Local\Temp\Microsoft.PackageManagement\ld15o5ob.1ju
CreationUtcTime: 2024-08-20 00:23:28.892
User: MY-CALDERA\johnny.douche"
MY-CAL-WIN10.my-caldera.local,11,"File created:
RuleName: DO
UtcTime: 2024-08-20 00:23:28.075
ProcessGuid: {ca24abc9-e1ff-66c3-e303-000000001d00}
ProcessId: 10904
Image: C:\Windows\System32\WindowsPowerShell\v1.0\powershell.exe
TargetFilename: C:\Users\johnny.douche\AppData\Local\Temp\mfxj1g3d\mfxj1g3d.0.cs
CreationUtcTime: 2024-08-20 00:23:28.075
User: MY-CALDERA\johnny.douche"
MY-CAL-WIN10.my-caldera.local,11,"File created:
RuleName: DLL
UtcTime: 2024-08-20 00:23:28.077
ProcessGuid: {ca24abc9-e1ff-66c3-e303-000000001d00}
ProcessId: 10904
Image: C:\Windows\System32\WindowsPowerShell\v1.0\powershell.exe
TargetFilename: C:\Users\johnny.douche\AppData\Local\Temp\mfxj1g3d\mfxj1g3d.dll
CreationUtcTime: 2024-08-20 00:23:28.077
User: MY-CALDERA\johnny.douche"
MY-CAL-WIN10.my-caldera.local,11,"File created:
RuleName: Sysmonv1514
UtcTime: 2024-08-20 00:23:28.078
ProcessGuid: {ca24abc9-e1ff-66c3-e303-000000001d00}
ProcessId: 10904
Image: C:\Windows\System32\WindowsPowerShell\v1.0\powershell.exe
TargetFilename: C:\Users\johnny.douche\AppData\Local\Temp\mfxj1g3d\mfxj1g3d.cmdline
CreationUtcTime: 2024-08-20 00:23:28.078
User: MY-CALDERA\johnny.douche"
MY-CAL-WIN10.my-caldera.local,11,"File created:
RuleName: DO
UtcTime: 2024-08-20 00:23:28.083
ProcessGuid: {ca24abc9-e1ff-66c3-e303-000000001d00}
ProcessId: 10904
Image: C:\Windows\System32\WindowsPowerShell\v1.0\powershell.exe
TargetFilename: C:\Users\johnny.douche\AppData\Local\Temp\mfxj1g3d\mfxj1g3d.out
CreationUtcTime: 2024-08-20 00:23:28.080
User: MY-CALDERA\johnny.douche"
MY-CAL-WIN10.my-caldera.local,11,"File created:
RuleName: DO
UtcTime: 2024-08-20 00:23:28.084
ProcessGuid: {ca24abc9-e1ff-66c3-e303-000000001d00}
ProcessId: 10904
Image: C:\Windows\System32\WindowsPowerShell\v1.0\powershell.exe
TargetFilename: C:\Users\johnny.douche\AppData\Local\Temp\mfxj1g3d\mfxj1g3d.err
CreationUtcTime: 2024-08-20 00:23:28.084
User: MY-CALDERA\johnny.douche"
MY-CAL-WIN10.my-caldera.local,11,"File created:
RuleName: DO
UtcTime: 2024-08-20 00:23:28.238
ProcessGuid: {ca24abc9-e200-66c3-e403-000000001d00}
ProcessId: 7816
Image: C:\Windows\Microsoft.NET\Framework64\v4.0.30319\csc.exe
TargetFilename: C:\Users\johnny.douche\AppData\Local\Temp\mfxj1g3d\CSC5CAAD80B7CB94C0BAB7BF5A5229B8AA.TMP
CreationUtcTime: 2024-08-20 00:23:28.238
User: MY-CALDERA\johnny.douche"
MY-CAL-WIN10.my-caldera.local,11,"File created:
RuleName: DO
UtcTime: 2024-08-20 00:23:28.240
ProcessGuid: {ca24abc9-e200-66c3-e403-000000001d00}
ProcessId: 7816
Image: C:\Windows\Microsoft.NET\Framework64\v4.0.30319\csc.exe
TargetFilename: C:\Users\JOHNNY~1.DOU\AppData\Local\Temp\RESE00F.tmp
CreationUtcTime: 2024-08-20 00:23:28.240
User: MY-CALDERA\johnny.douche"
MY-CAL-WIN10.my-caldera.local,11,"File created:
RuleName: DO
UtcTime: 2024-08-20 00:23:37.688
ProcessGuid: {ca24abc9-e206-66c3-ea03-000000001d00}
ProcessId: 4776
Image: C:\Windows\System32\WindowsPowerShell\v1.0\powershell.exe
TargetFilename: C:\Users\johnny.douche\AppData\Local\Temp\3w3ecfzv\3w3ecfzv.0.cs
CreationUtcTime: 2024-08-20 00:23:37.688
User: MY-CALDERA\johnny.douche"
MY-CAL-WIN10.my-caldera.local,11,"File created:
RuleName: DO
UtcTime: 2024-08-20 00:23:37.997
ProcessGuid: {ca24abc9-e209-66c3-ec03-000000001d00}
ProcessId: 1636
Image: C:\Windows\Microsoft.NET\Framework64\v4.0.30319\cvtres.exe
TargetFilename: C:\Users\JOHNNY~1.DOU\AppData\Local\Temp\RES606.tmp
CreationUtcTime: 2024-08-20 00:23:37.962
User: MY-CALDERA\johnny.douche"
MY-CAL-WIN10.my-caldera.local,11,"File created:
RuleName: Sysmonv1514
UtcTime: 2024-08-20 00:23:37.691
ProcessGuid: {ca24abc9-e206-66c3-ea03-000000001d00}
ProcessId: 4776
Image: C:\Windows\System32\WindowsPowerShell\v1.0\powershell.exe
TargetFilename: C:\Users\johnny.douche\AppData\Local\Temp\3w3ecfzv\3w3ecfzv.cmdline
CreationUtcTime: 2024-08-20 00:23:37.691
User: MY-CALDERA\johnny.douche"
MY-CAL-WIN10.my-caldera.local,11,"File created:
RuleName: DO
UtcTime: 2024-08-20 00:23:37.697
ProcessGuid: {ca24abc9-e206-66c3-ea03-000000001d00}
ProcessId: 4776
Image: C:\Windows\System32\WindowsPowerShell\v1.0\powershell.exe
TargetFilename: C:\Users\johnny.douche\AppData\Local\Temp\3w3ecfzv\3w3ecfzv.err
CreationUtcTime: 2024-08-20 00:23:37.697
User: MY-CALDERA\johnny.douche"
MY-CAL-WIN10.my-caldera.local,11,"File created:
RuleName: DO
UtcTime: 2024-08-20 00:23:37.687
ProcessGuid: {ca24abc9-e206-66c3-ea03-000000001d00}
ProcessId: 4776
Image: C:\Windows\System32\WindowsPowerShell\v1.0\powershell.exe
TargetFilename: C:\Users\johnny.douche\AppData\Local\Temp\3w3ecfzv\3w3ecfzv.tmp
CreationUtcTime: 2024-08-20 00:23:37.687
User: MY-CALDERA\johnny.douche"
MY-CAL-WIN10.my-caldera.local,11,"File created:
RuleName: DO
UtcTime: 2024-08-20 00:23:37.962
ProcessGuid: {ca24abc9-e209-66c3-eb03-000000001d00}
ProcessId: 6308
Image: C:\Windows\Microsoft.NET\Framework64\v4.0.30319\csc.exe
TargetFilename: C:\Users\JOHNNY~1.DOU\AppData\Local\Temp\RES606.tmp
CreationUtcTime: 2024-08-20 00:23:37.962
User: MY-CALDERA\johnny.douche"
MY-CAL-WIN10.my-caldera.local,11,"File created:
RuleName: DLL
UtcTime: 2024-08-20 00:23:37.690
ProcessGuid: {ca24abc9-e206-66c3-ea03-000000001d00}
ProcessId: 4776
Image: C:\Windows\System32\WindowsPowerShell\v1.0\powershell.exe
TargetFilename: C:\Users\johnny.douche\AppData\Local\Temp\3w3ecfzv\3w3ecfzv.dll
CreationUtcTime: 2024-08-20 00:23:37.690
User: MY-CALDERA\johnny.douche"
MY-CAL-WIN10.my-caldera.local,11,"File created:
RuleName: DO
UtcTime: 2024-08-20 00:23:38.633
ProcessGuid: {ca24abc9-e206-66c3-ea03-000000001d00}
ProcessId: 4776
Image: C:\Windows\System32\WindowsPowerShell\v1.0\powershell.exe
TargetFilename: C:\Users\johnny.douche\AppData\Local\Temp\Microsoft.PackageManagement\umtxmolu.h3g
CreationUtcTime: 2024-08-20 00:23:38.633
User: MY-CALDERA\johnny.douche"
MY-CAL-WIN10.my-caldera.local,11,"File created:
RuleName: DO
UtcTime: 2024-08-20 00:23:37.686
ProcessGuid: {ca24abc9-e206-66c3-ea03-000000001d00}
ProcessId: 4776
Image: C:\Windows\System32\WindowsPowerShell\v1.0\powershell.exe
TargetFilename: C:\Users\johnny.douche\AppData\Local\Temp\3w3ecfzv
CreationUtcTime: 2024-08-20 00:23:37.686
User: MY-CALDERA\johnny.douche"
MY-CAL-WIN10.my-caldera.local,11,"File created:
RuleName: DLL
UtcTime: 2024-08-20 00:23:38.005
ProcessGuid: {ca24abc9-e209-66c3-eb03-000000001d00}
ProcessId: 6308
Image: C:\Windows\Microsoft.NET\Framework64\v4.0.30319\csc.exe
TargetFilename: C:\Users\johnny.douche\AppData\Local\Temp\3w3ecfzv\3w3ecfzv.dll
CreationUtcTime: 2024-08-20 00:23:37.690
User: MY-CALDERA\johnny.douche"
MY-CAL-WIN10.my-caldera.local,11,"File created:
RuleName: DO
UtcTime: 2024-08-20 00:23:37.960
ProcessGuid: {ca24abc9-e209-66c3-eb03-000000001d00}
ProcessId: 6308
Image: C:\Windows\Microsoft.NET\Framework64\v4.0.30319\csc.exe
TargetFilename: C:\Users\johnny.douche\AppData\Local\Temp\3w3ecfzv\CSC2BA68B6224594EF6845C1935BEA58165.TMP
CreationUtcTime: 2024-08-20 00:23:37.960
User: MY-CALDERA\johnny.douche"
MY-CAL-WIN10.my-caldera.local,11,"File created:
RuleName: DO
UtcTime: 2024-08-20 00:23:37.696
ProcessGuid: {ca24abc9-e206-66c3-ea03-000000001d00}
ProcessId: 4776
Image: C:\Windows\System32\WindowsPowerShell\v1.0\powershell.exe
TargetFilename: C:\Users\johnny.douche\AppData\Local\Temp\3w3ecfzv\3w3ecfzv.out
CreationUtcTime: 2024-08-20 00:23:37.693
User: MY-CALDERA\johnny.douche"
MY-CAL-WIN10.my-caldera.local,11,"File created:
RuleName: DO
UtcTime: 2024-08-20 00:23:38.679
ProcessGuid: {ca24abc9-e206-66c3-ea03-000000001d00}
ProcessId: 4776
Image: C:\Windows\System32\WindowsPowerShell\v1.0\powershell.exe
TargetFilename: C:\Users\johnny.douche\AppData\Local\Temp\Microsoft.PackageManagement\umtxmolu.h3g
CreationUtcTime: 2024-08-20 00:23:38.633
User: MY-CALDERA\johnny.douche"
MY-CAL-WIN10.my-caldera.local,11,"File created:
RuleName: DO
UtcTime: 2024-08-20 00:23:38.691
ProcessGuid: {ca24abc9-e206-66c3-ea03-000000001d00}
ProcessId: 4776
Image: C:\Windows\System32\WindowsPowerShell\v1.0\powershell.exe
TargetFilename: C:\Users\johnny.douche\AppData\Local\Temp\Microsoft.PackageManagement\umtxmolu.h3g
CreationUtcTime: 2024-08-20 00:23:38.633
User: MY-CALDERA\johnny.douche"
MY-CAL-WIN10.my-caldera.local,11,"File created:
RuleName: DO
UtcTime: 2024-08-20 00:23:46.696
ProcessGuid: {ca24abc9-e20f-66c3-f203-000000001d00}
ProcessId: 7656
Image: C:\Windows\System32\WindowsPowerShell\v1.0\powershell.exe
TargetFilename: C:\Users\johnny.douche\AppData\Local\Temp\Microsoft.PackageManagement\rf4c20o1.gik
CreationUtcTime: 2024-08-20 00:23:46.696
User: MY-CALDERA\johnny.douche"
MY-CAL-WIN10.my-caldera.local,11,"File created:
RuleName: DLL
UtcTime: 2024-08-20 00:23:45.711
ProcessGuid: {ca24abc9-e20f-66c3-f203-000000001d00}
ProcessId: 7656
Image: C:\Windows\System32\WindowsPowerShell\v1.0\powershell.exe
TargetFilename: C:\Users\johnny.douche\AppData\Local\Temp\l5w3qoli\l5w3qoli.dll
CreationUtcTime: 2024-08-20 00:23:45.711
User: MY-CALDERA\johnny.douche"
MY-CAL-WIN10.my-caldera.local,11,"File created:
RuleName: DO
UtcTime: 2024-08-20 00:23:45.900
ProcessGuid: {ca24abc9-e211-66c3-f403-000000001d00}
ProcessId: 7616
Image: C:\Windows\Microsoft.NET\Framework64\v4.0.30319\csc.exe
TargetFilename: C:\Users\johnny.douche\AppData\Local\Temp\l5w3qoli\CSC9A3145BEC4A146A5B3129BEE80B94B50.TMP
CreationUtcTime: 2024-08-20 00:23:45.900
User: MY-CALDERA\johnny.douche"
MY-CAL-WIN10.my-caldera.local,11,"File created:
RuleName: DLL
UtcTime: 2024-08-20 00:23:45.946
ProcessGuid: {ca24abc9-e211-66c3-f403-000000001d00}
ProcessId: 7616
Image: C:\Windows\Microsoft.NET\Framework64\v4.0.30319\csc.exe
TargetFilename: C:\Users\johnny.douche\AppData\Local\Temp\l5w3qoli\l5w3qoli.dll
CreationUtcTime: 2024-08-20 00:23:45.711
User: MY-CALDERA\johnny.douche"
MY-CAL-WIN10.my-caldera.local,11,"File created:
RuleName: DO
UtcTime: 2024-08-20 00:23:45.709
ProcessGuid: {ca24abc9-e20f-66c3-f203-000000001d00}
ProcessId: 7656
Image: C:\Windows\System32\WindowsPowerShell\v1.0\powershell.exe
TargetFilename: C:\Users\johnny.douche\AppData\Local\Temp\l5w3qoli\l5w3qoli.tmp
CreationUtcTime: 2024-08-20 00:23:45.709
User: MY-CALDERA\johnny.douche"
MY-CAL-WIN10.my-caldera.local,11,"File created:
RuleName: DO
UtcTime: 2024-08-20 00:23:45.936
ProcessGuid: {ca24abc9-e211-66c3-f503-000000001d00}
ProcessId: 5048
Image: C:\Windows\Microsoft.NET\Framework64\v4.0.30319\cvtres.exe
TargetFilename: C:\Users\JOHNNY~1.DOU\AppData\Local\Temp\RES2507.tmp
CreationUtcTime: 2024-08-20 00:23:45.902
User: MY-CALDERA\johnny.douche"
MY-CAL-WIN10.my-caldera.local,11,"File created:
RuleName: Sysmonv1514
UtcTime: 2024-08-20 00:23:45.712
ProcessGuid: {ca24abc9-e20f-66c3-f203-000000001d00}
ProcessId: 7656
Image: C:\Windows\System32\WindowsPowerShell\v1.0\powershell.exe
TargetFilename: C:\Users\johnny.douche\AppData\Local\Temp\l5w3qoli\l5w3qoli.cmdline
CreationUtcTime: 2024-08-20 00:23:45.712
User: MY-CALDERA\johnny.douche"
MY-CAL-WIN10.my-caldera.local,11,"File created:
RuleName: DO
UtcTime: 2024-08-20 00:23:45.902
ProcessGuid: {ca24abc9-e211-66c3-f403-000000001d00}
ProcessId: 7616
Image: C:\Windows\Microsoft.NET\Framework64\v4.0.30319\csc.exe
TargetFilename: C:\Users\JOHNNY~1.DOU\AppData\Local\Temp\RES2507.tmp
CreationUtcTime: 2024-08-20 00:23:45.902
User: MY-CALDERA\johnny.douche"
MY-CAL-WIN10.my-caldera.local,11,"File created:
RuleName: DO
UtcTime: 2024-08-20 00:23:45.710
ProcessGuid: {ca24abc9-e20f-66c3-f203-000000001d00}
ProcessId: 7656
Image: C:\Windows\System32\WindowsPowerShell\v1.0\powershell.exe
TargetFilename: C:\Users\johnny.douche\AppData\Local\Temp\l5w3qoli\l5w3qoli.0.cs
CreationUtcTime: 2024-08-20 00:23:45.710
User: MY-CALDERA\johnny.douche"
MY-CAL-WIN10.my-caldera.local,11,"File created:
RuleName: DO
UtcTime: 2024-08-20 00:23:45.709
ProcessGuid: {ca24abc9-e20f-66c3-f203-000000001d00}
ProcessId: 7656
Image: C:\Windows\System32\WindowsPowerShell\v1.0\powershell.exe
TargetFilename: C:\Users\johnny.douche\AppData\Local\Temp\l5w3qoli
CreationUtcTime: 2024-08-20 00:23:45.709
User: MY-CALDERA\johnny.douche"
MY-CAL-WIN10.my-caldera.local,11,"File created:
RuleName: DO
UtcTime: 2024-08-20 00:23:45.717
ProcessGuid: {ca24abc9-e20f-66c3-f203-000000001d00}
ProcessId: 7656
Image: C:\Windows\System32\WindowsPowerShell\v1.0\powershell.exe
TargetFilename: C:\Users\johnny.douche\AppData\Local\Temp\l5w3qoli\l5w3qoli.err
CreationUtcTime: 2024-08-20 00:23:45.717
User: MY-CALDERA\johnny.douche"
MY-CAL-WIN10.my-caldera.local,11,"File created:
RuleName: Sysmonv1514
UtcTime: 2024-08-20 00:23:46.989
ProcessGuid: {ca24abc9-d6b1-66c3-ba00-000000001d00}
ProcessId: 6760
Image: C:\Program Files\WinlogBeat\winlogbeat.exe
TargetFilename: C:\ProgramData\winlogbeat\.winlogbeat.yml.new
CreationUtcTime: 2024-08-20 00:11:02.025
User: NT AUTHORITY\SYSTEM"
MY-CAL-WIN10.my-caldera.local,11,"File created:
RuleName: DO
UtcTime: 2024-08-20 00:23:45.716
ProcessGuid: {ca24abc9-e20f-66c3-f203-000000001d00}
ProcessId: 7656
Image: C:\Windows\System32\WindowsPowerShell\v1.0\powershell.exe
TargetFilename: C:\Users\johnny.douche\AppData\Local\Temp\l5w3qoli\l5w3qoli.out
CreationUtcTime: 2024-08-20 00:23:45.714
User: MY-CALDERA\johnny.douche"
MY-CAL-WIN10.my-caldera.local,11,"File created:
RuleName: Sysmonv1514
UtcTime: 2024-08-20 00:24:15.977
ProcessGuid: {ca24abc9-d6b1-66c3-ba00-000000001d00}
ProcessId: 6760
Image: C:\Program Files\WinlogBeat\winlogbeat.exe
TargetFilename: C:\ProgramData\winlogbeat\.winlogbeat.yml.new
CreationUtcTime: 2024-08-20 00:11:02.025
User: NT AUTHORITY\SYSTEM"
MY-CAL-WIN10.my-caldera.local,11,"File created:
RuleName: DLL
UtcTime: 2024-08-20 00:24:45.938
ProcessGuid: {ca24abc9-e24c-66c3-1e04-000000001d00}
ProcessId: 3260
Image: C:\Windows\System32\WindowsPowerShell\v1.0\powershell.exe
TargetFilename: C:\Users\johnny.douche\AppData\Local\Temp\pk15tmcm\pk15tmcm.dll
CreationUtcTime: 2024-08-20 00:24:45.938
User: MY-CALDERA\johnny.douche"
MY-CAL-WIN10.my-caldera.local,11,"File created:
RuleName: Sysmonv1514
UtcTime: 2024-08-20 00:24:45.939
ProcessGuid: {ca24abc9-e24c-66c3-1e04-000000001d00}
ProcessId: 3260
Image: C:\Windows\System32\WindowsPowerShell\v1.0\powershell.exe
TargetFilename: C:\Users\johnny.douche\AppData\Local\Temp\pk15tmcm\pk15tmcm.cmdline
CreationUtcTime: 2024-08-20 00:24:45.939
User: MY-CALDERA\johnny.douche"
MY-CAL-WIN10.my-caldera.local,11,"File created:
RuleName: Sysmonv1514
UtcTime: 2024-08-20 00:24:46.336
ProcessGuid: {ca24abc9-d6b1-66c3-ba00-000000001d00}
ProcessId: 6760
Image: C:\Program Files\WinlogBeat\winlogbeat.exe
TargetFilename: C:\ProgramData\winlogbeat\.winlogbeat.yml.new
CreationUtcTime: 2024-08-20 00:11:02.025
User: NT AUTHORITY\SYSTEM"
MY-CAL-WIN10.my-caldera.local,11,"File created:
RuleName: DO
UtcTime: 2024-08-20 00:24:45.935
ProcessGuid: {ca24abc9-e24c-66c3-1e04-000000001d00}
ProcessId: 3260
Image: C:\Windows\System32\WindowsPowerShell\v1.0\powershell.exe
TargetFilename: C:\Users\johnny.douche\AppData\Local\Temp\pk15tmcm\pk15tmcm.tmp
CreationUtcTime: 2024-08-20 00:24:45.934
User: MY-CALDERA\johnny.douche"
MY-CAL-WIN10.my-caldera.local,11,"File created:
RuleName: DO
UtcTime: 2024-08-20 00:24:46.926
ProcessGuid: {ca24abc9-e24c-66c3-1e04-000000001d00}
ProcessId: 3260
Image: C:\Windows\System32\WindowsPowerShell\v1.0\powershell.exe
TargetFilename: C:\Users\johnny.douche\AppData\Local\Temp\Microsoft.PackageManagement\nfk4adlp.g5l
CreationUtcTime: 2024-08-20 00:24:46.870
User: MY-CALDERA\johnny.douche"
MY-CAL-WIN10.my-caldera.local,11,"File created:
RuleName: DO
UtcTime: 2024-08-20 00:24:45.934
ProcessGuid: {ca24abc9-e24c-66c3-1e04-000000001d00}
ProcessId: 3260
Image: C:\Windows\System32\WindowsPowerShell\v1.0\powershell.exe
TargetFilename: C:\Users\johnny.douche\AppData\Local\Temp\pk15tmcm
CreationUtcTime: 2024-08-20 00:24:45.934
User: MY-CALDERA\johnny.douche"
MY-CAL-WIN10.my-caldera.local,11,"File created:
RuleName: DO
UtcTime: 2024-08-20 00:24:45.936
ProcessGuid: {ca24abc9-e24c-66c3-1e04-000000001d00}
ProcessId: 3260
Image: C:\Windows\System32\WindowsPowerShell\v1.0\powershell.exe
TargetFilename: C:\Users\johnny.douche\AppData\Local\Temp\pk15tmcm\pk15tmcm.0.cs
CreationUtcTime: 2024-08-20 00:24:45.936
User: MY-CALDERA\johnny.douche"
MY-CAL-WIN10.my-caldera.local,11,"File created:
RuleName: DO
UtcTime: 2024-08-20 00:24:46.937
ProcessGuid: {ca24abc9-e24c-66c3-1e04-000000001d00}
ProcessId: 3260
Image: C:\Windows\System32\WindowsPowerShell\v1.0\powershell.exe
TargetFilename: C:\Users\johnny.douche\AppData\Local\Temp\Microsoft.PackageManagement\nfk4adlp.g5l
CreationUtcTime: 2024-08-20 00:24:46.870
User: MY-CALDERA\johnny.douche"
MY-CAL-WIN10.my-caldera.local,11,"File created:
RuleName: DO
UtcTime: 2024-08-20 00:24:45.943
ProcessGuid: {ca24abc9-e24c-66c3-1e04-000000001d00}
ProcessId: 3260
Image: C:\Windows\System32\WindowsPowerShell\v1.0\powershell.exe
TargetFilename: C:\Users\johnny.douche\AppData\Local\Temp\pk15tmcm\pk15tmcm.out
CreationUtcTime: 2024-08-20 00:24:45.941
User: MY-CALDERA\johnny.douche"
MY-CAL-WIN10.my-caldera.local,11,"File created:
RuleName: DO
UtcTime: 2024-08-20 00:24:46.198
ProcessGuid: {ca24abc9-e24e-66c3-2004-000000001d00}
ProcessId: 6552
Image: C:\Windows\Microsoft.NET\Framework64\v4.0.30319\cvtres.exe
TargetFilename: C:\Users\JOHNNY~1.DOU\AppData\Local\Temp\RES1071.tmp
CreationUtcTime: 2024-08-20 00:24:46.159
User: MY-CALDERA\johnny.douche"
MY-CAL-WIN10.my-caldera.local,11,"File created:
RuleName: DO
UtcTime: 2024-08-20 00:24:46.870
ProcessGuid: {ca24abc9-e24c-66c3-1e04-000000001d00}
ProcessId: 3260
Image: C:\Windows\System32\WindowsPowerShell\v1.0\powershell.exe
TargetFilename: C:\Users\johnny.douche\AppData\Local\Temp\Microsoft.PackageManagement\nfk4adlp.g5l
CreationUtcTime: 2024-08-20 00:24:46.870
User: MY-CALDERA\johnny.douche"
MY-CAL-WIN10.my-caldera.local,11,"File created:
RuleName: DO
UtcTime: 2024-08-20 00:24:46.160
ProcessGuid: {ca24abc9-e24d-66c3-1f04-000000001d00}
ProcessId: 9396
Image: C:\Windows\Microsoft.NET\Framework64\v4.0.30319\csc.exe
TargetFilename: C:\Users\JOHNNY~1.DOU\AppData\Local\Temp\RES1071.tmp
CreationUtcTime: 2024-08-20 00:24:46.159
User: MY-CALDERA\johnny.douche"
MY-CAL-WIN10.my-caldera.local,11,"File created:
RuleName: DLL
UtcTime: 2024-08-20 00:24:46.206
ProcessGuid: {ca24abc9-e24d-66c3-1f04-000000001d00}
ProcessId: 9396
Image: C:\Windows\Microsoft.NET\Framework64\v4.0.30319\csc.exe
TargetFilename: C:\Users\johnny.douche\AppData\Local\Temp\pk15tmcm\pk15tmcm.dll
CreationUtcTime: 2024-08-20 00:24:45.938
User: MY-CALDERA\johnny.douche"
MY-CAL-WIN10.my-caldera.local,11,"File created:
RuleName: DO
UtcTime: 2024-08-20 00:24:45.944
ProcessGuid: {ca24abc9-e24c-66c3-1e04-000000001d00}
ProcessId: 3260
Image: C:\Windows\System32\WindowsPowerShell\v1.0\powershell.exe
TargetFilename: C:\Users\johnny.douche\AppData\Local\Temp\pk15tmcm\pk15tmcm.err
CreationUtcTime: 2024-08-20 00:24:45.944
User: MY-CALDERA\johnny.douche"
MY-CAL-WIN10.my-caldera.local,11,"File created:
RuleName: DO
UtcTime: 2024-08-20 00:24:46.158
ProcessGuid: {ca24abc9-e24d-66c3-1f04-000000001d00}
ProcessId: 9396
Image: C:\Windows\Microsoft.NET\Framework64\v4.0.30319\csc.exe
TargetFilename: C:\Users\johnny.douche\AppData\Local\Temp\pk15tmcm\CSCB26A4D3994EA7876125575480F727.TMP
CreationUtcTime: 2024-08-20 00:24:46.157
User: MY-CALDERA\johnny.douche"
MY-CAL-WIN10.my-caldera.local,11,"File created:
RuleName: Sysmonv1514
UtcTime: 2024-08-20 00:00:13.908
ProcessGuid: {ca24abc9-d6b1-66c3-ba00-000000001d00}
ProcessId: 6760
Image: C:\Program Files\WinlogBeat\winlogbeat.exe
TargetFilename: C:\ProgramData\winlogbeat\.winlogbeat.yml.new
CreationUtcTime: 2024-08-19 23:44:48.401
User: NT AUTHORITY\SYSTEM"
MY-CAL-WIN10.my-caldera.local,11,"File created:
RuleName: Sysmonv1514
UtcTime: 2024-08-20 00:00:48.984
ProcessGuid: {ca24abc9-d6b1-66c3-ba00-000000001d00}
ProcessId: 6760
Image: C:\Program Files\WinlogBeat\winlogbeat.exe
TargetFilename: C:\ProgramData\winlogbeat\.winlogbeat.yml.new
CreationUtcTime: 2024-08-19 23:44:48.401
User: NT AUTHORITY\SYSTEM"
MY-CAL-WIN10.my-caldera.local,11,"File created:
RuleName: Sysmonv1514
UtcTime: 2024-08-20 00:01:24.266
ProcessGuid: {ca24abc9-d6b1-66c3-ba00-000000001d00}
ProcessId: 6760
Image: C:\Program Files\WinlogBeat\winlogbeat.exe
TargetFilename: C:\ProgramData\winlogbeat\.winlogbeat.yml.new
CreationUtcTime: 2024-08-19 23:44:48.401
User: NT AUTHORITY\SYSTEM"
MY-CAL-WIN10.my-caldera.local,11,"File created:
RuleName: Sysmonv1514
UtcTime: 2024-08-20 00:02:34.513
ProcessGuid: {ca24abc9-d6b1-66c3-ba00-000000001d00}
ProcessId: 6760
Image: C:\Program Files\WinlogBeat\winlogbeat.exe
TargetFilename: C:\ProgramData\winlogbeat\.winlogbeat.yml.new
CreationUtcTime: 2024-08-19 23:44:48.401
User: NT AUTHORITY\SYSTEM"
MY-CAL-WIN10.my-caldera.local,11,"File created:
RuleName: Sysmonv1514
UtcTime: 2024-08-20 00:03:04.847
ProcessGuid: {ca24abc9-d6b1-66c3-ba00-000000001d00}
ProcessId: 6760
Image: C:\Program Files\WinlogBeat\winlogbeat.exe
TargetFilename: C:\ProgramData\winlogbeat\.winlogbeat.yml.new
CreationUtcTime: 2024-08-19 23:44:48.401
User: NT AUTHORITY\SYSTEM"
MY-CAL-WIN10.my-caldera.local,11,"File created:
RuleName: Sysmonv1514
UtcTime: 2024-08-20 00:03:24.882
ProcessGuid: {ca24abc9-d6b1-66c3-ba00-000000001d00}
ProcessId: 6760
Image: C:\Program Files\WinlogBeat\winlogbeat.exe
TargetFilename: C:\ProgramData\winlogbeat\.winlogbeat.yml.new
CreationUtcTime: 2024-08-19 23:44:48.401
User: NT AUTHORITY\SYSTEM"
MY-CAL-WIN10.my-caldera.local,11,"File created:
RuleName: Sysmonv1514
UtcTime: 2024-08-20 00:03:45.059
ProcessGuid: {ca24abc9-d6b1-66c3-ba00-000000001d00}
ProcessId: 6760
Image: C:\Program Files\WinlogBeat\winlogbeat.exe
TargetFilename: C:\ProgramData\winlogbeat\.winlogbeat.yml.new
CreationUtcTime: 2024-08-19 23:44:48.401
User: NT AUTHORITY\SYSTEM"
MY-CAL-WIN10.my-caldera.local,11,"File created:
RuleName: Sysmonv1514
UtcTime: 2024-08-20 00:04:10.123
ProcessGuid: {ca24abc9-d6b1-66c3-ba00-000000001d00}
ProcessId: 6760
Image: C:\Program Files\WinlogBeat\winlogbeat.exe
TargetFilename: C:\ProgramData\winlogbeat\.winlogbeat.yml.new
CreationUtcTime: 2024-08-19 23:44:48.401
User: NT AUTHORITY\SYSTEM"
MY-CAL-WIN10.my-caldera.local,11,"File created:
RuleName: Sysmonv1514
UtcTime: 2024-08-20 00:04:45.206
ProcessGuid: {ca24abc9-d6b1-66c3-ba00-000000001d00}
ProcessId: 6760
Image: C:\Program Files\WinlogBeat\winlogbeat.exe
TargetFilename: C:\ProgramData\winlogbeat\.winlogbeat.yml.new
CreationUtcTime: 2024-08-19 23:44:48.401
User: NT AUTHORITY\SYSTEM"
MY-CAL-WIN10.my-caldera.local,11,"File created:
RuleName: Sysmonv1514
UtcTime: 2024-08-20 00:05:49.632
ProcessGuid: {ca24abc9-d6b1-66c3-ba00-000000001d00}
ProcessId: 6760
Image: C:\Program Files\WinlogBeat\winlogbeat.exe
TargetFilename: C:\ProgramData\winlogbeat\.winlogbeat.yml.new
CreationUtcTime: 2024-08-19 23:44:48.401
User: NT AUTHORITY\SYSTEM"
MY-CAL-WIN10.my-caldera.local,11,"File created:
RuleName: Sysmonv1514
UtcTime: 2024-08-20 00:06:19.715
ProcessGuid: {ca24abc9-d6b1-66c3-ba00-000000001d00}
ProcessId: 6760
Image: C:\Program Files\WinlogBeat\winlogbeat.exe
TargetFilename: C:\ProgramData\winlogbeat\.winlogbeat.yml.new
CreationUtcTime: 2024-08-19 23:44:48.401
User: NT AUTHORITY\SYSTEM"
MY-CAL-WIN10.my-caldera.local,11,"File created:
RuleName: Sysmonv1514
UtcTime: 2024-08-20 00:06:44.773
ProcessGuid: {ca24abc9-d6b1-66c3-ba00-000000001d00}
ProcessId: 6760
Image: C:\Program Files\WinlogBeat\winlogbeat.exe
TargetFilename: C:\ProgramData\winlogbeat\.winlogbeat.yml.new
CreationUtcTime: 2024-08-19 23:44:48.401
User: NT AUTHORITY\SYSTEM"
MY-CAL-WIN10.my-caldera.local,11,"File created:
RuleName: Sysmonv1514
UtcTime: 2024-08-20 00:07:09.940
ProcessGuid: {ca24abc9-d6b1-66c3-ba00-000000001d00}
ProcessId: 6760
Image: C:\Program Files\WinlogBeat\winlogbeat.exe
TargetFilename: C:\ProgramData\winlogbeat\.winlogbeat.yml.new
CreationUtcTime: 2024-08-19 23:44:48.401
User: NT AUTHORITY\SYSTEM"
MY-CAL-WIN10.my-caldera.local,11,"File created:
RuleName: DO
UtcTime: 2024-08-20 00:07:40.735
ProcessGuid: {ca24abc9-de4c-66c3-b701-000000001d00}
ProcessId: 1120
Image: C:\Windows\System32\WindowsPowerShell\v1.0\powershell.exe
TargetFilename: C:\Users\johnny.douche\AppData\Local\Microsoft\Windows\PowerShell\StartupProfileData-NonInteractive
CreationUtcTime: 2024-03-28 01:06:06.420
User: MY-CALDERA\johnny.douche"
MY-CAL-WIN10.my-caldera.local,11,"File created:
RuleName: Sysmonv1514
UtcTime: 2024-08-20 00:07:45.289
ProcessGuid: {ca24abc9-d6b1-66c3-ba00-000000001d00}
ProcessId: 6760
Image: C:\Program Files\WinlogBeat\winlogbeat.exe
TargetFilename: C:\ProgramData\winlogbeat\.winlogbeat.yml.new
CreationUtcTime: 2024-08-19 23:44:48.401
User: NT AUTHORITY\SYSTEM"
MY-CAL-WIN10.my-caldera.local,11,"File created:
RuleName: DO
UtcTime: 2024-08-20 00:07:45.557
ProcessGuid: {ca24abc9-de51-66c3-bc01-000000001d00}
ProcessId: 2112
Image: C:\Windows\System32\WindowsPowerShell\v1.0\powershell.exe
TargetFilename: C:\Users\johnny.douche\AppData\Local\Microsoft\Windows\PowerShell\StartupProfileData-NonInteractive
CreationUtcTime: 2024-03-28 01:06:06.420
User: MY-CALDERA\johnny.douche"
MY-CAL-WIN10.my-caldera.local,11,"File created:
RuleName: DO
UtcTime: 2024-08-20 00:07:45.002
ProcessGuid: {ca24abc9-de4f-66c3-bb01-000000001d00}
ProcessId: 4680
Image: C:\Windows\System32\WindowsPowerShell\v1.0\powershell.exe
TargetFilename: C:\Users\johnny.douche\AppData\Local\Microsoft\Windows\PowerShell\StartupProfileData-NonInteractive
CreationUtcTime: 2024-03-28 01:06:06.420
User: MY-CALDERA\johnny.douche"
MY-CAL-WIN10.my-caldera.local,11,"File created:
RuleName: DO
UtcTime: 2024-08-20 00:07:48.595
ProcessGuid: {ca24abc9-de54-66c3-c501-000000001d00}
ProcessId: 3456
Image: C:\Windows\System32\WindowsPowerShell\v1.0\powershell.exe
TargetFilename: C:\Users\johnny.douche\AppData\Local\Microsoft\Windows\PowerShell\StartupProfileData-NonInteractive
CreationUtcTime: 2024-03-28 01:06:06.420
User: MY-CALDERA\johnny.douche"
MY-CAL-WIN10.my-caldera.local,11,"File created:
RuleName: DO
UtcTime: 2024-08-20 00:07:48.122
ProcessGuid: {ca24abc9-de53-66c3-c201-000000001d00}
ProcessId: 2356
Image: C:\Windows\System32\WindowsPowerShell\v1.0\powershell.exe
TargetFilename: C:\Users\johnny.douche\AppData\Local\Microsoft\Windows\PowerShell\StartupProfileData-NonInteractive
CreationUtcTime: 2024-03-28 01:06:06.420
User: MY-CALDERA\johnny.douche"
MY-CAL-WIN10.my-caldera.local,11,"File created:
RuleName: DO
UtcTime: 2024-08-20 00:08:21.936
ProcessGuid: {ca24abc9-de75-66c3-1b02-000000001d00}
ProcessId: 3376
Image: C:\Windows\System32\WindowsPowerShell\v1.0\powershell.exe
TargetFilename: C:\Users\johnny.douche\AppData\Local\Microsoft\Windows\PowerShell\StartupProfileData-NonInteractive
CreationUtcTime: 2024-03-28 01:06:06.420
User: MY-CALDERA\johnny.douche"
MY-CAL-WIN10.my-caldera.local,11,"File created:
RuleName: DO
UtcTime: 2024-08-20 00:08:37.523
ProcessGuid: {ca24abc9-de7c-66c3-2a02-000000001d00}
ProcessId: 5672
Image: C:\Program Files (x86)\Microsoft Office\Root\Office16\EXCEL.EXE
TargetFilename: C:\Users\JOHNNY~1.DOU\AppData\Local\Temp\Diagnostics\EXCEL\Primary1724112517524112200_67EF11FA-5F80-4ADA-8369-9B888661E8E8.log
CreationUtcTime: 2024-08-20 00:08:37.523
User: MY-CALDERA\johnny.douche"
MY-CAL-WIN10.my-caldera.local,11,"File created:
RuleName: DO
UtcTime: 2024-08-20 00:08:37.526
ProcessGuid: {ca24abc9-de7c-66c3-2a02-000000001d00}
ProcessId: 5672
Image: C:\Program Files (x86)\Microsoft Office\Root\Office16\EXCEL.EXE
TargetFilename: C:\Users\JOHNNY~1.DOU\AppData\Local\Temp\Diagnostics\EXCEL\Primary1724112517525291100_67EF11FA-5F80-4ADA-8369-9B888661E8E8.log
CreationUtcTime: 2024-08-20 00:08:37.526
User: MY-CALDERA\johnny.douche"
MY-CAL-WIN10.my-caldera.local,11,"File created:
RuleName: DO
UtcTime: 2024-08-20 00:08:37.528
ProcessGuid: {ca24abc9-de7c-66c3-2a02-000000001d00}
ProcessId: 5672
Image: C:\Program Files (x86)\Microsoft Office\Root\Office16\EXCEL.EXE
TargetFilename: C:\Users\JOHNNY~1.DOU\AppData\Local\Temp\Diagnostics\EXCEL\Additional
CreationUtcTime: 2024-08-20 00:08:37.528
User: MY-CALDERA\johnny.douche"
MY-CAL-WIN10.my-caldera.local,11,"File created:
RuleName: DO
UtcTime: 2024-08-20 00:08:37.529
ProcessGuid: {ca24abc9-de7c-66c3-2a02-000000001d00}
ProcessId: 5672
Image: C:\Program Files (x86)\Microsoft Office\Root\Office16\EXCEL.EXE
TargetFilename: C:\Users\JOHNNY~1.DOU\AppData\Local\Temp\Diagnostics\EXCEL\Additional\Additional1724112517528679400_67EF11FA-5F80-4ADA-8369-9B888661E8E8.log
CreationUtcTime: 2024-08-20 00:08:37.529
User: MY-CALDERA\johnny.douche"
MY-CAL-WIN10.my-caldera.local,11,"File created:
RuleName: DO
UtcTime: 2024-08-20 00:08:37.534
ProcessGuid: {ca24abc9-de7c-66c3-2a02-000000001d00}
ProcessId: 5672
Image: C:\Program Files (x86)\Microsoft Office\Root\Office16\EXCEL.EXE
TargetFilename: C:\Users\JOHNNY~1.DOU\AppData\Local\Temp\Diagnostics\EXCEL\Additional\Additional1724112517533023900_67EF11FA-5F80-4ADA-8369-9B888661E8E8.log
CreationUtcTime: 2024-08-20 00:08:37.532
User: MY-CALDERA\johnny.douche"
MY-CAL-WIN10.my-caldera.local,11,"File created:
RuleName: DO
UtcTime: 2024-08-20 00:08:37.889
ProcessGuid: {ca24abc9-de7c-66c3-2a02-000000001d00}
ProcessId: 5672
Image: C:\Program Files (x86)\Microsoft Office\Root\Office16\EXCEL.EXE
TargetFilename: C:\Users\JOHNNY~1.DOU\AppData\Local\Temp\{EFEA3BEA-7CF9-4979-9FE2-4228A1775A71}
CreationUtcTime: 2024-08-20 00:08:37.889
User: MY-CALDERA\johnny.douche"
MY-CAL-WIN10.my-caldera.local,11,"File created:
RuleName: Sysmonv1514
UtcTime: 2024-08-20 00:08:45.535
ProcessGuid: {ca24abc9-d6b1-66c3-ba00-000000001d00}
ProcessId: 6760
Image: C:\Program Files\WinlogBeat\winlogbeat.exe
TargetFilename: C:\ProgramData\winlogbeat\.winlogbeat.yml.new
CreationUtcTime: 2024-08-19 23:44:48.401
User: NT AUTHORITY\SYSTEM"
MY-CAL-WIN10.my-caldera.local,11,"File created:
RuleName: DO
UtcTime: 2024-08-20 00:09:10.756
ProcessGuid: {ca24abc9-dea6-66c3-3a02-000000001d00}
ProcessId: 5144
Image: C:\Windows\System32\WindowsPowerShell\v1.0\powershell.exe
TargetFilename: C:\Users\johnny.douche\AppData\Local\Microsoft\Windows\PowerShell\StartupProfileData-NonInteractive
CreationUtcTime: 2024-03-28 01:06:06.420
User: MY-CALDERA\johnny.douche"
MY-CAL-WIN10.my-caldera.local,11,"File created:
RuleName: Sysmonv1514
UtcTime: 2024-08-20 00:09:10.708
ProcessGuid: {ca24abc9-d6b1-66c3-ba00-000000001d00}
ProcessId: 6760
Image: C:\Program Files\WinlogBeat\winlogbeat.exe
TargetFilename: C:\ProgramData\winlogbeat\.winlogbeat.yml.new
CreationUtcTime: 2024-08-19 23:44:48.401
User: NT AUTHORITY\SYSTEM"
MY-CAL-WIN10.my-caldera.local,11,"File created:
RuleName: DO
UtcTime: 2024-08-20 00:09:14.038
ProcessGuid: {ca24abc9-dea9-66c3-3e02-000000001d00}
ProcessId: 1084
Image: C:\Windows\System32\WindowsPowerShell\v1.0\powershell.exe
TargetFilename: C:\Users\johnny.douche\AppData\Local\Microsoft\Windows\PowerShell\StartupProfileData-NonInteractive
CreationUtcTime: 2024-03-28 01:06:06.420
User: MY-CALDERA\johnny.douche"
MY-CAL-WIN10.my-caldera.local,11,"File created:
RuleName: DO
UtcTime: 2024-08-20 00:09:14.864
ProcessGuid: {ca24abc9-deaa-66c3-3f02-000000001d00}
ProcessId: 2824
Image: C:\Windows\System32\WindowsPowerShell\v1.0\powershell.exe
TargetFilename: C:\Users\johnny.douche\AppData\Local\Microsoft\Windows\PowerShell\StartupProfileData-NonInteractive
CreationUtcTime: 2024-03-28 01:06:06.420
User: MY-CALDERA\johnny.douche"
MY-CAL-WIN10.my-caldera.local,11,"File created:
RuleName: Sysmonv1514
UtcTime: 2024-08-20 00:09:15.725
ProcessGuid: {ca24abc9-d6b1-66c3-ba00-000000001d00}
ProcessId: 6760
Image: C:\Program Files\WinlogBeat\winlogbeat.exe
TargetFilename: C:\ProgramData\winlogbeat\.winlogbeat.yml.new
CreationUtcTime: 2024-08-19 23:44:48.401
User: NT AUTHORITY\SYSTEM"
MY-CAL-WIN10.my-caldera.local,11,"File created:
RuleName: DO
UtcTime: 2024-08-20 00:09:15.886
ProcessGuid: {ca24abc9-deab-66c3-4102-000000001d00}
ProcessId: 7184
Image: C:\Windows\System32\WindowsPowerShell\v1.0\powershell.exe
TargetFilename: C:\Users\johnny.douche\AppData\Local\Microsoft\Windows\PowerShell\StartupProfileData-NonInteractive
CreationUtcTime: 2024-03-28 01:06:06.420
User: MY-CALDERA\johnny.douche"
MY-CAL-WIN10.my-caldera.local,11,"File created:
RuleName: DO
UtcTime: 2024-08-20 00:09:16.290
ProcessGuid: {ca24abc9-deab-66c3-4202-000000001d00}
ProcessId: 1748
Image: C:\Windows\System32\WindowsPowerShell\v1.0\powershell.exe
TargetFilename: C:\Users\johnny.douche\AppData\Local\Microsoft\Windows\PowerShell\StartupProfileData-NonInteractive
CreationUtcTime: 2024-03-28 01:06:06.420
User: MY-CALDERA\johnny.douche"
MY-CAL-WIN10.my-caldera.local,11,"File created:
RuleName: DO
UtcTime: 2024-08-20 00:09:15.355
ProcessGuid: {ca24abc9-deaa-66c3-4002-000000001d00}
ProcessId: 5216
Image: C:\Windows\System32\WindowsPowerShell\v1.0\powershell.exe
TargetFilename: C:\Users\johnny.douche\AppData\Local\Microsoft\Windows\PowerShell\StartupProfileData-NonInteractive
CreationUtcTime: 2024-03-28 01:06:06.420
User: MY-CALDERA\johnny.douche"
MY-CAL-WIN10.my-caldera.local,11,"File created:
RuleName: DO
UtcTime: 2024-08-20 00:09:19.458
ProcessGuid: {ca24abc9-deaf-66c3-4802-000000001d00}
ProcessId: 8932
Image: C:\Windows\System32\WindowsPowerShell\v1.0\powershell.exe
TargetFilename: C:\Users\johnny.douche\AppData\Local\Microsoft\Windows\PowerShell\StartupProfileData-NonInteractive
CreationUtcTime: 2024-03-28 01:06:06.420
User: MY-CALDERA\johnny.douche"
MY-CAL-WIN10.my-caldera.local,11,"File created:
RuleName: DO
UtcTime: 2024-08-20 00:09:20.433
ProcessGuid: {ca24abc9-deaf-66c3-4a02-000000001d00}
ProcessId: 8076
Image: C:\Windows\System32\WindowsPowerShell\v1.0\powershell.exe
TargetFilename: C:\Users\johnny.douche\AppData\Local\Microsoft\Windows\PowerShell\StartupProfileData-NonInteractive
CreationUtcTime: 2024-03-28 01:06:06.420
User: MY-CALDERA\johnny.douche"
MY-CAL-WIN10.my-caldera.local,11,"File created:
RuleName: DO
UtcTime: 2024-08-20 00:09:19.867
ProcessGuid: {ca24abc9-deaf-66c3-4902-000000001d00}
ProcessId: 6612
Image: C:\Windows\System32\WindowsPowerShell\v1.0\powershell.exe
TargetFilename: C:\Users\johnny.douche\AppData\Local\Microsoft\Windows\PowerShell\StartupProfileData-NonInteractive
CreationUtcTime: 2024-03-28 01:06:06.420
User: MY-CALDERA\johnny.douche"
MY-CAL-WIN10.my-caldera.local,11,"File created:
RuleName: DO
UtcTime: 2024-08-20 00:09:21.757
ProcessGuid: {ca24abc9-deb1-66c3-4d02-000000001d00}
ProcessId: 2888
Image: C:\Windows\System32\WindowsPowerShell\v1.0\powershell.exe
TargetFilename: C:\Users\johnny.douche\AppData\Local\Microsoft\Windows\PowerShell\StartupProfileData-NonInteractive
CreationUtcTime: 2024-03-28 01:06:06.420
User: MY-CALDERA\johnny.douche"
MY-CAL-WIN10.my-caldera.local,11,"File created:
RuleName: Sysmonv1514
UtcTime: 2024-08-20 00:09:20.770
ProcessGuid: {ca24abc9-d6b1-66c3-ba00-000000001d00}
ProcessId: 6760
Image: C:\Program Files\WinlogBeat\winlogbeat.exe
TargetFilename: C:\ProgramData\winlogbeat\.winlogbeat.yml.new
CreationUtcTime: 2024-08-19 23:44:48.401
User: NT AUTHORITY\SYSTEM"
MY-CAL-WIN10.my-caldera.local,11,"File created:
RuleName: DO
UtcTime: 2024-08-20 00:09:20.817
ProcessGuid: {ca24abc9-deb0-66c3-4c02-000000001d00}
ProcessId: 2852
Image: C:\Windows\System32\WindowsPowerShell\v1.0\powershell.exe
TargetFilename: C:\Users\johnny.douche\AppData\Local\Microsoft\Windows\PowerShell\StartupProfileData-NonInteractive
CreationUtcTime: 2024-03-28 01:06:06.420
User: MY-CALDERA\johnny.douche"
MY-CAL-WIN10.my-caldera.local,11,"File created:
RuleName: Sysmonv1514
UtcTime: 2024-08-20 00:10:06.341
ProcessGuid: {ca24abc9-d6b1-66c3-ba00-000000001d00}
ProcessId: 6760
Image: C:\Program Files\WinlogBeat\winlogbeat.exe
TargetFilename: C:\ProgramData\winlogbeat\.winlogbeat.yml.new
CreationUtcTime: 2024-08-19 23:44:48.401
User: NT AUTHORITY\SYSTEM"
MY-CAL-WIN10.my-caldera.local,11,"File created:
RuleName: Sysmonv1514
UtcTime: 2024-08-20 00:11:01.163
ProcessGuid: {ca24abc9-dea1-66c3-3202-000000001d00}
ProcessId: 7328
Image: C:\Users\JOHNNY~1.DOU\AppData\Local\Temp\is-K1TPP.tmp\rubyinstaller-2.7.1-1-x64.tmp
TargetFilename: C:\Users\johnny.douche\AppData\Roaming\Microsoft\Windows\Start Menu\Programs\Ruby 2.7.1-1-x64
CreationUtcTime: 2024-08-20 00:11:01.163
User: MY-CALDERA\johnny.douche"
MY-CAL-WIN10.my-caldera.local,11,"File created:
RuleName: Sysmonv1514
UtcTime: 2024-08-20 00:11:01.251
ProcessGuid: {ca24abc9-dea1-66c3-3202-000000001d00}
ProcessId: 7328
Image: C:\Users\JOHNNY~1.DOU\AppData\Local\Temp\is-K1TPP.tmp\rubyinstaller-2.7.1-1-x64.tmp
TargetFilename: C:\Users\johnny.douche\AppData\Roaming\Microsoft\Windows\Start Menu\Programs\Ruby 2.7.1-1-x64\Interactive Ruby.lnk
CreationUtcTime: 2024-08-20 00:11:01.251
User: MY-CALDERA\johnny.douche"
MY-CAL-WIN10.my-caldera.local,11,"File created:
RuleName: Sysmonv1514
UtcTime: 2024-08-20 00:11:01.292
ProcessGuid: {ca24abc9-dea1-66c3-3202-000000001d00}
ProcessId: 7328
Image: C:\Users\JOHNNY~1.DOU\AppData\Local\Temp\is-K1TPP.tmp\rubyinstaller-2.7.1-1-x64.tmp
TargetFilename: C:\Users\johnny.douche\AppData\Roaming\Microsoft\Windows\Start Menu\Programs\Ruby 2.7.1-1-x64\Documentation
CreationUtcTime: 2024-08-20 00:11:01.291
User: MY-CALDERA\johnny.douche"
MY-CAL-WIN10.my-caldera.local,11,"File created:
RuleName: Sysmonv1514
UtcTime: 2024-08-20 00:11:01.336
ProcessGuid: {ca24abc9-dea1-66c3-3202-000000001d00}
ProcessId: 7328
Image: C:\Users\JOHNNY~1.DOU\AppData\Local\Temp\is-K1TPP.tmp\rubyinstaller-2.7.1-1-x64.tmp
TargetFilename: C:\Users\johnny.douche\AppData\Roaming\Microsoft\Windows\Start Menu\Programs\Ruby 2.7.1-1-x64\Documentation\Ruby 2.7.1 API Reference.lnk
CreationUtcTime: 2024-08-20 00:11:01.336
User: MY-CALDERA\johnny.douche"
MY-CAL-WIN10.my-caldera.local,11,"File created:
RuleName: Sysmonv1514
UtcTime: 2024-08-20 00:11:01.368
ProcessGuid: {ca24abc9-dea1-66c3-3202-000000001d00}
ProcessId: 7328
Image: C:\Users\JOHNNY~1.DOU\AppData\Local\Temp\is-K1TPP.tmp\rubyinstaller-2.7.1-1-x64.tmp
TargetFilename: C:\Users\johnny.douche\AppData\Roaming\Microsoft\Windows\Start Menu\Programs\Ruby 2.7.1-1-x64\RubyGems Documentation Server.lnk
CreationUtcTime: 2024-08-20 00:11:01.353
User: MY-CALDERA\johnny.douche"
MY-CAL-WIN10.my-caldera.local,11,"File created:
RuleName: Sysmonv1514
UtcTime: 2024-08-20 00:11:22.176
ProcessGuid: {ca24abc9-d6b1-66c3-ba00-000000001d00}
ProcessId: 6760
Image: C:\Program Files\WinlogBeat\winlogbeat.exe
TargetFilename: C:\ProgramData\winlogbeat\.winlogbeat.yml.new
CreationUtcTime: 2024-08-20 00:11:02.025
User: NT AUTHORITY\SYSTEM"
MY-CAL-WIN10.my-caldera.local,11,"File created:
RuleName: DO
UtcTime: 2024-08-20 00:11:32.046
ProcessGuid: {ca24abc9-df30-66c3-5902-000000001d00}
ProcessId: 3676
Image: C:\Windows\System32\WindowsPowerShell\v1.0\powershell.exe
TargetFilename: C:\Users\johnny.douche\AppData\Local\Microsoft\Windows\PowerShell\StartupProfileData-NonInteractive
CreationUtcTime: 2024-03-28 01:06:06.420
User: MY-CALDERA\johnny.douche"
MY-CAL-WIN10.my-caldera.local,11,"File created:
RuleName: Sysmonv1514
UtcTime: 2024-08-20 00:11:33.488
ProcessGuid: {ca24abc9-d6b1-66c3-ba00-000000001d00}
ProcessId: 6760
Image: C:\Program Files\WinlogBeat\winlogbeat.exe
TargetFilename: C:\ProgramData\winlogbeat\.winlogbeat.yml.new
CreationUtcTime: 2024-08-20 00:11:02.025
User: NT AUTHORITY\SYSTEM"
MY-CAL-WIN10.my-caldera.local,11,"File created:
RuleName: DO
UtcTime: 2024-08-20 00:11:33.749
ProcessGuid: {ca24abc9-df33-66c3-5d02-000000001d00}
ProcessId: 9500
Image: C:\AtomicRedTeam\ExternalPayloads\npcap_installer.exe
TargetFilename: C:\Users\JOHNNY~1.DOU\AppData\Local\Temp\nsrF90B.tmp
CreationUtcTime: 2024-08-20 00:11:33.748
User: MY-CALDERA\johnny.douche"
MY-CAL-WIN10.my-caldera.local,11,"File created:
RuleName: DO
UtcTime: 2024-08-20 00:11:33.754
ProcessGuid: {ca24abc9-df33-66c3-5d02-000000001d00}
ProcessId: 9500
Image: C:\AtomicRedTeam\ExternalPayloads\npcap_installer.exe
TargetFilename: C:\Users\JOHNNY~1.DOU\AppData\Local\Temp\nshF91C.tmp
CreationUtcTime: 2024-08-20 00:11:33.754
User: MY-CALDERA\johnny.douche"
MY-CAL-WIN10.my-caldera.local,11,"File created:
RuleName: DO
UtcTime: 2024-08-20 00:11:33.755
ProcessGuid: {ca24abc9-df33-66c3-5d02-000000001d00}
ProcessId: 9500
Image: C:\AtomicRedTeam\ExternalPayloads\npcap_installer.exe
TargetFilename: C:\Users\JOHNNY~1.DOU\AppData\Local\Temp\nshF91C.tmp
CreationUtcTime: 2024-08-20 00:11:33.754
User: MY-CALDERA\johnny.douche"
