MY-CAL-WIN10.my-caldera.local,11,"File created:
RuleName: DO
UtcTime: 2024-08-20 00:14:55.370
ProcessGuid: {ca24abc9-dffc-66c3-ef02-000000001d00}
ProcessId: 11020
Image: C:\Program Files (x86)\Microsoft Office\Root\Office16\WINWORD.EXE
TargetFilename: C:\Users\johnny.douche\AppData\Local\Microsoft\Office\16.0\winword.exe_Rules\rule120112v1.xml
CreationUtcTime: 2024-08-20 00:14:55.370
User: MY-CALDERA\johnny.douche"
MY-CAL-WIN10.my-caldera.local,11,"File created:
RuleName: DO
UtcTime: 2024-08-20 00:14:55.372
ProcessGuid: {ca24abc9-dffc-66c3-ef02-000000001d00}
ProcessId: 11020
Image: C:\Program Files (x86)\Microsoft Office\Root\Office16\WINWORD.EXE
TargetFilename: C:\Users\johnny.douche\AppData\Local\Microsoft\Office\16.0\winword.exe_Rules\rule120119v0.xml
CreationUtcTime: 2024-08-20 00:14:55.372
User: MY-CALDERA\johnny.douche"
MY-CAL-WIN10.my-caldera.local,11,"File created:
RuleName: DO
UtcTime: 2024-08-20 00:14:55.373
ProcessGuid: {ca24abc9-dffc-66c3-ef02-000000001d00}
ProcessId: 11020
Image: C:\Program Files (x86)\Microsoft Office\Root\Office16\WINWORD.EXE
TargetFilename: C:\Users\johnny.douche\AppData\Local\Microsoft\Office\16.0\winword.exe_Rules\rule120120v0.xml
CreationUtcTime: 2024-08-20 00:14:55.373
User: MY-CALDERA\johnny.douche"
MY-CAL-WIN10.my-caldera.local,11,"File created:
RuleName: DO
UtcTime: 2024-08-20 00:14:55.374
ProcessGuid: {ca24abc9-dffc-66c3-ef02-000000001d00}
ProcessId: 11020
Image: C:\Program Files (x86)\Microsoft Office\Root\Office16\WINWORD.EXE
TargetFilename: C:\Users\johnny.douche\AppData\Local\Microsoft\Office\16.0\winword.exe_Rules\rule120125v0.xml
CreationUtcTime: 2024-08-20 00:14:55.374
User: MY-CALDERA\johnny.douche"
MY-CAL-WIN10.my-caldera.local,11,"File created:
RuleName: DO
UtcTime: 2024-08-20 00:14:55.375
ProcessGuid: {ca24abc9-dffc-66c3-ef02-000000001d00}
ProcessId: 11020
Image: C:\Program Files (x86)\Microsoft Office\Root\Office16\WINWORD.EXE
TargetFilename: C:\Users\johnny.douche\AppData\Local\Microsoft\Office\16.0\winword.exe_Rules\rule120126v0.xml
CreationUtcTime: 2024-08-20 00:14:55.375
User: MY-CALDERA\johnny.douche"
MY-CAL-WIN10.my-caldera.local,11,"File created:
RuleName: DO
UtcTime: 2024-08-20 00:14:55.377
ProcessGuid: {ca24abc9-dffc-66c3-ef02-000000001d00}
ProcessId: 11020
Image: C:\Program Files (x86)\Microsoft Office\Root\Office16\WINWORD.EXE
TargetFilename: C:\Users\johnny.douche\AppData\Local\Microsoft\Office\16.0\winword.exe_Rules\rule120126v8.xml
CreationUtcTime: 2024-08-20 00:14:55.377
User: MY-CALDERA\johnny.douche"
MY-CAL-WIN10.my-caldera.local,11,"File created:
RuleName: DO
UtcTime: 2024-08-20 00:14:55.379
ProcessGuid: {ca24abc9-dffc-66c3-ef02-000000001d00}
ProcessId: 11020
Image: C:\Program Files (x86)\Microsoft Office\Root\Office16\WINWORD.EXE
TargetFilename: C:\Users\johnny.douche\AppData\Local\Microsoft\Office\16.0\winword.exe_Rules\rule120127v0.xml
CreationUtcTime: 2024-08-20 00:14:55.378
User: MY-CALDERA\johnny.douche"
MY-CAL-WIN10.my-caldera.local,11,"File created:
RuleName: DO
UtcTime: 2024-08-20 00:14:55.380
ProcessGuid: {ca24abc9-dffc-66c3-ef02-000000001d00}
ProcessId: 11020
Image: C:\Program Files (x86)\Microsoft Office\Root\Office16\WINWORD.EXE
TargetFilename: C:\Users\johnny.douche\AppData\Local\Microsoft\Office\16.0\winword.exe_Rules\rule120128v0.xml
CreationUtcTime: 2024-08-20 00:14:55.379
User: MY-CALDERA\johnny.douche"
MY-CAL-WIN10.my-caldera.local,11,"File created:
RuleName: DO
UtcTime: 2024-08-20 00:14:55.381
ProcessGuid: {ca24abc9-dffc-66c3-ef02-000000001d00}
ProcessId: 11020
Image: C:\Program Files (x86)\Microsoft Office\Root\Office16\WINWORD.EXE
TargetFilename: C:\Users\johnny.douche\AppData\Local\Microsoft\Office\16.0\winword.exe_Rules\rule12019v1.xml
CreationUtcTime: 2024-08-20 00:14:55.381
User: MY-CALDERA\johnny.douche"
MY-CAL-WIN10.my-caldera.local,11,"File created:
RuleName: DO
UtcTime: 2024-08-20 00:14:55.383
ProcessGuid: {ca24abc9-dffc-66c3-ef02-000000001d00}
ProcessId: 11020
Image: C:\Program Files (x86)\Microsoft Office\Root\Office16\WINWORD.EXE
TargetFilename: C:\Users\johnny.douche\AppData\Local\Microsoft\Office\16.0\winword.exe_Rules\rule120201v14.xml
CreationUtcTime: 2024-08-20 00:14:55.383
User: MY-CALDERA\johnny.douche"
MY-CAL-WIN10.my-caldera.local,11,"File created:
RuleName: DO
UtcTime: 2024-08-20 00:14:55.384
ProcessGuid: {ca24abc9-dffc-66c3-ef02-000000001d00}
ProcessId: 11020
Image: C:\Program Files (x86)\Microsoft Office\Root\Office16\WINWORD.EXE
TargetFilename: C:\Users\johnny.douche\AppData\Local\Microsoft\Office\16.0\winword.exe_Rules\rule120205v11.xml
CreationUtcTime: 2024-08-20 00:14:55.384
User: MY-CALDERA\johnny.douche"
MY-CAL-WIN10.my-caldera.local,11,"File created:
RuleName: DO
UtcTime: 2024-08-20 00:14:55.386
ProcessGuid: {ca24abc9-dffc-66c3-ef02-000000001d00}
ProcessId: 11020
Image: C:\Program Files (x86)\Microsoft Office\Root\Office16\WINWORD.EXE
TargetFilename: C:\Users\johnny.douche\AppData\Local\Microsoft\Office\16.0\winword.exe_Rules\rule120300v3.xml
CreationUtcTime: 2024-08-20 00:14:55.385
User: MY-CALDERA\johnny.douche"
MY-CAL-WIN10.my-caldera.local,11,"File created:
RuleName: DO
UtcTime: 2024-08-20 00:14:55.387
ProcessGuid: {ca24abc9-dffc-66c3-ef02-000000001d00}
ProcessId: 11020
Image: C:\Program Files (x86)\Microsoft Office\Root\Office16\WINWORD.EXE
TargetFilename: C:\Users\johnny.douche\AppData\Local\Microsoft\Office\16.0\winword.exe_Rules\rule120305v3.xml
CreationUtcTime: 2024-08-20 00:14:55.387
User: MY-CALDERA\johnny.douche"
MY-CAL-WIN10.my-caldera.local,11,"File created:
RuleName: DO
UtcTime: 2024-08-20 00:14:55.389
ProcessGuid: {ca24abc9-dffc-66c3-ef02-000000001d00}
ProcessId: 11020
Image: C:\Program Files (x86)\Microsoft Office\Root\Office16\WINWORD.EXE
TargetFilename: C:\Users\johnny.douche\AppData\Local\Microsoft\Office\16.0\winword.exe_Rules\rule120307v1.xml
CreationUtcTime: 2024-08-20 00:14:55.389
User: MY-CALDERA\johnny.douche"
MY-CAL-WIN10.my-caldera.local,11,"File created:
RuleName: DO
UtcTime: 2024-08-20 00:14:55.390
ProcessGuid: {ca24abc9-dffc-66c3-ef02-000000001d00}
ProcessId: 11020
Image: C:\Program Files (x86)\Microsoft Office\Root\Office16\WINWORD.EXE
TargetFilename: C:\Users\johnny.douche\AppData\Local\Microsoft\Office\16.0\winword.exe_Rules\rule12035v0.xml
CreationUtcTime: 2024-08-20 00:14:55.390
User: MY-CALDERA\johnny.douche"
MY-CAL-WIN10.my-caldera.local,11,"File created:
RuleName: DO
UtcTime: 2024-08-20 00:14:55.391
ProcessGuid: {ca24abc9-dffc-66c3-ef02-000000001d00}
ProcessId: 11020
Image: C:\Program Files (x86)\Microsoft Office\Root\Office16\WINWORD.EXE
TargetFilename: C:\Users\johnny.douche\AppData\Local\Microsoft\Office\16.0\winword.exe_Rules\rule120402v21.xml
CreationUtcTime: 2024-08-20 00:14:55.391
User: MY-CALDERA\johnny.douche"
MY-CAL-WIN10.my-caldera.local,11,"File created:
RuleName: DO
UtcTime: 2024-08-20 00:14:55.392
ProcessGuid: {ca24abc9-dffc-66c3-ef02-000000001d00}
ProcessId: 11020
Image: C:\Program Files (x86)\Microsoft Office\Root\Office16\WINWORD.EXE
TargetFilename: C:\Users\johnny.douche\AppData\Local\Microsoft\Office\16.0\winword.exe_Rules\rule120501v17.xml
CreationUtcTime: 2024-08-20 00:14:55.392
User: MY-CALDERA\johnny.douche"
MY-CAL-WIN10.my-caldera.local,11,"File created:
RuleName: DO
UtcTime: 2024-08-20 00:14:55.394
ProcessGuid: {ca24abc9-dffc-66c3-ef02-000000001d00}
ProcessId: 11020
Image: C:\Program Files (x86)\Microsoft Office\Root\Office16\WINWORD.EXE
TargetFilename: C:\Users\johnny.douche\AppData\Local\Microsoft\Office\16.0\winword.exe_Rules\rule120600v4.xml
CreationUtcTime: 2024-08-20 00:14:55.394
User: MY-CALDERA\johnny.douche"
MY-CAL-WIN10.my-caldera.local,11,"File created:
RuleName: DO
UtcTime: 2024-08-20 00:14:55.395
ProcessGuid: {ca24abc9-dffc-66c3-ef02-000000001d00}
ProcessId: 11020
Image: C:\Program Files (x86)\Microsoft Office\Root\Office16\WINWORD.EXE
TargetFilename: C:\Users\johnny.douche\AppData\Local\Microsoft\Office\16.0\winword.exe_Rules\rule120601v3.xml
CreationUtcTime: 2024-08-20 00:14:55.395
User: MY-CALDERA\johnny.douche"
MY-CAL-WIN10.my-caldera.local,11,"File created:
RuleName: DO
UtcTime: 2024-08-20 00:14:55.396
ProcessGuid: {ca24abc9-dffc-66c3-ef02-000000001d00}
ProcessId: 11020
Image: C:\Program Files (x86)\Microsoft Office\Root\Office16\WINWORD.EXE
TargetFilename: C:\Users\johnny.douche\AppData\Local\Microsoft\Office\16.0\winword.exe_Rules\rule120602v8.xml
CreationUtcTime: 2024-08-20 00:14:55.396
User: MY-CALDERA\johnny.douche"
MY-CAL-WIN10.my-caldera.local,11,"File created:
RuleName: DO
UtcTime: 2024-08-20 00:14:55.398
ProcessGuid: {ca24abc9-dffc-66c3-ef02-000000001d00}
ProcessId: 11020
Image: C:\Program Files (x86)\Microsoft Office\Root\Office16\WINWORD.EXE
TargetFilename: C:\Users\johnny.douche\AppData\Local\Microsoft\Office\16.0\winword.exe_Rules\rule120603v9.xml
CreationUtcTime: 2024-08-20 00:14:55.397
User: MY-CALDERA\johnny.douche"
MY-CAL-WIN10.my-caldera.local,11,"File created:
RuleName: DO
UtcTime: 2024-08-20 00:14:55.399
ProcessGuid: {ca24abc9-dffc-66c3-ef02-000000001d00}
ProcessId: 11020
Image: C:\Program Files (x86)\Microsoft Office\Root\Office16\WINWORD.EXE
TargetFilename: C:\Users\johnny.douche\AppData\Local\Microsoft\Office\16.0\winword.exe_Rules\rule120604v1.xml
CreationUtcTime: 2024-08-20 00:14:55.399
User: MY-CALDERA\johnny.douche"
MY-CAL-WIN10.my-caldera.local,11,"File created:
RuleName: DO
UtcTime: 2024-08-20 00:14:55.401
ProcessGuid: {ca24abc9-dffc-66c3-ef02-000000001d00}
ProcessId: 11020
Image: C:\Program Files (x86)\Microsoft Office\Root\Office16\WINWORD.EXE
TargetFilename: C:\Users\johnny.douche\AppData\Local\Microsoft\Office\16.0\winword.exe_Rules\rule120605v0.xml
CreationUtcTime: 2024-08-20 00:14:55.400
User: MY-CALDERA\johnny.douche"
MY-CAL-WIN10.my-caldera.local,11,"File created:
RuleName: DO
UtcTime: 2024-08-20 00:14:55.402
ProcessGuid: {ca24abc9-dffc-66c3-ef02-000000001d00}
ProcessId: 11020
Image: C:\Program Files (x86)\Microsoft Office\Root\Office16\WINWORD.EXE
TargetFilename: C:\Users\johnny.douche\AppData\Local\Microsoft\Office\16.0\winword.exe_Rules\rule120607v1.xml
CreationUtcTime: 2024-08-20 00:14:55.402
User: MY-CALDERA\johnny.douche"
MY-CAL-WIN10.my-caldera.local,11,"File created:
RuleName: DO
UtcTime: 2024-08-20 00:14:55.403
ProcessGuid: {ca24abc9-dffc-66c3-ef02-000000001d00}
ProcessId: 11020
Image: C:\Program Files (x86)\Microsoft Office\Root\Office16\WINWORD.EXE
TargetFilename: C:\Users\johnny.douche\AppData\Local\Microsoft\Office\16.0\winword.exe_Rules\rule120608v0.xml
CreationUtcTime: 2024-08-20 00:14:55.403
User: MY-CALDERA\johnny.douche"
MY-CAL-WIN10.my-caldera.local,11,"File created:
RuleName: DO
UtcTime: 2024-08-20 00:14:55.405
ProcessGuid: {ca24abc9-dffc-66c3-ef02-000000001d00}
ProcessId: 11020
Image: C:\Program Files (x86)\Microsoft Office\Root\Office16\WINWORD.EXE
TargetFilename: C:\Users\johnny.douche\AppData\Local\Microsoft\Office\16.0\winword.exe_Rules\rule120609v0.xml
CreationUtcTime: 2024-08-20 00:14:55.405
User: MY-CALDERA\johnny.douche"
MY-CAL-WIN10.my-caldera.local,11,"File created:
RuleName: DO
UtcTime: 2024-08-20 00:14:55.409
ProcessGuid: {ca24abc9-dffc-66c3-ef02-000000001d00}
ProcessId: 11020
Image: C:\Program Files (x86)\Microsoft Office\Root\Office16\WINWORD.EXE
TargetFilename: C:\Users\johnny.douche\AppData\Local\Microsoft\Office\16.0\winword.exe_Rules\rule120610v0.xml
CreationUtcTime: 2024-08-20 00:14:55.406
User: MY-CALDERA\johnny.douche"
MY-CAL-WIN10.my-caldera.local,11,"File created:
RuleName: DO
UtcTime: 2024-08-20 00:14:55.411
ProcessGuid: {ca24abc9-dffc-66c3-ef02-000000001d00}
ProcessId: 11020
Image: C:\Program Files (x86)\Microsoft Office\Root\Office16\WINWORD.EXE
TargetFilename: C:\Users\johnny.douche\AppData\Local\Microsoft\Office\16.0\winword.exe_Rules\rule120611v0.xml
CreationUtcTime: 2024-08-20 00:14:55.410
User: MY-CALDERA\johnny.douche"
MY-CAL-WIN10.my-caldera.local,11,"File created:
RuleName: DO
UtcTime: 2024-08-20 00:14:55.412
ProcessGuid: {ca24abc9-dffc-66c3-ef02-000000001d00}
ProcessId: 11020
Image: C:\Program Files (x86)\Microsoft Office\Root\Office16\WINWORD.EXE
TargetFilename: C:\Users\johnny.douche\AppData\Local\Microsoft\Office\16.0\winword.exe_Rules\rule120612v0.xml
CreationUtcTime: 2024-08-20 00:14:55.412
User: MY-CALDERA\johnny.douche"
MY-CAL-WIN10.my-caldera.local,11,"File created:
RuleName: DO
UtcTime: 2024-08-20 00:14:55.414
ProcessGuid: {ca24abc9-dffc-66c3-ef02-000000001d00}
ProcessId: 11020
Image: C:\Program Files (x86)\Microsoft Office\Root\Office16\WINWORD.EXE
TargetFilename: C:\Users\johnny.douche\AppData\Local\Microsoft\Office\16.0\winword.exe_Rules\rule120613v0.xml
CreationUtcTime: 2024-08-20 00:14:55.414
User: MY-CALDERA\johnny.douche"
MY-CAL-WIN10.my-caldera.local,11,"File created:
RuleName: DO
UtcTime: 2024-08-20 00:14:55.415
ProcessGuid: {ca24abc9-dffc-66c3-ef02-000000001d00}
ProcessId: 11020
Image: C:\Program Files (x86)\Microsoft Office\Root\Office16\WINWORD.EXE
TargetFilename: C:\Users\johnny.douche\AppData\Local\Microsoft\Office\16.0\winword.exe_Rules\rule120614v0.xml
CreationUtcTime: 2024-08-20 00:14:55.415
User: MY-CALDERA\johnny.douche"
MY-CAL-WIN10.my-caldera.local,11,"File created:
RuleName: DO
UtcTime: 2024-08-20 00:14:55.416
ProcessGuid: {ca24abc9-dffc-66c3-ef02-000000001d00}
ProcessId: 11020
Image: C:\Program Files (x86)\Microsoft Office\Root\Office16\WINWORD.EXE
TargetFilename: C:\Users\johnny.douche\AppData\Local\Microsoft\Office\16.0\winword.exe_Rules\rule120615v0.xml
CreationUtcTime: 2024-08-20 00:14:55.416
User: MY-CALDERA\johnny.douche"
MY-CAL-WIN10.my-caldera.local,11,"File created:
RuleName: DO
UtcTime: 2024-08-20 00:14:55.417
ProcessGuid: {ca24abc9-dffc-66c3-ef02-000000001d00}
ProcessId: 11020
Image: C:\Program Files (x86)\Microsoft Office\Root\Office16\WINWORD.EXE
TargetFilename: C:\Users\johnny.douche\AppData\Local\Microsoft\Office\16.0\winword.exe_Rules\rule120616v0.xml
CreationUtcTime: 2024-08-20 00:14:55.417
User: MY-CALDERA\johnny.douche"
MY-CAL-WIN10.my-caldera.local,11,"File created:
RuleName: DO
UtcTime: 2024-08-20 00:14:55.419
ProcessGuid: {ca24abc9-dffc-66c3-ef02-000000001d00}
ProcessId: 11020
Image: C:\Program Files (x86)\Microsoft Office\Root\Office16\WINWORD.EXE
TargetFilename: C:\Users\johnny.douche\AppData\Local\Microsoft\Office\16.0\winword.exe_Rules\rule120617v0.xml
CreationUtcTime: 2024-08-20 00:14:55.419
User: MY-CALDERA\johnny.douche"
MY-CAL-WIN10.my-caldera.local,11,"File created:
RuleName: DO
UtcTime: 2024-08-20 00:14:55.420
ProcessGuid: {ca24abc9-dffc-66c3-ef02-000000001d00}
ProcessId: 11020
Image: C:\Program Files (x86)\Microsoft Office\Root\Office16\WINWORD.EXE
TargetFilename: C:\Users\johnny.douche\AppData\Local\Microsoft\Office\16.0\winword.exe_Rules\rule120618v0.xml
CreationUtcTime: 2024-08-20 00:14:55.420
User: MY-CALDERA\johnny.douche"
MY-CAL-WIN10.my-caldera.local,11,"File created:
RuleName: DO
UtcTime: 2024-08-20 00:14:54.988
ProcessGuid: {ca24abc9-dffc-66c3-ef02-000000001d00}
ProcessId: 11020
Image: C:\Program Files (x86)\Microsoft Office\Root\Office16\WINWORD.EXE
TargetFilename: C:\Users\johnny.douche\AppData\Local\Microsoft\FontCache\4\CatalogCacheMetaData2.xml
CreationUtcTime: 2024-08-20 00:14:38.197
User: MY-CALDERA\johnny.douche"
MY-CAL-WIN10.my-caldera.local,11,"File created:
RuleName: DO
UtcTime: 2024-08-20 00:14:54.985
ProcessGuid: {ca24abc9-dffc-66c3-ef02-000000001d00}
ProcessId: 11020
Image: C:\Program Files (x86)\Microsoft Office\Root\Office16\WINWORD.EXE
TargetFilename: C:\Users\johnny.douche\AppData\Local\Microsoft\FontCache\4\CatalogCacheMetaData2.xml
CreationUtcTime: 2024-08-20 00:14:38.197
User: MY-CALDERA\johnny.douche"
MY-CAL-WIN10.my-caldera.local,11,"File created:
RuleName: DO
UtcTime: 2024-08-20 00:14:54.990
ProcessGuid: {ca24abc9-dffc-66c3-ef02-000000001d00}
ProcessId: 11020
Image: C:\Program Files (x86)\Microsoft Office\Root\Office16\WINWORD.EXE
TargetFilename: C:\Users\johnny.douche\AppData\Local\Microsoft\FontCache\4\CatalogCacheMetaData2.xml
CreationUtcTime: 2024-08-20 00:14:38.197
User: MY-CALDERA\johnny.douche"
MY-CAL-WIN10.my-caldera.local,11,"File created:
RuleName: DO
UtcTime: 2024-08-20 00:14:54.992
ProcessGuid: {ca24abc9-dffc-66c3-ef02-000000001d00}
ProcessId: 11020
Image: C:\Program Files (x86)\Microsoft Office\Root\Office16\WINWORD.EXE
TargetFilename: C:\Users\johnny.douche\AppData\Local\Microsoft\FontCache\4\CatalogCacheMetaData2.xml
CreationUtcTime: 2024-08-20 00:14:38.197
User: MY-CALDERA\johnny.douche"
MY-CAL-WIN10.my-caldera.local,11,"File created:
RuleName: DO
UtcTime: 2024-08-20 00:14:54.994
ProcessGuid: {ca24abc9-dffc-66c3-ef02-000000001d00}
ProcessId: 11020
Image: C:\Program Files (x86)\Microsoft Office\Root\Office16\WINWORD.EXE
TargetFilename: C:\Users\johnny.douche\AppData\Local\Microsoft\FontCache\4\CatalogCacheMetaData2.xml
CreationUtcTime: 2024-08-20 00:14:38.197
User: MY-CALDERA\johnny.douche"
MY-CAL-WIN10.my-caldera.local,11,"File created:
RuleName: DO
UtcTime: 2024-08-20 00:14:54.997
ProcessGuid: {ca24abc9-dffc-66c3-ef02-000000001d00}
ProcessId: 11020
Image: C:\Program Files (x86)\Microsoft Office\Root\Office16\WINWORD.EXE
TargetFilename: C:\Users\johnny.douche\AppData\Local\Microsoft\FontCache\4\CatalogCacheMetaData2.xml
CreationUtcTime: 2024-08-20 00:14:38.197
User: MY-CALDERA\johnny.douche"
MY-CAL-WIN10.my-caldera.local,11,"File created:
RuleName: DO
UtcTime: 2024-08-20 00:14:54.999
ProcessGuid: {ca24abc9-dffc-66c3-ef02-000000001d00}
ProcessId: 11020
Image: C:\Program Files (x86)\Microsoft Office\Root\Office16\WINWORD.EXE
TargetFilename: C:\Users\johnny.douche\AppData\Local\Microsoft\FontCache\4\CatalogCacheMetaData2.xml
CreationUtcTime: 2024-08-20 00:14:38.197
User: MY-CALDERA\johnny.douche"
MY-CAL-WIN10.my-caldera.local,11,"File created:
RuleName: DO
UtcTime: 2024-08-20 00:14:55.002
ProcessGuid: {ca24abc9-dffc-66c3-ef02-000000001d00}
ProcessId: 11020
Image: C:\Program Files (x86)\Microsoft Office\Root\Office16\WINWORD.EXE
TargetFilename: C:\Users\johnny.douche\AppData\Local\Microsoft\FontCache\4\CatalogCacheMetaData2.xml
CreationUtcTime: 2024-08-20 00:14:38.197
User: MY-CALDERA\johnny.douche"
MY-CAL-WIN10.my-caldera.local,11,"File created:
RuleName: DO
UtcTime: 2024-08-20 00:14:55.004
ProcessGuid: {ca24abc9-dffc-66c3-ef02-000000001d00}
ProcessId: 11020
Image: C:\Program Files (x86)\Microsoft Office\Root\Office16\WINWORD.EXE
TargetFilename: C:\Users\johnny.douche\AppData\Local\Microsoft\FontCache\4\CatalogCacheMetaData2.xml
CreationUtcTime: 2024-08-20 00:14:38.197
User: MY-CALDERA\johnny.douche"
MY-CAL-WIN10.my-caldera.local,11,"File created:
RuleName: DO
UtcTime: 2024-08-20 00:14:55.007
ProcessGuid: {ca24abc9-dffc-66c3-ef02-000000001d00}
ProcessId: 11020
Image: C:\Program Files (x86)\Microsoft Office\Root\Office16\WINWORD.EXE
TargetFilename: C:\Users\johnny.douche\AppData\Local\Microsoft\FontCache\4\CatalogCacheMetaData2.xml
CreationUtcTime: 2024-08-20 00:14:38.197
User: MY-CALDERA\johnny.douche"
MY-CAL-WIN10.my-caldera.local,11,"File created:
RuleName: DO
UtcTime: 2024-08-20 00:14:55.009
ProcessGuid: {ca24abc9-dffc-66c3-ef02-000000001d00}
ProcessId: 11020
Image: C:\Program Files (x86)\Microsoft Office\Root\Office16\WINWORD.EXE
TargetFilename: C:\Users\johnny.douche\AppData\Local\Microsoft\FontCache\4\CatalogCacheMetaData2.xml
CreationUtcTime: 2024-08-20 00:14:38.197
User: MY-CALDERA\johnny.douche"
MY-CAL-WIN10.my-caldera.local,11,"File created:
RuleName: DO
UtcTime: 2024-08-20 00:14:55.012
ProcessGuid: {ca24abc9-dffc-66c3-ef02-000000001d00}
ProcessId: 11020
Image: C:\Program Files (x86)\Microsoft Office\Root\Office16\WINWORD.EXE
TargetFilename: C:\Users\johnny.douche\AppData\Local\Microsoft\FontCache\4\CatalogCacheMetaData2.xml
CreationUtcTime: 2024-08-20 00:14:38.197
User: MY-CALDERA\johnny.douche"
MY-CAL-WIN10.my-caldera.local,11,"File created:
RuleName: DO
UtcTime: 2024-08-20 00:14:54.979
ProcessGuid: {ca24abc9-dffc-66c3-ef02-000000001d00}
ProcessId: 11020
Image: C:\Program Files (x86)\Microsoft Office\Root\Office16\WINWORD.EXE
TargetFilename: C:\Users\johnny.douche\AppData\Local\Microsoft\FontCache\4\CatalogCacheMetaData2.xml
CreationUtcTime: 2024-08-20 00:14:38.197
User: MY-CALDERA\johnny.douche"
MY-CAL-WIN10.my-caldera.local,11,"File created:
RuleName: Sysmonv1514
UtcTime: 2024-08-20 00:00:23.934
ProcessGuid: {ca24abc9-d6b1-66c3-ba00-000000001d00}
ProcessId: 6760
Image: C:\Program Files\WinlogBeat\winlogbeat.exe
TargetFilename: C:\ProgramData\winlogbeat\.winlogbeat.yml.new
CreationUtcTime: 2024-08-19 23:44:48.401
User: NT AUTHORITY\SYSTEM"
MY-CAL-WIN10.my-caldera.local,11,"File created:
RuleName: Sysmonv1514
UtcTime: 2024-08-20 00:00:59.010
ProcessGuid: {ca24abc9-d6b1-66c3-ba00-000000001d00}
ProcessId: 6760
Image: C:\Program Files\WinlogBeat\winlogbeat.exe
TargetFilename: C:\ProgramData\winlogbeat\.winlogbeat.yml.new
CreationUtcTime: 2024-08-19 23:44:48.401
User: NT AUTHORITY\SYSTEM"
MY-CAL-WIN10.my-caldera.local,11,"File created:
RuleName: Sysmonv1514
UtcTime: 2024-08-20 00:02:14.469
ProcessGuid: {ca24abc9-d6b1-66c3-ba00-000000001d00}
ProcessId: 6760
Image: C:\Program Files\WinlogBeat\winlogbeat.exe
TargetFilename: C:\ProgramData\winlogbeat\.winlogbeat.yml.new
CreationUtcTime: 2024-08-19 23:44:48.401
User: NT AUTHORITY\SYSTEM"
MY-CAL-WIN10.my-caldera.local,11,"File created:
RuleName: Sysmonv1514
UtcTime: 2024-08-20 00:03:29.895
ProcessGuid: {ca24abc9-d6b1-66c3-ba00-000000001d00}
ProcessId: 6760
Image: C:\Program Files\WinlogBeat\winlogbeat.exe
TargetFilename: C:\ProgramData\winlogbeat\.winlogbeat.yml.new
CreationUtcTime: 2024-08-19 23:44:48.401
User: NT AUTHORITY\SYSTEM"
MY-CAL-WIN10.my-caldera.local,11,"File created:
RuleName: DO
UtcTime: 2024-08-20 00:05:01.911
ProcessGuid: {ca24abc9-dc4c-66c3-9501-000000001d00}
ProcessId: 8332
Image: C:\Windows\System32\WindowsPowerShell\v1.0\powershell.exe
TargetFilename: C:\Users\johnny.douche\AppData\Local\Temp\2fk3xvjn
CreationUtcTime: 2024-08-20 00:05:01.911
User: MY-CALDERA\johnny.douche"
MY-CAL-WIN10.my-caldera.local,11,"File created:
RuleName: DO
UtcTime: 2024-08-20 00:05:01.914
ProcessGuid: {ca24abc9-dc4c-66c3-9501-000000001d00}
ProcessId: 8332
Image: C:\Windows\System32\WindowsPowerShell\v1.0\powershell.exe
TargetFilename: C:\Users\johnny.douche\AppData\Local\Temp\2fk3xvjn\2fk3xvjn.tmp
CreationUtcTime: 2024-08-20 00:05:01.913
User: MY-CALDERA\johnny.douche"
MY-CAL-WIN10.my-caldera.local,11,"File created:
RuleName: DO
UtcTime: 2024-08-20 00:05:01.914
ProcessGuid: {ca24abc9-dc4c-66c3-9501-000000001d00}
ProcessId: 8332
Image: C:\Windows\System32\WindowsPowerShell\v1.0\powershell.exe
TargetFilename: C:\Users\johnny.douche\AppData\Local\Temp\2fk3xvjn\2fk3xvjn.0.cs
CreationUtcTime: 2024-08-20 00:05:01.914
User: MY-CALDERA\johnny.douche"
MY-CAL-WIN10.my-caldera.local,11,"File created:
RuleName: DLL
UtcTime: 2024-08-20 00:05:01.916
ProcessGuid: {ca24abc9-dc4c-66c3-9501-000000001d00}
ProcessId: 8332
Image: C:\Windows\System32\WindowsPowerShell\v1.0\powershell.exe
TargetFilename: C:\Users\johnny.douche\AppData\Local\Temp\2fk3xvjn\2fk3xvjn.dll
CreationUtcTime: 2024-08-20 00:05:01.916
User: MY-CALDERA\johnny.douche"
MY-CAL-WIN10.my-caldera.local,11,"File created:
RuleName: Sysmonv1514
UtcTime: 2024-08-20 00:05:01.917
ProcessGuid: {ca24abc9-dc4c-66c3-9501-000000001d00}
ProcessId: 8332
Image: C:\Windows\System32\WindowsPowerShell\v1.0\powershell.exe
TargetFilename: C:\Users\johnny.douche\AppData\Local\Temp\2fk3xvjn\2fk3xvjn.cmdline
CreationUtcTime: 2024-08-20 00:05:01.917
User: MY-CALDERA\johnny.douche"
MY-CAL-WIN10.my-caldera.local,11,"File created:
RuleName: DO
UtcTime: 2024-08-20 00:05:01.921
ProcessGuid: {ca24abc9-dc4c-66c3-9501-000000001d00}
ProcessId: 8332
Image: C:\Windows\System32\WindowsPowerShell\v1.0\powershell.exe
TargetFilename: C:\Users\johnny.douche\AppData\Local\Temp\2fk3xvjn\2fk3xvjn.out
CreationUtcTime: 2024-08-20 00:05:01.919
User: MY-CALDERA\johnny.douche"
MY-CAL-WIN10.my-caldera.local,11,"File created:
RuleName: DO
UtcTime: 2024-08-20 00:05:01.922
ProcessGuid: {ca24abc9-dc4c-66c3-9501-000000001d00}
ProcessId: 8332
Image: C:\Windows\System32\WindowsPowerShell\v1.0\powershell.exe
TargetFilename: C:\Users\johnny.douche\AppData\Local\Temp\2fk3xvjn\2fk3xvjn.err
CreationUtcTime: 2024-08-20 00:05:01.922
User: MY-CALDERA\johnny.douche"
MY-CAL-WIN10.my-caldera.local,11,"File created:
RuleName: DO
UtcTime: 2024-08-20 00:05:02.086
ProcessGuid: {ca24abc9-ddad-66c3-a001-000000001d00}
ProcessId: 5212
Image: C:\Windows\Microsoft.NET\Framework64\v4.0.30319\csc.exe
TargetFilename: C:\Users\johnny.douche\AppData\Local\Temp\2fk3xvjn\CSC8C96A42CD382455E81D360C619B6DF2A.TMP
CreationUtcTime: 2024-08-20 00:05:02.086
User: MY-CALDERA\johnny.douche"
MY-CAL-WIN10.my-caldera.local,11,"File created:
RuleName: DO
UtcTime: 2024-08-20 00:05:02.088
ProcessGuid: {ca24abc9-ddad-66c3-a001-000000001d00}
ProcessId: 5212
Image: C:\Windows\Microsoft.NET\Framework64\v4.0.30319\csc.exe
TargetFilename: C:\Users\JOHNNY~1.DOU\AppData\Local\Temp\RESFF23.tmp
CreationUtcTime: 2024-08-20 00:05:02.088
User: MY-CALDERA\johnny.douche"
MY-CAL-WIN10.my-caldera.local,11,"File created:
RuleName: DO
UtcTime: 2024-08-20 00:05:02.116
ProcessGuid: {ca24abc9-ddae-66c3-a101-000000001d00}
ProcessId: 1292
Image: C:\Windows\Microsoft.NET\Framework64\v4.0.30319\cvtres.exe
TargetFilename: C:\Users\JOHNNY~1.DOU\AppData\Local\Temp\RESFF23.tmp
CreationUtcTime: 2024-08-20 00:05:02.088
User: MY-CALDERA\johnny.douche"
MY-CAL-WIN10.my-caldera.local,11,"File created:
RuleName: DLL
UtcTime: 2024-08-20 00:05:02.126
ProcessGuid: {ca24abc9-ddad-66c3-a001-000000001d00}
ProcessId: 5212
Image: C:\Windows\Microsoft.NET\Framework64\v4.0.30319\csc.exe
TargetFilename: C:\Users\johnny.douche\AppData\Local\Temp\2fk3xvjn\2fk3xvjn.dll
CreationUtcTime: 2024-08-20 00:05:01.916
User: MY-CALDERA\johnny.douche"
MY-CAL-WIN10.my-caldera.local,11,"File created:
RuleName: DO
UtcTime: 2024-08-20 00:05:17.783
ProcessGuid: {ca24abc9-ddbd-66c3-a801-000000001d00}
ProcessId: 5020
Image: C:\Program Files\Microsoft OneDrive\24.151.0728.0003\FileCoAuth.exe
TargetFilename: C:\Users\johnny.douche\AppData\Local\Microsoft\OneDrive\logs\Common\FileCoAuth-2024-08-20.0005.5020.1.aodl
CreationUtcTime: 2024-08-20 00:05:17.783
User: MY-CALDERA\johnny.douche"
MY-CAL-WIN10.my-caldera.local,11,"File created:
RuleName: Sysmonv1514
UtcTime: 2024-08-20 00:06:54.893
ProcessGuid: {ca24abc9-d6b1-66c3-ba00-000000001d00}
ProcessId: 6760
Image: C:\Program Files\WinlogBeat\winlogbeat.exe
TargetFilename: C:\ProgramData\winlogbeat\.winlogbeat.yml.new
CreationUtcTime: 2024-08-19 23:44:48.401
User: NT AUTHORITY\SYSTEM"
MY-CAL-WIN10.my-caldera.local,11,"File created:
RuleName: Sysmonv1514
UtcTime: 2024-08-20 00:07:19.964
ProcessGuid: {ca24abc9-d6b1-66c3-ba00-000000001d00}
ProcessId: 6760
Image: C:\Program Files\WinlogBeat\winlogbeat.exe
TargetFilename: C:\ProgramData\winlogbeat\.winlogbeat.yml.new
CreationUtcTime: 2024-08-19 23:44:48.401
User: NT AUTHORITY\SYSTEM"
MY-CAL-WIN10.my-caldera.local,11,"File created:
RuleName: DO
UtcTime: 2024-08-20 00:07:46.046
ProcessGuid: {ca24abc9-de51-66c3-bd01-000000001d00}
ProcessId: 2108
Image: C:\Windows\System32\WindowsPowerShell\v1.0\powershell.exe
TargetFilename: C:\Users\johnny.douche\AppData\Local\Microsoft\Windows\PowerShell\StartupProfileData-NonInteractive
CreationUtcTime: 2024-03-28 01:06:06.420
User: MY-CALDERA\johnny.douche"
MY-CAL-WIN10.my-caldera.local,11,"File created:
RuleName: Sysmonv1514
UtcTime: 2024-08-20 00:08:04.660
ProcessGuid: {ca24abc9-d6b1-66c3-ba00-000000001d00}
ProcessId: 6760
Image: C:\Program Files\WinlogBeat\winlogbeat.exe
TargetFilename: C:\ProgramData\winlogbeat\.winlogbeat.yml.new
CreationUtcTime: 2024-08-19 23:44:48.401
User: NT AUTHORITY\SYSTEM"
MY-CAL-WIN10.my-caldera.local,11,"File created:
RuleName: Sysmonv1514
UtcTime: 2024-08-20 00:08:55.560
ProcessGuid: {ca24abc9-d6b1-66c3-ba00-000000001d00}
ProcessId: 6760
Image: C:\Program Files\WinlogBeat\winlogbeat.exe
TargetFilename: C:\ProgramData\winlogbeat\.winlogbeat.yml.new
CreationUtcTime: 2024-08-19 23:44:48.401
User: NT AUTHORITY\SYSTEM"
MY-CAL-WIN10.my-caldera.local,11,"File created:
RuleName: DO
UtcTime: 2024-08-20 00:09:11.242
ProcessGuid: {ca24abc9-dea6-66c3-3b02-000000001d00}
ProcessId: 3264
Image: C:\Windows\System32\WindowsPowerShell\v1.0\powershell.exe
TargetFilename: C:\Users\johnny.douche\AppData\Local\Microsoft\Windows\PowerShell\StartupProfileData-NonInteractive
CreationUtcTime: 2024-03-28 01:06:06.420
User: MY-CALDERA\johnny.douche"
MY-CAL-WIN10.my-caldera.local,11,"File created:
RuleName: DO
UtcTime: 2024-08-20 00:09:11.747
ProcessGuid: {ca24abc9-dea7-66c3-3c02-000000001d00}
ProcessId: 4816
Image: C:\Windows\System32\WindowsPowerShell\v1.0\powershell.exe
TargetFilename: C:\Users\johnny.douche\AppData\Local\Microsoft\Windows\PowerShell\StartupProfileData-NonInteractive
CreationUtcTime: 2024-03-28 01:06:06.420
User: MY-CALDERA\johnny.douche"
MY-CAL-WIN10.my-caldera.local,11,"File created:
RuleName: DO
UtcTime: 2024-08-20 00:09:12.274
ProcessGuid: {ca24abc9-dea7-66c3-3d02-000000001d00}
ProcessId: 5668
Image: C:\Windows\System32\WindowsPowerShell\v1.0\powershell.exe
TargetFilename: C:\Users\johnny.douche\AppData\Local\Microsoft\Windows\PowerShell\StartupProfileData-NonInteractive
CreationUtcTime: 2024-03-28 01:06:06.420
User: MY-CALDERA\johnny.douche"
MY-CAL-WIN10.my-caldera.local,11,"File created:
RuleName: DO
UtcTime: 2024-08-20 00:09:17.638
ProcessGuid: {ca24abc9-dead-66c3-4302-000000001d00}
ProcessId: 3348
Image: C:\Windows\System32\WindowsPowerShell\v1.0\powershell.exe
TargetFilename: C:\Users\johnny.douche\AppData\Local\Microsoft\Windows\PowerShell\StartupProfileData-NonInteractive
CreationUtcTime: 2024-03-28 01:06:06.420
User: MY-CALDERA\johnny.douche"
MY-CAL-WIN10.my-caldera.local,11,"File created:
RuleName: DO
UtcTime: 2024-08-20 00:09:18.662
ProcessGuid: {ca24abc9-deae-66c3-4502-000000001d00}
ProcessId: 6364
Image: C:\Windows\System32\WindowsPowerShell\v1.0\powershell.exe
TargetFilename: C:\Users\johnny.douche\AppData\Local\Microsoft\Windows\PowerShell\StartupProfileData-NonInteractive
CreationUtcTime: 2024-03-28 01:06:06.420
User: MY-CALDERA\johnny.douche"
MY-CAL-WIN10.my-caldera.local,11,"File created:
RuleName: DO
UtcTime: 2024-08-20 00:09:18.097
ProcessGuid: {ca24abc9-dead-66c3-4402-000000001d00}
ProcessId: 3996
Image: C:\Windows\System32\WindowsPowerShell\v1.0\powershell.exe
TargetFilename: C:\Users\johnny.douche\AppData\Local\Microsoft\Windows\PowerShell\StartupProfileData-NonInteractive
CreationUtcTime: 2024-03-28 01:06:06.420
User: MY-CALDERA\johnny.douche"
MY-CAL-WIN10.my-caldera.local,11,"File created:
RuleName: DO
UtcTime: 2024-08-20 00:09:19.036
ProcessGuid: {ca24abc9-deae-66c3-4702-000000001d00}
ProcessId: 9004
Image: C:\Windows\System32\WindowsPowerShell\v1.0\powershell.exe
TargetFilename: C:\Users\johnny.douche\AppData\Local\Microsoft\Windows\PowerShell\StartupProfileData-NonInteractive
CreationUtcTime: 2024-03-28 01:06:06.420
User: MY-CALDERA\johnny.douche"
MY-CAL-WIN10.my-caldera.local,11,"File created:
RuleName: Sysmonv1514
UtcTime: 2024-08-20 00:09:41.274
ProcessGuid: {ca24abc9-d6b1-66c3-ba00-000000001d00}
ProcessId: 6760
Image: C:\Program Files\WinlogBeat\winlogbeat.exe
TargetFilename: C:\ProgramData\winlogbeat\.winlogbeat.yml.new
CreationUtcTime: 2024-08-19 23:44:48.401
User: NT AUTHORITY\SYSTEM"
MY-CAL-WIN10.my-caldera.local,11,"File created:
RuleName: Sysmonv1514
UtcTime: 2024-08-20 00:10:16.366
ProcessGuid: {ca24abc9-d6b1-66c3-ba00-000000001d00}
ProcessId: 6760
Image: C:\Program Files\WinlogBeat\winlogbeat.exe
TargetFilename: C:\ProgramData\winlogbeat\.winlogbeat.yml.new
CreationUtcTime: 2024-08-19 23:44:48.401
User: NT AUTHORITY\SYSTEM"
MY-CAL-WIN10.my-caldera.local,11,"File created:
RuleName: Sysmonv1514
UtcTime: 2024-08-20 00:10:41.531
ProcessGuid: {ca24abc9-d6b1-66c3-ba00-000000001d00}
ProcessId: 6760
Image: C:\Program Files\WinlogBeat\winlogbeat.exe
TargetFilename: C:\ProgramData\winlogbeat\.winlogbeat.yml.new
CreationUtcTime: 2024-08-20 00:10:41.516
User: NT AUTHORITY\SYSTEM"
MY-CAL-WIN10.my-caldera.local,11,"File created:
RuleName: DLL
UtcTime: 2024-08-20 00:11:42.482
ProcessGuid: {ca24abc9-df33-66c3-5d02-000000001d00}
ProcessId: 9500
Image: C:\AtomicRedTeam\ExternalPayloads\npcap_installer.exe
TargetFilename: C:\Users\JOHNNY~1.DOU\AppData\Local\Temp\nshF91D.tmp\InstallOptions.dll
CreationUtcTime: 2024-08-20 00:11:42.480
User: MY-CALDERA\johnny.douche"
MY-CAL-WIN10.my-caldera.local,11,"File created:
RuleName: Sysmonv1514
UtcTime: 2024-08-20 00:11:51.017
ProcessGuid: {ca24abc9-d6b1-66c3-ba00-000000001d00}
ProcessId: 6760
Image: C:\Program Files\WinlogBeat\winlogbeat.exe
TargetFilename: C:\ProgramData\winlogbeat\.winlogbeat.yml.new
CreationUtcTime: 2024-08-20 00:11:02.025
User: NT AUTHORITY\SYSTEM"
MY-CAL-WIN10.my-caldera.local,11,"File created:
RuleName: Sysmonv1514
UtcTime: 2024-08-20 00:11:51.790
ProcessGuid: {ca24abc9-d62f-66c3-4300-000000001d00}
ProcessId: 3280
Image: C:\Windows\System32\svchost.exe
TargetFilename: C:\ProgramData\Microsoft\Diagnosis\DownloadedScenarios\windows.diag_ondemand.xml.new
CreationUtcTime: 2024-08-20 00:11:51.790
User: NT AUTHORITY\SYSTEM"
MY-CAL-WIN10.my-caldera.local,11,"File created:
RuleName: DO
UtcTime: 2024-08-20 00:11:51.807
ProcessGuid: {ca24abc9-df47-66c3-6d02-000000001d00}
ProcessId: 9008
Image: C:\Program Files\Npcap\NPFInstall.exe
TargetFilename: C:\Users\JOHNNY~1.DOU\AppData\Local\Temp\{3a5f70ca-657e-6a45-b70a-7a09eaabb977}
CreationUtcTime: 2024-08-20 00:11:51.806
User: MY-CALDERA\johnny.douche"
MY-CAL-WIN10.my-caldera.local,11,"File created:
RuleName: DO
UtcTime: 2024-08-20 00:11:51.827
ProcessGuid: {ca24abc9-df47-66c3-6d02-000000001d00}
ProcessId: 9008
Image: C:\Program Files\Npcap\NPFInstall.exe
TargetFilename: C:\Users\JOHNNY~1.DOU\AppData\Local\Temp\{3a5f70ca-657e-6a45-b70a-7a09eaabb977}\SET3FA9.tmp
CreationUtcTime: 2024-08-20 00:11:51.826
User: MY-CALDERA\johnny.douche"
MY-CAL-WIN10.my-caldera.local,11,"File created:
RuleName: DO
UtcTime: 2024-08-20 00:11:51.831
ProcessGuid: {ca24abc9-df47-66c3-6d02-000000001d00}
ProcessId: 9008
Image: C:\Program Files\Npcap\NPFInstall.exe
TargetFilename: C:\Users\JOHNNY~1.DOU\AppData\Local\Temp\{3a5f70ca-657e-6a45-b70a-7a09eaabb977}\SET3FA9.tmp
CreationUtcTime: 2024-08-20 00:11:51.826
User: MY-CALDERA\johnny.douche"
MY-CAL-WIN10.my-caldera.local,11,"File created:
RuleName: DO
UtcTime: 2024-08-20 00:11:51.838
ProcessGuid: {ca24abc9-df47-66c3-6d02-000000001d00}
ProcessId: 9008
Image: C:\Program Files\Npcap\NPFInstall.exe
TargetFilename: C:\Users\JOHNNY~1.DOU\AppData\Local\Temp\{3a5f70ca-657e-6a45-b70a-7a09eaabb977}\SET3FBA.tmp
CreationUtcTime: 2024-08-20 00:11:51.837
User: MY-CALDERA\johnny.douche"
MY-CAL-WIN10.my-caldera.local,11,"File created:
RuleName: DO
UtcTime: 2024-08-20 00:11:51.842
ProcessGuid: {ca24abc9-df47-66c3-6d02-000000001d00}
ProcessId: 9008
Image: C:\Program Files\Npcap\NPFInstall.exe
TargetFilename: C:\Users\JOHNNY~1.DOU\AppData\Local\Temp\{3a5f70ca-657e-6a45-b70a-7a09eaabb977}\SET3FBA.tmp
CreationUtcTime: 2024-08-20 00:11:51.837
User: MY-CALDERA\johnny.douche"
MY-CAL-WIN10.my-caldera.local,11,"File created:
RuleName: DO
UtcTime: 2024-08-20 00:11:51.848
ProcessGuid: {ca24abc9-df47-66c3-6d02-000000001d00}
ProcessId: 9008
Image: C:\Program Files\Npcap\NPFInstall.exe
TargetFilename: C:\Users\JOHNNY~1.DOU\AppData\Local\Temp\{3a5f70ca-657e-6a45-b70a-7a09eaabb977}\SET3FCB.tmp
CreationUtcTime: 2024-08-20 00:11:51.848
User: MY-CALDERA\johnny.douche"
MY-CAL-WIN10.my-caldera.local,11,"File created:
RuleName: DO
UtcTime: 2024-08-20 00:11:51.852
ProcessGuid: {ca24abc9-df47-66c3-6d02-000000001d00}
ProcessId: 9008
Image: C:\Program Files\Npcap\NPFInstall.exe
TargetFilename: C:\Users\JOHNNY~1.DOU\AppData\Local\Temp\{3a5f70ca-657e-6a45-b70a-7a09eaabb977}\SET3FCB.tmp
CreationUtcTime: 2024-08-20 00:11:51.848
User: MY-CALDERA\johnny.douche"
MY-CAL-WIN10.my-caldera.local,11,"File created:
RuleName: Sysmonv1514
UtcTime: 2024-08-20 00:11:52.258
ProcessGuid: {ca24abc9-df48-66c3-7102-000000001d00}
ProcessId: 8680
Image: C:\Windows\system32\DrvInst.exe
TargetFilename: C:\Windows\System32\DriverStore\FileRepository\npcap.inf_amd64_2ac96279239fa8cb
CreationUtcTime: 2024-08-20 00:11:52.258
User: NT AUTHORITY\SYSTEM"
MY-CAL-WIN10.my-caldera.local,11,"File created:
RuleName: Sysmonv1514
UtcTime: 2024-08-20 00:11:52.267
ProcessGuid: {ca24abc9-df48-66c3-7102-000000001d00}
ProcessId: 8680
Image: C:\Windows\system32\DrvInst.exe
TargetFilename: C:\Windows\System32\DriverStore\drvstore.tmp
CreationUtcTime: 2024-08-20 00:11:52.266
User: NT AUTHORITY\SYSTEM"
MY-CAL-WIN10.my-caldera.local,11,"File created:
RuleName: Sysmonv1514
UtcTime: 2024-08-20 00:12:06.053
ProcessGuid: {ca24abc9-d6b1-66c3-ba00-000000001d00}
ProcessId: 6760
Image: C:\Program Files\WinlogBeat\winlogbeat.exe
TargetFilename: C:\ProgramData\winlogbeat\.winlogbeat.yml.new
CreationUtcTime: 2024-08-20 00:11:02.025
User: NT AUTHORITY\SYSTEM"
MY-CAL-WIN10.my-caldera.local,11,"File created:
RuleName: DLL
UtcTime: 2024-08-20 00:12:38.125
ProcessGuid: {ca24abc9-df74-66c3-7c02-000000001d00}
ProcessId: 2020
Image: C:\AtomicRedTeam\ExternalPayloads\nmap-7.80-setup.exe
TargetFilename: C:\Program Files (x86)\Nmap\libssh2.dll
CreationUtcTime: 2024-08-20 00:12:38.125
User: MY-CALDERA\johnny.douche"
MY-CAL-WIN10.my-caldera.local,11,"File created:
RuleName: DLL
UtcTime: 2024-08-20 00:12:38.144
ProcessGuid: {ca24abc9-df74-66c3-7c02-000000001d00}
ProcessId: 2020
Image: C:\AtomicRedTeam\ExternalPayloads\nmap-7.80-setup.exe
TargetFilename: C:\Program Files (x86)\Nmap\zlibwapi.dll
CreationUtcTime: 2024-08-20 00:12:38.144
User: MY-CALDERA\johnny.douche"
MY-CAL-WIN10.my-caldera.local,11,"File created:
RuleName: DLL
UtcTime: 2024-08-20 00:12:38.250
ProcessGuid: {ca24abc9-df74-66c3-7c02-000000001d00}
ProcessId: 2020
Image: C:\AtomicRedTeam\ExternalPayloads\nmap-7.80-setup.exe
TargetFilename: C:\Program Files (x86)\Nmap\libeay32.dll
CreationUtcTime: 2024-08-20 00:12:38.250
User: MY-CALDERA\johnny.douche"
MY-CAL-WIN10.my-caldera.local,11,"File created:
RuleName: DLL
UtcTime: 2024-08-20 00:12:38.363
ProcessGuid: {ca24abc9-df74-66c3-7c02-000000001d00}
ProcessId: 2020
Image: C:\AtomicRedTeam\ExternalPayloads\nmap-7.80-setup.exe
TargetFilename: C:\Program Files (x86)\Nmap\ssleay32.dll
CreationUtcTime: 2024-08-20 00:12:38.363
User: MY-CALDERA\johnny.douche"
MY-CAL-WIN10.my-caldera.local,11,"File created:
RuleName: EXE
UtcTime: 2024-08-20 00:12:58.929
ProcessGuid: {ca24abc9-df74-66c3-7c02-000000001d00}
ProcessId: 2020
Image: C:\AtomicRedTeam\ExternalPayloads\nmap-7.80-setup.exe
TargetFilename: C:\Program Files (x86)\Nmap\Uninstall.exe
CreationUtcTime: 2024-08-20 00:12:58.929
User: MY-CALDERA\johnny.douche"
MY-CAL-WIN10.my-caldera.local,11,"File created:
RuleName: EXE
UtcTime: 2024-08-20 00:12:59.818
ProcessGuid: {ca24abc9-df74-66c3-7c02-000000001d00}
ProcessId: 2020
Image: C:\AtomicRedTeam\ExternalPayloads\nmap-7.80-setup.exe
TargetFilename: C:\Users\JOHNNY~1.DOU\AppData\Local\Temp\nskF158.tmp\npcap-0.9982-oem.exe
CreationUtcTime: 2024-08-20 00:12:59.745
User: MY-CALDERA\johnny.douche"
MY-CAL-WIN10.my-caldera.local,11,"File created:
RuleName: DO
UtcTime: 2024-08-20 00:13:00.400
ProcessGuid: {ca24abc9-df8c-66c3-8d02-000000001d00}
ProcessId: 2904
Image: C:\Users\JOHNNY~1.DOU\AppData\Local\Temp\nskF158.tmp\npcap-0.9982-oem.exe
TargetFilename: C:\Users\JOHNNY~1.DOU\AppData\Local\Temp\nsp4B8B.tmp
CreationUtcTime: 2024-08-20 00:13:00.400
User: MY-CALDERA\johnny.douche"
MY-CAL-WIN10.my-caldera.local,11,"File created:
RuleName: DO
UtcTime: 2024-08-20 00:13:00.405
ProcessGuid: {ca24abc9-df8c-66c3-8d02-000000001d00}
ProcessId: 2904
Image: C:\Users\JOHNNY~1.DOU\AppData\Local\Temp\nskF158.tmp\npcap-0.9982-oem.exe
TargetFilename: C:\Users\JOHNNY~1.DOU\AppData\Local\Temp\nsf4B9C.tmp
CreationUtcTime: 2024-08-20 00:13:00.405
User: MY-CALDERA\johnny.douche"
MY-CAL-WIN10.my-caldera.local,11,"File created:
RuleName: DO
UtcTime: 2024-08-20 00:13:00.406
ProcessGuid: {ca24abc9-df8c-66c3-8d02-000000001d00}
ProcessId: 2904
Image: C:\Users\JOHNNY~1.DOU\AppData\Local\Temp\nskF158.tmp\npcap-0.9982-oem.exe
TargetFilename: C:\Users\JOHNNY~1.DOU\AppData\Local\Temp\nsf4B9C.tmp
CreationUtcTime: 2024-08-20 00:13:00.405
User: MY-CALDERA\johnny.douche"
MY-CAL-WIN10.my-caldera.local,11,"File created:
RuleName: DO
UtcTime: 2024-08-20 00:13:00.411
ProcessGuid: {ca24abc9-df8c-66c3-8d02-000000001d00}
ProcessId: 2904
Image: C:\Users\JOHNNY~1.DOU\AppData\Local\Temp\nskF158.tmp\npcap-0.9982-oem.exe
TargetFilename: C:\Users\JOHNNY~1.DOU\AppData\Local\Temp\nsf4B9D.tmp
CreationUtcTime: 2024-08-20 00:13:00.411
User: MY-CALDERA\johnny.douche"
MY-CAL-WIN10.my-caldera.local,11,"File created:
RuleName: DO
UtcTime: 2024-08-20 00:13:00.413
ProcessGuid: {ca24abc9-df8c-66c3-8d02-000000001d00}
ProcessId: 2904
Image: C:\Users\JOHNNY~1.DOU\AppData\Local\Temp\nskF158.tmp\npcap-0.9982-oem.exe
TargetFilename: C:\Users\JOHNNY~1.DOU\AppData\Local\Temp\nsf4B9D.tmp
CreationUtcTime: 2024-08-20 00:13:00.413
User: MY-CALDERA\johnny.douche"
MY-CAL-WIN10.my-caldera.local,11,"File created:
RuleName: DO
UtcTime: 2024-08-20 00:13:00.414
ProcessGuid: {ca24abc9-df8c-66c3-8d02-000000001d00}
ProcessId: 2904
Image: C:\Users\JOHNNY~1.DOU\AppData\Local\Temp\nskF158.tmp\npcap-0.9982-oem.exe
TargetFilename: C:\Users\JOHNNY~1.DOU\AppData\Local\Temp\nsf4B9D.tmp\options.ini
CreationUtcTime: 2024-08-20 00:13:00.414
User: MY-CALDERA\johnny.douche"
MY-CAL-WIN10.my-caldera.local,11,"File created:
RuleName: DO
UtcTime: 2024-08-20 00:13:00.418
ProcessGuid: {ca24abc9-df8c-66c3-8d02-000000001d00}
ProcessId: 2904
Image: C:\Users\JOHNNY~1.DOU\AppData\Local\Temp\nskF158.tmp\npcap-0.9982-oem.exe
TargetFilename: C:\Users\JOHNNY~1.DOU\AppData\Local\Temp\nsf4B9D.tmp\final.ini
CreationUtcTime: 2024-08-20 00:13:00.418
User: MY-CALDERA\johnny.douche"
MY-CAL-WIN10.my-caldera.local,11,"File created:
RuleName: DLL
UtcTime: 2024-08-20 00:13:00.421
ProcessGuid: {ca24abc9-df8c-66c3-8d02-000000001d00}
ProcessId: 2904
Image: C:\Users\JOHNNY~1.DOU\AppData\Local\Temp\nskF158.tmp\npcap-0.9982-oem.exe
TargetFilename: C:\Users\JOHNNY~1.DOU\AppData\Local\Temp\nsf4B9D.tmp\System.dll
CreationUtcTime: 2024-08-20 00:13:00.421
User: MY-CALDERA\johnny.douche"
MY-CAL-WIN10.my-caldera.local,11,"File created:
RuleName: DLL
UtcTime: 2024-08-20 00:13:01.958
ProcessGuid: {ca24abc9-df8d-66c3-8e02-000000001d00}
ProcessId: 5036
Image: C:\Program Files\Npcap\uninstall.exe
TargetFilename: C:\Users\JOHNNY~1.DOU\AppData\Local\Temp\nsx5178.tmp\nsExec.dll
CreationUtcTime: 2024-08-20 00:13:01.958
User: MY-CALDERA\johnny.douche"
MY-CAL-WIN10.my-caldera.local,11,"File created:
RuleName: DO
UtcTime: 2024-08-20 00:13:01.896
ProcessGuid: {ca24abc9-df8d-66c3-8e02-000000001d00}
ProcessId: 5036
Image: C:\Program Files\Npcap\uninstall.exe
TargetFilename: C:\Users\JOHNNY~1.DOU\AppData\Local\Temp\nsh5167.tmp
CreationUtcTime: 2024-08-20 00:13:01.896
User: MY-CALDERA\johnny.douche"
MY-CAL-WIN10.my-caldera.local,11,"File created:
RuleName: DO
UtcTime: 2024-08-20 00:13:01.907
ProcessGuid: {ca24abc9-df8d-66c3-8e02-000000001d00}
ProcessId: 5036
Image: C:\Program Files\Npcap\uninstall.exe
TargetFilename: C:\Users\JOHNNY~1.DOU\AppData\Local\Temp\nsx5178.tmp
CreationUtcTime: 2024-08-20 00:13:01.907
User: MY-CALDERA\johnny.douche"
MY-CAL-WIN10.my-caldera.local,11,"File created:
RuleName: DO
UtcTime: 2024-08-20 00:13:01.909
ProcessGuid: {ca24abc9-df8d-66c3-8e02-000000001d00}
ProcessId: 5036
Image: C:\Program Files\Npcap\uninstall.exe
TargetFilename: C:\Users\JOHNNY~1.DOU\AppData\Local\Temp\nsx5178.tmp
CreationUtcTime: 2024-08-20 00:13:01.909
User: MY-CALDERA\johnny.douche"
MY-CAL-WIN10.my-caldera.local,11,"File created:
RuleName: DLL
UtcTime: 2024-08-20 00:13:01.910
ProcessGuid: {ca24abc9-df8d-66c3-8e02-000000001d00}
ProcessId: 5036
Image: C:\Program Files\Npcap\uninstall.exe
TargetFilename: C:\Users\JOHNNY~1.DOU\AppData\Local\Temp\nsx5178.tmp\System.dll
CreationUtcTime: 2024-08-20 00:13:01.910
User: MY-CALDERA\johnny.douche"
MY-CAL-WIN10.my-caldera.local,11,"File created:
RuleName: Sysmonv1514
UtcTime: 2024-08-20 00:13:02.564
ProcessGuid: {ca24abc9-d6b1-66c3-ba00-000000001d00}
ProcessId: 6760
Image: C:\Program Files\WinlogBeat\winlogbeat.exe
TargetFilename: C:\ProgramData\winlogbeat\.winlogbeat.yml.new
CreationUtcTime: 2024-08-20 00:11:02.025
User: NT AUTHORITY\SYSTEM"
MY-CAL-WIN10.my-caldera.local,11,"File created:
RuleName: DLL
UtcTime: 2024-08-20 00:13:01.195
ProcessGuid: {ca24abc9-df8c-66c3-8d02-000000001d00}
ProcessId: 2904
Image: C:\Users\JOHNNY~1.DOU\AppData\Local\Temp\nskF158.tmp\npcap-0.9982-oem.exe
TargetFilename: C:\Users\JOHNNY~1.DOU\AppData\Local\Temp\nsf4B9D.tmp\SimpleSC.dll
CreationUtcTime: 2024-08-20 00:13:01.194
User: MY-CALDERA\johnny.douche"
MY-CAL-WIN10.my-caldera.local,11,"File created:
RuleName: DLL
UtcTime: 2024-08-20 00:13:01.602
ProcessGuid: {ca24abc9-df8c-66c3-8d02-000000001d00}
ProcessId: 2904
Image: C:\Users\JOHNNY~1.DOU\AppData\Local\Temp\nskF158.tmp\npcap-0.9982-oem.exe
TargetFilename: C:\Users\JOHNNY~1.DOU\AppData\Local\Temp\nsf4B9D.tmp\nsExec.dll
CreationUtcTime: 2024-08-20 00:13:01.601
User: MY-CALDERA\johnny.douche"
MY-CAL-WIN10.my-caldera.local,11,"File created:
RuleName: CER
UtcTime: 2024-08-20 00:13:09.724
ProcessGuid: {ca24abc9-df8c-66c3-8d02-000000001d00}
ProcessId: 2904
Image: C:\Users\JOHNNY~1.DOU\AppData\Local\Temp\nskF158.tmp\npcap-0.9982-oem.exe
TargetFilename: C:\Users\JOHNNY~1.DOU\AppData\Local\Temp\nsf4B9D.tmp\Insecure-EV.cer
CreationUtcTime: 2024-08-20 00:13:09.724
User: MY-CALDERA\johnny.douche"
MY-CAL-WIN10.my-caldera.local,11,"File created:
RuleName: Sysmonv1514
UtcTime: 2024-08-20 00:13:17.612
ProcessGuid: {ca24abc9-df9c-66c3-b702-000000001d00}
ProcessId: 2824
Image: C:\Windows\System32\WindowsPowerShell\v1.0\powershell.exe
TargetFilename: C:\AtomicRedTeam\ExternalPayloads\dnsexfil.ps1
CreationUtcTime: 2024-08-20 00:13:17.612
User: MY-CALDERA\johnny.douche"
MY-CAL-WIN10.my-caldera.local,11,"File created:
RuleName: DO
UtcTime: 2024-08-20 00:13:19.313
ProcessGuid: {ca24abc9-df9e-66c3-bd02-000000001d00}
ProcessId: 6440
Image: C:\Windows\System32\WindowsPowerShell\v1.0\powershell.exe
TargetFilename: C:\Users\johnny.douche\AppData\Local\Microsoft\Windows\PowerShell\StartupProfileData-NonInteractive
CreationUtcTime: 2024-03-28 01:06:06.420
User: MY-CALDERA\johnny.douche"
MY-CAL-WIN10.my-caldera.local,11,"File created:
RuleName: Sysmonv1514
UtcTime: 2024-08-20 00:13:19.598
ProcessGuid: {ca24abc9-df8c-66c3-8d02-000000001d00}
ProcessId: 2904
Image: C:\Users\JOHNNY~1.DOU\AppData\Local\Temp\nskF158.tmp\npcap-0.9982-oem.exe
TargetFilename: C:\Program Files\Npcap\CheckStatus.bat
CreationUtcTime: 2021-04-21 20:46:46.000
User: MY-CALDERA\johnny.douche"
MY-CAL-WIN10.my-caldera.local,11,"File created:
RuleName: DO
UtcTime: 2024-08-20 00:13:18.688
ProcessGuid: {ca24abc9-df9e-66c3-bc02-000000001d00}
ProcessId: 9648
Image: C:\Windows\System32\WindowsPowerShell\v1.0\powershell.exe
TargetFilename: C:\Users\johnny.douche\AppData\Local\Microsoft\Windows\PowerShell\StartupProfileData-NonInteractive
CreationUtcTime: 2024-03-28 01:06:06.420
User: MY-CALDERA\johnny.douche"
MY-CAL-WIN10.my-caldera.local,11,"File created:
RuleName: DO
UtcTime: 2024-08-20 00:13:18.164
ProcessGuid: {ca24abc9-df9c-66c3-b702-000000001d00}
ProcessId: 2824
Image: C:\Windows\System32\WindowsPowerShell\v1.0\powershell.exe
TargetFilename: C:\Users\johnny.douche\AppData\Local\Microsoft\Windows\PowerShell\StartupProfileData-NonInteractive
CreationUtcTime: 2024-03-28 01:06:06.420
User: MY-CALDERA\johnny.douche"
MY-CAL-WIN10.my-caldera.local,11,"File created:
RuleName: DLL
UtcTime: 2024-08-20 00:13:27.585
ProcessGuid: {ca24abc9-df74-66c3-7c02-000000001d00}
ProcessId: 2020
Image: C:\AtomicRedTeam\ExternalPayloads\nmap-7.80-setup.exe
TargetFilename: C:\Program Files (x86)\Nmap\py2exe\intl.dll
CreationUtcTime: 2024-08-20 00:13:27.585
User: MY-CALDERA\johnny.douche"
MY-CAL-WIN10.my-caldera.local,11,"File created:
RuleName: DLL
UtcTime: 2024-08-20 00:13:27.590
ProcessGuid: {ca24abc9-df74-66c3-7c02-000000001d00}
ProcessId: 2020
Image: C:\AtomicRedTeam\ExternalPayloads\nmap-7.80-setup.exe
TargetFilename: C:\Program Files (x86)\Nmap\py2exe\libasprintf-0.dll
CreationUtcTime: 2024-08-20 00:13:27.590
User: MY-CALDERA\johnny.douche"
MY-CAL-WIN10.my-caldera.local,11,"File created:
RuleName: Sysmonv1514
UtcTime: 2024-08-20 00:13:27.111
ProcessGuid: {ca24abc9-d6b1-66c3-ba00-000000001d00}
ProcessId: 6760
Image: C:\Program Files\WinlogBeat\winlogbeat.exe
TargetFilename: C:\ProgramData\winlogbeat\.winlogbeat.yml.new
CreationUtcTime: 2024-08-20 00:11:02.025
User: NT AUTHORITY\SYSTEM"
MY-CAL-WIN10.my-caldera.local,11,"File created:
RuleName: Downloads
UtcTime: 2024-08-20 00:13:27.175
ProcessGuid: {ca24abc9-dfa7-66c3-c902-000000001d00}
ProcessId: 10256
Image: C:\Windows\system32\fsutil.exe
TargetFilename: C:\Users\Public\Downloads\exfil.zip
CreationUtcTime: 2024-08-20 00:13:27.174
User: MY-CALDERA\johnny.douche"
MY-CAL-WIN10.my-caldera.local,11,"File created:
RuleName: DO
UtcTime: 2024-08-20 00:13:27.197
ProcessGuid: {ca24abc9-dfa0-66c3-c302-000000001d00}
ProcessId: 7564
Image: C:\Windows\System32\WindowsPowerShell\v1.0\powershell.exe
TargetFilename: C:\Users\johnny.douche\AppData\Local\Microsoft\Windows\PowerShell\StartupProfileData-NonInteractive
CreationUtcTime: 2024-03-28 01:06:06.420
User: MY-CALDERA\johnny.douche"
MY-CAL-WIN10.my-caldera.local,11,"File created:
RuleName: DLL
UtcTime: 2024-08-20 00:13:27.822
ProcessGuid: {ca24abc9-df74-66c3-7c02-000000001d00}
ProcessId: 2020
Image: C:\AtomicRedTeam\ExternalPayloads\nmap-7.80-setup.exe
TargetFilename: C:\Program Files (x86)\Nmap\py2exe\libfontconfig-1.dll
CreationUtcTime: 2024-08-20 00:13:27.821
User: MY-CALDERA\johnny.douche"
MY-CAL-WIN10.my-caldera.local,11,"File created:
RuleName: DO
UtcTime: 2024-08-20 00:13:27.822
ProcessGuid: {ca24abc9-dfa7-66c3-cb02-000000001d00}
ProcessId: 10360
Image: C:\Windows\System32\WindowsPowerShell\v1.0\powershell.exe
TargetFilename: C:\Users\johnny.douche\AppData\Local\Microsoft\Windows\PowerShell\StartupProfileData-NonInteractive
CreationUtcTime: 2024-03-28 01:06:06.420
User: MY-CALDERA\johnny.douche"
