MY-CAL-WIN10.my-caldera.local,11,"File created:
RuleName: DO
UtcTime: 2024-08-20 00:32:39.443
ProcessGuid: {ca24abc9-e426-66c3-8a06-000000001d00}
ProcessId: 10424
Image: C:\Windows\System32\WindowsPowerShell\v1.0\powershell.exe
TargetFilename: C:\Users\johnny.douche\AppData\Local\Temp\i5v1tejl\i5v1tejl.tmp
CreationUtcTime: 2024-08-20 00:32:39.443
User: MY-CALDERA\johnny.douche"
MY-CAL-WIN10.my-caldera.local,11,"File created:
RuleName: DO
UtcTime: 2024-08-20 00:32:39.444
ProcessGuid: {ca24abc9-e426-66c3-8a06-000000001d00}
ProcessId: 10424
Image: C:\Windows\System32\WindowsPowerShell\v1.0\powershell.exe
TargetFilename: C:\Users\johnny.douche\AppData\Local\Temp\i5v1tejl\i5v1tejl.0.cs
CreationUtcTime: 2024-08-20 00:32:39.444
User: MY-CALDERA\johnny.douche"
MY-CAL-WIN10.my-caldera.local,11,"File created:
RuleName: DLL
UtcTime: 2024-08-20 00:32:39.446
ProcessGuid: {ca24abc9-e426-66c3-8a06-000000001d00}
ProcessId: 10424
Image: C:\Windows\System32\WindowsPowerShell\v1.0\powershell.exe
TargetFilename: C:\Users\johnny.douche\AppData\Local\Temp\i5v1tejl\i5v1tejl.dll
CreationUtcTime: 2024-08-20 00:32:39.445
User: MY-CALDERA\johnny.douche"
MY-CAL-WIN10.my-caldera.local,11,"File created:
RuleName: Sysmonv1514
UtcTime: 2024-08-20 00:32:39.447
ProcessGuid: {ca24abc9-e426-66c3-8a06-000000001d00}
ProcessId: 10424
Image: C:\Windows\System32\WindowsPowerShell\v1.0\powershell.exe
TargetFilename: C:\Users\johnny.douche\AppData\Local\Temp\i5v1tejl\i5v1tejl.cmdline
CreationUtcTime: 2024-08-20 00:32:39.446
User: MY-CALDERA\johnny.douche"
MY-CAL-WIN10.my-caldera.local,11,"File created:
RuleName: DO
UtcTime: 2024-08-20 00:32:39.451
ProcessGuid: {ca24abc9-e426-66c3-8a06-000000001d00}
ProcessId: 10424
Image: C:\Windows\System32\WindowsPowerShell\v1.0\powershell.exe
TargetFilename: C:\Users\johnny.douche\AppData\Local\Temp\i5v1tejl\i5v1tejl.out
CreationUtcTime: 2024-08-20 00:32:39.449
User: MY-CALDERA\johnny.douche"
MY-CAL-WIN10.my-caldera.local,11,"File created:
RuleName: DO
UtcTime: 2024-08-20 00:32:39.452
ProcessGuid: {ca24abc9-e426-66c3-8a06-000000001d00}
ProcessId: 10424
Image: C:\Windows\System32\WindowsPowerShell\v1.0\powershell.exe
TargetFilename: C:\Users\johnny.douche\AppData\Local\Temp\i5v1tejl\i5v1tejl.err
CreationUtcTime: 2024-08-20 00:32:39.452
User: MY-CALDERA\johnny.douche"
MY-CAL-WIN10.my-caldera.local,11,"File created:
RuleName: DO
UtcTime: 2024-08-20 00:32:39.603
ProcessGuid: {ca24abc9-e427-66c3-8c06-000000001d00}
ProcessId: 8168
Image: C:\Windows\Microsoft.NET\Framework64\v4.0.30319\csc.exe
TargetFilename: C:\Users\johnny.douche\AppData\Local\Temp\i5v1tejl\CSC9B8171F7DD0B407C805F4CC1FC3B4E5B.TMP
CreationUtcTime: 2024-08-20 00:32:39.603
User: MY-CALDERA\johnny.douche"
MY-CAL-WIN10.my-caldera.local,11,"File created:
RuleName: DO
UtcTime: 2024-08-20 00:32:39.605
ProcessGuid: {ca24abc9-e427-66c3-8c06-000000001d00}
ProcessId: 8168
Image: C:\Windows\Microsoft.NET\Framework64\v4.0.30319\csc.exe
TargetFilename: C:\Users\JOHNNY~1.DOU\AppData\Local\Temp\RES49CF.tmp
CreationUtcTime: 2024-08-20 00:32:39.605
User: MY-CALDERA\johnny.douche"
MY-CAL-WIN10.my-caldera.local,11,"File created:
RuleName: DO
UtcTime: 2024-08-20 00:32:39.629
ProcessGuid: {ca24abc9-e427-66c3-8d06-000000001d00}
ProcessId: 4860
Image: C:\Windows\Microsoft.NET\Framework64\v4.0.30319\cvtres.exe
TargetFilename: C:\Users\JOHNNY~1.DOU\AppData\Local\Temp\RES49CF.tmp
CreationUtcTime: 2024-08-20 00:32:39.605
User: MY-CALDERA\johnny.douche"
MY-CAL-WIN10.my-caldera.local,11,"File created:
RuleName: DLL
UtcTime: 2024-08-20 00:32:39.638
ProcessGuid: {ca24abc9-e427-66c3-8c06-000000001d00}
ProcessId: 8168
Image: C:\Windows\Microsoft.NET\Framework64\v4.0.30319\csc.exe
TargetFilename: C:\Users\johnny.douche\AppData\Local\Temp\i5v1tejl\i5v1tejl.dll
CreationUtcTime: 2024-08-20 00:32:39.445
User: MY-CALDERA\johnny.douche"
MY-CAL-WIN10.my-caldera.local,11,"File created:
RuleName: DO
UtcTime: 2024-08-20 00:32:42.797
ProcessGuid: {ca24abc9-e42a-66c3-8f06-000000001d00}
ProcessId: 10084
Image: C:\Windows\System32\WindowsPowerShell\v1.0\powershell.exe
TargetFilename: C:\Users\johnny.douche\AppData\Local\Microsoft\Windows\PowerShell\StartupProfileData-NonInteractive
CreationUtcTime: 2024-03-28 01:06:06.420
User: MY-CALDERA\johnny.douche"
MY-CAL-WIN10.my-caldera.local,11,"File created:
RuleName: DO
UtcTime: 2024-08-20 00:32:42.404
ProcessGuid: {ca24abc9-e42a-66c3-8e06-000000001d00}
ProcessId: 3020
Image: C:\Windows\System32\WindowsPowerShell\v1.0\powershell.exe
TargetFilename: C:\Users\johnny.douche\AppData\Local\Microsoft\Windows\PowerShell\StartupProfileData-NonInteractive
CreationUtcTime: 2024-03-28 01:06:06.420
User: MY-CALDERA\johnny.douche"
MY-CAL-WIN10.my-caldera.local,11,"File created:
RuleName: Sysmonv1514
UtcTime: 2024-08-20 00:32:49.928
ProcessGuid: {ca24abc9-d6b1-66c3-ba00-000000001d00}
ProcessId: 6760
Image: C:\Program Files\WinlogBeat\winlogbeat.exe
TargetFilename: C:\ProgramData\winlogbeat\.winlogbeat.yml.new
CreationUtcTime: 2024-08-20 00:11:02.025
User: NT AUTHORITY\SYSTEM"
MY-CAL-WIN10.my-caldera.local,11,"File created:
RuleName: DO
UtcTime: 2024-08-20 00:32:57.272
ProcessGuid: {ca24abc9-e42a-66c3-9006-000000001d00}
ProcessId: 8316
Image: C:\Windows\System32\WindowsPowerShell\v1.0\powershell.exe
TargetFilename: C:\Users\johnny.douche\AppData\Local\Microsoft\Windows\PowerShell\StartupProfileData-NonInteractive
CreationUtcTime: 2024-03-28 01:06:06.420
User: MY-CALDERA\johnny.douche"
MY-CAL-WIN10.my-caldera.local,11,"File created:
RuleName: DO
UtcTime: 2024-08-20 00:32:57.665
ProcessGuid: {ca24abc9-e439-66c3-9406-000000001d00}
ProcessId: 5360
Image: C:\Windows\System32\WindowsPowerShell\v1.0\powershell.exe
TargetFilename: C:\Users\johnny.douche\AppData\Local\Microsoft\Windows\PowerShell\StartupProfileData-NonInteractive
CreationUtcTime: 2024-03-28 01:06:06.420
User: MY-CALDERA\johnny.douche"
MY-CAL-WIN10.my-caldera.local,11,"File created:
RuleName: Sysmonv1514
UtcTime: 2024-08-20 00:33:14.577
ProcessGuid: {ca24abc9-d6b1-66c3-ba00-000000001d00}
ProcessId: 6760
Image: C:\Program Files\WinlogBeat\winlogbeat.exe
TargetFilename: C:\ProgramData\winlogbeat\.winlogbeat.yml.new
CreationUtcTime: 2024-08-20 00:11:02.025
User: NT AUTHORITY\SYSTEM"
MY-CAL-WIN10.my-caldera.local,11,"File created:
RuleName: DO
UtcTime: 2024-08-20 00:33:23.695
ProcessGuid: {ca24abc9-e43a-66c3-9606-000000001d00}
ProcessId: 8436
Image: C:\Windows\System32\WindowsPowerShell\v1.0\powershell.exe
TargetFilename: C:\Users\johnny.douche\AppData\Local\Microsoft\Windows\PowerShell\StartupProfileData-NonInteractive
CreationUtcTime: 2024-03-28 01:06:06.420
User: MY-CALDERA\johnny.douche"
MY-CAL-WIN10.my-caldera.local,11,"File created:
RuleName: DO
UtcTime: 2024-08-20 00:34:05.420
ProcessGuid: {ca24abc9-e479-66c3-d206-000000001d00}
ProcessId: 3052
Image: C:\Windows\System32\WindowsPowerShell\v1.0\powershell.exe
TargetFilename: C:\Users\johnny.douche\AppData\Local\Microsoft\Windows\PowerShell\StartupProfileData-NonInteractive
CreationUtcTime: 2024-03-28 01:06:06.420
User: MY-CALDERA\johnny.douche"
MY-CAL-WIN10.my-caldera.local,11,"File created:
RuleName: DO
UtcTime: 2024-08-20 00:34:06.179
ProcessGuid: {ca24abc9-e47d-66c3-d706-000000001d00}
ProcessId: 11244
Image: C:\Windows\System32\WindowsPowerShell\v1.0\powershell.exe
TargetFilename: C:\Users\johnny.douche\AppData\Local\Microsoft\Windows\PowerShell\StartupProfileData-NonInteractive
CreationUtcTime: 2024-03-28 01:06:06.420
User: MY-CALDERA\johnny.douche"
MY-CAL-WIN10.my-caldera.local,11,"File created:
RuleName: DO
UtcTime: 2024-08-20 00:34:05.788
ProcessGuid: {ca24abc9-e47d-66c3-d606-000000001d00}
ProcessId: 2728
Image: C:\Windows\System32\WindowsPowerShell\v1.0\powershell.exe
TargetFilename: C:\Users\johnny.douche\AppData\Local\Microsoft\Windows\PowerShell\StartupProfileData-NonInteractive
CreationUtcTime: 2024-03-28 01:06:06.420
User: MY-CALDERA\johnny.douche"
MY-CAL-WIN10.my-caldera.local,11,"File created:
RuleName: DO
UtcTime: 2024-08-20 00:34:09.654
ProcessGuid: {ca24abc9-e47e-66c3-d806-000000001d00}
ProcessId: 9456
Image: C:\Windows\System32\WindowsPowerShell\v1.0\powershell.exe
TargetFilename: C:\Users\johnny.douche\AppData\Local\Microsoft\Windows\PowerShell\StartupProfileData-NonInteractive
CreationUtcTime: 2024-03-28 01:06:06.420
User: MY-CALDERA\johnny.douche"
MY-CAL-WIN10.my-caldera.local,11,"File created:
RuleName: DO
UtcTime: 2024-08-20 00:34:10.059
ProcessGuid: {ca24abc9-e481-66c3-dc06-000000001d00}
ProcessId: 7140
Image: C:\Windows\System32\WindowsPowerShell\v1.0\powershell.exe
TargetFilename: C:\Users\johnny.douche\AppData\Local\Microsoft\Windows\PowerShell\StartupProfileData-NonInteractive
CreationUtcTime: 2024-03-28 01:06:06.420
User: MY-CALDERA\johnny.douche"
MY-CAL-WIN10.my-caldera.local,11,"File created:
RuleName: DO
UtcTime: 2024-08-20 00:34:44.929
ProcessGuid: {ca24abc9-e4a4-66c3-1007-000000001d00}
ProcessId: 9020
Image: C:\Windows\System32\WindowsPowerShell\v1.0\powershell.exe
TargetFilename: C:\Users\johnny.douche\AppData\Local\Microsoft\Windows\PowerShell\StartupProfileData-NonInteractive
CreationUtcTime: 2024-03-28 01:06:06.420
User: MY-CALDERA\johnny.douche"
MY-CAL-WIN10.my-caldera.local,11,"File created:
RuleName: EXE
UtcTime: 2024-08-20 00:34:44.751
ProcessGuid: {ca24abc9-e4a4-66c3-1007-000000001d00}
ProcessId: 9020
Image: C:\Windows\System32\WindowsPowerShell\v1.0\powershell.exe
TargetFilename: C:\AtomicRedTeam\ExternalPayloads\T1219_UltraViewer.exe
CreationUtcTime: 2024-08-20 00:34:44.750
User: MY-CALDERA\johnny.douche"
MY-CAL-WIN10.my-caldera.local,11,"File created:
RuleName: DO
UtcTime: 2024-08-20 00:34:45.303
ProcessGuid: {ca24abc9-e4a4-66c3-1207-000000001d00}
ProcessId: 11020
Image: C:\Windows\System32\WindowsPowerShell\v1.0\powershell.exe
TargetFilename: C:\Users\johnny.douche\AppData\Local\Microsoft\Windows\PowerShell\StartupProfileData-NonInteractive
CreationUtcTime: 2024-03-28 01:06:06.420
User: MY-CALDERA\johnny.douche"
MY-CAL-WIN10.my-caldera.local,11,"File created:
RuleName: Sysmonv1514
UtcTime: 2024-08-20 00:35:11.655
ProcessGuid: {ca24abc9-d6b1-66c3-ba00-000000001d00}
ProcessId: 6760
Image: C:\Program Files\WinlogBeat\winlogbeat.exe
TargetFilename: C:\ProgramData\winlogbeat\.winlogbeat.yml.new
CreationUtcTime: 2024-08-20 00:11:02.025
User: NT AUTHORITY\SYSTEM"
MY-CAL-WIN10.my-caldera.local,11,"File created:
RuleName: DO
UtcTime: 2024-08-20 00:35:19.118
ProcessGuid: {ca24abc9-e4c6-66c3-3e07-000000001d00}
ProcessId: 5940
Image: C:\Windows\System32\WindowsPowerShell\v1.0\powershell.exe
TargetFilename: C:\Users\johnny.douche\AppData\Local\Microsoft\Windows\PowerShell\StartupProfileData-NonInteractive
CreationUtcTime: 2024-03-28 01:06:06.420
User: MY-CALDERA\johnny.douche"
MY-CAL-WIN10.my-caldera.local,11,"File created:
RuleName: DO
UtcTime: 2024-08-20 00:35:19.540
ProcessGuid: {ca24abc9-e4c7-66c3-3f07-000000001d00}
ProcessId: 7064
Image: C:\Windows\System32\WindowsPowerShell\v1.0\powershell.exe
TargetFilename: C:\Users\johnny.douche\AppData\Local\Microsoft\Windows\PowerShell\StartupProfileData-NonInteractive
CreationUtcTime: 2024-03-28 01:06:06.420
User: MY-CALDERA\johnny.douche"
MY-CAL-WIN10.my-caldera.local,11,"File created:
RuleName: Sysmonv1514
UtcTime: 2024-08-20 00:35:36.772
ProcessGuid: {ca24abc9-d6b1-66c3-ba00-000000001d00}
ProcessId: 6760
Image: C:\Program Files\WinlogBeat\winlogbeat.exe
TargetFilename: C:\ProgramData\winlogbeat\.winlogbeat.yml.new
CreationUtcTime: 2024-08-20 00:11:02.025
User: NT AUTHORITY\SYSTEM"
MY-CAL-WIN10.my-caldera.local,11,"File created:
RuleName: DO
UtcTime: 2024-08-20 00:35:36.808
ProcessGuid: {ca24abc9-e4d4-66c3-4507-000000001d00}
ProcessId: 8912
Image: C:\Windows\System32\WindowsPowerShell\v1.0\powershell.exe
TargetFilename: C:\Users\johnny.douche\AppData\Local\Microsoft\Windows\PowerShell\StartupProfileData-NonInteractive
CreationUtcTime: 2024-03-28 01:06:06.420
User: MY-CALDERA\johnny.douche"
MY-CAL-WIN10.my-caldera.local,11,"File created:
RuleName: DO
UtcTime: 2024-08-20 00:35:37.186
ProcessGuid: {ca24abc9-e4d8-66c3-4907-000000001d00}
ProcessId: 10256
Image: C:\Windows\System32\WindowsPowerShell\v1.0\powershell.exe
TargetFilename: C:\Users\johnny.douche\AppData\Local\Microsoft\Windows\PowerShell\StartupProfileData-NonInteractive
CreationUtcTime: 2024-03-28 01:06:06.420
User: MY-CALDERA\johnny.douche"
MY-CAL-WIN10.my-caldera.local,11,"File created:
RuleName: DO
UtcTime: 2024-08-20 00:35:37.739
ProcessGuid: {ca24abc9-e4d9-66c3-4a07-000000001d00}
ProcessId: 8172
Image: C:\Windows\System32\WindowsPowerShell\v1.0\powershell.exe
TargetFilename: C:\Users\johnny.douche\AppData\Local\Microsoft\Windows\PowerShell\StartupProfileData-NonInteractive
CreationUtcTime: 2024-03-28 01:06:06.420
User: MY-CALDERA\johnny.douche"
MY-CAL-WIN10.my-caldera.local,11,"File created:
RuleName: DO
UtcTime: 2024-08-20 00:36:14.110
ProcessGuid: {ca24abc9-e4fd-66c3-7007-000000001d00}
ProcessId: 6268
Image: C:\Windows\System32\WindowsPowerShell\v1.0\powershell.exe
TargetFilename: C:\Users\johnny.douche\AppData\Local\Microsoft\Windows\PowerShell\StartupProfileData-NonInteractive
CreationUtcTime: 2024-03-28 01:06:06.420
User: MY-CALDERA\johnny.douche"
MY-CAL-WIN10.my-caldera.local,11,"File created:
RuleName: DO
UtcTime: 2024-08-20 00:36:17.650
ProcessGuid: {ca24abc9-e501-66c3-7507-000000001d00}
ProcessId: 10760
Image: C:\Windows\System32\WindowsPowerShell\v1.0\powershell.exe
TargetFilename: C:\Users\johnny.douche\AppData\Local\Microsoft\Windows\PowerShell\StartupProfileData-NonInteractive
CreationUtcTime: 2024-03-28 01:06:06.420
User: MY-CALDERA\johnny.douche"
MY-CAL-WIN10.my-caldera.local,11,"File created:
RuleName: Sysmonv1514
UtcTime: 2024-08-20 00:36:16.810
ProcessGuid: {ca24abc9-e500-66c3-7307-000000001d00}
ProcessId: 5812
Image: C:\Windows\System32\WindowsPowerShell\v1.0\powershell.exe
TargetFilename: C:\AtomicRedTeam\ExternalPayloads\Get-AzDomainInfo.ps1
CreationUtcTime: 2024-08-20 00:36:16.810
User: MY-CALDERA\johnny.douche"
MY-CAL-WIN10.my-caldera.local,11,"File created:
RuleName: DO
UtcTime: 2024-08-20 00:36:17.272
ProcessGuid: {ca24abc9-e500-66c3-7307-000000001d00}
ProcessId: 5812
Image: C:\Windows\System32\WindowsPowerShell\v1.0\powershell.exe
TargetFilename: C:\Users\johnny.douche\AppData\Local\Microsoft\Windows\PowerShell\StartupProfileData-NonInteractive
CreationUtcTime: 2024-03-28 01:06:06.420
User: MY-CALDERA\johnny.douche"
MY-CAL-WIN10.my-caldera.local,11,"File created:
RuleName: DO
UtcTime: 2024-08-20 00:36:32.886
ProcessGuid: {ca24abc9-e50e-66c3-8a07-000000001d00}
ProcessId: 5920
Image: C:\Windows\System32\WindowsPowerShell\v1.0\powershell.exe
TargetFilename: C:\Users\johnny.douche\AppData\Local\Temp\Microsoft.PackageManagement\xr3xw5v1.yoz
CreationUtcTime: 2024-08-20 00:36:32.886
User: MY-CALDERA\johnny.douche"
MY-CAL-WIN10.my-caldera.local,11,"File created:
RuleName: DO
UtcTime: 2024-08-20 00:36:32.932
ProcessGuid: {ca24abc9-e50e-66c3-8a07-000000001d00}
ProcessId: 5920
Image: C:\Windows\System32\WindowsPowerShell\v1.0\powershell.exe
TargetFilename: C:\Users\johnny.douche\AppData\Local\Temp\Microsoft.PackageManagement\xr3xw5v1.yoz
CreationUtcTime: 2024-08-20 00:36:32.886
User: MY-CALDERA\johnny.douche"
MY-CAL-WIN10.my-caldera.local,11,"File created:
RuleName: DO
UtcTime: 2024-08-20 00:36:32.946
ProcessGuid: {ca24abc9-e50e-66c3-8a07-000000001d00}
ProcessId: 5920
Image: C:\Windows\System32\WindowsPowerShell\v1.0\powershell.exe
TargetFilename: C:\Users\johnny.douche\AppData\Local\Temp\Microsoft.PackageManagement\xr3xw5v1.yoz
CreationUtcTime: 2024-08-20 00:36:32.886
User: MY-CALDERA\johnny.douche"
MY-CAL-WIN10.my-caldera.local,11,"File created:
RuleName: DO
UtcTime: 2024-08-20 00:36:47.210
ProcessGuid: {ca24abc9-e51c-66c3-9507-000000001d00}
ProcessId: 456
Image: C:\Windows\System32\WindowsPowerShell\v1.0\powershell.exe
TargetFilename: C:\Users\johnny.douche\AppData\Local\Microsoft\Windows\PowerShell\StartupProfileData-NonInteractive
CreationUtcTime: 2024-03-28 01:06:06.420
User: MY-CALDERA\johnny.douche"
MY-CAL-WIN10.my-caldera.local,11,"File created:
RuleName: DO
UtcTime: 2024-08-20 00:36:48.155
ProcessGuid: {ca24abc9-e51f-66c3-9807-000000001d00}
ProcessId: 9132
Image: C:\Windows\System32\WindowsPowerShell\v1.0\powershell.exe
TargetFilename: C:\Users\johnny.douche\AppData\Local\Temp\isajtyur
CreationUtcTime: 2024-08-20 00:36:48.155
User: MY-CALDERA\johnny.douche"
MY-CAL-WIN10.my-caldera.local,11,"File created:
RuleName: DO
UtcTime: 2024-08-20 00:36:48.156
ProcessGuid: {ca24abc9-e51f-66c3-9807-000000001d00}
ProcessId: 9132
Image: C:\Windows\System32\WindowsPowerShell\v1.0\powershell.exe
TargetFilename: C:\Users\johnny.douche\AppData\Local\Temp\isajtyur\isajtyur.tmp
CreationUtcTime: 2024-08-20 00:36:48.156
User: MY-CALDERA\johnny.douche"
MY-CAL-WIN10.my-caldera.local,11,"File created:
RuleName: DO
UtcTime: 2024-08-20 00:36:48.157
ProcessGuid: {ca24abc9-e51f-66c3-9807-000000001d00}
ProcessId: 9132
Image: C:\Windows\System32\WindowsPowerShell\v1.0\powershell.exe
TargetFilename: C:\Users\johnny.douche\AppData\Local\Temp\isajtyur\isajtyur.0.cs
CreationUtcTime: 2024-08-20 00:36:48.156
User: MY-CALDERA\johnny.douche"
MY-CAL-WIN10.my-caldera.local,11,"File created:
RuleName: DLL
UtcTime: 2024-08-20 00:36:48.158
ProcessGuid: {ca24abc9-e51f-66c3-9807-000000001d00}
ProcessId: 9132
Image: C:\Windows\System32\WindowsPowerShell\v1.0\powershell.exe
TargetFilename: C:\Users\johnny.douche\AppData\Local\Temp\isajtyur\isajtyur.dll
CreationUtcTime: 2024-08-20 00:36:48.158
User: MY-CALDERA\johnny.douche"
MY-CAL-WIN10.my-caldera.local,11,"File created:
RuleName: Sysmonv1514
UtcTime: 2024-08-20 00:36:48.158
ProcessGuid: {ca24abc9-e51f-66c3-9807-000000001d00}
ProcessId: 9132
Image: C:\Windows\System32\WindowsPowerShell\v1.0\powershell.exe
TargetFilename: C:\Users\johnny.douche\AppData\Local\Temp\isajtyur\isajtyur.cmdline
CreationUtcTime: 2024-08-20 00:36:48.158
User: MY-CALDERA\johnny.douche"
MY-CAL-WIN10.my-caldera.local,11,"File created:
RuleName: DO
UtcTime: 2024-08-20 00:36:48.163
ProcessGuid: {ca24abc9-e51f-66c3-9807-000000001d00}
ProcessId: 9132
Image: C:\Windows\System32\WindowsPowerShell\v1.0\powershell.exe
TargetFilename: C:\Users\johnny.douche\AppData\Local\Temp\isajtyur\isajtyur.out
CreationUtcTime: 2024-08-20 00:36:48.160
User: MY-CALDERA\johnny.douche"
MY-CAL-WIN10.my-caldera.local,11,"File created:
RuleName: DO
UtcTime: 2024-08-20 00:36:48.163
ProcessGuid: {ca24abc9-e51f-66c3-9807-000000001d00}
ProcessId: 9132
Image: C:\Windows\System32\WindowsPowerShell\v1.0\powershell.exe
TargetFilename: C:\Users\johnny.douche\AppData\Local\Temp\isajtyur\isajtyur.err
CreationUtcTime: 2024-08-20 00:36:48.163
User: MY-CALDERA\johnny.douche"
MY-CAL-WIN10.my-caldera.local,11,"File created:
RuleName: DO
UtcTime: 2024-08-20 00:36:55.063
ProcessGuid: {ca24abc9-e51f-66c3-9807-000000001d00}
ProcessId: 9132
Image: C:\Windows\System32\WindowsPowerShell\v1.0\powershell.exe
TargetFilename: C:\Users\johnny.douche\AppData\Local\Temp\Microsoft.PackageManagement\05pwqn1t.lls
CreationUtcTime: 2024-08-20 00:36:49.033
User: MY-CALDERA\johnny.douche"
MY-CAL-WIN10.my-caldera.local,11,"File created:
RuleName: DO
UtcTime: 2024-08-20 00:36:55.075
ProcessGuid: {ca24abc9-e51f-66c3-9807-000000001d00}
ProcessId: 9132
Image: C:\Windows\System32\WindowsPowerShell\v1.0\powershell.exe
TargetFilename: C:\Users\johnny.douche\AppData\Local\Temp\Microsoft.PackageManagement\05pwqn1t.lls
CreationUtcTime: 2024-08-20 00:36:49.033
User: MY-CALDERA\johnny.douche"
MY-CAL-WIN10.my-caldera.local,11,"File created:
RuleName: DO
UtcTime: 2024-08-20 00:37:05.707
ProcessGuid: {ca24abc9-e531-66c3-9f07-000000001d00}
ProcessId: 4428
Image: C:\Windows\System32\WindowsPowerShell\v1.0\powershell.exe
TargetFilename: C:\Users\johnny.douche\AppData\Local\Microsoft\Windows\PowerShell\StartupProfileData-NonInteractive
CreationUtcTime: 2024-03-28 01:06:06.420
User: MY-CALDERA\johnny.douche"
MY-CAL-WIN10.my-caldera.local,11,"File created:
RuleName: DO
UtcTime: 2024-08-20 00:37:35.945
ProcessGuid: {ca24abc9-e54f-66c3-c007-000000001d00}
ProcessId: 5600
Image: C:\Windows\System32\WindowsPowerShell\v1.0\powershell.exe
TargetFilename: C:\Users\johnny.douche\AppData\Local\Microsoft\Windows\PowerShell\StartupProfileData-NonInteractive
CreationUtcTime: 2024-03-28 01:06:06.420
User: MY-CALDERA\johnny.douche"
MY-CAL-WIN10.my-caldera.local,11,"File created:
RuleName: DO
UtcTime: 2024-08-20 00:37:35.052
ProcessGuid: {ca24abc9-e54e-66c3-be07-000000001d00}
ProcessId: 9832
Image: C:\Windows\System32\WindowsPowerShell\v1.0\powershell.exe
TargetFilename: C:\Users\johnny.douche\AppData\Local\Microsoft\Windows\PowerShell\StartupProfileData-NonInteractive
CreationUtcTime: 2024-03-28 01:06:06.420
User: MY-CALDERA\johnny.douche"
MY-CAL-WIN10.my-caldera.local,11,"File created:
RuleName: DO
UtcTime: 2024-08-20 00:37:35.559
ProcessGuid: {ca24abc9-e54f-66c3-bf07-000000001d00}
ProcessId: 6452
Image: C:\Windows\System32\WindowsPowerShell\v1.0\powershell.exe
TargetFilename: C:\Users\johnny.douche\AppData\Local\Microsoft\Windows\PowerShell\StartupProfileData-NonInteractive
CreationUtcTime: 2024-03-28 01:06:06.420
User: MY-CALDERA\johnny.douche"
MY-CAL-WIN10.my-caldera.local,11,"File created:
RuleName: DO
UtcTime: 2024-08-20 00:37:37.895
ProcessGuid: {ca24abc9-e551-66c3-c507-000000001d00}
ProcessId: 9132
Image: C:\Windows\System32\WindowsPowerShell\v1.0\powershell.exe
TargetFilename: C:\Users\johnny.douche\AppData\Local\Microsoft\Windows\PowerShell\StartupProfileData-NonInteractive
CreationUtcTime: 2024-03-28 01:06:06.420
User: MY-CALDERA\johnny.douche"
MY-CAL-WIN10.my-caldera.local,11,"File created:
RuleName: Sysmonv1514
UtcTime: 2024-08-20 00:37:37.477
ProcessGuid: {ca24abc9-d6b1-66c3-ba00-000000001d00}
ProcessId: 6760
Image: C:\Program Files\WinlogBeat\winlogbeat.exe
TargetFilename: C:\ProgramData\winlogbeat\.winlogbeat.yml.new
CreationUtcTime: 2024-08-20 00:11:02.025
User: NT AUTHORITY\SYSTEM"
MY-CAL-WIN10.my-caldera.local,11,"File created:
RuleName: DO
UtcTime: 2024-08-20 00:37:37.491
ProcessGuid: {ca24abc9-e551-66c3-c407-000000001d00}
ProcessId: 4196
Image: C:\Windows\System32\WindowsPowerShell\v1.0\powershell.exe
TargetFilename: C:\Users\johnny.douche\AppData\Local\Microsoft\Windows\PowerShell\StartupProfileData-NonInteractive
CreationUtcTime: 2024-03-28 01:06:06.420
User: MY-CALDERA\johnny.douche"
MY-CAL-WIN10.my-caldera.local,11,"File created:
RuleName: DO
UtcTime: 2024-08-20 00:37:41.068
ProcessGuid: {ca24abc9-e554-66c3-cc07-000000001d00}
ProcessId: 11236
Image: C:\Windows\System32\WindowsPowerShell\v1.0\powershell.exe
TargetFilename: C:\Users\johnny.douche\AppData\Local\Microsoft\Windows\PowerShell\StartupProfileData-NonInteractive
CreationUtcTime: 2024-03-28 01:06:06.420
User: MY-CALDERA\johnny.douche"
MY-CAL-WIN10.my-caldera.local,11,"File created:
RuleName: DO
UtcTime: 2024-08-20 00:37:40.587
ProcessGuid: {ca24abc9-e553-66c3-ca07-000000001d00}
ProcessId: 10492
Image: C:\Windows\System32\WindowsPowerShell\v1.0\powershell.exe
TargetFilename: C:\Users\johnny.douche\Documents\WindowsPowerShell\Microsoft.PowerShell_profile.ps1
CreationUtcTime: 2024-08-20 00:37:40.587
User: MY-CALDERA\johnny.douche"
MY-CAL-WIN10.my-caldera.local,11,"File created:
RuleName: DO
UtcTime: 2024-08-20 00:37:40.642
ProcessGuid: {ca24abc9-e553-66c3-ca07-000000001d00}
ProcessId: 10492
Image: C:\Windows\System32\WindowsPowerShell\v1.0\powershell.exe
TargetFilename: C:\Users\johnny.douche\AppData\Local\Microsoft\Windows\PowerShell\StartupProfileData-NonInteractive
CreationUtcTime: 2024-03-28 01:06:06.420
User: MY-CALDERA\johnny.douche"
MY-CAL-WIN10.my-caldera.local,11,"File created:
RuleName: DO
UtcTime: 2024-08-20 00:37:48.564
ProcessGuid: {ca24abc9-e55c-66c3-d307-000000001d00}
ProcessId: 8216
Image: C:\Windows\System32\WindowsPowerShell\v1.0\powershell.exe
TargetFilename: C:\Users\johnny.douche\AppData\Local\Microsoft\Windows\PowerShell\StartupProfileData-NonInteractive
CreationUtcTime: 2024-03-28 01:06:06.420
User: MY-CALDERA\johnny.douche"
MY-CAL-WIN10.my-caldera.local,11,"File created:
RuleName: DO
UtcTime: 2024-08-20 00:37:48.093
ProcessGuid: {ca24abc9-e55b-66c3-d207-000000001d00}
ProcessId: 9284
Image: C:\Windows\System32\WindowsPowerShell\v1.0\powershell.exe
TargetFilename: C:\Users\johnny.douche\AppData\Local\Microsoft\Windows\PowerShell\StartupProfileData-NonInteractive
CreationUtcTime: 2024-03-28 01:06:06.420
User: MY-CALDERA\johnny.douche"
MY-CAL-WIN10.my-caldera.local,11,"File created:
RuleName: Sysmonv1514
UtcTime: 2024-08-20 00:38:04.691
ProcessGuid: {ca24abc9-d6b1-66c3-ba00-000000001d00}
ProcessId: 6760
Image: C:\Program Files\WinlogBeat\winlogbeat.exe
TargetFilename: C:\ProgramData\winlogbeat\.winlogbeat.yml.new
CreationUtcTime: 2024-08-20 00:11:02.025
User: NT AUTHORITY\SYSTEM"
MY-CAL-WIN10.my-caldera.local,11,"File created:
RuleName: DO
UtcTime: 2024-08-20 00:38:34.353
ProcessGuid: {ca24abc9-e589-66c3-f807-000000001d00}
ProcessId: 6712
Image: C:\Windows\System32\WindowsPowerShell\v1.0\powershell.exe
TargetFilename: C:\Users\johnny.douche\AppData\Local\Microsoft\Windows\PowerShell\StartupProfileData-NonInteractive
CreationUtcTime: 2024-03-28 01:06:06.420
User: MY-CALDERA\johnny.douche"
MY-CAL-WIN10.my-caldera.local,11,"File created:
RuleName: DO
UtcTime: 2024-08-20 00:38:34.810
ProcessGuid: {ca24abc9-e58a-66c3-fa07-000000001d00}
ProcessId: 10912
Image: C:\Windows\System32\WindowsPowerShell\v1.0\powershell.exe
TargetFilename: C:\Users\johnny.douche\AppData\Local\Microsoft\Windows\PowerShell\StartupProfileData-NonInteractive
CreationUtcTime: 2024-03-28 01:06:06.420
User: MY-CALDERA\johnny.douche"
MY-CAL-WIN10.my-caldera.local,11,"File created:
RuleName: DO
UtcTime: 2024-08-20 00:38:33.827
ProcessGuid: {ca24abc9-e588-66c3-f607-000000001d00}
ProcessId: 9284
Image: C:\Windows\System32\WindowsPowerShell\v1.0\powershell.exe
TargetFilename: C:\Users\johnny.douche\AppData\Local\Microsoft\Windows\PowerShell\StartupProfileData-NonInteractive
CreationUtcTime: 2024-03-28 01:06:06.420
User: MY-CALDERA\johnny.douche"
MY-CAL-WIN10.my-caldera.local,11,"File created:
RuleName: DO
UtcTime: 2024-08-20 00:38:37.691
ProcessGuid: {ca24abc9-e58c-66c3-0208-000000001d00}
ProcessId: 9480
Image: C:\Windows\System32\WindowsPowerShell\v1.0\powershell.exe
TargetFilename: C:\Users\johnny.douche\AppData\Local\Microsoft\Windows\PowerShell\StartupProfileData-NonInteractive
CreationUtcTime: 2024-03-28 01:06:06.420
User: MY-CALDERA\johnny.douche"
MY-CAL-WIN10.my-caldera.local,11,"File created:
RuleName: DO
UtcTime: 2024-08-20 00:38:43.625
ProcessGuid: {ca24abc9-e593-66c3-1608-000000001d00}
ProcessId: 4448
Image: C:\Windows\System32\WindowsPowerShell\v1.0\powershell.exe
TargetFilename: C:\Users\johnny.douche\AppData\Local\Microsoft\Windows\PowerShell\StartupProfileData-NonInteractive
CreationUtcTime: 2024-03-28 01:06:06.420
User: MY-CALDERA\johnny.douche"
MY-CAL-WIN10.my-caldera.local,11,"File created:
RuleName: Sysmonv1514
UtcTime: 2024-08-20 00:38:55.250
ProcessGuid: {ca24abc9-d6b1-66c3-ba00-000000001d00}
ProcessId: 6760
Image: C:\Program Files\WinlogBeat\winlogbeat.exe
TargetFilename: C:\ProgramData\winlogbeat\.winlogbeat.yml.new
CreationUtcTime: 2024-08-20 00:11:02.025
User: NT AUTHORITY\SYSTEM"
MY-CAL-WIN10.my-caldera.local,11,"File created:
RuleName: Sysmonv1514
UtcTime: 2024-08-20 00:45:12.451
ProcessGuid: {ca24abc9-d6b1-66c3-ba00-000000001d00}
ProcessId: 6760
Image: C:\Program Files\WinlogBeat\winlogbeat.exe
TargetFilename: C:\ProgramData\winlogbeat\.winlogbeat.yml.new
CreationUtcTime: 2024-08-20 00:11:02.025
User: NT AUTHORITY\SYSTEM"
MY-CAL-WIN10.my-caldera.local,11,"File created:
RuleName: Sysmonv1514
UtcTime: 2024-08-20 00:45:37.758
ProcessGuid: {ca24abc9-d6b1-66c3-ba00-000000001d00}
ProcessId: 6760
Image: C:\Program Files\WinlogBeat\winlogbeat.exe
TargetFilename: C:\ProgramData\winlogbeat\.winlogbeat.yml.new
CreationUtcTime: 2024-08-20 00:11:02.025
User: NT AUTHORITY\SYSTEM"
MY-CAL-WIN10.my-caldera.local,11,"File created:
RuleName: Sysmonv1514
UtcTime: 2024-08-20 00:46:07.837
ProcessGuid: {ca24abc9-d6b1-66c3-ba00-000000001d00}
ProcessId: 6760
Image: C:\Program Files\WinlogBeat\winlogbeat.exe
TargetFilename: C:\ProgramData\winlogbeat\.winlogbeat.yml.new
CreationUtcTime: 2024-08-20 00:11:02.025
User: NT AUTHORITY\SYSTEM"
MY-CAL-WIN10.my-caldera.local,11,"File created:
RuleName: Sysmonv1514
UtcTime: 2024-08-20 00:47:03.098
ProcessGuid: {ca24abc9-d6b1-66c3-ba00-000000001d00}
ProcessId: 6760
Image: C:\Program Files\WinlogBeat\winlogbeat.exe
TargetFilename: C:\ProgramData\winlogbeat\.winlogbeat.yml.new
CreationUtcTime: 2024-08-20 00:11:02.025
User: NT AUTHORITY\SYSTEM"
MY-CAL-WIN10.my-caldera.local,11,"File created:
RuleName: Sysmonv1514
UtcTime: 2024-08-20 00:47:53.231
ProcessGuid: {ca24abc9-d6b1-66c3-ba00-000000001d00}
ProcessId: 6760
Image: C:\Program Files\WinlogBeat\winlogbeat.exe
TargetFilename: C:\ProgramData\winlogbeat\.winlogbeat.yml.new
CreationUtcTime: 2024-08-20 00:11:02.025
User: NT AUTHORITY\SYSTEM"
MY-CAL-WIN10.my-caldera.local,11,"File created:
RuleName: Sysmonv1514
UtcTime: 2024-08-20 00:48:13.291
ProcessGuid: {ca24abc9-d6b1-66c3-ba00-000000001d00}
ProcessId: 6760
Image: C:\Program Files\WinlogBeat\winlogbeat.exe
TargetFilename: C:\ProgramData\winlogbeat\.winlogbeat.yml.new
CreationUtcTime: 2024-08-20 00:11:02.025
User: NT AUTHORITY\SYSTEM"
MY-CAL-WIN10.my-caldera.local,11,"File created:
RuleName: Sysmonv1514
UtcTime: 2024-08-20 00:49:03.676
ProcessGuid: {ca24abc9-d6b1-66c3-ba00-000000001d00}
ProcessId: 6760
Image: C:\Program Files\WinlogBeat\winlogbeat.exe
TargetFilename: C:\ProgramData\winlogbeat\.winlogbeat.yml.new
CreationUtcTime: 2024-08-20 00:11:02.025
User: NT AUTHORITY\SYSTEM"
MY-CAL-WIN10.my-caldera.local,11,"File created:
RuleName: Sysmonv1514
UtcTime: 2024-08-20 00:49:29.274
ProcessGuid: {ca24abc9-d6b1-66c3-ba00-000000001d00}
ProcessId: 6760
Image: C:\Program Files\WinlogBeat\winlogbeat.exe
TargetFilename: C:\ProgramData\winlogbeat\.winlogbeat.yml.new
CreationUtcTime: 2024-08-20 00:11:02.025
User: NT AUTHORITY\SYSTEM"
MY-CAL-WIN10.my-caldera.local,11,"File created:
RuleName: Sysmonv1514
UtcTime: 2024-08-20 00:49:49.329
ProcessGuid: {ca24abc9-d6b1-66c3-ba00-000000001d00}
ProcessId: 6760
Image: C:\Program Files\WinlogBeat\winlogbeat.exe
TargetFilename: C:\ProgramData\winlogbeat\.winlogbeat.yml.new
CreationUtcTime: 2024-08-20 00:11:02.025
User: NT AUTHORITY\SYSTEM"
MY-CAL-WIN10.my-caldera.local,11,"File created:
RuleName: DO
UtcTime: 2024-08-20 00:50:42.561
ProcessGuid: {ca24abc9-e862-66c3-2109-000000001d00}
ProcessId: 6256
Image: C:\Windows\System32\WindowsPowerShell\v1.0\powershell.exe
TargetFilename: C:\Users\johnny.douche\AppData\Local\Microsoft\Windows\PowerShell\StartupProfileData-NonInteractive
CreationUtcTime: 2024-03-28 01:06:06.420
User: MY-CALDERA\johnny.douche"
MY-CAL-WIN10.my-caldera.local,11,"File created:
RuleName: DO
UtcTime: 2024-08-20 00:51:00.320
ProcessGuid: {ca24abc9-e873-66c3-4209-000000001d00}
ProcessId: 4080
Image: C:\Windows\System32\WindowsPowerShell\v1.0\powershell.exe
TargetFilename: C:\Users\johnny.douche\AppData\Local\Temp\1ftiojos\1ftiojos.0.cs
CreationUtcTime: 2024-08-20 00:51:00.320
User: MY-CALDERA\johnny.douche"
MY-CAL-WIN10.my-caldera.local,11,"File created:
RuleName: DO
UtcTime: 2024-08-20 00:51:00.490
ProcessGuid: {ca24abc9-e874-66c3-4309-000000001d00}
ProcessId: 9780
Image: C:\Windows\Microsoft.NET\Framework64\v4.0.30319\csc.exe
TargetFilename: C:\Users\johnny.douche\AppData\Local\Temp\1ftiojos\CSCBFC6C76DC21E430B9472C2BF77FA5.TMP
CreationUtcTime: 2024-08-20 00:51:00.490
User: MY-CALDERA\johnny.douche"
MY-CAL-WIN10.my-caldera.local,11,"File created:
RuleName: DLL
UtcTime: 2024-08-20 00:51:00.322
ProcessGuid: {ca24abc9-e873-66c3-4209-000000001d00}
ProcessId: 4080
Image: C:\Windows\System32\WindowsPowerShell\v1.0\powershell.exe
TargetFilename: C:\Users\johnny.douche\AppData\Local\Temp\1ftiojos\1ftiojos.dll
CreationUtcTime: 2024-08-20 00:51:00.322
User: MY-CALDERA\johnny.douche"
MY-CAL-WIN10.my-caldera.local,11,"File created:
RuleName: Sysmonv1514
UtcTime: 2024-08-20 00:51:00.323
ProcessGuid: {ca24abc9-e873-66c3-4209-000000001d00}
ProcessId: 4080
Image: C:\Windows\System32\WindowsPowerShell\v1.0\powershell.exe
TargetFilename: C:\Users\johnny.douche\AppData\Local\Temp\1ftiojos\1ftiojos.cmdline
CreationUtcTime: 2024-08-20 00:51:00.323
User: MY-CALDERA\johnny.douche"
MY-CAL-WIN10.my-caldera.local,11,"File created:
RuleName: DO
UtcTime: 2024-08-20 00:51:00.345
ProcessGuid: {ca24abc9-e873-66c3-4209-000000001d00}
ProcessId: 4080
Image: C:\Windows\System32\WindowsPowerShell\v1.0\powershell.exe
TargetFilename: C:\Users\johnny.douche\AppData\Local\Temp\1ftiojos\1ftiojos.out
CreationUtcTime: 2024-08-20 00:51:00.342
User: MY-CALDERA\johnny.douche"
MY-CAL-WIN10.my-caldera.local,11,"File created:
RuleName: DO
UtcTime: 2024-08-20 00:51:00.319
ProcessGuid: {ca24abc9-e873-66c3-4209-000000001d00}
ProcessId: 4080
Image: C:\Windows\System32\WindowsPowerShell\v1.0\powershell.exe
TargetFilename: C:\Users\johnny.douche\AppData\Local\Temp\1ftiojos
CreationUtcTime: 2024-08-20 00:51:00.318
User: MY-CALDERA\johnny.douche"
MY-CAL-WIN10.my-caldera.local,11,"File created:
RuleName: DO
UtcTime: 2024-08-20 00:51:00.492
ProcessGuid: {ca24abc9-e874-66c3-4309-000000001d00}
ProcessId: 9780
Image: C:\Windows\Microsoft.NET\Framework64\v4.0.30319\csc.exe
TargetFilename: C:\Users\JOHNNY~1.DOU\AppData\Local\Temp\RES1629.tmp
CreationUtcTime: 2024-08-20 00:51:00.492
User: MY-CALDERA\johnny.douche"
MY-CAL-WIN10.my-caldera.local,11,"File created:
RuleName: DO
UtcTime: 2024-08-20 00:51:00.345
ProcessGuid: {ca24abc9-e873-66c3-4209-000000001d00}
ProcessId: 4080
Image: C:\Windows\System32\WindowsPowerShell\v1.0\powershell.exe
TargetFilename: C:\Users\johnny.douche\AppData\Local\Temp\1ftiojos\1ftiojos.err
CreationUtcTime: 2024-08-20 00:51:00.345
User: MY-CALDERA\johnny.douche"
MY-CAL-WIN10.my-caldera.local,11,"File created:
RuleName: DO
UtcTime: 2024-08-20 00:51:00.516
ProcessGuid: {ca24abc9-e874-66c3-4409-000000001d00}
ProcessId: 5164
Image: C:\Windows\Microsoft.NET\Framework64\v4.0.30319\cvtres.exe
TargetFilename: C:\Users\JOHNNY~1.DOU\AppData\Local\Temp\RES1629.tmp
CreationUtcTime: 2024-08-20 00:51:00.492
User: MY-CALDERA\johnny.douche"
MY-CAL-WIN10.my-caldera.local,11,"File created:
RuleName: DLL
UtcTime: 2024-08-20 00:51:00.618
ProcessGuid: {ca24abc9-e874-66c3-4309-000000001d00}
ProcessId: 9780
Image: C:\Windows\Microsoft.NET\Framework64\v4.0.30319\csc.exe
TargetFilename: C:\Users\johnny.douche\AppData\Local\Temp\1ftiojos\1ftiojos.dll
CreationUtcTime: 2024-08-20 00:51:00.322
User: MY-CALDERA\johnny.douche"
MY-CAL-WIN10.my-caldera.local,11,"File created:
RuleName: DO
UtcTime: 2024-08-20 00:51:00.319
ProcessGuid: {ca24abc9-e873-66c3-4209-000000001d00}
ProcessId: 4080
Image: C:\Windows\System32\WindowsPowerShell\v1.0\powershell.exe
TargetFilename: C:\Users\johnny.douche\AppData\Local\Temp\1ftiojos\1ftiojos.tmp
CreationUtcTime: 2024-08-20 00:51:00.319
User: MY-CALDERA\johnny.douche"
MY-CAL-WIN10.my-caldera.local,11,"File created:
RuleName: Sysmonv1514
UtcTime: 2024-08-20 00:51:29.089
ProcessGuid: {ca24abc9-d6b1-66c3-ba00-000000001d00}
ProcessId: 6760
Image: C:\Program Files\WinlogBeat\winlogbeat.exe
TargetFilename: C:\ProgramData\winlogbeat\.winlogbeat.yml.new
CreationUtcTime: 2024-08-20 00:11:02.025
User: NT AUTHORITY\SYSTEM"
MY-CAL-WIN10.my-caldera.local,11,"File created:
RuleName: DO
UtcTime: 2024-08-20 00:52:20.093
ProcessGuid: {ca24abc9-e8c3-66c3-8709-000000001d00}
ProcessId: 7100
Image: C:\Windows\System32\WindowsPowerShell\v1.0\powershell.exe
TargetFilename: C:\Users\johnny.douche\AppData\Local\Microsoft\Windows\PowerShell\StartupProfileData-NonInteractive
CreationUtcTime: 2024-03-28 01:06:06.420
User: MY-CALDERA\johnny.douche"
MY-CAL-WIN10.my-caldera.local,11,"File created:
RuleName: DO
UtcTime: 2024-08-20 00:52:19.712
ProcessGuid: {ca24abc9-e8b7-66c3-8509-000000001d00}
ProcessId: 3524
Image: C:\Windows\System32\WindowsPowerShell\v1.0\powershell.exe
TargetFilename: C:\Users\johnny.douche\AppData\Local\Microsoft\Windows\PowerShell\StartupProfileData-NonInteractive
CreationUtcTime: 2024-03-28 01:06:06.420
User: MY-CALDERA\johnny.douche"
MY-CAL-WIN10.my-caldera.local,11,"File created:
RuleName: DO
UtcTime: 2024-08-20 00:52:22.818
ProcessGuid: {ca24abc9-e8c5-66c3-8c09-000000001d00}
ProcessId: 9220
Image: C:\Windows\System32\WindowsPowerShell\v1.0\powershell.exe
TargetFilename: C:\Users\JOHNNY~1.DOU\AppData\Local\Temp\FA9C584D-0344-48E7-986B-6E427182D805\en-US\SmiProvider.dll.mui
CreationUtcTime: 2024-08-20 00:52:22.818
User: MY-CALDERA\johnny.douche"
MY-CAL-WIN10.my-caldera.local,11,"File created:
RuleName: DLL
UtcTime: 2024-08-20 00:52:22.878
ProcessGuid: {ca24abc9-e8c5-66c3-8c09-000000001d00}
ProcessId: 9220
Image: C:\Windows\System32\WindowsPowerShell\v1.0\powershell.exe
TargetFilename: C:\Users\JOHNNY~1.DOU\AppData\Local\Temp\FA9C584D-0344-48E7-986B-6E427182D805\IBSProvider.dll
CreationUtcTime: 2024-08-20 00:52:22.877
User: MY-CALDERA\johnny.douche"
MY-CAL-WIN10.my-caldera.local,11,"File created:
RuleName: DLL
UtcTime: 2024-08-20 00:52:22.927
ProcessGuid: {ca24abc9-e8c5-66c3-8c09-000000001d00}
ProcessId: 9220
Image: C:\Windows\System32\WindowsPowerShell\v1.0\powershell.exe
TargetFilename: C:\Users\JOHNNY~1.DOU\AppData\Local\Temp\FA9C584D-0344-48E7-986B-6E427182D805\OfflineSetupProvider.dll
CreationUtcTime: 2024-08-20 00:52:22.927
User: MY-CALDERA\johnny.douche"
MY-CAL-WIN10.my-caldera.local,11,"File created:
RuleName: DO
UtcTime: 2024-08-20 00:52:22.814
ProcessGuid: {ca24abc9-e8c5-66c3-8c09-000000001d00}
ProcessId: 9220
Image: C:\Windows\System32\WindowsPowerShell\v1.0\powershell.exe
TargetFilename: C:\Users\JOHNNY~1.DOU\AppData\Local\Temp\FA9C584D-0344-48E7-986B-6E427182D805\en-US\SetupPlatformProvider.dll.mui
CreationUtcTime: 2024-08-20 00:52:22.814
User: MY-CALDERA\johnny.douche"
MY-CAL-WIN10.my-caldera.local,11,"File created:
RuleName: DLL
UtcTime: 2024-08-20 00:52:22.845
ProcessGuid: {ca24abc9-e8c5-66c3-8c09-000000001d00}
ProcessId: 9220
Image: C:\Windows\System32\WindowsPowerShell\v1.0\powershell.exe
TargetFilename: C:\Users\JOHNNY~1.DOU\AppData\Local\Temp\FA9C584D-0344-48E7-986B-6E427182D805\FfuProvider.dll
CreationUtcTime: 2024-08-20 00:52:22.844
User: MY-CALDERA\johnny.douche"
MY-CAL-WIN10.my-caldera.local,11,"File created:
RuleName: DLL
UtcTime: 2024-08-20 00:52:22.908
ProcessGuid: {ca24abc9-e8c5-66c3-8c09-000000001d00}
ProcessId: 9220
Image: C:\Windows\System32\WindowsPowerShell\v1.0\powershell.exe
TargetFilename: C:\Users\JOHNNY~1.DOU\AppData\Local\Temp\FA9C584D-0344-48E7-986B-6E427182D805\LogProvider.dll
CreationUtcTime: 2024-08-20 00:52:22.908
User: MY-CALDERA\johnny.douche"
MY-CAL-WIN10.my-caldera.local,11,"File created:
RuleName: DLL
UtcTime: 2024-08-20 00:52:23.163
ProcessGuid: {ca24abc9-e8c5-66c3-8c09-000000001d00}
ProcessId: 9220
Image: C:\Windows\System32\WindowsPowerShell\v1.0\powershell.exe
TargetFilename: C:\Users\JOHNNY~1.DOU\AppData\Local\Temp\FA9C584D-0344-48E7-986B-6E427182D805\UnattendProvider.dll
CreationUtcTime: 2024-08-20 00:52:23.163
User: MY-CALDERA\johnny.douche"
MY-CAL-WIN10.my-caldera.local,11,"File created:
RuleName: DO
UtcTime: 2024-08-20 00:52:22.828
ProcessGuid: {ca24abc9-e8c5-66c3-8c09-000000001d00}
ProcessId: 9220
Image: C:\Windows\System32\WindowsPowerShell\v1.0\powershell.exe
TargetFilename: C:\Users\JOHNNY~1.DOU\AppData\Local\Temp\FA9C584D-0344-48E7-986B-6E427182D805\en-US\TransmogProvider.dll.mui
CreationUtcTime: 2024-08-20 00:52:22.827
User: MY-CALDERA\johnny.douche"
MY-CAL-WIN10.my-caldera.local,11,"File created:
RuleName: DLL
UtcTime: 2024-08-20 00:52:22.981
ProcessGuid: {ca24abc9-e8c5-66c3-8c09-000000001d00}
ProcessId: 9220
Image: C:\Windows\System32\WindowsPowerShell\v1.0\powershell.exe
TargetFilename: C:\Users\JOHNNY~1.DOU\AppData\Local\Temp\FA9C584D-0344-48E7-986B-6E427182D805\SetupPlatformProvider.dll
CreationUtcTime: 2024-08-20 00:52:22.981
User: MY-CALDERA\johnny.douche"
MY-CAL-WIN10.my-caldera.local,11,"File created:
RuleName: DLL
UtcTime: 2024-08-20 00:52:22.867
ProcessGuid: {ca24abc9-e8c5-66c3-8c09-000000001d00}
ProcessId: 9220
Image: C:\Windows\System32\WindowsPowerShell\v1.0\powershell.exe
TargetFilename: C:\Users\JOHNNY~1.DOU\AppData\Local\Temp\FA9C584D-0344-48E7-986B-6E427182D805\GenericProvider.dll
CreationUtcTime: 2024-08-20 00:52:22.867
User: MY-CALDERA\johnny.douche"
MY-CAL-WIN10.my-caldera.local,11,"File created:
RuleName: DO
UtcTime: 2024-08-20 00:52:22.803
ProcessGuid: {ca24abc9-e8c5-66c3-8c09-000000001d00}
ProcessId: 9220
Image: C:\Windows\System32\WindowsPowerShell\v1.0\powershell.exe
TargetFilename: C:\Users\JOHNNY~1.DOU\AppData\Local\Temp\FA9C584D-0344-48E7-986B-6E427182D805\en-US\OSProvider.dll.mui
CreationUtcTime: 2024-08-20 00:52:22.802
User: MY-CALDERA\johnny.douche"
MY-CAL-WIN10.my-caldera.local,11,"File created:
RuleName: DO
UtcTime: 2024-08-20 00:52:22.837
ProcessGuid: {ca24abc9-e8c5-66c3-8c09-000000001d00}
ProcessId: 9220
Image: C:\Windows\System32\WindowsPowerShell\v1.0\powershell.exe
TargetFilename: C:\Users\JOHNNY~1.DOU\AppData\Local\Temp\FA9C584D-0344-48E7-986B-6E427182D805\en-US\VhdProvider.dll.mui
CreationUtcTime: 2024-08-20 00:52:22.837
User: MY-CALDERA\johnny.douche"
MY-CAL-WIN10.my-caldera.local,11,"File created:
RuleName: DLL
UtcTime: 2024-08-20 00:52:23.007
ProcessGuid: {ca24abc9-e8c5-66c3-8c09-000000001d00}
ProcessId: 9220
Image: C:\Windows\System32\WindowsPowerShell\v1.0\powershell.exe
TargetFilename: C:\Users\JOHNNY~1.DOU\AppData\Local\Temp\FA9C584D-0344-48E7-986B-6E427182D805\SysprepProvider.dll
CreationUtcTime: 2024-08-20 00:52:23.006
User: MY-CALDERA\johnny.douche"
MY-CAL-WIN10.my-caldera.local,11,"File created:
RuleName: DO
UtcTime: 2024-08-20 00:52:22.810
ProcessGuid: {ca24abc9-e8c5-66c3-8c09-000000001d00}
ProcessId: 9220
Image: C:\Windows\System32\WindowsPowerShell\v1.0\powershell.exe
TargetFilename: C:\Users\JOHNNY~1.DOU\AppData\Local\Temp\FA9C584D-0344-48E7-986B-6E427182D805\en-US\ProvProvider.dll.mui
CreationUtcTime: 2024-08-20 00:52:22.808
User: MY-CALDERA\johnny.douche"
MY-CAL-WIN10.my-caldera.local,11,"File created:
RuleName: DLL
UtcTime: 2024-08-20 00:52:23.094
ProcessGuid: {ca24abc9-e8c5-66c3-8c09-000000001d00}
ProcessId: 9220
Image: C:\Windows\System32\WindowsPowerShell\v1.0\powershell.exe
TargetFilename: C:\Users\JOHNNY~1.DOU\AppData\Local\Temp\FA9C584D-0344-48E7-986B-6E427182D805\TransmogProvider.dll
CreationUtcTime: 2024-08-20 00:52:23.094
User: MY-CALDERA\johnny.douche"
MY-CAL-WIN10.my-caldera.local,11,"File created:
RuleName: DO
UtcTime: 2024-08-20 00:52:22.798
ProcessGuid: {ca24abc9-e8c5-66c3-8c09-000000001d00}
ProcessId: 9220
Image: C:\Windows\System32\WindowsPowerShell\v1.0\powershell.exe
TargetFilename: C:\Users\JOHNNY~1.DOU\AppData\Local\Temp\FA9C584D-0344-48E7-986B-6E427182D805\en-US\OfflineSetupProvider.dll.mui
CreationUtcTime: 2024-08-20 00:52:22.798
User: MY-CALDERA\johnny.douche"
MY-CAL-WIN10.my-caldera.local,11,"File created:
RuleName: DO
UtcTime: 2024-08-20 00:52:22.833
ProcessGuid: {ca24abc9-e8c5-66c3-8c09-000000001d00}
ProcessId: 9220
Image: C:\Windows\System32\WindowsPowerShell\v1.0\powershell.exe
TargetFilename: C:\Users\JOHNNY~1.DOU\AppData\Local\Temp\FA9C584D-0344-48E7-986B-6E427182D805\en-US\UnattendProvider.dll.mui
CreationUtcTime: 2024-08-20 00:52:22.832
User: MY-CALDERA\johnny.douche"
MY-CAL-WIN10.my-caldera.local,11,"File created:
RuleName: DLL
UtcTime: 2024-08-20 00:52:22.993
ProcessGuid: {ca24abc9-e8c5-66c3-8c09-000000001d00}
ProcessId: 9220
Image: C:\Windows\System32\WindowsPowerShell\v1.0\powershell.exe
TargetFilename: C:\Users\JOHNNY~1.DOU\AppData\Local\Temp\FA9C584D-0344-48E7-986B-6E427182D805\SmiProvider.dll
CreationUtcTime: 2024-08-20 00:52:22.992
User: MY-CALDERA\johnny.douche"
MY-CAL-WIN10.my-caldera.local,11,"File created:
RuleName: DLL
UtcTime: 2024-08-20 00:52:22.884
ProcessGuid: {ca24abc9-e8c5-66c3-8c09-000000001d00}
ProcessId: 9220
Image: C:\Windows\System32\WindowsPowerShell\v1.0\powershell.exe
TargetFilename: C:\Users\JOHNNY~1.DOU\AppData\Local\Temp\FA9C584D-0344-48E7-986B-6E427182D805\ImagingProvider.dll
CreationUtcTime: 2024-08-20 00:52:22.884
User: MY-CALDERA\johnny.douche"
MY-CAL-WIN10.my-caldera.local,11,"File created:
RuleName: DLL
UtcTime: 2024-08-20 00:52:22.938
ProcessGuid: {ca24abc9-e8c5-66c3-8c09-000000001d00}
ProcessId: 9220
Image: C:\Windows\System32\WindowsPowerShell\v1.0\powershell.exe
TargetFilename: C:\Users\JOHNNY~1.DOU\AppData\Local\Temp\FA9C584D-0344-48E7-986B-6E427182D805\OSProvider.dll
CreationUtcTime: 2024-08-20 00:52:22.938
User: MY-CALDERA\johnny.douche"
MY-CAL-WIN10.my-caldera.local,11,"File created:
RuleName: DLL
UtcTime: 2024-08-20 00:52:23.188
ProcessGuid: {ca24abc9-e8c5-66c3-8c09-000000001d00}
ProcessId: 9220
Image: C:\Windows\System32\WindowsPowerShell\v1.0\powershell.exe
TargetFilename: C:\Users\JOHNNY~1.DOU\AppData\Local\Temp\FA9C584D-0344-48E7-986B-6E427182D805\VhdProvider.dll
CreationUtcTime: 2024-08-20 00:52:23.187
User: MY-CALDERA\johnny.douche"
MY-CAL-WIN10.my-caldera.local,11,"File created:
RuleName: DO
UtcTime: 2024-08-20 00:52:22.822
ProcessGuid: {ca24abc9-e8c5-66c3-8c09-000000001d00}
ProcessId: 9220
Image: C:\Windows\System32\WindowsPowerShell\v1.0\powershell.exe
TargetFilename: C:\Users\JOHNNY~1.DOU\AppData\Local\Temp\FA9C584D-0344-48E7-986B-6E427182D805\en-US\SysprepProvider.dll.mui
CreationUtcTime: 2024-08-20 00:52:22.822
User: MY-CALDERA\johnny.douche"
MY-CAL-WIN10.my-caldera.local,11,"File created:
RuleName: DLL
UtcTime: 2024-08-20 00:52:22.893
ProcessGuid: {ca24abc9-e8c5-66c3-8c09-000000001d00}
ProcessId: 9220
Image: C:\Windows\System32\WindowsPowerShell\v1.0\powershell.exe
TargetFilename: C:\Users\JOHNNY~1.DOU\AppData\Local\Temp\FA9C584D-0344-48E7-986B-6E427182D805\IntlProvider.dll
CreationUtcTime: 2024-08-20 00:52:22.893
User: MY-CALDERA\johnny.douche"
MY-CAL-WIN10.my-caldera.local,11,"File created:
RuleName: DLL
UtcTime: 2024-08-20 00:52:22.951
ProcessGuid: {ca24abc9-e8c5-66c3-8c09-000000001d00}
ProcessId: 9220
Image: C:\Windows\System32\WindowsPowerShell\v1.0\powershell.exe
TargetFilename: C:\Users\JOHNNY~1.DOU\AppData\Local\Temp\FA9C584D-0344-48E7-986B-6E427182D805\ProvProvider.dll
CreationUtcTime: 2024-08-20 00:52:22.948
User: MY-CALDERA\johnny.douche"
MY-CAL-WIN10.my-caldera.local,11,"File created:
RuleName: Sysmonv1514
UtcTime: 2024-08-20 00:52:23.267
ProcessGuid: {ca24abc9-d6b1-66c3-ba00-000000001d00}
ProcessId: 6760
Image: C:\Program Files\WinlogBeat\winlogbeat.exe
TargetFilename: C:\ProgramData\winlogbeat\.winlogbeat.yml.new
CreationUtcTime: 2024-08-20 00:11:02.025
User: NT AUTHORITY\SYSTEM"
MY-CAL-WIN10.my-caldera.local,11,"File created:
RuleName: DLL
UtcTime: 2024-08-20 00:52:22.861
ProcessGuid: {ca24abc9-e8c5-66c3-8c09-000000001d00}
ProcessId: 9220
Image: C:\Windows\System32\WindowsPowerShell\v1.0\powershell.exe
TargetFilename: C:\Users\JOHNNY~1.DOU\AppData\Local\Temp\FA9C584D-0344-48E7-986B-6E427182D805\FolderProvider.dll
CreationUtcTime: 2024-08-20 00:52:22.861
User: MY-CALDERA\johnny.douche"
MY-CAL-WIN10.my-caldera.local,11,"File created:
RuleName: DLL
UtcTime: 2024-08-20 00:52:22.913
ProcessGuid: {ca24abc9-e8c5-66c3-8c09-000000001d00}
ProcessId: 9220
Image: C:\Windows\System32\WindowsPowerShell\v1.0\powershell.exe
TargetFilename: C:\Users\JOHNNY~1.DOU\AppData\Local\Temp\FA9C584D-0344-48E7-986B-6E427182D805\MsiProvider.dll
CreationUtcTime: 2024-08-20 00:52:22.913
User: MY-CALDERA\johnny.douche"
MY-CAL-WIN10.my-caldera.local,11,"File created:
RuleName: DLL
UtcTime: 2024-08-20 00:52:23.204
ProcessGuid: {ca24abc9-e8c5-66c3-8c09-000000001d00}
ProcessId: 9220
Image: C:\Windows\System32\WindowsPowerShell\v1.0\powershell.exe
TargetFilename: C:\Users\JOHNNY~1.DOU\AppData\Local\Temp\FA9C584D-0344-48E7-986B-6E427182D805\WimProvider.dll
CreationUtcTime: 2024-08-20 00:52:23.204
User: MY-CALDERA\johnny.douche"
MY-CAL-WIN10.my-caldera.local,11,"File created:
RuleName: DO
UtcTime: 2024-08-20 00:52:22.840
ProcessGuid: {ca24abc9-e8c5-66c3-8c09-000000001d00}
ProcessId: 9220
Image: C:\Windows\System32\WindowsPowerShell\v1.0\powershell.exe
TargetFilename: C:\Users\JOHNNY~1.DOU\AppData\Local\Temp\FA9C584D-0344-48E7-986B-6E427182D805\en-US\WimProvider.dll.mui
CreationUtcTime: 2024-08-20 00:52:22.840
User: MY-CALDERA\johnny.douche"
MY-CAL-WIN10.my-caldera.local,11,"File created:
RuleName: EXE
UtcTime: 2024-08-20 00:52:31.094
ProcessGuid: {ca24abc9-e8b7-66c3-8309-000000001d00}
ProcessId: 804
Image: C:\Windows\system32\msiexec.exe
TargetFilename: C:\Program Files\Oracle\VirtualBox\VBoxSVC.exe
CreationUtcTime: 2024-08-20 00:52:31.094
User: NT AUTHORITY\SYSTEM"
MY-CAL-WIN10.my-caldera.local,11,"File created:
RuleName: EXE
UtcTime: 2024-08-20 00:52:30.704
ProcessGuid: {ca24abc9-e8b7-66c3-8309-000000001d00}
ProcessId: 804
Image: C:\Windows\system32\msiexec.exe
TargetFilename: C:\Program Files\Oracle\VirtualBox\VirtualBox.exe
CreationUtcTime: 2024-08-20 00:52:30.703
User: NT AUTHORITY\SYSTEM"
MY-CAL-WIN10.my-caldera.local,11,"File created:
RuleName: DO
UtcTime: 2024-08-20 00:52:30.964
ProcessGuid: {ca24abc9-e8ce-66c3-9509-000000001d00}
ProcessId: 10052
Image: C:\Windows\System32\WindowsPowerShell\v1.0\powershell.exe
TargetFilename: C:\Users\johnny.douche\AppData\Local\Microsoft\Windows\PowerShell\StartupProfileData-NonInteractive
CreationUtcTime: 2024-03-28 01:06:06.420
User: MY-CALDERA\johnny.douche"
MY-CAL-WIN10.my-caldera.local,11,"File created:
RuleName: DLL
UtcTime: 2024-08-20 00:52:30.969
ProcessGuid: {ca24abc9-e8b7-66c3-8309-000000001d00}
ProcessId: 804
Image: C:\Windows\system32\msiexec.exe
TargetFilename: C:\Program Files\Oracle\VirtualBox\VBoxC.dll
CreationUtcTime: 2024-08-20 00:52:30.969
User: NT AUTHORITY\SYSTEM"
MY-CAL-WIN10.my-caldera.local,11,"File created:
RuleName: Sysmonv1514
UtcTime: 2024-08-20 00:52:31.266
ProcessGuid: {ca24abc9-e8b7-66c3-8309-000000001d00}
ProcessId: 804
Image: C:\Windows\system32\msiexec.exe
TargetFilename: C:\Program Files\Oracle\VirtualBox\UnattendedTemplates\win_postinstall.cmd
CreationUtcTime: 2024-08-20 00:52:31.266
User: NT AUTHORITY\SYSTEM"
