MY-CAL-WIN10.my-caldera.local,11,"File created:
RuleName: DO
UtcTime: 2024-08-20 00:31:51.073
ProcessGuid: {ca24abc9-e3f6-66c3-4f06-000000001d00}
ProcessId: 1836
Image: C:\Program Files (x86)\Microsoft Office\Root\Office16\WINWORD.EXE
TargetFilename: C:\Users\johnny.douche\AppData\Local\Microsoft\FontCache\4\CatalogCacheMetaData2.xml
CreationUtcTime: 2024-08-20 00:14:38.197
User: MY-CALDERA\johnny.douche"
MY-CAL-WIN10.my-caldera.local,11,"File created:
RuleName: DO
UtcTime: 2024-08-20 00:31:51.103
ProcessGuid: {ca24abc9-e3f6-66c3-4f06-000000001d00}
ProcessId: 1836
Image: C:\Program Files (x86)\Microsoft Office\Root\Office16\WINWORD.EXE
TargetFilename: C:\Users\johnny.douche\AppData\Local\Microsoft\FontCache\4\CatalogCacheMetaData2.xml
CreationUtcTime: 2024-08-20 00:14:38.197
User: MY-CALDERA\johnny.douche"
MY-CAL-WIN10.my-caldera.local,11,"File created:
RuleName: DO
UtcTime: 2024-08-20 00:31:51.077
ProcessGuid: {ca24abc9-e3f6-66c3-4f06-000000001d00}
ProcessId: 1836
Image: C:\Program Files (x86)\Microsoft Office\Root\Office16\WINWORD.EXE
TargetFilename: C:\Users\johnny.douche\AppData\Local\Microsoft\FontCache\4\CatalogCacheMetaData2.xml
CreationUtcTime: 2024-08-20 00:14:38.197
User: MY-CALDERA\johnny.douche"
MY-CAL-WIN10.my-caldera.local,11,"File created:
RuleName: DO
UtcTime: 2024-08-20 00:31:51.070
ProcessGuid: {ca24abc9-e3f6-66c3-4f06-000000001d00}
ProcessId: 1836
Image: C:\Program Files (x86)\Microsoft Office\Root\Office16\WINWORD.EXE
TargetFilename: C:\Users\johnny.douche\AppData\Local\Microsoft\FontCache\4\CatalogCacheMetaData2.xml
CreationUtcTime: 2024-08-20 00:14:38.197
User: MY-CALDERA\johnny.douche"
MY-CAL-WIN10.my-caldera.local,11,"File created:
RuleName: DO
UtcTime: 2024-08-20 00:31:51.064
ProcessGuid: {ca24abc9-e3f6-66c3-4f06-000000001d00}
ProcessId: 1836
Image: C:\Program Files (x86)\Microsoft Office\Root\Office16\WINWORD.EXE
TargetFilename: C:\Users\johnny.douche\AppData\Local\Microsoft\FontCache\4\CatalogCacheMetaData2.xml
CreationUtcTime: 2024-08-20 00:14:38.197
User: MY-CALDERA\johnny.douche"
MY-CAL-WIN10.my-caldera.local,11,"File created:
RuleName: DO
UtcTime: 2024-08-20 00:31:51.079
ProcessGuid: {ca24abc9-e3f6-66c3-4f06-000000001d00}
ProcessId: 1836
Image: C:\Program Files (x86)\Microsoft Office\Root\Office16\WINWORD.EXE
TargetFilename: C:\Users\johnny.douche\AppData\Local\Microsoft\FontCache\4\CatalogCacheMetaData2.xml
CreationUtcTime: 2024-08-20 00:14:38.197
User: MY-CALDERA\johnny.douche"
MY-CAL-WIN10.my-caldera.local,11,"File created:
RuleName: DO
UtcTime: 2024-08-20 00:31:51.068
ProcessGuid: {ca24abc9-e3f6-66c3-4f06-000000001d00}
ProcessId: 1836
Image: C:\Program Files (x86)\Microsoft Office\Root\Office16\WINWORD.EXE
TargetFilename: C:\Users\johnny.douche\AppData\Local\Microsoft\FontCache\4\CatalogCacheMetaData2.xml
CreationUtcTime: 2024-08-20 00:14:38.197
User: MY-CALDERA\johnny.douche"
MY-CAL-WIN10.my-caldera.local,11,"File created:
RuleName: DO
UtcTime: 2024-08-20 00:31:51.075
ProcessGuid: {ca24abc9-e3f6-66c3-4f06-000000001d00}
ProcessId: 1836
Image: C:\Program Files (x86)\Microsoft Office\Root\Office16\WINWORD.EXE
TargetFilename: C:\Users\johnny.douche\AppData\Local\Microsoft\FontCache\4\CatalogCacheMetaData2.xml
CreationUtcTime: 2024-08-20 00:14:38.197
User: MY-CALDERA\johnny.douche"
MY-CAL-WIN10.my-caldera.local,11,"File created:
RuleName: DO
UtcTime: 2024-08-20 00:31:51.084
ProcessGuid: {ca24abc9-e3f6-66c3-4f06-000000001d00}
ProcessId: 1836
Image: C:\Program Files (x86)\Microsoft Office\Root\Office16\WINWORD.EXE
TargetFilename: C:\Users\johnny.douche\AppData\Local\Microsoft\FontCache\4\CatalogCacheMetaData2.xml
CreationUtcTime: 2024-08-20 00:14:38.197
User: MY-CALDERA\johnny.douche"
MY-CAL-WIN10.my-caldera.local,11,"File created:
RuleName: DO
UtcTime: 2024-08-20 00:31:51.099
ProcessGuid: {ca24abc9-e3f6-66c3-4f06-000000001d00}
ProcessId: 1836
Image: C:\Program Files (x86)\Microsoft Office\Root\Office16\WINWORD.EXE
TargetFilename: C:\Users\johnny.douche\AppData\Local\Microsoft\FontCache\4\CatalogCacheMetaData2.xml
CreationUtcTime: 2024-08-20 00:14:38.197
User: MY-CALDERA\johnny.douche"
MY-CAL-WIN10.my-caldera.local,11,"File created:
RuleName: DO
UtcTime: 2024-08-20 00:32:18.597
ProcessGuid: {ca24abc9-e40e-66c3-7606-000000001d00}
ProcessId: 7428
Image: C:\Windows\System32\WindowsPowerShell\v1.0\powershell.exe
TargetFilename: C:\Users\johnny.douche\AppData\Local\Microsoft\Windows\PowerShell\StartupProfileData-NonInteractive
CreationUtcTime: 2024-03-28 01:06:06.420
User: MY-CALDERA\johnny.douche"
MY-CAL-WIN10.my-caldera.local,11,"File created:
RuleName: Sysmonv1514
UtcTime: 2024-08-20 00:32:54.943
ProcessGuid: {ca24abc9-d6b1-66c3-ba00-000000001d00}
ProcessId: 6760
Image: C:\Program Files\WinlogBeat\winlogbeat.exe
TargetFilename: C:\ProgramData\winlogbeat\.winlogbeat.yml.new
CreationUtcTime: 2024-08-20 00:11:02.025
User: NT AUTHORITY\SYSTEM"
MY-CAL-WIN10.my-caldera.local,11,"File created:
RuleName: DO
UtcTime: 2024-08-20 00:32:55.701
ProcessGuid: {ca24abc9-e42a-66c3-9006-000000001d00}
ProcessId: 8316
Image: C:\Windows\System32\WindowsPowerShell\v1.0\powershell.exe
TargetFilename: C:\Users\johnny.douche\AppData\Local\Temp\Microsoft.PackageManagement\3k2d2xzg.uju
CreationUtcTime: 2024-08-20 00:32:44.512
User: MY-CALDERA\johnny.douche"
MY-CAL-WIN10.my-caldera.local,11,"File created:
RuleName: DO
UtcTime: 2024-08-20 00:32:55.710
ProcessGuid: {ca24abc9-e42a-66c3-9006-000000001d00}
ProcessId: 8316
Image: C:\Windows\System32\WindowsPowerShell\v1.0\powershell.exe
TargetFilename: C:\Users\johnny.douche\AppData\Local\Temp\Microsoft.PackageManagement\3k2d2xzg.uju
CreationUtcTime: 2024-08-20 00:32:44.512
User: MY-CALDERA\johnny.douche"
MY-CAL-WIN10.my-caldera.local,11,"File created:
RuleName: Sysmonv1514
UtcTime: 2024-08-20 00:33:00.692
ProcessGuid: {ca24abc9-d648-66c3-9100-000000001d00}
ProcessId: 6396
Image: C:\Program Files\Windows Defender Advanced Threat Protection\SenseIR.exe
TargetFilename: C:\ProgramData\Microsoft\Windows Defender Advanced Threat Protection\Temp\PSScriptOutputs\PSScript_Stderr_{C7D6AB99-7080-40D3-A083-815CC426DE0B}.txt
CreationUtcTime: 2024-08-20 00:33:00.692
User: NT AUTHORITY\SYSTEM"
MY-CAL-WIN10.my-caldera.local,11,"File created:
RuleName: Sysmonv1514
UtcTime: 2024-08-20 00:33:00.692
ProcessGuid: {ca24abc9-d648-66c3-9100-000000001d00}
ProcessId: 6396
Image: C:\Program Files\Windows Defender Advanced Threat Protection\SenseIR.exe
TargetFilename: C:\ProgramData\Microsoft\Windows Defender Advanced Threat Protection\Temp\PSScriptOutputs\PSScript_Output_{C7D6AB99-7080-40D3-A083-815CC426DE0B}.txt
CreationUtcTime: 2024-08-20 00:33:00.691
User: NT AUTHORITY\SYSTEM"
MY-CAL-WIN10.my-caldera.local,11,"File created:
RuleName: DLL
UtcTime: 2024-08-20 00:33:09.454
ProcessGuid: {ca24abc9-e444-66c3-9c06-000000001d00}
ProcessId: 9500
Image: C:\Windows\Microsoft.NET\Framework64\v4.0.30319\csc.exe
TargetFilename: C:\Windows\Temp\2akxi0kw\2akxi0kw.dll
CreationUtcTime: 2024-08-20 00:33:08.547
User: NT AUTHORITY\SYSTEM"
MY-CAL-WIN10.my-caldera.local,11,"File created:
RuleName: Sysmonv1514
UtcTime: 2024-08-20 00:33:09.563
ProcessGuid: {ca24abc9-d6b1-66c3-ba00-000000001d00}
ProcessId: 6760
Image: C:\Program Files\WinlogBeat\winlogbeat.exe
TargetFilename: C:\ProgramData\winlogbeat\.winlogbeat.yml.new
CreationUtcTime: 2024-08-20 00:11:02.025
User: NT AUTHORITY\SYSTEM"
MY-CAL-WIN10.my-caldera.local,11,"File created:
RuleName: DLL
UtcTime: 2024-08-20 00:33:08.547
ProcessGuid: {ca24abc9-e43c-66c3-9a06-000000001d00}
ProcessId: 8896
Image: C:\Windows\system32\WindowsPowerShell\v1.0\powershell.exe
TargetFilename: C:\Windows\Temp\2akxi0kw\2akxi0kw.dll
CreationUtcTime: 2024-08-20 00:33:08.547
User: NT AUTHORITY\SYSTEM"
MY-CAL-WIN10.my-caldera.local,11,"File created:
RuleName: Sysmonv1514
UtcTime: 2024-08-20 00:33:08.548
ProcessGuid: {ca24abc9-e43c-66c3-9a06-000000001d00}
ProcessId: 8896
Image: C:\Windows\system32\WindowsPowerShell\v1.0\powershell.exe
TargetFilename: C:\Windows\Temp\2akxi0kw\2akxi0kw.cmdline
CreationUtcTime: 2024-08-20 00:33:08.548
User: NT AUTHORITY\SYSTEM"
MY-CAL-WIN10.my-caldera.local,11,"File created:
RuleName: DO
UtcTime: 2024-08-20 00:33:29.066
ProcessGuid: {ca24abc9-e458-66c3-ab06-000000001d00}
ProcessId: 9772
Image: C:\Windows\System32\WindowsPowerShell\v1.0\powershell.exe
TargetFilename: C:\Users\johnny.douche\AppData\Local\Microsoft\Windows\PowerShell\StartupProfileData-NonInteractive
CreationUtcTime: 2024-03-28 01:06:06.420
User: MY-CALDERA\johnny.douche"
MY-CAL-WIN10.my-caldera.local,11,"File created:
RuleName: Sysmonv1514
UtcTime: 2024-08-20 00:33:44.346
ProcessGuid: {ca24abc9-d6b1-66c3-ba00-000000001d00}
ProcessId: 6760
Image: C:\Program Files\WinlogBeat\winlogbeat.exe
TargetFilename: C:\ProgramData\winlogbeat\.winlogbeat.yml.new
CreationUtcTime: 2024-08-20 00:11:02.025
User: NT AUTHORITY\SYSTEM"
MY-CAL-WIN10.my-caldera.local,11,"File created:
RuleName: DO
UtcTime: 2024-08-20 00:34:02.820
ProcessGuid: {ca24abc9-e479-66c3-d206-000000001d00}
ProcessId: 3052
Image: C:\Windows\System32\WindowsPowerShell\v1.0\powershell.exe
TargetFilename: C:\Users\johnny.douche\AppData\Local\Temp\f02c1hqo\f02c1hqo.out
CreationUtcTime: 2024-08-20 00:34:02.789
User: MY-CALDERA\johnny.douche"
MY-CAL-WIN10.my-caldera.local,11,"File created:
RuleName: DO
UtcTime: 2024-08-20 00:34:02.967
ProcessGuid: {ca24abc9-e47a-66c3-d406-000000001d00}
ProcessId: 10004
Image: C:\Windows\Microsoft.NET\Framework64\v4.0.30319\csc.exe
TargetFilename: C:\Users\johnny.douche\AppData\Local\Temp\f02c1hqo\CSC78870B34C9B84353BEA85B9E43A252E.TMP
CreationUtcTime: 2024-08-20 00:34:02.967
User: MY-CALDERA\johnny.douche"
MY-CAL-WIN10.my-caldera.local,11,"File created:
RuleName: DO
UtcTime: 2024-08-20 00:34:02.784
ProcessGuid: {ca24abc9-e479-66c3-d206-000000001d00}
ProcessId: 3052
Image: C:\Windows\System32\WindowsPowerShell\v1.0\powershell.exe
TargetFilename: C:\Users\johnny.douche\AppData\Local\Temp\f02c1hqo
CreationUtcTime: 2024-08-20 00:34:02.784
User: MY-CALDERA\johnny.douche"
MY-CAL-WIN10.my-caldera.local,11,"File created:
RuleName: DO
UtcTime: 2024-08-20 00:34:02.785
ProcessGuid: {ca24abc9-e479-66c3-d206-000000001d00}
ProcessId: 3052
Image: C:\Windows\System32\WindowsPowerShell\v1.0\powershell.exe
TargetFilename: C:\Users\johnny.douche\AppData\Local\Temp\f02c1hqo\f02c1hqo.0.cs
CreationUtcTime: 2024-08-20 00:34:02.785
User: MY-CALDERA\johnny.douche"
MY-CAL-WIN10.my-caldera.local,11,"File created:
RuleName: DO
UtcTime: 2024-08-20 00:34:02.784
ProcessGuid: {ca24abc9-e479-66c3-d206-000000001d00}
ProcessId: 3052
Image: C:\Windows\System32\WindowsPowerShell\v1.0\powershell.exe
TargetFilename: C:\Users\johnny.douche\AppData\Local\Temp\f02c1hqo\f02c1hqo.tmp
CreationUtcTime: 2024-08-20 00:34:02.784
User: MY-CALDERA\johnny.douche"
MY-CAL-WIN10.my-caldera.local,11,"File created:
RuleName: DLL
UtcTime: 2024-08-20 00:34:02.786
ProcessGuid: {ca24abc9-e479-66c3-d206-000000001d00}
ProcessId: 3052
Image: C:\Windows\System32\WindowsPowerShell\v1.0\powershell.exe
TargetFilename: C:\Users\johnny.douche\AppData\Local\Temp\f02c1hqo\f02c1hqo.dll
CreationUtcTime: 2024-08-20 00:34:02.786
User: MY-CALDERA\johnny.douche"
MY-CAL-WIN10.my-caldera.local,11,"File created:
RuleName: Sysmonv1514
UtcTime: 2024-08-20 00:34:02.787
ProcessGuid: {ca24abc9-e479-66c3-d206-000000001d00}
ProcessId: 3052
Image: C:\Windows\System32\WindowsPowerShell\v1.0\powershell.exe
TargetFilename: C:\Users\johnny.douche\AppData\Local\Temp\f02c1hqo\f02c1hqo.cmdline
CreationUtcTime: 2024-08-20 00:34:02.787
User: MY-CALDERA\johnny.douche"
MY-CAL-WIN10.my-caldera.local,11,"File created:
RuleName: DLL
UtcTime: 2024-08-20 00:34:03.002
ProcessGuid: {ca24abc9-e47a-66c3-d406-000000001d00}
ProcessId: 10004
Image: C:\Windows\Microsoft.NET\Framework64\v4.0.30319\csc.exe
TargetFilename: C:\Users\johnny.douche\AppData\Local\Temp\f02c1hqo\f02c1hqo.dll
CreationUtcTime: 2024-08-20 00:34:02.786
User: MY-CALDERA\johnny.douche"
MY-CAL-WIN10.my-caldera.local,11,"File created:
RuleName: DO
UtcTime: 2024-08-20 00:34:02.821
ProcessGuid: {ca24abc9-e479-66c3-d206-000000001d00}
ProcessId: 3052
Image: C:\Windows\System32\WindowsPowerShell\v1.0\powershell.exe
TargetFilename: C:\Users\johnny.douche\AppData\Local\Temp\f02c1hqo\f02c1hqo.err
CreationUtcTime: 2024-08-20 00:34:02.820
User: MY-CALDERA\johnny.douche"
MY-CAL-WIN10.my-caldera.local,11,"File created:
RuleName: DO
UtcTime: 2024-08-20 00:34:02.969
ProcessGuid: {ca24abc9-e47a-66c3-d406-000000001d00}
ProcessId: 10004
Image: C:\Windows\Microsoft.NET\Framework64\v4.0.30319\csc.exe
TargetFilename: C:\Users\JOHNNY~1.DOU\AppData\Local\Temp\RES8F7E.tmp
CreationUtcTime: 2024-08-20 00:34:02.969
User: MY-CALDERA\johnny.douche"
MY-CAL-WIN10.my-caldera.local,11,"File created:
RuleName: DO
UtcTime: 2024-08-20 00:34:02.993
ProcessGuid: {ca24abc9-e47a-66c3-d506-000000001d00}
ProcessId: 10780
Image: C:\Windows\Microsoft.NET\Framework64\v4.0.30319\cvtres.exe
TargetFilename: C:\Users\JOHNNY~1.DOU\AppData\Local\Temp\RES8F7E.tmp
CreationUtcTime: 2024-08-20 00:34:02.969
User: MY-CALDERA\johnny.douche"
MY-CAL-WIN10.my-caldera.local,11,"File created:
RuleName: DO
UtcTime: 2024-08-20 00:34:22.202
ProcessGuid: {ca24abc9-e48e-66c3-f406-000000001d00}
ProcessId: 1832
Image: C:\Windows\system32\cmd.exe
TargetFilename: C:\Users\JOHNNY~1.DOU\AppData\Local\Temp\shell32.jpg
CreationUtcTime: 2024-08-20 00:34:22.202
User: MY-CALDERA\johnny.douche"
MY-CAL-WIN10.my-caldera.local,11,"File created:
RuleName: DO
UtcTime: 2024-08-20 00:34:22.841
ProcessGuid: {ca24abc9-e48e-66c3-f706-000000001d00}
ProcessId: 1416
Image: C:\Windows\System32\WindowsPowerShell\v1.0\powershell.exe
TargetFilename: C:\Users\johnny.douche\AppData\Local\Microsoft\Windows\PowerShell\StartupProfileData-NonInteractive
CreationUtcTime: 2024-03-28 01:06:06.420
User: MY-CALDERA\johnny.douche"
MY-CAL-WIN10.my-caldera.local,11,"File created:
RuleName: Sysmonv1514
UtcTime: 2024-08-20 00:34:33.825
ProcessGuid: {ca24abc9-d6b1-66c3-ba00-000000001d00}
ProcessId: 6760
Image: C:\Program Files\WinlogBeat\winlogbeat.exe
TargetFilename: C:\ProgramData\winlogbeat\.winlogbeat.yml.new
CreationUtcTime: 2024-08-20 00:11:02.025
User: NT AUTHORITY\SYSTEM"
MY-CAL-WIN10.my-caldera.local,11,"File created:
RuleName: DO
UtcTime: 2024-08-20 00:35:04.899
ProcessGuid: {ca24abc9-e4b8-66c3-3707-000000001d00}
ProcessId: 1956
Image: C:\Windows\system32\icacls.exe
TargetFilename: C:\Users\JOHNNY~1.DOU\AppData\Local\Temp\T1222.001-folder-perms-backup.txt
CreationUtcTime: 2024-08-20 00:35:04.898
User: MY-CALDERA\johnny.douche"
MY-CAL-WIN10.my-caldera.local,11,"File created:
RuleName: DO
UtcTime: 2024-08-20 00:35:04.537
ProcessGuid: {ca24abc9-e4b8-66c3-2f07-000000001d00}
ProcessId: 4512
Image: C:\Windows\system32\cmd.exe
TargetFilename: C:\Users\JOHNNY~1.DOU\AppData\Local\Temp\T1222.001_attrib
CreationUtcTime: 2024-08-20 00:35:04.536
User: MY-CALDERA\johnny.douche"
MY-CAL-WIN10.my-caldera.local,11,"File created:
RuleName: DO
UtcTime: 2024-08-20 00:35:04.537
ProcessGuid: {ca24abc9-e4b8-66c3-2f07-000000001d00}
ProcessId: 4512
Image: C:\Windows\system32\cmd.exe
TargetFilename: C:\Users\JOHNNY~1.DOU\AppData\Local\Temp\T1222.001_attrib\T1222.001_attrib1.txt
CreationUtcTime: 2024-08-20 00:35:04.537
User: MY-CALDERA\johnny.douche"
MY-CAL-WIN10.my-caldera.local,11,"File created:
RuleName: DO
UtcTime: 2024-08-20 00:35:04.539
ProcessGuid: {ca24abc9-e4b8-66c3-2f07-000000001d00}
ProcessId: 4512
Image: C:\Windows\system32\cmd.exe
TargetFilename: C:\Users\JOHNNY~1.DOU\AppData\Local\Temp\T1222.001_attrib\T1222.001_attrib2.txt
CreationUtcTime: 2024-08-20 00:35:04.539
User: MY-CALDERA\johnny.douche"
MY-CAL-WIN10.my-caldera.local,11,"File created:
RuleName: Sysmonv1514
UtcTime: 2024-08-20 00:35:16.712
ProcessGuid: {ca24abc9-d6b1-66c3-ba00-000000001d00}
ProcessId: 6760
Image: C:\Program Files\WinlogBeat\winlogbeat.exe
TargetFilename: C:\ProgramData\winlogbeat\.winlogbeat.yml.new
CreationUtcTime: 2024-08-20 00:11:02.025
User: NT AUTHORITY\SYSTEM"
MY-CAL-WIN10.my-caldera.local,11,"File created:
RuleName: Sysmonv1514
UtcTime: 2024-08-20 00:35:21.728
ProcessGuid: {ca24abc9-d6b1-66c3-ba00-000000001d00}
ProcessId: 6760
Image: C:\Program Files\WinlogBeat\winlogbeat.exe
TargetFilename: C:\ProgramData\winlogbeat\.winlogbeat.yml.new
CreationUtcTime: 2024-08-20 00:11:02.025
User: NT AUTHORITY\SYSTEM"
MY-CAL-WIN10.my-caldera.local,11,"File created:
RuleName: DO
UtcTime: 2024-08-20 00:35:20.053
ProcessGuid: {ca24abc9-e4c7-66c3-4007-000000001d00}
ProcessId: 6280
Image: C:\Windows\System32\WindowsPowerShell\v1.0\powershell.exe
TargetFilename: C:\Users\johnny.douche\AppData\Local\Microsoft\Windows\PowerShell\StartupProfileData-NonInteractive
CreationUtcTime: 2024-03-28 01:06:06.420
User: MY-CALDERA\johnny.douche"
MY-CAL-WIN10.my-caldera.local,11,"File created:
RuleName: DO
UtcTime: 2024-08-20 00:35:32.738
ProcessGuid: {ca24abc9-e4d4-66c3-4407-000000001d00}
ProcessId: 7480
Image: C:\Windows\System32\WindowsPowerShell\v1.0\powershell.exe
TargetFilename: C:\Users\johnny.douche\AppData\Local\Microsoft\Windows\PowerShell\StartupProfileData-NonInteractive
CreationUtcTime: 2024-03-28 01:06:06.420
User: MY-CALDERA\johnny.douche"
MY-CAL-WIN10.my-caldera.local,11,"File created:
RuleName: DO
UtcTime: 2024-08-20 00:35:49.835
ProcessGuid: {ca24abc9-e4d9-66c3-4b07-000000001d00}
ProcessId: 9196
Image: C:\Windows\System32\WindowsPowerShell\v1.0\powershell.exe
TargetFilename: C:\Users\johnny.douche\AppData\Local\Microsoft\Windows\PowerShell\StartupProfileData-NonInteractive
CreationUtcTime: 2024-03-28 01:06:06.420
User: MY-CALDERA\johnny.douche"
MY-CAL-WIN10.my-caldera.local,11,"File created:
RuleName: DO
UtcTime: 2024-08-20 00:25:59.296
ProcessGuid: {ca24abc9-e296-66c3-2e04-000000001d00}
ProcessId: 11144
Image: C:\Windows\System32\WindowsPowerShell\v1.0\powershell.exe
TargetFilename: C:\Users\johnny.douche\AppData\Local\Microsoft\Windows\PowerShell\StartupProfileData-NonInteractive
CreationUtcTime: 2024-03-28 01:06:06.420
User: MY-CALDERA\johnny.douche"
MY-CAL-WIN10.my-caldera.local,11,"File created:
RuleName: DO
UtcTime: 2024-08-20 00:26:00.166
ProcessGuid: {ca24abc9-e297-66c3-3004-000000001d00}
ProcessId: 2836
Image: C:\Windows\System32\WindowsPowerShell\v1.0\powershell.exe
TargetFilename: C:\Users\johnny.douche\AppData\Local\Microsoft\Windows\PowerShell\StartupProfileData-NonInteractive
CreationUtcTime: 2024-03-28 01:06:06.420
User: MY-CALDERA\johnny.douche"
MY-CAL-WIN10.my-caldera.local,11,"File created:
RuleName: DO
UtcTime: 2024-08-20 00:25:58.852
ProcessGuid: {ca24abc9-e296-66c3-2d04-000000001d00}
ProcessId: 5352
Image: C:\Windows\System32\WindowsPowerShell\v1.0\powershell.exe
TargetFilename: C:\Users\johnny.douche\AppData\Local\Microsoft\Windows\PowerShell\StartupProfileData-NonInteractive
CreationUtcTime: 2024-03-28 01:06:06.420
User: MY-CALDERA\johnny.douche"
MY-CAL-WIN10.my-caldera.local,11,"File created:
RuleName: DO
UtcTime: 2024-08-20 00:26:01.049
ProcessGuid: {ca24abc9-e298-66c3-3204-000000001d00}
ProcessId: 4296
Image: C:\Windows\System32\WindowsPowerShell\v1.0\powershell.exe
TargetFilename: C:\Users\johnny.douche\AppData\Local\Microsoft\Windows\PowerShell\StartupProfileData-NonInteractive
CreationUtcTime: 2024-03-28 01:06:06.420
User: MY-CALDERA\johnny.douche"
MY-CAL-WIN10.my-caldera.local,11,"File created:
RuleName: DO
UtcTime: 2024-08-20 00:25:59.734
ProcessGuid: {ca24abc9-e297-66c3-2f04-000000001d00}
ProcessId: 7560
Image: C:\Windows\System32\WindowsPowerShell\v1.0\powershell.exe
TargetFilename: C:\Users\johnny.douche\AppData\Local\Microsoft\Windows\PowerShell\StartupProfileData-NonInteractive
CreationUtcTime: 2024-03-28 01:06:06.420
User: MY-CALDERA\johnny.douche"
MY-CAL-WIN10.my-caldera.local,11,"File created:
RuleName: Sysmonv1514
UtcTime: 2024-08-20 00:26:01.770
ProcessGuid: {ca24abc9-d6b1-66c3-ba00-000000001d00}
ProcessId: 6760
Image: C:\Program Files\WinlogBeat\winlogbeat.exe
TargetFilename: C:\ProgramData\winlogbeat\.winlogbeat.yml.new
CreationUtcTime: 2024-08-20 00:11:02.025
User: NT AUTHORITY\SYSTEM"
MY-CAL-WIN10.my-caldera.local,11,"File created:
RuleName: DO
UtcTime: 2024-08-20 00:26:00.607
ProcessGuid: {ca24abc9-e298-66c3-3104-000000001d00}
ProcessId: 2108
Image: C:\Windows\System32\WindowsPowerShell\v1.0\powershell.exe
TargetFilename: C:\Users\johnny.douche\AppData\Local\Microsoft\Windows\PowerShell\StartupProfileData-NonInteractive
CreationUtcTime: 2024-03-28 01:06:06.420
User: MY-CALDERA\johnny.douche"
MY-CAL-WIN10.my-caldera.local,11,"File created:
RuleName: DO
UtcTime: 2024-08-20 00:26:40.924
ProcessGuid: {ca24abc9-e2bf-66c3-4a04-000000001d00}
ProcessId: 8688
Image: C:\Windows\System32\WindowsPowerShell\v1.0\powershell.exe
TargetFilename: C:\Users\johnny.douche\AppData\Local\Temp\0wueeacm
CreationUtcTime: 2024-08-20 00:26:40.924
User: MY-CALDERA\johnny.douche"
MY-CAL-WIN10.my-caldera.local,11,"File created:
RuleName: DO
UtcTime: 2024-08-20 00:26:40.925
ProcessGuid: {ca24abc9-e2bf-66c3-4a04-000000001d00}
ProcessId: 8688
Image: C:\Windows\System32\WindowsPowerShell\v1.0\powershell.exe
TargetFilename: C:\Users\johnny.douche\AppData\Local\Temp\0wueeacm\0wueeacm.tmp
CreationUtcTime: 2024-08-20 00:26:40.925
User: MY-CALDERA\johnny.douche"
MY-CAL-WIN10.my-caldera.local,11,"File created:
RuleName: DO
UtcTime: 2024-08-20 00:26:40.925
ProcessGuid: {ca24abc9-e2bf-66c3-4a04-000000001d00}
ProcessId: 8688
Image: C:\Windows\System32\WindowsPowerShell\v1.0\powershell.exe
TargetFilename: C:\Users\johnny.douche\AppData\Local\Temp\0wueeacm\0wueeacm.0.cs
CreationUtcTime: 2024-08-20 00:26:40.925
User: MY-CALDERA\johnny.douche"
MY-CAL-WIN10.my-caldera.local,11,"File created:
RuleName: DLL
UtcTime: 2024-08-20 00:26:40.927
ProcessGuid: {ca24abc9-e2bf-66c3-4a04-000000001d00}
ProcessId: 8688
Image: C:\Windows\System32\WindowsPowerShell\v1.0\powershell.exe
TargetFilename: C:\Users\johnny.douche\AppData\Local\Temp\0wueeacm\0wueeacm.dll
CreationUtcTime: 2024-08-20 00:26:40.927
User: MY-CALDERA\johnny.douche"
MY-CAL-WIN10.my-caldera.local,11,"File created:
RuleName: Sysmonv1514
UtcTime: 2024-08-20 00:26:40.928
ProcessGuid: {ca24abc9-e2bf-66c3-4a04-000000001d00}
ProcessId: 8688
Image: C:\Windows\System32\WindowsPowerShell\v1.0\powershell.exe
TargetFilename: C:\Users\johnny.douche\AppData\Local\Temp\0wueeacm\0wueeacm.cmdline
CreationUtcTime: 2024-08-20 00:26:40.927
User: MY-CALDERA\johnny.douche"
MY-CAL-WIN10.my-caldera.local,11,"File created:
RuleName: DO
UtcTime: 2024-08-20 00:26:40.932
ProcessGuid: {ca24abc9-e2bf-66c3-4a04-000000001d00}
ProcessId: 8688
Image: C:\Windows\System32\WindowsPowerShell\v1.0\powershell.exe
TargetFilename: C:\Users\johnny.douche\AppData\Local\Temp\0wueeacm\0wueeacm.out
CreationUtcTime: 2024-08-20 00:26:40.929
User: MY-CALDERA\johnny.douche"
MY-CAL-WIN10.my-caldera.local,11,"File created:
RuleName: DO
UtcTime: 2024-08-20 00:26:40.932
ProcessGuid: {ca24abc9-e2bf-66c3-4a04-000000001d00}
ProcessId: 8688
Image: C:\Windows\System32\WindowsPowerShell\v1.0\powershell.exe
TargetFilename: C:\Users\johnny.douche\AppData\Local\Temp\0wueeacm\0wueeacm.err
CreationUtcTime: 2024-08-20 00:26:40.932
User: MY-CALDERA\johnny.douche"
MY-CAL-WIN10.my-caldera.local,11,"File created:
RuleName: DO
UtcTime: 2024-08-20 00:26:41.271
ProcessGuid: {ca24abc9-e2c0-66c3-4b04-000000001d00}
ProcessId: 7152
Image: C:\Windows\Microsoft.NET\Framework64\v4.0.30319\csc.exe
TargetFilename: C:\Users\johnny.douche\AppData\Local\Temp\0wueeacm\CSCA6D60CAD75F34C93B3FD3B3DDFF4BDC.TMP
CreationUtcTime: 2024-08-20 00:26:41.270
User: MY-CALDERA\johnny.douche"
MY-CAL-WIN10.my-caldera.local,11,"File created:
RuleName: DO
UtcTime: 2024-08-20 00:26:41.273
ProcessGuid: {ca24abc9-e2c0-66c3-4b04-000000001d00}
ProcessId: 7152
Image: C:\Windows\Microsoft.NET\Framework64\v4.0.30319\csc.exe
TargetFilename: C:\Users\JOHNNY~1.DOU\AppData\Local\Temp\RESD216.tmp
CreationUtcTime: 2024-08-20 00:26:41.273
User: MY-CALDERA\johnny.douche"
MY-CAL-WIN10.my-caldera.local,11,"File created:
RuleName: DO
UtcTime: 2024-08-20 00:26:41.310
ProcessGuid: {ca24abc9-e2c1-66c3-4c04-000000001d00}
ProcessId: 5720
Image: C:\Windows\Microsoft.NET\Framework64\v4.0.30319\cvtres.exe
TargetFilename: C:\Users\JOHNNY~1.DOU\AppData\Local\Temp\RESD216.tmp
CreationUtcTime: 2024-08-20 00:26:41.273
User: MY-CALDERA\johnny.douche"
MY-CAL-WIN10.my-caldera.local,11,"File created:
RuleName: DLL
UtcTime: 2024-08-20 00:26:41.334
ProcessGuid: {ca24abc9-e2c0-66c3-4b04-000000001d00}
ProcessId: 7152
Image: C:\Windows\Microsoft.NET\Framework64\v4.0.30319\csc.exe
TargetFilename: C:\Users\johnny.douche\AppData\Local\Temp\0wueeacm\0wueeacm.dll
CreationUtcTime: 2024-08-20 00:26:40.927
User: MY-CALDERA\johnny.douche"
MY-CAL-WIN10.my-caldera.local,11,"File created:
RuleName: DO
UtcTime: 2024-08-20 00:27:14.618
ProcessGuid: {ca24abc9-e2e2-66c3-6704-000000001d00}
ProcessId: 4224
Image: C:\Windows\System32\WindowsPowerShell\v1.0\powershell.exe
TargetFilename: C:\Users\johnny.douche\AppData\Local\Microsoft\Windows\PowerShell\StartupProfileData-NonInteractive
CreationUtcTime: 2024-03-28 01:06:06.420
User: MY-CALDERA\johnny.douche"
MY-CAL-WIN10.my-caldera.local,11,"File created:
RuleName: DO
UtcTime: 2024-08-20 00:27:14.069
ProcessGuid: {ca24abc9-e2e1-66c3-6604-000000001d00}
ProcessId: 11188
Image: C:\ProgramData\Microsoft\Windows Defender\Platform\4.18.24040.4-0\MpCmdRun.exe
TargetFilename: C:\Users\JOHNNY~1.DOU\AppData\Local\Temp\MpCmdRun.log
CreationUtcTime: 2024-08-20 00:27:14.069
User: MY-CALDERA\johnny.douche"
MY-CAL-WIN10.my-caldera.local,11,"File created:
RuleName: DO
UtcTime: 2024-08-20 00:27:15.045
ProcessGuid: {ca24abc9-e2e2-66c3-6804-000000001d00}
ProcessId: 8608
Image: C:\Windows\System32\WindowsPowerShell\v1.0\powershell.exe
TargetFilename: C:\Users\johnny.douche\AppData\Local\Microsoft\Windows\PowerShell\StartupProfileData-NonInteractive
CreationUtcTime: 2024-03-28 01:06:06.420
User: MY-CALDERA\johnny.douche"
MY-CAL-WIN10.my-caldera.local,11,"File created:
RuleName: DO
UtcTime: 2024-08-20 00:27:15.444
ProcessGuid: {ca24abc9-e2e3-66c3-6904-000000001d00}
ProcessId: 10392
Image: C:\Windows\System32\WindowsPowerShell\v1.0\powershell.exe
TargetFilename: C:\Users\johnny.douche\AppData\Local\Microsoft\Windows\PowerShell\StartupProfileData-NonInteractive
CreationUtcTime: 2024-03-28 01:06:06.420
User: MY-CALDERA\johnny.douche"
MY-CAL-WIN10.my-caldera.local,11,"File created:
RuleName: DO
UtcTime: 2024-08-20 00:27:15.989
ProcessGuid: {ca24abc9-e2e3-66c3-6a04-000000001d00}
ProcessId: 5468
Image: C:\Windows\System32\WindowsPowerShell\v1.0\powershell.exe
TargetFilename: C:\Users\johnny.douche\AppData\Local\Microsoft\Windows\PowerShell\StartupProfileData-NonInteractive
CreationUtcTime: 2024-03-28 01:06:06.420
User: MY-CALDERA\johnny.douche"
MY-CAL-WIN10.my-caldera.local,11,"File created:
RuleName: Sysmonv1514
UtcTime: 2024-08-20 00:27:15.994
ProcessGuid: {ca24abc9-d6b1-66c3-ba00-000000001d00}
ProcessId: 6760
Image: C:\Program Files\WinlogBeat\winlogbeat.exe
TargetFilename: C:\ProgramData\winlogbeat\.winlogbeat.yml.new
CreationUtcTime: 2024-08-20 00:11:02.025
User: NT AUTHORITY\SYSTEM"
MY-CAL-WIN10.my-caldera.local,11,"File created:
RuleName: DO
UtcTime: 2024-08-20 00:27:16.368
ProcessGuid: {ca24abc9-e2e4-66c3-6c04-000000001d00}
ProcessId: 6688
Image: C:\Windows\System32\WindowsPowerShell\v1.0\powershell.exe
TargetFilename: C:\Users\johnny.douche\AppData\Local\Microsoft\Windows\PowerShell\StartupProfileData-NonInteractive
CreationUtcTime: 2024-03-28 01:06:06.420
User: MY-CALDERA\johnny.douche"
MY-CAL-WIN10.my-caldera.local,11,"File created:
RuleName: DO
UtcTime: 2024-08-20 00:27:16.811
ProcessGuid: {ca24abc9-e2e4-66c3-6d04-000000001d00}
ProcessId: 9636
Image: C:\Windows\System32\WindowsPowerShell\v1.0\powershell.exe
TargetFilename: C:\Users\johnny.douche\AppData\Local\Microsoft\Windows\PowerShell\StartupProfileData-NonInteractive
CreationUtcTime: 2024-03-28 01:06:06.420
User: MY-CALDERA\johnny.douche"
MY-CAL-WIN10.my-caldera.local,11,"File created:
RuleName: DO
UtcTime: 2024-08-20 00:27:24.723
ProcessGuid: {ca24abc9-e2ea-66c3-7b04-000000001d00}
ProcessId: 4616
Image: C:\Windows\System32\WindowsPowerShell\v1.0\powershell.exe
TargetFilename: C:\Users\johnny.douche\AppData\Local\Temp\Microsoft.PackageManagement\1pxle4zc.lm3
CreationUtcTime: 2024-08-20 00:27:24.723
User: MY-CALDERA\johnny.douche"
MY-CAL-WIN10.my-caldera.local,11,"File created:
RuleName: DO
UtcTime: 2024-08-20 00:27:24.833
ProcessGuid: {ca24abc9-e2ea-66c3-7b04-000000001d00}
ProcessId: 4616
Image: C:\Windows\System32\WindowsPowerShell\v1.0\powershell.exe
TargetFilename: C:\Users\johnny.douche\AppData\Local\Temp\Microsoft.PackageManagement\1pxle4zc.lm3
CreationUtcTime: 2024-08-20 00:27:24.723
User: MY-CALDERA\johnny.douche"
MY-CAL-WIN10.my-caldera.local,11,"File created:
RuleName: DO
UtcTime: 2024-08-20 00:27:24.843
ProcessGuid: {ca24abc9-e2ea-66c3-7b04-000000001d00}
ProcessId: 4616
Image: C:\Windows\System32\WindowsPowerShell\v1.0\powershell.exe
TargetFilename: C:\Users\johnny.douche\AppData\Local\Temp\Microsoft.PackageManagement\1pxle4zc.lm3
CreationUtcTime: 2024-08-20 00:27:24.723
User: MY-CALDERA\johnny.douche"
MY-CAL-WIN10.my-caldera.local,11,"File created:
RuleName: DO
UtcTime: 2024-08-20 00:27:57.714
ProcessGuid: {ca24abc9-e30d-66c3-8c04-000000001d00}
ProcessId: 10888
Image: C:\Windows\System32\WindowsPowerShell\v1.0\powershell.exe
TargetFilename: C:\Users\johnny.douche\AppData\Local\Microsoft\Windows\PowerShell\StartupProfileData-NonInteractive
CreationUtcTime: 2024-03-28 01:06:06.420
User: MY-CALDERA\johnny.douche"
MY-CAL-WIN10.my-caldera.local,11,"File created:
RuleName: DO
UtcTime: 2024-08-20 00:27:57.330
ProcessGuid: {ca24abc9-e301-66c3-8a04-000000001d00}
ProcessId: 8060
Image: C:\Windows\System32\WindowsPowerShell\v1.0\powershell.exe
TargetFilename: C:\Users\johnny.douche\AppData\Local\Microsoft\Windows\PowerShell\StartupProfileData-NonInteractive
CreationUtcTime: 2024-03-28 01:06:06.420
User: MY-CALDERA\johnny.douche"
MY-CAL-WIN10.my-caldera.local,11,"File created:
RuleName: DO
UtcTime: 2024-08-20 00:27:58.182
ProcessGuid: {ca24abc9-e30d-66c3-8d04-000000001d00}
ProcessId: 9020
Image: C:\Windows\System32\WindowsPowerShell\v1.0\powershell.exe
TargetFilename: C:\Users\johnny.douche\AppData\Local\Microsoft\Windows\PowerShell\StartupProfileData-NonInteractive
CreationUtcTime: 2024-03-28 01:06:06.420
User: MY-CALDERA\johnny.douche"
MY-CAL-WIN10.my-caldera.local,11,"File created:
RuleName: Sysmonv1514
UtcTime: 2024-08-20 00:28:09.589
ProcessGuid: {ca24abc9-d6b1-66c3-ba00-000000001d00}
ProcessId: 6760
Image: C:\Program Files\WinlogBeat\winlogbeat.exe
TargetFilename: C:\ProgramData\winlogbeat\.winlogbeat.yml.new
CreationUtcTime: 2024-08-20 00:11:02.025
User: NT AUTHORITY\SYSTEM"
MY-CAL-WIN10.my-caldera.local,11,"File created:
RuleName: DO
UtcTime: 2024-08-20 00:28:14.808
ProcessGuid: {ca24abc9-e31e-66c3-a604-000000001d00}
ProcessId: 6296
Image: C:\Windows\System32\WindowsPowerShell\v1.0\powershell.exe
TargetFilename: C:\Users\johnny.douche\AppData\Local\Temp\aaizbz3t
CreationUtcTime: 2024-08-20 00:28:14.808
User: MY-CALDERA\johnny.douche"
MY-CAL-WIN10.my-caldera.local,11,"File created:
RuleName: DO
UtcTime: 2024-08-20 00:28:14.808
ProcessGuid: {ca24abc9-e31e-66c3-a604-000000001d00}
ProcessId: 6296
Image: C:\Windows\System32\WindowsPowerShell\v1.0\powershell.exe
TargetFilename: C:\Users\johnny.douche\AppData\Local\Temp\aaizbz3t\aaizbz3t.tmp
CreationUtcTime: 2024-08-20 00:28:14.808
User: MY-CALDERA\johnny.douche"
MY-CAL-WIN10.my-caldera.local,11,"File created:
RuleName: DO
UtcTime: 2024-08-20 00:28:14.989
ProcessGuid: {ca24abc9-e31e-66c3-a804-000000001d00}
ProcessId: 7072
Image: C:\Windows\Microsoft.NET\Framework64\v4.0.30319\cvtres.exe
TargetFilename: C:\Users\JOHNNY~1.DOU\AppData\Local\Temp\RES400E.tmp
CreationUtcTime: 2024-08-20 00:28:14.965
User: MY-CALDERA\johnny.douche"
MY-CAL-WIN10.my-caldera.local,11,"File created:
RuleName: DLL
UtcTime: 2024-08-20 00:28:14.998
ProcessGuid: {ca24abc9-e31e-66c3-a704-000000001d00}
ProcessId: 7660
Image: C:\Windows\Microsoft.NET\Framework64\v4.0.30319\csc.exe
TargetFilename: C:\Users\johnny.douche\AppData\Local\Temp\aaizbz3t\aaizbz3t.dll
CreationUtcTime: 2024-08-20 00:28:14.810
User: MY-CALDERA\johnny.douche"
MY-CAL-WIN10.my-caldera.local,11,"File created:
RuleName: DO
UtcTime: 2024-08-20 00:28:15.664
ProcessGuid: {ca24abc9-e31e-66c3-a604-000000001d00}
ProcessId: 6296
Image: C:\Windows\System32\WindowsPowerShell\v1.0\powershell.exe
TargetFilename: C:\Users\johnny.douche\AppData\Local\Temp\Microsoft.PackageManagement\2zrmsj1s.yft
CreationUtcTime: 2024-08-20 00:28:15.664
User: MY-CALDERA\johnny.douche"
MY-CAL-WIN10.my-caldera.local,11,"File created:
RuleName: DO
UtcTime: 2024-08-20 00:28:15.707
ProcessGuid: {ca24abc9-e31e-66c3-a604-000000001d00}
ProcessId: 6296
Image: C:\Windows\System32\WindowsPowerShell\v1.0\powershell.exe
TargetFilename: C:\Users\johnny.douche\AppData\Local\Temp\Microsoft.PackageManagement\2zrmsj1s.yft
CreationUtcTime: 2024-08-20 00:28:15.664
User: MY-CALDERA\johnny.douche"
MY-CAL-WIN10.my-caldera.local,11,"File created:
RuleName: DO
UtcTime: 2024-08-20 00:28:15.717
ProcessGuid: {ca24abc9-e31e-66c3-a604-000000001d00}
ProcessId: 6296
Image: C:\Windows\System32\WindowsPowerShell\v1.0\powershell.exe
TargetFilename: C:\Users\johnny.douche\AppData\Local\Temp\Microsoft.PackageManagement\2zrmsj1s.yft
CreationUtcTime: 2024-08-20 00:28:15.664
User: MY-CALDERA\johnny.douche"
MY-CAL-WIN10.my-caldera.local,11,"File created:
RuleName: DO
UtcTime: 2024-08-20 00:28:14.809
ProcessGuid: {ca24abc9-e31e-66c3-a604-000000001d00}
ProcessId: 6296
Image: C:\Windows\System32\WindowsPowerShell\v1.0\powershell.exe
TargetFilename: C:\Users\johnny.douche\AppData\Local\Temp\aaizbz3t\aaizbz3t.0.cs
CreationUtcTime: 2024-08-20 00:28:14.809
User: MY-CALDERA\johnny.douche"
MY-CAL-WIN10.my-caldera.local,11,"File created:
RuleName: DLL
UtcTime: 2024-08-20 00:28:14.811
ProcessGuid: {ca24abc9-e31e-66c3-a604-000000001d00}
ProcessId: 6296
Image: C:\Windows\System32\WindowsPowerShell\v1.0\powershell.exe
TargetFilename: C:\Users\johnny.douche\AppData\Local\Temp\aaizbz3t\aaizbz3t.dll
CreationUtcTime: 2024-08-20 00:28:14.810
User: MY-CALDERA\johnny.douche"
MY-CAL-WIN10.my-caldera.local,11,"File created:
RuleName: Sysmonv1514
UtcTime: 2024-08-20 00:28:14.811
ProcessGuid: {ca24abc9-e31e-66c3-a604-000000001d00}
ProcessId: 6296
Image: C:\Windows\System32\WindowsPowerShell\v1.0\powershell.exe
TargetFilename: C:\Users\johnny.douche\AppData\Local\Temp\aaizbz3t\aaizbz3t.cmdline
CreationUtcTime: 2024-08-20 00:28:14.811
User: MY-CALDERA\johnny.douche"
MY-CAL-WIN10.my-caldera.local,11,"File created:
RuleName: DO
UtcTime: 2024-08-20 00:28:14.815
ProcessGuid: {ca24abc9-e31e-66c3-a604-000000001d00}
ProcessId: 6296
Image: C:\Windows\System32\WindowsPowerShell\v1.0\powershell.exe
TargetFilename: C:\Users\johnny.douche\AppData\Local\Temp\aaizbz3t\aaizbz3t.out
CreationUtcTime: 2024-08-20 00:28:14.813
User: MY-CALDERA\johnny.douche"
MY-CAL-WIN10.my-caldera.local,11,"File created:
RuleName: DO
UtcTime: 2024-08-20 00:28:14.816
ProcessGuid: {ca24abc9-e31e-66c3-a604-000000001d00}
ProcessId: 6296
Image: C:\Windows\System32\WindowsPowerShell\v1.0\powershell.exe
TargetFilename: C:\Users\johnny.douche\AppData\Local\Temp\aaizbz3t\aaizbz3t.err
CreationUtcTime: 2024-08-20 00:28:14.816
User: MY-CALDERA\johnny.douche"
MY-CAL-WIN10.my-caldera.local,11,"File created:
RuleName: DO
UtcTime: 2024-08-20 00:28:14.963
ProcessGuid: {ca24abc9-e31e-66c3-a704-000000001d00}
ProcessId: 7660
Image: C:\Windows\Microsoft.NET\Framework64\v4.0.30319\csc.exe
TargetFilename: C:\Users\johnny.douche\AppData\Local\Temp\aaizbz3t\CSCAFBA1DE1701402A81D0EE3B2C8E25C1.TMP
CreationUtcTime: 2024-08-20 00:28:14.963
User: MY-CALDERA\johnny.douche"
MY-CAL-WIN10.my-caldera.local,11,"File created:
RuleName: DO
UtcTime: 2024-08-20 00:28:14.965
ProcessGuid: {ca24abc9-e31e-66c3-a704-000000001d00}
ProcessId: 7660
Image: C:\Windows\Microsoft.NET\Framework64\v4.0.30319\csc.exe
TargetFilename: C:\Users\JOHNNY~1.DOU\AppData\Local\Temp\RES400E.tmp
CreationUtcTime: 2024-08-20 00:28:14.965
User: MY-CALDERA\johnny.douche"
MY-CAL-WIN10.my-caldera.local,11,"File created:
RuleName: DO
UtcTime: 2024-08-20 00:28:32.468
ProcessGuid: {ca24abc9-e32f-66c3-b304-000000001d00}
ProcessId: 8968
Image: C:\Windows\System32\WindowsPowerShell\v1.0\powershell.exe
TargetFilename: C:\Users\johnny.douche\AppData\Local\Temp\1xxsiu1b
CreationUtcTime: 2024-08-20 00:28:32.467
User: MY-CALDERA\johnny.douche"
MY-CAL-WIN10.my-caldera.local,11,"File created:
RuleName: DO
UtcTime: 2024-08-20 00:28:32.468
ProcessGuid: {ca24abc9-e32f-66c3-b304-000000001d00}
ProcessId: 8968
Image: C:\Windows\System32\WindowsPowerShell\v1.0\powershell.exe
TargetFilename: C:\Users\johnny.douche\AppData\Local\Temp\1xxsiu1b\1xxsiu1b.tmp
CreationUtcTime: 2024-08-20 00:28:32.468
User: MY-CALDERA\johnny.douche"
MY-CAL-WIN10.my-caldera.local,11,"File created:
RuleName: DO
UtcTime: 2024-08-20 00:28:32.469
ProcessGuid: {ca24abc9-e32f-66c3-b304-000000001d00}
ProcessId: 8968
Image: C:\Windows\System32\WindowsPowerShell\v1.0\powershell.exe
TargetFilename: C:\Users\johnny.douche\AppData\Local\Temp\1xxsiu1b\1xxsiu1b.0.cs
CreationUtcTime: 2024-08-20 00:28:32.469
User: MY-CALDERA\johnny.douche"
MY-CAL-WIN10.my-caldera.local,11,"File created:
RuleName: DLL
UtcTime: 2024-08-20 00:28:32.471
ProcessGuid: {ca24abc9-e32f-66c3-b304-000000001d00}
ProcessId: 8968
Image: C:\Windows\System32\WindowsPowerShell\v1.0\powershell.exe
TargetFilename: C:\Users\johnny.douche\AppData\Local\Temp\1xxsiu1b\1xxsiu1b.dll
CreationUtcTime: 2024-08-20 00:28:32.471
User: MY-CALDERA\johnny.douche"
MY-CAL-WIN10.my-caldera.local,11,"File created:
RuleName: Sysmonv1514
UtcTime: 2024-08-20 00:28:32.472
ProcessGuid: {ca24abc9-e32f-66c3-b304-000000001d00}
ProcessId: 8968
Image: C:\Windows\System32\WindowsPowerShell\v1.0\powershell.exe
TargetFilename: C:\Users\johnny.douche\AppData\Local\Temp\1xxsiu1b\1xxsiu1b.cmdline
CreationUtcTime: 2024-08-20 00:28:32.472
User: MY-CALDERA\johnny.douche"
MY-CAL-WIN10.my-caldera.local,11,"File created:
RuleName: DO
UtcTime: 2024-08-20 00:28:32.476
ProcessGuid: {ca24abc9-e32f-66c3-b304-000000001d00}
ProcessId: 8968
Image: C:\Windows\System32\WindowsPowerShell\v1.0\powershell.exe
TargetFilename: C:\Users\johnny.douche\AppData\Local\Temp\1xxsiu1b\1xxsiu1b.out
CreationUtcTime: 2024-08-20 00:28:32.474
User: MY-CALDERA\johnny.douche"
MY-CAL-WIN10.my-caldera.local,11,"File created:
RuleName: DO
UtcTime: 2024-08-20 00:28:32.477
ProcessGuid: {ca24abc9-e32f-66c3-b304-000000001d00}
ProcessId: 8968
Image: C:\Windows\System32\WindowsPowerShell\v1.0\powershell.exe
TargetFilename: C:\Users\johnny.douche\AppData\Local\Temp\1xxsiu1b\1xxsiu1b.err
CreationUtcTime: 2024-08-20 00:28:32.477
User: MY-CALDERA\johnny.douche"
MY-CAL-WIN10.my-caldera.local,11,"File created:
RuleName: DO
UtcTime: 2024-08-20 00:28:31.491
ProcessGuid: {ca24abc9-e321-66c3-a904-000000001d00}
ProcessId: 4932
Image: C:\Windows\System32\WindowsPowerShell\v1.0\powershell.exe
TargetFilename: C:\Users\johnny.douche\AppData\Local\Microsoft\Windows\PowerShell\StartupProfileData-NonInteractive
CreationUtcTime: 2024-03-28 01:06:06.420
User: MY-CALDERA\johnny.douche"
MY-CAL-WIN10.my-caldera.local,11,"File created:
RuleName: DO
UtcTime: 2024-08-20 00:28:50.406
ProcessGuid: {ca24abc9-e342-66c3-c304-000000001d00}
ProcessId: 1828
Image: C:\Windows\System32\WindowsPowerShell\v1.0\powershell.exe
TargetFilename: C:\Users\johnny.douche\AppData\Local\Microsoft\Windows\PowerShell\StartupProfileData-NonInteractive
CreationUtcTime: 2024-03-28 01:06:06.420
User: MY-CALDERA\johnny.douche"
MY-CAL-WIN10.my-caldera.local,11,"File created:
RuleName: DO
UtcTime: 2024-08-20 00:28:50.800
ProcessGuid: {ca24abc9-e342-66c3-c404-000000001d00}
ProcessId: 9800
Image: C:\Windows\System32\WindowsPowerShell\v1.0\powershell.exe
TargetFilename: C:\Users\johnny.douche\AppData\Local\Microsoft\Windows\PowerShell\StartupProfileData-NonInteractive
CreationUtcTime: 2024-03-28 01:06:06.420
User: MY-CALDERA\johnny.douche"
MY-CAL-WIN10.my-caldera.local,11,"File created:
RuleName: DO
UtcTime: 2024-08-20 00:28:50.021
ProcessGuid: {ca24abc9-e336-66c3-c104-000000001d00}
ProcessId: 10228
Image: C:\Windows\System32\WindowsPowerShell\v1.0\powershell.exe
TargetFilename: C:\Users\johnny.douche\AppData\Local\Microsoft\Windows\PowerShell\StartupProfileData-NonInteractive
CreationUtcTime: 2024-03-28 01:06:06.420
User: MY-CALDERA\johnny.douche"
MY-CAL-WIN10.my-caldera.local,11,"File created:
RuleName: Sysmonv1514
UtcTime: 2024-08-20 00:29:15.254
ProcessGuid: {ca24abc9-d6b1-66c3-ba00-000000001d00}
ProcessId: 6760
Image: C:\Program Files\WinlogBeat\winlogbeat.exe
TargetFilename: C:\ProgramData\winlogbeat\.winlogbeat.yml.new
CreationUtcTime: 2024-08-20 00:11:02.025
User: NT AUTHORITY\SYSTEM"
MY-CAL-WIN10.my-caldera.local,11,"File created:
RuleName: Sysmonv1514
UtcTime: 2024-08-20 00:29:24.539
ProcessGuid: {ca24abc9-d6b1-66c3-ba00-000000001d00}
ProcessId: 6760
Image: C:\Program Files\WinlogBeat\winlogbeat.exe
TargetFilename: C:\ProgramData\winlogbeat\.winlogbeat.yml.new
CreationUtcTime: 2024-08-20 00:11:02.025
User: NT AUTHORITY\SYSTEM"
MY-CAL-WIN10.my-caldera.local,11,"File created:
RuleName: DO
UtcTime: 2024-08-20 00:29:25.275
ProcessGuid: {ca24abc9-e362-66c3-e204-000000001d00}
ProcessId: 6028
Image: C:\Windows\System32\WindowsPowerShell\v1.0\powershell.exe
TargetFilename: C:\Users\johnny.douche\AppData\Local\Microsoft\Windows\PowerShell\StartupProfileData-NonInteractive
CreationUtcTime: 2024-03-28 01:06:06.420
User: MY-CALDERA\johnny.douche"
MY-CAL-WIN10.my-caldera.local,11,"File created:
RuleName: Sysmonv1514
UtcTime: 2024-08-20 00:29:39.433
ProcessGuid: {ca24abc9-d6b1-66c3-ba00-000000001d00}
ProcessId: 6760
Image: C:\Program Files\WinlogBeat\winlogbeat.exe
TargetFilename: C:\ProgramData\winlogbeat\.winlogbeat.yml.new
CreationUtcTime: 2024-08-20 00:11:02.025
User: NT AUTHORITY\SYSTEM"
MY-CAL-WIN10.my-caldera.local,11,"File created:
RuleName: Sysmonv1514
UtcTime: 2024-08-20 00:00:08.701
ProcessGuid: {ca24abc9-d6b1-66c3-ba00-000000001d00}
ProcessId: 6760
Image: C:\Program Files\WinlogBeat\winlogbeat.exe
TargetFilename: C:\ProgramData\winlogbeat\.winlogbeat.yml.new
CreationUtcTime: 2024-08-19 23:44:48.401
User: NT AUTHORITY\SYSTEM"
MY-CAL-WIN10.my-caldera.local,11,"File created:
RuleName: Sysmonv1514
UtcTime: 2024-08-20 00:01:19.254
ProcessGuid: {ca24abc9-d6b1-66c3-ba00-000000001d00}
ProcessId: 6760
Image: C:\Program Files\WinlogBeat\winlogbeat.exe
TargetFilename: C:\ProgramData\winlogbeat\.winlogbeat.yml.new
CreationUtcTime: 2024-08-19 23:44:48.401
User: NT AUTHORITY\SYSTEM"
MY-CAL-WIN10.my-caldera.local,11,"File created:
RuleName: Sysmonv1514
UtcTime: 2024-08-20 00:02:29.499
ProcessGuid: {ca24abc9-d6b1-66c3-ba00-000000001d00}
ProcessId: 6760
Image: C:\Program Files\WinlogBeat\winlogbeat.exe
TargetFilename: C:\ProgramData\winlogbeat\.winlogbeat.yml.new
CreationUtcTime: 2024-08-19 23:44:48.401
User: NT AUTHORITY\SYSTEM"
MY-CAL-WIN10.my-caldera.local,11,"File created:
RuleName: Sysmonv1514
UtcTime: 2024-08-20 00:02:59.834
ProcessGuid: {ca24abc9-d6b1-66c3-ba00-000000001d00}
ProcessId: 6760
Image: C:\Program Files\WinlogBeat\winlogbeat.exe
TargetFilename: C:\ProgramData\winlogbeat\.winlogbeat.yml.new
CreationUtcTime: 2024-08-19 23:44:48.401
User: NT AUTHORITY\SYSTEM"
MY-CAL-WIN10.my-caldera.local,11,"File created:
RuleName: Sysmonv1514
UtcTime: 2024-08-20 00:03:39.922
ProcessGuid: {ca24abc9-d6b1-66c3-ba00-000000001d00}
ProcessId: 6760
Image: C:\Program Files\WinlogBeat\winlogbeat.exe
TargetFilename: C:\ProgramData\winlogbeat\.winlogbeat.yml.new
CreationUtcTime: 2024-08-19 23:44:48.401
User: NT AUTHORITY\SYSTEM"
MY-CAL-WIN10.my-caldera.local,11,"File created:
RuleName: Sysmonv1514
UtcTime: 2024-08-20 00:04:05.112
ProcessGuid: {ca24abc9-d6b1-66c3-ba00-000000001d00}
ProcessId: 6760
Image: C:\Program Files\WinlogBeat\winlogbeat.exe
TargetFilename: C:\ProgramData\winlogbeat\.winlogbeat.yml.new
CreationUtcTime: 2024-08-19 23:44:48.401
User: NT AUTHORITY\SYSTEM"
MY-CAL-WIN10.my-caldera.local,11,"File created:
RuleName: Sysmonv1514
UtcTime: 2024-08-20 00:04:40.192
ProcessGuid: {ca24abc9-d6b1-66c3-ba00-000000001d00}
ProcessId: 6760
Image: C:\Program Files\WinlogBeat\winlogbeat.exe
TargetFilename: C:\ProgramData\winlogbeat\.winlogbeat.yml.new
CreationUtcTime: 2024-08-19 23:44:48.401
User: NT AUTHORITY\SYSTEM"
MY-CAL-WIN10.my-caldera.local,11,"File created:
RuleName: Sysmonv1514
UtcTime: 2024-08-20 00:05:04.508
ProcessGuid: {ca24abc9-d6b1-66c3-ba00-000000001d00}
ProcessId: 6760
Image: C:\Program Files\WinlogBeat\winlogbeat.exe
TargetFilename: C:\ProgramData\winlogbeat\.winlogbeat.yml.new
CreationUtcTime: 2024-08-19 23:44:48.401
User: NT AUTHORITY\SYSTEM"
MY-CAL-WIN10.my-caldera.local,11,"File created:
RuleName: DLL
UtcTime: 2024-08-20 00:05:38.898
ProcessGuid: {ca24abc9-ddd2-66c3-ad01-000000001d00}
ProcessId: 7636
Image: C:\Windows\Microsoft.NET\Framework64\v4.0.30319\csc.exe
TargetFilename: C:\Windows\Temp\4rsykacv\4rsykacv.dll
CreationUtcTime: 2024-08-20 00:05:38.703
User: NT AUTHORITY\SYSTEM"
MY-CAL-WIN10.my-caldera.local,11,"File created:
RuleName: DLL
UtcTime: 2024-08-20 00:05:38.704
ProcessGuid: {ca24abc9-ddc9-66c3-a901-000000001d00}
ProcessId: 2608
Image: C:\Windows\system32\WindowsPowerShell\v1.0\powershell.exe
TargetFilename: C:\Windows\Temp\4rsykacv\4rsykacv.dll
CreationUtcTime: 2024-08-20 00:05:38.703
User: NT AUTHORITY\SYSTEM"
MY-CAL-WIN10.my-caldera.local,11,"File created:
RuleName: Sysmonv1514
UtcTime: 2024-08-20 00:05:38.704
ProcessGuid: {ca24abc9-ddc9-66c3-a901-000000001d00}
ProcessId: 2608
Image: C:\Windows\system32\WindowsPowerShell\v1.0\powershell.exe
TargetFilename: C:\Windows\Temp\4rsykacv\4rsykacv.cmdline
CreationUtcTime: 2024-08-20 00:05:38.704
User: NT AUTHORITY\SYSTEM"
MY-CAL-WIN10.my-caldera.local,11,"File created:
RuleName: Sysmonv1514
UtcTime: 2024-08-20 00:05:38.456
ProcessGuid: {ca24abc9-ddc9-66c3-a901-000000001d00}
ProcessId: 2608
Image: C:\Windows\system32\WindowsPowerShell\v1.0\powershell.exe
TargetFilename: C:\Windows\Temp\p22dxz4t\p22dxz4t.cmdline
CreationUtcTime: 2024-08-20 00:05:38.456
User: NT AUTHORITY\SYSTEM"
MY-CAL-WIN10.my-caldera.local,11,"File created:
RuleName: DLL
UtcTime: 2024-08-20 00:05:38.456
ProcessGuid: {ca24abc9-ddc9-66c3-a901-000000001d00}
ProcessId: 2608
Image: C:\Windows\system32\WindowsPowerShell\v1.0\powershell.exe
TargetFilename: C:\Windows\Temp\p22dxz4t\p22dxz4t.dll
CreationUtcTime: 2024-08-20 00:05:38.455
User: NT AUTHORITY\SYSTEM"
MY-CAL-WIN10.my-caldera.local,11,"File created:
RuleName: DLL
UtcTime: 2024-08-20 00:05:38.678
ProcessGuid: {ca24abc9-ddd2-66c3-ab01-000000001d00}
ProcessId: 1736
Image: C:\Windows\Microsoft.NET\Framework64\v4.0.30319\csc.exe
TargetFilename: C:\Windows\Temp\p22dxz4t\p22dxz4t.dll
CreationUtcTime: 2024-08-20 00:05:38.455
User: NT AUTHORITY\SYSTEM"
MY-CAL-WIN10.my-caldera.local,11,"File created:
RuleName: Sysmonv1514
UtcTime: 2024-08-20 00:07:04.916
ProcessGuid: {ca24abc9-d6b1-66c3-ba00-000000001d00}
ProcessId: 6760
Image: C:\Program Files\WinlogBeat\winlogbeat.exe
TargetFilename: C:\ProgramData\winlogbeat\.winlogbeat.yml.new
CreationUtcTime: 2024-08-19 23:44:48.401
User: NT AUTHORITY\SYSTEM"
MY-CAL-WIN10.my-caldera.local,11,"File created:
RuleName: Sysmonv1514
UtcTime: 2024-08-20 00:07:40.235
ProcessGuid: {ca24abc9-d6b1-66c3-ba00-000000001d00}
ProcessId: 6760
Image: C:\Program Files\WinlogBeat\winlogbeat.exe
TargetFilename: C:\ProgramData\winlogbeat\.winlogbeat.yml.new
CreationUtcTime: 2024-08-19 23:44:48.401
User: NT AUTHORITY\SYSTEM"
MY-CAL-WIN10.my-caldera.local,11,"File created:
RuleName: DO
UtcTime: 2024-08-20 00:07:40.291
ProcessGuid: {ca24abc9-de4b-66c3-b601-000000001d00}
ProcessId: 1076
Image: C:\Windows\System32\WindowsPowerShell\v1.0\powershell.exe
TargetFilename: C:\Users\johnny.douche\AppData\Local\Microsoft\Windows\PowerShell\StartupProfileData-NonInteractive
CreationUtcTime: 2024-03-28 01:06:06.420
User: MY-CALDERA\johnny.douche"
MY-CAL-WIN10.my-caldera.local,11,"File created:
RuleName: DO
UtcTime: 2024-08-20 00:07:39.615
ProcessGuid: {ca24abc9-de4b-66c3-b501-000000001d00}
ProcessId: 7708
Image: C:\Windows\System32\WindowsPowerShell\v1.0\powershell.exe
TargetFilename: C:\Users\johnny.douche\AppData\Local\Microsoft\Windows\PowerShell\StartupProfileData-NonInteractive
CreationUtcTime: 2024-03-28 01:06:06.420
User: MY-CALDERA\johnny.douche"
MY-CAL-WIN10.my-caldera.local,11,"File created:
RuleName: DO
UtcTime: 2024-08-20 00:07:53.546
ProcessGuid: {ca24abc9-de59-66c3-d501-000000001d00}
ProcessId: 8580
Image: C:\Windows\System32\WindowsPowerShell\v1.0\powershell.exe
TargetFilename: C:\Users\johnny.douche\AppData\Local\Microsoft\Windows\PowerShell\StartupProfileData-NonInteractive
CreationUtcTime: 2024-03-28 01:06:06.420
User: MY-CALDERA\johnny.douche"
MY-CAL-WIN10.my-caldera.local,11,"File created:
RuleName: DO
UtcTime: 2024-08-20 00:07:53.141
ProcessGuid: {ca24abc9-de58-66c3-d201-000000001d00}
ProcessId: 2036
Image: C:\Windows\System32\WindowsPowerShell\v1.0\powershell.exe
TargetFilename: C:\Users\johnny.douche\AppData\Local\Microsoft\Windows\PowerShell\StartupProfileData-NonInteractive
CreationUtcTime: 2024-03-28 01:06:06.420
User: MY-CALDERA\johnny.douche"
MY-CAL-WIN10.my-caldera.local,11,"File created:
RuleName: DO
UtcTime: 2024-08-20 00:07:52.737
ProcessGuid: {ca24abc9-de58-66c3-d101-000000001d00}
ProcessId: 7528
Image: C:\Windows\System32\WindowsPowerShell\v1.0\powershell.exe
TargetFilename: C:\Users\johnny.douche\AppData\Local\Microsoft\Windows\PowerShell\StartupProfileData-NonInteractive
CreationUtcTime: 2024-03-28 01:06:06.420
User: MY-CALDERA\johnny.douche"
MY-CAL-WIN10.my-caldera.local,11,"File created:
RuleName: DO
UtcTime: 2024-08-20 00:08:00.713
ProcessGuid: {ca24abc9-de5f-66c3-0d02-000000001d00}
ProcessId: 8432
Image: C:\Windows\System32\WindowsPowerShell\v1.0\powershell.exe
TargetFilename: C:\Users\johnny.douche\AppData\Local\Temp\dzh3031x
CreationUtcTime: 2024-08-20 00:08:00.712
User: MY-CALDERA\johnny.douche"
