MY-CAL-WIN10.my-caldera.local,11,"File created:
RuleName: DO
UtcTime: 2024-08-20 00:50:43.654
ProcessGuid: {ca24abc9-e863-66c3-2c09-000000001d00}
ProcessId: 1084
Image: C:\Windows\System32\WindowsPowerShell\v1.0\powershell.exe
TargetFilename: C:\Users\johnny.douche\AppData\Local\Microsoft\Windows\PowerShell\StartupProfileData-NonInteractive
CreationUtcTime: 2024-03-28 01:06:06.420
User: MY-CALDERA\johnny.douche"
MY-CAL-WIN10.my-caldera.local,11,"File created:
RuleName: DO
UtcTime: 2024-08-20 00:50:58.967
ProcessGuid: {ca24abc9-e872-66c3-4109-000000001d00}
ProcessId: 10592
Image: C:\Windows\System32\WindowsPowerShell\v1.0\powershell.exe
TargetFilename: C:\Users\johnny.douche\AppData\Local\Microsoft\Windows\PowerShell\StartupProfileData-NonInteractive
CreationUtcTime: 2024-03-28 01:06:06.420
User: MY-CALDERA\johnny.douche"
MY-CAL-WIN10.my-caldera.local,11,"File created:
RuleName: Sysmonv1514
UtcTime: 2024-08-20 00:51:01.703
ProcessGuid: {ca24abc9-d6b1-66c3-ba00-000000001d00}
ProcessId: 6760
Image: C:\Program Files\WinlogBeat\winlogbeat.exe
TargetFilename: C:\ProgramData\winlogbeat\.winlogbeat.yml.new
CreationUtcTime: 2024-08-20 00:11:02.025
User: NT AUTHORITY\SYSTEM"
MY-CAL-WIN10.my-caldera.local,11,"File created:
RuleName: DO
UtcTime: 2024-08-20 00:51:02.109
ProcessGuid: {ca24abc9-e873-66c3-4209-000000001d00}
ProcessId: 4080
Image: C:\Windows\System32\WindowsPowerShell\v1.0\powershell.exe
TargetFilename: C:\Users\johnny.douche\AppData\Local\Temp\Microsoft.PackageManagement\5pzudtxv.jll
CreationUtcTime: 2024-08-20 00:51:02.108
User: MY-CALDERA\johnny.douche"
MY-CAL-WIN10.my-caldera.local,11,"File created:
RuleName: DO
UtcTime: 2024-08-20 00:51:02.151
ProcessGuid: {ca24abc9-e873-66c3-4209-000000001d00}
ProcessId: 4080
Image: C:\Windows\System32\WindowsPowerShell\v1.0\powershell.exe
TargetFilename: C:\Users\johnny.douche\AppData\Local\Temp\Microsoft.PackageManagement\5pzudtxv.jll
CreationUtcTime: 2024-08-20 00:51:02.108
User: MY-CALDERA\johnny.douche"
MY-CAL-WIN10.my-caldera.local,11,"File created:
RuleName: DO
UtcTime: 2024-08-20 00:51:02.161
ProcessGuid: {ca24abc9-e873-66c3-4209-000000001d00}
ProcessId: 4080
Image: C:\Windows\System32\WindowsPowerShell\v1.0\powershell.exe
TargetFilename: C:\Users\johnny.douche\AppData\Local\Temp\Microsoft.PackageManagement\5pzudtxv.jll
CreationUtcTime: 2024-08-20 00:51:02.108
User: MY-CALDERA\johnny.douche"
MY-CAL-WIN10.my-caldera.local,11,"File created:
RuleName: DO
UtcTime: 2024-08-20 00:51:17.940
ProcessGuid: {ca24abc9-e877-66c3-4509-000000001d00}
ProcessId: 3716
Image: C:\Windows\System32\WindowsPowerShell\v1.0\powershell.exe
TargetFilename: C:\Users\johnny.douche\AppData\Local\Microsoft\Windows\PowerShell\StartupProfileData-NonInteractive
CreationUtcTime: 2024-03-28 01:06:06.420
User: MY-CALDERA\johnny.douche"
MY-CAL-WIN10.my-caldera.local,11,"File created:
RuleName: DO
UtcTime: 2024-08-20 00:51:18.834
ProcessGuid: {ca24abc9-e885-66c3-4909-000000001d00}
ProcessId: 7288
Image: C:\Windows\System32\WindowsPowerShell\v1.0\powershell.exe
TargetFilename: C:\Users\johnny.douche\AppData\Local\Temp\altwyyol\altwyyol.0.cs
CreationUtcTime: 2024-08-20 00:51:18.833
User: MY-CALDERA\johnny.douche"
MY-CAL-WIN10.my-caldera.local,11,"File created:
RuleName: DLL
UtcTime: 2024-08-20 00:51:18.835
ProcessGuid: {ca24abc9-e885-66c3-4909-000000001d00}
ProcessId: 7288
Image: C:\Windows\System32\WindowsPowerShell\v1.0\powershell.exe
TargetFilename: C:\Users\johnny.douche\AppData\Local\Temp\altwyyol\altwyyol.dll
CreationUtcTime: 2024-08-20 00:51:18.835
User: MY-CALDERA\johnny.douche"
MY-CAL-WIN10.my-caldera.local,11,"File created:
RuleName: Sysmonv1514
UtcTime: 2024-08-20 00:51:18.836
ProcessGuid: {ca24abc9-e885-66c3-4909-000000001d00}
ProcessId: 7288
Image: C:\Windows\System32\WindowsPowerShell\v1.0\powershell.exe
TargetFilename: C:\Users\johnny.douche\AppData\Local\Temp\altwyyol\altwyyol.cmdline
CreationUtcTime: 2024-08-20 00:51:18.836
User: MY-CALDERA\johnny.douche"
MY-CAL-WIN10.my-caldera.local,11,"File created:
RuleName: DO
UtcTime: 2024-08-20 00:51:18.840
ProcessGuid: {ca24abc9-e885-66c3-4909-000000001d00}
ProcessId: 7288
Image: C:\Windows\System32\WindowsPowerShell\v1.0\powershell.exe
TargetFilename: C:\Users\johnny.douche\AppData\Local\Temp\altwyyol\altwyyol.out
CreationUtcTime: 2024-08-20 00:51:18.838
User: MY-CALDERA\johnny.douche"
MY-CAL-WIN10.my-caldera.local,11,"File created:
RuleName: DO
UtcTime: 2024-08-20 00:51:18.841
ProcessGuid: {ca24abc9-e885-66c3-4909-000000001d00}
ProcessId: 7288
Image: C:\Windows\System32\WindowsPowerShell\v1.0\powershell.exe
TargetFilename: C:\Users\johnny.douche\AppData\Local\Temp\altwyyol\altwyyol.err
CreationUtcTime: 2024-08-20 00:51:18.840
User: MY-CALDERA\johnny.douche"
MY-CAL-WIN10.my-caldera.local,11,"File created:
RuleName: DO
UtcTime: 2024-08-20 00:51:18.832
ProcessGuid: {ca24abc9-e885-66c3-4909-000000001d00}
ProcessId: 7288
Image: C:\Windows\System32\WindowsPowerShell\v1.0\powershell.exe
TargetFilename: C:\Users\johnny.douche\AppData\Local\Temp\altwyyol
CreationUtcTime: 2024-08-20 00:51:18.832
User: MY-CALDERA\johnny.douche"
MY-CAL-WIN10.my-caldera.local,11,"File created:
RuleName: DO
UtcTime: 2024-08-20 00:51:18.833
ProcessGuid: {ca24abc9-e885-66c3-4909-000000001d00}
ProcessId: 7288
Image: C:\Windows\System32\WindowsPowerShell\v1.0\powershell.exe
TargetFilename: C:\Users\johnny.douche\AppData\Local\Temp\altwyyol\altwyyol.tmp
CreationUtcTime: 2024-08-20 00:51:18.833
User: MY-CALDERA\johnny.douche"
MY-CAL-WIN10.my-caldera.local,11,"File created:
RuleName: DO
UtcTime: 2024-08-20 00:51:22.195
ProcessGuid: {ca24abc9-e889-66c3-4d09-000000001d00}
ProcessId: 11156
Image: C:\Windows\System32\WindowsPowerShell\v1.0\powershell.exe
TargetFilename: C:\Users\johnny.douche\AppData\Local\Microsoft\Windows\PowerShell\StartupProfileData-NonInteractive
CreationUtcTime: 2024-03-28 01:06:06.420
User: MY-CALDERA\johnny.douche"
MY-CAL-WIN10.my-caldera.local,11,"File created:
RuleName: DO
UtcTime: 2024-08-20 00:51:22.591
ProcessGuid: {ca24abc9-e88a-66c3-4e09-000000001d00}
ProcessId: 10204
Image: C:\Windows\System32\WindowsPowerShell\v1.0\powershell.exe
TargetFilename: C:\Users\johnny.douche\AppData\Local\Microsoft\Windows\PowerShell\StartupProfileData-NonInteractive
CreationUtcTime: 2024-03-28 01:06:06.420
User: MY-CALDERA\johnny.douche"
MY-CAL-WIN10.my-caldera.local,11,"File created:
RuleName: DO
UtcTime: 2024-08-20 00:51:24.039
ProcessGuid: {ca24abc9-e88b-66c3-5209-000000001d00}
ProcessId: 8548
Image: C:\Windows\System32\WindowsPowerShell\v1.0\powershell.exe
TargetFilename: C:\Users\johnny.douche\AppData\Local\Microsoft\Windows\PowerShell\StartupProfileData-NonInteractive
CreationUtcTime: 2024-03-28 01:06:06.420
User: MY-CALDERA\johnny.douche"
MY-CAL-WIN10.my-caldera.local,11,"File created:
RuleName: Sysmonv1514
UtcTime: 2024-08-20 00:51:24.075
ProcessGuid: {ca24abc9-d6b1-66c3-ba00-000000001d00}
ProcessId: 6760
Image: C:\Program Files\WinlogBeat\winlogbeat.exe
TargetFilename: C:\ProgramData\winlogbeat\.winlogbeat.yml.new
CreationUtcTime: 2024-08-20 00:11:02.025
User: NT AUTHORITY\SYSTEM"
MY-CAL-WIN10.my-caldera.local,11,"File created:
RuleName: DO
UtcTime: 2024-08-20 00:51:24.885
ProcessGuid: {ca24abc9-e88c-66c3-5309-000000001d00}
ProcessId: 7444
Image: C:\Windows\System32\WindowsPowerShell\v1.0\powershell.exe
TargetFilename: C:\Users\johnny.douche\AppData\Local\Temp\jrmpattv
CreationUtcTime: 2024-08-20 00:51:24.885
User: MY-CALDERA\johnny.douche"
MY-CAL-WIN10.my-caldera.local,11,"File created:
RuleName: DO
UtcTime: 2024-08-20 00:51:24.886
ProcessGuid: {ca24abc9-e88c-66c3-5309-000000001d00}
ProcessId: 7444
Image: C:\Windows\System32\WindowsPowerShell\v1.0\powershell.exe
TargetFilename: C:\Users\johnny.douche\AppData\Local\Temp\jrmpattv\jrmpattv.tmp
CreationUtcTime: 2024-08-20 00:51:24.885
User: MY-CALDERA\johnny.douche"
MY-CAL-WIN10.my-caldera.local,11,"File created:
RuleName: DO
UtcTime: 2024-08-20 00:51:24.887
ProcessGuid: {ca24abc9-e88c-66c3-5309-000000001d00}
ProcessId: 7444
Image: C:\Windows\System32\WindowsPowerShell\v1.0\powershell.exe
TargetFilename: C:\Users\johnny.douche\AppData\Local\Temp\jrmpattv\jrmpattv.0.cs
CreationUtcTime: 2024-08-20 00:51:24.886
User: MY-CALDERA\johnny.douche"
MY-CAL-WIN10.my-caldera.local,11,"File created:
RuleName: DLL
UtcTime: 2024-08-20 00:51:24.888
ProcessGuid: {ca24abc9-e88c-66c3-5309-000000001d00}
ProcessId: 7444
Image: C:\Windows\System32\WindowsPowerShell\v1.0\powershell.exe
TargetFilename: C:\Users\johnny.douche\AppData\Local\Temp\jrmpattv\jrmpattv.dll
CreationUtcTime: 2024-08-20 00:51:24.888
User: MY-CALDERA\johnny.douche"
MY-CAL-WIN10.my-caldera.local,11,"File created:
RuleName: Sysmonv1514
UtcTime: 2024-08-20 00:51:24.889
ProcessGuid: {ca24abc9-e88c-66c3-5309-000000001d00}
ProcessId: 7444
Image: C:\Windows\System32\WindowsPowerShell\v1.0\powershell.exe
TargetFilename: C:\Users\johnny.douche\AppData\Local\Temp\jrmpattv\jrmpattv.cmdline
CreationUtcTime: 2024-08-20 00:51:24.889
User: MY-CALDERA\johnny.douche"
MY-CAL-WIN10.my-caldera.local,11,"File created:
RuleName: DO
UtcTime: 2024-08-20 00:51:24.894
ProcessGuid: {ca24abc9-e88c-66c3-5309-000000001d00}
ProcessId: 7444
Image: C:\Windows\System32\WindowsPowerShell\v1.0\powershell.exe
TargetFilename: C:\Users\johnny.douche\AppData\Local\Temp\jrmpattv\jrmpattv.out
CreationUtcTime: 2024-08-20 00:51:24.891
User: MY-CALDERA\johnny.douche"
MY-CAL-WIN10.my-caldera.local,11,"File created:
RuleName: DO
UtcTime: 2024-08-20 00:51:24.894
ProcessGuid: {ca24abc9-e88c-66c3-5309-000000001d00}
ProcessId: 7444
Image: C:\Windows\System32\WindowsPowerShell\v1.0\powershell.exe
TargetFilename: C:\Users\johnny.douche\AppData\Local\Temp\jrmpattv\jrmpattv.err
CreationUtcTime: 2024-08-20 00:51:24.894
User: MY-CALDERA\johnny.douche"
MY-CAL-WIN10.my-caldera.local,11,"File created:
RuleName: DO
UtcTime: 2024-08-20 00:51:25.042
ProcessGuid: {ca24abc9-e88c-66c3-5509-000000001d00}
ProcessId: 10636
Image: C:\Windows\Microsoft.NET\Framework64\v4.0.30319\csc.exe
TargetFilename: C:\Users\johnny.douche\AppData\Local\Temp\jrmpattv\CSC6BD28864C44242F18D933FAD8616EB9.TMP
CreationUtcTime: 2024-08-20 00:51:25.042
User: MY-CALDERA\johnny.douche"
MY-CAL-WIN10.my-caldera.local,11,"File created:
RuleName: DO
UtcTime: 2024-08-20 00:51:25.044
ProcessGuid: {ca24abc9-e88c-66c3-5509-000000001d00}
ProcessId: 10636
Image: C:\Windows\Microsoft.NET\Framework64\v4.0.30319\csc.exe
TargetFilename: C:\Users\JOHNNY~1.DOU\AppData\Local\Temp\RES760C.tmp
CreationUtcTime: 2024-08-20 00:51:25.044
User: MY-CALDERA\johnny.douche"
MY-CAL-WIN10.my-caldera.local,11,"File created:
RuleName: DO
UtcTime: 2024-08-20 00:51:25.068
ProcessGuid: {ca24abc9-e88d-66c3-5609-000000001d00}
ProcessId: 7412
Image: C:\Windows\Microsoft.NET\Framework64\v4.0.30319\cvtres.exe
TargetFilename: C:\Users\JOHNNY~1.DOU\AppData\Local\Temp\RES760C.tmp
CreationUtcTime: 2024-08-20 00:51:25.044
User: MY-CALDERA\johnny.douche"
MY-CAL-WIN10.my-caldera.local,11,"File created:
RuleName: DLL
UtcTime: 2024-08-20 00:51:25.077
ProcessGuid: {ca24abc9-e88c-66c3-5509-000000001d00}
ProcessId: 10636
Image: C:\Windows\Microsoft.NET\Framework64\v4.0.30319\csc.exe
TargetFilename: C:\Users\johnny.douche\AppData\Local\Temp\jrmpattv\jrmpattv.dll
CreationUtcTime: 2024-08-20 00:51:24.888
User: MY-CALDERA\johnny.douche"
MY-CAL-WIN10.my-caldera.local,11,"File created:
RuleName: DO
UtcTime: 2024-08-20 00:51:23.275
ProcessGuid: {ca24abc9-e88a-66c3-4f09-000000001d00}
ProcessId: 5440
Image: C:\Windows\System32\WindowsPowerShell\v1.0\powershell.exe
TargetFilename: C:\Users\johnny.douche\AppData\Local\Microsoft\Windows\PowerShell\StartupProfileData-NonInteractive
CreationUtcTime: 2024-03-28 01:06:06.420
User: MY-CALDERA\johnny.douche"
MY-CAL-WIN10.my-caldera.local,11,"File created:
RuleName: DO
UtcTime: 2024-08-20 00:51:23.658
ProcessGuid: {ca24abc9-e88b-66c3-5109-000000001d00}
ProcessId: 10552
Image: C:\Windows\System32\WindowsPowerShell\v1.0\powershell.exe
TargetFilename: C:\Users\johnny.douche\AppData\Local\Microsoft\Windows\PowerShell\StartupProfileData-NonInteractive
CreationUtcTime: 2024-03-28 01:06:06.420
User: MY-CALDERA\johnny.douche"
MY-CAL-WIN10.my-caldera.local,11,"File created:
RuleName: DO
UtcTime: 2024-08-20 00:51:47.954
ProcessGuid: {ca24abc9-e8a1-66c3-6509-000000001d00}
ProcessId: 9020
Image: C:\Program Files (x86)\Microsoft Office\Root\Office16\WINWORD.EXE
TargetFilename: C:\Users\johnny.douche\AppData\Local\Microsoft\FontCache\4\CatalogCacheMetaData2.xml
CreationUtcTime: 2024-08-20 00:14:38.197
User: MY-CALDERA\johnny.douche"
MY-CAL-WIN10.my-caldera.local,11,"File created:
RuleName: DO
UtcTime: 2024-08-20 00:51:47.956
ProcessGuid: {ca24abc9-e8a1-66c3-6509-000000001d00}
ProcessId: 9020
Image: C:\Program Files (x86)\Microsoft Office\Root\Office16\WINWORD.EXE
TargetFilename: C:\Users\johnny.douche\AppData\Local\Microsoft\FontCache\4\CatalogCacheMetaData2.xml
CreationUtcTime: 2024-08-20 00:14:38.197
User: MY-CALDERA\johnny.douche"
MY-CAL-WIN10.my-caldera.local,11,"File created:
RuleName: DO
UtcTime: 2024-08-20 00:51:47.957
ProcessGuid: {ca24abc9-e8a1-66c3-6509-000000001d00}
ProcessId: 9020
Image: C:\Program Files (x86)\Microsoft Office\Root\Office16\WINWORD.EXE
TargetFilename: C:\Users\johnny.douche\AppData\Local\Microsoft\FontCache\4\CatalogCacheMetaData2.xml
CreationUtcTime: 2024-08-20 00:14:38.197
User: MY-CALDERA\johnny.douche"
MY-CAL-WIN10.my-caldera.local,11,"File created:
RuleName: DO
UtcTime: 2024-08-20 00:51:47.959
ProcessGuid: {ca24abc9-e8a1-66c3-6509-000000001d00}
ProcessId: 9020
Image: C:\Program Files (x86)\Microsoft Office\Root\Office16\WINWORD.EXE
TargetFilename: C:\Users\johnny.douche\AppData\Local\Microsoft\FontCache\4\CatalogCacheMetaData2.xml
CreationUtcTime: 2024-08-20 00:14:38.197
User: MY-CALDERA\johnny.douche"
MY-CAL-WIN10.my-caldera.local,11,"File created:
RuleName: DO
UtcTime: 2024-08-20 00:51:47.960
ProcessGuid: {ca24abc9-e8a1-66c3-6509-000000001d00}
ProcessId: 9020
Image: C:\Program Files (x86)\Microsoft Office\Root\Office16\WINWORD.EXE
TargetFilename: C:\Users\johnny.douche\AppData\Local\Microsoft\FontCache\4\CatalogCacheMetaData2.xml
CreationUtcTime: 2024-08-20 00:14:38.197
User: MY-CALDERA\johnny.douche"
MY-CAL-WIN10.my-caldera.local,11,"File created:
RuleName: DO
UtcTime: 2024-08-20 00:51:47.962
ProcessGuid: {ca24abc9-e8a1-66c3-6509-000000001d00}
ProcessId: 9020
Image: C:\Program Files (x86)\Microsoft Office\Root\Office16\WINWORD.EXE
TargetFilename: C:\Users\johnny.douche\AppData\Local\Microsoft\FontCache\4\CatalogCacheMetaData2.xml
CreationUtcTime: 2024-08-20 00:14:38.197
User: MY-CALDERA\johnny.douche"
MY-CAL-WIN10.my-caldera.local,11,"File created:
RuleName: DO
UtcTime: 2024-08-20 00:51:47.963
ProcessGuid: {ca24abc9-e8a1-66c3-6509-000000001d00}
ProcessId: 9020
Image: C:\Program Files (x86)\Microsoft Office\Root\Office16\WINWORD.EXE
TargetFilename: C:\Users\johnny.douche\AppData\Local\Microsoft\FontCache\4\CatalogCacheMetaData2.xml
CreationUtcTime: 2024-08-20 00:14:38.197
User: MY-CALDERA\johnny.douche"
MY-CAL-WIN10.my-caldera.local,11,"File created:
RuleName: DO
UtcTime: 2024-08-20 00:51:47.965
ProcessGuid: {ca24abc9-e8a1-66c3-6509-000000001d00}
ProcessId: 9020
Image: C:\Program Files (x86)\Microsoft Office\Root\Office16\WINWORD.EXE
TargetFilename: C:\Users\johnny.douche\AppData\Local\Microsoft\FontCache\4\CatalogCacheMetaData2.xml
CreationUtcTime: 2024-08-20 00:14:38.197
User: MY-CALDERA\johnny.douche"
MY-CAL-WIN10.my-caldera.local,11,"File created:
RuleName: DO
UtcTime: 2024-08-20 00:51:47.966
ProcessGuid: {ca24abc9-e8a1-66c3-6509-000000001d00}
ProcessId: 9020
Image: C:\Program Files (x86)\Microsoft Office\Root\Office16\WINWORD.EXE
TargetFilename: C:\Users\johnny.douche\AppData\Local\Microsoft\FontCache\4\CatalogCacheMetaData2.xml
CreationUtcTime: 2024-08-20 00:14:38.197
User: MY-CALDERA\johnny.douche"
MY-CAL-WIN10.my-caldera.local,11,"File created:
RuleName: DO
UtcTime: 2024-08-20 00:51:47.968
ProcessGuid: {ca24abc9-e8a1-66c3-6509-000000001d00}
ProcessId: 9020
Image: C:\Program Files (x86)\Microsoft Office\Root\Office16\WINWORD.EXE
TargetFilename: C:\Users\johnny.douche\AppData\Local\Microsoft\FontCache\4\CatalogCacheMetaData2.xml
CreationUtcTime: 2024-08-20 00:14:38.197
User: MY-CALDERA\johnny.douche"
MY-CAL-WIN10.my-caldera.local,11,"File created:
RuleName: DO
UtcTime: 2024-08-20 00:51:47.970
ProcessGuid: {ca24abc9-e8a1-66c3-6509-000000001d00}
ProcessId: 9020
Image: C:\Program Files (x86)\Microsoft Office\Root\Office16\WINWORD.EXE
TargetFilename: C:\Users\johnny.douche\AppData\Local\Microsoft\FontCache\4\CatalogCacheMetaData2.xml
CreationUtcTime: 2024-08-20 00:14:38.197
User: MY-CALDERA\johnny.douche"
MY-CAL-WIN10.my-caldera.local,11,"File created:
RuleName: DO
UtcTime: 2024-08-20 00:51:47.087
ProcessGuid: {ca24abc9-e8a1-66c3-6509-000000001d00}
ProcessId: 9020
Image: C:\Program Files (x86)\Microsoft Office\Root\Office16\WINWORD.EXE
TargetFilename: C:\Users\JOHNNY~1.DOU\AppData\Local\Temp\{FDC0D5E8-C2E5-4DCD-9640-A2165A1B0D78} - OProcSessId.dat
CreationUtcTime: 2024-08-20 00:51:47.086
User: MY-CALDERA\johnny.douche"
MY-CAL-WIN10.my-caldera.local,11,"File created:
RuleName: DO
UtcTime: 2024-08-20 00:51:47.497
ProcessGuid: {ca24abc9-e8a1-66c3-6509-000000001d00}
ProcessId: 9020
Image: C:\Program Files (x86)\Microsoft Office\Root\Office16\WINWORD.EXE
TargetFilename: C:\Users\JOHNNY~1.DOU\AppData\Local\Temp\Diagnostics\WINWORD\Primary1724115107497024400_FDC0D5E8-C2E5-4DCD-9640-A2165A1B0D78.log
CreationUtcTime: 2024-08-20 00:51:47.497
User: MY-CALDERA\johnny.douche"
MY-CAL-WIN10.my-caldera.local,11,"File created:
RuleName: DO
UtcTime: 2024-08-20 00:51:47.498
ProcessGuid: {ca24abc9-e8a1-66c3-6509-000000001d00}
ProcessId: 9020
Image: C:\Program Files (x86)\Microsoft Office\Root\Office16\WINWORD.EXE
TargetFilename: C:\Users\JOHNNY~1.DOU\AppData\Local\Temp\Diagnostics\WINWORD\Primary1724115107498467000_FDC0D5E8-C2E5-4DCD-9640-A2165A1B0D78.log
CreationUtcTime: 2024-08-20 00:51:47.498
User: MY-CALDERA\johnny.douche"
MY-CAL-WIN10.my-caldera.local,11,"File created:
RuleName: DO
UtcTime: 2024-08-20 00:51:47.503
ProcessGuid: {ca24abc9-e8a1-66c3-6509-000000001d00}
ProcessId: 9020
Image: C:\Program Files (x86)\Microsoft Office\Root\Office16\WINWORD.EXE
TargetFilename: C:\Users\JOHNNY~1.DOU\AppData\Local\Temp\Diagnostics\WINWORD\Additional\Additional1724115107503187100_FDC0D5E8-C2E5-4DCD-9640-A2165A1B0D78.log
CreationUtcTime: 2024-08-20 00:51:47.503
User: MY-CALDERA\johnny.douche"
MY-CAL-WIN10.my-caldera.local,11,"File created:
RuleName: DO
UtcTime: 2024-08-20 00:51:47.505
ProcessGuid: {ca24abc9-e8a1-66c3-6509-000000001d00}
ProcessId: 9020
Image: C:\Program Files (x86)\Microsoft Office\Root\Office16\WINWORD.EXE
TargetFilename: C:\Users\JOHNNY~1.DOU\AppData\Local\Temp\Diagnostics\WINWORD\Additional\Additional1724115107504623500_FDC0D5E8-C2E5-4DCD-9640-A2165A1B0D78.log
CreationUtcTime: 2024-08-20 00:51:47.504
User: MY-CALDERA\johnny.douche"
MY-CAL-WIN10.my-caldera.local,11,"File created:
RuleName: DO
UtcTime: 2024-08-20 00:51:47.657
ProcessGuid: {ca24abc9-e8a1-66c3-6509-000000001d00}
ProcessId: 9020
Image: C:\Program Files (x86)\Microsoft Office\Root\Office16\WINWORD.EXE
TargetFilename: C:\Users\JOHNNY~1.DOU\AppData\Local\Temp\{C3B8E469-309E-408C-8CE2-14387A514DC4}
CreationUtcTime: 2024-08-20 00:51:47.657
User: MY-CALDERA\johnny.douche"
MY-CAL-WIN10.my-caldera.local,11,"File created:
RuleName: DO
UtcTime: 2024-08-20 00:51:47.929
ProcessGuid: {ca24abc9-e8a1-66c3-6509-000000001d00}
ProcessId: 9020
Image: C:\Program Files (x86)\Microsoft Office\Root\Office16\WINWORD.EXE
TargetFilename: C:\Users\johnny.douche\AppData\Local\Microsoft\FontCache\4\CatalogCacheMetaData2.xml
CreationUtcTime: 2024-08-20 00:14:38.197
User: MY-CALDERA\johnny.douche"
MY-CAL-WIN10.my-caldera.local,11,"File created:
RuleName: DO
UtcTime: 2024-08-20 00:51:47.930
ProcessGuid: {ca24abc9-e8a1-66c3-6509-000000001d00}
ProcessId: 9020
Image: C:\Program Files (x86)\Microsoft Office\Root\Office16\WINWORD.EXE
TargetFilename: C:\Users\johnny.douche\AppData\Local\Microsoft\FontCache\4\CatalogCacheMetaData2.xml
CreationUtcTime: 2024-08-20 00:14:38.197
User: MY-CALDERA\johnny.douche"
MY-CAL-WIN10.my-caldera.local,11,"File created:
RuleName: DO
UtcTime: 2024-08-20 00:51:47.933
ProcessGuid: {ca24abc9-e8a1-66c3-6509-000000001d00}
ProcessId: 9020
Image: C:\Program Files (x86)\Microsoft Office\Root\Office16\WINWORD.EXE
TargetFilename: C:\Users\johnny.douche\AppData\Local\Microsoft\FontCache\4\CatalogCacheMetaData2.xml
CreationUtcTime: 2024-08-20 00:14:38.197
User: MY-CALDERA\johnny.douche"
MY-CAL-WIN10.my-caldera.local,11,"File created:
RuleName: DO
UtcTime: 2024-08-20 00:51:47.935
ProcessGuid: {ca24abc9-e8a1-66c3-6509-000000001d00}
ProcessId: 9020
Image: C:\Program Files (x86)\Microsoft Office\Root\Office16\WINWORD.EXE
TargetFilename: C:\Users\johnny.douche\AppData\Local\Microsoft\FontCache\4\CatalogCacheMetaData2.xml
CreationUtcTime: 2024-08-20 00:14:38.197
User: MY-CALDERA\johnny.douche"
MY-CAL-WIN10.my-caldera.local,11,"File created:
RuleName: DO
UtcTime: 2024-08-20 00:51:47.937
ProcessGuid: {ca24abc9-e8a1-66c3-6509-000000001d00}
ProcessId: 9020
Image: C:\Program Files (x86)\Microsoft Office\Root\Office16\WINWORD.EXE
TargetFilename: C:\Users\johnny.douche\AppData\Local\Microsoft\FontCache\4\CatalogCacheMetaData2.xml
CreationUtcTime: 2024-08-20 00:14:38.197
User: MY-CALDERA\johnny.douche"
MY-CAL-WIN10.my-caldera.local,11,"File created:
RuleName: DO
UtcTime: 2024-08-20 00:51:47.938
ProcessGuid: {ca24abc9-e8a1-66c3-6509-000000001d00}
ProcessId: 9020
Image: C:\Program Files (x86)\Microsoft Office\Root\Office16\WINWORD.EXE
TargetFilename: C:\Users\johnny.douche\AppData\Local\Microsoft\FontCache\4\CatalogCacheMetaData2.xml
CreationUtcTime: 2024-08-20 00:14:38.197
User: MY-CALDERA\johnny.douche"
MY-CAL-WIN10.my-caldera.local,11,"File created:
RuleName: DO
UtcTime: 2024-08-20 00:51:47.941
ProcessGuid: {ca24abc9-e8a1-66c3-6509-000000001d00}
ProcessId: 9020
Image: C:\Program Files (x86)\Microsoft Office\Root\Office16\WINWORD.EXE
TargetFilename: C:\Users\johnny.douche\AppData\Local\Microsoft\FontCache\4\CatalogCacheMetaData2.xml
CreationUtcTime: 2024-08-20 00:14:38.197
User: MY-CALDERA\johnny.douche"
MY-CAL-WIN10.my-caldera.local,11,"File created:
RuleName: DO
UtcTime: 2024-08-20 00:51:47.943
ProcessGuid: {ca24abc9-e8a1-66c3-6509-000000001d00}
ProcessId: 9020
Image: C:\Program Files (x86)\Microsoft Office\Root\Office16\WINWORD.EXE
TargetFilename: C:\Users\johnny.douche\AppData\Local\Microsoft\FontCache\4\CatalogCacheMetaData2.xml
CreationUtcTime: 2024-08-20 00:14:38.197
User: MY-CALDERA\johnny.douche"
MY-CAL-WIN10.my-caldera.local,11,"File created:
RuleName: DO
UtcTime: 2024-08-20 00:51:47.946
ProcessGuid: {ca24abc9-e8a1-66c3-6509-000000001d00}
ProcessId: 9020
Image: C:\Program Files (x86)\Microsoft Office\Root\Office16\WINWORD.EXE
TargetFilename: C:\Users\johnny.douche\AppData\Local\Microsoft\FontCache\4\CatalogCacheMetaData2.xml
CreationUtcTime: 2024-08-20 00:14:38.197
User: MY-CALDERA\johnny.douche"
MY-CAL-WIN10.my-caldera.local,11,"File created:
RuleName: DO
UtcTime: 2024-08-20 00:51:47.948
ProcessGuid: {ca24abc9-e8a1-66c3-6509-000000001d00}
ProcessId: 9020
Image: C:\Program Files (x86)\Microsoft Office\Root\Office16\WINWORD.EXE
TargetFilename: C:\Users\johnny.douche\AppData\Local\Microsoft\FontCache\4\CatalogCacheMetaData2.xml
CreationUtcTime: 2024-08-20 00:14:38.197
User: MY-CALDERA\johnny.douche"
MY-CAL-WIN10.my-caldera.local,11,"File created:
RuleName: DO
UtcTime: 2024-08-20 00:51:47.950
ProcessGuid: {ca24abc9-e8a1-66c3-6509-000000001d00}
ProcessId: 9020
Image: C:\Program Files (x86)\Microsoft Office\Root\Office16\WINWORD.EXE
TargetFilename: C:\Users\johnny.douche\AppData\Local\Microsoft\FontCache\4\CatalogCacheMetaData2.xml
CreationUtcTime: 2024-08-20 00:14:38.197
User: MY-CALDERA\johnny.douche"
MY-CAL-WIN10.my-caldera.local,11,"File created:
RuleName: DO
UtcTime: 2024-08-20 00:51:47.952
ProcessGuid: {ca24abc9-e8a1-66c3-6509-000000001d00}
ProcessId: 9020
Image: C:\Program Files (x86)\Microsoft Office\Root\Office16\WINWORD.EXE
TargetFilename: C:\Users\johnny.douche\AppData\Local\Microsoft\FontCache\4\CatalogCacheMetaData2.xml
CreationUtcTime: 2024-08-20 00:14:38.197
User: MY-CALDERA\johnny.douche"
MY-CAL-WIN10.my-caldera.local,11,"File created:
RuleName: DO
UtcTime: 2024-08-20 00:51:47.953
ProcessGuid: {ca24abc9-e8a1-66c3-6509-000000001d00}
ProcessId: 9020
Image: C:\Program Files (x86)\Microsoft Office\Root\Office16\WINWORD.EXE
TargetFilename: C:\Users\johnny.douche\AppData\Local\Microsoft\FontCache\4\CatalogCacheMetaData2.xml
CreationUtcTime: 2024-08-20 00:14:38.197
User: MY-CALDERA\johnny.douche"
MY-CAL-WIN10.my-caldera.local,11,"File created:
RuleName: Sysmonv1514
UtcTime: 2024-08-20 00:51:54.155
ProcessGuid: {ca24abc9-d6b1-66c3-ba00-000000001d00}
ProcessId: 6760
Image: C:\Program Files\WinlogBeat\winlogbeat.exe
TargetFilename: C:\ProgramData\winlogbeat\.winlogbeat.yml.new
CreationUtcTime: 2024-08-20 00:11:02.025
User: NT AUTHORITY\SYSTEM"
MY-CAL-WIN10.my-caldera.local,11,"File created:
RuleName: DO
UtcTime: 2024-08-20 00:52:03.374
ProcessGuid: {ca24abc9-e8b3-66c3-7509-000000001d00}
ProcessId: 7632
Image: C:\Windows\system32\cmd.exe
TargetFilename: C:\Users\JOHNNY~1.DOU\AppData\Local\Temp\T1564.001-10.txt
CreationUtcTime: 2024-08-20 00:52:03.374
User: MY-CALDERA\johnny.douche"
MY-CAL-WIN10.my-caldera.local,11,"File created:
RuleName: DO
UtcTime: 2024-08-20 00:52:03.188
ProcessGuid: {ca24abc9-e8b3-66c3-7109-000000001d00}
ProcessId: 7880
Image: C:\Windows\system32\cmd.exe
TargetFilename: C:\Users\JOHNNY~1.DOU\AppData\Local\Temp\T1564.001-9.txt
CreationUtcTime: 2024-08-20 00:52:03.187
User: MY-CALDERA\johnny.douche"
MY-CAL-WIN10.my-caldera.local,11,"File created:
RuleName: Sysmonv1514
UtcTime: 2024-08-20 00:52:04.231
ProcessGuid: {ca24abc9-d6b1-66c3-ba00-000000001d00}
ProcessId: 6760
Image: C:\Program Files\WinlogBeat\winlogbeat.exe
TargetFilename: C:\ProgramData\winlogbeat\.winlogbeat.yml.new
CreationUtcTime: 2024-08-20 00:11:02.025
User: NT AUTHORITY\SYSTEM"
MY-CAL-WIN10.my-caldera.local,11,"File created:
RuleName: DO
UtcTime: 2024-08-20 00:52:04.423
ProcessGuid: {ca24abc9-e8b4-66c3-7809-000000001d00}
ProcessId: 10616
Image: C:\Windows\System32\WindowsPowerShell\v1.0\powershell.exe
TargetFilename: C:\Users\johnny.douche\AppData\Local\Microsoft\Windows\PowerShell\StartupProfileData-NonInteractive
CreationUtcTime: 2024-03-28 01:06:06.420
User: MY-CALDERA\johnny.douche"
MY-CAL-WIN10.my-caldera.local,11,"File created:
RuleName: DO
UtcTime: 2024-08-20 00:52:05.827
ProcessGuid: {ca24abc9-e8b5-66c3-7c09-000000001d00}
ProcessId: 10700
Image: C:\Windows\System32\WindowsPowerShell\v1.0\powershell.exe
TargetFilename: C:\Users\johnny.douche\AppData\Local\Microsoft\Windows\PowerShell\StartupProfileData-NonInteractive
CreationUtcTime: 2024-03-28 01:06:06.420
User: MY-CALDERA\johnny.douche"
MY-CAL-WIN10.my-caldera.local,11,"File created:
RuleName: DO
UtcTime: 2024-08-20 00:52:06.272
ProcessGuid: {ca24abc9-e8b5-66c3-7d09-000000001d00}
ProcessId: 8408
Image: C:\Windows\System32\WindowsPowerShell\v1.0\powershell.exe
TargetFilename: C:\Users\johnny.douche\AppData\Local\Microsoft\Windows\PowerShell\StartupProfileData-NonInteractive
CreationUtcTime: 2024-03-28 01:06:06.420
User: MY-CALDERA\johnny.douche"
MY-CAL-WIN10.my-caldera.local,11,"File created:
RuleName: DO
UtcTime: 2024-08-20 00:52:05.209
ProcessGuid: {ca24abc9-e8b4-66c3-7b09-000000001d00}
ProcessId: 10608
Image: C:\Windows\System32\WindowsPowerShell\v1.0\powershell.exe
TargetFilename: C:\Users\johnny.douche\AppData\Local\Microsoft\Windows\PowerShell\StartupProfileData-NonInteractive
CreationUtcTime: 2024-03-28 01:06:06.420
User: MY-CALDERA\johnny.douche"
MY-CAL-WIN10.my-caldera.local,11,"File created:
RuleName: DO
UtcTime: 2024-08-20 00:52:04.829
ProcessGuid: {ca24abc9-e8b4-66c3-7909-000000001d00}
ProcessId: 4428
Image: C:\Windows\System32\WindowsPowerShell\v1.0\powershell.exe
TargetFilename: C:\Users\johnny.douche\AppData\Local\Temp\T1564.004_has_ads_powershell.txt
CreationUtcTime: 2024-08-20 00:52:04.829
User: MY-CALDERA\johnny.douche"
MY-CAL-WIN10.my-caldera.local,11,"File created:
RuleName: DO
UtcTime: 2024-08-20 00:52:04.839
ProcessGuid: {ca24abc9-e8b4-66c3-7909-000000001d00}
ProcessId: 4428
Image: C:\Windows\System32\WindowsPowerShell\v1.0\powershell.exe
TargetFilename: C:\Users\johnny.douche\AppData\Local\Microsoft\Windows\PowerShell\StartupProfileData-NonInteractive
CreationUtcTime: 2024-03-28 01:06:06.420
User: MY-CALDERA\johnny.douche"
MY-CAL-WIN10.my-caldera.local,11,"File created:
RuleName: Sysmonv1514
UtcTime: 2024-08-20 00:52:13.210
ProcessGuid: {ca24abc9-d6b1-66c3-ba00-000000001d00}
ProcessId: 6760
Image: C:\Program Files\WinlogBeat\winlogbeat.exe
TargetFilename: C:\ProgramData\winlogbeat\.winlogbeat.yml.new
CreationUtcTime: 2024-08-20 00:11:02.025
User: NT AUTHORITY\SYSTEM"
MY-CAL-WIN10.my-caldera.local,11,"File created:
RuleName: DO
UtcTime: 2024-08-20 00:52:20.470
ProcessGuid: {ca24abc9-e8c4-66c3-8809-000000001d00}
ProcessId: 1276
Image: C:\Windows\System32\WindowsPowerShell\v1.0\powershell.exe
TargetFilename: C:\Users\johnny.douche\AppData\Local\Microsoft\Windows\PowerShell\StartupProfileData-NonInteractive
CreationUtcTime: 2024-03-28 01:06:06.420
User: MY-CALDERA\johnny.douche"
MY-CAL-WIN10.my-caldera.local,11,"File created:
RuleName: DO
UtcTime: 2024-08-20 00:52:24.904
ProcessGuid: {ca24abc9-e8c5-66c3-8c09-000000001d00}
ProcessId: 9220
Image: C:\Windows\System32\WindowsPowerShell\v1.0\powershell.exe
TargetFilename: C:\Users\johnny.douche\AppData\Local\Microsoft\Windows\PowerShell\StartupProfileData-NonInteractive
CreationUtcTime: 2024-03-28 01:06:06.420
User: MY-CALDERA\johnny.douche"
MY-CAL-WIN10.my-caldera.local,11,"File created:
RuleName: DLL
UtcTime: 2024-08-20 00:52:27.765
ProcessGuid: {ca24abc9-e8b7-66c3-8309-000000001d00}
ProcessId: 804
Image: C:\Windows\system32\msiexec.exe
TargetFilename: C:\Program Files\Oracle\VirtualBox\Qt5WidgetsVBox.dll
CreationUtcTime: 2024-08-20 00:52:27.765
User: NT AUTHORITY\SYSTEM"
MY-CAL-WIN10.my-caldera.local,11,"File created:
RuleName: DO
UtcTime: 2024-08-20 00:52:27.937
ProcessGuid: {ca24abc9-e8cb-66c3-9309-000000001d00}
ProcessId: 5528
Image: C:\Program Files (x86)\Microsoft Office\Root\Office16\WINWORD.EXE
TargetFilename: C:\Users\JOHNNY~1.DOU\AppData\Local\Temp\{ED456B24-3C60-455E-98F6-3573043D995B} - OProcSessId.dat
CreationUtcTime: 2024-08-20 00:52:27.936
User: MY-CALDERA\johnny.douche"
MY-CAL-WIN10.my-caldera.local,11,"File created:
RuleName: DLL
UtcTime: 2024-08-20 00:52:27.966
ProcessGuid: {ca24abc9-e8b7-66c3-8309-000000001d00}
ProcessId: 804
Image: C:\Windows\system32\msiexec.exe
TargetFilename: C:\Program Files\Oracle\VirtualBox\Qt5WinExtrasVBox.dll
CreationUtcTime: 2024-08-20 00:52:27.965
User: NT AUTHORITY\SYSTEM"
MY-CAL-WIN10.my-caldera.local,11,"File created:
RuleName: DLL
UtcTime: 2024-08-20 00:52:27.979
ProcessGuid: {ca24abc9-e8b7-66c3-8309-000000001d00}
ProcessId: 804
Image: C:\Windows\system32\msiexec.exe
TargetFilename: C:\Program Files\Oracle\VirtualBox\platforms\qwindows.dll
CreationUtcTime: 2024-08-20 00:52:27.979
User: NT AUTHORITY\SYSTEM"
MY-CAL-WIN10.my-caldera.local,11,"File created:
RuleName: DLL
UtcTime: 2024-08-20 00:52:28.027
ProcessGuid: {ca24abc9-e8b7-66c3-8309-000000001d00}
ProcessId: 804
Image: C:\Windows\system32\msiexec.exe
TargetFilename: C:\Program Files\Oracle\VirtualBox\SDL.dll
CreationUtcTime: 2024-08-20 00:52:28.027
User: NT AUTHORITY\SYSTEM"
MY-CAL-WIN10.my-caldera.local,11,"File created:
RuleName: EXE
UtcTime: 2024-08-20 00:52:28.044
ProcessGuid: {ca24abc9-e8b7-66c3-8309-000000001d00}
ProcessId: 804
Image: C:\Windows\system32\msiexec.exe
TargetFilename: C:\Program Files\Oracle\VirtualBox\vbox-img.exe
CreationUtcTime: 2024-08-20 00:52:28.044
User: NT AUTHORITY\SYSTEM"
MY-CAL-WIN10.my-caldera.local,11,"File created:
RuleName: DLL
UtcTime: 2024-08-20 00:52:28.160
ProcessGuid: {ca24abc9-e8b7-66c3-8309-000000001d00}
ProcessId: 804
Image: C:\Windows\system32\msiexec.exe
TargetFilename: C:\Program Files\Oracle\VirtualBox\VBoxAuth.dll
CreationUtcTime: 2024-08-20 00:52:28.160
User: NT AUTHORITY\SYSTEM"
MY-CAL-WIN10.my-caldera.local,11,"File created:
RuleName: DLL
UtcTime: 2024-08-20 00:52:28.168
ProcessGuid: {ca24abc9-e8b7-66c3-8309-000000001d00}
ProcessId: 804
Image: C:\Windows\system32\msiexec.exe
TargetFilename: C:\Program Files\Oracle\VirtualBox\VBoxAuthSimple.dll
CreationUtcTime: 2024-08-20 00:52:28.167
User: NT AUTHORITY\SYSTEM"
MY-CAL-WIN10.my-caldera.local,11,"File created:
RuleName: DLL
UtcTime: 2024-08-20 00:52:27.224
ProcessGuid: {ca24abc9-e8b7-66c3-8309-000000001d00}
ProcessId: 804
Image: C:\Windows\system32\msiexec.exe
TargetFilename: C:\Program Files\Oracle\VirtualBox\DbgPlugInDiggers.dll
CreationUtcTime: 2024-08-20 00:52:27.223
User: NT AUTHORITY\SYSTEM"
MY-CAL-WIN10.my-caldera.local,11,"File created:
RuleName: DLL
UtcTime: 2024-08-20 00:52:27.239
ProcessGuid: {ca24abc9-e8b7-66c3-8309-000000001d00}
ProcessId: 804
Image: C:\Windows\system32\msiexec.exe
TargetFilename: C:\Program Files\Oracle\VirtualBox\msvcp100.dll
CreationUtcTime: 2024-08-20 00:52:27.236
User: NT AUTHORITY\SYSTEM"
MY-CAL-WIN10.my-caldera.local,11,"File created:
RuleName: DLL
UtcTime: 2024-08-20 00:52:27.263
ProcessGuid: {ca24abc9-e8b7-66c3-8309-000000001d00}
ProcessId: 804
Image: C:\Windows\system32\msiexec.exe
TargetFilename: C:\Program Files\Oracle\VirtualBox\msvcr100.dll
CreationUtcTime: 2024-08-20 00:52:27.262
User: NT AUTHORITY\SYSTEM"
MY-CAL-WIN10.my-caldera.local,11,"File created:
RuleName: DLL
UtcTime: 2024-08-20 00:52:27.300
ProcessGuid: {ca24abc9-e8b7-66c3-8309-000000001d00}
ProcessId: 804
Image: C:\Windows\system32\msiexec.exe
TargetFilename: C:\Program Files\Oracle\VirtualBox\platforms\qminimal.dll
CreationUtcTime: 2024-08-20 00:52:27.300
User: NT AUTHORITY\SYSTEM"
MY-CAL-WIN10.my-caldera.local,11,"File created:
RuleName: DLL
UtcTime: 2024-08-20 00:52:27.307
ProcessGuid: {ca24abc9-e8b7-66c3-8309-000000001d00}
ProcessId: 804
Image: C:\Windows\system32\msiexec.exe
TargetFilename: C:\Program Files\Oracle\VirtualBox\platforms\qoffscreen.dll
CreationUtcTime: 2024-08-20 00:52:27.307
User: NT AUTHORITY\SYSTEM"
MY-CAL-WIN10.my-caldera.local,11,"File created:
RuleName: DLL
UtcTime: 2024-08-20 00:52:27.335
ProcessGuid: {ca24abc9-e8b7-66c3-8309-000000001d00}
ProcessId: 804
Image: C:\Windows\system32\msiexec.exe
TargetFilename: C:\Program Files\Oracle\VirtualBox\Qt5CoreVBox.dll
CreationUtcTime: 2024-08-20 00:52:27.335
User: NT AUTHORITY\SYSTEM"
MY-CAL-WIN10.my-caldera.local,11,"File created:
RuleName: DLL
UtcTime: 2024-08-20 00:52:27.536
ProcessGuid: {ca24abc9-e8b7-66c3-8309-000000001d00}
ProcessId: 804
Image: C:\Windows\system32\msiexec.exe
TargetFilename: C:\Program Files\Oracle\VirtualBox\Qt5GuiVBox.dll
CreationUtcTime: 2024-08-20 00:52:27.536
User: NT AUTHORITY\SYSTEM"
MY-CAL-WIN10.my-caldera.local,11,"File created:
RuleName: DLL
UtcTime: 2024-08-20 00:52:27.729
ProcessGuid: {ca24abc9-e8b7-66c3-8309-000000001d00}
ProcessId: 804
Image: C:\Windows\system32\msiexec.exe
TargetFilename: C:\Program Files\Oracle\VirtualBox\Qt5OpenGLVBox.dll
CreationUtcTime: 2024-08-20 00:52:27.729
User: NT AUTHORITY\SYSTEM"
MY-CAL-WIN10.my-caldera.local,11,"File created:
RuleName: DLL
UtcTime: 2024-08-20 00:52:27.748
ProcessGuid: {ca24abc9-e8b7-66c3-8309-000000001d00}
ProcessId: 804
Image: C:\Windows\system32\msiexec.exe
TargetFilename: C:\Program Files\Oracle\VirtualBox\Qt5PrintSupportVBox.dll
CreationUtcTime: 2024-08-20 00:52:27.747
User: NT AUTHORITY\SYSTEM"
MY-CAL-WIN10.my-caldera.local,11,"File created:
RuleName: DLL
UtcTime: 2024-08-20 00:52:28.207
ProcessGuid: {ca24abc9-e8b7-66c3-8309-000000001d00}
ProcessId: 804
Image: C:\Windows\system32\msiexec.exe
TargetFilename: C:\Program Files\Oracle\VirtualBox\VBoxDbg.dll
CreationUtcTime: 2024-08-20 00:52:28.206
User: NT AUTHORITY\SYSTEM"
MY-CAL-WIN10.my-caldera.local,11,"File created:
RuleName: DLL
UtcTime: 2024-08-20 00:52:28.233
ProcessGuid: {ca24abc9-e8b7-66c3-8309-000000001d00}
ProcessId: 804
Image: C:\Windows\system32\msiexec.exe
TargetFilename: C:\Program Files\Oracle\VirtualBox\VBoxDD.dll
CreationUtcTime: 2024-08-20 00:52:28.232
User: NT AUTHORITY\SYSTEM"
MY-CAL-WIN10.my-caldera.local,11,"File created:
RuleName: EXE
UtcTime: 2024-08-20 00:52:28.175
ProcessGuid: {ca24abc9-e8b7-66c3-8309-000000001d00}
ProcessId: 804
Image: C:\Windows\system32\msiexec.exe
TargetFilename: C:\Program Files\Oracle\VirtualBox\VBoxBalloonCtrl.exe
CreationUtcTime: 2024-08-20 00:52:28.175
User: NT AUTHORITY\SYSTEM"
MY-CAL-WIN10.my-caldera.local,11,"File created:
RuleName: EXE
UtcTime: 2024-08-20 00:52:28.191
ProcessGuid: {ca24abc9-e8b7-66c3-8309-000000001d00}
ProcessId: 804
Image: C:\Windows\system32\msiexec.exe
TargetFilename: C:\Program Files\Oracle\VirtualBox\VBoxBugReport.exe
CreationUtcTime: 2024-08-20 00:52:28.190
User: NT AUTHORITY\SYSTEM"
MY-CAL-WIN10.my-caldera.local,11,"File created:
RuleName: DLL
UtcTime: 2024-08-20 00:52:28.199
ProcessGuid: {ca24abc9-e8b7-66c3-8309-000000001d00}
ProcessId: 804
Image: C:\Windows\system32\msiexec.exe
TargetFilename: C:\Program Files\Oracle\VirtualBox\VBoxCAPI.dll
CreationUtcTime: 2024-08-20 00:52:28.199
User: NT AUTHORITY\SYSTEM"
MY-CAL-WIN10.my-caldera.local,11,"File created:
RuleName: DLL
UtcTime: 2024-08-20 00:52:28.542
ProcessGuid: {ca24abc9-e8b7-66c3-8309-000000001d00}
ProcessId: 804
Image: C:\Windows\system32\msiexec.exe
TargetFilename: C:\Program Files\Oracle\VirtualBox\VBoxGuestControlSvc.dll
CreationUtcTime: 2024-08-20 00:52:28.541
User: NT AUTHORITY\SYSTEM"
MY-CAL-WIN10.my-caldera.local,11,"File created:
RuleName: DO
UtcTime: 2024-08-20 00:52:28.507
ProcessGuid: {ca24abc9-e8cb-66c3-9309-000000001d00}
ProcessId: 5528
Image: C:\Program Files (x86)\Microsoft Office\Root\Office16\WINWORD.EXE
TargetFilename: C:\Users\johnny.douche\AppData\Local\Microsoft\FontCache\4\CatalogCacheMetaData2.xml
CreationUtcTime: 2024-08-20 00:14:38.197
User: MY-CALDERA\johnny.douche"
MY-CAL-WIN10.my-caldera.local,11,"File created:
RuleName: EXE
UtcTime: 2024-08-20 00:52:28.533
ProcessGuid: {ca24abc9-e8b7-66c3-8309-000000001d00}
ProcessId: 804
Image: C:\Windows\system32\msiexec.exe
TargetFilename: C:\Program Files\Oracle\VirtualBox\VBoxExtPackHelperApp.exe
CreationUtcTime: 2024-08-20 00:52:28.533
User: NT AUTHORITY\SYSTEM"
MY-CAL-WIN10.my-caldera.local,11,"File created:
RuleName: DO
UtcTime: 2024-08-20 00:52:28.534
ProcessGuid: {ca24abc9-e8cb-66c3-9309-000000001d00}
ProcessId: 5528
Image: C:\Program Files (x86)\Microsoft Office\Root\Office16\WINWORD.EXE
TargetFilename: C:\Users\johnny.douche\AppData\Local\Microsoft\FontCache\4\CatalogCacheMetaData2.xml
CreationUtcTime: 2024-08-20 00:14:38.197
User: MY-CALDERA\johnny.douche"
MY-CAL-WIN10.my-caldera.local,11,"File created:
RuleName: DO
UtcTime: 2024-08-20 00:52:28.536
ProcessGuid: {ca24abc9-e8cb-66c3-9309-000000001d00}
ProcessId: 5528
Image: C:\Program Files (x86)\Microsoft Office\Root\Office16\WINWORD.EXE
TargetFilename: C:\Users\johnny.douche\AppData\Local\Microsoft\FontCache\4\CatalogCacheMetaData2.xml
CreationUtcTime: 2024-08-20 00:14:38.197
User: MY-CALDERA\johnny.douche"
MY-CAL-WIN10.my-caldera.local,11,"File created:
RuleName: DO
UtcTime: 2024-08-20 00:52:28.538
ProcessGuid: {ca24abc9-e8cb-66c3-9309-000000001d00}
ProcessId: 5528
Image: C:\Program Files (x86)\Microsoft Office\Root\Office16\WINWORD.EXE
TargetFilename: C:\Users\johnny.douche\AppData\Local\Microsoft\FontCache\4\CatalogCacheMetaData2.xml
CreationUtcTime: 2024-08-20 00:14:38.197
User: MY-CALDERA\johnny.douche"
MY-CAL-WIN10.my-caldera.local,11,"File created:
RuleName: DO
UtcTime: 2024-08-20 00:52:28.539
ProcessGuid: {ca24abc9-e8cb-66c3-9309-000000001d00}
ProcessId: 5528
Image: C:\Program Files (x86)\Microsoft Office\Root\Office16\WINWORD.EXE
TargetFilename: C:\Users\johnny.douche\AppData\Local\Microsoft\FontCache\4\CatalogCacheMetaData2.xml
CreationUtcTime: 2024-08-20 00:14:38.197
User: MY-CALDERA\johnny.douche"
MY-CAL-WIN10.my-caldera.local,11,"File created:
RuleName: DO
UtcTime: 2024-08-20 00:52:28.541
ProcessGuid: {ca24abc9-e8cb-66c3-9309-000000001d00}
ProcessId: 5528
Image: C:\Program Files (x86)\Microsoft Office\Root\Office16\WINWORD.EXE
TargetFilename: C:\Users\johnny.douche\AppData\Local\Microsoft\FontCache\4\CatalogCacheMetaData2.xml
CreationUtcTime: 2024-08-20 00:14:38.197
User: MY-CALDERA\johnny.douche"
MY-CAL-WIN10.my-caldera.local,11,"File created:
RuleName: DLL
UtcTime: 2024-08-20 00:52:28.548
ProcessGuid: {ca24abc9-e8b7-66c3-8309-000000001d00}
ProcessId: 804
Image: C:\Windows\system32\msiexec.exe
TargetFilename: C:\Program Files\Oracle\VirtualBox\VBoxGuestPropSvc.dll
CreationUtcTime: 2024-08-20 00:52:28.548
User: NT AUTHORITY\SYSTEM"
MY-CAL-WIN10.my-caldera.local,11,"File created:
RuleName: DLL
UtcTime: 2024-08-20 00:52:28.555
ProcessGuid: {ca24abc9-e8b7-66c3-8309-000000001d00}
ProcessId: 804
Image: C:\Windows\system32\msiexec.exe
TargetFilename: C:\Program Files\Oracle\VirtualBox\VBoxHeadless.dll
CreationUtcTime: 2024-08-20 00:52:28.555
User: NT AUTHORITY\SYSTEM"
MY-CAL-WIN10.my-caldera.local,11,"File created:
RuleName: EXE
UtcTime: 2024-08-20 00:52:28.570
ProcessGuid: {ca24abc9-e8b7-66c3-8309-000000001d00}
ProcessId: 804
Image: C:\Windows\system32\msiexec.exe
TargetFilename: C:\Program Files\Oracle\VirtualBox\VBoxHeadless.exe
CreationUtcTime: 2024-08-20 00:52:28.570
User: NT AUTHORITY\SYSTEM"
MY-CAL-WIN10.my-caldera.local,11,"File created:
RuleName: DLL
UtcTime: 2024-08-20 00:52:28.604
ProcessGuid: {ca24abc9-e8b7-66c3-8309-000000001d00}
ProcessId: 804
Image: C:\Windows\system32\msiexec.exe
TargetFilename: C:\Program Files\Oracle\VirtualBox\VBoxHostChannel.dll
CreationUtcTime: 2024-08-20 00:52:28.604
User: NT AUTHORITY\SYSTEM"
MY-CAL-WIN10.my-caldera.local,11,"File created:
RuleName: DO
UtcTime: 2024-08-20 00:52:28.543
ProcessGuid: {ca24abc9-e8cb-66c3-9309-000000001d00}
ProcessId: 5528
Image: C:\Program Files (x86)\Microsoft Office\Root\Office16\WINWORD.EXE
TargetFilename: C:\Users\johnny.douche\AppData\Local\Microsoft\FontCache\4\CatalogCacheMetaData2.xml
CreationUtcTime: 2024-08-20 00:14:38.197
User: MY-CALDERA\johnny.douche"
MY-CAL-WIN10.my-caldera.local,11,"File created:
RuleName: DO
UtcTime: 2024-08-20 00:52:28.544
ProcessGuid: {ca24abc9-e8cb-66c3-9309-000000001d00}
ProcessId: 5528
Image: C:\Program Files (x86)\Microsoft Office\Root\Office16\WINWORD.EXE
TargetFilename: C:\Users\johnny.douche\AppData\Local\Microsoft\FontCache\4\CatalogCacheMetaData2.xml
CreationUtcTime: 2024-08-20 00:14:38.197
User: MY-CALDERA\johnny.douche"
MY-CAL-WIN10.my-caldera.local,11,"File created:
RuleName: DO
UtcTime: 2024-08-20 00:52:28.509
ProcessGuid: {ca24abc9-e8cb-66c3-9309-000000001d00}
ProcessId: 5528
Image: C:\Program Files (x86)\Microsoft Office\Root\Office16\WINWORD.EXE
TargetFilename: C:\Users\johnny.douche\AppData\Local\Microsoft\FontCache\4\CatalogCacheMetaData2.xml
CreationUtcTime: 2024-08-20 00:14:38.197
User: MY-CALDERA\johnny.douche"
MY-CAL-WIN10.my-caldera.local,11,"File created:
RuleName: DLL
UtcTime: 2024-08-20 00:52:30.348
ProcessGuid: {ca24abc9-e8b7-66c3-8309-000000001d00}
ProcessId: 804
Image: C:\Windows\system32\msiexec.exe
TargetFilename: C:\Program Files\Oracle\VirtualBox\VirtualBox.dll
CreationUtcTime: 2024-08-20 00:52:30.348
User: NT AUTHORITY\SYSTEM"
MY-CAL-WIN10.my-caldera.local,11,"File created:
RuleName: EXE
UtcTime: 2024-08-20 00:52:28.717
ProcessGuid: {ca24abc9-e8b7-66c3-8309-000000001d00}
ProcessId: 804
Image: C:\Windows\system32\msiexec.exe
TargetFilename: C:\Program Files\Oracle\VirtualBox\VBoxNetDHCP.exe
CreationUtcTime: 2024-08-20 00:52:28.717
User: NT AUTHORITY\SYSTEM"
MY-CAL-WIN10.my-caldera.local,11,"File created:
RuleName: Sysmonv1514
UtcTime: 2024-08-20 00:52:28.792
ProcessGuid: {ca24abc9-e8b7-66c3-8309-000000001d00}
ProcessId: 804
Image: C:\Windows\system32\msiexec.exe
TargetFilename: C:\Program Files\Oracle\VirtualBox\drivers\network\netlwf\VBoxNetLwf.sys
CreationUtcTime: 2024-08-20 00:52:28.792
User: NT AUTHORITY\SYSTEM"
MY-CAL-WIN10.my-caldera.local,11,"File created:
RuleName: DLL
UtcTime: 2024-08-20 00:52:28.806
ProcessGuid: {ca24abc9-e8b7-66c3-8309-000000001d00}
ProcessId: 804
Image: C:\Windows\system32\msiexec.exe
TargetFilename: C:\Program Files\Oracle\VirtualBox\VBoxNetNAT.dll
CreationUtcTime: 2024-08-20 00:52:28.806
User: NT AUTHORITY\SYSTEM"
MY-CAL-WIN10.my-caldera.local,11,"File created:
RuleName: EXE
UtcTime: 2024-08-20 00:52:28.828
ProcessGuid: {ca24abc9-e8b7-66c3-8309-000000001d00}
ProcessId: 804
Image: C:\Windows\system32\msiexec.exe
TargetFilename: C:\Program Files\Oracle\VirtualBox\VBoxNetNAT.exe
CreationUtcTime: 2024-08-20 00:52:28.827
User: NT AUTHORITY\SYSTEM"
MY-CAL-WIN10.my-caldera.local,11,"File created:
RuleName: DLL
UtcTime: 2024-08-20 00:52:28.905
ProcessGuid: {ca24abc9-e8b7-66c3-8309-000000001d00}
ProcessId: 804
Image: C:\Windows\system32\msiexec.exe
TargetFilename: C:\Program Files\Oracle\VirtualBox\VBoxProxyStub.dll
CreationUtcTime: 2024-08-20 00:52:28.904
User: NT AUTHORITY\SYSTEM"
MY-CAL-WIN10.my-caldera.local,11,"File created:
RuleName: DLL
UtcTime: 2024-08-20 00:52:28.937
ProcessGuid: {ca24abc9-e8b7-66c3-8309-000000001d00}
ProcessId: 804
Image: C:\Windows\system32\msiexec.exe
TargetFilename: C:\Program Files\Oracle\VirtualBox\VBoxREM.dll
CreationUtcTime: 2024-08-20 00:52:28.937
User: NT AUTHORITY\SYSTEM"
MY-CAL-WIN10.my-caldera.local,11,"File created:
RuleName: DLL
UtcTime: 2024-08-20 00:52:28.965
ProcessGuid: {ca24abc9-e8b7-66c3-8309-000000001d00}
ProcessId: 804
Image: C:\Windows\system32\msiexec.exe
TargetFilename: C:\Program Files\Oracle\VirtualBox\VBoxRes.dll
CreationUtcTime: 2024-08-20 00:52:28.964
User: NT AUTHORITY\SYSTEM"
MY-CAL-WIN10.my-caldera.local,11,"File created:
RuleName: DLL
UtcTime: 2024-08-20 00:52:28.998
ProcessGuid: {ca24abc9-e8b7-66c3-8309-000000001d00}
ProcessId: 804
Image: C:\Windows\system32\msiexec.exe
TargetFilename: C:\Program Files\Oracle\VirtualBox\VBoxRT.dll
CreationUtcTime: 2024-08-20 00:52:28.998
User: NT AUTHORITY\SYSTEM"
MY-CAL-WIN10.my-caldera.local,11,"File created:
RuleName: DLL
UtcTime: 2024-08-20 00:52:29.243
ProcessGuid: {ca24abc9-e8b7-66c3-8309-000000001d00}
ProcessId: 804
Image: C:\Windows\system32\msiexec.exe
TargetFilename: C:\Program Files\Oracle\VirtualBox\VBoxSDL.dll
CreationUtcTime: 2024-08-20 00:52:29.243
User: NT AUTHORITY\SYSTEM"
MY-CAL-WIN10.my-caldera.local,11,"File created:
RuleName: EXE
UtcTime: 2024-08-20 00:52:29.261
ProcessGuid: {ca24abc9-e8b7-66c3-8309-000000001d00}
ProcessId: 804
Image: C:\Windows\system32\msiexec.exe
TargetFilename: C:\Program Files\Oracle\VirtualBox\VBoxSDL.exe
CreationUtcTime: 2024-08-20 00:52:29.260
User: NT AUTHORITY\SYSTEM"
MY-CAL-WIN10.my-caldera.local,11,"File created:
RuleName: DLL
UtcTime: 2024-08-20 00:52:29.298
ProcessGuid: {ca24abc9-e8b7-66c3-8309-000000001d00}
ProcessId: 804
Image: C:\Windows\system32\msiexec.exe
TargetFilename: C:\Program Files\Oracle\VirtualBox\VBoxSharedClipboard.dll
CreationUtcTime: 2024-08-20 00:52:29.298
User: NT AUTHORITY\SYSTEM"
MY-CAL-WIN10.my-caldera.local,11,"File created:
RuleName: DLL
UtcTime: 2024-08-20 00:52:29.434
ProcessGuid: {ca24abc9-e8b7-66c3-8309-000000001d00}
ProcessId: 804
Image: C:\Windows\system32\msiexec.exe
TargetFilename: C:\Program Files\Oracle\VirtualBox\VBoxSharedCrOpenGL.dll
CreationUtcTime: 2024-08-20 00:52:29.430
User: NT AUTHORITY\SYSTEM"
MY-CAL-WIN10.my-caldera.local,11,"File created:
RuleName: DLL
UtcTime: 2024-08-20 00:52:29.524
ProcessGuid: {ca24abc9-e8b7-66c3-8309-000000001d00}
ProcessId: 804
Image: C:\Windows\system32\msiexec.exe
TargetFilename: C:\Program Files\Oracle\VirtualBox\VBoxSharedFolders.dll
CreationUtcTime: 2024-08-20 00:52:29.523
User: NT AUTHORITY\SYSTEM"
MY-CAL-WIN10.my-caldera.local,11,"File created:
RuleName: DLL
UtcTime: 2024-08-20 00:52:29.530
ProcessGuid: {ca24abc9-e8b7-66c3-8309-000000001d00}
ProcessId: 804
Image: C:\Windows\system32\msiexec.exe
TargetFilename: C:\Program Files\Oracle\VirtualBox\VBoxSupLib.dll
CreationUtcTime: 2024-08-20 00:52:29.530
User: NT AUTHORITY\SYSTEM"
MY-CAL-WIN10.my-caldera.local,11,"File created:
RuleName: EXE
UtcTime: 2024-08-20 00:52:29.536
ProcessGuid: {ca24abc9-e8b7-66c3-8309-000000001d00}
ProcessId: 804
Image: C:\Windows\system32\msiexec.exe
TargetFilename: C:\Program Files\Oracle\VirtualBox\VBoxTestOGL.exe
CreationUtcTime: 2024-08-20 00:52:29.536
User: NT AUTHORITY\SYSTEM"
MY-CAL-WIN10.my-caldera.local,11,"File created:
RuleName: Sysmonv1514
UtcTime: 2024-08-20 00:52:29.707
ProcessGuid: {ca24abc9-e8b7-66c3-8309-000000001d00}
ProcessId: 804
Image: C:\Windows\system32\msiexec.exe
TargetFilename: C:\Program Files\Oracle\VirtualBox\drivers\USB\device\VBoxUSB.sys
CreationUtcTime: 2024-08-20 00:52:29.706
User: NT AUTHORITY\SYSTEM"
MY-CAL-WIN10.my-caldera.local,11,"File created:
RuleName: Sysmonv1514
UtcTime: 2024-08-20 00:52:29.735
ProcessGuid: {ca24abc9-e8b7-66c3-8309-000000001d00}
ProcessId: 804
Image: C:\Windows\system32\msiexec.exe
TargetFilename: C:\Program Files\Oracle\VirtualBox\drivers\USB\filter\VBoxUSBMon.sys
CreationUtcTime: 2024-08-20 00:52:29.735
User: NT AUTHORITY\SYSTEM"
MY-CAL-WIN10.my-caldera.local,11,"File created:
RuleName: DLL
UtcTime: 2024-08-20 00:52:29.750
ProcessGuid: {ca24abc9-e8b7-66c3-8309-000000001d00}
ProcessId: 804
Image: C:\Windows\system32\msiexec.exe
TargetFilename: C:\Program Files\Oracle\VirtualBox\VBoxVMM.dll
CreationUtcTime: 2024-08-20 00:52:29.750
User: NT AUTHORITY\SYSTEM"
MY-CAL-WIN10.my-caldera.local,11,"File created:
RuleName: EXE
UtcTime: 2024-08-20 00:52:29.851
ProcessGuid: {ca24abc9-e8b7-66c3-8309-000000001d00}
ProcessId: 804
Image: C:\Windows\system32\msiexec.exe
TargetFilename: C:\Program Files\Oracle\VirtualBox\VBoxWebSrv.exe
CreationUtcTime: 2024-08-20 00:52:29.850
User: NT AUTHORITY\SYSTEM"
