RuleName: -
EventType: CreatePipe
UtcTime: 2024-08-20 23:09:32.171
ProcessGuid: {ca24abc9-221a-66c5-5c9b-000000001900}
ProcessId: 1344
PipeName: \LOCAL\mojo.1344.27896.16175451013386642959
Image: C:\Program Files (x86)\Microsoft\Edge\Application\msedge.exe
User: MY-CALDERA\johnny.douche"
5574,MY-CAL-WIN10.my-caldera.local,17,"Pipe Created:
RuleName: -
EventType: CreatePipe
UtcTime: 2024-08-20 23:09:32.250
ProcessGuid: {ca24abc9-221a-66c5-5c9b-000000001900}
ProcessId: 1344
PipeName: \LOCAL\mojo.1344.27896.147238364744924567
Image: C:\Program Files (x86)\Microsoft\Edge\Application\msedge.exe
User: MY-CALDERA\johnny.douche"
5575,MY-CAL-WIN10.my-caldera.local,17,"Pipe Created:
RuleName: -
EventType: CreatePipe
UtcTime: 2024-08-20 23:09:32.308
ProcessGuid: {ca24abc9-221a-66c5-5c9b-000000001900}
ProcessId: 1344
PipeName: \LOCAL\mojo.1344.27896.5058233798820454373
Image: C:\Program Files (x86)\Microsoft\Edge\Application\msedge.exe
User: MY-CALDERA\johnny.douche"
5576,MY-CAL-WIN10.my-caldera.local,17,"Pipe Created:
RuleName: -
EventType: CreatePipe
UtcTime: 2024-08-20 23:09:32.262
ProcessGuid: {ca24abc9-221a-66c5-5c9b-000000001900}
ProcessId: 1344
PipeName: \LOCAL\mojo.1344.27896.1823393189894219013
Image: C:\Program Files (x86)\Microsoft\Edge\Application\msedge.exe
User: MY-CALDERA\johnny.douche"
5577,MY-CAL-WIN10.my-caldera.local,17,"Pipe Created:
RuleName: -
EventType: CreatePipe
UtcTime: 2024-08-20 23:09:32.626
ProcessGuid: {ca24abc9-221a-66c5-5c9b-000000001900}
ProcessId: 1344
PipeName: \LOCAL\mojo.1344.27896.17549399727456928185
Image: C:\Program Files (x86)\Microsoft\Edge\Application\msedge.exe
User: MY-CALDERA\johnny.douche"
5578,MY-CAL-WIN10.my-caldera.local,17,"Pipe Created:
RuleName: -
EventType: CreatePipe
UtcTime: 2024-08-20 23:10:46.230
ProcessGuid: {ca24abc9-221a-66c5-5c9b-000000001900}
ProcessId: 1344
PipeName: \LOCAL\mojo.1344.27896.8718352073934012714
Image: C:\Program Files (x86)\Microsoft\Edge\Application\msedge.exe
User: MY-CALDERA\johnny.douche"
5579,MY-CAL-WIN10.my-caldera.local,17,"Pipe Created:
RuleName: -
EventType: CreatePipe
UtcTime: 2024-08-20 23:09:31.113
ProcessGuid: {ca24abc9-221a-66c5-5c9b-000000001900}
ProcessId: 1344
PipeName: \LOCAL\mojo.1344.27896.10381850467138675109
Image: C:\Program Files (x86)\Microsoft\Edge\Application\msedge.exe
User: MY-CALDERA\johnny.douche"
5580,MY-CAL-WIN10.my-caldera.local,17,"Pipe Created:
RuleName: -
EventType: CreatePipe
UtcTime: 2024-08-20 23:09:31.667
ProcessGuid: {ca24abc9-221a-66c5-5c9b-000000001900}
ProcessId: 1344
PipeName: \LOCAL\mojo.1344.18348.6853768034481360345
Image: C:\Program Files (x86)\Microsoft\Edge\Application\msedge.exe
User: MY-CALDERA\johnny.douche"
5581,MY-CAL-WIN10.my-caldera.local,17,"Pipe Created:
RuleName: -
EventType: CreatePipe
UtcTime: 2024-08-20 23:09:32.031
ProcessGuid: {ca24abc9-221a-66c5-5c9b-000000001900}
ProcessId: 1344
PipeName: \LOCAL\mojo.1344.27896.7750486959940343666
Image: C:\Program Files (x86)\Microsoft\Edge\Application\msedge.exe
User: MY-CALDERA\johnny.douche"
5582,MY-CAL-WIN10.my-caldera.local,17,"Pipe Created:
RuleName: -
EventType: CreatePipe
UtcTime: 2024-08-20 23:10:54.773
ProcessGuid: {ca24abc9-221a-66c5-5c9b-000000001900}
ProcessId: 1344
PipeName: \LOCAL\mojo.1344.27896.9718354452526324291
Image: C:\Program Files (x86)\Microsoft\Edge\Application\msedge.exe
User: MY-CALDERA\johnny.douche"
5583,MY-CAL-WIN10.my-caldera.local,17,"Pipe Created:
RuleName: -
EventType: CreatePipe
UtcTime: 2024-08-20 23:19:32.034
ProcessGuid: {ca24abc9-221a-66c5-5c9b-000000001900}
ProcessId: 1344
PipeName: \LOCAL\mojo.1344.27896.16458167665261005255
Image: C:\Program Files (x86)\Microsoft\Edge\Application\msedge.exe
User: MY-CALDERA\johnny.douche"
5584,MY-CAL-WIN10.my-caldera.local,17,"Pipe Created:
RuleName: -
EventType: CreatePipe
UtcTime: 2024-08-20 23:19:41.719
ProcessGuid: {ca24abc9-221a-66c5-5c9b-000000001900}
ProcessId: 1344
PipeName: \LOCAL\mojo.1344.27604.3212378536990138659
Image: C:\Program Files (x86)\Microsoft\Edge\Application\msedge.exe
User: MY-CALDERA\johnny.douche"
5585,MY-CAL-WIN10.my-caldera.local,17,"Pipe Created:
RuleName: -
EventType: CreatePipe
UtcTime: 2024-08-20 23:09:59.465
ProcessGuid: {ca24abc9-221a-66c5-5c9b-000000001900}
ProcessId: 1344
PipeName: \LOCAL\mojo.1344.27896.5358348019108271938
Image: C:\Program Files (x86)\Microsoft\Edge\Application\msedge.exe
User: MY-CALDERA\johnny.douche"
5586,MY-CAL-WIN10.my-caldera.local,17,"Pipe Created:
RuleName: -
EventType: CreatePipe
UtcTime: 2024-08-20 23:09:59.471
ProcessGuid: {ca24abc9-221a-66c5-5c9b-000000001900}
ProcessId: 1344
PipeName: \LOCAL\mojo.1344.27896.10198732825741071342
Image: C:\Program Files (x86)\Microsoft\Edge\Application\msedge.exe
User: MY-CALDERA\johnny.douche"
5587,MY-CAL-WIN10.my-caldera.local,17,"Pipe Created:
RuleName: -
EventType: CreatePipe
UtcTime: 2024-08-20 23:09:59.526
ProcessGuid: {ca24abc9-221a-66c5-5c9b-000000001900}
ProcessId: 1344
PipeName: \LOCAL\mojo.1344.27896.12556275770285219625
Image: C:\Program Files (x86)\Microsoft\Edge\Application\msedge.exe
User: MY-CALDERA\johnny.douche"
5588,MY-CAL-WIN10.my-caldera.local,17,"Pipe Created:
RuleName: -
EventType: CreatePipe
UtcTime: 2024-08-20 23:11:29.457
ProcessGuid: {ca24abc9-221a-66c5-5c9b-000000001900}
ProcessId: 1344
PipeName: \LOCAL\mojo.1344.27896.3442318092577915348
Image: C:\Program Files (x86)\Microsoft\Edge\Application\msedge.exe
User: MY-CALDERA\johnny.douche"