RuleName: -
EventType: CreatePipe
UtcTime: 2024-08-20 02:15:24.129
ProcessGuid: {ca24abc9-fc38-66c3-be13-000000001d00}
ProcessId: 6004
PipeName: \PSHost.133685937209553080.6004.DefaultAppDomain.powershell
Image: C:\Windows\System32\WindowsPowerShell\v1.0\powershell.exe
User: MY-CALDERA\johnny.douche"
2571,MY-CAL-WIN10.my-caldera.local,17,"Pipe Created:
RuleName: -
EventType: CreatePipe
UtcTime: 2024-08-20 02:17:50.286
ProcessGuid: {ca24abc9-fcce-66c3-cc13-000000001d00}
ProcessId: 11660
PipeName: \PSHost.133685938700831736.11660.DefaultAppDomain.powershell
Image: C:\Windows\System32\WindowsPowerShell\v1.0\powershell.exe
User: MY-CALDERA\johnny.douche"
2572,MY-CAL-WIN10.my-caldera.local,17,"Pipe Created:
RuleName: -
EventType: CreatePipe
UtcTime: 2024-08-20 02:17:50.081
ProcessGuid: {ca24abc9-dc4c-66c3-9501-000000001d00}
ProcessId: 8332
PipeName: <Anonymous Pipe>
Image: C:\Windows\System32\WindowsPowerShell\v1.0\powershell.exe
User: MY-CALDERA\johnny.douche"
2573,MY-CAL-WIN10.my-caldera.local,17,"Pipe Created:
RuleName: -
EventType: CreatePipe
UtcTime: 2024-08-20 02:17:50.081
ProcessGuid: {ca24abc9-dc4c-66c3-9501-000000001d00}
ProcessId: 8332
PipeName: <Anonymous Pipe>
Image: C:\Windows\System32\WindowsPowerShell\v1.0\powershell.exe
User: MY-CALDERA\johnny.douche"
2574,MY-CAL-WIN10.my-caldera.local,17,"Pipe Created:
RuleName: -
EventType: CreatePipe
UtcTime: 2024-08-20 02:20:20.793
ProcessGuid: {ca24abc9-dc4c-66c3-9501-000000001d00}
ProcessId: 8332
PipeName: <Anonymous Pipe>
Image: C:\Windows\System32\WindowsPowerShell\v1.0\powershell.exe
User: MY-CALDERA\johnny.douche"
2575,MY-CAL-WIN10.my-caldera.local,17,"Pipe Created:
RuleName: -
EventType: CreatePipe
UtcTime: 2024-08-20 02:20:20.793
ProcessGuid: {ca24abc9-dc4c-66c3-9501-000000001d00}
ProcessId: 8332
PipeName: <Anonymous Pipe>
Image: C:\Windows\System32\WindowsPowerShell\v1.0\powershell.exe
User: MY-CALDERA\johnny.douche"
2576,MY-CAL-WIN10.my-caldera.local,17,"Pipe Created:
RuleName: -
EventType: CreatePipe
UtcTime: 2024-08-20 02:20:20.378
ProcessGuid: {ca24abc9-dc4c-66c3-9501-000000001d00}
ProcessId: 8332
PipeName: <Anonymous Pipe>
Image: C:\Windows\System32\WindowsPowerShell\v1.0\powershell.exe
User: MY-CALDERA\johnny.douche"
2577,MY-CAL-WIN10.my-caldera.local,17,"Pipe Created:
RuleName: -
EventType: CreatePipe
UtcTime: 2024-08-20 02:20:20.378
ProcessGuid: {ca24abc9-dc4c-66c3-9501-000000001d00}
ProcessId: 8332
PipeName: <Anonymous Pipe>
Image: C:\Windows\System32\WindowsPowerShell\v1.0\powershell.exe
User: MY-CALDERA\johnny.douche"
2578,MY-CAL-WIN10.my-caldera.local,17,"Pipe Created:
RuleName: -
EventType: CreatePipe
UtcTime: 2024-08-20 02:22:43.575
ProcessGuid: {ca24abc9-dc4c-66c3-9501-000000001d00}
ProcessId: 8332
PipeName: <Anonymous Pipe>
Image: C:\Windows\System32\WindowsPowerShell\v1.0\powershell.exe
User: MY-CALDERA\johnny.douche"
2579,MY-CAL-WIN10.my-caldera.local,17,"Pipe Created:
RuleName: -
EventType: CreatePipe
UtcTime: 2024-08-20 02:22:43.575
ProcessGuid: {ca24abc9-dc4c-66c3-9501-000000001d00}
ProcessId: 8332
PipeName: <Anonymous Pipe>
Image: C:\Windows\System32\WindowsPowerShell\v1.0\powershell.exe
User: MY-CALDERA\johnny.douche"
2580,MY-CAL-WIN10.my-caldera.local,17,"Pipe Created:
RuleName: -
EventType: CreatePipe
UtcTime: 2024-08-20 02:23:07.307
ProcessGuid: {ca24abc9-dc4c-66c3-9501-000000001d00}
ProcessId: 8332
PipeName: <Anonymous Pipe>
Image: C:\Windows\System32\WindowsPowerShell\v1.0\powershell.exe
User: MY-CALDERA\johnny.douche"
2581,MY-CAL-WIN10.my-caldera.local,17,"Pipe Created:
RuleName: -
EventType: CreatePipe
UtcTime: 2024-08-20 02:23:07.308
ProcessGuid: {ca24abc9-dc4c-66c3-9501-000000001d00}
ProcessId: 8332
PipeName: <Anonymous Pipe>
Image: C:\Windows\System32\WindowsPowerShell\v1.0\powershell.exe
User: MY-CALDERA\johnny.douche"
2582,MY-CAL-WIN10.my-caldera.local,17,"Pipe Created:
RuleName: -
EventType: CreatePipe
UtcTime: 2024-08-20 02:23:44.667
ProcessGuid: {ca24abc9-fe30-66c3-da15-000000001d00}
ProcessId: 9844
PipeName: \PSHost.133685942242992984.9844.DefaultAppDomain.powershell
Image: C:\Windows\System32\WindowsPowerShell\v1.0\powershell.exe
User: MY-CALDERA\johnny.douche"
2583,MY-CAL-WIN10.my-caldera.local,17,"Pipe Created:
RuleName: -
EventType: CreatePipe
UtcTime: 2024-08-20 02:23:45.365
ProcessGuid: {ca24abc9-dc4c-66c3-9501-000000001d00}
ProcessId: 8332
PipeName: <Anonymous Pipe>
Image: C:\Windows\System32\WindowsPowerShell\v1.0\powershell.exe
User: MY-CALDERA\johnny.douche"
2584,MY-CAL-WIN10.my-caldera.local,17,"Pipe Created:
RuleName: -
EventType: CreatePipe
UtcTime: 2024-08-20 02:23:45.365
ProcessGuid: {ca24abc9-dc4c-66c3-9501-000000001d00}
ProcessId: 8332
PipeName: <Anonymous Pipe>
Image: C:\Windows\System32\WindowsPowerShell\v1.0\powershell.exe
User: MY-CALDERA\johnny.douche"
2585,MY-CAL-WIN10.my-caldera.local,17,"Pipe Created:
RuleName: -
EventType: CreatePipe
UtcTime: 2024-08-20 02:24:11.957
ProcessGuid: {ca24abc9-dc4c-66c3-9501-000000001d00}
ProcessId: 8332
PipeName: <Anonymous Pipe>
Image: C:\Windows\System32\WindowsPowerShell\v1.0\powershell.exe
User: MY-CALDERA\johnny.douche"
2586,MY-CAL-WIN10.my-caldera.local,17,"Pipe Created:
RuleName: -
EventType: CreatePipe
UtcTime: 2024-08-20 02:24:11.957
ProcessGuid: {ca24abc9-dc4c-66c3-9501-000000001d00}
ProcessId: 8332
PipeName: <Anonymous Pipe>
Image: C:\Windows\System32\WindowsPowerShell\v1.0\powershell.exe
User: MY-CALDERA\johnny.douche"
2587,MY-CAL-WIN10.my-caldera.local,17,"Pipe Created:
RuleName: -
EventType: CreatePipe
UtcTime: 2024-08-20 02:24:12.326
ProcessGuid: {ca24abc9-fe4b-66c3-e515-000000001d00}
ProcessId: 16228
PipeName: \PSHost.133685942519588571.16228.DefaultAppDomain.powershell
Image: C:\Windows\System32\WindowsPowerShell\v1.0\powershell.exe
User: MY-CALDERA\johnny.douche"
2588,MY-CAL-WIN10.my-caldera.local,17,"Pipe Created:
RuleName: -
EventType: CreatePipe
UtcTime: 2024-08-20 02:28:03.336
ProcessGuid: {ca24abc9-dc4c-66c3-9501-000000001d00}
ProcessId: 8332
PipeName: <Anonymous Pipe>
Image: C:\Windows\System32\WindowsPowerShell\v1.0\powershell.exe
User: MY-CALDERA\johnny.douche"
2589,MY-CAL-WIN10.my-caldera.local,17,"Pipe Created:
RuleName: -
EventType: CreatePipe
UtcTime: 2024-08-20 02:28:03.336
ProcessGuid: {ca24abc9-dc4c-66c3-9501-000000001d00}
ProcessId: 8332
PipeName: <Anonymous Pipe>
Image: C:\Windows\System32\WindowsPowerShell\v1.0\powershell.exe
User: MY-CALDERA\johnny.douche"
2590,MY-CAL-WIN10.my-caldera.local,17,"Pipe Created:
RuleName: -
EventType: CreatePipe
UtcTime: 2024-08-20 02:28:03.691
ProcessGuid: {ca24abc9-ff33-66c3-0316-000000001d00}
ProcessId: 9428
PipeName: \PSHost.133685944833378228.9428.DefaultAppDomain.powershell
Image: C:\Windows\System32\WindowsPowerShell\v1.0\powershell.exe
User: MY-CALDERA\johnny.douche"
2591,MY-CAL-WIN10.my-caldera.local,17,"Pipe Created:
RuleName: -
EventType: CreatePipe
UtcTime: 2024-08-20 02:28:14.851
ProcessGuid: {ca24abc9-dc4c-66c3-9501-000000001d00}
ProcessId: 8332
PipeName: <Anonymous Pipe>
Image: C:\Windows\System32\WindowsPowerShell\v1.0\powershell.exe
User: MY-CALDERA\johnny.douche"
2592,MY-CAL-WIN10.my-caldera.local,17,"Pipe Created:
RuleName: -
EventType: CreatePipe
UtcTime: 2024-08-20 02:28:15.065
ProcessGuid: {ca24abc9-ff3e-66c3-1816-000000001d00}
ProcessId: 8368
PipeName: \PSHost.133685944948537031.8368.DefaultAppDomain.powershell
Image: C:\Windows\System32\WindowsPowerShell\v1.0\powershell.exe
User: MY-CALDERA\johnny.douche"
2593,MY-CAL-WIN10.my-caldera.local,17,"Pipe Created:
RuleName: -
EventType: CreatePipe
UtcTime: 2024-08-20 02:28:14.851
ProcessGuid: {ca24abc9-dc4c-66c3-9501-000000001d00}
ProcessId: 8332
PipeName: <Anonymous Pipe>
Image: C:\Windows\System32\WindowsPowerShell\v1.0\powershell.exe
User: MY-CALDERA\johnny.douche"
2594,MY-CAL-WIN10.my-caldera.local,17,"Pipe Created:
RuleName: -
EventType: CreatePipe
UtcTime: 2024-08-20 02:28:26.093
ProcessGuid: {ca24abc9-dc4c-66c3-9501-000000001d00}
ProcessId: 8332
PipeName: <Anonymous Pipe>
Image: C:\Windows\System32\WindowsPowerShell\v1.0\powershell.exe
User: MY-CALDERA\johnny.douche"
2595,MY-CAL-WIN10.my-caldera.local,17,"Pipe Created:
RuleName: -
EventType: CreatePipe
UtcTime: 2024-08-20 02:28:26.094
ProcessGuid: {ca24abc9-dc4c-66c3-9501-000000001d00}
ProcessId: 8332
PipeName: <Anonymous Pipe>
Image: C:\Windows\System32\WindowsPowerShell\v1.0\powershell.exe
User: MY-CALDERA\johnny.douche"
2596,MY-CAL-WIN10.my-caldera.local,17,"Pipe Created:
RuleName: -
EventType: CreatePipe
UtcTime: 2024-08-20 02:46:27.043
ProcessGuid: {ca24abc9-0382-66c4-dd17-000000001d00}
ProcessId: 6928
PipeName: \PSHost.133685955868260932.6928.DefaultAppDomain.powershell
Image: C:\Windows\System32\WindowsPowerShell\v1.0\powershell.exe
User: MY-CALDERA\johnny.douche"
2597,MY-CAL-WIN10.my-caldera.local,17,"Pipe Created:
RuleName: -
EventType: CreatePipe
UtcTime: 2024-08-20 02:46:27.299
ProcessGuid: {ca24abc9-0382-66c4-dd17-000000001d00}
ProcessId: 6928
PipeName: <Anonymous Pipe>
Image: C:\Windows\System32\WindowsPowerShell\v1.0\powershell.exe
User: MY-CALDERA\johnny.douche"
2598,MY-CAL-WIN10.my-caldera.local,17,"Pipe Created:
RuleName: -
EventType: CreatePipe
UtcTime: 2024-08-20 02:49:09.794
ProcessGuid: {ca24abc9-dc4c-66c3-9501-000000001d00}
ProcessId: 8332
PipeName: <Anonymous Pipe>
Image: C:\Windows\System32\WindowsPowerShell\v1.0\powershell.exe
User: MY-CALDERA\johnny.douche"
2599,MY-CAL-WIN10.my-caldera.local,17,"Pipe Created:
RuleName: -
EventType: CreatePipe
UtcTime: 2024-08-20 02:49:09.794
ProcessGuid: {ca24abc9-dc4c-66c3-9501-000000001d00}
ProcessId: 8332
PipeName: <Anonymous Pipe>
Image: C:\Windows\System32\WindowsPowerShell\v1.0\powershell.exe
User: MY-CALDERA\johnny.douche"
2600,MY-CAL-WIN10.my-caldera.local,17,"Pipe Created:
RuleName: -
EventType: CreatePipe
UtcTime: 2024-08-20 02:49:10.234
ProcessGuid: {ca24abc9-0425-66c4-0818-000000001d00}
ProcessId: 5212
PipeName: \PSHost.133685957497960917.5212.DefaultAppDomain.powershell
Image: C:\Windows\System32\WindowsPowerShell\v1.0\powershell.exe
User: MY-CALDERA\johnny.douche"
2601,MY-CAL-WIN10.my-caldera.local,17,"Pipe Created:
RuleName: -
EventType: CreatePipe
UtcTime: 2024-08-20 02:53:34.348
ProcessGuid: {ca24abc9-052d-66c4-5f18-000000001d00}
ProcessId: 16376
PipeName: \PSHost.133685960139984213.16376.DefaultAppDomain.powershell
Image: C:\Windows\System32\WindowsPowerShell\v1.0\powershell.exe
User: MY-CALDERA\johnny.douche"
2602,MY-CAL-WIN10.my-caldera.local,17,"Pipe Created:
RuleName: -
EventType: CreatePipe
UtcTime: 2024-08-20 02:53:33.997
ProcessGuid: {ca24abc9-dc4c-66c3-9501-000000001d00}
ProcessId: 8332
PipeName: <Anonymous Pipe>
Image: C:\Windows\System32\WindowsPowerShell\v1.0\powershell.exe
User: MY-CALDERA\johnny.douche"
2603,MY-CAL-WIN10.my-caldera.local,17,"Pipe Created:
RuleName: -
EventType: CreatePipe
UtcTime: 2024-08-20 02:53:33.997
ProcessGuid: {ca24abc9-dc4c-66c3-9501-000000001d00}
ProcessId: 8332
PipeName: <Anonymous Pipe>
Image: C:\Windows\System32\WindowsPowerShell\v1.0\powershell.exe
User: MY-CALDERA\johnny.douche"
2604,MY-CAL-WIN10.my-caldera.local,17,"Pipe Created:
RuleName: -
EventType: CreatePipe
UtcTime: 2024-08-20 02:53:37.249
ProcessGuid: {ca24abc9-dc4c-66c3-9501-000000001d00}
ProcessId: 8332
PipeName: <Anonymous Pipe>
Image: C:\Windows\System32\WindowsPowerShell\v1.0\powershell.exe
User: MY-CALDERA\johnny.douche"
2605,MY-CAL-WIN10.my-caldera.local,17,"Pipe Created:
RuleName: -
EventType: CreatePipe
UtcTime: 2024-08-20 02:53:37.249
ProcessGuid: {ca24abc9-dc4c-66c3-9501-000000001d00}
ProcessId: 8332
PipeName: <Anonymous Pipe>
Image: C:\Windows\System32\WindowsPowerShell\v1.0\powershell.exe
User: MY-CALDERA\johnny.douche"
2606,MY-CAL-WIN10.my-caldera.local,17,"Pipe Created:
RuleName: -
EventType: CreatePipe
UtcTime: 2024-08-20 02:53:37.469
ProcessGuid: {ca24abc9-0531-66c4-6a18-000000001d00}
ProcessId: 15396
PipeName: \PSHost.133685960172509453.15396.DefaultAppDomain.powershell
Image: C:\Windows\System32\WindowsPowerShell\v1.0\powershell.exe
User: MY-CALDERA\johnny.douche"
2607,MY-CAL-WIN10.my-caldera.local,17,"Pipe Created:
RuleName: -
EventType: CreatePipe
UtcTime: 2024-08-20 02:53:38.195
ProcessGuid: {ca24abc9-dc4c-66c3-9501-000000001d00}
ProcessId: 8332
PipeName: <Anonymous Pipe>
Image: C:\Windows\System32\WindowsPowerShell\v1.0\powershell.exe
User: MY-CALDERA\johnny.douche"
2608,MY-CAL-WIN10.my-caldera.local,17,"Pipe Created:
RuleName: -
EventType: CreatePipe
UtcTime: 2024-08-20 02:53:38.196
ProcessGuid: {ca24abc9-dc4c-66c3-9501-000000001d00}
ProcessId: 8332
PipeName: <Anonymous Pipe>
Image: C:\Windows\System32\WindowsPowerShell\v1.0\powershell.exe
User: MY-CALDERA\johnny.douche"
2609,MY-CAL-WIN10.my-caldera.local,17,"Pipe Created:
RuleName: -
EventType: CreatePipe
UtcTime: 2024-08-20 02:46:26.364
ProcessGuid: {ca24abc9-dc4c-66c3-9501-000000001d00}
ProcessId: 8332
PipeName: <Anonymous Pipe>
Image: C:\Windows\System32\WindowsPowerShell\v1.0\powershell.exe
User: MY-CALDERA\johnny.douche"
2610,MY-CAL-WIN10.my-caldera.local,17,"Pipe Created:
RuleName: -
EventType: CreatePipe
UtcTime: 2024-08-20 02:46:26.363
ProcessGuid: {ca24abc9-dc4c-66c3-9501-000000001d00}
ProcessId: 8332
PipeName: <Anonymous Pipe>
Image: C:\Windows\System32\WindowsPowerShell\v1.0\powershell.exe
User: MY-CALDERA\johnny.douche"
2611,MY-CAL-WIN10.my-caldera.local,17,"Pipe Created:
RuleName: -
EventType: CreatePipe
UtcTime: 2024-08-20 02:46:26.465
ProcessGuid: {ca24abc9-0382-66c4-d817-000000001d00}
ProcessId: 15628
PipeName: <Anonymous Pipe>
Image: C:\Windows\system32\cmd.exe
User: MY-CALDERA\johnny.douche"
2612,MY-CAL-WIN10.my-caldera.local,17,"Pipe Created:
RuleName: -
EventType: CreatePipe
UtcTime: 2024-08-20 02:46:26.824
ProcessGuid: {ca24abc9-dc4c-66c3-9501-000000001d00}
ProcessId: 8332
PipeName: <Anonymous Pipe>
Image: C:\Windows\System32\WindowsPowerShell\v1.0\powershell.exe
User: MY-CALDERA\johnny.douche"
2613,MY-CAL-WIN10.my-caldera.local,17,"Pipe Created:
RuleName: -
EventType: CreatePipe
UtcTime: 2024-08-20 02:46:26.824
ProcessGuid: {ca24abc9-dc4c-66c3-9501-000000001d00}
ProcessId: 8332
PipeName: <Anonymous Pipe>
Image: C:\Windows\System32\WindowsPowerShell\v1.0\powershell.exe
User: MY-CALDERA\johnny.douche"
2614,MY-CAL-WIN10.my-caldera.local,17,"Pipe Created:
RuleName: -
EventType: CreatePipe
UtcTime: 2024-08-20 02:46:42.848
ProcessGuid: {ca24abc9-dc4c-66c3-9501-000000001d00}
ProcessId: 8332
PipeName: <Anonymous Pipe>
Image: C:\Windows\System32\WindowsPowerShell\v1.0\powershell.exe
User: MY-CALDERA\johnny.douche"
2615,MY-CAL-WIN10.my-caldera.local,17,"Pipe Created:
RuleName: -
EventType: CreatePipe
UtcTime: 2024-08-20 02:46:42.848
ProcessGuid: {ca24abc9-dc4c-66c3-9501-000000001d00}
ProcessId: 8332
PipeName: <Anonymous Pipe>
Image: C:\Windows\System32\WindowsPowerShell\v1.0\powershell.exe
User: MY-CALDERA\johnny.douche"
2616,MY-CAL-WIN10.my-caldera.local,17,"Pipe Created:
RuleName: -
EventType: CreatePipe
UtcTime: 2024-08-20 02:46:42.932
ProcessGuid: {ca24abc9-0392-66c4-e217-000000001d00}
ProcessId: 784
PipeName: <Anonymous Pipe>
Image: C:\Windows\system32\cmd.exe
User: MY-CALDERA\johnny.douche"
2617,MY-CAL-WIN10.my-caldera.local,17,"Pipe Created:
RuleName: -
EventType: CreatePipe
UtcTime: 2024-08-20 02:48:48.909
ProcessGuid: {ca24abc9-040e-66c4-ea17-000000001d00}
ProcessId: 11476
PipeName: \PSHost.133685957263541302.11476.DefaultAppDomain.powershell
Image: C:\Windows\System32\WindowsPowerShell\v1.0\powershell.exe
User: MY-CALDERA\johnny.douche"
2618,MY-CAL-WIN10.my-caldera.local,17,"Pipe Created:
RuleName: -
EventType: CreatePipe
UtcTime: 2024-08-20 02:49:08.190
ProcessGuid: {ca24abc9-dc4c-66c3-9501-000000001d00}
ProcessId: 8332
PipeName: <Anonymous Pipe>
Image: C:\Windows\System32\WindowsPowerShell\v1.0\powershell.exe
User: MY-CALDERA\johnny.douche"
2619,MY-CAL-WIN10.my-caldera.local,17,"Pipe Created:
RuleName: -
EventType: CreatePipe
UtcTime: 2024-08-20 02:49:08.191
ProcessGuid: {ca24abc9-dc4c-66c3-9501-000000001d00}
ProcessId: 8332
PipeName: <Anonymous Pipe>
Image: C:\Windows\System32\WindowsPowerShell\v1.0\powershell.exe
User: MY-CALDERA\johnny.douche"
2620,MY-CAL-WIN10.my-caldera.local,17,"Pipe Created:
RuleName: -
EventType: CreatePipe
UtcTime: 2024-08-20 02:49:08.681
ProcessGuid: {ca24abc9-dc4c-66c3-9501-000000001d00}
ProcessId: 8332
PipeName: <Anonymous Pipe>
Image: C:\Windows\System32\WindowsPowerShell\v1.0\powershell.exe
User: MY-CALDERA\johnny.douche"
2621,MY-CAL-WIN10.my-caldera.local,17,"Pipe Created:
RuleName: -
EventType: CreatePipe
UtcTime: 2024-08-20 02:49:08.681
ProcessGuid: {ca24abc9-dc4c-66c3-9501-000000001d00}
ProcessId: 8332
PipeName: <Anonymous Pipe>
Image: C:\Windows\System32\WindowsPowerShell\v1.0\powershell.exe
User: MY-CALDERA\johnny.douche"
2622,MY-CAL-WIN10.my-caldera.local,17,"Pipe Created:
RuleName: -
EventType: CreatePipe
UtcTime: 2024-08-20 02:51:43.684
ProcessGuid: {ca24abc9-04bf-66c4-3018-000000001d00}
ProcessId: 10268
PipeName: \PSHost.133685959034714353.10268.DefaultAppDomain.powershell
Image: C:\Windows\System32\WindowsPowerShell\v1.0\powershell.exe
User: MY-CALDERA\johnny.douche"
2623,MY-CAL-WIN10.my-caldera.local,17,"Pipe Created:
RuleName: -
EventType: CreatePipe
UtcTime: 2024-08-20 02:51:43.469
ProcessGuid: {ca24abc9-dc4c-66c3-9501-000000001d00}
ProcessId: 8332
PipeName: <Anonymous Pipe>
Image: C:\Windows\System32\WindowsPowerShell\v1.0\powershell.exe
User: MY-CALDERA\johnny.douche"
2624,MY-CAL-WIN10.my-caldera.local,17,"Pipe Created:
RuleName: -
EventType: CreatePipe
UtcTime: 2024-08-20 02:51:43.469
ProcessGuid: {ca24abc9-dc4c-66c3-9501-000000001d00}
ProcessId: 8332
PipeName: <Anonymous Pipe>
Image: C:\Windows\System32\WindowsPowerShell\v1.0\powershell.exe
User: MY-CALDERA\johnny.douche"
2625,MY-CAL-WIN10.my-caldera.local,17,"Pipe Created:
RuleName: -
EventType: CreatePipe
UtcTime: 2024-08-20 02:53:13.155
ProcessGuid: {ca24abc9-dc4c-66c3-9501-000000001d00}
ProcessId: 8332
PipeName: <Anonymous Pipe>
Image: C:\Windows\System32\WindowsPowerShell\v1.0\powershell.exe
User: MY-CALDERA\johnny.douche"
2626,MY-CAL-WIN10.my-caldera.local,17,"Pipe Created:
RuleName: -
EventType: CreatePipe
UtcTime: 2024-08-20 02:53:13.156
ProcessGuid: {ca24abc9-dc4c-66c3-9501-000000001d00}
ProcessId: 8332
PipeName: <Anonymous Pipe>
Image: C:\Windows\System32\WindowsPowerShell\v1.0\powershell.exe
User: MY-CALDERA\johnny.douche"
2627,MY-CAL-WIN10.my-caldera.local,17,"Pipe Created:
RuleName: -
EventType: CreatePipe
UtcTime: 2024-08-20 02:53:13.384
ProcessGuid: {ca24abc9-0519-66c4-4918-000000001d00}
ProcessId: 5452
PipeName: \PSHost.133685959931575097.5452.DefaultAppDomain.powershell
Image: C:\Windows\System32\WindowsPowerShell\v1.0\powershell.exe
User: MY-CALDERA\johnny.douche"
2628,MY-CAL-WIN10.my-caldera.local,17,"Pipe Created:
RuleName: -
EventType: CreatePipe
UtcTime: 2024-08-20 02:53:14.985
ProcessGuid: {ca24abc9-dc4c-66c3-9501-000000001d00}
ProcessId: 8332
PipeName: <Anonymous Pipe>
Image: C:\Windows\System32\WindowsPowerShell\v1.0\powershell.exe
User: MY-CALDERA\johnny.douche"
2629,MY-CAL-WIN10.my-caldera.local,17,"Pipe Created:
RuleName: -
EventType: CreatePipe
UtcTime: 2024-08-20 02:53:14.985
ProcessGuid: {ca24abc9-dc4c-66c3-9501-000000001d00}
ProcessId: 8332
PipeName: <Anonymous Pipe>
Image: C:\Windows\System32\WindowsPowerShell\v1.0\powershell.exe
User: MY-CALDERA\johnny.douche"
2630,MY-CAL-WIN10.my-caldera.local,17,"Pipe Created:
RuleName: -
EventType: CreatePipe
UtcTime: 2024-08-20 02:53:15.850
ProcessGuid: {ca24abc9-dc4c-66c3-9501-000000001d00}
ProcessId: 8332
PipeName: <Anonymous Pipe>
Image: C:\Windows\System32\WindowsPowerShell\v1.0\powershell.exe
User: MY-CALDERA\johnny.douche"
2631,MY-CAL-WIN10.my-caldera.local,17,"Pipe Created:
RuleName: -
EventType: CreatePipe
UtcTime: 2024-08-20 02:53:15.851
ProcessGuid: {ca24abc9-dc4c-66c3-9501-000000001d00}
ProcessId: 8332
PipeName: <Anonymous Pipe>
Image: C:\Windows\System32\WindowsPowerShell\v1.0\powershell.exe
User: MY-CALDERA\johnny.douche"
2632,MY-CAL-WIN10.my-caldera.local,17,"Pipe Created:
RuleName: -
EventType: CreatePipe
UtcTime: 2024-08-20 02:53:19.388
ProcessGuid: {ca24abc9-dc4c-66c3-9501-000000001d00}
ProcessId: 8332
PipeName: <Anonymous Pipe>
Image: C:\Windows\System32\WindowsPowerShell\v1.0\powershell.exe
User: MY-CALDERA\johnny.douche"
2633,MY-CAL-WIN10.my-caldera.local,17,"Pipe Created:
RuleName: -
EventType: CreatePipe
UtcTime: 2024-08-20 02:53:19.388
ProcessGuid: {ca24abc9-dc4c-66c3-9501-000000001d00}
ProcessId: 8332
PipeName: <Anonymous Pipe>
Image: C:\Windows\System32\WindowsPowerShell\v1.0\powershell.exe
User: MY-CALDERA\johnny.douche"
2634,MY-CAL-WIN10.my-caldera.local,17,"Pipe Created:
RuleName: -
EventType: CreatePipe
UtcTime: 2024-08-20 02:53:18.979
ProcessGuid: {ca24abc9-dc4c-66c3-9501-000000001d00}
ProcessId: 8332
PipeName: <Anonymous Pipe>
Image: C:\Windows\System32\WindowsPowerShell\v1.0\powershell.exe
User: MY-CALDERA\johnny.douche"
2635,MY-CAL-WIN10.my-caldera.local,17,"Pipe Created:
RuleName: -
EventType: CreatePipe
UtcTime: 2024-08-20 02:53:18.979
ProcessGuid: {ca24abc9-dc4c-66c3-9501-000000001d00}
ProcessId: 8332
PipeName: <Anonymous Pipe>
Image: C:\Windows\System32\WindowsPowerShell\v1.0\powershell.exe
User: MY-CALDERA\johnny.douche"
2636,MY-CAL-WIN10.my-caldera.local,17,"Pipe Created:
RuleName: -
EventType: CreatePipe
UtcTime: 2024-08-20 02:53:19.726
ProcessGuid: {ca24abc9-051f-66c4-5918-000000001d00}
ProcessId: 3836
PipeName: \PSHost.133685959993901724.3836.DefaultAppDomain.powershell
Image: C:\Windows\System32\WindowsPowerShell\v1.0\powershell.exe
User: MY-CALDERA\johnny.douche"
2637,MY-CAL-WIN10.my-caldera.local,17,"Pipe Created:
RuleName: -
EventType: CreatePipe
UtcTime: 2024-08-20 02:53:59.761
ProcessGuid: {ca24abc9-0547-66c4-8118-000000001d00}
ProcessId: 15584
PipeName: \PSHost.133685960395433481.15584.DefaultAppDomain.powershell
Image: C:\Windows\System32\WindowsPowerShell\v1.0\powershell.exe
User: MY-CALDERA\johnny.douche"
2638,MY-CAL-WIN10.my-caldera.local,17,"Pipe Created:
RuleName: -
EventType: CreatePipe
UtcTime: 2024-08-20 02:53:59.541
ProcessGuid: {ca24abc9-dc4c-66c3-9501-000000001d00}
ProcessId: 8332
PipeName: <Anonymous Pipe>
Image: C:\Windows\System32\WindowsPowerShell\v1.0\powershell.exe
User: MY-CALDERA\johnny.douche"
2639,MY-CAL-WIN10.my-caldera.local,17,"Pipe Created:
RuleName: -
EventType: CreatePipe
UtcTime: 2024-08-20 02:53:59.542
ProcessGuid: {ca24abc9-dc4c-66c3-9501-000000001d00}
ProcessId: 8332
PipeName: <Anonymous Pipe>
Image: C:\Windows\System32\WindowsPowerShell\v1.0\powershell.exe
User: MY-CALDERA\johnny.douche"
2640,MY-CAL-WIN10.my-caldera.local,17,"Pipe Created:
RuleName: -
EventType: CreatePipe
UtcTime: 2024-08-20 01:36:38.093
ProcessGuid: {ca24abc9-f325-66c3-a20f-000000001d00}
ProcessId: 1392
PipeName: \PSHost.133685913977864276.1392.DefaultAppDomain.powershell
Image: C:\Windows\System32\WindowsPowerShell\v1.0\powershell.exe
User: MY-CALDERA\johnny.douche"
2641,MY-CAL-WIN10.my-caldera.local,17,"Pipe Created:
RuleName: -
EventType: CreatePipe
UtcTime: 2024-08-20 01:36:48.226
ProcessGuid: {ca24abc9-dc4c-66c3-9501-000000001d00}
ProcessId: 8332
PipeName: <Anonymous Pipe>
Image: C:\Windows\System32\WindowsPowerShell\v1.0\powershell.exe
User: MY-CALDERA\johnny.douche"
2642,MY-CAL-WIN10.my-caldera.local,17,"Pipe Created:
RuleName: -
EventType: CreatePipe
UtcTime: 2024-08-20 01:36:48.227
ProcessGuid: {ca24abc9-dc4c-66c3-9501-000000001d00}
ProcessId: 8332
PipeName: <Anonymous Pipe>
Image: C:\Windows\System32\WindowsPowerShell\v1.0\powershell.exe
User: MY-CALDERA\johnny.douche"
2643,MY-CAL-WIN10.my-caldera.local,17,"Pipe Created:
RuleName: -
EventType: CreatePipe
UtcTime: 2024-08-20 01:36:48.429
ProcessGuid: {ca24abc9-f330-66c3-b60f-000000001d00}
ProcessId: 10408
PipeName: \PSHost.133685914082291891.10408.DefaultAppDomain.powershell
Image: C:\Windows\System32\WindowsPowerShell\v1.0\powershell.exe
User: MY-CALDERA\johnny.douche"
2644,MY-CAL-WIN10.my-caldera.local,17,"Pipe Created:
RuleName: -
EventType: CreatePipe
UtcTime: 2024-08-20 01:37:05.415
ProcessGuid: {ca24abc9-f33f-66c3-ba0f-000000001d00}
ProcessId: 11184
PipeName: \PSHost.133685914237375981.11184.DefaultAppDomain.powershell
Image: C:\Windows\System32\WindowsPowerShell\v1.0\powershell.exe
User: MY-CALDERA\johnny.douche"
2645,MY-CAL-WIN10.my-caldera.local,17,"Pipe Created:
RuleName: -
EventType: CreatePipe
UtcTime: 2024-08-20 01:37:17.700
ProcessGuid: {ca24abc9-f34d-66c3-d20f-000000001d00}
ProcessId: 4456
PipeName: \PSHost.133685914374778752.4456.DefaultAppDomain.powershell
Image: C:\Windows\System32\WindowsPowerShell\v1.0\powershell.exe
User: MY-CALDERA\johnny.douche"
2646,MY-CAL-WIN10.my-caldera.local,17,"Pipe Created:
RuleName: -
EventType: CreatePipe
UtcTime: 2024-08-20 01:37:17.475
ProcessGuid: {ca24abc9-dc4c-66c3-9501-000000001d00}
ProcessId: 8332
PipeName: <Anonymous Pipe>
Image: C:\Windows\System32\WindowsPowerShell\v1.0\powershell.exe
User: MY-CALDERA\johnny.douche"
2647,MY-CAL-WIN10.my-caldera.local,17,"Pipe Created:
RuleName: -
EventType: CreatePipe
UtcTime: 2024-08-20 01:37:17.475
ProcessGuid: {ca24abc9-dc4c-66c3-9501-000000001d00}
ProcessId: 8332
PipeName: <Anonymous Pipe>
Image: C:\Windows\System32\WindowsPowerShell\v1.0\powershell.exe
User: MY-CALDERA\johnny.douche"
2648,MY-CAL-WIN10.my-caldera.local,17,"Pipe Created:
RuleName: -
EventType: CreatePipe
UtcTime: 2024-08-20 01:37:21.363
ProcessGuid: {ca24abc9-f350-66c3-df0f-000000001d00}
ProcessId: 6540
PipeName: \PSHost.133685914407069844.6540.DefaultAppDomain.powershell
Image: C:\Windows\System32\WindowsPowerShell\v1.0\powershell.exe
User: MY-CALDERA\johnny.douche"
2649,MY-CAL-WIN10.my-caldera.local,17,"Pipe Created:
RuleName: -
EventType: CreatePipe
UtcTime: 2024-08-20 01:37:25.975
ProcessGuid: {ca24abc9-dc4c-66c3-9501-000000001d00}
ProcessId: 8332
PipeName: <Anonymous Pipe>
Image: C:\Windows\System32\WindowsPowerShell\v1.0\powershell.exe
User: MY-CALDERA\johnny.douche"
2650,MY-CAL-WIN10.my-caldera.local,17,"Pipe Created:
RuleName: -
EventType: CreatePipe
UtcTime: 2024-08-20 01:37:25.975
ProcessGuid: {ca24abc9-dc4c-66c3-9501-000000001d00}
ProcessId: 8332
PipeName: <Anonymous Pipe>
Image: C:\Windows\System32\WindowsPowerShell\v1.0\powershell.exe
User: MY-CALDERA\johnny.douche"
2651,MY-CAL-WIN10.my-caldera.local,17,"Pipe Created:
RuleName: -
EventType: CreatePipe
UtcTime: 2024-08-20 01:37:26.358
ProcessGuid: {ca24abc9-f355-66c3-e10f-000000001d00}
ProcessId: 11212
PipeName: \PSHost.133685914459770904.11212.DefaultAppDomain.powershell
Image: C:\Windows\System32\WindowsPowerShell\v1.0\powershell.exe
User: MY-CALDERA\johnny.douche"
2652,MY-CAL-WIN10.my-caldera.local,17,"Pipe Created:
RuleName: -
EventType: CreatePipe
UtcTime: 2024-08-20 01:37:31.650
ProcessGuid: {ca24abc9-dc4c-66c3-9501-000000001d00}
ProcessId: 8332
PipeName: <Anonymous Pipe>
Image: C:\Windows\System32\WindowsPowerShell\v1.0\powershell.exe
User: MY-CALDERA\johnny.douche"
2653,MY-CAL-WIN10.my-caldera.local,17,"Pipe Created:
RuleName: -
EventType: CreatePipe
UtcTime: 2024-08-20 01:37:31.650
ProcessGuid: {ca24abc9-dc4c-66c3-9501-000000001d00}
ProcessId: 8332
PipeName: <Anonymous Pipe>
Image: C:\Windows\System32\WindowsPowerShell\v1.0\powershell.exe
User: MY-CALDERA\johnny.douche"
2654,MY-CAL-WIN10.my-caldera.local,17,"Pipe Created:
RuleName: -
EventType: CreatePipe
UtcTime: 2024-08-20 01:37:31.996
ProcessGuid: {ca24abc9-f35b-66c3-f30f-000000001d00}
ProcessId: 2476
PipeName: \PSHost.133685914516519995.2476.DefaultAppDomain.powershell
Image: C:\Windows\System32\WindowsPowerShell\v1.0\powershell.exe
User: MY-CALDERA\johnny.douche"
2655,MY-CAL-WIN10.my-caldera.local,17,"Pipe Created:
RuleName: -
EventType: CreatePipe
UtcTime: 2024-08-20 01:37:45.303
ProcessGuid: {ca24abc9-f368-66c3-0b10-000000001d00}
ProcessId: 7700
PipeName: \PSHost.133685914649935426.7700.DefaultAppDomain.powershell
Image: C:\Windows\System32\WindowsPowerShell\v1.0\powershell.exe
User: MY-CALDERA\johnny.douche"
2656,MY-CAL-WIN10.my-caldera.local,17,"Pipe Created:
RuleName: -
EventType: CreatePipe
UtcTime: 2024-08-20 01:38:14.563
ProcessGuid: {ca24abc9-dc4c-66c3-9501-000000001d00}
ProcessId: 8332
PipeName: <Anonymous Pipe>
Image: C:\Windows\System32\WindowsPowerShell\v1.0\powershell.exe
User: MY-CALDERA\johnny.douche"
2657,MY-CAL-WIN10.my-caldera.local,17,"Pipe Created:
RuleName: -
EventType: CreatePipe
UtcTime: 2024-08-20 01:38:14.563
ProcessGuid: {ca24abc9-dc4c-66c3-9501-000000001d00}
ProcessId: 8332
PipeName: <Anonymous Pipe>
Image: C:\Windows\System32\WindowsPowerShell\v1.0\powershell.exe
User: MY-CALDERA\johnny.douche"
2658,MY-CAL-WIN10.my-caldera.local,17,"Pipe Created:
RuleName: -
EventType: CreatePipe
UtcTime: 2024-08-20 01:38:18.387
ProcessGuid: {ca24abc9-dc4c-66c3-9501-000000001d00}
ProcessId: 8332
PipeName: <Anonymous Pipe>
Image: C:\Windows\System32\WindowsPowerShell\v1.0\powershell.exe
User: MY-CALDERA\johnny.douche"
2659,MY-CAL-WIN10.my-caldera.local,17,"Pipe Created:
RuleName: -
EventType: CreatePipe
UtcTime: 2024-08-20 01:38:18.387
ProcessGuid: {ca24abc9-dc4c-66c3-9501-000000001d00}
ProcessId: 8332
PipeName: <Anonymous Pipe>
Image: C:\Windows\System32\WindowsPowerShell\v1.0\powershell.exe
User: MY-CALDERA\johnny.douche"
2660,MY-CAL-WIN10.my-caldera.local,17,"Pipe Created:
RuleName: -
EventType: CreatePipe
UtcTime: 2024-08-20 01:38:18.841
ProcessGuid: {ca24abc9-f38a-66c3-4610-000000001d00}
ProcessId: 10688
PipeName: \PSHost.133685914983898311.10688.DefaultAppDomain.powershell
Image: C:\Windows\System32\WindowsPowerShell\v1.0\powershell.exe
User: MY-CALDERA\johnny.douche"
2661,MY-CAL-WIN10.my-caldera.local,17,"Pipe Created:
RuleName: -
EventType: CreatePipe
UtcTime: 2024-08-20 01:39:06.326
ProcessGuid: {ca24abc9-dc4c-66c3-9501-000000001d00}
ProcessId: 8332
PipeName: <Anonymous Pipe>
Image: C:\Windows\System32\WindowsPowerShell\v1.0\powershell.exe
User: MY-CALDERA\johnny.douche"
2662,MY-CAL-WIN10.my-caldera.local,17,"Pipe Created:
RuleName: -
EventType: CreatePipe
UtcTime: 2024-08-20 01:39:07.170
ProcessGuid: {ca24abc9-f3ba-66c3-6e10-000000001d00}
ProcessId: 6380
PipeName: \PSHost.133685915463280296.6380.DefaultAppDomain.powershell
Image: C:\Windows\System32\WindowsPowerShell\v1.0\powershell.exe
User: MY-CALDERA\johnny.douche"
2663,MY-CAL-WIN10.my-caldera.local,17,"Pipe Created:
RuleName: -
EventType: CreatePipe
UtcTime: 2024-08-20 01:39:06.326
ProcessGuid: {ca24abc9-dc4c-66c3-9501-000000001d00}
ProcessId: 8332
PipeName: <Anonymous Pipe>
Image: C:\Windows\System32\WindowsPowerShell\v1.0\powershell.exe
User: MY-CALDERA\johnny.douche"
2664,MY-CAL-WIN10.my-caldera.local,17,"Pipe Created:
RuleName: -
EventType: CreatePipe
UtcTime: 2024-08-20 01:39:41.615
ProcessGuid: {ca24abc9-dc4c-66c3-9501-000000001d00}
ProcessId: 8332
PipeName: <Anonymous Pipe>
Image: C:\Windows\System32\WindowsPowerShell\v1.0\powershell.exe
User: MY-CALDERA\johnny.douche"
2665,MY-CAL-WIN10.my-caldera.local,17,"Pipe Created:
RuleName: -
EventType: CreatePipe
UtcTime: 2024-08-20 01:39:41.615
ProcessGuid: {ca24abc9-dc4c-66c3-9501-000000001d00}
ProcessId: 8332
PipeName: <Anonymous Pipe>
Image: C:\Windows\System32\WindowsPowerShell\v1.0\powershell.exe
User: MY-CALDERA\johnny.douche"
2666,MY-CAL-WIN10.my-caldera.local,17,"Pipe Created:
RuleName: -
EventType: CreatePipe
UtcTime: 2024-08-20 01:39:45.821
ProcessGuid: {ca24abc9-dc4c-66c3-9501-000000001d00}
ProcessId: 8332
PipeName: <Anonymous Pipe>
Image: C:\Windows\System32\WindowsPowerShell\v1.0\powershell.exe
User: MY-CALDERA\johnny.douche"
2667,MY-CAL-WIN10.my-caldera.local,17,"Pipe Created:
RuleName: -
EventType: CreatePipe
UtcTime: 2024-08-20 01:39:45.821
ProcessGuid: {ca24abc9-dc4c-66c3-9501-000000001d00}
ProcessId: 8332
PipeName: <Anonymous Pipe>
Image: C:\Windows\System32\WindowsPowerShell\v1.0\powershell.exe
User: MY-CALDERA\johnny.douche"
2668,MY-CAL-WIN10.my-caldera.local,17,"Pipe Created:
RuleName: -
EventType: CreatePipe
UtcTime: 2024-08-20 01:39:46.045
ProcessGuid: {ca24abc9-f3e1-66c3-7b10-000000001d00}
ProcessId: 1760
PipeName: \PSHost.133685915858234906.1760.DefaultAppDomain.powershell
Image: C:\Windows\System32\WindowsPowerShell\v1.0\powershell.exe
User: MY-CALDERA\johnny.douche"
2669,MY-CAL-WIN10.my-caldera.local,17,"Pipe Created:
RuleName: -
EventType: CreatePipe
UtcTime: 2024-08-20 01:39:51.414
ProcessGuid: {ca24abc9-dc4c-66c3-9501-000000001d00}
ProcessId: 8332
PipeName: <Anonymous Pipe>
Image: C:\Windows\System32\WindowsPowerShell\v1.0\powershell.exe
User: MY-CALDERA\johnny.douche"
2670,MY-CAL-WIN10.my-caldera.local,17,"Pipe Created:
RuleName: -
EventType: CreatePipe
UtcTime: 2024-08-20 01:39:51.414
ProcessGuid: {ca24abc9-dc4c-66c3-9501-000000001d00}
ProcessId: 8332
PipeName: <Anonymous Pipe>
Image: C:\Windows\System32\WindowsPowerShell\v1.0\powershell.exe
User: MY-CALDERA\johnny.douche"
2671,MY-CAL-WIN10.my-caldera.local,17,"Pipe Created:
RuleName: -
EventType: CreatePipe
UtcTime: 2024-08-20 01:39:53.178
ProcessGuid: {ca24abc9-dc4c-66c3-9501-000000001d00}
ProcessId: 8332
PipeName: <Anonymous Pipe>
Image: C:\Windows\System32\WindowsPowerShell\v1.0\powershell.exe
User: MY-CALDERA\johnny.douche"
2672,MY-CAL-WIN10.my-caldera.local,17,"Pipe Created:
RuleName: -
EventType: CreatePipe
UtcTime: 2024-08-20 01:39:53.245
ProcessGuid: {ca24abc9-f3e9-66c3-8010-000000001d00}
ProcessId: 10204
PipeName: <Anonymous Pipe>
Image: C:\Windows\system32\cmd.exe
User: MY-CALDERA\johnny.douche"
2673,MY-CAL-WIN10.my-caldera.local,17,"Pipe Created:
RuleName: -
EventType: CreatePipe
UtcTime: 2024-08-20 01:39:53.178
ProcessGuid: {ca24abc9-dc4c-66c3-9501-000000001d00}
ProcessId: 8332
PipeName: <Anonymous Pipe>
Image: C:\Windows\System32\WindowsPowerShell\v1.0\powershell.exe
User: MY-CALDERA\johnny.douche"
2674,MY-CAL-WIN10.my-caldera.local,17,"Pipe Created:
RuleName: -
EventType: CreatePipe
UtcTime: 2024-08-20 01:39:54.084
ProcessGuid: {ca24abc9-dc4c-66c3-9501-000000001d00}
ProcessId: 8332
PipeName: <Anonymous Pipe>
Image: C:\Windows\System32\WindowsPowerShell\v1.0\powershell.exe
User: MY-CALDERA\johnny.douche"
2675,MY-CAL-WIN10.my-caldera.local,17,"Pipe Created:
RuleName: -
EventType: CreatePipe
UtcTime: 2024-08-20 01:39:54.084
ProcessGuid: {ca24abc9-dc4c-66c3-9501-000000001d00}
ProcessId: 8332
PipeName: <Anonymous Pipe>
Image: C:\Windows\System32\WindowsPowerShell\v1.0\powershell.exe
User: MY-CALDERA\johnny.douche"
2676,MY-CAL-WIN10.my-caldera.local,17,"Pipe Created:
RuleName: -
EventType: CreatePipe
UtcTime: 2024-08-20 01:39:55.381
ProcessGuid: {ca24abc9-dc4c-66c3-9501-000000001d00}
ProcessId: 8332
PipeName: <Anonymous Pipe>
Image: C:\Windows\System32\WindowsPowerShell\v1.0\powershell.exe
User: MY-CALDERA\johnny.douche"
2677,MY-CAL-WIN10.my-caldera.local,17,"Pipe Created:
RuleName: -
EventType: CreatePipe
UtcTime: 2024-08-20 01:39:55.381
ProcessGuid: {ca24abc9-dc4c-66c3-9501-000000001d00}
ProcessId: 8332
PipeName: <Anonymous Pipe>
Image: C:\Windows\System32\WindowsPowerShell\v1.0\powershell.exe
User: MY-CALDERA\johnny.douche"
2678,MY-CAL-WIN10.my-caldera.local,17,"Pipe Created:
RuleName: -
EventType: CreatePipe
UtcTime: 2024-08-20 01:39:55.635
ProcessGuid: {ca24abc9-f3eb-66c3-8810-000000001d00}
ProcessId: 1556
PipeName: \PSHost.133685915954534428.1556.DefaultAppDomain.powershell
Image: C:\Windows\System32\WindowsPowerShell\v1.0\powershell.exe
User: MY-CALDERA\johnny.douche"
2679,MY-CAL-WIN10.my-caldera.local,17,"Pipe Created:
RuleName: -
EventType: CreatePipe
UtcTime: 2024-08-20 01:24:33.712
ProcessGuid: {ca24abc9-dc4c-66c3-9501-000000001d00}
ProcessId: 8332
PipeName: <Anonymous Pipe>
Image: C:\Windows\System32\WindowsPowerShell\v1.0\powershell.exe
User: MY-CALDERA\johnny.douche"
2680,MY-CAL-WIN10.my-caldera.local,17,"Pipe Created:
RuleName: -
EventType: CreatePipe
UtcTime: 2024-08-20 01:24:33.712
ProcessGuid: {ca24abc9-dc4c-66c3-9501-000000001d00}
ProcessId: 8332
PipeName: <Anonymous Pipe>
Image: C:\Windows\System32\WindowsPowerShell\v1.0\powershell.exe
User: MY-CALDERA\johnny.douche"
2681,MY-CAL-WIN10.my-caldera.local,17,"Pipe Created:
RuleName: -
EventType: CreatePipe
UtcTime: 2024-08-20 01:24:51.772
ProcessGuid: {ca24abc9-f063-66c3-680e-000000001d00}
ProcessId: 8864
PipeName: \PSHost.133685906915342298.8864.DefaultAppDomain.powershell
Image: C:\Windows\System32\WindowsPowerShell\v1.0\powershell.exe
User: MY-CALDERA\johnny.douche"
2682,MY-CAL-WIN10.my-caldera.local,17,"Pipe Created:
RuleName: -
EventType: CreatePipe
UtcTime: 2024-08-20 01:24:51.531
ProcessGuid: {ca24abc9-dc4c-66c3-9501-000000001d00}
ProcessId: 8332
PipeName: <Anonymous Pipe>
Image: C:\Windows\System32\WindowsPowerShell\v1.0\powershell.exe
User: MY-CALDERA\johnny.douche"
2683,MY-CAL-WIN10.my-caldera.local,17,"Pipe Created:
RuleName: -
EventType: CreatePipe
UtcTime: 2024-08-20 01:24:51.532
ProcessGuid: {ca24abc9-dc4c-66c3-9501-000000001d00}
ProcessId: 8332
PipeName: <Anonymous Pipe>
Image: C:\Windows\System32\WindowsPowerShell\v1.0\powershell.exe
User: MY-CALDERA\johnny.douche"
2684,MY-CAL-WIN10.my-caldera.local,17,"Pipe Created:
RuleName: -
EventType: CreatePipe
UtcTime: 2024-08-20 01:25:20.923
ProcessGuid: {ca24abc9-f080-66c3-7b0e-000000001d00}
ProcessId: 7748
PipeName: \PSHost.133685907207588291.7748.DefaultAppDomain.powershell
Image: C:\Windows\System32\WindowsPowerShell\v1.0\powershell.exe
User: MY-CALDERA\johnny.douche"
2685,MY-CAL-WIN10.my-caldera.local,17,"Pipe Created:
RuleName: -
EventType: CreatePipe
UtcTime: 2024-08-20 01:25:21.562
ProcessGuid: {ca24abc9-dc4c-66c3-9501-000000001d00}
ProcessId: 8332
PipeName: <Anonymous Pipe>
Image: C:\Windows\System32\WindowsPowerShell\v1.0\powershell.exe
User: MY-CALDERA\johnny.douche"
2686,MY-CAL-WIN10.my-caldera.local,17,"Pipe Created:
RuleName: -
EventType: CreatePipe
UtcTime: 2024-08-20 01:25:21.562
ProcessGuid: {ca24abc9-dc4c-66c3-9501-000000001d00}
ProcessId: 8332
PipeName: <Anonymous Pipe>
Image: C:\Windows\System32\WindowsPowerShell\v1.0\powershell.exe
User: MY-CALDERA\johnny.douche"
2687,MY-CAL-WIN10.my-caldera.local,17,"Pipe Created:
RuleName: -
EventType: CreatePipe
UtcTime: 2024-08-20 01:25:25.259
ProcessGuid: {ca24abc9-dc4c-66c3-9501-000000001d00}
ProcessId: 8332
PipeName: <Anonymous Pipe>
Image: C:\Windows\System32\WindowsPowerShell\v1.0\powershell.exe
User: MY-CALDERA\johnny.douche"
2688,MY-CAL-WIN10.my-caldera.local,17,"Pipe Created:
RuleName: -
EventType: CreatePipe
UtcTime: 2024-08-20 01:25:25.259
ProcessGuid: {ca24abc9-dc4c-66c3-9501-000000001d00}
ProcessId: 8332
PipeName: <Anonymous Pipe>
Image: C:\Windows\System32\WindowsPowerShell\v1.0\powershell.exe
User: MY-CALDERA\johnny.douche"
2689,MY-CAL-WIN10.my-caldera.local,17,"Pipe Created:
RuleName: -
EventType: CreatePipe
UtcTime: 2024-08-20 01:25:30.091
ProcessGuid: {ca24abc9-f089-66c3-860e-000000001d00}
ProcessId: 6324
PipeName: \PSHost.133685907298929914.6324.DefaultAppDomain.powershell
Image: C:\Windows\System32\WindowsPowerShell\v1.0\powershell.exe
User: MY-CALDERA\johnny.douche"
2690,MY-CAL-WIN10.my-caldera.local,17,"Pipe Created:
RuleName: -
EventType: CreatePipe
UtcTime: 2024-08-20 01:25:29.891
ProcessGuid: {ca24abc9-dc4c-66c3-9501-000000001d00}
ProcessId: 8332
PipeName: <Anonymous Pipe>
Image: C:\Windows\System32\WindowsPowerShell\v1.0\powershell.exe
User: MY-CALDERA\johnny.douche"
2691,MY-CAL-WIN10.my-caldera.local,17,"Pipe Created:
RuleName: -
EventType: CreatePipe
UtcTime: 2024-08-20 01:25:29.891
ProcessGuid: {ca24abc9-dc4c-66c3-9501-000000001d00}
ProcessId: 8332
PipeName: <Anonymous Pipe>
Image: C:\Windows\System32\WindowsPowerShell\v1.0\powershell.exe
User: MY-CALDERA\johnny.douche"
2692,MY-CAL-WIN10.my-caldera.local,17,"Pipe Created:
RuleName: -
EventType: CreatePipe
UtcTime: 2024-08-20 01:25:46.983
ProcessGuid: {ca24abc9-dc4c-66c3-9501-000000001d00}
ProcessId: 8332
PipeName: <Anonymous Pipe>
Image: C:\Windows\System32\WindowsPowerShell\v1.0\powershell.exe
User: MY-CALDERA\johnny.douche"
2693,MY-CAL-WIN10.my-caldera.local,17,"Pipe Created:
RuleName: -
EventType: CreatePipe
UtcTime: 2024-08-20 01:25:46.983
ProcessGuid: {ca24abc9-dc4c-66c3-9501-000000001d00}
ProcessId: 8332
PipeName: <Anonymous Pipe>
Image: C:\Windows\System32\WindowsPowerShell\v1.0\powershell.exe
User: MY-CALDERA\johnny.douche"
2694,MY-CAL-WIN10.my-caldera.local,17,"Pipe Created:
RuleName: -
EventType: CreatePipe
UtcTime: 2024-08-20 01:26:06.783
ProcessGuid: {ca24abc9-dc4c-66c3-9501-000000001d00}
ProcessId: 8332
PipeName: <Anonymous Pipe>
Image: C:\Windows\System32\WindowsPowerShell\v1.0\powershell.exe
User: MY-CALDERA\johnny.douche"
2695,MY-CAL-WIN10.my-caldera.local,17,"Pipe Created:
RuleName: -
EventType: CreatePipe
UtcTime: 2024-08-20 01:26:06.784
ProcessGuid: {ca24abc9-dc4c-66c3-9501-000000001d00}
ProcessId: 8332
PipeName: <Anonymous Pipe>
Image: C:\Windows\System32\WindowsPowerShell\v1.0\powershell.exe
User: MY-CALDERA\johnny.douche"
2696,MY-CAL-WIN10.my-caldera.local,17,"Pipe Created:
RuleName: -
EventType: CreatePipe
UtcTime: 2024-08-20 01:26:07.007
ProcessGuid: {ca24abc9-f0ae-66c3-d10e-000000001d00}
ProcessId: 4988
PipeName: \PSHost.133685907667862464.4988.DefaultAppDomain.powershell
Image: C:\Windows\System32\WindowsPowerShell\v1.0\powershell.exe
User: MY-CALDERA\johnny.douche"
2697,MY-CAL-WIN10.my-caldera.local,17,"Pipe Created:
RuleName: -
EventType: CreatePipe
UtcTime: 2024-08-20 02:02:30.546
ProcessGuid: {ca24abc9-f92d-66c3-2712-000000001d00}
ProcessId: 14592
PipeName: <Anonymous Pipe>
Image: C:\Windows\System32\WindowsPowerShell\v1.0\powershell.exe
User: MY-CALDERA\johnny.douche"
2698,MY-CAL-WIN10.my-caldera.local,17,"Pipe Created:
RuleName: -
EventType: CreatePipe
UtcTime: 2024-08-20 02:02:37.441
ProcessGuid: {ca24abc9-dc4c-66c3-9501-000000001d00}
ProcessId: 8332
PipeName: <Anonymous Pipe>
Image: C:\Windows\System32\WindowsPowerShell\v1.0\powershell.exe
User: MY-CALDERA\johnny.douche"
2699,MY-CAL-WIN10.my-caldera.local,17,"Pipe Created:
RuleName: -
EventType: CreatePipe
UtcTime: 2024-08-20 02:02:38.352
ProcessGuid: {ca24abc9-dc4c-66c3-9501-000000001d00}
ProcessId: 8332
PipeName: <Anonymous Pipe>
Image: C:\Windows\System32\WindowsPowerShell\v1.0\powershell.exe
User: MY-CALDERA\johnny.douche"
2700,MY-CAL-WIN10.my-caldera.local,17,"Pipe Created:
RuleName: -
EventType: CreatePipe
UtcTime: 2024-08-20 02:02:38.352
ProcessGuid: {ca24abc9-dc4c-66c3-9501-000000001d00}
ProcessId: 8332
PipeName: <Anonymous Pipe>
Image: C:\Windows\System32\WindowsPowerShell\v1.0\powershell.exe
User: MY-CALDERA\johnny.douche"
2701,MY-CAL-WIN10.my-caldera.local,17,"Pipe Created:
RuleName: -
EventType: CreatePipe
UtcTime: 2024-08-20 02:02:37.440
ProcessGuid: {ca24abc9-dc4c-66c3-9501-000000001d00}
ProcessId: 8332
PipeName: <Anonymous Pipe>
Image: C:\Windows\System32\WindowsPowerShell\v1.0\powershell.exe
User: MY-CALDERA\johnny.douche"
2702,MY-CAL-WIN10.my-caldera.local,17,"Pipe Created:
RuleName: -
EventType: CreatePipe
UtcTime: 2024-08-20 02:03:08.207
ProcessGuid: {ca24abc9-f958-66c3-5312-000000001d00}
ProcessId: 13136
PipeName: <Anonymous Pipe>
Image: C:\Windows\System32\WindowsPowerShell\v1.0\powershell.exe
User: MY-CALDERA\johnny.douche"
2703,MY-CAL-WIN10.my-caldera.local,17,"Pipe Created:
RuleName: -
EventType: CreatePipe
UtcTime: 2024-08-20 02:46:24.716
ProcessGuid: {ca24abc9-dc4c-66c3-9501-000000001d00}
ProcessId: 8332
PipeName: <Anonymous Pipe>
Image: C:\Windows\System32\WindowsPowerShell\v1.0\powershell.exe
User: MY-CALDERA\johnny.douche"
2704,MY-CAL-WIN10.my-caldera.local,17,"Pipe Created:
RuleName: -
EventType: CreatePipe
UtcTime: 2024-08-20 02:46:24.717
ProcessGuid: {ca24abc9-dc4c-66c3-9501-000000001d00}
ProcessId: 8332
PipeName: <Anonymous Pipe>
Image: C:\Windows\System32\WindowsPowerShell\v1.0\powershell.exe
User: MY-CALDERA\johnny.douche"
2705,MY-CAL-WIN10.my-caldera.local,17,"Pipe Created:
RuleName: -
EventType: CreatePipe
UtcTime: 2024-08-20 02:46:25.501
ProcessGuid: {ca24abc9-0380-66c4-d617-000000001d00}
ProcessId: 13576
PipeName: \PSHost.133685955847183202.13576.DefaultAppDomain.powershell
Image: C:\Windows\System32\WindowsPowerShell\v1.0\powershell.exe
User: MY-CALDERA\johnny.douche"
2706,MY-CAL-WIN10.my-caldera.local,17,"Pipe Created:
RuleName: -
EventType: CreatePipe
UtcTime: 2024-08-20 02:48:50.361
ProcessGuid: {ca24abc9-dc4c-66c3-9501-000000001d00}
ProcessId: 8332
PipeName: <Anonymous Pipe>
Image: C:\Windows\System32\WindowsPowerShell\v1.0\powershell.exe
User: MY-CALDERA\johnny.douche"
2707,MY-CAL-WIN10.my-caldera.local,17,"Pipe Created:
RuleName: -
EventType: CreatePipe
UtcTime: 2024-08-20 02:48:50.361
ProcessGuid: {ca24abc9-dc4c-66c3-9501-000000001d00}
ProcessId: 8332
PipeName: <Anonymous Pipe>
Image: C:\Windows\System32\WindowsPowerShell\v1.0\powershell.exe
User: MY-CALDERA\johnny.douche"
2708,MY-CAL-WIN10.my-caldera.local,17,"Pipe Created:
RuleName: -
EventType: CreatePipe
UtcTime: 2024-08-20 02:48:50.737
ProcessGuid: {ca24abc9-0412-66c4-ec17-000000001d00}
ProcessId: 11656
PipeName: \PSHost.133685957303629574.11656.DefaultAppDomain.powershell
Image: C:\Windows\System32\WindowsPowerShell\v1.0\powershell.exe
User: MY-CALDERA\johnny.douche"
2709,MY-CAL-WIN10.my-caldera.local,17,"Pipe Created:
RuleName: -
EventType: CreatePipe
UtcTime: 2024-08-20 02:49:05.066
ProcessGuid: {ca24abc9-dc4c-66c3-9501-000000001d00}
ProcessId: 8332
PipeName: <Anonymous Pipe>
Image: C:\Windows\System32\WindowsPowerShell\v1.0\powershell.exe
User: MY-CALDERA\johnny.douche"
2710,MY-CAL-WIN10.my-caldera.local,17,"Pipe Created:
RuleName: -
EventType: CreatePipe
UtcTime: 2024-08-20 02:49:05.067
ProcessGuid: {ca24abc9-dc4c-66c3-9501-000000001d00}
ProcessId: 8332
PipeName: <Anonymous Pipe>
Image: C:\Windows\System32\WindowsPowerShell\v1.0\powershell.exe
User: MY-CALDERA\johnny.douche"
2711,MY-CAL-WIN10.my-caldera.local,17,"Pipe Created:
RuleName: -
EventType: CreatePipe
UtcTime: 2024-08-20 02:49:05.488
ProcessGuid: {ca24abc9-0421-66c4-f717-000000001d00}
ProcessId: 15708
PipeName: \PSHost.133685957450689253.15708.DefaultAppDomain.powershell
Image: C:\Windows\System32\WindowsPowerShell\v1.0\powershell.exe
User: MY-CALDERA\johnny.douche"
2712,MY-CAL-WIN10.my-caldera.local,17,"Pipe Created:
RuleName: -
EventType: CreatePipe
UtcTime: 2024-08-20 02:51:28.810
ProcessGuid: {ca24abc9-dc4c-66c3-9501-000000001d00}
ProcessId: 8332
PipeName: <Anonymous Pipe>
Image: C:\Windows\System32\WindowsPowerShell\v1.0\powershell.exe
User: MY-CALDERA\johnny.douche"
2713,MY-CAL-WIN10.my-caldera.local,17,"Pipe Created:
RuleName: -
EventType: CreatePipe
UtcTime: 2024-08-20 02:51:28.810
ProcessGuid: {ca24abc9-dc4c-66c3-9501-000000001d00}
ProcessId: 8332
PipeName: <Anonymous Pipe>
Image: C:\Windows\System32\WindowsPowerShell\v1.0\powershell.exe
User: MY-CALDERA\johnny.douche"
2714,MY-CAL-WIN10.my-caldera.local,17,"Pipe Created:
RuleName: -
EventType: CreatePipe
UtcTime: 2024-08-20 02:51:29.269
ProcessGuid: {ca24abc9-dc4c-66c3-9501-000000001d00}
ProcessId: 8332
PipeName: <Anonymous Pipe>
Image: C:\Windows\System32\WindowsPowerShell\v1.0\powershell.exe
User: MY-CALDERA\johnny.douche"
2715,MY-CAL-WIN10.my-caldera.local,17,"Pipe Created:
RuleName: -
EventType: CreatePipe
UtcTime: 2024-08-20 02:51:29.269
ProcessGuid: {ca24abc9-dc4c-66c3-9501-000000001d00}
ProcessId: 8332
PipeName: <Anonymous Pipe>
Image: C:\Windows\System32\WindowsPowerShell\v1.0\powershell.exe
User: MY-CALDERA\johnny.douche"
2716,MY-CAL-WIN10.my-caldera.local,17,"Pipe Created:
RuleName: -
EventType: CreatePipe
UtcTime: 2024-08-20 02:51:28.876
ProcessGuid: {ca24abc9-04b0-66c4-2b18-000000001d00}
ProcessId: 12884
PipeName: <Anonymous Pipe>
Image: C:\Windows\system32\cmd.exe
User: MY-CALDERA\johnny.douche"
2717,MY-CAL-WIN10.my-caldera.local,17,"Pipe Created:
RuleName: -
EventType: CreatePipe
UtcTime: 2024-08-20 02:52:14.766
ProcessGuid: {ca24abc9-dc4c-66c3-9501-000000001d00}
ProcessId: 8332
PipeName: <Anonymous Pipe>
Image: C:\Windows\System32\WindowsPowerShell\v1.0\powershell.exe
User: MY-CALDERA\johnny.douche"
2718,MY-CAL-WIN10.my-caldera.local,17,"Pipe Created:
RuleName: -
EventType: CreatePipe
UtcTime: 2024-08-20 02:52:14.766
ProcessGuid: {ca24abc9-dc4c-66c3-9501-000000001d00}
ProcessId: 8332
PipeName: <Anonymous Pipe>
Image: C:\Windows\System32\WindowsPowerShell\v1.0\powershell.exe
User: MY-CALDERA\johnny.douche"
2719,MY-CAL-WIN10.my-caldera.local,17,"Pipe Created:
RuleName: -
EventType: CreatePipe
UtcTime: 2024-08-20 02:52:14.992
ProcessGuid: {ca24abc9-04de-66c4-3218-000000001d00}
ProcessId: 4048
PipeName: \PSHost.133685959347681077.4048.DefaultAppDomain.powershell
Image: C:\Windows\System32\WindowsPowerShell\v1.0\powershell.exe
User: MY-CALDERA\johnny.douche"
2720,MY-CAL-WIN10.my-caldera.local,17,"Pipe Created:
RuleName: -
EventType: CreatePipe
UtcTime: 2024-08-20 02:53:12.410
ProcessGuid: {ca24abc9-dc4c-66c3-9501-000000001d00}
ProcessId: 8332
PipeName: <Anonymous Pipe>
Image: C:\Windows\System32\WindowsPowerShell\v1.0\powershell.exe
User: MY-CALDERA\johnny.douche"
2721,MY-CAL-WIN10.my-caldera.local,17,"Pipe Created:
RuleName: -
EventType: CreatePipe
UtcTime: 2024-08-20 02:53:12.410
ProcessGuid: {ca24abc9-dc4c-66c3-9501-000000001d00}
ProcessId: 8332
PipeName: <Anonymous Pipe>
Image: C:\Windows\System32\WindowsPowerShell\v1.0\powershell.exe
User: MY-CALDERA\johnny.douche"
2722,MY-CAL-WIN10.my-caldera.local,17,"Pipe Created:
RuleName: -
EventType: CreatePipe
UtcTime: 2024-08-20 02:53:11.840
ProcessGuid: {ca24abc9-0517-66c4-4518-000000001d00}
ProcessId: 11092
PipeName: \PSHost.133685959916227634.11092.DefaultAppDomain.powershell
Image: C:\Windows\System32\WindowsPowerShell\v1.0\powershell.exe
User: MY-CALDERA\johnny.douche"
2723,MY-CAL-WIN10.my-caldera.local,17,"Pipe Created:
RuleName: -
EventType: CreatePipe
UtcTime: 2024-08-20 02:53:11.620
ProcessGuid: {ca24abc9-dc4c-66c3-9501-000000001d00}
ProcessId: 8332
PipeName: <Anonymous Pipe>
Image: C:\Windows\System32\WindowsPowerShell\v1.0\powershell.exe
User: MY-CALDERA\johnny.douche"
2724,MY-CAL-WIN10.my-caldera.local,17,"Pipe Created:
RuleName: -
EventType: CreatePipe
UtcTime: 2024-08-20 02:53:11.621
ProcessGuid: {ca24abc9-dc4c-66c3-9501-000000001d00}
ProcessId: 8332
PipeName: <Anonymous Pipe>
Image: C:\Windows\System32\WindowsPowerShell\v1.0\powershell.exe
User: MY-CALDERA\johnny.douche"
2725,MY-CAL-WIN10.my-caldera.local,17,"Pipe Created:
