RuleName: -
EventType: CreatePipe
UtcTime: 2024-08-20 20:31:34.886
ProcessGuid: {ca24abc9-ee08-66c4-2094-000000001900}
ProcessId: 28596
PipeName: <Anonymous Pipe>
Image: C:\Windows\Microsoft.NET\Framework64\v4.0.30319\ngen.exe
User: NT AUTHORITY\SYSTEM"
4777,MY-CAL-WIN10.my-caldera.local,17,"Pipe Created:
RuleName: -
EventType: CreatePipe
UtcTime: 2024-08-20 20:31:35.189
ProcessGuid: {ca24abc9-ee08-66c4-2094-000000001900}
ProcessId: 28596
PipeName: <Anonymous Pipe>
Image: C:\Windows\Microsoft.NET\Framework64\v4.0.30319\ngen.exe
User: NT AUTHORITY\SYSTEM"
4778,MY-CAL-WIN10.my-caldera.local,17,"Pipe Created:
RuleName: -
EventType: CreatePipe
UtcTime: 2024-08-20 20:31:35.323
ProcessGuid: {ca24abc9-ee08-66c4-2094-000000001900}
ProcessId: 28596
PipeName: <Anonymous Pipe>
Image: C:\Windows\Microsoft.NET\Framework64\v4.0.30319\ngen.exe
User: NT AUTHORITY\SYSTEM"
4779,MY-CAL-WIN10.my-caldera.local,17,"Pipe Created:
RuleName: -
EventType: CreatePipe
UtcTime: 2024-08-20 20:31:35.496
ProcessGuid: {ca24abc9-ee08-66c4-2094-000000001900}
ProcessId: 28596
PipeName: <Anonymous Pipe>
Image: C:\Windows\Microsoft.NET\Framework64\v4.0.30319\ngen.exe
User: NT AUTHORITY\SYSTEM"
4780,MY-CAL-WIN10.my-caldera.local,17,"Pipe Created:
RuleName: -
EventType: CreatePipe
UtcTime: 2024-08-20 20:31:29.168
ProcessGuid: {ca24abc9-ee08-66c4-2094-000000001900}
ProcessId: 28596
PipeName: <Anonymous Pipe>
Image: C:\Windows\Microsoft.NET\Framework64\v4.0.30319\ngen.exe
User: NT AUTHORITY\SYSTEM"
4781,MY-CAL-WIN10.my-caldera.local,17,"Pipe Created:
RuleName: -
EventType: CreatePipe
UtcTime: 2024-08-20 20:31:30.006
ProcessGuid: {ca24abc9-ee08-66c4-2094-000000001900}
ProcessId: 28596
PipeName: <Anonymous Pipe>
Image: C:\Windows\Microsoft.NET\Framework64\v4.0.30319\ngen.exe
User: NT AUTHORITY\SYSTEM"
4782,MY-CAL-WIN10.my-caldera.local,17,"Pipe Created:
RuleName: -
EventType: CreatePipe
UtcTime: 2024-08-20 20:31:31.783
ProcessGuid: {ca24abc9-ee08-66c4-2094-000000001900}
ProcessId: 28596
PipeName: <Anonymous Pipe>
Image: C:\Windows\Microsoft.NET\Framework64\v4.0.30319\ngen.exe
User: NT AUTHORITY\SYSTEM"
4783,MY-CAL-WIN10.my-caldera.local,17,"Pipe Created:
RuleName: -
EventType: CreatePipe
UtcTime: 2024-08-20 20:31:30.637
ProcessGuid: {ca24abc9-ee08-66c4-2094-000000001900}
ProcessId: 28596
PipeName: <Anonymous Pipe>
Image: C:\Windows\Microsoft.NET\Framework64\v4.0.30319\ngen.exe
User: NT AUTHORITY\SYSTEM"
4784,MY-CAL-WIN10.my-caldera.local,17,"Pipe Created:
RuleName: -
EventType: CreatePipe
UtcTime: 2024-08-20 20:31:30.206
ProcessGuid: {ca24abc9-ee08-66c4-2094-000000001900}
ProcessId: 28596
PipeName: <Anonymous Pipe>
Image: C:\Windows\Microsoft.NET\Framework64\v4.0.30319\ngen.exe
User: NT AUTHORITY\SYSTEM"
4785,MY-CAL-WIN10.my-caldera.local,17,"Pipe Created:
RuleName: -
EventType: CreatePipe
UtcTime: 2024-08-20 20:31:38.747
ProcessGuid: {ca24abc9-ee08-66c4-2094-000000001900}
ProcessId: 28596
PipeName: <Anonymous Pipe>
Image: C:\Windows\Microsoft.NET\Framework64\v4.0.30319\ngen.exe
User: NT AUTHORITY\SYSTEM"
4786,MY-CAL-WIN10.my-caldera.local,17,"Pipe Created:
RuleName: -
EventType: CreatePipe
UtcTime: 2024-08-20 20:31:39.150
ProcessGuid: {ca24abc9-ee08-66c4-2094-000000001900}
ProcessId: 28596
PipeName: <Anonymous Pipe>
Image: C:\Windows\Microsoft.NET\Framework64\v4.0.30319\ngen.exe
User: NT AUTHORITY\SYSTEM"
4787,MY-CAL-WIN10.my-caldera.local,17,"Pipe Created:
RuleName: -
EventType: CreatePipe
UtcTime: 2024-08-20 20:31:39.367
ProcessGuid: {ca24abc9-ee08-66c4-2094-000000001900}
ProcessId: 28596
PipeName: <Anonymous Pipe>
Image: C:\Windows\Microsoft.NET\Framework64\v4.0.30319\ngen.exe
User: NT AUTHORITY\SYSTEM"
4788,MY-CAL-WIN10.my-caldera.local,17,"Pipe Created:
RuleName: -
EventType: CreatePipe
UtcTime: 2024-08-20 20:31:39.542
ProcessGuid: {ca24abc9-ee08-66c4-2094-000000001900}
ProcessId: 28596
PipeName: <Anonymous Pipe>
Image: C:\Windows\Microsoft.NET\Framework64\v4.0.30319\ngen.exe
User: NT AUTHORITY\SYSTEM"
4789,MY-CAL-WIN10.my-caldera.local,17,"Pipe Created:
RuleName: -
EventType: CreatePipe
UtcTime: 2024-08-20 20:31:39.710
ProcessGuid: {ca24abc9-ee08-66c4-2094-000000001900}
ProcessId: 28596
PipeName: <Anonymous Pipe>
Image: C:\Windows\Microsoft.NET\Framework64\v4.0.30319\ngen.exe
User: NT AUTHORITY\SYSTEM"
4790,MY-CAL-WIN10.my-caldera.local,17,"Pipe Created:
RuleName: -
EventType: CreatePipe
UtcTime: 2024-08-20 20:31:54.335
ProcessGuid: {ca24abc9-ee08-66c4-2094-000000001900}
ProcessId: 28596
PipeName: <Anonymous Pipe>
Image: C:\Windows\Microsoft.NET\Framework64\v4.0.30319\ngen.exe
User: NT AUTHORITY\SYSTEM"
4791,MY-CAL-WIN10.my-caldera.local,17,"Pipe Created:
RuleName: -
EventType: CreatePipe
UtcTime: 2024-08-20 20:31:54.743
ProcessGuid: {ca24abc9-ee08-66c4-2094-000000001900}
ProcessId: 28596
PipeName: <Anonymous Pipe>
Image: C:\Windows\Microsoft.NET\Framework64\v4.0.30319\ngen.exe
User: NT AUTHORITY\SYSTEM"
4792,MY-CAL-WIN10.my-caldera.local,17,"Pipe Created:
RuleName: -
EventType: CreatePipe
UtcTime: 2024-08-20 20:39:10.801
ProcessGuid: {ca24abc9-f379-66c4-d594-000000001900}
ProcessId: 8936
PipeName: <Anonymous Pipe>
Image: C:\Program Files (x86)\Microsoft Visual Studio\Installer\resources\app\ServiceHub\Services\Microsoft.VisualStudio.Setup.Service\VSIXAutoUpdate.exe
User: NT AUTHORITY\SYSTEM"
4793,MY-CAL-WIN10.my-caldera.local,17,"Pipe Created:
RuleName: -
EventType: CreatePipe
UtcTime: 2024-08-20 20:39:10.801
ProcessGuid: {ca24abc9-f379-66c4-d594-000000001900}
ProcessId: 8936
PipeName: <Anonymous Pipe>
Image: C:\Program Files (x86)\Microsoft Visual Studio\Installer\resources\app\ServiceHub\Services\Microsoft.VisualStudio.Setup.Service\VSIXAutoUpdate.exe
User: NT AUTHORITY\SYSTEM"
4794,MY-CAL-WIN10.my-caldera.local,17,"Pipe Created:
RuleName: -
EventType: CreatePipe
UtcTime: 2024-08-20 20:30:46.155
ProcessGuid: {ca24abc9-ee08-66c4-2094-000000001900}
ProcessId: 28596
PipeName: <Anonymous Pipe>
Image: C:\Windows\Microsoft.NET\Framework64\v4.0.30319\ngen.exe
User: NT AUTHORITY\SYSTEM"
4795,MY-CAL-WIN10.my-caldera.local,17,"Pipe Created:
RuleName: -
EventType: CreatePipe
UtcTime: 2024-08-20 20:30:46.298
ProcessGuid: {ca24abc9-ee08-66c4-2094-000000001900}
ProcessId: 28596
PipeName: <Anonymous Pipe>
Image: C:\Windows\Microsoft.NET\Framework64\v4.0.30319\ngen.exe
User: NT AUTHORITY\SYSTEM"
4796,MY-CAL-WIN10.my-caldera.local,17,"Pipe Created:
RuleName: -
EventType: CreatePipe
UtcTime: 2024-08-20 20:30:46.421
ProcessGuid: {ca24abc9-ee08-66c4-2094-000000001900}
ProcessId: 28596
PipeName: <Anonymous Pipe>
Image: C:\Windows\Microsoft.NET\Framework64\v4.0.30319\ngen.exe
User: NT AUTHORITY\SYSTEM"
4797,MY-CAL-WIN10.my-caldera.local,17,"Pipe Created:
RuleName: -
EventType: CreatePipe
UtcTime: 2024-08-20 20:30:45.516
ProcessGuid: {ca24abc9-ee08-66c4-2094-000000001900}
ProcessId: 28596
PipeName: <Anonymous Pipe>
Image: C:\Windows\Microsoft.NET\Framework64\v4.0.30319\ngen.exe
User: NT AUTHORITY\SYSTEM"
4798,MY-CAL-WIN10.my-caldera.local,17,"Pipe Created:
RuleName: -
EventType: CreatePipe
UtcTime: 2024-08-20 20:30:46.606
ProcessGuid: {ca24abc9-ee08-66c4-2094-000000001900}
ProcessId: 28596
PipeName: <Anonymous Pipe>
Image: C:\Windows\Microsoft.NET\Framework64\v4.0.30319\ngen.exe
User: NT AUTHORITY\SYSTEM"
4799,MY-CAL-WIN10.my-caldera.local,17,"Pipe Created:
RuleName: -
EventType: CreatePipe
UtcTime: 2024-08-20 20:30:47.255
ProcessGuid: {ca24abc9-ee08-66c4-2094-000000001900}
ProcessId: 28596
PipeName: <Anonymous Pipe>
Image: C:\Windows\Microsoft.NET\Framework64\v4.0.30319\ngen.exe
User: NT AUTHORITY\SYSTEM"
4800,MY-CAL-WIN10.my-caldera.local,17,"Pipe Created:
RuleName: -
EventType: CreatePipe
UtcTime: 2024-08-20 20:30:46.775
ProcessGuid: {ca24abc9-ee08-66c4-2094-000000001900}
ProcessId: 28596
PipeName: <Anonymous Pipe>
Image: C:\Windows\Microsoft.NET\Framework64\v4.0.30319\ngen.exe
User: NT AUTHORITY\SYSTEM"
4801,MY-CAL-WIN10.my-caldera.local,17,"Pipe Created:
RuleName: -
EventType: CreatePipe
UtcTime: 2024-08-20 20:30:46.878
ProcessGuid: {ca24abc9-ee08-66c4-2094-000000001900}
ProcessId: 28596
PipeName: <Anonymous Pipe>
Image: C:\Windows\Microsoft.NET\Framework64\v4.0.30319\ngen.exe
User: NT AUTHORITY\SYSTEM"
4802,MY-CAL-WIN10.my-caldera.local,17,"Pipe Created:
RuleName: -
EventType: CreatePipe
UtcTime: 2024-08-20 20:31:20.812
ProcessGuid: {ca24abc9-ee08-66c4-2094-000000001900}
ProcessId: 28596
PipeName: <Anonymous Pipe>
Image: C:\Windows\Microsoft.NET\Framework64\v4.0.30319\ngen.exe
User: NT AUTHORITY\SYSTEM"
4803,MY-CAL-WIN10.my-caldera.local,17,"Pipe Created:
RuleName: -
EventType: CreatePipe
UtcTime: 2024-08-20 20:31:21.058
ProcessGuid: {ca24abc9-ee08-66c4-2094-000000001900}
ProcessId: 28596
PipeName: <Anonymous Pipe>
Image: C:\Windows\Microsoft.NET\Framework64\v4.0.30319\ngen.exe
User: NT AUTHORITY\SYSTEM"
4804,MY-CAL-WIN10.my-caldera.local,17,"Pipe Created:
RuleName: -
EventType: CreatePipe
UtcTime: 2024-08-20 20:31:21.163
ProcessGuid: {ca24abc9-ee08-66c4-2094-000000001900}
ProcessId: 28596
PipeName: <Anonymous Pipe>
Image: C:\Windows\Microsoft.NET\Framework64\v4.0.30319\ngen.exe
User: NT AUTHORITY\SYSTEM"
4805,MY-CAL-WIN10.my-caldera.local,17,"Pipe Created:
RuleName: -
EventType: CreatePipe
UtcTime: 2024-08-20 20:31:21.671
ProcessGuid: {ca24abc9-ee08-66c4-2094-000000001900}
ProcessId: 28596
PipeName: <Anonymous Pipe>
Image: C:\Windows\Microsoft.NET\Framework64\v4.0.30319\ngen.exe
User: NT AUTHORITY\SYSTEM"
4806,MY-CAL-WIN10.my-caldera.local,17,"Pipe Created:
RuleName: -
EventType: CreatePipe
UtcTime: 2024-08-20 20:31:21.380
ProcessGuid: {ca24abc9-ee08-66c4-2094-000000001900}
ProcessId: 28596
PipeName: <Anonymous Pipe>
Image: C:\Windows\Microsoft.NET\Framework64\v4.0.30319\ngen.exe
User: NT AUTHORITY\SYSTEM"
4807,MY-CAL-WIN10.my-caldera.local,17,"Pipe Created:
RuleName: -
EventType: CreatePipe
UtcTime: 2024-08-20 20:31:35.640
ProcessGuid: {ca24abc9-ee08-66c4-2094-000000001900}
ProcessId: 28596
PipeName: <Anonymous Pipe>
Image: C:\Windows\Microsoft.NET\Framework64\v4.0.30319\ngen.exe
User: NT AUTHORITY\SYSTEM"
4808,MY-CAL-WIN10.my-caldera.local,17,"Pipe Created:
RuleName: -
EventType: CreatePipe
UtcTime: 2024-08-20 20:31:35.872
ProcessGuid: {ca24abc9-ee08-66c4-2094-000000001900}
ProcessId: 28596
PipeName: <Anonymous Pipe>
Image: C:\Windows\Microsoft.NET\Framework64\v4.0.30319\ngen.exe
User: NT AUTHORITY\SYSTEM"
4809,MY-CAL-WIN10.my-caldera.local,17,"Pipe Created:
RuleName: -
EventType: CreatePipe
UtcTime: 2024-08-20 20:31:36.038
ProcessGuid: {ca24abc9-ee08-66c4-2094-000000001900}
ProcessId: 28596
PipeName: <Anonymous Pipe>
Image: C:\Windows\Microsoft.NET\Framework64\v4.0.30319\ngen.exe
User: NT AUTHORITY\SYSTEM"
4810,MY-CAL-WIN10.my-caldera.local,17,"Pipe Created:
RuleName: -
EventType: CreatePipe
UtcTime: 2024-08-20 20:31:36.433
ProcessGuid: {ca24abc9-ee08-66c4-2094-000000001900}
ProcessId: 28596
PipeName: <Anonymous Pipe>
Image: C:\Windows\Microsoft.NET\Framework64\v4.0.30319\ngen.exe
User: NT AUTHORITY\SYSTEM"
4811,MY-CAL-WIN10.my-caldera.local,17,"Pipe Created:
RuleName: -
EventType: CreatePipe
UtcTime: 2024-08-20 20:31:36.574
ProcessGuid: {ca24abc9-ee08-66c4-2094-000000001900}
ProcessId: 28596
PipeName: <Anonymous Pipe>
Image: C:\Windows\Microsoft.NET\Framework64\v4.0.30319\ngen.exe
User: NT AUTHORITY\SYSTEM"
4812,MY-CAL-WIN10.my-caldera.local,17,"Pipe Created:
RuleName: -
EventType: CreatePipe
UtcTime: 2024-08-20 20:31:36.235
ProcessGuid: {ca24abc9-ee08-66c4-2094-000000001900}
ProcessId: 28596
PipeName: <Anonymous Pipe>
Image: C:\Windows\Microsoft.NET\Framework64\v4.0.30319\ngen.exe
User: NT AUTHORITY\SYSTEM"
4813,MY-CAL-WIN10.my-caldera.local,17,"Pipe Created:
RuleName: -
EventType: CreatePipe
UtcTime: 2024-08-20 20:31:37.220
ProcessGuid: {ca24abc9-ee08-66c4-2094-000000001900}
ProcessId: 28596
PipeName: <Anonymous Pipe>
Image: C:\Windows\Microsoft.NET\Framework64\v4.0.30319\ngen.exe
User: NT AUTHORITY\SYSTEM"
4814,MY-CAL-WIN10.my-caldera.local,17,"Pipe Created:
RuleName: -
EventType: CreatePipe
UtcTime: 2024-08-20 20:31:36.709
ProcessGuid: {ca24abc9-ee08-66c4-2094-000000001900}
ProcessId: 28596
PipeName: <Anonymous Pipe>
Image: C:\Windows\Microsoft.NET\Framework64\v4.0.30319\ngen.exe
User: NT AUTHORITY\SYSTEM"
4815,MY-CAL-WIN10.my-caldera.local,17,"Pipe Created:
RuleName: -
EventType: CreatePipe
UtcTime: 2024-08-20 20:31:37.114
ProcessGuid: {ca24abc9-ee08-66c4-2094-000000001900}
ProcessId: 28596
PipeName: <Anonymous Pipe>
Image: C:\Windows\Microsoft.NET\Framework64\v4.0.30319\ngen.exe
User: NT AUTHORITY\SYSTEM"
4816,MY-CAL-WIN10.my-caldera.local,17,"Pipe Created:
RuleName: -
EventType: CreatePipe
UtcTime: 2024-08-20 20:31:36.851
ProcessGuid: {ca24abc9-ee08-66c4-2094-000000001900}
ProcessId: 28596
PipeName: <Anonymous Pipe>
Image: C:\Windows\Microsoft.NET\Framework64\v4.0.30319\ngen.exe
User: NT AUTHORITY\SYSTEM"
4817,MY-CAL-WIN10.my-caldera.local,17,"Pipe Created:
RuleName: -
EventType: CreatePipe
UtcTime: 2024-08-20 20:31:36.984
ProcessGuid: {ca24abc9-ee08-66c4-2094-000000001900}
ProcessId: 28596
PipeName: <Anonymous Pipe>
Image: C:\Windows\Microsoft.NET\Framework64\v4.0.30319\ngen.exe
User: NT AUTHORITY\SYSTEM"
4818,MY-CAL-WIN10.my-caldera.local,17,"Pipe Created:
RuleName: -
EventType: CreatePipe
UtcTime: 2024-08-20 20:31:50.876
ProcessGuid: {ca24abc9-ee08-66c4-2094-000000001900}
ProcessId: 28596
PipeName: <Anonymous Pipe>
Image: C:\Windows\Microsoft.NET\Framework64\v4.0.30319\ngen.exe
User: NT AUTHORITY\SYSTEM"
4819,MY-CAL-WIN10.my-caldera.local,17,"Pipe Created:
RuleName: -
EventType: CreatePipe
UtcTime: 2024-08-20 20:31:51.591
ProcessGuid: {ca24abc9-ee08-66c4-2094-000000001900}
ProcessId: 28596
PipeName: <Anonymous Pipe>
Image: C:\Windows\Microsoft.NET\Framework64\v4.0.30319\ngen.exe
User: NT AUTHORITY\SYSTEM"
4820,MY-CAL-WIN10.my-caldera.local,17,"Pipe Created:
RuleName: -
EventType: CreatePipe
UtcTime: 2024-08-20 20:31:51.702
ProcessGuid: {ca24abc9-ee08-66c4-2094-000000001900}
ProcessId: 28596
PipeName: <Anonymous Pipe>
Image: C:\Windows\Microsoft.NET\Framework64\v4.0.30319\ngen.exe
User: NT AUTHORITY\SYSTEM"
4821,MY-CAL-WIN10.my-caldera.local,17,"Pipe Created:
RuleName: -
EventType: CreatePipe
UtcTime: 2024-08-20 20:31:50.566
ProcessGuid: {ca24abc9-ee08-66c4-2094-000000001900}
ProcessId: 28596
PipeName: <Anonymous Pipe>
Image: C:\Windows\Microsoft.NET\Framework64\v4.0.30319\ngen.exe
User: NT AUTHORITY\SYSTEM"
4822,MY-CAL-WIN10.my-caldera.local,17,"Pipe Created:
RuleName: -
EventType: CreatePipe
UtcTime: 2024-08-20 20:31:51.841
ProcessGuid: {ca24abc9-ee08-66c4-2094-000000001900}
ProcessId: 28596
PipeName: <Anonymous Pipe>
Image: C:\Windows\Microsoft.NET\Framework64\v4.0.30319\ngen.exe
User: NT AUTHORITY\SYSTEM"
4823,MY-CAL-WIN10.my-caldera.local,17,"Pipe Created:
RuleName: -
EventType: CreatePipe
UtcTime: 2024-08-20 20:31:51.973
ProcessGuid: {ca24abc9-ee08-66c4-2094-000000001900}
ProcessId: 28596
PipeName: <Anonymous Pipe>
Image: C:\Windows\Microsoft.NET\Framework64\v4.0.30319\ngen.exe
User: NT AUTHORITY\SYSTEM"
4824,MY-CAL-WIN10.my-caldera.local,17,"Pipe Created:
RuleName: -
EventType: CreatePipe
UtcTime: 2024-08-20 20:32:26.173
ProcessGuid: {ca24abc9-fd4b-66c4-5d98-000000001900}
ProcessId: 1112
PipeName: <Anonymous Pipe>
Image: C:\Windows\Microsoft.NET\Framework\v4.0.30319\ngen.exe
User: NT AUTHORITY\SYSTEM"
4825,MY-CAL-WIN10.my-caldera.local,17,"Pipe Created:
RuleName: -
EventType: CreatePipe
UtcTime: 2024-08-20 20:35:16.066
ProcessGuid: {ca24abc9-f379-66c4-d594-000000001900}
ProcessId: 8936
PipeName: <Anonymous Pipe>
Image: C:\Program Files (x86)\Microsoft Visual Studio\Installer\resources\app\ServiceHub\Services\Microsoft.VisualStudio.Setup.Service\VSIXAutoUpdate.exe
User: NT AUTHORITY\SYSTEM"
4826,MY-CAL-WIN10.my-caldera.local,17,"Pipe Created:
RuleName: -
EventType: CreatePipe
UtcTime: 2024-08-20 20:35:16.066
ProcessGuid: {ca24abc9-f379-66c4-d594-000000001900}
ProcessId: 8936
PipeName: <Anonymous Pipe>
Image: C:\Program Files (x86)\Microsoft Visual Studio\Installer\resources\app\ServiceHub\Services\Microsoft.VisualStudio.Setup.Service\VSIXAutoUpdate.exe
User: NT AUTHORITY\SYSTEM"
4827,MY-CAL-WIN10.my-caldera.local,17,"Pipe Created:
RuleName: -
EventType: CreatePipe
UtcTime: 2024-08-20 20:35:22.224
ProcessGuid: {ca24abc9-f379-66c4-d594-000000001900}
ProcessId: 8936
PipeName: <Anonymous Pipe>
Image: C:\Program Files (x86)\Microsoft Visual Studio\Installer\resources\app\ServiceHub\Services\Microsoft.VisualStudio.Setup.Service\VSIXAutoUpdate.exe
User: NT AUTHORITY\SYSTEM"
4828,MY-CAL-WIN10.my-caldera.local,17,"Pipe Created:
RuleName: -
EventType: CreatePipe
UtcTime: 2024-08-20 20:35:21.737
ProcessGuid: {ca24abc9-f379-66c4-d594-000000001900}
ProcessId: 8936
PipeName: <Anonymous Pipe>
Image: C:\Program Files (x86)\Microsoft Visual Studio\Installer\resources\app\ServiceHub\Services\Microsoft.VisualStudio.Setup.Service\VSIXAutoUpdate.exe
User: NT AUTHORITY\SYSTEM"
4829,MY-CAL-WIN10.my-caldera.local,17,"Pipe Created:
RuleName: -
EventType: CreatePipe
UtcTime: 2024-08-20 20:35:21.738
ProcessGuid: {ca24abc9-f379-66c4-d594-000000001900}
ProcessId: 8936
PipeName: <Anonymous Pipe>
Image: C:\Program Files (x86)\Microsoft Visual Studio\Installer\resources\app\ServiceHub\Services\Microsoft.VisualStudio.Setup.Service\VSIXAutoUpdate.exe
User: NT AUTHORITY\SYSTEM"
4830,MY-CAL-WIN10.my-caldera.local,17,"Pipe Created:
RuleName: -
EventType: CreatePipe
UtcTime: 2024-08-20 20:35:22.223
ProcessGuid: {ca24abc9-f379-66c4-d594-000000001900}
ProcessId: 8936
PipeName: <Anonymous Pipe>
Image: C:\Program Files (x86)\Microsoft Visual Studio\Installer\resources\app\ServiceHub\Services\Microsoft.VisualStudio.Setup.Service\VSIXAutoUpdate.exe
User: NT AUTHORITY\SYSTEM"
4831,MY-CAL-WIN10.my-caldera.local,17,"Pipe Created:
RuleName: -
EventType: CreatePipe
UtcTime: 2024-08-20 20:37:24.061
ProcessGuid: {ca24abc9-fe70-66c4-af98-000000001900}
ProcessId: 20800
PipeName: \CPFATP_20800_v4.0.30319
Image: C:\Program Files\Microsoft Visual Studio\2022\Community\common7\ide\devenv.exe
User: MY-CALDERA\johnny.douche"
4832,MY-CAL-WIN10.my-caldera.local,17,"Pipe Created:
RuleName: -
EventType: CreatePipe
UtcTime: 2024-08-20 20:39:12.429
ProcessGuid: {ca24abc9-f379-66c4-d594-000000001900}
ProcessId: 8936
PipeName: <Anonymous Pipe>
Image: C:\Program Files (x86)\Microsoft Visual Studio\Installer\resources\app\ServiceHub\Services\Microsoft.VisualStudio.Setup.Service\VSIXAutoUpdate.exe
User: NT AUTHORITY\SYSTEM"
4833,MY-CAL-WIN10.my-caldera.local,17,"Pipe Created:
RuleName: -
EventType: CreatePipe
UtcTime: 2024-08-20 20:39:12.430
ProcessGuid: {ca24abc9-f379-66c4-d594-000000001900}
ProcessId: 8936
PipeName: <Anonymous Pipe>
Image: C:\Program Files (x86)\Microsoft Visual Studio\Installer\resources\app\ServiceHub\Services\Microsoft.VisualStudio.Setup.Service\VSIXAutoUpdate.exe
User: NT AUTHORITY\SYSTEM"
4834,MY-CAL-WIN10.my-caldera.local,17,"Pipe Created:
RuleName: -
EventType: CreatePipe
UtcTime: 2024-08-20 20:39:11.953
ProcessGuid: {ca24abc9-f379-66c4-d594-000000001900}
ProcessId: 8936
PipeName: <Anonymous Pipe>
Image: C:\Program Files (x86)\Microsoft Visual Studio\Installer\resources\app\ServiceHub\Services\Microsoft.VisualStudio.Setup.Service\VSIXAutoUpdate.exe
User: NT AUTHORITY\SYSTEM"
4835,MY-CAL-WIN10.my-caldera.local,17,"Pipe Created:
RuleName: -
EventType: CreatePipe
UtcTime: 2024-08-20 20:39:11.954
ProcessGuid: {ca24abc9-f379-66c4-d594-000000001900}
ProcessId: 8936
PipeName: <Anonymous Pipe>
Image: C:\Program Files (x86)\Microsoft Visual Studio\Installer\resources\app\ServiceHub\Services\Microsoft.VisualStudio.Setup.Service\VSIXAutoUpdate.exe
User: NT AUTHORITY\SYSTEM"
4836,MY-CAL-WIN10.my-caldera.local,17,"Pipe Created:
RuleName: -
EventType: CreatePipe
UtcTime: 2024-08-20 20:02:37.337
ProcessGuid: {ca24abc9-ee08-66c4-2094-000000001900}
ProcessId: 28596
PipeName: <Anonymous Pipe>
Image: C:\Windows\Microsoft.NET\Framework64\v4.0.30319\ngen.exe
User: NT AUTHORITY\SYSTEM"
4837,MY-CAL-WIN10.my-caldera.local,17,"Pipe Created:
RuleName: -
EventType: CreatePipe
UtcTime: 2024-08-20 20:05:57.975
ProcessGuid: {ca24abc9-ee08-66c4-2094-000000001900}
ProcessId: 28596
PipeName: <Anonymous Pipe>
Image: C:\Windows\Microsoft.NET\Framework64\v4.0.30319\ngen.exe
User: NT AUTHORITY\SYSTEM"
4838,MY-CAL-WIN10.my-caldera.local,17,"Pipe Created:
RuleName: -
EventType: CreatePipe
UtcTime: 2024-08-20 20:06:08.544
ProcessGuid: {ca24abc9-ee08-66c4-2094-000000001900}
ProcessId: 28596
PipeName: <Anonymous Pipe>
Image: C:\Windows\Microsoft.NET\Framework64\v4.0.30319\ngen.exe
User: NT AUTHORITY\SYSTEM"
4839,MY-CAL-WIN10.my-caldera.local,17,"Pipe Created:
RuleName: -
EventType: CreatePipe
UtcTime: 2024-08-20 20:06:08.914
ProcessGuid: {ca24abc9-ee08-66c4-2094-000000001900}
ProcessId: 28596
PipeName: <Anonymous Pipe>
Image: C:\Windows\Microsoft.NET\Framework64\v4.0.30319\ngen.exe
User: NT AUTHORITY\SYSTEM"
4840,MY-CAL-WIN10.my-caldera.local,17,"Pipe Created:
RuleName: -
EventType: CreatePipe
UtcTime: 2024-08-20 20:07:10.388
ProcessGuid: {ca24abc9-ee08-66c4-2094-000000001900}
ProcessId: 28596
PipeName: <Anonymous Pipe>
Image: C:\Windows\Microsoft.NET\Framework64\v4.0.30319\ngen.exe
User: NT AUTHORITY\SYSTEM"
4841,MY-CAL-WIN10.my-caldera.local,17,"Pipe Created:
RuleName: -
EventType: CreatePipe
UtcTime: 2024-08-20 20:07:24.873
ProcessGuid: {ca24abc9-ee08-66c4-2094-000000001900}
ProcessId: 28596
PipeName: <Anonymous Pipe>
Image: C:\Windows\Microsoft.NET\Framework64\v4.0.30319\ngen.exe
User: NT AUTHORITY\SYSTEM"
4842,MY-CAL-WIN10.my-caldera.local,17,"Pipe Created:
RuleName: -
EventType: CreatePipe
UtcTime: 2024-08-20 20:07:36.139
ProcessGuid: {ca24abc9-ee08-66c4-2094-000000001900}
ProcessId: 28596
PipeName: <Anonymous Pipe>
Image: C:\Windows\Microsoft.NET\Framework64\v4.0.30319\ngen.exe
User: NT AUTHORITY\SYSTEM"
4843,MY-CAL-WIN10.my-caldera.local,17,"Pipe Created:
RuleName: -
EventType: CreatePipe
UtcTime: 2024-08-20 20:07:35.201
ProcessGuid: {ca24abc9-ee08-66c4-2094-000000001900}
ProcessId: 28596
PipeName: <Anonymous Pipe>
Image: C:\Windows\Microsoft.NET\Framework64\v4.0.30319\ngen.exe
User: NT AUTHORITY\SYSTEM"
4844,MY-CAL-WIN10.my-caldera.local,17,"Pipe Created:
RuleName: -
EventType: CreatePipe
UtcTime: 2024-08-20 20:07:35.607
ProcessGuid: {ca24abc9-ee08-66c4-2094-000000001900}
ProcessId: 28596
PipeName: <Anonymous Pipe>
Image: C:\Windows\Microsoft.NET\Framework64\v4.0.30319\ngen.exe
User: NT AUTHORITY\SYSTEM"
4845,MY-CAL-WIN10.my-caldera.local,17,"Pipe Created:
RuleName: -
EventType: CreatePipe
UtcTime: 2024-08-20 20:07:46.860
ProcessGuid: {ca24abc9-ee08-66c4-2094-000000001900}
ProcessId: 28596
PipeName: <Anonymous Pipe>
Image: C:\Windows\Microsoft.NET\Framework64\v4.0.30319\ngen.exe
User: NT AUTHORITY\SYSTEM"
4846,MY-CAL-WIN10.my-caldera.local,17,"Pipe Created:
RuleName: -
EventType: CreatePipe
UtcTime: 2024-08-20 20:07:47.279
ProcessGuid: {ca24abc9-ee08-66c4-2094-000000001900}
ProcessId: 28596
PipeName: <Anonymous Pipe>
Image: C:\Windows\Microsoft.NET\Framework64\v4.0.30319\ngen.exe
User: NT AUTHORITY\SYSTEM"
4847,MY-CAL-WIN10.my-caldera.local,17,"Pipe Created:
RuleName: -
EventType: CreatePipe
UtcTime: 2024-08-20 20:08:07.535
ProcessGuid: {ca24abc9-ee08-66c4-2094-000000001900}
ProcessId: 28596
PipeName: <Anonymous Pipe>
Image: C:\Windows\Microsoft.NET\Framework64\v4.0.30319\ngen.exe
User: NT AUTHORITY\SYSTEM"
4848,MY-CAL-WIN10.my-caldera.local,17,"Pipe Created:
RuleName: -
EventType: CreatePipe
UtcTime: 2024-08-20 20:08:07.922
ProcessGuid: {ca24abc9-ee08-66c4-2094-000000001900}
ProcessId: 28596
PipeName: <Anonymous Pipe>
Image: C:\Windows\Microsoft.NET\Framework64\v4.0.30319\ngen.exe
User: NT AUTHORITY\SYSTEM"
4849,MY-CAL-WIN10.my-caldera.local,17,"Pipe Created:
RuleName: -
EventType: CreatePipe
UtcTime: 2024-08-20 20:08:08.154
ProcessGuid: {ca24abc9-ee08-66c4-2094-000000001900}
ProcessId: 28596
PipeName: <Anonymous Pipe>
Image: C:\Windows\Microsoft.NET\Framework64\v4.0.30319\ngen.exe
User: NT AUTHORITY\SYSTEM"
4850,MY-CAL-WIN10.my-caldera.local,17,"Pipe Created:
RuleName: -
EventType: CreatePipe
UtcTime: 2024-08-20 20:08:10.025
ProcessGuid: {ca24abc9-ee08-66c4-2094-000000001900}
ProcessId: 28596
PipeName: <Anonymous Pipe>
Image: C:\Windows\Microsoft.NET\Framework64\v4.0.30319\ngen.exe
User: NT AUTHORITY\SYSTEM"
4851,MY-CAL-WIN10.my-caldera.local,17,"Pipe Created:
RuleName: -
EventType: CreatePipe
UtcTime: 2024-08-20 20:08:35.957
ProcessGuid: {ca24abc9-ee08-66c4-2094-000000001900}
ProcessId: 28596
PipeName: <Anonymous Pipe>
Image: C:\Windows\Microsoft.NET\Framework64\v4.0.30319\ngen.exe
User: NT AUTHORITY\SYSTEM"
4852,MY-CAL-WIN10.my-caldera.local,17,"Pipe Created:
RuleName: -
EventType: CreatePipe
UtcTime: 2024-08-20 20:08:45.347
ProcessGuid: {ca24abc9-ee08-66c4-2094-000000001900}
ProcessId: 28596
PipeName: <Anonymous Pipe>
Image: C:\Windows\Microsoft.NET\Framework64\v4.0.30319\ngen.exe
User: NT AUTHORITY\SYSTEM"
4853,MY-CAL-WIN10.my-caldera.local,17,"Pipe Created:
RuleName: -
EventType: CreatePipe
UtcTime: 2024-08-20 20:09:09.286
ProcessGuid: {ca24abc9-ee08-66c4-2094-000000001900}
ProcessId: 28596
PipeName: <Anonymous Pipe>
Image: C:\Windows\Microsoft.NET\Framework64\v4.0.30319\ngen.exe
User: NT AUTHORITY\SYSTEM"
4854,MY-CAL-WIN10.my-caldera.local,17,"Pipe Created:
RuleName: -
EventType: CreatePipe
UtcTime: 2024-08-20 20:09:20.611
ProcessGuid: {ca24abc9-ee08-66c4-2094-000000001900}
ProcessId: 28596
PipeName: <Anonymous Pipe>
Image: C:\Windows\Microsoft.NET\Framework64\v4.0.30319\ngen.exe
User: NT AUTHORITY\SYSTEM"
4855,MY-CAL-WIN10.my-caldera.local,17,"Pipe Created:
RuleName: -
EventType: CreatePipe
UtcTime: 2024-08-20 20:10:12.806
ProcessGuid: {ca24abc9-ee08-66c4-2094-000000001900}
ProcessId: 28596
PipeName: <Anonymous Pipe>
Image: C:\Windows\Microsoft.NET\Framework64\v4.0.30319\ngen.exe
User: NT AUTHORITY\SYSTEM"
4856,MY-CAL-WIN10.my-caldera.local,17,"Pipe Created:
RuleName: -
EventType: CreatePipe
UtcTime: 2024-08-20 20:10:22.534
ProcessGuid: {ca24abc9-ee08-66c4-2094-000000001900}
ProcessId: 28596
PipeName: <Anonymous Pipe>
Image: C:\Windows\Microsoft.NET\Framework64\v4.0.30319\ngen.exe
User: NT AUTHORITY\SYSTEM"
4857,MY-CAL-WIN10.my-caldera.local,17,"Pipe Created:
RuleName: -
EventType: CreatePipe
UtcTime: 2024-08-20 20:10:37.203
ProcessGuid: {ca24abc9-ee08-66c4-2094-000000001900}
ProcessId: 28596
PipeName: <Anonymous Pipe>
Image: C:\Windows\Microsoft.NET\Framework64\v4.0.30319\ngen.exe
User: NT AUTHORITY\SYSTEM"
4858,MY-CAL-WIN10.my-caldera.local,17,"Pipe Created:
RuleName: -
EventType: CreatePipe
UtcTime: 2024-08-20 20:10:33.155
ProcessGuid: {ca24abc9-ee08-66c4-2094-000000001900}
ProcessId: 28596
PipeName: <Anonymous Pipe>
Image: C:\Windows\Microsoft.NET\Framework64\v4.0.30319\ngen.exe
User: NT AUTHORITY\SYSTEM"
4859,MY-CAL-WIN10.my-caldera.local,17,"Pipe Created:
RuleName: -
EventType: CreatePipe
UtcTime: 2024-08-20 20:10:57.085
ProcessGuid: {ca24abc9-ee08-66c4-2094-000000001900}
ProcessId: 28596
PipeName: <Anonymous Pipe>
Image: C:\Windows\Microsoft.NET\Framework64\v4.0.30319\ngen.exe
User: NT AUTHORITY\SYSTEM"
4860,MY-CAL-WIN10.my-caldera.local,17,"Pipe Created:
RuleName: -
EventType: CreatePipe
UtcTime: 2024-08-20 20:11:21.318
ProcessGuid: {ca24abc9-ee08-66c4-2094-000000001900}
ProcessId: 28596
PipeName: <Anonymous Pipe>
Image: C:\Windows\Microsoft.NET\Framework64\v4.0.30319\ngen.exe
User: NT AUTHORITY\SYSTEM"
4861,MY-CAL-WIN10.my-caldera.local,17,"Pipe Created:
RuleName: -
EventType: CreatePipe
UtcTime: 2024-08-20 20:11:34.534
ProcessGuid: {ca24abc9-ee08-66c4-2094-000000001900}
ProcessId: 28596
PipeName: <Anonymous Pipe>
Image: C:\Windows\Microsoft.NET\Framework64\v4.0.30319\ngen.exe
User: NT AUTHORITY\SYSTEM"
4862,MY-CAL-WIN10.my-caldera.local,17,"Pipe Created:
RuleName: -
EventType: CreatePipe
UtcTime: 2024-08-20 20:11:39.344
ProcessGuid: {ca24abc9-ee08-66c4-2094-000000001900}
ProcessId: 28596
PipeName: <Anonymous Pipe>
Image: C:\Windows\Microsoft.NET\Framework64\v4.0.30319\ngen.exe
User: NT AUTHORITY\SYSTEM"
4863,MY-CAL-WIN10.my-caldera.local,17,"Pipe Created:
RuleName: -
EventType: CreatePipe
UtcTime: 2024-08-20 20:12:01.226
ProcessGuid: {ca24abc9-ee08-66c4-2094-000000001900}
ProcessId: 28596
PipeName: <Anonymous Pipe>
Image: C:\Windows\Microsoft.NET\Framework64\v4.0.30319\ngen.exe
User: NT AUTHORITY\SYSTEM"
4864,MY-CAL-WIN10.my-caldera.local,17,"Pipe Created:
RuleName: -
EventType: CreatePipe
UtcTime: 2024-08-20 20:12:01.664
ProcessGuid: {ca24abc9-ee08-66c4-2094-000000001900}
ProcessId: 28596
PipeName: <Anonymous Pipe>
Image: C:\Windows\Microsoft.NET\Framework64\v4.0.30319\ngen.exe
User: NT AUTHORITY\SYSTEM"
4865,MY-CAL-WIN10.my-caldera.local,17,"Pipe Created:
RuleName: -
EventType: CreatePipe
UtcTime: 2024-08-20 20:12:36.257
ProcessGuid: {ca24abc9-ee08-66c4-2094-000000001900}
ProcessId: 28596
PipeName: <Anonymous Pipe>
Image: C:\Windows\Microsoft.NET\Framework64\v4.0.30319\ngen.exe
User: NT AUTHORITY\SYSTEM"
4866,MY-CAL-WIN10.my-caldera.local,17,"Pipe Created:
RuleName: -
EventType: CreatePipe
UtcTime: 2024-08-20 20:30:18.002
ProcessGuid: {ca24abc9-ee08-66c4-2094-000000001900}
ProcessId: 28596
PipeName: <Anonymous Pipe>
Image: C:\Windows\Microsoft.NET\Framework64\v4.0.30319\ngen.exe
User: NT AUTHORITY\SYSTEM"
4867,MY-CAL-WIN10.my-caldera.local,17,"Pipe Created:
RuleName: -
EventType: CreatePipe
UtcTime: 2024-08-20 20:30:23.345
ProcessGuid: {ca24abc9-ee08-66c4-2094-000000001900}
ProcessId: 28596
PipeName: <Anonymous Pipe>
Image: C:\Windows\Microsoft.NET\Framework64\v4.0.30319\ngen.exe
User: NT AUTHORITY\SYSTEM"
4868,MY-CAL-WIN10.my-caldera.local,17,"Pipe Created:
RuleName: -
EventType: CreatePipe
UtcTime: 2024-08-20 20:30:30.276
ProcessGuid: {ca24abc9-ee08-66c4-2094-000000001900}
ProcessId: 28596
PipeName: <Anonymous Pipe>
Image: C:\Windows\Microsoft.NET\Framework64\v4.0.30319\ngen.exe
User: NT AUTHORITY\SYSTEM"
4869,MY-CAL-WIN10.my-caldera.local,17,"Pipe Created:
RuleName: -
EventType: CreatePipe
UtcTime: 2024-08-20 20:30:30.536
ProcessGuid: {ca24abc9-ee08-66c4-2094-000000001900}
ProcessId: 28596
PipeName: <Anonymous Pipe>
Image: C:\Windows\Microsoft.NET\Framework64\v4.0.30319\ngen.exe
User: NT AUTHORITY\SYSTEM"
4870,MY-CAL-WIN10.my-caldera.local,17,"Pipe Created:
RuleName: -
EventType: CreatePipe
UtcTime: 2024-08-20 20:30:30.738
ProcessGuid: {ca24abc9-ee08-66c4-2094-000000001900}
ProcessId: 28596
PipeName: <Anonymous Pipe>
Image: C:\Windows\Microsoft.NET\Framework64\v4.0.30319\ngen.exe
User: NT AUTHORITY\SYSTEM"
4871,MY-CAL-WIN10.my-caldera.local,17,"Pipe Created:
RuleName: -
EventType: CreatePipe
UtcTime: 2024-08-20 20:30:30.858
ProcessGuid: {ca24abc9-ee08-66c4-2094-000000001900}
ProcessId: 28596
PipeName: <Anonymous Pipe>
Image: C:\Windows\Microsoft.NET\Framework64\v4.0.30319\ngen.exe
User: NT AUTHORITY\SYSTEM"
4872,MY-CAL-WIN10.my-caldera.local,17,"Pipe Created:
RuleName: -
EventType: CreatePipe
UtcTime: 2024-08-20 20:30:33.483
ProcessGuid: {ca24abc9-ee08-66c4-2094-000000001900}
ProcessId: 28596
PipeName: <Anonymous Pipe>
Image: C:\Windows\Microsoft.NET\Framework64\v4.0.30319\ngen.exe
User: NT AUTHORITY\SYSTEM"
4873,MY-CAL-WIN10.my-caldera.local,17,"Pipe Created:
RuleName: -
EventType: CreatePipe
UtcTime: 2024-08-20 20:30:34.381
ProcessGuid: {ca24abc9-ee08-66c4-2094-000000001900}
ProcessId: 28596
PipeName: <Anonymous Pipe>
Image: C:\Windows\Microsoft.NET\Framework64\v4.0.30319\ngen.exe
User: NT AUTHORITY\SYSTEM"
4874,MY-CAL-WIN10.my-caldera.local,17,"Pipe Created:
RuleName: -
EventType: CreatePipe
UtcTime: 2024-08-20 20:30:33.931
ProcessGuid: {ca24abc9-ee08-66c4-2094-000000001900}
ProcessId: 28596
PipeName: <Anonymous Pipe>
Image: C:\Windows\Microsoft.NET\Framework64\v4.0.30319\ngen.exe
User: NT AUTHORITY\SYSTEM"
4875,MY-CAL-WIN10.my-caldera.local,17,"Pipe Created:
RuleName: -
EventType: CreatePipe
UtcTime: 2024-08-20 20:30:43.671
ProcessGuid: {ca24abc9-ee08-66c4-2094-000000001900}
ProcessId: 28596
PipeName: <Anonymous Pipe>
Image: C:\Windows\Microsoft.NET\Framework64\v4.0.30319\ngen.exe
User: NT AUTHORITY\SYSTEM"
4876,MY-CAL-WIN10.my-caldera.local,17,"Pipe Created:
RuleName: -
EventType: CreatePipe
UtcTime: 2024-08-20 20:30:43.984
ProcessGuid: {ca24abc9-ee08-66c4-2094-000000001900}
ProcessId: 28596
PipeName: <Anonymous Pipe>
Image: C:\Windows\Microsoft.NET\Framework64\v4.0.30319\ngen.exe
User: NT AUTHORITY\SYSTEM"
4877,MY-CAL-WIN10.my-caldera.local,17,"Pipe Created:
RuleName: -
EventType: CreatePipe
UtcTime: 2024-08-20 20:30:44.296
ProcessGuid: {ca24abc9-ee08-66c4-2094-000000001900}
ProcessId: 28596
PipeName: <Anonymous Pipe>
Image: C:\Windows\Microsoft.NET\Framework64\v4.0.30319\ngen.exe
User: NT AUTHORITY\SYSTEM"
4878,MY-CAL-WIN10.my-caldera.local,17,"Pipe Created:
RuleName: -
EventType: CreatePipe
UtcTime: 2024-08-20 20:31:06.998
ProcessGuid: {ca24abc9-ee08-66c4-2094-000000001900}
ProcessId: 28596
PipeName: <Anonymous Pipe>
Image: C:\Windows\Microsoft.NET\Framework64\v4.0.30319\ngen.exe
User: NT AUTHORITY\SYSTEM"
4879,MY-CAL-WIN10.my-caldera.local,17,"Pipe Created:
RuleName: -
EventType: CreatePipe
UtcTime: 2024-08-20 20:31:06.556
ProcessGuid: {ca24abc9-ee08-66c4-2094-000000001900}
ProcessId: 28596
PipeName: <Anonymous Pipe>
Image: C:\Windows\Microsoft.NET\Framework64\v4.0.30319\ngen.exe
User: NT AUTHORITY\SYSTEM"
4880,MY-CAL-WIN10.my-caldera.local,17,"Pipe Created:
RuleName: -
EventType: CreatePipe
UtcTime: 2024-08-20 20:31:18.566
ProcessGuid: {ca24abc9-ee08-66c4-2094-000000001900}
ProcessId: 28596
PipeName: <Anonymous Pipe>
Image: C:\Windows\Microsoft.NET\Framework64\v4.0.30319\ngen.exe
User: NT AUTHORITY\SYSTEM"
4881,MY-CAL-WIN10.my-caldera.local,17,"Pipe Created:
RuleName: -
EventType: CreatePipe
UtcTime: 2024-08-20 20:31:19.233
ProcessGuid: {ca24abc9-ee08-66c4-2094-000000001900}
ProcessId: 28596
PipeName: <Anonymous Pipe>
Image: C:\Windows\Microsoft.NET\Framework64\v4.0.30319\ngen.exe
User: NT AUTHORITY\SYSTEM"
4882,MY-CAL-WIN10.my-caldera.local,17,"Pipe Created:
RuleName: -
EventType: CreatePipe
UtcTime: 2024-08-20 20:31:19.451
ProcessGuid: {ca24abc9-ee08-66c4-2094-000000001900}
ProcessId: 28596
PipeName: <Anonymous Pipe>
Image: C:\Windows\Microsoft.NET\Framework64\v4.0.30319\ngen.exe
User: NT AUTHORITY\SYSTEM"
4883,MY-CAL-WIN10.my-caldera.local,17,"Pipe Created:
RuleName: -
EventType: CreatePipe
UtcTime: 2024-08-20 20:31:22.847
ProcessGuid: {ca24abc9-ee08-66c4-2094-000000001900}
ProcessId: 28596
PipeName: <Anonymous Pipe>
Image: C:\Windows\Microsoft.NET\Framework64\v4.0.30319\ngen.exe
User: NT AUTHORITY\SYSTEM"
4884,MY-CAL-WIN10.my-caldera.local,17,"Pipe Created:
RuleName: -
EventType: CreatePipe
UtcTime: 2024-08-20 20:31:23.772
ProcessGuid: {ca24abc9-ee08-66c4-2094-000000001900}
ProcessId: 28596
PipeName: <Anonymous Pipe>
Image: C:\Windows\Microsoft.NET\Framework64\v4.0.30319\ngen.exe
User: NT AUTHORITY\SYSTEM"
4885,MY-CAL-WIN10.my-caldera.local,17,"Pipe Created:
RuleName: -
EventType: CreatePipe
UtcTime: 2024-08-20 20:31:23.369
ProcessGuid: {ca24abc9-ee08-66c4-2094-000000001900}
ProcessId: 28596
PipeName: <Anonymous Pipe>
Image: C:\Windows\Microsoft.NET\Framework64\v4.0.30319\ngen.exe
User: NT AUTHORITY\SYSTEM"
4886,MY-CAL-WIN10.my-caldera.local,17,"Pipe Created:
RuleName: -
EventType: CreatePipe
UtcTime: 2024-08-20 20:31:23.609
ProcessGuid: {ca24abc9-ee08-66c4-2094-000000001900}
ProcessId: 28596
PipeName: <Anonymous Pipe>
Image: C:\Windows\Microsoft.NET\Framework64\v4.0.30319\ngen.exe
User: NT AUTHORITY\SYSTEM"
4887,MY-CAL-WIN10.my-caldera.local,17,"Pipe Created:
RuleName: -
EventType: CreatePipe
UtcTime: 2024-08-20 20:31:37.824
ProcessGuid: {ca24abc9-ee08-66c4-2094-000000001900}
ProcessId: 28596
PipeName: <Anonymous Pipe>
Image: C:\Windows\Microsoft.NET\Framework64\v4.0.30319\ngen.exe
User: NT AUTHORITY\SYSTEM"
4888,MY-CAL-WIN10.my-caldera.local,17,"Pipe Created:
RuleName: -
EventType: CreatePipe
UtcTime: 2024-08-20 20:31:38.341
ProcessGuid: {ca24abc9-ee08-66c4-2094-000000001900}
ProcessId: 28596
PipeName: <Anonymous Pipe>
Image: C:\Windows\Microsoft.NET\Framework64\v4.0.30319\ngen.exe
User: NT AUTHORITY\SYSTEM"
4889,MY-CAL-WIN10.my-caldera.local,17,"Pipe Created:
RuleName: -
EventType: CreatePipe
UtcTime: 2024-08-20 20:31:38.161
ProcessGuid: {ca24abc9-ee08-66c4-2094-000000001900}
ProcessId: 28596
PipeName: <Anonymous Pipe>
Image: C:\Windows\Microsoft.NET\Framework64\v4.0.30319\ngen.exe
User: NT AUTHORITY\SYSTEM"
4890,MY-CAL-WIN10.my-caldera.local,17,"Pipe Created:
RuleName: -
EventType: CreatePipe
UtcTime: 2024-08-20 20:31:44.426
ProcessGuid: {ca24abc9-ee08-66c4-2094-000000001900}
ProcessId: 28596
PipeName: <Anonymous Pipe>
Image: C:\Windows\Microsoft.NET\Framework64\v4.0.30319\ngen.exe
User: NT AUTHORITY\SYSTEM"
4891,MY-CAL-WIN10.my-caldera.local,17,"Pipe Created:
RuleName: -
EventType: CreatePipe
UtcTime: 2024-08-20 20:31:47.591
ProcessGuid: {ca24abc9-ee08-66c4-2094-000000001900}
ProcessId: 28596
PipeName: <Anonymous Pipe>
Image: C:\Windows\Microsoft.NET\Framework64\v4.0.30319\ngen.exe
User: NT AUTHORITY\SYSTEM"
4892,MY-CAL-WIN10.my-caldera.local,17,"Pipe Created:
RuleName: -
EventType: CreatePipe
UtcTime: 2024-08-20 20:31:45.881
ProcessGuid: {ca24abc9-ee08-66c4-2094-000000001900}
ProcessId: 28596
PipeName: <Anonymous Pipe>
Image: C:\Windows\Microsoft.NET\Framework64\v4.0.30319\ngen.exe
User: NT AUTHORITY\SYSTEM"
4893,MY-CAL-WIN10.my-caldera.local,17,"Pipe Created:
RuleName: -
EventType: CreatePipe
UtcTime: 2024-08-20 20:31:47.096
ProcessGuid: {ca24abc9-ee08-66c4-2094-000000001900}
ProcessId: 28596
PipeName: <Anonymous Pipe>
Image: C:\Windows\Microsoft.NET\Framework64\v4.0.30319\ngen.exe
User: NT AUTHORITY\SYSTEM"
4894,MY-CAL-WIN10.my-caldera.local,17,"Pipe Created:
RuleName: -
EventType: CreatePipe
UtcTime: 2024-08-20 20:31:47.270
ProcessGuid: {ca24abc9-ee08-66c4-2094-000000001900}
ProcessId: 28596
PipeName: <Anonymous Pipe>
Image: C:\Windows\Microsoft.NET\Framework64\v4.0.30319\ngen.exe
User: NT AUTHORITY\SYSTEM"
4895,MY-CAL-WIN10.my-caldera.local,17,"Pipe Created:
RuleName: -
EventType: CreatePipe
UtcTime: 2024-08-20 20:31:47.422
ProcessGuid: {ca24abc9-ee08-66c4-2094-000000001900}
ProcessId: 28596
PipeName: <Anonymous Pipe>
Image: C:\Windows\Microsoft.NET\Framework64\v4.0.30319\ngen.exe
User: NT AUTHORITY\SYSTEM"
4896,MY-CAL-WIN10.my-caldera.local,17,"Pipe Created:
RuleName: -
EventType: CreatePipe
UtcTime: 2024-08-20 20:31:45.341
ProcessGuid: {ca24abc9-ee08-66c4-2094-000000001900}
ProcessId: 28596
PipeName: <Anonymous Pipe>
Image: C:\Windows\Microsoft.NET\Framework64\v4.0.30319\ngen.exe
User: NT AUTHORITY\SYSTEM"
4897,MY-CAL-WIN10.my-caldera.local,17,"Pipe Created:
RuleName: -
EventType: CreatePipe
UtcTime: 2024-08-20 20:31:49.680
ProcessGuid: {ca24abc9-ee08-66c4-2094-000000001900}
ProcessId: 28596
PipeName: <Anonymous Pipe>
Image: C:\Windows\Microsoft.NET\Framework64\v4.0.30319\ngen.exe
User: NT AUTHORITY\SYSTEM"
4898,MY-CAL-WIN10.my-caldera.local,17,"Pipe Created:
RuleName: -
EventType: CreatePipe
UtcTime: 2024-08-20 20:31:49.142
ProcessGuid: {ca24abc9-ee08-66c4-2094-000000001900}
ProcessId: 28596
PipeName: <Anonymous Pipe>
Image: C:\Windows\Microsoft.NET\Framework64\v4.0.30319\ngen.exe
User: NT AUTHORITY\SYSTEM"
4899,MY-CAL-WIN10.my-caldera.local,17,"Pipe Created:
RuleName: -
EventType: CreatePipe
UtcTime: 2024-08-20 20:31:49.847
ProcessGuid: {ca24abc9-ee08-66c4-2094-000000001900}
ProcessId: 28596
PipeName: <Anonymous Pipe>
Image: C:\Windows\Microsoft.NET\Framework64\v4.0.30319\ngen.exe
User: NT AUTHORITY\SYSTEM"
4900,MY-CAL-WIN10.my-caldera.local,17,"Pipe Created:
RuleName: -
EventType: CreatePipe
UtcTime: 2024-08-20 20:31:46.019
ProcessGuid: {ca24abc9-ee08-66c4-2094-000000001900}
ProcessId: 28596
PipeName: <Anonymous Pipe>
Image: C:\Windows\Microsoft.NET\Framework64\v4.0.30319\ngen.exe
User: NT AUTHORITY\SYSTEM"
4901,MY-CAL-WIN10.my-caldera.local,17,"Pipe Created:
RuleName: -
EventType: CreatePipe
UtcTime: 2024-08-20 20:31:48.586
ProcessGuid: {ca24abc9-ee08-66c4-2094-000000001900}
ProcessId: 28596
PipeName: <Anonymous Pipe>
Image: C:\Windows\Microsoft.NET\Framework64\v4.0.30319\ngen.exe
User: NT AUTHORITY\SYSTEM"
4902,MY-CAL-WIN10.my-caldera.local,17,"Pipe Created:
RuleName: -
EventType: CreatePipe
UtcTime: 2024-08-20 20:31:45.613
ProcessGuid: {ca24abc9-ee08-66c4-2094-000000001900}
ProcessId: 28596
PipeName: <Anonymous Pipe>
Image: C:\Windows\Microsoft.NET\Framework64\v4.0.30319\ngen.exe
User: NT AUTHORITY\SYSTEM"
4903,MY-CAL-WIN10.my-caldera.local,17,"Pipe Created:
RuleName: -
EventType: CreatePipe
UtcTime: 2024-08-20 20:31:46.546
ProcessGuid: {ca24abc9-ee08-66c4-2094-000000001900}
ProcessId: 28596
PipeName: <Anonymous Pipe>
Image: C:\Windows\Microsoft.NET\Framework64\v4.0.30319\ngen.exe
User: NT AUTHORITY\SYSTEM"
4904,MY-CAL-WIN10.my-caldera.local,17,"Pipe Created:
RuleName: -
EventType: CreatePipe
UtcTime: 2024-08-20 20:31:46.197
ProcessGuid: {ca24abc9-ee08-66c4-2094-000000001900}
ProcessId: 28596
PipeName: <Anonymous Pipe>
Image: C:\Windows\Microsoft.NET\Framework64\v4.0.30319\ngen.exe
User: NT AUTHORITY\SYSTEM"
4905,MY-CAL-WIN10.my-caldera.local,17,"Pipe Created:
RuleName: -
EventType: CreatePipe
UtcTime: 2024-08-20 20:31:46.679
ProcessGuid: {ca24abc9-ee08-66c4-2094-000000001900}
ProcessId: 28596
PipeName: <Anonymous Pipe>
Image: C:\Windows\Microsoft.NET\Framework64\v4.0.30319\ngen.exe
User: NT AUTHORITY\SYSTEM"
4906,MY-CAL-WIN10.my-caldera.local,17,"Pipe Created:
RuleName: -
EventType: CreatePipe
UtcTime: 2024-08-20 20:31:46.928
ProcessGuid: {ca24abc9-ee08-66c4-2094-000000001900}
ProcessId: 28596
PipeName: <Anonymous Pipe>
Image: C:\Windows\Microsoft.NET\Framework64\v4.0.30319\ngen.exe
User: NT AUTHORITY\SYSTEM"
4907,MY-CAL-WIN10.my-caldera.local,17,"Pipe Created:
RuleName: -
EventType: CreatePipe
UtcTime: 2024-08-20 20:31:46.349
ProcessGuid: {ca24abc9-ee08-66c4-2094-000000001900}
ProcessId: 28596
PipeName: <Anonymous Pipe>
Image: C:\Windows\Microsoft.NET\Framework64\v4.0.30319\ngen.exe
User: NT AUTHORITY\SYSTEM"
4908,MY-CAL-WIN10.my-caldera.local,17,"Pipe Created:
RuleName: -
EventType: CreatePipe
UtcTime: 2024-08-20 20:31:44.294
ProcessGuid: {ca24abc9-ee08-66c4-2094-000000001900}
ProcessId: 28596
PipeName: <Anonymous Pipe>
Image: C:\Windows\Microsoft.NET\Framework64\v4.0.30319\ngen.exe
User: NT AUTHORITY\SYSTEM"
4909,MY-CAL-WIN10.my-caldera.local,17,"Pipe Created:
RuleName: -
EventType: CreatePipe
UtcTime: 2024-08-20 20:31:44.565
ProcessGuid: {ca24abc9-ee08-66c4-2094-000000001900}
ProcessId: 28596
PipeName: <Anonymous Pipe>
Image: C:\Windows\Microsoft.NET\Framework64\v4.0.30319\ngen.exe
User: NT AUTHORITY\SYSTEM"
4910,MY-CAL-WIN10.my-caldera.local,17,"Pipe Created:
RuleName: -
EventType: CreatePipe
UtcTime: 2024-08-20 20:31:45.209
ProcessGuid: {ca24abc9-ee08-66c4-2094-000000001900}
ProcessId: 28596
PipeName: <Anonymous Pipe>
Image: C:\Windows\Microsoft.NET\Framework64\v4.0.30319\ngen.exe
User: NT AUTHORITY\SYSTEM"
4911,MY-CAL-WIN10.my-caldera.local,17,"Pipe Created:
RuleName: -
EventType: CreatePipe
UtcTime: 2024-08-20 20:31:49.361
ProcessGuid: {ca24abc9-ee08-66c4-2094-000000001900}
ProcessId: 28596
PipeName: <Anonymous Pipe>
Image: C:\Windows\Microsoft.NET\Framework64\v4.0.30319\ngen.exe
User: NT AUTHORITY\SYSTEM"
4912,MY-CAL-WIN10.my-caldera.local,17,"Pipe Created:
RuleName: -
EventType: CreatePipe
UtcTime: 2024-08-20 20:31:49.519
ProcessGuid: {ca24abc9-ee08-66c4-2094-000000001900}
ProcessId: 28596
PipeName: <Anonymous Pipe>
Image: C:\Windows\Microsoft.NET\Framework64\v4.0.30319\ngen.exe
User: NT AUTHORITY\SYSTEM"
4913,MY-CAL-WIN10.my-caldera.local,17,"Pipe Created:
RuleName: -
EventType: CreatePipe
UtcTime: 2024-08-20 20:31:48.798
ProcessGuid: {ca24abc9-ee08-66c4-2094-000000001900}
ProcessId: 28596
PipeName: <Anonymous Pipe>
Image: C:\Windows\Microsoft.NET\Framework64\v4.0.30319\ngen.exe
User: NT AUTHORITY\SYSTEM"
4914,MY-CAL-WIN10.my-caldera.local,17,"Pipe Created:
RuleName: -
EventType: CreatePipe
UtcTime: 2024-08-20 20:31:48.971
ProcessGuid: {ca24abc9-ee08-66c4-2094-000000001900}
ProcessId: 28596
PipeName: <Anonymous Pipe>
Image: C:\Windows\Microsoft.NET\Framework64\v4.0.30319\ngen.exe
User: NT AUTHORITY\SYSTEM"
4915,MY-CAL-WIN10.my-caldera.local,17,"Pipe Created:
RuleName: -
EventType: CreatePipe
UtcTime: 2024-08-20 20:31:52.676
ProcessGuid: {ca24abc9-ee08-66c4-2094-000000001900}
ProcessId: 28596
PipeName: <Anonymous Pipe>
Image: C:\Windows\Microsoft.NET\Framework64\v4.0.30319\ngen.exe
User: NT AUTHORITY\SYSTEM"
4916,MY-CAL-WIN10.my-caldera.local,17,"Pipe Created:
RuleName: -
EventType: CreatePipe
UtcTime: 2024-08-20 20:31:53.439
ProcessGuid: {ca24abc9-ee08-66c4-2094-000000001900}
ProcessId: 28596
PipeName: <Anonymous Pipe>
Image: C:\Windows\Microsoft.NET\Framework64\v4.0.30319\ngen.exe
User: NT AUTHORITY\SYSTEM"
4917,MY-CAL-WIN10.my-caldera.local,17,"Pipe Created:
RuleName: -
EventType: CreatePipe
UtcTime: 2024-08-20 20:31:53.098
ProcessGuid: {ca24abc9-ee08-66c4-2094-000000001900}
ProcessId: 28596
PipeName: <Anonymous Pipe>
Image: C:\Windows\Microsoft.NET\Framework64\v4.0.30319\ngen.exe
User: NT AUTHORITY\SYSTEM"
4918,MY-CAL-WIN10.my-caldera.local,17,"Pipe Created:
RuleName: -
EventType: CreatePipe
UtcTime: 2024-08-20 20:32:05.580
ProcessGuid: {ca24abc9-fd45-66c4-5a98-000000001900}
ProcessId: 17268
PipeName: <Anonymous Pipe>
Image: C:\Windows\Microsoft.NET\Framework64\v4.0.30319\ngen.exe
User: NT AUTHORITY\SYSTEM"
4919,MY-CAL-WIN10.my-caldera.local,17,"Pipe Created:
RuleName: -
EventType: CreatePipe
UtcTime: 2024-08-20 20:32:17.101
ProcessGuid: {ca24abc9-fd4b-66c4-5d98-000000001900}
ProcessId: 1112
PipeName: <Anonymous Pipe>
Image: C:\Windows\Microsoft.NET\Framework\v4.0.30319\ngen.exe
User: NT AUTHORITY\SYSTEM"
4920,MY-CAL-WIN10.my-caldera.local,17,"Pipe Created:
RuleName: -
EventType: CreatePipe
UtcTime: 2024-08-20 20:32:17.757
ProcessGuid: {ca24abc9-fd4b-66c4-5d98-000000001900}
ProcessId: 1112
PipeName: <Anonymous Pipe>
Image: C:\Windows\Microsoft.NET\Framework\v4.0.30319\ngen.exe
User: NT AUTHORITY\SYSTEM"
4921,MY-CAL-WIN10.my-caldera.local,17,"Pipe Created:
RuleName: -
EventType: CreatePipe
UtcTime: 2024-08-20 20:32:21.436
ProcessGuid: {ca24abc9-fd4b-66c4-5d98-000000001900}
ProcessId: 1112
PipeName: <Anonymous Pipe>
Image: C:\Windows\Microsoft.NET\Framework\v4.0.30319\ngen.exe
User: NT AUTHORITY\SYSTEM"
4922,MY-CAL-WIN10.my-caldera.local,17,"Pipe Created:
RuleName: -
EventType: CreatePipe
UtcTime: 2024-08-20 20:32:21.567
ProcessGuid: {ca24abc9-fd4b-66c4-5d98-000000001900}
ProcessId: 1112
PipeName: <Anonymous Pipe>
Image: C:\Windows\Microsoft.NET\Framework\v4.0.30319\ngen.exe
User: NT AUTHORITY\SYSTEM"
4923,MY-CAL-WIN10.my-caldera.local,17,"Pipe Created:
RuleName: -
EventType: CreatePipe
UtcTime: 2024-08-20 20:32:21.695
ProcessGuid: {ca24abc9-fd4b-66c4-5d98-000000001900}
ProcessId: 1112
PipeName: <Anonymous Pipe>
Image: C:\Windows\Microsoft.NET\Framework\v4.0.30319\ngen.exe
User: NT AUTHORITY\SYSTEM"
4924,MY-CAL-WIN10.my-caldera.local,17,"Pipe Created:
RuleName: -
EventType: CreatePipe
UtcTime: 2024-08-20 20:32:20.366
ProcessGuid: {ca24abc9-fd4b-66c4-5d98-000000001900}
ProcessId: 1112
PipeName: <Anonymous Pipe>
Image: C:\Windows\Microsoft.NET\Framework\v4.0.30319\ngen.exe
User: NT AUTHORITY\SYSTEM"
4925,MY-CAL-WIN10.my-caldera.local,17,"Pipe Created:
RuleName: -
EventType: CreatePipe
UtcTime: 2024-08-20 20:32:20.747
ProcessGuid: {ca24abc9-fd4b-66c4-5d98-000000001900}
ProcessId: 1112
PipeName: <Anonymous Pipe>
Image: C:\Windows\Microsoft.NET\Framework\v4.0.30319\ngen.exe
User: NT AUTHORITY\SYSTEM"
4926,MY-CAL-WIN10.my-caldera.local,17,"Pipe Created:
RuleName: -
EventType: CreatePipe
UtcTime: 2024-08-20 20:32:24.530
ProcessGuid: {ca24abc9-fd4b-66c4-5d98-000000001900}
ProcessId: 1112
PipeName: <Anonymous Pipe>
Image: C:\Windows\Microsoft.NET\Framework\v4.0.30319\ngen.exe
User: NT AUTHORITY\SYSTEM"
4927,MY-CAL-WIN10.my-caldera.local,17,"Pipe Created:
RuleName: -
EventType: CreatePipe
UtcTime: 2024-08-20 20:32:20.966
ProcessGuid: {ca24abc9-fd4b-66c4-5d98-000000001900}
ProcessId: 1112
PipeName: <Anonymous Pipe>
Image: C:\Windows\Microsoft.NET\Framework\v4.0.30319\ngen.exe
User: NT AUTHORITY\SYSTEM"
4928,MY-CAL-WIN10.my-caldera.local,17,"Pipe Created:
RuleName: -
EventType: CreatePipe
UtcTime: 2024-08-20 20:32:21.097
ProcessGuid: {ca24abc9-fd4b-66c4-5d98-000000001900}
ProcessId: 1112
PipeName: <Anonymous Pipe>
Image: C:\Windows\Microsoft.NET\Framework\v4.0.30319\ngen.exe
User: NT AUTHORITY\SYSTEM"
4929,MY-CAL-WIN10.my-caldera.local,17,"Pipe Created:
RuleName: -
EventType: CreatePipe
UtcTime: 2024-08-20 20:32:21.239
ProcessGuid: {ca24abc9-fd4b-66c4-5d98-000000001900}
ProcessId: 1112
PipeName: <Anonymous Pipe>
Image: C:\Windows\Microsoft.NET\Framework\v4.0.30319\ngen.exe
User: NT AUTHORITY\SYSTEM"
4930,MY-CAL-WIN10.my-caldera.local,17,"Pipe Created:
RuleName: -
EventType: CreatePipe
UtcTime: 2024-08-20 20:32:24.006
ProcessGuid: {ca24abc9-fd4b-66c4-5d98-000000001900}
ProcessId: 1112
PipeName: <Anonymous Pipe>
Image: C:\Windows\Microsoft.NET\Framework\v4.0.30319\ngen.exe
User: NT AUTHORITY\SYSTEM"
4931,MY-CAL-WIN10.my-caldera.local,17,"Pipe Created:
RuleName: -
EventType: CreatePipe
UtcTime: 2024-08-20 20:32:27.178
ProcessGuid: {ca24abc9-fd4b-66c4-5d98-000000001900}
ProcessId: 1112
PipeName: <Anonymous Pipe>
Image: C:\Windows\Microsoft.NET\Framework\v4.0.30319\ngen.exe
User: NT AUTHORITY\SYSTEM"
4932,MY-CAL-WIN10.my-caldera.local,17,"Pipe Created:
RuleName: -
EventType: CreatePipe
UtcTime: 2024-08-20 20:32:27.421
ProcessGuid: {ca24abc9-fd4b-66c4-5d98-000000001900}
ProcessId: 1112
PipeName: <Anonymous Pipe>
Image: C:\Windows\Microsoft.NET\Framework\v4.0.30319\ngen.exe
User: NT AUTHORITY\SYSTEM"
4933,MY-CAL-WIN10.my-caldera.local,17,"Pipe Created:
RuleName: -
EventType: CreatePipe
UtcTime: 2024-08-20 20:32:27.595
ProcessGuid: {ca24abc9-f379-66c4-d594-000000001900}
ProcessId: 8936
PipeName: <Anonymous Pipe>
Image: C:\Program Files (x86)\Microsoft Visual Studio\Installer\resources\app\ServiceHub\Services\Microsoft.VisualStudio.Setup.Service\VSIXAutoUpdate.exe
User: NT AUTHORITY\SYSTEM"
4934,MY-CAL-WIN10.my-caldera.local,17,"Pipe Created:
