MY-CAL-WIN10.my-caldera.local,11,"File created:
RuleName: Sysmonv1514
UtcTime: 2024-08-20 00:43:57.129
ProcessGuid: {ca24abc9-d6b1-66c3-ba00-000000001d00}
ProcessId: 6760
Image: C:\Program Files\WinlogBeat\winlogbeat.exe
TargetFilename: C:\ProgramData\winlogbeat\.winlogbeat.yml.new
CreationUtcTime: 2024-08-20 00:11:02.025
User: NT AUTHORITY\SYSTEM"
MY-CAL-WIN10.my-caldera.local,11,"File created:
RuleName: DO
UtcTime: 2024-08-20 00:43:57.167
ProcessGuid: {ca24abc9-e6cc-66c3-b708-000000001d00}
ProcessId: 7952
Image: C:\Windows\System32\WindowsPowerShell\v1.0\powershell.exe
TargetFilename: C:\Users\johnny.douche\AppData\Local\Microsoft\Windows\PowerShell\StartupProfileData-NonInteractive
CreationUtcTime: 2024-03-28 01:06:06.420
User: MY-CALDERA\johnny.douche"
MY-CAL-WIN10.my-caldera.local,11,"File created:
RuleName: DO
UtcTime: 2024-08-20 00:43:56.428
ProcessGuid: {ca24abc9-e6cc-66c3-b608-000000001d00}
ProcessId: 10780
Image: C:\Windows\System32\WindowsPowerShell\v1.0\powershell.exe
TargetFilename: C:\Users\johnny.douche\AppData\Local\Microsoft\Windows\PowerShell\StartupProfileData-NonInteractive
CreationUtcTime: 2024-03-28 01:06:06.420
User: MY-CALDERA\johnny.douche"
MY-CAL-WIN10.my-caldera.local,11,"File created:
RuleName: Sysmonv1514
UtcTime: 2024-08-20 00:44:12.182
ProcessGuid: {ca24abc9-d6b1-66c3-ba00-000000001d00}
ProcessId: 6760
Image: C:\Program Files\WinlogBeat\winlogbeat.exe
TargetFilename: C:\ProgramData\winlogbeat\.winlogbeat.yml.new
CreationUtcTime: 2024-08-20 00:11:02.025
User: NT AUTHORITY\SYSTEM"
MY-CAL-WIN10.my-caldera.local,11,"File created:
RuleName: Sysmonv1514
UtcTime: 2024-08-20 00:44:32.351
ProcessGuid: {ca24abc9-d6b1-66c3-ba00-000000001d00}
ProcessId: 6760
Image: C:\Program Files\WinlogBeat\winlogbeat.exe
TargetFilename: C:\ProgramData\winlogbeat\.winlogbeat.yml.new
CreationUtcTime: 2024-08-20 00:11:02.025
User: NT AUTHORITY\SYSTEM"
MY-CAL-WIN10.my-caldera.local,11,"File created:
RuleName: Sysmonv1514
UtcTime: 2024-08-20 01:45:40.244
ProcessGuid: {ca24abc9-d630-66c3-5200-000000001d00}
ProcessId: 3940
Image: C:\ProgramData\Microsoft\Windows Defender\Platform\4.18.24070.5-0\MsMpEng.exe
TargetFilename: C:\ProgramData\Microsoft\Windows Defender\Scans\History\Service\DetectionHistory\20\71C83082-3F02-4BBB-89E6-187A92FDC92A
CreationUtcTime: 2024-08-20 01:45:40.244
User: NT AUTHORITY\SYSTEM"
MY-CAL-WIN10.my-caldera.local,11,"File created:
RuleName: DO
UtcTime: 2024-08-20 01:45:39.927
ProcessGuid: {ca24abc9-f526-66c3-4111-000000001d00}
ProcessId: 13068
Image: C:\Program Files (x86)\Microsoft Office\Root\Office16\WINWORD.EXE
TargetFilename: C:\Users\johnny.douche\AppData\Local\Microsoft\Windows\INetCache\Content.Word\~WRS{D7B71ABE-B6BB-4C99-8847-E5CC1F76174F}.tmp
CreationUtcTime: 2024-08-20 01:45:39.926
User: MY-CALDERA\johnny.douche"
MY-CAL-WIN10.my-caldera.local,11,"File created:
RuleName: DO
UtcTime: 2024-08-20 01:45:54.265
ProcessGuid: {ca24abc9-f526-66c3-4111-000000001d00}
ProcessId: 13068
Image: C:\Program Files (x86)\Microsoft Office\Root\Office16\WINWORD.EXE
TargetFilename: C:\Users\JOHNNY~1.DOU\AppData\Local\Temp\cab5876.tmp
CreationUtcTime: 2024-08-20 01:45:54.265
User: MY-CALDERA\johnny.douche"
MY-CAL-WIN10.my-caldera.local,11,"File created:
RuleName: DO
UtcTime: 2024-08-20 01:45:54.365
ProcessGuid: {ca24abc9-f526-66c3-4111-000000001d00}
ProcessId: 13068
Image: C:\Program Files (x86)\Microsoft Office\Root\Office16\WINWORD.EXE
TargetFilename: C:\Users\JOHNNY~1.DOU\AppData\Local\Temp\cab58F3.tmp
CreationUtcTime: 2024-08-20 01:45:54.365
User: MY-CALDERA\johnny.douche"
MY-CAL-WIN10.my-caldera.local,11,"File created:
RuleName: DO
UtcTime: 2024-08-20 01:45:54.476
ProcessGuid: {ca24abc9-f526-66c3-4111-000000001d00}
ProcessId: 13068
Image: C:\Program Files (x86)\Microsoft Office\Root\Office16\WINWORD.EXE
TargetFilename: C:\Users\JOHNNY~1.DOU\AppData\Local\Temp\TCD594B.tmp
CreationUtcTime: 2024-08-20 01:45:54.476
User: MY-CALDERA\johnny.douche"
MY-CAL-WIN10.my-caldera.local,11,"File created:
RuleName: DO
UtcTime: 2024-08-20 01:45:54.260
ProcessGuid: {ca24abc9-f526-66c3-4111-000000001d00}
ProcessId: 13068
Image: C:\Program Files (x86)\Microsoft Office\Root\Office16\WINWORD.EXE
TargetFilename: C:\Users\JOHNNY~1.DOU\AppData\Local\Temp\cab5870.tmp
CreationUtcTime: 2024-08-20 01:45:54.259
User: MY-CALDERA\johnny.douche"
MY-CAL-WIN10.my-caldera.local,11,"File created:
RuleName: DO
UtcTime: 2024-08-20 01:45:54.275
ProcessGuid: {ca24abc9-f526-66c3-4111-000000001d00}
ProcessId: 13068
Image: C:\Program Files (x86)\Microsoft Office\Root\Office16\WINWORD.EXE
TargetFilename: C:\Users\JOHNNY~1.DOU\AppData\Local\Temp\cab588B.tmp
CreationUtcTime: 2024-08-20 01:45:54.271
User: MY-CALDERA\johnny.douche"
MY-CAL-WIN10.my-caldera.local,11,"File created:
RuleName: DO
UtcTime: 2024-08-20 01:45:54.403
ProcessGuid: {ca24abc9-f526-66c3-4111-000000001d00}
ProcessId: 13068
Image: C:\Program Files (x86)\Microsoft Office\Root\Office16\WINWORD.EXE
TargetFilename: C:\Users\JOHNNY~1.DOU\AppData\Local\Temp\cab5915.tmp
CreationUtcTime: 2024-08-20 01:45:54.393
User: MY-CALDERA\johnny.douche"
MY-CAL-WIN10.my-caldera.local,11,"File created:
RuleName: DO
UtcTime: 2024-08-20 01:45:54.479
ProcessGuid: {ca24abc9-f526-66c3-4111-000000001d00}
ProcessId: 13068
Image: C:\Program Files (x86)\Microsoft Office\Root\Office16\WINWORD.EXE
TargetFilename: C:\Users\JOHNNY~1.DOU\AppData\Local\Temp\TCD595D.tmp
CreationUtcTime: 2024-08-20 01:45:54.478
User: MY-CALDERA\johnny.douche"
MY-CAL-WIN10.my-caldera.local,11,"File created:
RuleName: DO
UtcTime: 2024-08-20 01:45:54.533
ProcessGuid: {ca24abc9-f526-66c3-4111-000000001d00}
ProcessId: 13068
Image: C:\Program Files (x86)\Microsoft Office\Root\Office16\WINWORD.EXE
TargetFilename: C:\Users\JOHNNY~1.DOU\AppData\Local\Temp\TCD59A8.tmp
CreationUtcTime: 2024-08-20 01:45:54.533
User: MY-CALDERA\johnny.douche"
MY-CAL-WIN10.my-caldera.local,11,"File created:
RuleName: DO
UtcTime: 2024-08-20 01:45:53.453
ProcessGuid: {ca24abc9-f526-66c3-4111-000000001d00}
ProcessId: 13068
Image: C:\Program Files (x86)\Microsoft Office\Root\Office16\WINWORD.EXE
TargetFilename: C:\Users\johnny.douche\AppData\Roaming\Microsoft\Templates\LiveContent\16\User\Document Themes
CreationUtcTime: 2024-08-20 01:45:53.445
User: MY-CALDERA\johnny.douche"
MY-CAL-WIN10.my-caldera.local,11,"File created:
RuleName: DO
UtcTime: 2024-08-20 01:45:54.269
ProcessGuid: {ca24abc9-f526-66c3-4111-000000001d00}
ProcessId: 13068
Image: C:\Program Files (x86)\Microsoft Office\Root\Office16\WINWORD.EXE
TargetFilename: C:\Users\JOHNNY~1.DOU\AppData\Local\Temp\cab587A.tmp
CreationUtcTime: 2024-08-20 01:45:54.269
User: MY-CALDERA\johnny.douche"
MY-CAL-WIN10.my-caldera.local,11,"File created:
RuleName: DO
UtcTime: 2024-08-20 01:45:54.333
ProcessGuid: {ca24abc9-f526-66c3-4111-000000001d00}
ProcessId: 13068
Image: C:\Program Files (x86)\Microsoft Office\Root\Office16\WINWORD.EXE
TargetFilename: C:\Users\JOHNNY~1.DOU\AppData\Local\Temp\cab58D0.tmp
CreationUtcTime: 2024-08-20 01:45:54.332
User: MY-CALDERA\johnny.douche"
MY-CAL-WIN10.my-caldera.local,11,"File created:
RuleName: DO
UtcTime: 2024-08-20 01:45:54.392
ProcessGuid: {ca24abc9-f526-66c3-4111-000000001d00}
ProcessId: 13068
Image: C:\Program Files (x86)\Microsoft Office\Root\Office16\WINWORD.EXE
TargetFilename: C:\Users\JOHNNY~1.DOU\AppData\Local\Temp\cab5905.tmp
CreationUtcTime: 2024-08-20 01:45:54.392
User: MY-CALDERA\johnny.douche"
MY-CAL-WIN10.my-caldera.local,11,"File created:
RuleName: DO
UtcTime: 2024-08-20 01:45:53.435
ProcessGuid: {ca24abc9-f526-66c3-4111-000000001d00}
ProcessId: 13068
Image: C:\Program Files (x86)\Microsoft Office\Root\Office16\WINWORD.EXE
TargetFilename: C:\Users\johnny.douche\AppData\Roaming\Microsoft\Templates\LiveContent\16\User\SmartArt Graphics\1033
CreationUtcTime: 2024-08-20 01:45:53.434
User: MY-CALDERA\johnny.douche"
MY-CAL-WIN10.my-caldera.local,11,"File created:
RuleName: DO
UtcTime: 2024-08-20 01:45:54.332
ProcessGuid: {ca24abc9-f526-66c3-4111-000000001d00}
ProcessId: 13068
Image: C:\Program Files (x86)\Microsoft Office\Root\Office16\WINWORD.EXE
TargetFilename: C:\Users\JOHNNY~1.DOU\AppData\Local\Temp\cab58CF.tmp
CreationUtcTime: 2024-08-20 01:45:54.332
User: MY-CALDERA\johnny.douche"
MY-CAL-WIN10.my-caldera.local,11,"File created:
RuleName: DO
UtcTime: 2024-08-20 01:45:54.478
ProcessGuid: {ca24abc9-f526-66c3-4111-000000001d00}
ProcessId: 13068
Image: C:\Program Files (x86)\Microsoft Office\Root\Office16\WINWORD.EXE
TargetFilename: C:\Users\JOHNNY~1.DOU\AppData\Local\Temp\TCD5970.tmp
CreationUtcTime: 2024-08-20 01:45:54.477
User: MY-CALDERA\johnny.douche"
MY-CAL-WIN10.my-caldera.local,11,"File created:
RuleName: DO
UtcTime: 2024-08-20 01:45:53.434
ProcessGuid: {ca24abc9-f526-66c3-4111-000000001d00}
ProcessId: 13068
Image: C:\Program Files (x86)\Microsoft Office\Root\Office16\WINWORD.EXE
TargetFilename: C:\Users\johnny.douche\AppData\Roaming\Microsoft\Templates\LiveContent\16\User\SmartArt Graphics
CreationUtcTime: 2024-08-20 01:45:53.431
User: MY-CALDERA\johnny.douche"
MY-CAL-WIN10.my-caldera.local,11,"File created:
RuleName: DO
UtcTime: 2024-08-20 01:45:54.464
ProcessGuid: {ca24abc9-f526-66c3-4111-000000001d00}
ProcessId: 13068
Image: C:\Program Files (x86)\Microsoft Office\Root\Office16\WINWORD.EXE
TargetFilename: C:\Users\JOHNNY~1.DOU\AppData\Local\Temp\TCD5949.tmp
CreationUtcTime: 2024-08-20 01:45:54.462
User: MY-CALDERA\johnny.douche"
MY-CAL-WIN10.my-caldera.local,11,"File created:
RuleName: DO
UtcTime: 2024-08-20 01:45:54.487
ProcessGuid: {ca24abc9-f526-66c3-4111-000000001d00}
ProcessId: 13068
Image: C:\Program Files (x86)\Microsoft Office\Root\Office16\WINWORD.EXE
TargetFilename: C:\Users\JOHNNY~1.DOU\AppData\Local\Temp\TCD5983.tmp
CreationUtcTime: 2024-08-20 01:45:54.487
User: MY-CALDERA\johnny.douche"
MY-CAL-WIN10.my-caldera.local,11,"File created:
RuleName: DO
UtcTime: 2024-08-20 01:45:54.269
ProcessGuid: {ca24abc9-f526-66c3-4111-000000001d00}
ProcessId: 13068
Image: C:\Program Files (x86)\Microsoft Office\Root\Office16\WINWORD.EXE
TargetFilename: C:\Users\JOHNNY~1.DOU\AppData\Local\Temp\cab5878.tmp
CreationUtcTime: 2024-08-20 01:45:54.268
User: MY-CALDERA\johnny.douche"
MY-CAL-WIN10.my-caldera.local,11,"File created:
RuleName: DO
UtcTime: 2024-08-20 01:45:54.368
ProcessGuid: {ca24abc9-f526-66c3-4111-000000001d00}
ProcessId: 13068
Image: C:\Program Files (x86)\Microsoft Office\Root\Office16\WINWORD.EXE
TargetFilename: C:\Users\JOHNNY~1.DOU\AppData\Local\Temp\cab58F4.tmp
CreationUtcTime: 2024-08-20 01:45:54.368
User: MY-CALDERA\johnny.douche"
MY-CAL-WIN10.my-caldera.local,11,"File created:
RuleName: DO
UtcTime: 2024-08-20 01:45:54.495
ProcessGuid: {ca24abc9-f526-66c3-4111-000000001d00}
ProcessId: 13068
Image: C:\Program Files (x86)\Microsoft Office\Root\Office16\WINWORD.EXE
TargetFilename: C:\Users\JOHNNY~1.DOU\AppData\Local\Temp\TCD594A.tmp
CreationUtcTime: 2024-08-20 01:45:54.495
User: MY-CALDERA\johnny.douche"
MY-CAL-WIN10.my-caldera.local,11,"File created:
RuleName: DO
UtcTime: 2024-08-20 01:45:54.556
ProcessGuid: {ca24abc9-f526-66c3-4111-000000001d00}
ProcessId: 13068
Image: C:\Program Files (x86)\Microsoft Office\Root\Office16\WINWORD.EXE
TargetFilename: C:\Users\JOHNNY~1.DOU\AppData\Local\Temp\TCD59BC.tmp
CreationUtcTime: 2024-08-20 01:45:54.554
User: MY-CALDERA\johnny.douche"
MY-CAL-WIN10.my-caldera.local,11,"File created:
RuleName: DO
UtcTime: 2024-08-20 01:45:54.477
ProcessGuid: {ca24abc9-f526-66c3-4111-000000001d00}
ProcessId: 13068
Image: C:\Program Files (x86)\Microsoft Office\Root\Office16\WINWORD.EXE
TargetFilename: C:\Users\JOHNNY~1.DOU\AppData\Local\Temp\TCD5929.tmp
CreationUtcTime: 2024-08-20 01:45:54.476
User: MY-CALDERA\johnny.douche"
MY-CAL-WIN10.my-caldera.local,11,"File created:
RuleName: DO
UtcTime: 2024-08-20 01:45:54.526
ProcessGuid: {ca24abc9-f526-66c3-4111-000000001d00}
ProcessId: 13068
Image: C:\Program Files (x86)\Microsoft Office\Root\Office16\WINWORD.EXE
TargetFilename: C:\Users\JOHNNY~1.DOU\AppData\Local\Temp\cab59A9.tmp
CreationUtcTime: 2024-08-20 01:45:54.526
User: MY-CALDERA\johnny.douche"
MY-CAL-WIN10.my-caldera.local,11,"File created:
RuleName: DO
UtcTime: 2024-08-20 01:45:54.556
ProcessGuid: {ca24abc9-f526-66c3-4111-000000001d00}
ProcessId: 13068
Image: C:\Program Files (x86)\Microsoft Office\Root\Office16\WINWORD.EXE
TargetFilename: C:\Users\JOHNNY~1.DOU\AppData\Local\Temp\TCD5997.tmp\Content.inf
CreationUtcTime: 2024-08-20 01:45:54.556
User: MY-CALDERA\johnny.douche"
MY-CAL-WIN10.my-caldera.local,11,"File created:
RuleName: DO
UtcTime: 2024-08-20 01:45:54.494
ProcessGuid: {ca24abc9-f526-66c3-4111-000000001d00}
ProcessId: 13068
Image: C:\Program Files (x86)\Microsoft Office\Root\Office16\WINWORD.EXE
TargetFilename: C:\Users\JOHNNY~1.DOU\AppData\Local\Temp\TCD5973.tmp
CreationUtcTime: 2024-08-20 01:45:54.491
User: MY-CALDERA\johnny.douche"
MY-CAL-WIN10.my-caldera.local,11,"File created:
RuleName: DO
UtcTime: 2024-08-20 01:45:54.538
ProcessGuid: {ca24abc9-f526-66c3-4111-000000001d00}
ProcessId: 13068
Image: C:\Program Files (x86)\Microsoft Office\Root\Office16\WINWORD.EXE
TargetFilename: C:\Users\JOHNNY~1.DOU\AppData\Local\Temp\TCD594B.tmp\Equations.dotx
CreationUtcTime: 2024-08-20 01:45:54.537
User: MY-CALDERA\johnny.douche"
MY-CAL-WIN10.my-caldera.local,11,"File created:
RuleName: DO
UtcTime: 2024-08-20 01:45:54.605
ProcessGuid: {ca24abc9-f526-66c3-4111-000000001d00}
ProcessId: 13068
Image: C:\Program Files (x86)\Microsoft Office\Root\Office16\WINWORD.EXE
TargetFilename: C:\Users\JOHNNY~1.DOU\AppData\Local\Temp\TCD5985.tmp\ConvergingText.glox
CreationUtcTime: 2024-08-20 01:45:54.605
User: MY-CALDERA\johnny.douche"
MY-CAL-WIN10.my-caldera.local,11,"File created:
RuleName: DO
UtcTime: 2024-08-20 01:45:54.556
ProcessGuid: {ca24abc9-f526-66c3-4111-000000001d00}
ProcessId: 13068
Image: C:\Program Files (x86)\Microsoft Office\Root\Office16\WINWORD.EXE
TargetFilename: C:\Users\JOHNNY~1.DOU\AppData\Local\Temp\TCD5973.tmp\Content.inf
CreationUtcTime: 2024-08-20 01:45:54.556
User: MY-CALDERA\johnny.douche"
MY-CAL-WIN10.my-caldera.local,11,"File created:
RuleName: DO
UtcTime: 2024-08-20 01:45:54.538
ProcessGuid: {ca24abc9-f526-66c3-4111-000000001d00}
ProcessId: 13068
Image: C:\Program Files (x86)\Microsoft Office\Root\Office16\WINWORD.EXE
TargetFilename: C:\Users\JOHNNY~1.DOU\AppData\Local\Temp\TCD5973.tmp
CreationUtcTime: 2024-08-20 01:45:54.533
User: MY-CALDERA\johnny.douche"
MY-CAL-WIN10.my-caldera.local,11,"File created:
RuleName: DO
UtcTime: 2024-08-20 01:45:54.558
ProcessGuid: {ca24abc9-f526-66c3-4111-000000001d00}
ProcessId: 13068
Image: C:\Program Files (x86)\Microsoft Office\Root\Office16\WINWORD.EXE
TargetFilename: C:\Users\JOHNNY~1.DOU\AppData\Local\Temp\TCD5918.tmp\RadialPictureList.glox
CreationUtcTime: 2024-08-20 01:45:54.557
User: MY-CALDERA\johnny.douche"
MY-CAL-WIN10.my-caldera.local,11,"File created:
RuleName: DO
UtcTime: 2024-08-20 01:45:54.609
ProcessGuid: {ca24abc9-f526-66c3-4111-000000001d00}
ProcessId: 13068
Image: C:\Program Files (x86)\Microsoft Office\Root\Office16\WINWORD.EXE
TargetFilename: C:\Users\JOHNNY~1.DOU\AppData\Local\Temp\TCD5929.tmp\Content.inf
CreationUtcTime: 2024-08-20 01:45:54.609
User: MY-CALDERA\johnny.douche"
MY-CAL-WIN10.my-caldera.local,11,"File created:
RuleName: DO
UtcTime: 2024-08-20 01:45:54.538
ProcessGuid: {ca24abc9-f526-66c3-4111-000000001d00}
ProcessId: 13068
Image: C:\Program Files (x86)\Microsoft Office\Root\Office16\WINWORD.EXE
TargetFilename: C:\Users\JOHNNY~1.DOU\AppData\Local\Temp\TCD5929.tmp\mlaseventheditionofficeonline.xsl
CreationUtcTime: 2024-08-20 01:45:54.538
User: MY-CALDERA\johnny.douche"
MY-CAL-WIN10.my-caldera.local,11,"File created:
RuleName: DO
UtcTime: 2024-08-20 01:45:54.560
ProcessGuid: {ca24abc9-f526-66c3-4111-000000001d00}
ProcessId: 13068
Image: C:\Program Files (x86)\Microsoft Office\Root\Office16\WINWORD.EXE
TargetFilename: C:\Users\JOHNNY~1.DOU\AppData\Local\Temp\TCD5918.tmp\Content.inf
CreationUtcTime: 2024-08-20 01:45:54.559
User: MY-CALDERA\johnny.douche"
MY-CAL-WIN10.my-caldera.local,11,"File created:
RuleName: DO
UtcTime: 2024-08-20 01:45:54.610
ProcessGuid: {ca24abc9-f526-66c3-4111-000000001d00}
ProcessId: 13068
Image: C:\Program Files (x86)\Microsoft Office\Root\Office16\WINWORD.EXE
TargetFilename: C:\Users\JOHNNY~1.DOU\AppData\Local\Temp\TCD5A14.tmp
CreationUtcTime: 2024-08-20 01:45:54.609
User: MY-CALDERA\johnny.douche"
MY-CAL-WIN10.my-caldera.local,11,"File created:
RuleName: DO
UtcTime: 2024-08-20 01:45:54.538
ProcessGuid: {ca24abc9-f526-66c3-4111-000000001d00}
ProcessId: 13068
Image: C:\Program Files (x86)\Microsoft Office\Root\Office16\WINWORD.EXE
TargetFilename: C:\Users\JOHNNY~1.DOU\AppData\Local\Temp\TCD5998.tmp
CreationUtcTime: 2024-08-20 01:45:54.533
User: MY-CALDERA\johnny.douche"
MY-CAL-WIN10.my-caldera.local,11,"File created:
RuleName: DO
UtcTime: 2024-08-20 01:45:54.561
ProcessGuid: {ca24abc9-f526-66c3-4111-000000001d00}
ProcessId: 13068
Image: C:\Program Files (x86)\Microsoft Office\Root\Office16\WINWORD.EXE
TargetFilename: C:\Users\JOHNNY~1.DOU\AppData\Local\Temp\TCD59BC.tmp
CreationUtcTime: 2024-08-20 01:45:54.561
User: MY-CALDERA\johnny.douche"
MY-CAL-WIN10.my-caldera.local,11,"File created:
RuleName: DO
UtcTime: 2024-08-20 01:45:54.539
ProcessGuid: {ca24abc9-f526-66c3-4111-000000001d00}
ProcessId: 13068
Image: C:\Program Files (x86)\Microsoft Office\Root\Office16\WINWORD.EXE
TargetFilename: C:\Users\JOHNNY~1.DOU\AppData\Local\Temp\TCD5986.tmp\ieee2006officeonline.xsl
CreationUtcTime: 2024-08-20 01:45:54.539
User: MY-CALDERA\johnny.douche"
MY-CAL-WIN10.my-caldera.local,11,"File created:
RuleName: DO
UtcTime: 2024-08-20 01:45:54.563
ProcessGuid: {ca24abc9-f526-66c3-4111-000000001d00}
ProcessId: 13068
Image: C:\Program Files (x86)\Microsoft Office\Root\Office16\WINWORD.EXE
TargetFilename: C:\Users\JOHNNY~1.DOU\AppData\Local\Temp\TCD59DD.tmp
CreationUtcTime: 2024-08-20 01:45:54.562
User: MY-CALDERA\johnny.douche"
MY-CAL-WIN10.my-caldera.local,11,"File created:
RuleName: DO
UtcTime: 2024-08-20 01:45:54.564
ProcessGuid: {ca24abc9-f526-66c3-4111-000000001d00}
ProcessId: 13068
Image: C:\Program Files (x86)\Microsoft Office\Root\Office16\WINWORD.EXE
TargetFilename: C:\Users\JOHNNY~1.DOU\AppData\Local\Temp\TCD5998.tmp\Content.inf
CreationUtcTime: 2024-08-20 01:45:54.562
User: MY-CALDERA\johnny.douche"
MY-CAL-WIN10.my-caldera.local,11,"File created:
RuleName: DO
UtcTime: 2024-08-20 01:45:54.610
ProcessGuid: {ca24abc9-f526-66c3-4111-000000001d00}
ProcessId: 13068
Image: C:\Program Files (x86)\Microsoft Office\Root\Office16\WINWORD.EXE
TargetFilename: C:\Users\JOHNNY~1.DOU\AppData\Local\Temp\TCD5985.tmp\Content.inf
CreationUtcTime: 2024-08-20 01:45:54.610
User: MY-CALDERA\johnny.douche"
MY-CAL-WIN10.my-caldera.local,11,"File created:
RuleName: DO
UtcTime: 2024-08-20 01:45:54.540
ProcessGuid: {ca24abc9-f526-66c3-4111-000000001d00}
ProcessId: 13068
Image: C:\Program Files (x86)\Microsoft Office\Root\Office16\WINWORD.EXE
TargetFilename: C:\Users\JOHNNY~1.DOU\AppData\Local\Temp\TCD5983.tmp\harvardanglia2008officeonline.xsl
CreationUtcTime: 2024-08-20 01:45:54.540
User: MY-CALDERA\johnny.douche"
MY-CAL-WIN10.my-caldera.local,11,"File created:
RuleName: DO
UtcTime: 2024-08-20 01:45:54.565
ProcessGuid: {ca24abc9-f526-66c3-4111-000000001d00}
ProcessId: 13068
Image: C:\Program Files (x86)\Microsoft Office\Root\Office16\WINWORD.EXE
TargetFilename: C:\Users\JOHNNY~1.DOU\AppData\Local\Temp\TCD595D.tmp\Content.inf
CreationUtcTime: 2024-08-20 01:45:54.562
User: MY-CALDERA\johnny.douche"
MY-CAL-WIN10.my-caldera.local,11,"File created:
RuleName: DO
UtcTime: 2024-08-20 01:45:54.541
ProcessGuid: {ca24abc9-f526-66c3-4111-000000001d00}
ProcessId: 13068
Image: C:\Program Files (x86)\Microsoft Office\Root\Office16\WINWORD.EXE
TargetFilename: C:\Users\JOHNNY~1.DOU\AppData\Local\Temp\TCD5918.tmp
CreationUtcTime: 2024-08-20 01:45:54.533
User: MY-CALDERA\johnny.douche"
MY-CAL-WIN10.my-caldera.local,11,"File created:
RuleName: DO
UtcTime: 2024-08-20 01:45:54.566
ProcessGuid: {ca24abc9-f526-66c3-4111-000000001d00}
ProcessId: 13068
Image: C:\Program Files (x86)\Microsoft Office\Root\Office16\WINWORD.EXE
TargetFilename: C:\Users\JOHNNY~1.DOU\AppData\Local\Temp\TCD59BC.tmp\APASixthEditionOfficeOnline.xsl
CreationUtcTime: 2024-08-20 01:45:54.564
User: MY-CALDERA\johnny.douche"
MY-CAL-WIN10.my-caldera.local,11,"File created:
RuleName: DO
UtcTime: 2024-08-20 01:45:54.541
ProcessGuid: {ca24abc9-f526-66c3-4111-000000001d00}
ProcessId: 13068
Image: C:\Program Files (x86)\Microsoft Office\Root\Office16\WINWORD.EXE
TargetFilename: C:\Users\JOHNNY~1.DOU\AppData\Local\Temp\TCD596F.tmp\sist02.xsl
CreationUtcTime: 2024-08-20 01:45:54.539
User: MY-CALDERA\johnny.douche"
MY-CAL-WIN10.my-caldera.local,11,"File created:
RuleName: DO
UtcTime: 2024-08-20 01:45:54.544
ProcessGuid: {ca24abc9-f526-66c3-4111-000000001d00}
ProcessId: 13068
Image: C:\Program Files (x86)\Microsoft Office\Root\Office16\WINWORD.EXE
TargetFilename: C:\Users\JOHNNY~1.DOU\AppData\Local\Temp\TCD59A8.tmp\iso690nmerical.xsl
CreationUtcTime: 2024-08-20 01:45:54.544
User: MY-CALDERA\johnny.douche"
MY-CAL-WIN10.my-caldera.local,11,"File created:
RuleName: DO
UtcTime: 2024-08-20 01:45:54.545
ProcessGuid: {ca24abc9-f526-66c3-4111-000000001d00}
ProcessId: 13068
Image: C:\Program Files (x86)\Microsoft Office\Root\Office16\WINWORD.EXE
TargetFilename: C:\Users\JOHNNY~1.DOU\AppData\Local\Temp\TCD59BD.tmp
CreationUtcTime: 2024-08-20 01:45:54.544
User: MY-CALDERA\johnny.douche"
MY-CAL-WIN10.my-caldera.local,11,"File created:
RuleName: DO
UtcTime: 2024-08-20 01:45:54.567
ProcessGuid: {ca24abc9-f526-66c3-4111-000000001d00}
ProcessId: 13068
Image: C:\Program Files (x86)\Microsoft Office\Root\Office16\WINWORD.EXE
TargetFilename: C:\Users\JOHNNY~1.DOU\AppData\Local\Temp\TCD59DE.tmp
CreationUtcTime: 2024-08-20 01:45:54.564
User: MY-CALDERA\johnny.douche"
MY-CAL-WIN10.my-caldera.local,11,"File created:
RuleName: DO
UtcTime: 2024-08-20 01:45:54.546
ProcessGuid: {ca24abc9-f526-66c3-4111-000000001d00}
ProcessId: 13068
Image: C:\Program Files (x86)\Microsoft Office\Root\Office16\WINWORD.EXE
TargetFilename: C:\Users\JOHNNY~1.DOU\AppData\Local\Temp\TCD59BB.tmp
CreationUtcTime: 2024-08-20 01:45:54.540
User: MY-CALDERA\johnny.douche"
MY-CAL-WIN10.my-caldera.local,11,"File created:
RuleName: DO
UtcTime: 2024-08-20 01:45:54.570
ProcessGuid: {ca24abc9-f526-66c3-4111-000000001d00}
ProcessId: 13068
Image: C:\Program Files (x86)\Microsoft Office\Root\Office16\WINWORD.EXE
TargetFilename: C:\Users\JOHNNY~1.DOU\AppData\Local\Temp\TCD59DD.tmp
CreationUtcTime: 2024-08-20 01:45:54.566
User: MY-CALDERA\johnny.douche"
MY-CAL-WIN10.my-caldera.local,11,"File created:
RuleName: DO
UtcTime: 2024-08-20 01:45:54.546
ProcessGuid: {ca24abc9-f526-66c3-4111-000000001d00}
ProcessId: 13068
Image: C:\Program Files (x86)\Microsoft Office\Root\Office16\WINWORD.EXE
TargetFilename: C:\Users\JOHNNY~1.DOU\AppData\Local\Temp\TCD595D.tmp\iso690.xsl
CreationUtcTime: 2024-08-20 01:45:54.545
User: MY-CALDERA\johnny.douche"
MY-CAL-WIN10.my-caldera.local,11,"File created:
RuleName: DO
UtcTime: 2024-08-20 01:45:54.546
ProcessGuid: {ca24abc9-f526-66c3-4111-000000001d00}
ProcessId: 13068
Image: C:\Program Files (x86)\Microsoft Office\Root\Office16\WINWORD.EXE
TargetFilename: C:\Users\JOHNNY~1.DOU\AppData\Local\Temp\TCD5997.tmp\CircleProcess.glox
CreationUtcTime: 2024-08-20 01:45:54.545
User: MY-CALDERA\johnny.douche"
MY-CAL-WIN10.my-caldera.local,11,"File created:
RuleName: DO
UtcTime: 2024-08-20 01:45:54.546
ProcessGuid: {ca24abc9-f526-66c3-4111-000000001d00}
ProcessId: 13068
Image: C:\Program Files (x86)\Microsoft Office\Root\Office16\WINWORD.EXE
TargetFilename: C:\Users\JOHNNY~1.DOU\AppData\Local\Temp\TCD594A.tmp\Banded.thmx
CreationUtcTime: 2024-08-20 01:45:54.545
User: MY-CALDERA\johnny.douche"
MY-CAL-WIN10.my-caldera.local,11,"File created:
RuleName: DO
UtcTime: 2024-08-20 01:45:54.572
ProcessGuid: {ca24abc9-f526-66c3-4111-000000001d00}
ProcessId: 13068
Image: C:\Program Files (x86)\Microsoft Office\Root\Office16\WINWORD.EXE
TargetFilename: C:\Users\JOHNNY~1.DOU\AppData\Local\Temp\TCD59BB.tmp\Wood_Type.thmx
CreationUtcTime: 2024-08-20 01:45:54.568
User: MY-CALDERA\johnny.douche"
MY-CAL-WIN10.my-caldera.local,11,"File created:
RuleName: DO
UtcTime: 2024-08-20 01:45:54.548
ProcessGuid: {ca24abc9-f526-66c3-4111-000000001d00}
ProcessId: 13068
Image: C:\Program Files (x86)\Microsoft Office\Root\Office16\WINWORD.EXE
TargetFilename: C:\Users\JOHNNY~1.DOU\AppData\Local\Temp\TCD5983.tmp\Content.inf
CreationUtcTime: 2024-08-20 01:45:54.547
User: MY-CALDERA\johnny.douche"
MY-CAL-WIN10.my-caldera.local,11,"File created:
RuleName: DO
UtcTime: 2024-08-20 01:45:54.548
ProcessGuid: {ca24abc9-f526-66c3-4111-000000001d00}
ProcessId: 13068
Image: C:\Program Files (x86)\Microsoft Office\Root\Office16\WINWORD.EXE
TargetFilename: C:\Users\JOHNNY~1.DOU\AppData\Local\Temp\TCD5973.tmp\ThemePictureAlternatingAccent.glox
CreationUtcTime: 2024-08-20 01:45:54.548
User: MY-CALDERA\johnny.douche"
MY-CAL-WIN10.my-caldera.local,11,"File created:
RuleName: DO
UtcTime: 2024-08-20 01:45:54.572
ProcessGuid: {ca24abc9-f526-66c3-4111-000000001d00}
ProcessId: 13068
Image: C:\Program Files (x86)\Microsoft Office\Root\Office16\WINWORD.EXE
TargetFilename: C:\Users\JOHNNY~1.DOU\AppData\Local\Temp\TCD59DD.tmp\HexagonRadial.glox
CreationUtcTime: 2024-08-20 01:45:54.571
User: MY-CALDERA\johnny.douche"
MY-CAL-WIN10.my-caldera.local,11,"File created:
RuleName: DO
UtcTime: 2024-08-20 01:45:54.548
ProcessGuid: {ca24abc9-f526-66c3-4111-000000001d00}
ProcessId: 13068
Image: C:\Program Files (x86)\Microsoft Office\Root\Office16\WINWORD.EXE
TargetFilename: C:\Users\JOHNNY~1.DOU\AppData\Local\Temp\TCD596F.tmp\Content.inf
CreationUtcTime: 2024-08-20 01:45:54.548
User: MY-CALDERA\johnny.douche"
MY-CAL-WIN10.my-caldera.local,11,"File created:
RuleName: DO
UtcTime: 2024-08-20 01:45:54.574
ProcessGuid: {ca24abc9-f526-66c3-4111-000000001d00}
ProcessId: 13068
Image: C:\Program Files (x86)\Microsoft Office\Root\Office16\WINWORD.EXE
TargetFilename: C:\Users\JOHNNY~1.DOU\AppData\Local\Temp\TCD59DE.tmp
CreationUtcTime: 2024-08-20 01:45:54.574
User: MY-CALDERA\johnny.douche"
MY-CAL-WIN10.my-caldera.local,11,"File created:
RuleName: DO
UtcTime: 2024-08-20 01:45:54.577
ProcessGuid: {ca24abc9-f526-66c3-4111-000000001d00}
ProcessId: 13068
Image: C:\Program Files (x86)\Microsoft Office\Root\Office16\WINWORD.EXE
TargetFilename: C:\Users\JOHNNY~1.DOU\AppData\Local\Temp\TCD59BC.tmp\Content.inf
CreationUtcTime: 2024-08-20 01:45:54.577
User: MY-CALDERA\johnny.douche"
MY-CAL-WIN10.my-caldera.local,11,"File created:
RuleName: DO
UtcTime: 2024-08-20 01:45:54.550
ProcessGuid: {ca24abc9-f526-66c3-4111-000000001d00}
ProcessId: 13068
Image: C:\Program Files (x86)\Microsoft Office\Root\Office16\WINWORD.EXE
TargetFilename: C:\Users\JOHNNY~1.DOU\AppData\Local\Temp\TCD5998.tmp\ThemePictureAccent.glox
CreationUtcTime: 2024-08-20 01:45:54.549
User: MY-CALDERA\johnny.douche"
MY-CAL-WIN10.my-caldera.local,11,"File created:
RuleName: DO
UtcTime: 2024-08-20 01:45:54.578
ProcessGuid: {ca24abc9-f526-66c3-4111-000000001d00}
ProcessId: 13068
Image: C:\Program Files (x86)\Microsoft Office\Root\Office16\WINWORD.EXE
TargetFilename: C:\Users\JOHNNY~1.DOU\AppData\Local\Temp\TCD59DD.tmp\Content.inf
CreationUtcTime: 2024-08-20 01:45:54.577
User: MY-CALDERA\johnny.douche"
MY-CAL-WIN10.my-caldera.local,11,"File created:
RuleName: DO
UtcTime: 2024-08-20 01:45:54.550
ProcessGuid: {ca24abc9-f526-66c3-4111-000000001d00}
ProcessId: 13068
Image: C:\Program Files (x86)\Microsoft Office\Root\Office16\WINWORD.EXE
TargetFilename: C:\Users\JOHNNY~1.DOU\AppData\Local\Temp\TCD5972.tmp\Content.inf
CreationUtcTime: 2024-08-20 01:45:54.549
User: MY-CALDERA\johnny.douche"
MY-CAL-WIN10.my-caldera.local,11,"File created:
RuleName: DO
UtcTime: 2024-08-20 01:45:54.579
ProcessGuid: {ca24abc9-f526-66c3-4111-000000001d00}
ProcessId: 13068
Image: C:\Program Files (x86)\Microsoft Office\Root\Office16\WINWORD.EXE
TargetFilename: C:\Users\JOHNNY~1.DOU\AppData\Local\Temp\TCD59DE.tmp\chevronaccent.glox
CreationUtcTime: 2024-08-20 01:45:54.578
User: MY-CALDERA\johnny.douche"
MY-CAL-WIN10.my-caldera.local,11,"File created:
RuleName: DO
UtcTime: 2024-08-20 01:45:54.590
ProcessGuid: {ca24abc9-f526-66c3-4111-000000001d00}
ProcessId: 13068
Image: C:\Program Files (x86)\Microsoft Office\Root\Office16\WINWORD.EXE
TargetFilename: C:\Users\JOHNNY~1.DOU\AppData\Local\Temp\TCD59DE.tmp\Content.inf
CreationUtcTime: 2024-08-20 01:45:54.590
User: MY-CALDERA\johnny.douche"
MY-CAL-WIN10.my-caldera.local,11,"File created:
RuleName: DO
UtcTime: 2024-08-20 01:45:54.550
ProcessGuid: {ca24abc9-f526-66c3-4111-000000001d00}
ProcessId: 13068
Image: C:\Program Files (x86)\Microsoft Office\Root\Office16\WINWORD.EXE
TargetFilename: C:\Users\JOHNNY~1.DOU\AppData\Local\Temp\TCD59BD.tmp\TabbedArc.glox
CreationUtcTime: 2024-08-20 01:45:54.550
User: MY-CALDERA\johnny.douche"
MY-CAL-WIN10.my-caldera.local,11,"File created:
RuleName: DO
UtcTime: 2024-08-20 01:45:54.591
ProcessGuid: {ca24abc9-f526-66c3-4111-000000001d00}
ProcessId: 13068
Image: C:\Program Files (x86)\Microsoft Office\Root\Office16\WINWORD.EXE
TargetFilename: C:\Users\JOHNNY~1.DOU\AppData\Local\Temp\TCD59EF.tmp
CreationUtcTime: 2024-08-20 01:45:54.591
User: MY-CALDERA\johnny.douche"
MY-CAL-WIN10.my-caldera.local,11,"File created:
RuleName: DO
UtcTime: 2024-08-20 01:45:54.552
ProcessGuid: {ca24abc9-f526-66c3-4111-000000001d00}
ProcessId: 13068
Image: C:\Program Files (x86)\Microsoft Office\Root\Office16\WINWORD.EXE
TargetFilename: C:\Users\JOHNNY~1.DOU\AppData\Local\Temp\TCD594B.tmp\Content.inf
CreationUtcTime: 2024-08-20 01:45:54.551
User: MY-CALDERA\johnny.douche"
MY-CAL-WIN10.my-caldera.local,11,"File created:
RuleName: DO
UtcTime: 2024-08-20 01:45:54.592
ProcessGuid: {ca24abc9-f526-66c3-4111-000000001d00}
ProcessId: 13068
Image: C:\Program Files (x86)\Microsoft Office\Root\Office16\WINWORD.EXE
TargetFilename: C:\Users\JOHNNY~1.DOU\AppData\Local\Temp\TCD59F0.tmp
CreationUtcTime: 2024-08-20 01:45:54.587
User: MY-CALDERA\johnny.douche"
MY-CAL-WIN10.my-caldera.local,11,"File created:
RuleName: DO
UtcTime: 2024-08-20 01:45:54.594
ProcessGuid: {ca24abc9-f526-66c3-4111-000000001d00}
ProcessId: 13068
Image: C:\Program Files (x86)\Microsoft Office\Root\Office16\WINWORD.EXE
TargetFilename: C:\Users\JOHNNY~1.DOU\AppData\Local\Temp\TCD5A02.tmp
CreationUtcTime: 2024-08-20 01:45:54.594
User: MY-CALDERA\johnny.douche"
MY-CAL-WIN10.my-caldera.local,11,"File created:
RuleName: DO
UtcTime: 2024-08-20 01:45:54.554
ProcessGuid: {ca24abc9-f526-66c3-4111-000000001d00}
ProcessId: 13068
Image: C:\Program Files (x86)\Microsoft Office\Root\Office16\WINWORD.EXE
TargetFilename: C:\Users\JOHNNY~1.DOU\AppData\Local\Temp\TCD59BD.tmp\Content.inf
CreationUtcTime: 2024-08-20 01:45:54.553
User: MY-CALDERA\johnny.douche"
MY-CAL-WIN10.my-caldera.local,11,"File created:
RuleName: DO
UtcTime: 2024-08-20 01:45:54.555
ProcessGuid: {ca24abc9-f526-66c3-4111-000000001d00}
ProcessId: 13068
Image: C:\Program Files (x86)\Microsoft Office\Root\Office16\WINWORD.EXE
TargetFilename: C:\Users\JOHNNY~1.DOU\AppData\Local\Temp\TCD59BB.tmp\content.inf
CreationUtcTime: 2024-08-20 01:45:54.555
User: MY-CALDERA\johnny.douche"
MY-CAL-WIN10.my-caldera.local,11,"File created:
RuleName: DO
UtcTime: 2024-08-20 01:45:54.555
ProcessGuid: {ca24abc9-f526-66c3-4111-000000001d00}
ProcessId: 13068
Image: C:\Program Files (x86)\Microsoft Office\Root\Office16\WINWORD.EXE
TargetFilename: C:\Users\JOHNNY~1.DOU\AppData\Local\Temp\TCD59A8.tmp\Content.inf
CreationUtcTime: 2024-08-20 01:45:54.555
User: MY-CALDERA\johnny.douche"
MY-CAL-WIN10.my-caldera.local,11,"File created:
RuleName: DO
UtcTime: 2024-08-20 01:45:54.594
ProcessGuid: {ca24abc9-f526-66c3-4111-000000001d00}
ProcessId: 13068
Image: C:\Program Files (x86)\Microsoft Office\Root\Office16\WINWORD.EXE
TargetFilename: C:\Users\JOHNNY~1.DOU\AppData\Local\Temp\TCD59F0.tmp
CreationUtcTime: 2024-08-20 01:45:54.594
User: MY-CALDERA\johnny.douche"
MY-CAL-WIN10.my-caldera.local,11,"File created:
RuleName: DO
UtcTime: 2024-08-20 01:45:54.555
ProcessGuid: {ca24abc9-f526-66c3-4111-000000001d00}
ProcessId: 13068
Image: C:\Program Files (x86)\Microsoft Office\Root\Office16\WINWORD.EXE
TargetFilename: C:\Users\JOHNNY~1.DOU\AppData\Local\Temp\TCD594A.tmp\content.inf
CreationUtcTime: 2024-08-20 01:45:54.555
User: MY-CALDERA\johnny.douche"
MY-CAL-WIN10.my-caldera.local,11,"File created:
RuleName: DO
UtcTime: 2024-08-20 01:45:54.596
ProcessGuid: {ca24abc9-f526-66c3-4111-000000001d00}
ProcessId: 13068
Image: C:\Program Files (x86)\Microsoft Office\Root\Office16\WINWORD.EXE
TargetFilename: C:\Users\JOHNNY~1.DOU\AppData\Local\Temp\TCD5A02.tmp
CreationUtcTime: 2024-08-20 01:45:54.596
User: MY-CALDERA\johnny.douche"
MY-CAL-WIN10.my-caldera.local,11,"File created:
RuleName: DO
UtcTime: 2024-08-20 01:45:54.596
ProcessGuid: {ca24abc9-f526-66c3-4111-000000001d00}
ProcessId: 13068
Image: C:\Program Files (x86)\Microsoft Office\Root\Office16\WINWORD.EXE
TargetFilename: C:\Users\JOHNNY~1.DOU\AppData\Local\Temp\TCD59F0.tmp\gostname.xsl
CreationUtcTime: 2024-08-20 01:45:54.596
User: MY-CALDERA\johnny.douche"
MY-CAL-WIN10.my-caldera.local,11,"File created:
RuleName: DO
UtcTime: 2024-08-20 01:45:54.597
ProcessGuid: {ca24abc9-f526-66c3-4111-000000001d00}
ProcessId: 13068
Image: C:\Program Files (x86)\Microsoft Office\Root\Office16\WINWORD.EXE
TargetFilename: C:\Users\JOHNNY~1.DOU\AppData\Local\Temp\TCD5A02.tmp\TabList.glox
CreationUtcTime: 2024-08-20 01:45:54.597
User: MY-CALDERA\johnny.douche"
MY-CAL-WIN10.my-caldera.local,11,"File created:
RuleName: DO
UtcTime: 2024-08-20 01:45:54.599
ProcessGuid: {ca24abc9-f526-66c3-4111-000000001d00}
ProcessId: 13068
Image: C:\Program Files (x86)\Microsoft Office\Root\Office16\WINWORD.EXE
TargetFilename: C:\Users\JOHNNY~1.DOU\AppData\Local\Temp\TCD5A03.tmp
CreationUtcTime: 2024-08-20 01:45:54.598
User: MY-CALDERA\johnny.douche"
MY-CAL-WIN10.my-caldera.local,11,"File created:
RuleName: DO
UtcTime: 2024-08-20 01:45:54.600
ProcessGuid: {ca24abc9-f526-66c3-4111-000000001d00}
ProcessId: 13068
Image: C:\Program Files (x86)\Microsoft Office\Root\Office16\WINWORD.EXE
TargetFilename: C:\Users\JOHNNY~1.DOU\AppData\Local\Temp\TCD5A02.tmp\Content.inf
CreationUtcTime: 2024-08-20 01:45:54.600
User: MY-CALDERA\johnny.douche"
MY-CAL-WIN10.my-caldera.local,11,"File created:
RuleName: DO
UtcTime: 2024-08-20 01:45:54.600
ProcessGuid: {ca24abc9-f526-66c3-4111-000000001d00}
ProcessId: 13068
Image: C:\Program Files (x86)\Microsoft Office\Root\Office16\WINWORD.EXE
TargetFilename: C:\Users\JOHNNY~1.DOU\AppData\Local\Temp\TCD59F0.tmp\Content.inf
CreationUtcTime: 2024-08-20 01:45:54.600
User: MY-CALDERA\johnny.douche"
MY-CAL-WIN10.my-caldera.local,11,"File created:
RuleName: DO
UtcTime: 2024-08-20 01:45:54.600
ProcessGuid: {ca24abc9-f526-66c3-4111-000000001d00}
ProcessId: 13068
Image: C:\Program Files (x86)\Microsoft Office\Root\Office16\WINWORD.EXE
TargetFilename: C:\Users\JOHNNY~1.DOU\AppData\Local\Temp\TCD5A01.tmp
CreationUtcTime: 2024-08-20 01:45:54.593
User: MY-CALDERA\johnny.douche"
MY-CAL-WIN10.my-caldera.local,11,"File created:
RuleName: DO
UtcTime: 2024-08-20 01:45:54.604
ProcessGuid: {ca24abc9-f526-66c3-4111-000000001d00}
ProcessId: 13068
Image: C:\Program Files (x86)\Microsoft Office\Root\Office16\WINWORD.EXE
TargetFilename: C:\Users\JOHNNY~1.DOU\AppData\Local\Temp\TCD5A04.tmp
CreationUtcTime: 2024-08-20 01:45:54.603
User: MY-CALDERA\johnny.douche"
MY-CAL-WIN10.my-caldera.local,11,"File created:
RuleName: DO
UtcTime: 2024-08-20 01:45:53.365
ProcessGuid: {ca24abc9-f526-66c3-4111-000000001d00}
ProcessId: 13068
Image: C:\Program Files (x86)\Microsoft Office\Root\Office16\WINWORD.EXE
TargetFilename: C:\Users\johnny.douche\AppData\Roaming\Microsoft\Templates\LiveContent\16\User
CreationUtcTime: 2024-08-20 01:45:53.365
User: MY-CALDERA\johnny.douche"
MY-CAL-WIN10.my-caldera.local,11,"File created:
RuleName: DO
UtcTime: 2024-08-20 01:45:54.266
ProcessGuid: {ca24abc9-f526-66c3-4111-000000001d00}
ProcessId: 13068
Image: C:\Program Files (x86)\Microsoft Office\Root\Office16\WINWORD.EXE
TargetFilename: C:\Users\JOHNNY~1.DOU\AppData\Local\Temp\cab5877.tmp
CreationUtcTime: 2024-08-20 01:45:54.265
User: MY-CALDERA\johnny.douche"
MY-CAL-WIN10.my-caldera.local,11,"File created:
RuleName: DO
UtcTime: 2024-08-20 01:45:54.308
ProcessGuid: {ca24abc9-f526-66c3-4111-000000001d00}
ProcessId: 13068
Image: C:\Program Files (x86)\Microsoft Office\Root\Office16\WINWORD.EXE
TargetFilename: C:\Users\JOHNNY~1.DOU\AppData\Local\Temp\cab58AE.tmp
CreationUtcTime: 2024-08-20 01:45:54.308
User: MY-CALDERA\johnny.douche"
MY-CAL-WIN10.my-caldera.local,11,"File created:
RuleName: DO
UtcTime: 2024-08-20 01:45:54.486
ProcessGuid: {ca24abc9-f526-66c3-4111-000000001d00}
ProcessId: 13068
Image: C:\Program Files (x86)\Microsoft Office\Root\Office16\WINWORD.EXE
TargetFilename: C:\Users\JOHNNY~1.DOU\AppData\Local\Temp\TCD5970.tmp
CreationUtcTime: 2024-08-20 01:45:54.486
User: MY-CALDERA\johnny.douche"
MY-CAL-WIN10.my-caldera.local,11,"File created:
RuleName: DO
UtcTime: 2024-08-20 01:45:54.515
ProcessGuid: {ca24abc9-f526-66c3-4111-000000001d00}
ProcessId: 13068
Image: C:\Program Files (x86)\Microsoft Office\Root\Office16\WINWORD.EXE
TargetFilename: C:\Users\JOHNNY~1.DOU\AppData\Local\Temp\TCD59A8.tmp
CreationUtcTime: 2024-08-20 01:45:54.515
User: MY-CALDERA\johnny.douche"
MY-CAL-WIN10.my-caldera.local,11,"File created:
RuleName: DO
UtcTime: 2024-08-20 01:45:54.537
ProcessGuid: {ca24abc9-f526-66c3-4111-000000001d00}
ProcessId: 13068
Image: C:\Program Files (x86)\Microsoft Office\Root\Office16\WINWORD.EXE
TargetFilename: C:\Users\JOHNNY~1.DOU\AppData\Local\Temp\TCD5949.tmp\Text Sidebar (Annual Report Red and Black design).docx
CreationUtcTime: 2024-08-20 01:45:54.537
User: MY-CALDERA\johnny.douche"
MY-CAL-WIN10.my-caldera.local,11,"File created:
RuleName: DO
UtcTime: 2024-08-20 01:45:54.260
ProcessGuid: {ca24abc9-f526-66c3-4111-000000001d00}
ProcessId: 13068
Image: C:\Program Files (x86)\Microsoft Office\Root\Office16\WINWORD.EXE
TargetFilename: C:\Users\JOHNNY~1.DOU\AppData\Local\Temp\cab586F.tmp
CreationUtcTime: 2024-08-20 01:45:54.257
User: MY-CALDERA\johnny.douche"
MY-CAL-WIN10.my-caldera.local,11,"File created:
RuleName: DO
UtcTime: 2024-08-20 01:45:54.276
ProcessGuid: {ca24abc9-f526-66c3-4111-000000001d00}
ProcessId: 13068
Image: C:\Program Files (x86)\Microsoft Office\Root\Office16\WINWORD.EXE
TargetFilename: C:\Users\JOHNNY~1.DOU\AppData\Local\Temp\cab5873.tmp
CreationUtcTime: 2024-08-20 01:45:54.275
User: MY-CALDERA\johnny.douche"
MY-CAL-WIN10.my-caldera.local,11,"File created:
RuleName: DO
UtcTime: 2024-08-20 01:45:54.357
ProcessGuid: {ca24abc9-f526-66c3-4111-000000001d00}
ProcessId: 13068
Image: C:\Program Files (x86)\Microsoft Office\Root\Office16\WINWORD.EXE
TargetFilename: C:\Users\JOHNNY~1.DOU\AppData\Local\Temp\cab58E2.tmp
CreationUtcTime: 2024-08-20 01:45:54.356
User: MY-CALDERA\johnny.douche"
MY-CAL-WIN10.my-caldera.local,11,"File created:
RuleName: DO
UtcTime: 2024-08-20 01:45:54.490
ProcessGuid: {ca24abc9-f526-66c3-4111-000000001d00}
ProcessId: 13068
Image: C:\Program Files (x86)\Microsoft Office\Root\Office16\WINWORD.EXE
TargetFilename: C:\Users\JOHNNY~1.DOU\AppData\Local\Temp\TCD5983.tmp
CreationUtcTime: 2024-08-20 01:45:54.490
User: MY-CALDERA\johnny.douche"
MY-CAL-WIN10.my-caldera.local,11,"File created:
RuleName: DO
UtcTime: 2024-08-20 01:45:54.501
ProcessGuid: {ca24abc9-f526-66c3-4111-000000001d00}
ProcessId: 13068
Image: C:\Program Files (x86)\Microsoft Office\Root\Office16\WINWORD.EXE
TargetFilename: C:\Users\JOHNNY~1.DOU\AppData\Local\Temp\TCD5997.tmp
CreationUtcTime: 2024-08-20 01:45:54.500
User: MY-CALDERA\johnny.douche"
MY-CAL-WIN10.my-caldera.local,11,"File created:
RuleName: DO
UtcTime: 2024-08-20 01:45:53.455
ProcessGuid: {ca24abc9-f526-66c3-4111-000000001d00}
ProcessId: 13068
Image: C:\Program Files (x86)\Microsoft Office\Root\Office16\WINWORD.EXE
TargetFilename: C:\Users\johnny.douche\AppData\Roaming\Microsoft\Templates\LiveContent\16\User\Document Themes\1033
CreationUtcTime: 2024-08-20 01:45:53.454
User: MY-CALDERA\johnny.douche"
MY-CAL-WIN10.my-caldera.local,11,"File created:
RuleName: DO
UtcTime: 2024-08-20 01:45:54.499
ProcessGuid: {ca24abc9-f526-66c3-4111-000000001d00}
ProcessId: 13068
Image: C:\Program Files (x86)\Microsoft Office\Root\Office16\WINWORD.EXE
TargetFilename: C:\Users\JOHNNY~1.DOU\AppData\Local\Temp\cab5971.tmp
CreationUtcTime: 2024-08-20 01:45:54.489
User: MY-CALDERA\johnny.douche"
MY-CAL-WIN10.my-caldera.local,11,"File created:
RuleName: DO
UtcTime: 2024-08-20 01:45:54.527
ProcessGuid: {ca24abc9-f526-66c3-4111-000000001d00}
ProcessId: 13068
Image: C:\Program Files (x86)\Microsoft Office\Root\Office16\WINWORD.EXE
TargetFilename: C:\Users\JOHNNY~1.DOU\AppData\Local\Temp\TCD59AA.tmp
CreationUtcTime: 2024-08-20 01:45:54.527
User: MY-CALDERA\johnny.douche"
MY-CAL-WIN10.my-caldera.local,11,"File created:
RuleName: DO
UtcTime: 2024-08-20 01:45:53.466
ProcessGuid: {ca24abc9-f526-66c3-4111-000000001d00}
ProcessId: 13068
Image: C:\Program Files (x86)\Microsoft Office\Root\Office16\WINWORD.EXE
TargetFilename: C:\Users\johnny.douche\AppData\Roaming\Microsoft\Templates\LiveContent\16\User\Word Document Building Blocks\1033
CreationUtcTime: 2024-08-20 01:45:53.466
User: MY-CALDERA\johnny.douche"
MY-CAL-WIN10.my-caldera.local,11,"File created:
RuleName: DO
UtcTime: 2024-08-20 01:45:54.344
ProcessGuid: {ca24abc9-f526-66c3-4111-000000001d00}
ProcessId: 13068
Image: C:\Program Files (x86)\Microsoft Office\Root\Office16\WINWORD.EXE
TargetFilename: C:\Users\JOHNNY~1.DOU\AppData\Local\Temp\cab58E1.tmp
CreationUtcTime: 2024-08-20 01:45:54.344
User: MY-CALDERA\johnny.douche"
MY-CAL-WIN10.my-caldera.local,11,"File created:
RuleName: DO
UtcTime: 2024-08-20 01:45:54.490
ProcessGuid: {ca24abc9-f526-66c3-4111-000000001d00}
ProcessId: 13068
Image: C:\Program Files (x86)\Microsoft Office\Root\Office16\WINWORD.EXE
TargetFilename: C:\Users\JOHNNY~1.DOU\AppData\Local\Temp\TCD5972.tmp
CreationUtcTime: 2024-08-20 01:45:54.489
User: MY-CALDERA\johnny.douche"
MY-CAL-WIN10.my-caldera.local,11,"File created:
RuleName: DO
UtcTime: 2024-08-20 01:45:54.500
ProcessGuid: {ca24abc9-f526-66c3-4111-000000001d00}
ProcessId: 13068
Image: C:\Program Files (x86)\Microsoft Office\Root\Office16\WINWORD.EXE
TargetFilename: C:\Users\JOHNNY~1.DOU\AppData\Local\Temp\TCD5986.tmp
CreationUtcTime: 2024-08-20 01:45:54.499
User: MY-CALDERA\johnny.douche"
MY-CAL-WIN10.my-caldera.local,11,"File created:
RuleName: DO
UtcTime: 2024-08-20 01:45:53.373
ProcessGuid: {ca24abc9-f526-66c3-4111-000000001d00}
ProcessId: 13068
Image: C:\Program Files (x86)\Microsoft Office\Root\Office16\WINWORD.EXE
TargetFilename: C:\Users\johnny.douche\AppData\Roaming\Microsoft\Templates\LiveContent\16\User\Word Document Bibliography Styles
CreationUtcTime: 2024-08-20 01:45:53.372
User: MY-CALDERA\johnny.douche"
MY-CAL-WIN10.my-caldera.local,11,"File created:
RuleName: DO
UtcTime: 2024-08-20 01:45:54.323
ProcessGuid: {ca24abc9-f526-66c3-4111-000000001d00}
ProcessId: 13068
Image: C:\Program Files (x86)\Microsoft Office\Root\Office16\WINWORD.EXE
TargetFilename: C:\Users\JOHNNY~1.DOU\AppData\Local\Temp\cab58BE.tmp
CreationUtcTime: 2024-08-20 01:45:54.322
User: MY-CALDERA\johnny.douche"
MY-CAL-WIN10.my-caldera.local,11,"File created:
RuleName: DO
UtcTime: 2024-08-20 01:45:54.487
ProcessGuid: {ca24abc9-f526-66c3-4111-000000001d00}
ProcessId: 13068
Image: C:\Program Files (x86)\Microsoft Office\Root\Office16\WINWORD.EXE
TargetFilename: C:\Users\JOHNNY~1.DOU\AppData\Local\Temp\TCD5972.tmp
CreationUtcTime: 2024-08-20 01:45:54.486
User: MY-CALDERA\johnny.douche"
MY-CAL-WIN10.my-caldera.local,11,"File created:
RuleName: DO
UtcTime: 2024-08-20 01:45:54.518
ProcessGuid: {ca24abc9-f526-66c3-4111-000000001d00}
ProcessId: 13068
Image: C:\Program Files (x86)\Microsoft Office\Root\Office16\WINWORD.EXE
TargetFilename: C:\Users\JOHNNY~1.DOU\AppData\Local\Temp\TCD5998.tmp
CreationUtcTime: 2024-08-20 01:45:54.518
User: MY-CALDERA\johnny.douche"
MY-CAL-WIN10.my-caldera.local,11,"File created:
RuleName: DO
UtcTime: 2024-08-20 01:45:54.268
ProcessGuid: {ca24abc9-f526-66c3-4111-000000001d00}
ProcessId: 13068
Image: C:\Program Files (x86)\Microsoft Office\Root\Office16\WINWORD.EXE
TargetFilename: C:\Users\JOHNNY~1.DOU\AppData\Local\Temp\cab5879.tmp
CreationUtcTime: 2024-08-20 01:45:54.265
User: MY-CALDERA\johnny.douche"
MY-CAL-WIN10.my-caldera.local,11,"File created:
RuleName: DO
UtcTime: 2024-08-20 01:45:54.463
ProcessGuid: {ca24abc9-f526-66c3-4111-000000001d00}
ProcessId: 13068
Image: C:\Program Files (x86)\Microsoft Office\Root\Office16\WINWORD.EXE
TargetFilename: C:\Users\JOHNNY~1.DOU\AppData\Local\Temp\TCD594B.tmp
CreationUtcTime: 2024-08-20 01:45:54.456
User: MY-CALDERA\johnny.douche"
MY-CAL-WIN10.my-caldera.local,11,"File created:
RuleName: DO
UtcTime: 2024-08-20 01:45:54.477
ProcessGuid: {ca24abc9-f526-66c3-4111-000000001d00}
ProcessId: 13068
Image: C:\Program Files (x86)\Microsoft Office\Root\Office16\WINWORD.EXE
TargetFilename: C:\Users\JOHNNY~1.DOU\AppData\Local\Temp\TCD5949.tmp
CreationUtcTime: 2024-08-20 01:45:54.476
User: MY-CALDERA\johnny.douche"
MY-CAL-WIN10.my-caldera.local,11,"File created:
RuleName: DO
UtcTime: 2024-08-20 01:45:54.494
ProcessGuid: {ca24abc9-f526-66c3-4111-000000001d00}
ProcessId: 13068
Image: C:\Program Files (x86)\Microsoft Office\Root\Office16\WINWORD.EXE
TargetFilename: C:\Users\JOHNNY~1.DOU\AppData\Local\Temp\TCD5986.tmp
CreationUtcTime: 2024-08-20 01:45:54.493
User: MY-CALDERA\johnny.douche"
MY-CAL-WIN10.my-caldera.local,11,"File created:
RuleName: DO
UtcTime: 2024-08-20 01:45:53.466
ProcessGuid: {ca24abc9-f526-66c3-4111-000000001d00}
ProcessId: 13068
Image: C:\Program Files (x86)\Microsoft Office\Root\Office16\WINWORD.EXE
TargetFilename: C:\Users\johnny.douche\AppData\Roaming\Microsoft\Templates\LiveContent\16\User\Word Document Building Blocks
CreationUtcTime: 2024-08-20 01:45:53.466
User: MY-CALDERA\johnny.douche"
MY-CAL-WIN10.my-caldera.local,11,"File created:
RuleName: DO
UtcTime: 2024-08-20 01:45:54.271
ProcessGuid: {ca24abc9-f526-66c3-4111-000000001d00}
ProcessId: 13068
Image: C:\Program Files (x86)\Microsoft Office\Root\Office16\WINWORD.EXE
TargetFilename: C:\Users\JOHNNY~1.DOU\AppData\Local\Temp\cab588A.tmp
CreationUtcTime: 2024-08-20 01:45:54.270
User: MY-CALDERA\johnny.douche"
MY-CAL-WIN10.my-caldera.local,11,"File created:
RuleName: DO
UtcTime: 2024-08-20 01:45:54.394
ProcessGuid: {ca24abc9-f526-66c3-4111-000000001d00}
ProcessId: 13068
Image: C:\Program Files (x86)\Microsoft Office\Root\Office16\WINWORD.EXE
TargetFilename: C:\Users\JOHNNY~1.DOU\AppData\Local\Temp\cab5916.tmp
CreationUtcTime: 2024-08-20 01:45:54.393
User: MY-CALDERA\johnny.douche"
MY-CAL-WIN10.my-caldera.local,11,"File created:
RuleName: DO
UtcTime: 2024-08-20 01:45:54.474
ProcessGuid: {ca24abc9-f526-66c3-4111-000000001d00}
ProcessId: 13068
Image: C:\Program Files (x86)\Microsoft Office\Root\Office16\WINWORD.EXE
TargetFilename: C:\Users\JOHNNY~1.DOU\AppData\Local\Temp\TCD595D.tmp
CreationUtcTime: 2024-08-20 01:45:54.473
User: MY-CALDERA\johnny.douche"
MY-CAL-WIN10.my-caldera.local,11,"File created:
RuleName: DO
UtcTime: 2024-08-20 01:45:54.478
ProcessGuid: {ca24abc9-f526-66c3-4111-000000001d00}
ProcessId: 13068
Image: C:\Program Files (x86)\Microsoft Office\Root\Office16\WINWORD.EXE
TargetFilename: C:\Users\JOHNNY~1.DOU\AppData\Local\Temp\TCD596F.tmp
CreationUtcTime: 2024-08-20 01:45:54.477
User: MY-CALDERA\johnny.douche"
MY-CAL-WIN10.my-caldera.local,11,"File created:
RuleName: DO
UtcTime: 2024-08-20 01:45:54.488
ProcessGuid: {ca24abc9-f526-66c3-4111-000000001d00}
ProcessId: 13068
Image: C:\Program Files (x86)\Microsoft Office\Root\Office16\WINWORD.EXE
TargetFilename: C:\Users\JOHNNY~1.DOU\AppData\Local\Temp\cab5984.tmp
CreationUtcTime: 2024-08-20 01:45:54.487
User: MY-CALDERA\johnny.douche"
MY-CAL-WIN10.my-caldera.local,11,"File created:
RuleName: DO
UtcTime: 2024-08-20 01:45:54.533
ProcessGuid: {ca24abc9-f526-66c3-4111-000000001d00}
ProcessId: 13068
Image: C:\Program Files (x86)\Microsoft Office\Root\Office16\WINWORD.EXE
TargetFilename: C:\Users\JOHNNY~1.DOU\AppData\Local\Temp\TCD59BB.tmp
CreationUtcTime: 2024-08-20 01:45:54.533
User: MY-CALDERA\johnny.douche"
MY-CAL-WIN10.my-caldera.local,11,"File created:
RuleName: DO
UtcTime: 2024-08-20 01:45:54.612
ProcessGuid: {ca24abc9-f526-66c3-4111-000000001d00}
ProcessId: 13068
Image: C:\Program Files (x86)\Microsoft Office\Root\Office16\WINWORD.EXE
TargetFilename: C:\Users\JOHNNY~1.DOU\AppData\Local\Temp\TCD5A14.tmp
CreationUtcTime: 2024-08-20 01:45:54.612
User: MY-CALDERA\johnny.douche"
MY-CAL-WIN10.my-caldera.local,11,"File created:
RuleName: DO
UtcTime: 2024-08-20 01:45:54.613
ProcessGuid: {ca24abc9-f526-66c3-4111-000000001d00}
ProcessId: 13068
Image: C:\Program Files (x86)\Microsoft Office\Root\Office16\WINWORD.EXE
TargetFilename: C:\Users\JOHNNY~1.DOU\AppData\Local\Temp\TCD5A14.tmp\InterconnectedBlockProcess.glox
CreationUtcTime: 2024-08-20 01:45:54.613
User: MY-CALDERA\johnny.douche"
MY-CAL-WIN10.my-caldera.local,11,"File created:
RuleName: DO
UtcTime: 2024-08-20 01:45:54.613
ProcessGuid: {ca24abc9-f526-66c3-4111-000000001d00}
ProcessId: 13068
Image: C:\Program Files (x86)\Microsoft Office\Root\Office16\WINWORD.EXE
TargetFilename: C:\Users\JOHNNY~1.DOU\AppData\Local\Temp\TCD5986.tmp\Content.inf
CreationUtcTime: 2024-08-20 01:45:54.613
User: MY-CALDERA\johnny.douche"
MY-CAL-WIN10.my-caldera.local,11,"File created:
RuleName: DO
UtcTime: 2024-08-20 01:45:54.614
ProcessGuid: {ca24abc9-f526-66c3-4111-000000001d00}
ProcessId: 13068
Image: C:\Program Files (x86)\Microsoft Office\Root\Office16\WINWORD.EXE
TargetFilename: C:\Users\JOHNNY~1.DOU\AppData\Local\Temp\TCD5970.tmp\ThemePictureGrid.glox
CreationUtcTime: 2024-08-20 01:45:54.614
User: MY-CALDERA\johnny.douche"
