RuleName: -
EventType: CreatePipe
UtcTime: 2024-08-20 02:23:39.059
ProcessGuid: {ca24abc9-dc4c-66c3-9501-000000001d00}
ProcessId: 8332
PipeName: <Anonymous Pipe>
Image: C:\Windows\System32\WindowsPowerShell\v1.0\powershell.exe
User: MY-CALDERA\johnny.douche"
2420,MY-CAL-WIN10.my-caldera.local,17,"Pipe Created:
RuleName: -
EventType: CreatePipe
UtcTime: 2024-08-20 02:23:39.059
ProcessGuid: {ca24abc9-dc4c-66c3-9501-000000001d00}
ProcessId: 8332
PipeName: <Anonymous Pipe>
Image: C:\Windows\System32\WindowsPowerShell\v1.0\powershell.exe
User: MY-CALDERA\johnny.douche"
2421,MY-CAL-WIN10.my-caldera.local,17,"Pipe Created:
RuleName: -
EventType: CreatePipe
UtcTime: 2024-08-20 02:23:40.437
ProcessGuid: {ca24abc9-dc4c-66c3-9501-000000001d00}
ProcessId: 8332
PipeName: <Anonymous Pipe>
Image: C:\Windows\System32\WindowsPowerShell\v1.0\powershell.exe
User: MY-CALDERA\johnny.douche"
2422,MY-CAL-WIN10.my-caldera.local,17,"Pipe Created:
RuleName: -
EventType: CreatePipe
UtcTime: 2024-08-20 02:23:40.437
ProcessGuid: {ca24abc9-dc4c-66c3-9501-000000001d00}
ProcessId: 8332
PipeName: <Anonymous Pipe>
Image: C:\Windows\System32\WindowsPowerShell\v1.0\powershell.exe
User: MY-CALDERA\johnny.douche"
2423,MY-CAL-WIN10.my-caldera.local,17,"Pipe Created:
RuleName: -
EventType: CreatePipe
UtcTime: 2024-08-20 02:23:40.651
ProcessGuid: {ca24abc9-fe2c-66c3-d115-000000001d00}
ProcessId: 14196
PipeName: \PSHost.133685942204389199.14196.DefaultAppDomain.powershell
Image: C:\Windows\System32\WindowsPowerShell\v1.0\powershell.exe
User: MY-CALDERA\johnny.douche"
2424,MY-CAL-WIN10.my-caldera.local,17,"Pipe Created:
RuleName: -
EventType: CreatePipe
UtcTime: 2024-08-20 02:23:42.523
ProcessGuid: {ca24abc9-fe2e-66c3-d515-000000001d00}
ProcessId: 9604
PipeName: \PSHost.133685942222996355.9604.DefaultAppDomain.powershell
Image: C:\Windows\System32\WindowsPowerShell\v1.0\powershell.exe
User: MY-CALDERA\johnny.douche"
2425,MY-CAL-WIN10.my-caldera.local,17,"Pipe Created:
RuleName: -
EventType: CreatePipe
UtcTime: 2024-08-20 02:23:43.381
ProcessGuid: {ca24abc9-dc4c-66c3-9501-000000001d00}
ProcessId: 8332
PipeName: <Anonymous Pipe>
Image: C:\Windows\System32\WindowsPowerShell\v1.0\powershell.exe
User: MY-CALDERA\johnny.douche"
2426,MY-CAL-WIN10.my-caldera.local,17,"Pipe Created:
RuleName: -
EventType: CreatePipe
UtcTime: 2024-08-20 02:23:43.382
ProcessGuid: {ca24abc9-dc4c-66c3-9501-000000001d00}
ProcessId: 8332
PipeName: <Anonymous Pipe>
Image: C:\Windows\System32\WindowsPowerShell\v1.0\powershell.exe
User: MY-CALDERA\johnny.douche"
2427,MY-CAL-WIN10.my-caldera.local,17,"Pipe Created:
RuleName: -
EventType: CreatePipe
UtcTime: 2024-08-20 02:23:46.262
ProcessGuid: {ca24abc9-dc4c-66c3-9501-000000001d00}
ProcessId: 8332
PipeName: <Anonymous Pipe>
Image: C:\Windows\System32\WindowsPowerShell\v1.0\powershell.exe
User: MY-CALDERA\johnny.douche"
2428,MY-CAL-WIN10.my-caldera.local,17,"Pipe Created:
RuleName: -
EventType: CreatePipe
UtcTime: 2024-08-20 02:23:46.262
ProcessGuid: {ca24abc9-dc4c-66c3-9501-000000001d00}
ProcessId: 8332
PipeName: <Anonymous Pipe>
Image: C:\Windows\System32\WindowsPowerShell\v1.0\powershell.exe
User: MY-CALDERA\johnny.douche"
2429,MY-CAL-WIN10.my-caldera.local,17,"Pipe Created:
RuleName: -
EventType: CreatePipe
UtcTime: 2024-08-20 02:23:45.580
ProcessGuid: {ca24abc9-fe31-66c3-dc15-000000001d00}
ProcessId: 8996
PipeName: \PSHost.133685942253670227.8996.DefaultAppDomain.powershell
Image: C:\Windows\System32\WindowsPowerShell\v1.0\powershell.exe
User: MY-CALDERA\johnny.douche"
2430,MY-CAL-WIN10.my-caldera.local,17,"Pipe Created:
RuleName: -
EventType: CreatePipe
UtcTime: 2024-08-20 02:23:46.474
ProcessGuid: {ca24abc9-fe32-66c3-de15-000000001d00}
ProcessId: 14848
PipeName: \PSHost.133685942262638432.14848.DefaultAppDomain.powershell
Image: C:\Windows\System32\WindowsPowerShell\v1.0\powershell.exe
User: MY-CALDERA\johnny.douche"
2431,MY-CAL-WIN10.my-caldera.local,17,"Pipe Created:
RuleName: -
EventType: CreatePipe
UtcTime: 2024-08-20 02:24:14.018
ProcessGuid: {ca24abc9-dc4c-66c3-9501-000000001d00}
ProcessId: 8332
PipeName: <Anonymous Pipe>
Image: C:\Windows\System32\WindowsPowerShell\v1.0\powershell.exe
User: MY-CALDERA\johnny.douche"
2432,MY-CAL-WIN10.my-caldera.local,17,"Pipe Created:
RuleName: -
EventType: CreatePipe
UtcTime: 2024-08-20 02:24:14.018
ProcessGuid: {ca24abc9-dc4c-66c3-9501-000000001d00}
ProcessId: 8332
PipeName: <Anonymous Pipe>
Image: C:\Windows\System32\WindowsPowerShell\v1.0\powershell.exe
User: MY-CALDERA\johnny.douche"
2433,MY-CAL-WIN10.my-caldera.local,17,"Pipe Created:
RuleName: -
EventType: CreatePipe
UtcTime: 2024-08-20 02:02:32.398
ProcessGuid: {ca24abc9-f92d-66c3-2712-000000001d00}
ProcessId: 14592
PipeName: <Anonymous Pipe>
Image: C:\Windows\System32\WindowsPowerShell\v1.0\powershell.exe
User: MY-CALDERA\johnny.douche"
2434,MY-CAL-WIN10.my-caldera.local,17,"Pipe Created:
RuleName: -
EventType: CreatePipe
UtcTime: 2024-08-20 02:02:32.398
ProcessGuid: {ca24abc9-f92d-66c3-2712-000000001d00}
ProcessId: 14592
PipeName: <Anonymous Pipe>
Image: C:\Windows\System32\WindowsPowerShell\v1.0\powershell.exe
User: MY-CALDERA\johnny.douche"
2435,MY-CAL-WIN10.my-caldera.local,17,"Pipe Created:
RuleName: -
EventType: CreatePipe
UtcTime: 2024-08-20 02:02:32.399
ProcessGuid: {ca24abc9-f92d-66c3-2712-000000001d00}
ProcessId: 14592
PipeName: <Anonymous Pipe>
Image: C:\Windows\System32\WindowsPowerShell\v1.0\powershell.exe
User: MY-CALDERA\johnny.douche"
2436,MY-CAL-WIN10.my-caldera.local,17,"Pipe Created:
RuleName: -
EventType: CreatePipe
UtcTime: 2024-08-20 02:02:38.956
ProcessGuid: {ca24abc9-f93e-66c3-3312-000000001d00}
ProcessId: 7184
PipeName: \PSHost.133685929586995524.7184.DefaultAppDomain.powershell
Image: C:\Windows\System32\WindowsPowerShell\v1.0\powershell.exe
User: MY-CALDERA\johnny.douche"
2437,MY-CAL-WIN10.my-caldera.local,17,"Pipe Created:
RuleName: -
EventType: CreatePipe
UtcTime: 2024-08-20 02:02:38.697
ProcessGuid: {ca24abc9-dc4c-66c3-9501-000000001d00}
ProcessId: 8332
PipeName: <Anonymous Pipe>
Image: C:\Windows\System32\WindowsPowerShell\v1.0\powershell.exe
User: MY-CALDERA\johnny.douche"
2438,MY-CAL-WIN10.my-caldera.local,17,"Pipe Created:
RuleName: -
EventType: CreatePipe
UtcTime: 2024-08-20 02:02:38.697
ProcessGuid: {ca24abc9-dc4c-66c3-9501-000000001d00}
ProcessId: 8332
PipeName: <Anonymous Pipe>
Image: C:\Windows\System32\WindowsPowerShell\v1.0\powershell.exe
User: MY-CALDERA\johnny.douche"
2439,MY-CAL-WIN10.my-caldera.local,17,"Pipe Created:
RuleName: -
EventType: CreatePipe
UtcTime: 2024-08-20 02:02:42.270
ProcessGuid: {ca24abc9-dc4c-66c3-9501-000000001d00}
ProcessId: 8332
PipeName: <Anonymous Pipe>
Image: C:\Windows\System32\WindowsPowerShell\v1.0\powershell.exe
User: MY-CALDERA\johnny.douche"
2440,MY-CAL-WIN10.my-caldera.local,17,"Pipe Created:
RuleName: -
EventType: CreatePipe
UtcTime: 2024-08-20 02:02:42.270
ProcessGuid: {ca24abc9-dc4c-66c3-9501-000000001d00}
ProcessId: 8332
PipeName: <Anonymous Pipe>
Image: C:\Windows\System32\WindowsPowerShell\v1.0\powershell.exe
User: MY-CALDERA\johnny.douche"
2441,MY-CAL-WIN10.my-caldera.local,17,"Pipe Created:
RuleName: -
EventType: CreatePipe
UtcTime: 2024-08-20 02:03:04.431
ProcessGuid: {ca24abc9-f958-66c3-5312-000000001d00}
ProcessId: 13136
PipeName: \PSHost.133685929841748057.13136.DefaultAppDomain.powershell
Image: C:\Windows\System32\WindowsPowerShell\v1.0\powershell.exe
User: MY-CALDERA\johnny.douche"
2442,MY-CAL-WIN10.my-caldera.local,17,"Pipe Created:
RuleName: -
EventType: CreatePipe
UtcTime: 2024-08-20 02:03:04.172
ProcessGuid: {ca24abc9-dc4c-66c3-9501-000000001d00}
ProcessId: 8332
PipeName: <Anonymous Pipe>
Image: C:\Windows\System32\WindowsPowerShell\v1.0\powershell.exe
User: MY-CALDERA\johnny.douche"
2443,MY-CAL-WIN10.my-caldera.local,17,"Pipe Created:
RuleName: -
EventType: CreatePipe
UtcTime: 2024-08-20 02:03:04.173
ProcessGuid: {ca24abc9-dc4c-66c3-9501-000000001d00}
ProcessId: 8332
PipeName: <Anonymous Pipe>
Image: C:\Windows\System32\WindowsPowerShell\v1.0\powershell.exe
User: MY-CALDERA\johnny.douche"
2444,MY-CAL-WIN10.my-caldera.local,17,"Pipe Created:
RuleName: -
EventType: CreatePipe
UtcTime: 2024-08-20 02:05:22.643
ProcessGuid: {ca24abc9-f9dc-66c3-7b12-000000001d00}
ProcessId: 15764
PipeName: \PSHost.133685931164874552.15764.DefaultAppDomain.powershell
Image: C:\Windows\System32\WindowsPowerShell\v1.0\powershell.exe
User: MY-CALDERA\johnny.douche"
2445,MY-CAL-WIN10.my-caldera.local,17,"Pipe Created:
RuleName: -
EventType: CreatePipe
UtcTime: 2024-08-20 02:26:15.412
ProcessGuid: {ca24abc9-dc4c-66c3-9501-000000001d00}
ProcessId: 8332
PipeName: <Anonymous Pipe>
Image: C:\Windows\System32\WindowsPowerShell\v1.0\powershell.exe
User: MY-CALDERA\johnny.douche"
2446,MY-CAL-WIN10.my-caldera.local,17,"Pipe Created:
RuleName: -
EventType: CreatePipe
UtcTime: 2024-08-20 02:26:15.412
ProcessGuid: {ca24abc9-dc4c-66c3-9501-000000001d00}
ProcessId: 8332
PipeName: <Anonymous Pipe>
Image: C:\Windows\System32\WindowsPowerShell\v1.0\powershell.exe
User: MY-CALDERA\johnny.douche"
2447,MY-CAL-WIN10.my-caldera.local,17,"Pipe Created:
RuleName: -
EventType: CreatePipe
UtcTime: 2024-08-20 02:27:20.033
ProcessGuid: {ca24abc9-dc4c-66c3-9501-000000001d00}
ProcessId: 8332
PipeName: <Anonymous Pipe>
Image: C:\Windows\System32\WindowsPowerShell\v1.0\powershell.exe
User: MY-CALDERA\johnny.douche"
2448,MY-CAL-WIN10.my-caldera.local,17,"Pipe Created:
RuleName: -
EventType: CreatePipe
UtcTime: 2024-08-20 02:27:20.672
ProcessGuid: {ca24abc9-ff08-66c3-f715-000000001d00}
ProcessId: 8224
PipeName: \PSHost.133685944400357459.8224.DefaultAppDomain.powershell
Image: C:\Windows\System32\WindowsPowerShell\v1.0\powershell.exe
User: MY-CALDERA\johnny.douche"
2449,MY-CAL-WIN10.my-caldera.local,17,"Pipe Created:
RuleName: -
EventType: CreatePipe
UtcTime: 2024-08-20 02:27:20.033
ProcessGuid: {ca24abc9-dc4c-66c3-9501-000000001d00}
ProcessId: 8332
PipeName: <Anonymous Pipe>
Image: C:\Windows\System32\WindowsPowerShell\v1.0\powershell.exe
User: MY-CALDERA\johnny.douche"
2450,MY-CAL-WIN10.my-caldera.local,17,"Pipe Created:
RuleName: -
EventType: CreatePipe
UtcTime: 2024-08-20 02:28:06.316
ProcessGuid: {ca24abc9-dc4c-66c3-9501-000000001d00}
ProcessId: 8332
PipeName: <Anonymous Pipe>
Image: C:\Windows\System32\WindowsPowerShell\v1.0\powershell.exe
User: MY-CALDERA\johnny.douche"
2451,MY-CAL-WIN10.my-caldera.local,17,"Pipe Created:
RuleName: -
EventType: CreatePipe
UtcTime: 2024-08-20 02:28:06.317
ProcessGuid: {ca24abc9-dc4c-66c3-9501-000000001d00}
ProcessId: 8332
PipeName: <Anonymous Pipe>
Image: C:\Windows\System32\WindowsPowerShell\v1.0\powershell.exe
User: MY-CALDERA\johnny.douche"
2452,MY-CAL-WIN10.my-caldera.local,17,"Pipe Created:
RuleName: -
EventType: CreatePipe
UtcTime: 2024-08-20 02:28:06.516
ProcessGuid: {ca24abc9-ff36-66c3-0716-000000001d00}
ProcessId: 560
PipeName: \PSHost.133685944863187117.560.DefaultAppDomain.powershell
Image: C:\Windows\System32\WindowsPowerShell\v1.0\powershell.exe
User: MY-CALDERA\johnny.douche"
2453,MY-CAL-WIN10.my-caldera.local,17,"Pipe Created:
RuleName: -
EventType: CreatePipe
UtcTime: 2024-08-20 02:28:07.266
ProcessGuid: {ca24abc9-dc4c-66c3-9501-000000001d00}
ProcessId: 8332
PipeName: <Anonymous Pipe>
Image: C:\Windows\System32\WindowsPowerShell\v1.0\powershell.exe
User: MY-CALDERA\johnny.douche"
2454,MY-CAL-WIN10.my-caldera.local,17,"Pipe Created:
RuleName: -
EventType: CreatePipe
UtcTime: 2024-08-20 02:28:07.266
ProcessGuid: {ca24abc9-dc4c-66c3-9501-000000001d00}
ProcessId: 8332
PipeName: <Anonymous Pipe>
Image: C:\Windows\System32\WindowsPowerShell\v1.0\powershell.exe
User: MY-CALDERA\johnny.douche"
2455,MY-CAL-WIN10.my-caldera.local,17,"Pipe Created:
RuleName: -
EventType: CreatePipe
UtcTime: 2024-08-20 02:28:20.043
ProcessGuid: {ca24abc9-ff43-66c3-2016-000000001d00}
ProcessId: 6368
PipeName: \PSHost.133685944996991730.6368.DefaultAppDomain.powershell
Image: C:\Windows\System32\WindowsPowerShell\v1.0\powershell.exe
User: MY-CALDERA\johnny.douche"
2456,MY-CAL-WIN10.my-caldera.local,17,"Pipe Created:
RuleName: -
EventType: CreatePipe
UtcTime: 2024-08-20 02:28:19.697
ProcessGuid: {ca24abc9-dc4c-66c3-9501-000000001d00}
ProcessId: 8332
PipeName: <Anonymous Pipe>
Image: C:\Windows\System32\WindowsPowerShell\v1.0\powershell.exe
User: MY-CALDERA\johnny.douche"
2457,MY-CAL-WIN10.my-caldera.local,17,"Pipe Created:
RuleName: -
EventType: CreatePipe
UtcTime: 2024-08-20 02:28:19.698
ProcessGuid: {ca24abc9-dc4c-66c3-9501-000000001d00}
ProcessId: 8332
PipeName: <Anonymous Pipe>
Image: C:\Windows\System32\WindowsPowerShell\v1.0\powershell.exe
User: MY-CALDERA\johnny.douche"
2458,MY-CAL-WIN10.my-caldera.local,17,"Pipe Created:
RuleName: -
EventType: CreatePipe
UtcTime: 2024-08-20 02:28:23.030
ProcessGuid: {ca24abc9-dc4c-66c3-9501-000000001d00}
ProcessId: 8332
PipeName: <Anonymous Pipe>
Image: C:\Windows\System32\WindowsPowerShell\v1.0\powershell.exe
User: MY-CALDERA\johnny.douche"
2459,MY-CAL-WIN10.my-caldera.local,17,"Pipe Created:
RuleName: -
EventType: CreatePipe
UtcTime: 2024-08-20 02:28:23.030
ProcessGuid: {ca24abc9-dc4c-66c3-9501-000000001d00}
ProcessId: 8332
PipeName: <Anonymous Pipe>
Image: C:\Windows\System32\WindowsPowerShell\v1.0\powershell.exe
User: MY-CALDERA\johnny.douche"
2460,MY-CAL-WIN10.my-caldera.local,17,"Pipe Created:
RuleName: -
EventType: CreatePipe
UtcTime: 2024-08-20 02:28:23.242
ProcessGuid: {ca24abc9-ff47-66c3-2616-000000001d00}
ProcessId: 796
PipeName: \PSHost.133685945030318457.796.DefaultAppDomain.powershell
Image: C:\Windows\System32\WindowsPowerShell\v1.0\powershell.exe
User: MY-CALDERA\johnny.douche"
2461,MY-CAL-WIN10.my-caldera.local,17,"Pipe Created:
RuleName: -
EventType: CreatePipe
UtcTime: 2024-08-20 02:28:23.997
ProcessGuid: {ca24abc9-dc4c-66c3-9501-000000001d00}
ProcessId: 8332
PipeName: <Anonymous Pipe>
Image: C:\Windows\System32\WindowsPowerShell\v1.0\powershell.exe
User: MY-CALDERA\johnny.douche"
2462,MY-CAL-WIN10.my-caldera.local,17,"Pipe Created:
RuleName: -
EventType: CreatePipe
UtcTime: 2024-08-20 02:28:23.997
ProcessGuid: {ca24abc9-dc4c-66c3-9501-000000001d00}
ProcessId: 8332
PipeName: <Anonymous Pipe>
Image: C:\Windows\System32\WindowsPowerShell\v1.0\powershell.exe
User: MY-CALDERA\johnny.douche"
2463,MY-CAL-WIN10.my-caldera.local,17,"Pipe Created:
RuleName: -
EventType: CreatePipe
UtcTime: 2024-08-20 02:02:21.784
ProcessGuid: {ca24abc9-dc4c-66c3-9501-000000001d00}
ProcessId: 8332
PipeName: <Anonymous Pipe>
Image: C:\Windows\System32\WindowsPowerShell\v1.0\powershell.exe
User: MY-CALDERA\johnny.douche"
2464,MY-CAL-WIN10.my-caldera.local,17,"Pipe Created:
RuleName: -
EventType: CreatePipe
UtcTime: 2024-08-20 02:02:23.606
ProcessGuid: {ca24abc9-f92d-66c3-2712-000000001d00}
ProcessId: 14592
PipeName: \PSHost.133685929417869897.14592.DefaultAppDomain.powershell
Image: C:\Windows\System32\WindowsPowerShell\v1.0\powershell.exe
User: MY-CALDERA\johnny.douche"
2465,MY-CAL-WIN10.my-caldera.local,17,"Pipe Created:
RuleName: -
EventType: CreatePipe
UtcTime: 2024-08-20 02:02:21.784
ProcessGuid: {ca24abc9-dc4c-66c3-9501-000000001d00}
ProcessId: 8332
PipeName: <Anonymous Pipe>
Image: C:\Windows\System32\WindowsPowerShell\v1.0\powershell.exe
User: MY-CALDERA\johnny.douche"
2466,MY-CAL-WIN10.my-caldera.local,17,"Pipe Created:
RuleName: -
EventType: CreatePipe
UtcTime: 2024-08-20 02:03:00.750
ProcessGuid: {ca24abc9-dc4c-66c3-9501-000000001d00}
ProcessId: 8332
PipeName: <Anonymous Pipe>
Image: C:\Windows\System32\WindowsPowerShell\v1.0\powershell.exe
User: MY-CALDERA\johnny.douche"
2467,MY-CAL-WIN10.my-caldera.local,17,"Pipe Created:
RuleName: -
EventType: CreatePipe
UtcTime: 2024-08-20 02:03:00.750
ProcessGuid: {ca24abc9-dc4c-66c3-9501-000000001d00}
ProcessId: 8332
PipeName: <Anonymous Pipe>
Image: C:\Windows\System32\WindowsPowerShell\v1.0\powershell.exe
User: MY-CALDERA\johnny.douche"
2468,MY-CAL-WIN10.my-caldera.local,17,"Pipe Created:
RuleName: -
EventType: CreatePipe
UtcTime: 2024-08-20 02:04:01.822
ProcessGuid: {ca24abc9-f982-66c3-5912-000000001d00}
ProcessId: 14244
PipeName: \PSHost.133685930268883430.14244.DefaultAppDomain.powershell
Image: C:\Windows\System32\WindowsPowerShell\v1.0\powershell.exe
User: MY-CALDERA\johnny.douche"
2469,MY-CAL-WIN10.my-caldera.local,17,"Pipe Created:
RuleName: -
EventType: CreatePipe
UtcTime: 2024-08-20 02:05:15.359
ProcessGuid: {ca24abc9-dc4c-66c3-9501-000000001d00}
ProcessId: 8332
PipeName: <Anonymous Pipe>
Image: C:\Windows\System32\WindowsPowerShell\v1.0\powershell.exe
User: MY-CALDERA\johnny.douche"
2470,MY-CAL-WIN10.my-caldera.local,17,"Pipe Created:
RuleName: -
EventType: CreatePipe
UtcTime: 2024-08-20 02:05:15.360
ProcessGuid: {ca24abc9-dc4c-66c3-9501-000000001d00}
ProcessId: 8332
PipeName: <Anonymous Pipe>
Image: C:\Windows\System32\WindowsPowerShell\v1.0\powershell.exe
User: MY-CALDERA\johnny.douche"
2471,MY-CAL-WIN10.my-caldera.local,17,"Pipe Created:
RuleName: -
EventType: CreatePipe
UtcTime: 2024-08-20 02:05:16.126
ProcessGuid: {ca24abc9-dc4c-66c3-9501-000000001d00}
ProcessId: 8332
PipeName: <Anonymous Pipe>
Image: C:\Windows\System32\WindowsPowerShell\v1.0\powershell.exe
User: MY-CALDERA\johnny.douche"
2472,MY-CAL-WIN10.my-caldera.local,17,"Pipe Created:
RuleName: -
EventType: CreatePipe
UtcTime: 2024-08-20 02:05:16.125
ProcessGuid: {ca24abc9-dc4c-66c3-9501-000000001d00}
ProcessId: 8332
PipeName: <Anonymous Pipe>
Image: C:\Windows\System32\WindowsPowerShell\v1.0\powershell.exe
User: MY-CALDERA\johnny.douche"
2473,MY-CAL-WIN10.my-caldera.local,17,"Pipe Created:
RuleName: -
EventType: CreatePipe
UtcTime: 2024-08-20 00:23:15.673
ProcessGuid: {ca24abc9-e1f3-66c3-df03-000000001d00}
ProcessId: 10760
PipeName: \PSHost.133685869954967997.10760.DefaultAppDomain.powershell
Image: C:\Windows\System32\WindowsPowerShell\v1.0\powershell.exe
User: MY-CALDERA\johnny.douche"
2474,MY-CAL-WIN10.my-caldera.local,17,"Pipe Created:
RuleName: -
EventType: CreatePipe
UtcTime: 2024-08-20 00:23:40.530
ProcessGuid: {ca24abc9-e20c-66c3-ef03-000000001d00}
ProcessId: 11004
PipeName: \PSHost.133685870201698656.11004.DefaultAppDomain.powershell
Image: C:\Windows\System32\WindowsPowerShell\v1.0\powershell.exe
User: MY-CALDERA\johnny.douche"
2475,MY-CAL-WIN10.my-caldera.local,17,"Pipe Created:
RuleName: -
EventType: CreatePipe
UtcTime: 2024-08-20 00:23:44.904
ProcessGuid: {ca24abc9-e20f-66c3-f203-000000001d00}
ProcessId: 7656
PipeName: \PSHost.133685870235836770.7656.DefaultAppDomain.powershell
Image: C:\Windows\System32\WindowsPowerShell\v1.0\powershell.exe
User: MY-CALDERA\johnny.douche"
2476,MY-CAL-WIN10.my-caldera.local,17,"Pipe Created:
RuleName: -
EventType: CreatePipe
UtcTime: 2024-08-20 00:23:51.486
ProcessGuid: {ca24abc9-e216-66c3-f603-000000001d00}
ProcessId: 7004
PipeName: \PSHost.133685870302830120.7004.DefaultAppDomain.powershell
Image: C:\Windows\system32\WindowsPowerShell\v1.0\powershell.exe
User: NT AUTHORITY\SYSTEM"
2477,MY-CAL-WIN10.my-caldera.local,17,"Pipe Created:
RuleName: -
EventType: CreatePipe
UtcTime: 2024-08-20 00:23:59.715
ProcessGuid: {ca24abc9-e21f-66c3-0004-000000001d00}
ProcessId: 6852
PipeName: \PSHost.133685870394075547.6852.DefaultAppDomain.powershell
Image: C:\Windows\System32\WindowsPowerShell\v1.0\powershell.exe
User: MY-CALDERA\johnny.douche"
2478,MY-CAL-WIN10.my-caldera.local,17,"Pipe Created:
RuleName: -
EventType: CreatePipe
UtcTime: 2024-08-20 00:24:03.464
ProcessGuid: {ca24abc9-e223-66c3-0304-000000001d00}
ProcessId: 5284
PipeName: \PSHost.133685870431654066.5284.DefaultAppDomain.powershell
Image: C:\Windows\System32\WindowsPowerShell\v1.0\powershell.exe
User: MY-CALDERA\johnny.douche"
2479,MY-CAL-WIN10.my-caldera.local,17,"Pipe Created:
RuleName: -
EventType: CreatePipe
UtcTime: 2024-08-20 00:24:06.535
ProcessGuid: {ca24abc9-dc4c-66c3-9501-000000001d00}
ProcessId: 8332
PipeName: <Anonymous Pipe>
Image: C:\Windows\System32\WindowsPowerShell\v1.0\powershell.exe
User: MY-CALDERA\johnny.douche"
2480,MY-CAL-WIN10.my-caldera.local,17,"Pipe Created:
RuleName: -
EventType: CreatePipe
UtcTime: 2024-08-20 00:24:06.536
ProcessGuid: {ca24abc9-dc4c-66c3-9501-000000001d00}
ProcessId: 8332
PipeName: <Anonymous Pipe>
Image: C:\Windows\System32\WindowsPowerShell\v1.0\powershell.exe
User: MY-CALDERA\johnny.douche"
2481,MY-CAL-WIN10.my-caldera.local,17,"Pipe Created:
RuleName: -
EventType: CreatePipe
UtcTime: 2024-08-20 00:24:06.905
ProcessGuid: {ca24abc9-e226-66c3-0604-000000001d00}
ProcessId: 10732
PipeName: \PSHost.133685870465385264.10732.DefaultAppDomain.powershell
Image: C:\Windows\System32\WindowsPowerShell\v1.0\powershell.exe
User: MY-CALDERA\johnny.douche"
2482,MY-CAL-WIN10.my-caldera.local,17,"Pipe Created:
RuleName: -
EventType: CreatePipe
UtcTime: 2024-08-20 00:24:21.843
ProcessGuid: {ca24abc9-e235-66c3-0a04-000000001d00}
ProcessId: 9036
PipeName: \PSHost.133685870615315510.9036.DefaultAppDomain.powershell
Image: C:\Windows\System32\WindowsPowerShell\v1.0\powershell.exe
User: MY-CALDERA\johnny.douche"
2483,MY-CAL-WIN10.my-caldera.local,17,"Pipe Created:
RuleName: -
EventType: CreatePipe
UtcTime: 2024-08-20 00:24:28.420
ProcessGuid: {ca24abc9-dc4c-66c3-9501-000000001d00}
ProcessId: 8332
PipeName: <Anonymous Pipe>
Image: C:\Windows\System32\WindowsPowerShell\v1.0\powershell.exe
User: MY-CALDERA\johnny.douche"
2484,MY-CAL-WIN10.my-caldera.local,17,"Pipe Created:
RuleName: -
EventType: CreatePipe
UtcTime: 2024-08-20 00:24:28.420
ProcessGuid: {ca24abc9-dc4c-66c3-9501-000000001d00}
ProcessId: 8332
PipeName: <Anonymous Pipe>
Image: C:\Windows\System32\WindowsPowerShell\v1.0\powershell.exe
User: MY-CALDERA\johnny.douche"
2485,MY-CAL-WIN10.my-caldera.local,17,"Pipe Created:
RuleName: -
EventType: CreatePipe
UtcTime: 2024-08-20 00:24:29.055
ProcessGuid: {ca24abc9-e23c-66c3-1004-000000001d00}
ProcessId: 11200
PipeName: \PSHost.133685870684223890.11200.DefaultAppDomain.powershell
Image: C:\Windows\System32\WindowsPowerShell\v1.0\powershell.exe
User: MY-CALDERA\johnny.douche"
2486,MY-CAL-WIN10.my-caldera.local,17,"Pipe Created:
RuleName: -
EventType: CreatePipe
UtcTime: 2024-08-20 00:26:22.475
ProcessGuid: {ca24abc9-e2ae-66c3-3d04-000000001d00}
ProcessId: 11188
PipeName: \PSHost.133685871823112593.11188.DefaultAppDomain.powershell
Image: C:\Windows\System32\WindowsPowerShell\v1.0\powershell.exe
User: MY-CALDERA\johnny.douche"
2487,MY-CAL-WIN10.my-caldera.local,17,"Pipe Created:
RuleName: -
EventType: CreatePipe
UtcTime: 2024-08-20 00:26:31.777
ProcessGuid: {ca24abc9-e2b6-66c3-4404-000000001d00}
ProcessId: 9616
PipeName: \PSHost.133685871904034838.9616.DefaultAppDomain.powershell
Image: C:\Windows\system32\WindowsPowerShell\v1.0\powershell.exe
User: NT AUTHORITY\SYSTEM"
2488,MY-CAL-WIN10.my-caldera.local,17,"Pipe Created:
RuleName: -
EventType: CreatePipe
UtcTime: 2024-08-20 00:26:49.421
ProcessGuid: {ca24abc9-e2c9-66c3-5404-000000001d00}
ProcessId: 3920
PipeName: \PSHost.133685872091372727.3920.DefaultAppDomain.powershell
Image: C:\Windows\System32\WindowsPowerShell\v1.0\powershell.exe
User: MY-CALDERA\johnny.douche"
2489,MY-CAL-WIN10.my-caldera.local,17,"Pipe Created:
RuleName: -
EventType: CreatePipe
UtcTime: 2024-08-20 00:26:49.938
ProcessGuid: {ca24abc9-e2c9-66c3-5504-000000001d00}
ProcessId: 2060
PipeName: \PSHost.133685872097557047.2060.DefaultAppDomain.powershell
Image: C:\Windows\System32\WindowsPowerShell\v1.0\powershell.exe
User: MY-CALDERA\johnny.douche"
2490,MY-CAL-WIN10.my-caldera.local,17,"Pipe Created:
RuleName: -
EventType: CreatePipe
UtcTime: 2024-08-20 00:26:52.955
ProcessGuid: {ca24abc9-dc4c-66c3-9501-000000001d00}
ProcessId: 8332
PipeName: <Anonymous Pipe>
Image: C:\Windows\System32\WindowsPowerShell\v1.0\powershell.exe
User: MY-CALDERA\johnny.douche"
2491,MY-CAL-WIN10.my-caldera.local,17,"Pipe Created:
RuleName: -
EventType: CreatePipe
UtcTime: 2024-08-20 00:26:52.956
ProcessGuid: {ca24abc9-dc4c-66c3-9501-000000001d00}
ProcessId: 8332
PipeName: <Anonymous Pipe>
Image: C:\Windows\System32\WindowsPowerShell\v1.0\powershell.exe
User: MY-CALDERA\johnny.douche"
2492,MY-CAL-WIN10.my-caldera.local,17,"Pipe Created:
RuleName: -
EventType: CreatePipe
UtcTime: 2024-08-20 00:26:53.168
ProcessGuid: {ca24abc9-e2cc-66c3-5804-000000001d00}
ProcessId: 6256
PipeName: \PSHost.133685872129578173.6256.DefaultAppDomain.powershell
Image: C:\Windows\System32\WindowsPowerShell\v1.0\powershell.exe
User: MY-CALDERA\johnny.douche"
2493,MY-CAL-WIN10.my-caldera.local,17,"Pipe Created:
RuleName: -
EventType: CreatePipe
UtcTime: 2024-08-20 00:27:17.451
ProcessGuid: {ca24abc9-e2e5-66c3-6f04-000000001d00}
ProcessId: 6928
PipeName: \PSHost.133685872372913683.6928.DefaultAppDomain.powershell
Image: C:\Windows\System32\WindowsPowerShell\v1.0\powershell.exe
User: MY-CALDERA\johnny.douche"
2494,MY-CAL-WIN10.my-caldera.local,17,"Pipe Created:
RuleName: -
EventType: CreatePipe
UtcTime: 2024-08-20 00:27:17.657
ProcessGuid: {ca24abc9-dc4c-66c3-9501-000000001d00}
ProcessId: 8332
PipeName: <Anonymous Pipe>
Image: C:\Windows\System32\WindowsPowerShell\v1.0\powershell.exe
User: MY-CALDERA\johnny.douche"
2495,MY-CAL-WIN10.my-caldera.local,17,"Pipe Created:
RuleName: -
EventType: CreatePipe
UtcTime: 2024-08-20 00:27:17.053
ProcessGuid: {ca24abc9-e2e4-66c3-6e04-000000001d00}
ProcessId: 5644
PipeName: \PSHost.133685872368908105.5644.DefaultAppDomain.powershell
Image: C:\Windows\System32\WindowsPowerShell\v1.0\powershell.exe
User: MY-CALDERA\johnny.douche"
2496,MY-CAL-WIN10.my-caldera.local,17,"Pipe Created:
RuleName: -
EventType: CreatePipe
UtcTime: 2024-08-20 00:27:17.657
ProcessGuid: {ca24abc9-dc4c-66c3-9501-000000001d00}
ProcessId: 8332
PipeName: <Anonymous Pipe>
Image: C:\Windows\System32\WindowsPowerShell\v1.0\powershell.exe
User: MY-CALDERA\johnny.douche"
2497,MY-CAL-WIN10.my-caldera.local,17,"Pipe Created:
RuleName: -
EventType: CreatePipe
UtcTime: 2024-08-20 00:27:22.203
ProcessGuid: {ca24abc9-e2ea-66c3-7a04-000000001d00}
ProcessId: 6284
PipeName: \PSHost.133685872420367483.6284.DefaultAppDomain.powershell
Image: C:\Windows\System32\WindowsPowerShell\v1.0\powershell.exe
User: MY-CALDERA\johnny.douche"
2498,MY-CAL-WIN10.my-caldera.local,17,"Pipe Created:
RuleName: -
EventType: CreatePipe
UtcTime: 2024-08-20 00:27:21.674
ProcessGuid: {ca24abc9-e2e9-66c3-7904-000000001d00}
ProcessId: 8172
PipeName: \PSHost.133685872415110677.8172.DefaultAppDomain.powershell
Image: C:\Windows\System32\WindowsPowerShell\v1.0\powershell.exe
User: MY-CALDERA\johnny.douche"
2499,MY-CAL-WIN10.my-caldera.local,17,"Pipe Created:
RuleName: -
EventType: CreatePipe
UtcTime: 2024-08-20 00:27:21.198
ProcessGuid: {ca24abc9-e2e9-66c3-7804-000000001d00}
ProcessId: 7660
PipeName: \PSHost.133685872410265934.7660.DefaultAppDomain.powershell
Image: C:\Windows\System32\WindowsPowerShell\v1.0\powershell.exe
User: MY-CALDERA\johnny.douche"
2500,MY-CAL-WIN10.my-caldera.local,17,"Pipe Created:
RuleName: -
EventType: CreatePipe
UtcTime: 2024-08-20 00:27:23.150
ProcessGuid: {ca24abc9-e2ea-66c3-7b04-000000001d00}
ProcessId: 4616
PipeName: \PSHost.133685872429635528.4616.DefaultAppDomain.powershell
Image: C:\Windows\System32\WindowsPowerShell\v1.0\powershell.exe
User: MY-CALDERA\johnny.douche"
2501,MY-CAL-WIN10.my-caldera.local,17,"Pipe Created:
RuleName: -
EventType: CreatePipe
UtcTime: 2024-08-20 00:28:17.116
ProcessGuid: {ca24abc9-dc4c-66c3-9501-000000001d00}
ProcessId: 8332
PipeName: <Anonymous Pipe>
Image: C:\Windows\System32\WindowsPowerShell\v1.0\powershell.exe
User: MY-CALDERA\johnny.douche"
2502,MY-CAL-WIN10.my-caldera.local,17,"Pipe Created:
RuleName: -
EventType: CreatePipe
UtcTime: 2024-08-20 00:28:17.117
ProcessGuid: {ca24abc9-dc4c-66c3-9501-000000001d00}
ProcessId: 8332
PipeName: <Anonymous Pipe>
Image: C:\Windows\System32\WindowsPowerShell\v1.0\powershell.exe
User: MY-CALDERA\johnny.douche"
2503,MY-CAL-WIN10.my-caldera.local,17,"Pipe Created:
RuleName: -
EventType: CreatePipe
UtcTime: 2024-08-20 00:28:17.317
ProcessGuid: {ca24abc9-e321-66c3-a904-000000001d00}
ProcessId: 4932
PipeName: \PSHost.133685872971184747.4932.DefaultAppDomain.powershell
Image: C:\Windows\System32\WindowsPowerShell\v1.0\powershell.exe
User: MY-CALDERA\johnny.douche"
2504,MY-CAL-WIN10.my-caldera.local,17,"Pipe Created:
RuleName: -
EventType: CreatePipe
UtcTime: 2024-08-20 00:28:35.934
ProcessGuid: {ca24abc9-e333-66c3-bb04-000000001d00}
ProcessId: 9964
PipeName: \PSHost.133685873157690078.9964.DefaultAppDomain.powershell
Image: C:\Windows\System32\WindowsPowerShell\v1.0\powershell.exe
User: MY-CALDERA\johnny.douche"
2505,MY-CAL-WIN10.my-caldera.local,17,"Pipe Created:
RuleName: -
EventType: CreatePipe
UtcTime: 2024-08-20 00:28:36.403
ProcessGuid: {ca24abc9-e334-66c3-bc04-000000001d00}
ProcessId: 5596
PipeName: \PSHost.133685873162292387.5596.DefaultAppDomain.powershell
Image: C:\Windows\System32\WindowsPowerShell\v1.0\powershell.exe
User: MY-CALDERA\johnny.douche"
2506,MY-CAL-WIN10.my-caldera.local,17,"Pipe Created:
RuleName: -
EventType: CreatePipe
UtcTime: 2024-08-20 00:28:36.606
ProcessGuid: {ca24abc9-dc4c-66c3-9501-000000001d00}
ProcessId: 8332
PipeName: <Anonymous Pipe>
Image: C:\Windows\System32\WindowsPowerShell\v1.0\powershell.exe
User: MY-CALDERA\johnny.douche"
2507,MY-CAL-WIN10.my-caldera.local,17,"Pipe Created:
RuleName: -
EventType: CreatePipe
UtcTime: 2024-08-20 00:28:36.606
ProcessGuid: {ca24abc9-dc4c-66c3-9501-000000001d00}
ProcessId: 8332
PipeName: <Anonymous Pipe>
Image: C:\Windows\System32\WindowsPowerShell\v1.0\powershell.exe
User: MY-CALDERA\johnny.douche"
2508,MY-CAL-WIN10.my-caldera.local,17,"Pipe Created:
RuleName: -
EventType: CreatePipe
UtcTime: 2024-08-20 00:28:53.276
ProcessGuid: {ca24abc9-e345-66c3-cb04-000000001d00}
ProcessId: 10408
PipeName: \PSHost.133685873330971713.10408.DefaultAppDomain.powershell
Image: C:\Windows\System32\WindowsPowerShell\v1.0\powershell.exe
User: MY-CALDERA\johnny.douche"
2509,MY-CAL-WIN10.my-caldera.local,17,"Pipe Created:
RuleName: -
EventType: CreatePipe
UtcTime: 2024-08-20 00:28:53.676
ProcessGuid: {ca24abc9-e345-66c3-cc04-000000001d00}
ProcessId: 5296
PipeName: \PSHost.133685873335009160.5296.DefaultAppDomain.powershell
Image: C:\Windows\System32\WindowsPowerShell\v1.0\powershell.exe
User: MY-CALDERA\johnny.douche"
2510,MY-CAL-WIN10.my-caldera.local,17,"Pipe Created:
RuleName: -
EventType: CreatePipe
UtcTime: 2024-08-20 00:28:53.923
ProcessGuid: {ca24abc9-dc4c-66c3-9501-000000001d00}
ProcessId: 8332
PipeName: <Anonymous Pipe>
Image: C:\Windows\System32\WindowsPowerShell\v1.0\powershell.exe
User: MY-CALDERA\johnny.douche"
2511,MY-CAL-WIN10.my-caldera.local,17,"Pipe Created:
RuleName: -
EventType: CreatePipe
UtcTime: 2024-08-20 00:28:53.924
ProcessGuid: {ca24abc9-dc4c-66c3-9501-000000001d00}
ProcessId: 8332
PipeName: <Anonymous Pipe>
Image: C:\Windows\System32\WindowsPowerShell\v1.0\powershell.exe
User: MY-CALDERA\johnny.douche"
2512,MY-CAL-WIN10.my-caldera.local,17,"Pipe Created:
RuleName: -
EventType: CreatePipe
UtcTime: 2024-08-20 00:29:19.241
ProcessGuid: {ca24abc9-e35f-66c3-df04-000000001d00}
ProcessId: 10280
PipeName: \PSHost.133685873590764295.10280.DefaultAppDomain.powershell
Image: C:\Windows\System32\WindowsPowerShell\v1.0\powershell.exe
User: MY-CALDERA\johnny.douche"
2513,MY-CAL-WIN10.my-caldera.local,17,"Pipe Created:
RuleName: -
EventType: CreatePipe
UtcTime: 2024-08-20 01:40:47.099
ProcessGuid: {ca24abc9-dc4c-66c3-9501-000000001d00}
ProcessId: 8332
PipeName: <Anonymous Pipe>
Image: C:\Windows\System32\WindowsPowerShell\v1.0\powershell.exe
User: MY-CALDERA\johnny.douche"
2514,MY-CAL-WIN10.my-caldera.local,17,"Pipe Created:
RuleName: -
EventType: CreatePipe
UtcTime: 2024-08-20 01:40:47.099
ProcessGuid: {ca24abc9-dc4c-66c3-9501-000000001d00}
ProcessId: 8332
PipeName: <Anonymous Pipe>
Image: C:\Windows\System32\WindowsPowerShell\v1.0\powershell.exe
User: MY-CALDERA\johnny.douche"
2515,MY-CAL-WIN10.my-caldera.local,17,"Pipe Created:
RuleName: -
EventType: CreatePipe
UtcTime: 2024-08-20 01:40:47.337
ProcessGuid: {ca24abc9-f41f-66c3-b410-000000001d00}
ProcessId: 3144
PipeName: \PSHost.133685916471640174.3144.DefaultAppDomain.powershell
Image: C:\Windows\System32\WindowsPowerShell\v1.0\powershell.exe
User: MY-CALDERA\johnny.douche"
2516,MY-CAL-WIN10.my-caldera.local,17,"Pipe Created:
RuleName: -
EventType: CreatePipe
UtcTime: 2024-08-20 01:40:47.999
ProcessGuid: {ca24abc9-dc4c-66c3-9501-000000001d00}
ProcessId: 8332
PipeName: <Anonymous Pipe>
Image: C:\Windows\System32\WindowsPowerShell\v1.0\powershell.exe
User: MY-CALDERA\johnny.douche"
2517,MY-CAL-WIN10.my-caldera.local,17,"Pipe Created:
RuleName: -
EventType: CreatePipe
UtcTime: 2024-08-20 01:40:47.999
ProcessGuid: {ca24abc9-dc4c-66c3-9501-000000001d00}
ProcessId: 8332
PipeName: <Anonymous Pipe>
Image: C:\Windows\System32\WindowsPowerShell\v1.0\powershell.exe
User: MY-CALDERA\johnny.douche"
2518,MY-CAL-WIN10.my-caldera.local,17,"Pipe Created:
RuleName: -
EventType: CreatePipe
UtcTime: 2024-08-20 01:40:48.471
ProcessGuid: {ca24abc9-f420-66c3-b510-000000001d00}
ProcessId: 9332
PipeName: \PSHost.133685916480011957.9332.DefaultAppDomain.powershell
Image: C:\Windows\System32\WindowsPowerShell\v1.0\powershell.exe
User: MY-CALDERA\johnny.douche"
2519,MY-CAL-WIN10.my-caldera.local,17,"Pipe Created:
RuleName: -
EventType: CreatePipe
UtcTime: 2024-08-20 01:40:48.893
ProcessGuid: {ca24abc9-dc4c-66c3-9501-000000001d00}
ProcessId: 8332
PipeName: <Anonymous Pipe>
Image: C:\Windows\System32\WindowsPowerShell\v1.0\powershell.exe
User: MY-CALDERA\johnny.douche"
2520,MY-CAL-WIN10.my-caldera.local,17,"Pipe Created:
RuleName: -
EventType: CreatePipe
UtcTime: 2024-08-20 01:40:48.893
ProcessGuid: {ca24abc9-dc4c-66c3-9501-000000001d00}
ProcessId: 8332
PipeName: <Anonymous Pipe>
Image: C:\Windows\System32\WindowsPowerShell\v1.0\powershell.exe
User: MY-CALDERA\johnny.douche"
2521,MY-CAL-WIN10.my-caldera.local,17,"Pipe Created:
RuleName: -
EventType: CreatePipe
UtcTime: 2024-08-20 01:40:49.109
ProcessGuid: {ca24abc9-f420-66c3-b710-000000001d00}
ProcessId: 6924
PipeName: \PSHost.133685916488948125.6924.DefaultAppDomain.powershell
Image: C:\Windows\System32\WindowsPowerShell\v1.0\powershell.exe
User: MY-CALDERA\johnny.douche"
2522,MY-CAL-WIN10.my-caldera.local,17,"Pipe Created:
RuleName: -
EventType: CreatePipe
UtcTime: 2024-08-20 01:42:52.333
ProcessGuid: {ca24abc9-f49c-66c3-c110-000000001d00}
ProcessId: 10728
PipeName: \PSHost.133685917720898131.10728.DefaultAppDomain.powershell
Image: C:\Windows\System32\WindowsPowerShell\v1.0\powershell.exe
User: MY-CALDERA\johnny.douche"
2523,MY-CAL-WIN10.my-caldera.local,17,"Pipe Created:
RuleName: -
EventType: CreatePipe
UtcTime: 2024-08-20 01:42:52.087
ProcessGuid: {ca24abc9-dc4c-66c3-9501-000000001d00}
ProcessId: 8332
PipeName: <Anonymous Pipe>
Image: C:\Windows\System32\WindowsPowerShell\v1.0\powershell.exe
User: MY-CALDERA\johnny.douche"
2524,MY-CAL-WIN10.my-caldera.local,17,"Pipe Created:
RuleName: -
EventType: CreatePipe
UtcTime: 2024-08-20 01:42:52.088
ProcessGuid: {ca24abc9-dc4c-66c3-9501-000000001d00}
ProcessId: 8332
PipeName: <Anonymous Pipe>
Image: C:\Windows\System32\WindowsPowerShell\v1.0\powershell.exe
User: MY-CALDERA\johnny.douche"
2525,MY-CAL-WIN10.my-caldera.local,17,"Pipe Created:
RuleName: -
EventType: CreatePipe
UtcTime: 2024-08-20 01:42:55.434
ProcessGuid: {ca24abc9-f49f-66c3-c410-000000001d00}
ProcessId: 12240
PipeName: \PSHost.133685917752034641.12240.DefaultAppDomain.powershell
Image: C:\Windows\System32\WindowsPowerShell\v1.0\powershell.exe
User: MY-CALDERA\johnny.douche"
2526,MY-CAL-WIN10.my-caldera.local,17,"Pipe Created:
RuleName: -
EventType: CreatePipe
UtcTime: 2024-08-20 00:29:35.907
ProcessGuid: {ca24abc9-e36f-66c3-f104-000000001d00}
ProcessId: 2016
PipeName: \PSHost.133685873757465529.2016.DefaultAppDomain.powershell
Image: C:\Windows\System32\WindowsPowerShell\v1.0\powershell.exe
User: MY-CALDERA\johnny.douche"
2527,MY-CAL-WIN10.my-caldera.local,17,"Pipe Created:
RuleName: -
EventType: CreatePipe
UtcTime: 2024-08-20 00:29:54.032
ProcessGuid: {ca24abc9-e380-66c3-f604-000000001d00}
ProcessId: 5036
PipeName: \PSHost.133685873923917151.5036.DefaultAppDomain.powershell
Image: C:\Windows\System32\WindowsPowerShell\v1.0\powershell.exe
User: MY-CALDERA\johnny.douche"
2528,MY-CAL-WIN10.my-caldera.local,17,"Pipe Created:
RuleName: -
EventType: CreatePipe
UtcTime: 2024-08-20 00:29:55.990
ProcessGuid: {ca24abc9-e383-66c3-fa04-000000001d00}
ProcessId: 10060
PipeName: \PSHost.133685873958166856.10060.DefaultAppDomain.powershell
Image: C:\Windows\System32\WindowsPowerShell\v1.0\powershell.exe
User: MY-CALDERA\johnny.douche"
2529,MY-CAL-WIN10.my-caldera.local,17,"Pipe Created:
RuleName: -
EventType: CreatePipe
UtcTime: 2024-08-20 00:29:56.199
ProcessGuid: {ca24abc9-dc4c-66c3-9501-000000001d00}
ProcessId: 8332
PipeName: <Anonymous Pipe>
Image: C:\Windows\System32\WindowsPowerShell\v1.0\powershell.exe
User: MY-CALDERA\johnny.douche"
2530,MY-CAL-WIN10.my-caldera.local,17,"Pipe Created:
RuleName: -
EventType: CreatePipe
UtcTime: 2024-08-20 00:29:55.461
ProcessGuid: {ca24abc9-e383-66c3-f904-000000001d00}
ProcessId: 7276
PipeName: \PSHost.133685873953019292.7276.DefaultAppDomain.powershell
Image: C:\Windows\System32\WindowsPowerShell\v1.0\powershell.exe
User: MY-CALDERA\johnny.douche"
2531,MY-CAL-WIN10.my-caldera.local,17,"Pipe Created:
RuleName: -
EventType: CreatePipe
UtcTime: 2024-08-20 00:29:56.199
ProcessGuid: {ca24abc9-dc4c-66c3-9501-000000001d00}
ProcessId: 8332
PipeName: <Anonymous Pipe>
Image: C:\Windows\System32\WindowsPowerShell\v1.0\powershell.exe
User: MY-CALDERA\johnny.douche"
2532,MY-CAL-WIN10.my-caldera.local,17,"Pipe Created:
RuleName: -
EventType: CreatePipe
UtcTime: 2024-08-20 00:29:56.425
ProcessGuid: {ca24abc9-e384-66c3-fb04-000000001d00}
ProcessId: 5344
PipeName: \PSHost.133685873962009051.5344.DefaultAppDomain.powershell
Image: C:\Windows\System32\WindowsPowerShell\v1.0\powershell.exe
User: MY-CALDERA\johnny.douche"
2533,MY-CAL-WIN10.my-caldera.local,17,"Pipe Created:
RuleName: -
EventType: CreatePipe
UtcTime: 2024-08-20 02:46:20.909
ProcessGuid: {ca24abc9-0379-66c4-d217-000000001d00}
ProcessId: 16196
PipeName: \PSHost.133685955775691380.16196.DefaultAppDomain.powershell
Image: C:\Windows\System32\WindowsPowerShell\v1.0\powershell.exe
User: MY-CALDERA\johnny.douche"
2534,MY-CAL-WIN10.my-caldera.local,17,"Pipe Created:
RuleName: -
EventType: CreatePipe
UtcTime: 2024-08-20 02:49:01.390
ProcessGuid: {ca24abc9-dc4c-66c3-9501-000000001d00}
ProcessId: 8332
PipeName: <Anonymous Pipe>
Image: C:\Windows\System32\WindowsPowerShell\v1.0\powershell.exe
User: MY-CALDERA\johnny.douche"
2535,MY-CAL-WIN10.my-caldera.local,17,"Pipe Created:
RuleName: -
EventType: CreatePipe
UtcTime: 2024-08-20 02:49:01.847
ProcessGuid: {ca24abc9-041d-66c4-f517-000000001d00}
ProcessId: 11488
PipeName: \PSHost.133685957413922568.11488.DefaultAppDomain.powershell
Image: C:\Windows\System32\WindowsPowerShell\v1.0\powershell.exe
User: MY-CALDERA\johnny.douche"
2536,MY-CAL-WIN10.my-caldera.local,17,"Pipe Created:
RuleName: -
EventType: CreatePipe
UtcTime: 2024-08-20 02:49:01.390
ProcessGuid: {ca24abc9-dc4c-66c3-9501-000000001d00}
ProcessId: 8332
PipeName: <Anonymous Pipe>
Image: C:\Windows\System32\WindowsPowerShell\v1.0\powershell.exe
User: MY-CALDERA\johnny.douche"
2537,MY-CAL-WIN10.my-caldera.local,17,"Pipe Created:
RuleName: -
EventType: CreatePipe
UtcTime: 2024-08-20 02:51:25.038
ProcessGuid: {ca24abc9-dc4c-66c3-9501-000000001d00}
ProcessId: 8332
PipeName: <Anonymous Pipe>
Image: C:\Windows\System32\WindowsPowerShell\v1.0\powershell.exe
User: MY-CALDERA\johnny.douche"
2538,MY-CAL-WIN10.my-caldera.local,17,"Pipe Created:
RuleName: -
EventType: CreatePipe
UtcTime: 2024-08-20 02:51:25.039
ProcessGuid: {ca24abc9-dc4c-66c3-9501-000000001d00}
ProcessId: 8332
PipeName: <Anonymous Pipe>
Image: C:\Windows\System32\WindowsPowerShell\v1.0\powershell.exe
User: MY-CALDERA\johnny.douche"
2539,MY-CAL-WIN10.my-caldera.local,17,"Pipe Created:
RuleName: -
EventType: CreatePipe
UtcTime: 2024-08-20 02:53:10.695
ProcessGuid: {ca24abc9-dc4c-66c3-9501-000000001d00}
ProcessId: 8332
PipeName: <Anonymous Pipe>
Image: C:\Windows\System32\WindowsPowerShell\v1.0\powershell.exe
User: MY-CALDERA\johnny.douche"
2540,MY-CAL-WIN10.my-caldera.local,17,"Pipe Created:
RuleName: -
EventType: CreatePipe
UtcTime: 2024-08-20 02:53:10.695
ProcessGuid: {ca24abc9-dc4c-66c3-9501-000000001d00}
ProcessId: 8332
PipeName: <Anonymous Pipe>
Image: C:\Windows\System32\WindowsPowerShell\v1.0\powershell.exe
User: MY-CALDERA\johnny.douche"
2541,MY-CAL-WIN10.my-caldera.local,17,"Pipe Created:
RuleName: -
EventType: CreatePipe
UtcTime: 2024-08-20 02:53:10.914
ProcessGuid: {ca24abc9-0516-66c4-4318-000000001d00}
ProcessId: 7120
PipeName: \PSHost.133685959906974961.7120.DefaultAppDomain.powershell
Image: C:\Windows\System32\WindowsPowerShell\v1.0\powershell.exe
User: MY-CALDERA\johnny.douche"
2542,MY-CAL-WIN10.my-caldera.local,17,"Pipe Created:
RuleName: -
EventType: CreatePipe
UtcTime: 2024-08-20 02:56:07.234
ProcessGuid: {ca24abc9-05c3-66c4-9518-000000001d00}
ProcessId: 15332
PipeName: \PSHost.133685961632577210.15332.DefaultAppDomain.powershell
Image: C:\Windows\System32\WindowsPowerShell\v1.0\powershell.exe
User: MY-CALDERA\johnny.douche"
2543,MY-CAL-WIN10.my-caldera.local,17,"Pipe Created:
RuleName: -
EventType: CreatePipe
UtcTime: 2024-08-20 02:57:00.913
ProcessGuid: {ca24abc9-05fb-66c4-a618-000000001d00}
ProcessId: 10960
PipeName: \PSHost.133685962198548719.10960.DefaultAppDomain.powershell
Image: C:\Windows\System32\WindowsPowerShell\v1.0\powershell.exe
User: MY-CALDERA\johnny.douche"
2544,MY-CAL-WIN10.my-caldera.local,17,"Pipe Created:
RuleName: -
EventType: CreatePipe
UtcTime: 2024-08-20 02:57:37.489
ProcessGuid: {ca24abc9-dc4c-66c3-9501-000000001d00}
ProcessId: 8332
PipeName: <Anonymous Pipe>
Image: C:\Windows\System32\WindowsPowerShell\v1.0\powershell.exe
User: MY-CALDERA\johnny.douche"
2545,MY-CAL-WIN10.my-caldera.local,17,"Pipe Created:
RuleName: -
EventType: CreatePipe
UtcTime: 2024-08-20 02:57:37.490
ProcessGuid: {ca24abc9-dc4c-66c3-9501-000000001d00}
ProcessId: 8332
PipeName: <Anonymous Pipe>
Image: C:\Windows\System32\WindowsPowerShell\v1.0\powershell.exe
User: MY-CALDERA\johnny.douche"
2546,MY-CAL-WIN10.my-caldera.local,17,"Pipe Created:
RuleName: -
EventType: CreatePipe
UtcTime: 2024-08-20 02:57:42.030
ProcessGuid: {ca24abc9-0625-66c4-c218-000000001d00}
ProcessId: 11208
PipeName: \PSHost.133685962615638794.11208.DefaultAppDomain.powershell
Image: C:\Windows\System32\WindowsPowerShell\v1.0\powershell.exe
User: MY-CALDERA\johnny.douche"
2547,MY-CAL-WIN10.my-caldera.local,17,"Pipe Created:
RuleName: -
EventType: CreatePipe
UtcTime: 2024-08-20 02:57:57.010
ProcessGuid: {ca24abc9-0633-66c4-c418-000000001d00}
ProcessId: 7596
PipeName: \PSHost.133685962750125497.7596.DefaultAppDomain.powershell
Image: C:\Windows\System32\WindowsPowerShell\v1.0\powershell.exe
User: MY-CALDERA\johnny.douche"
2548,MY-CAL-WIN10.my-caldera.local,17,"Pipe Created:
RuleName: -
EventType: CreatePipe
UtcTime: 2024-08-20 01:50:29.943
ProcessGuid: {ca24abc9-f664-66c3-8d11-000000001d00}
ProcessId: 7556
PipeName: \PSHost.133685922289976857.7556.DefaultAppDomain.powershell
Image: C:\Windows\System32\WindowsPowerShell\v1.0\powershell.exe
User: MY-CALDERA\johnny.douche"
2549,MY-CAL-WIN10.my-caldera.local,17,"Pipe Created:
RuleName: -
EventType: CreatePipe
UtcTime: 2024-08-20 01:50:44.407
ProcessGuid: {ca24abc9-dc4c-66c3-9501-000000001d00}
ProcessId: 8332
PipeName: <Anonymous Pipe>
Image: C:\Windows\System32\WindowsPowerShell\v1.0\powershell.exe
User: MY-CALDERA\johnny.douche"
2550,MY-CAL-WIN10.my-caldera.local,17,"Pipe Created:
RuleName: -
EventType: CreatePipe
UtcTime: 2024-08-20 01:50:44.408
ProcessGuid: {ca24abc9-dc4c-66c3-9501-000000001d00}
ProcessId: 8332
PipeName: <Anonymous Pipe>
Image: C:\Windows\System32\WindowsPowerShell\v1.0\powershell.exe
User: MY-CALDERA\johnny.douche"
2551,MY-CAL-WIN10.my-caldera.local,17,"Pipe Created:
RuleName: -
EventType: CreatePipe
UtcTime: 2024-08-20 01:50:48.180
ProcessGuid: {ca24abc9-dc4c-66c3-9501-000000001d00}
ProcessId: 8332
PipeName: <Anonymous Pipe>
Image: C:\Windows\System32\WindowsPowerShell\v1.0\powershell.exe
User: MY-CALDERA\johnny.douche"
2552,MY-CAL-WIN10.my-caldera.local,17,"Pipe Created:
RuleName: -
EventType: CreatePipe
UtcTime: 2024-08-20 01:50:48.181
ProcessGuid: {ca24abc9-dc4c-66c3-9501-000000001d00}
ProcessId: 8332
PipeName: <Anonymous Pipe>
Image: C:\Windows\System32\WindowsPowerShell\v1.0\powershell.exe
User: MY-CALDERA\johnny.douche"
2553,MY-CAL-WIN10.my-caldera.local,17,"Pipe Created:
RuleName: -
EventType: CreatePipe
UtcTime: 2024-08-20 01:50:54.119
ProcessGuid: {ca24abc9-dc4c-66c3-9501-000000001d00}
ProcessId: 8332
PipeName: <Anonymous Pipe>
Image: C:\Windows\System32\WindowsPowerShell\v1.0\powershell.exe
User: MY-CALDERA\johnny.douche"
2554,MY-CAL-WIN10.my-caldera.local,17,"Pipe Created:
RuleName: -
EventType: CreatePipe
UtcTime: 2024-08-20 01:50:54.120
ProcessGuid: {ca24abc9-dc4c-66c3-9501-000000001d00}
ProcessId: 8332
PipeName: <Anonymous Pipe>
Image: C:\Windows\System32\WindowsPowerShell\v1.0\powershell.exe
User: MY-CALDERA\johnny.douche"
2555,MY-CAL-WIN10.my-caldera.local,17,"Pipe Created:
RuleName: -
EventType: CreatePipe
UtcTime: 2024-08-20 01:50:54.619
ProcessGuid: {ca24abc9-f67e-66c3-a011-000000001d00}
ProcessId: 12228
PipeName: \PSHost.133685922541213159.12228.DefaultAppDomain.powershell
Image: C:\Windows\System32\WindowsPowerShell\v1.0\powershell.exe
User: MY-CALDERA\johnny.douche"
2556,MY-CAL-WIN10.my-caldera.local,17,"Pipe Created:
RuleName: -
EventType: CreatePipe
UtcTime: 2024-08-20 01:51:01.023
ProcessGuid: {ca24abc9-f684-66c3-a811-000000001d00}
ProcessId: 11976
PipeName: \PSHost.133685922600964555.11976.DefaultAppDomain.powershell
Image: C:\Windows\System32\WindowsPowerShell\v1.0\powershell.exe
User: MY-CALDERA\johnny.douche"
2557,MY-CAL-WIN10.my-caldera.local,17,"Pipe Created:
RuleName: -
EventType: CreatePipe
UtcTime: 2024-08-20 01:51:03.273
ProcessGuid: {ca24abc9-dc4c-66c3-9501-000000001d00}
ProcessId: 8332
PipeName: <Anonymous Pipe>
Image: C:\Windows\System32\WindowsPowerShell\v1.0\powershell.exe
User: MY-CALDERA\johnny.douche"
2558,MY-CAL-WIN10.my-caldera.local,17,"Pipe Created:
RuleName: -
EventType: CreatePipe
UtcTime: 2024-08-20 01:51:03.273
ProcessGuid: {ca24abc9-dc4c-66c3-9501-000000001d00}
ProcessId: 8332
PipeName: <Anonymous Pipe>
Image: C:\Windows\System32\WindowsPowerShell\v1.0\powershell.exe
User: MY-CALDERA\johnny.douche"
2559,MY-CAL-WIN10.my-caldera.local,17,"Pipe Created:
RuleName: -
EventType: CreatePipe
UtcTime: 2024-08-20 01:51:03.892
ProcessGuid: {ca24abc9-f687-66c3-ae11-000000001d00}
ProcessId: 9264
PipeName: \PSHost.133685922632748167.9264.DefaultAppDomain.powershell
Image: C:\Windows\System32\WindowsPowerShell\v1.0\powershell.exe
User: MY-CALDERA\johnny.douche"
2560,MY-CAL-WIN10.my-caldera.local,17,"Pipe Created:
RuleName: -
EventType: CreatePipe
UtcTime: 2024-08-20 01:51:06.167
ProcessGuid: {ca24abc9-f689-66c3-b011-000000001d00}
ProcessId: 13012
PipeName: \PSHost.133685922653240597.13012.DefaultAppDomain.powershell
Image: C:\Windows\System32\WindowsPowerShell\v1.0\powershell.exe
User: MY-CALDERA\johnny.douche"
2561,MY-CAL-WIN10.my-caldera.local,17,"Pipe Created:
RuleName: -
EventType: CreatePipe
UtcTime: 2024-08-20 01:54:31.015
ProcessGuid: {ca24abc9-f753-66c3-cc11-000000001d00}
ProcessId: 10856
PipeName: \PSHost.133685924679820788.10856.DefaultAppDomain.powershell
Image: C:\Windows\System32\WindowsPowerShell\v1.0\powershell.exe
User: MY-CALDERA\johnny.douche"
2562,MY-CAL-WIN10.my-caldera.local,17,"Pipe Created:
RuleName: -
EventType: CreatePipe
UtcTime: 2024-08-20 01:54:36.202
ProcessGuid: {ca24abc9-f75b-66c3-d311-000000001d00}
ProcessId: 16356
PipeName: \PSHost.133685924755842493.16356.DefaultAppDomain.powershell
Image: C:\Windows\System32\WindowsPowerShell\v1.0\powershell.exe
User: MY-CALDERA\johnny.douche"
2563,MY-CAL-WIN10.my-caldera.local,17,"Pipe Created:
RuleName: -
EventType: CreatePipe
UtcTime: 2024-08-20 01:55:34.817
ProcessGuid: {ca24abc9-f796-66c3-d811-000000001d00}
ProcessId: 2848
PipeName: \PSHost.133685925345656238.2848.DefaultAppDomain.powershell
Image: C:\Windows\System32\WindowsPowerShell\v1.0\powershell.exe
User: MY-CALDERA\johnny.douche"
2564,MY-CAL-WIN10.my-caldera.local,17,"Pipe Created:
RuleName: -
EventType: CreatePipe
UtcTime: 2024-08-20 01:55:35.410
ProcessGuid: {ca24abc9-dc4c-66c3-9501-000000001d00}
ProcessId: 8332
PipeName: <Anonymous Pipe>
Image: C:\Windows\System32\WindowsPowerShell\v1.0\powershell.exe
User: MY-CALDERA\johnny.douche"
2565,MY-CAL-WIN10.my-caldera.local,17,"Pipe Created:
RuleName: -
EventType: CreatePipe
UtcTime: 2024-08-20 01:55:35.410
ProcessGuid: {ca24abc9-dc4c-66c3-9501-000000001d00}
ProcessId: 8332
PipeName: <Anonymous Pipe>
Image: C:\Windows\System32\WindowsPowerShell\v1.0\powershell.exe
User: MY-CALDERA\johnny.douche"
2566,MY-CAL-WIN10.my-caldera.local,17,"Pipe Created:
RuleName: -
EventType: CreatePipe
UtcTime: 2024-08-20 01:55:35.643
ProcessGuid: {ca24abc9-f797-66c3-da11-000000001d00}
ProcessId: 15444
PipeName: \PSHost.133685925354120386.15444.DefaultAppDomain.powershell
Image: C:\Windows\System32\WindowsPowerShell\v1.0\powershell.exe
User: MY-CALDERA\johnny.douche"
2567,MY-CAL-WIN10.my-caldera.local,17,"Pipe Created:
RuleName: -
EventType: CreatePipe
UtcTime: 2024-08-20 01:55:45.312
ProcessGuid: {ca24abc9-dc4c-66c3-9501-000000001d00}
ProcessId: 8332
PipeName: <Anonymous Pipe>
Image: C:\Windows\System32\WindowsPowerShell\v1.0\powershell.exe
User: MY-CALDERA\johnny.douche"
2568,MY-CAL-WIN10.my-caldera.local,17,"Pipe Created:
RuleName: -
EventType: CreatePipe
UtcTime: 2024-08-20 01:55:45.312
ProcessGuid: {ca24abc9-dc4c-66c3-9501-000000001d00}
ProcessId: 8332
PipeName: <Anonymous Pipe>
Image: C:\Windows\System32\WindowsPowerShell\v1.0\powershell.exe
User: MY-CALDERA\johnny.douche"
2569,MY-CAL-WIN10.my-caldera.local,17,"Pipe Created:
RuleName: -
EventType: CreatePipe
UtcTime: 2024-08-20 01:55:46.083
ProcessGuid: {ca24abc9-f7a1-66c3-f711-000000001d00}
ProcessId: 3092
PipeName: \PSHost.133685925453147328.3092.DefaultAppDomain.powershell
Image: C:\Windows\System32\WindowsPowerShell\v1.0\powershell.exe
User: MY-CALDERA\johnny.douche"
2570,MY-CAL-WIN10.my-caldera.local,17,"Pipe Created:
