RuleName: -
EventType: CreatePipe
UtcTime: 2024-08-20 01:54:34.608
ProcessGuid: {ca24abc9-dc4c-66c3-9501-000000001d00}
ProcessId: 8332
PipeName: <Anonymous Pipe>
Image: C:\Windows\System32\WindowsPowerShell\v1.0\powershell.exe
User: MY-CALDERA\johnny.douche"
1958,MY-CAL-WIN10.my-caldera.local,17,"Pipe Created:
RuleName: -
EventType: CreatePipe
UtcTime: 2024-08-20 01:54:35.221
ProcessGuid: {ca24abc9-dc4c-66c3-9501-000000001d00}
ProcessId: 8332
PipeName: <Anonymous Pipe>
Image: C:\Windows\System32\WindowsPowerShell\v1.0\powershell.exe
User: MY-CALDERA\johnny.douche"
1959,MY-CAL-WIN10.my-caldera.local,17,"Pipe Created:
RuleName: -
EventType: CreatePipe
UtcTime: 2024-08-20 01:54:35.221
ProcessGuid: {ca24abc9-dc4c-66c3-9501-000000001d00}
ProcessId: 8332
PipeName: <Anonymous Pipe>
Image: C:\Windows\System32\WindowsPowerShell\v1.0\powershell.exe
User: MY-CALDERA\johnny.douche"
1960,MY-CAL-WIN10.my-caldera.local,17,"Pipe Created:
RuleName: -
EventType: CreatePipe
UtcTime: 2024-08-20 01:55:59.624
ProcessGuid: {ca24abc9-dc4c-66c3-9501-000000001d00}
ProcessId: 8332
PipeName: <Anonymous Pipe>
Image: C:\Windows\System32\WindowsPowerShell\v1.0\powershell.exe
User: MY-CALDERA\johnny.douche"
1961,MY-CAL-WIN10.my-caldera.local,17,"Pipe Created:
RuleName: -
EventType: CreatePipe
UtcTime: 2024-08-20 01:55:59.624
ProcessGuid: {ca24abc9-dc4c-66c3-9501-000000001d00}
ProcessId: 8332
PipeName: <Anonymous Pipe>
Image: C:\Windows\System32\WindowsPowerShell\v1.0\powershell.exe
User: MY-CALDERA\johnny.douche"
1962,MY-CAL-WIN10.my-caldera.local,17,"Pipe Created:
RuleName: -
EventType: CreatePipe
UtcTime: 2024-08-20 01:56:17.072
ProcessGuid: {ca24abc9-dc4c-66c3-9501-000000001d00}
ProcessId: 8332
PipeName: <Anonymous Pipe>
Image: C:\Windows\System32\WindowsPowerShell\v1.0\powershell.exe
User: MY-CALDERA\johnny.douche"
1963,MY-CAL-WIN10.my-caldera.local,17,"Pipe Created:
RuleName: -
EventType: CreatePipe
UtcTime: 2024-08-20 01:56:17.072
ProcessGuid: {ca24abc9-dc4c-66c3-9501-000000001d00}
ProcessId: 8332
PipeName: <Anonymous Pipe>
Image: C:\Windows\System32\WindowsPowerShell\v1.0\powershell.exe
User: MY-CALDERA\johnny.douche"
1964,MY-CAL-WIN10.my-caldera.local,17,"Pipe Created:
RuleName: -
EventType: CreatePipe
UtcTime: 2024-08-20 01:58:18.646
ProcessGuid: {ca24abc9-dc4c-66c3-9501-000000001d00}
ProcessId: 8332
PipeName: <Anonymous Pipe>
Image: C:\Windows\System32\WindowsPowerShell\v1.0\powershell.exe
User: MY-CALDERA\johnny.douche"
1965,MY-CAL-WIN10.my-caldera.local,17,"Pipe Created:
RuleName: -
EventType: CreatePipe
UtcTime: 2024-08-20 01:58:18.646
ProcessGuid: {ca24abc9-dc4c-66c3-9501-000000001d00}
ProcessId: 8332
PipeName: <Anonymous Pipe>
Image: C:\Windows\System32\WindowsPowerShell\v1.0\powershell.exe
User: MY-CALDERA\johnny.douche"
1966,MY-CAL-WIN10.my-caldera.local,17,"Pipe Created:
RuleName: -
EventType: CreatePipe
UtcTime: 2024-08-20 01:38:10.964
ProcessGuid: {ca24abc9-dc4c-66c3-9501-000000001d00}
ProcessId: 8332
PipeName: <Anonymous Pipe>
Image: C:\Windows\System32\WindowsPowerShell\v1.0\powershell.exe
User: MY-CALDERA\johnny.douche"
1967,MY-CAL-WIN10.my-caldera.local,17,"Pipe Created:
RuleName: -
EventType: CreatePipe
UtcTime: 2024-08-20 01:38:10.964
ProcessGuid: {ca24abc9-dc4c-66c3-9501-000000001d00}
ProcessId: 8332
PipeName: <Anonymous Pipe>
Image: C:\Windows\System32\WindowsPowerShell\v1.0\powershell.exe
User: MY-CALDERA\johnny.douche"
1968,MY-CAL-WIN10.my-caldera.local,17,"Pipe Created:
RuleName: -
EventType: CreatePipe
UtcTime: 2024-08-20 01:38:12.725
ProcessGuid: {ca24abc9-f383-66c3-3110-000000001d00}
ProcessId: 12256
PipeName: \PSHost.133685914919151239.12256.DefaultAppDomain.powershell
Image: C:\Windows\System32\WindowsPowerShell\v1.0\powershell.exe
User: MY-CALDERA\johnny.douche"
1969,MY-CAL-WIN10.my-caldera.local,17,"Pipe Created:
RuleName: -
EventType: CreatePipe
UtcTime: 2024-08-20 01:38:11.913
ProcessGuid: {ca24abc9-dc4c-66c3-9501-000000001d00}
ProcessId: 8332
PipeName: <Anonymous Pipe>
Image: C:\Windows\System32\WindowsPowerShell\v1.0\powershell.exe
User: MY-CALDERA\johnny.douche"
1970,MY-CAL-WIN10.my-caldera.local,17,"Pipe Created:
RuleName: -
EventType: CreatePipe
UtcTime: 2024-08-20 01:38:11.913
ProcessGuid: {ca24abc9-dc4c-66c3-9501-000000001d00}
ProcessId: 8332
PipeName: <Anonymous Pipe>
Image: C:\Windows\System32\WindowsPowerShell\v1.0\powershell.exe
User: MY-CALDERA\johnny.douche"
1971,MY-CAL-WIN10.my-caldera.local,17,"Pipe Created:
RuleName: -
EventType: CreatePipe
UtcTime: 2024-08-20 01:38:37.666
ProcessGuid: {ca24abc9-f398-66c3-5410-000000001d00}
ProcessId: 12200
PipeName: \2ec4.1daf2a1aa29332d
Image: C:\Windows\system32\MpSigStub.exe
User: NT AUTHORITY\SYSTEM"
1972,MY-CAL-WIN10.my-caldera.local,17,"Pipe Created:
RuleName: -
EventType: CreatePipe
UtcTime: 2024-08-20 01:38:54.803
ProcessGuid: {ca24abc9-f3ae-66c3-6310-000000001d00}
ProcessId: 11452
PipeName: <Anonymous Pipe>
Image: C:\AtomicRedTeam\atomics\T1055.012\bin\x64\CreateProcessWithPipe.exe
User: MY-CALDERA\johnny.douche"
1973,MY-CAL-WIN10.my-caldera.local,17,"Pipe Created:
RuleName: -
EventType: CreatePipe
UtcTime: 2024-08-20 01:38:54.804
ProcessGuid: {ca24abc9-f3ae-66c3-6310-000000001d00}
ProcessId: 11452
PipeName: <Anonymous Pipe>
Image: C:\AtomicRedTeam\atomics\T1055.012\bin\x64\CreateProcessWithPipe.exe
User: MY-CALDERA\johnny.douche"
1974,MY-CAL-WIN10.my-caldera.local,17,"Pipe Created:
RuleName: -
EventType: CreatePipe
UtcTime: 2024-08-20 01:38:54.804
ProcessGuid: {ca24abc9-f3ae-66c3-6310-000000001d00}
ProcessId: 11452
PipeName: <Anonymous Pipe>
Image: C:\AtomicRedTeam\atomics\T1055.012\bin\x64\CreateProcessWithPipe.exe
User: MY-CALDERA\johnny.douche"
1975,MY-CAL-WIN10.my-caldera.local,17,"Pipe Created:
RuleName: -
EventType: CreatePipe
UtcTime: 2024-08-20 01:38:55.266
ProcessGuid: {ca24abc9-dc4c-66c3-9501-000000001d00}
ProcessId: 8332
PipeName: <Anonymous Pipe>
Image: C:\Windows\System32\WindowsPowerShell\v1.0\powershell.exe
User: MY-CALDERA\johnny.douche"
1976,MY-CAL-WIN10.my-caldera.local,17,"Pipe Created:
RuleName: -
EventType: CreatePipe
UtcTime: 2024-08-20 01:38:55.266
ProcessGuid: {ca24abc9-dc4c-66c3-9501-000000001d00}
ProcessId: 8332
PipeName: <Anonymous Pipe>
Image: C:\Windows\System32\WindowsPowerShell\v1.0\powershell.exe
User: MY-CALDERA\johnny.douche"
1977,MY-CAL-WIN10.my-caldera.local,17,"Pipe Created:
RuleName: -
EventType: CreatePipe
UtcTime: 2024-08-20 01:38:55.638
ProcessGuid: {ca24abc9-f3af-66c3-6610-000000001d00}
ProcessId: 12004
PipeName: \PSHost.133685915352679321.12004.DefaultAppDomain.powershell
Image: C:\Windows\System32\WindowsPowerShell\v1.0\powershell.exe
User: MY-CALDERA\johnny.douche"
1978,MY-CAL-WIN10.my-caldera.local,17,"Pipe Created:
RuleName: -
EventType: CreatePipe
UtcTime: 2024-08-20 01:39:42.624
ProcessGuid: {ca24abc9-dc4c-66c3-9501-000000001d00}
ProcessId: 8332
PipeName: <Anonymous Pipe>
Image: C:\Windows\System32\WindowsPowerShell\v1.0\powershell.exe
User: MY-CALDERA\johnny.douche"
1979,MY-CAL-WIN10.my-caldera.local,17,"Pipe Created:
RuleName: -
EventType: CreatePipe
UtcTime: 2024-08-20 01:39:42.624
ProcessGuid: {ca24abc9-dc4c-66c3-9501-000000001d00}
ProcessId: 8332
PipeName: <Anonymous Pipe>
Image: C:\Windows\System32\WindowsPowerShell\v1.0\powershell.exe
User: MY-CALDERA\johnny.douche"
1980,MY-CAL-WIN10.my-caldera.local,17,"Pipe Created:
RuleName: -
EventType: CreatePipe
UtcTime: 2024-08-20 01:40:06.008
ProcessGuid: {ca24abc9-dc4c-66c3-9501-000000001d00}
ProcessId: 8332
PipeName: <Anonymous Pipe>
Image: C:\Windows\System32\WindowsPowerShell\v1.0\powershell.exe
User: MY-CALDERA\johnny.douche"
1981,MY-CAL-WIN10.my-caldera.local,17,"Pipe Created:
RuleName: -
EventType: CreatePipe
UtcTime: 2024-08-20 01:40:06.008
ProcessGuid: {ca24abc9-dc4c-66c3-9501-000000001d00}
ProcessId: 8332
PipeName: <Anonymous Pipe>
Image: C:\Windows\System32\WindowsPowerShell\v1.0\powershell.exe
User: MY-CALDERA\johnny.douche"
1982,MY-CAL-WIN10.my-caldera.local,17,"Pipe Created:
RuleName: -
EventType: CreatePipe
UtcTime: 2024-08-20 01:40:06.224
ProcessGuid: {ca24abc9-f3f6-66c3-8910-000000001d00}
ProcessId: 8348
PipeName: \PSHost.133685916060100111.8348.DefaultAppDomain.powershell
Image: C:\Windows\System32\WindowsPowerShell\v1.0\powershell.exe
User: MY-CALDERA\johnny.douche"
1983,MY-CAL-WIN10.my-caldera.local,17,"Pipe Created:
RuleName: -
EventType: CreatePipe
UtcTime: 2024-08-20 01:40:38.645
ProcessGuid: {ca24abc9-f416-66c3-a610-000000001d00}
ProcessId: 8608
PipeName: \PSHost.133685916384031224.8608.DefaultAppDomain.powershell
Image: C:\Windows\System32\WindowsPowerShell\v1.0\powershell.exe
User: MY-CALDERA\johnny.douche"
1984,MY-CAL-WIN10.my-caldera.local,17,"Pipe Created:
RuleName: -
EventType: CreatePipe
UtcTime: 2024-08-20 01:40:38.401
ProcessGuid: {ca24abc9-dc4c-66c3-9501-000000001d00}
ProcessId: 8332
PipeName: <Anonymous Pipe>
Image: C:\Windows\System32\WindowsPowerShell\v1.0\powershell.exe
User: MY-CALDERA\johnny.douche"
1985,MY-CAL-WIN10.my-caldera.local,17,"Pipe Created:
RuleName: -
EventType: CreatePipe
UtcTime: 2024-08-20 01:40:38.401
ProcessGuid: {ca24abc9-dc4c-66c3-9501-000000001d00}
ProcessId: 8332
PipeName: <Anonymous Pipe>
Image: C:\Windows\System32\WindowsPowerShell\v1.0\powershell.exe
User: MY-CALDERA\johnny.douche"
1986,MY-CAL-WIN10.my-caldera.local,17,"Pipe Created:
RuleName: -
EventType: CreatePipe
UtcTime: 2024-08-20 01:44:30.592
ProcessGuid: {ca24abc9-f4fd-66c3-3911-000000001d00}
ProcessId: 14844
PipeName: <Anonymous Pipe>
Image: C:\Windows\System32\WScript.exe
User: MY-CALDERA\johnny.douche"
1987,MY-CAL-WIN10.my-caldera.local,17,"Pipe Created:
RuleName: -
EventType: CreatePipe
UtcTime: 2024-08-20 01:44:30.592
ProcessGuid: {ca24abc9-f4fd-66c3-3911-000000001d00}
ProcessId: 14844
PipeName: <Anonymous Pipe>
Image: C:\Windows\System32\WScript.exe
User: MY-CALDERA\johnny.douche"
1988,MY-CAL-WIN10.my-caldera.local,17,"Pipe Created:
RuleName: -
EventType: CreatePipe
UtcTime: 2024-08-20 01:44:30.592
ProcessGuid: {ca24abc9-f4fd-66c3-3911-000000001d00}
ProcessId: 14844
PipeName: <Anonymous Pipe>
Image: C:\Windows\System32\WScript.exe
User: MY-CALDERA\johnny.douche"
1989,MY-CAL-WIN10.my-caldera.local,17,"Pipe Created:
RuleName: -
EventType: CreatePipe
UtcTime: 2024-08-20 01:44:31.713
ProcessGuid: {ca24abc9-dc4c-66c3-9501-000000001d00}
ProcessId: 8332
PipeName: <Anonymous Pipe>
Image: C:\Windows\System32\WindowsPowerShell\v1.0\powershell.exe
User: MY-CALDERA\johnny.douche"
1990,MY-CAL-WIN10.my-caldera.local,17,"Pipe Created:
RuleName: -
EventType: CreatePipe
UtcTime: 2024-08-20 01:44:31.713
ProcessGuid: {ca24abc9-dc4c-66c3-9501-000000001d00}
ProcessId: 8332
PipeName: <Anonymous Pipe>
Image: C:\Windows\System32\WindowsPowerShell\v1.0\powershell.exe
User: MY-CALDERA\johnny.douche"
1991,MY-CAL-WIN10.my-caldera.local,17,"Pipe Created:
RuleName: -
EventType: CreatePipe
UtcTime: 2024-08-20 00:35:51.224
ProcessGuid: {ca24abc9-e4e7-66c3-4f07-000000001d00}
ProcessId: 7816
PipeName: \PSHost.133685877510187183.7816.DefaultAppDomain.powershell
Image: C:\Windows\System32\WindowsPowerShell\v1.0\powershell.exe
User: MY-CALDERA\johnny.douche"
1992,MY-CAL-WIN10.my-caldera.local,17,"Pipe Created:
RuleName: -
EventType: CreatePipe
UtcTime: 2024-08-20 00:35:52.323
ProcessGuid: {ca24abc9-e4e8-66c3-5307-000000001d00}
ProcessId: 10616
PipeName: \PSHost.133685877521468248.10616.DefaultAppDomain.powershell
Image: C:\Windows\System32\WindowsPowerShell\v1.0\powershell.exe
User: MY-CALDERA\johnny.douche"
1993,MY-CAL-WIN10.my-caldera.local,17,"Pipe Created:
RuleName: -
EventType: CreatePipe
UtcTime: 2024-08-20 00:35:51.017
ProcessGuid: {ca24abc9-dc4c-66c3-9501-000000001d00}
ProcessId: 8332
PipeName: <Anonymous Pipe>
Image: C:\Windows\System32\WindowsPowerShell\v1.0\powershell.exe
User: MY-CALDERA\johnny.douche"
1994,MY-CAL-WIN10.my-caldera.local,17,"Pipe Created:
RuleName: -
EventType: CreatePipe
UtcTime: 2024-08-20 00:35:51.017
ProcessGuid: {ca24abc9-dc4c-66c3-9501-000000001d00}
ProcessId: 8332
PipeName: <Anonymous Pipe>
Image: C:\Windows\System32\WindowsPowerShell\v1.0\powershell.exe
User: MY-CALDERA\johnny.douche"
1995,MY-CAL-WIN10.my-caldera.local,17,"Pipe Created:
RuleName: -
EventType: CreatePipe
UtcTime: 2024-08-20 00:35:51.886
ProcessGuid: {ca24abc9-e4e7-66c3-5207-000000001d00}
ProcessId: 4824
PipeName: \PSHost.133685877517006760.4824.DefaultAppDomain.powershell
Image: C:\Windows\System32\WindowsPowerShell\v1.0\powershell.exe
User: MY-CALDERA\johnny.douche"
1996,MY-CAL-WIN10.my-caldera.local,17,"Pipe Created:
RuleName: -
EventType: CreatePipe
UtcTime: 2024-08-20 00:35:52.530
ProcessGuid: {ca24abc9-dc4c-66c3-9501-000000001d00}
ProcessId: 8332
PipeName: <Anonymous Pipe>
Image: C:\Windows\System32\WindowsPowerShell\v1.0\powershell.exe
User: MY-CALDERA\johnny.douche"
1997,MY-CAL-WIN10.my-caldera.local,17,"Pipe Created:
RuleName: -
EventType: CreatePipe
UtcTime: 2024-08-20 00:35:52.530
ProcessGuid: {ca24abc9-dc4c-66c3-9501-000000001d00}
ProcessId: 8332
PipeName: <Anonymous Pipe>
Image: C:\Windows\System32\WindowsPowerShell\v1.0\powershell.exe
User: MY-CALDERA\johnny.douche"
1998,MY-CAL-WIN10.my-caldera.local,17,"Pipe Created:
RuleName: -
EventType: CreatePipe
UtcTime: 2024-08-20 00:35:55.553
ProcessGuid: {ca24abc9-e4eb-66c3-5f07-000000001d00}
ProcessId: 8104
PipeName: \PSHost.133685877553871628.8104.DefaultAppDomain.powershell
Image: C:\Windows\System32\WindowsPowerShell\v1.0\powershell.exe
User: MY-CALDERA\johnny.douche"
1999,MY-CAL-WIN10.my-caldera.local,17,"Pipe Created:
RuleName: -
EventType: CreatePipe
UtcTime: 2024-08-20 00:35:55.209
ProcessGuid: {ca24abc9-e4eb-66c3-5c07-000000001d00}
ProcessId: 7184
PipeName: \PSHost.133685877550163651.7184.DefaultAppDomain.powershell
Image: C:\Windows\System32\WindowsPowerShell\v1.0\powershell.exe
User: MY-CALDERA\johnny.douche"
2000,MY-CAL-WIN10.my-caldera.local,17,"Pipe Created:
RuleName: -
EventType: CreatePipe
UtcTime: 2024-08-20 00:35:55.655
ProcessGuid: {ca24abc9-e4eb-66c3-5f07-000000001d00}
ProcessId: 8104
PipeName: <Anonymous Pipe>
Image: C:\Windows\System32\WindowsPowerShell\v1.0\powershell.exe
User: MY-CALDERA\johnny.douche"
2001,MY-CAL-WIN10.my-caldera.local,17,"Pipe Created:
RuleName: -
EventType: CreatePipe
UtcTime: 2024-08-20 00:36:09.752
ProcessGuid: {ca24abc9-e4f9-66c3-6a07-000000001d00}
ProcessId: 7592
PipeName: <Anonymous Pipe>
Image: C:\Windows\System32\WindowsPowerShell\v1.0\powershell.exe
User: MY-CALDERA\johnny.douche"
2002,MY-CAL-WIN10.my-caldera.local,17,"Pipe Created:
RuleName: -
EventType: CreatePipe
UtcTime: 2024-08-20 00:36:09.753
ProcessGuid: {ca24abc9-e4f9-66c3-6a07-000000001d00}
ProcessId: 7592
PipeName: <Anonymous Pipe>
Image: C:\Windows\System32\WindowsPowerShell\v1.0\powershell.exe
User: MY-CALDERA\johnny.douche"
2003,MY-CAL-WIN10.my-caldera.local,17,"Pipe Created:
RuleName: -
EventType: CreatePipe
UtcTime: 2024-08-20 00:36:09.526
ProcessGuid: {ca24abc9-e4f9-66c3-6a07-000000001d00}
ProcessId: 7592
PipeName: \PSHost.133685877692125303.7592.DefaultAppDomain.powershell
Image: C:\Windows\System32\WindowsPowerShell\v1.0\powershell.exe
User: MY-CALDERA\johnny.douche"
2004,MY-CAL-WIN10.my-caldera.local,17,"Pipe Created:
RuleName: -
EventType: CreatePipe
UtcTime: 2024-08-20 00:36:09.654
ProcessGuid: {ca24abc9-e4f9-66c3-6a07-000000001d00}
ProcessId: 7592
PipeName: <Anonymous Pipe>
Image: C:\Windows\System32\WindowsPowerShell\v1.0\powershell.exe
User: MY-CALDERA\johnny.douche"
2005,MY-CAL-WIN10.my-caldera.local,17,"Pipe Created:
RuleName: -
EventType: CreatePipe
UtcTime: 2024-08-20 00:36:20.998
ProcessGuid: {ca24abc9-dc4c-66c3-9501-000000001d00}
ProcessId: 8332
PipeName: <Anonymous Pipe>
Image: C:\Windows\System32\WindowsPowerShell\v1.0\powershell.exe
User: MY-CALDERA\johnny.douche"
2006,MY-CAL-WIN10.my-caldera.local,17,"Pipe Created:
RuleName: -
EventType: CreatePipe
UtcTime: 2024-08-20 00:36:20.998
ProcessGuid: {ca24abc9-dc4c-66c3-9501-000000001d00}
ProcessId: 8332
PipeName: <Anonymous Pipe>
Image: C:\Windows\System32\WindowsPowerShell\v1.0\powershell.exe
User: MY-CALDERA\johnny.douche"
2007,MY-CAL-WIN10.my-caldera.local,17,"Pipe Created:
RuleName: -
EventType: CreatePipe
UtcTime: 2024-08-20 00:36:40.761
ProcessGuid: {ca24abc9-e517-66c3-9207-000000001d00}
ProcessId: 9072
PipeName: \PSHost.133685877992857204.9072.DefaultAppDomain.powershell
Image: C:\Windows\System32\WindowsPowerShell\v1.0\powershell.exe
User: MY-CALDERA\johnny.douche"
2008,MY-CAL-WIN10.my-caldera.local,17,"Pipe Created:
RuleName: -
EventType: CreatePipe
UtcTime: 2024-08-20 00:37:01.875
ProcessGuid: {ca24abc9-e52d-66c3-9c07-000000001d00}
ProcessId: 6088
PipeName: \PSHost.133685878217130579.6088.DefaultAppDomain.powershell
Image: C:\Windows\System32\WindowsPowerShell\v1.0\powershell.exe
User: MY-CALDERA\johnny.douche"
2009,MY-CAL-WIN10.my-caldera.local,17,"Pipe Created:
RuleName: -
EventType: CreatePipe
UtcTime: 2024-08-20 00:37:07.616
ProcessGuid: {ca24abc9-e533-66c3-a407-000000001d00}
ProcessId: 4020
PipeName: \PSHost.133685878274178551.4020.DefaultAppDomain.powershell
Image: C:\Windows\System32\WindowsPowerShell\v1.0\powershell.exe
User: MY-CALDERA\johnny.douche"
2010,MY-CAL-WIN10.my-caldera.local,17,"Pipe Created:
RuleName: -
EventType: CreatePipe
UtcTime: 2024-08-20 00:37:08.285
ProcessGuid: {ca24abc9-e534-66c3-a607-000000001d00}
ProcessId: 10052
PipeName: \PSHost.133685878281113661.10052.DefaultAppDomain.powershell
Image: C:\Windows\System32\WindowsPowerShell\v1.0\powershell.exe
User: MY-CALDERA\johnny.douche"
2011,MY-CAL-WIN10.my-caldera.local,17,"Pipe Created:
RuleName: -
EventType: CreatePipe
UtcTime: 2024-08-20 00:37:09.337
ProcessGuid: {ca24abc9-e535-66c3-a707-000000001d00}
ProcessId: 2516
PipeName: \PSHost.133685878291623770.2516.DefaultAppDomain.powershell
Image: C:\Windows\System32\WindowsPowerShell\v1.0\powershell.exe
User: MY-CALDERA\johnny.douche"
2012,MY-CAL-WIN10.my-caldera.local,17,"Pipe Created:
RuleName: -
EventType: CreatePipe
UtcTime: 2024-08-20 00:37:09.749
ProcessGuid: {ca24abc9-e535-66c3-a807-000000001d00}
ProcessId: 660
PipeName: \PSHost.133685878295899956.660.DefaultAppDomain.powershell
Image: C:\Windows\System32\WindowsPowerShell\v1.0\powershell.exe
User: MY-CALDERA\johnny.douche"
2013,MY-CAL-WIN10.my-caldera.local,17,"Pipe Created:
RuleName: -
EventType: CreatePipe
UtcTime: 2024-08-20 00:37:14.058
ProcessGuid: {ca24abc9-e539-66c3-ad07-000000001d00}
ProcessId: 8592
PipeName: \PSHost.133685878338906669.8592.DefaultAppDomain.powershell
Image: C:\Windows\System32\WindowsPowerShell\v1.0\powershell.exe
User: MY-CALDERA\johnny.douche"
2014,MY-CAL-WIN10.my-caldera.local,17,"Pipe Created:
RuleName: -
EventType: CreatePipe
UtcTime: 2024-08-20 00:37:14.616
ProcessGuid: {ca24abc9-e53a-66c3-ae07-000000001d00}
ProcessId: 8884
PipeName: \PSHost.133685878344413146.8884.DefaultAppDomain.powershell
Image: C:\Windows\System32\WindowsPowerShell\v1.0\powershell.exe
User: MY-CALDERA\johnny.douche"
2015,MY-CAL-WIN10.my-caldera.local,17,"Pipe Created:
RuleName: -
EventType: CreatePipe
UtcTime: 2024-08-20 00:37:28.166
ProcessGuid: {ca24abc9-e547-66c3-b307-000000001d00}
ProcessId: 6064
PipeName: \PSHost.133685878479802485.6064.DefaultAppDomain.powershell
Image: C:\Windows\System32\WindowsPowerShell\v1.0\powershell.exe
User: MY-CALDERA\johnny.douche"
2016,MY-CAL-WIN10.my-caldera.local,17,"Pipe Created:
RuleName: -
EventType: CreatePipe
UtcTime: 2024-08-20 00:37:28.371
ProcessGuid: {ca24abc9-dc4c-66c3-9501-000000001d00}
ProcessId: 8332
PipeName: <Anonymous Pipe>
Image: C:\Windows\System32\WindowsPowerShell\v1.0\powershell.exe
User: MY-CALDERA\johnny.douche"
2017,MY-CAL-WIN10.my-caldera.local,17,"Pipe Created:
RuleName: -
EventType: CreatePipe
UtcTime: 2024-08-20 00:37:28.370
ProcessGuid: {ca24abc9-dc4c-66c3-9501-000000001d00}
ProcessId: 8332
PipeName: <Anonymous Pipe>
Image: C:\Windows\System32\WindowsPowerShell\v1.0\powershell.exe
User: MY-CALDERA\johnny.douche"
2018,MY-CAL-WIN10.my-caldera.local,17,"Pipe Created:
RuleName: -
EventType: CreatePipe
UtcTime: 2024-08-20 00:37:32.059
ProcessGuid: {ca24abc9-e54b-66c3-ba07-000000001d00}
ProcessId: 11120
PipeName: \PSHost.133685878518888375.11120.DefaultAppDomain.powershell
Image: C:\Windows\System32\WindowsPowerShell\v1.0\powershell.exe
User: MY-CALDERA\johnny.douche"
2019,MY-CAL-WIN10.my-caldera.local,17,"Pipe Created:
RuleName: -
EventType: CreatePipe
UtcTime: 2024-08-20 00:38:02.379
ProcessGuid: {ca24abc9-e569-66c3-df07-000000001d00}
ProcessId: 3700
PipeName: <Anonymous Pipe>
Image: C:\Windows\System32\WindowsPowerShell\v1.0\powershell.exe
User: MY-CALDERA\johnny.douche"
2020,MY-CAL-WIN10.my-caldera.local,17,"Pipe Created:
RuleName: -
EventType: CreatePipe
UtcTime: 2024-08-20 00:38:19.008
ProcessGuid: {ca24abc9-e57a-66c3-ec07-000000001d00}
ProcessId: 8168
PipeName: \PSHost.133685878987445938.8168.DefaultAppDomain.powershell
Image: C:\Windows\System32\WindowsPowerShell\v1.0\powershell.exe
User: MY-CALDERA\johnny.douche"
2021,MY-CAL-WIN10.my-caldera.local,17,"Pipe Created:
RuleName: -
EventType: CreatePipe
UtcTime: 2024-08-20 00:38:19.116
ProcessGuid: {ca24abc9-e57a-66c3-ec07-000000001d00}
ProcessId: 8168
PipeName: <Anonymous Pipe>
Image: C:\Windows\System32\WindowsPowerShell\v1.0\powershell.exe
User: MY-CALDERA\johnny.douche"
2022,MY-CAL-WIN10.my-caldera.local,17,"Pipe Created:
RuleName: -
EventType: CreatePipe
UtcTime: 2024-08-20 00:38:19.475
ProcessGuid: {ca24abc9-e57b-66c3-ee07-000000001d00}
ProcessId: 9752
PipeName: \PSHost.133685878993156446.9752.DefaultAppDomain.powershell
Image: C:\Windows\System32\WindowsPowerShell\v1.0\powershell.exe
User: MY-CALDERA\johnny.douche"
2023,MY-CAL-WIN10.my-caldera.local,17,"Pipe Created:
RuleName: -
EventType: CreatePipe
UtcTime: 2024-08-20 00:38:19.581
ProcessGuid: {ca24abc9-e57b-66c3-ee07-000000001d00}
ProcessId: 9752
PipeName: <Anonymous Pipe>
Image: C:\Windows\System32\WindowsPowerShell\v1.0\powershell.exe
User: MY-CALDERA\johnny.douche"
2024,MY-CAL-WIN10.my-caldera.local,17,"Pipe Created:
RuleName: -
EventType: CreatePipe
UtcTime: 2024-08-20 00:38:19.711
ProcessGuid: {ca24abc9-dc4c-66c3-9501-000000001d00}
ProcessId: 8332
PipeName: <Anonymous Pipe>
Image: C:\Windows\System32\WindowsPowerShell\v1.0\powershell.exe
User: MY-CALDERA\johnny.douche"
2025,MY-CAL-WIN10.my-caldera.local,17,"Pipe Created:
RuleName: -
EventType: CreatePipe
UtcTime: 2024-08-20 00:38:19.711
ProcessGuid: {ca24abc9-dc4c-66c3-9501-000000001d00}
ProcessId: 8332
PipeName: <Anonymous Pipe>
Image: C:\Windows\System32\WindowsPowerShell\v1.0\powershell.exe
User: MY-CALDERA\johnny.douche"
2026,MY-CAL-WIN10.my-caldera.local,17,"Pipe Created:
RuleName: -
EventType: CreatePipe
UtcTime: 2024-08-20 00:38:19.925
ProcessGuid: {ca24abc9-e57b-66c3-f007-000000001d00}
ProcessId: 6420
PipeName: \PSHost.133685878997133519.6420.DefaultAppDomain.powershell
Image: C:\Windows\System32\WindowsPowerShell\v1.0\powershell.exe
User: MY-CALDERA\johnny.douche"
2027,MY-CAL-WIN10.my-caldera.local,17,"Pipe Created:
RuleName: -
EventType: CreatePipe
UtcTime: 2024-08-20 00:38:40.290
ProcessGuid: {ca24abc9-e590-66c3-0c08-000000001d00}
ProcessId: 9680
PipeName: <Anonymous Pipe>
Image: C:\Windows\System32\WindowsPowerShell\v1.0\powershell.exe
User: MY-CALDERA\johnny.douche"
2028,MY-CAL-WIN10.my-caldera.local,17,"Pipe Created:
RuleName: -
EventType: CreatePipe
UtcTime: 2024-08-20 00:38:39.721
ProcessGuid: {ca24abc9-e58f-66c3-0a08-000000001d00}
ProcessId: 10500
PipeName: \PSHost.133685879195588212.10500.DefaultAppDomain.powershell
Image: C:\Windows\System32\WindowsPowerShell\v1.0\powershell.exe
User: MY-CALDERA\johnny.douche"
2029,MY-CAL-WIN10.my-caldera.local,17,"Pipe Created:
RuleName: -
EventType: CreatePipe
UtcTime: 2024-08-20 00:38:39.836
ProcessGuid: {ca24abc9-e58f-66c3-0a08-000000001d00}
ProcessId: 10500
PipeName: <Anonymous Pipe>
Image: C:\Windows\System32\WindowsPowerShell\v1.0\powershell.exe
User: MY-CALDERA\johnny.douche"
2030,MY-CAL-WIN10.my-caldera.local,17,"Pipe Created:
RuleName: -
EventType: CreatePipe
UtcTime: 2024-08-20 00:38:40.413
ProcessGuid: {ca24abc9-dc4c-66c3-9501-000000001d00}
ProcessId: 8332
PipeName: <Anonymous Pipe>
Image: C:\Windows\System32\WindowsPowerShell\v1.0\powershell.exe
User: MY-CALDERA\johnny.douche"
2031,MY-CAL-WIN10.my-caldera.local,17,"Pipe Created:
RuleName: -
EventType: CreatePipe
UtcTime: 2024-08-20 00:38:40.413
ProcessGuid: {ca24abc9-dc4c-66c3-9501-000000001d00}
ProcessId: 8332
PipeName: <Anonymous Pipe>
Image: C:\Windows\System32\WindowsPowerShell\v1.0\powershell.exe
User: MY-CALDERA\johnny.douche"
2032,MY-CAL-WIN10.my-caldera.local,17,"Pipe Created:
RuleName: -
EventType: CreatePipe
UtcTime: 2024-08-20 00:38:40.179
ProcessGuid: {ca24abc9-e590-66c3-0c08-000000001d00}
ProcessId: 9680
PipeName: \PSHost.133685879200139617.9680.DefaultAppDomain.powershell
Image: C:\Windows\System32\WindowsPowerShell\v1.0\powershell.exe
User: MY-CALDERA\johnny.douche"
2033,MY-CAL-WIN10.my-caldera.local,17,"Pipe Created:
RuleName: -
EventType: CreatePipe
UtcTime: 2024-08-20 00:39:00.765
ProcessGuid: {ca24abc9-e5a4-66c3-2408-000000001d00}
ProcessId: 4964
PipeName: \PSHost.133685879405956327.4964.DefaultAppDomain.powershell
Image: C:\Windows\System32\WindowsPowerShell\v1.0\powershell.exe
User: MY-CALDERA\johnny.douche"
2034,MY-CAL-WIN10.my-caldera.local,17,"Pipe Created:
RuleName: -
EventType: CreatePipe
UtcTime: 2024-08-20 00:39:00.323
ProcessGuid: {ca24abc9-e5a4-66c3-2308-000000001d00}
ProcessId: 10820
PipeName: \PSHost.133685879401507436.10820.DefaultAppDomain.powershell
Image: C:\Windows\System32\WindowsPowerShell\v1.0\powershell.exe
User: MY-CALDERA\johnny.douche"
2035,MY-CAL-WIN10.my-caldera.local,17,"Pipe Created:
RuleName: -
EventType: CreatePipe
UtcTime: 2024-08-20 00:39:00.970
ProcessGuid: {ca24abc9-dc4c-66c3-9501-000000001d00}
ProcessId: 8332
PipeName: <Anonymous Pipe>
Image: C:\Windows\System32\WindowsPowerShell\v1.0\powershell.exe
User: MY-CALDERA\johnny.douche"
2036,MY-CAL-WIN10.my-caldera.local,17,"Pipe Created:
RuleName: -
EventType: CreatePipe
UtcTime: 2024-08-20 00:39:00.970
ProcessGuid: {ca24abc9-dc4c-66c3-9501-000000001d00}
ProcessId: 8332
PipeName: <Anonymous Pipe>
Image: C:\Windows\System32\WindowsPowerShell\v1.0\powershell.exe
User: MY-CALDERA\johnny.douche"
2037,MY-CAL-WIN10.my-caldera.local,17,"Pipe Created:
RuleName: -
EventType: CreatePipe
UtcTime: 2024-08-20 00:39:09.517
ProcessGuid: {ca24abc9-e5ad-66c3-3008-000000001d00}
ProcessId: 9280
PipeName: \PSHost.133685879492290448.9280.DefaultAppDomain.powershell
Image: C:\Windows\System32\WindowsPowerShell\v1.0\powershell.exe
User: MY-CALDERA\johnny.douche"
2038,MY-CAL-WIN10.my-caldera.local,17,"Pipe Created:
RuleName: -
EventType: CreatePipe
UtcTime: 2024-08-20 00:39:11.007
ProcessGuid: {ca24abc9-e5ae-66c3-3308-000000001d00}
ProcessId: 7100
PipeName: \PSHost.133685879508427582.7100.DefaultAppDomain.powershell
Image: C:\Windows\System32\WindowsPowerShell\v1.0\powershell.exe
User: MY-CALDERA\johnny.douche"
2039,MY-CAL-WIN10.my-caldera.local,17,"Pipe Created:
RuleName: -
EventType: CreatePipe
UtcTime: 2024-08-20 00:39:11.224
ProcessGuid: {ca24abc9-dc4c-66c3-9501-000000001d00}
ProcessId: 8332
PipeName: <Anonymous Pipe>
Image: C:\Windows\System32\WindowsPowerShell\v1.0\powershell.exe
User: MY-CALDERA\johnny.douche"
2040,MY-CAL-WIN10.my-caldera.local,17,"Pipe Created:
RuleName: -
EventType: CreatePipe
UtcTime: 2024-08-20 00:39:11.225
ProcessGuid: {ca24abc9-dc4c-66c3-9501-000000001d00}
ProcessId: 8332
PipeName: <Anonymous Pipe>
Image: C:\Windows\System32\WindowsPowerShell\v1.0\powershell.exe
User: MY-CALDERA\johnny.douche"
2041,MY-CAL-WIN10.my-caldera.local,17,"Pipe Created:
RuleName: -
EventType: CreatePipe
UtcTime: 2024-08-20 00:39:27.551
ProcessGuid: {ca24abc9-e5bf-66c3-4608-000000001d00}
ProcessId: 10972
PipeName: \PSHost.133685879673901682.10972.DefaultAppDomain.powershell
Image: C:\Windows\System32\WindowsPowerShell\v1.0\powershell.exe
User: MY-CALDERA\johnny.douche"
2042,MY-CAL-WIN10.my-caldera.local,17,"Pipe Created:
RuleName: -
EventType: CreatePipe
UtcTime: 2024-08-20 01:11:36.753
ProcessGuid: {ca24abc9-dc4c-66c3-9501-000000001d00}
ProcessId: 8332
PipeName: <Anonymous Pipe>
Image: C:\Windows\System32\WindowsPowerShell\v1.0\powershell.exe
User: MY-CALDERA\johnny.douche"
2043,MY-CAL-WIN10.my-caldera.local,17,"Pipe Created:
RuleName: -
EventType: CreatePipe
UtcTime: 2024-08-20 01:11:36.753
ProcessGuid: {ca24abc9-dc4c-66c3-9501-000000001d00}
ProcessId: 8332
PipeName: <Anonymous Pipe>
Image: C:\Windows\System32\WindowsPowerShell\v1.0\powershell.exe
User: MY-CALDERA\johnny.douche"
2044,MY-CAL-WIN10.my-caldera.local,17,"Pipe Created:
RuleName: -
EventType: CreatePipe
UtcTime: 2024-08-20 01:12:09.643
ProcessGuid: {ca24abc9-dc4c-66c3-9501-000000001d00}
ProcessId: 8332
PipeName: <Anonymous Pipe>
Image: C:\Windows\System32\WindowsPowerShell\v1.0\powershell.exe
User: MY-CALDERA\johnny.douche"
2045,MY-CAL-WIN10.my-caldera.local,17,"Pipe Created:
RuleName: -
EventType: CreatePipe
UtcTime: 2024-08-20 01:12:09.643
ProcessGuid: {ca24abc9-dc4c-66c3-9501-000000001d00}
ProcessId: 8332
PipeName: <Anonymous Pipe>
Image: C:\Windows\System32\WindowsPowerShell\v1.0\powershell.exe
User: MY-CALDERA\johnny.douche"
2046,MY-CAL-WIN10.my-caldera.local,17,"Pipe Created:
RuleName: -
EventType: CreatePipe
UtcTime: 2024-08-20 01:12:10.027
ProcessGuid: {ca24abc9-ed69-66c3-3f0a-000000001d00}
ProcessId: 5548
PipeName: \PSHost.133685899296447681.5548.DefaultAppDomain.powershell
Image: C:\Windows\System32\WindowsPowerShell\v1.0\powershell.exe
User: MY-CALDERA\johnny.douche"
2047,MY-CAL-WIN10.my-caldera.local,17,"Pipe Created:
RuleName: -
EventType: CreatePipe
UtcTime: 2024-08-20 01:13:09.283
ProcessGuid: {ca24abc9-dc4c-66c3-9501-000000001d00}
ProcessId: 8332
PipeName: <Anonymous Pipe>
Image: C:\Windows\System32\WindowsPowerShell\v1.0\powershell.exe
User: MY-CALDERA\johnny.douche"
2048,MY-CAL-WIN10.my-caldera.local,17,"Pipe Created:
RuleName: -
EventType: CreatePipe
UtcTime: 2024-08-20 01:13:09.283
ProcessGuid: {ca24abc9-dc4c-66c3-9501-000000001d00}
ProcessId: 8332
PipeName: <Anonymous Pipe>
Image: C:\Windows\System32\WindowsPowerShell\v1.0\powershell.exe
User: MY-CALDERA\johnny.douche"
2049,MY-CAL-WIN10.my-caldera.local,17,"Pipe Created:
RuleName: -
EventType: CreatePipe
UtcTime: 2024-08-20 01:13:09.648
ProcessGuid: {ca24abc9-dc4c-66c3-9501-000000001d00}
ProcessId: 8332
PipeName: <Anonymous Pipe>
Image: C:\Windows\System32\WindowsPowerShell\v1.0\powershell.exe
User: MY-CALDERA\johnny.douche"
2050,MY-CAL-WIN10.my-caldera.local,17,"Pipe Created:
RuleName: -
EventType: CreatePipe
UtcTime: 2024-08-20 01:13:09.648
ProcessGuid: {ca24abc9-dc4c-66c3-9501-000000001d00}
ProcessId: 8332
PipeName: <Anonymous Pipe>
Image: C:\Windows\System32\WindowsPowerShell\v1.0\powershell.exe
User: MY-CALDERA\johnny.douche"
2051,MY-CAL-WIN10.my-caldera.local,17,"Pipe Created:
RuleName: -
EventType: CreatePipe
UtcTime: 2024-08-20 01:13:08.941
ProcessGuid: {ca24abc9-dc4c-66c3-9501-000000001d00}
ProcessId: 8332
PipeName: <Anonymous Pipe>
Image: C:\Windows\System32\WindowsPowerShell\v1.0\powershell.exe
User: MY-CALDERA\johnny.douche"
2052,MY-CAL-WIN10.my-caldera.local,17,"Pipe Created:
RuleName: -
EventType: CreatePipe
UtcTime: 2024-08-20 01:13:08.941
ProcessGuid: {ca24abc9-dc4c-66c3-9501-000000001d00}
ProcessId: 8332
PipeName: <Anonymous Pipe>
Image: C:\Windows\System32\WindowsPowerShell\v1.0\powershell.exe
User: MY-CALDERA\johnny.douche"
2053,MY-CAL-WIN10.my-caldera.local,17,"Pipe Created:
RuleName: -
EventType: CreatePipe
UtcTime: 2024-08-20 01:13:35.107
ProcessGuid: {ca24abc9-dc4c-66c3-9501-000000001d00}
ProcessId: 8332
PipeName: <Anonymous Pipe>
Image: C:\Windows\System32\WindowsPowerShell\v1.0\powershell.exe
User: MY-CALDERA\johnny.douche"
2054,MY-CAL-WIN10.my-caldera.local,17,"Pipe Created:
RuleName: -
EventType: CreatePipe
UtcTime: 2024-08-20 01:13:35.107
ProcessGuid: {ca24abc9-dc4c-66c3-9501-000000001d00}
ProcessId: 8332
PipeName: <Anonymous Pipe>
Image: C:\Windows\System32\WindowsPowerShell\v1.0\powershell.exe
User: MY-CALDERA\johnny.douche"
2055,MY-CAL-WIN10.my-caldera.local,17,"Pipe Created:
RuleName: -
EventType: CreatePipe
UtcTime: 2024-08-20 01:15:45.252
ProcessGuid: {ca24abc9-dc4c-66c3-9501-000000001d00}
ProcessId: 8332
PipeName: <Anonymous Pipe>
Image: C:\Windows\System32\WindowsPowerShell\v1.0\powershell.exe
User: MY-CALDERA\johnny.douche"
2056,MY-CAL-WIN10.my-caldera.local,17,"Pipe Created:
RuleName: -
EventType: CreatePipe
UtcTime: 2024-08-20 01:15:45.476
ProcessGuid: {ca24abc9-ee41-66c3-b60a-000000001d00}
ProcessId: 3732
PipeName: \PSHost.133685901452544545.3732.DefaultAppDomain.powershell
Image: C:\Windows\System32\WindowsPowerShell\v1.0\powershell.exe
User: MY-CALDERA\johnny.douche"
2057,MY-CAL-WIN10.my-caldera.local,17,"Pipe Created:
RuleName: -
EventType: CreatePipe
UtcTime: 2024-08-20 01:15:45.252
ProcessGuid: {ca24abc9-dc4c-66c3-9501-000000001d00}
ProcessId: 8332
PipeName: <Anonymous Pipe>
Image: C:\Windows\System32\WindowsPowerShell\v1.0\powershell.exe
User: MY-CALDERA\johnny.douche"
2058,MY-CAL-WIN10.my-caldera.local,17,"Pipe Created:
RuleName: -
EventType: CreatePipe
UtcTime: 2024-08-20 01:17:54.155
ProcessGuid: {ca24abc9-dc4c-66c3-9501-000000001d00}
ProcessId: 8332
PipeName: <Anonymous Pipe>
Image: C:\Windows\System32\WindowsPowerShell\v1.0\powershell.exe
User: MY-CALDERA\johnny.douche"
2059,MY-CAL-WIN10.my-caldera.local,17,"Pipe Created:
RuleName: -
EventType: CreatePipe
UtcTime: 2024-08-20 01:17:54.154
ProcessGuid: {ca24abc9-dc4c-66c3-9501-000000001d00}
ProcessId: 8332
PipeName: <Anonymous Pipe>
Image: C:\Windows\System32\WindowsPowerShell\v1.0\powershell.exe
User: MY-CALDERA\johnny.douche"
2060,MY-CAL-WIN10.my-caldera.local,17,"Pipe Created:
RuleName: -
EventType: CreatePipe
UtcTime: 2024-08-20 01:18:31.263
ProcessGuid: {ca24abc9-dc4c-66c3-9501-000000001d00}
ProcessId: 8332
PipeName: <Anonymous Pipe>
Image: C:\Windows\System32\WindowsPowerShell\v1.0\powershell.exe
User: MY-CALDERA\johnny.douche"
2061,MY-CAL-WIN10.my-caldera.local,17,"Pipe Created:
RuleName: -
EventType: CreatePipe
UtcTime: 2024-08-20 01:18:31.264
ProcessGuid: {ca24abc9-dc4c-66c3-9501-000000001d00}
ProcessId: 8332
PipeName: <Anonymous Pipe>
Image: C:\Windows\System32\WindowsPowerShell\v1.0\powershell.exe
User: MY-CALDERA\johnny.douche"
2062,MY-CAL-WIN10.my-caldera.local,17,"Pipe Created:
RuleName: -
EventType: CreatePipe
UtcTime: 2024-08-20 01:21:46.763
ProcessGuid: {ca24abc9-efa9-66c3-280c-000000001d00}
ProcessId: 8644
PipeName: <Anonymous Pipe>
Image: C:\Windows\System32\WindowsPowerShell\v1.0\powershell.exe
User: MY-CALDERA\johnny.douche"
2063,MY-CAL-WIN10.my-caldera.local,17,"Pipe Created:
RuleName: -
EventType: CreatePipe
UtcTime: 2024-08-20 01:21:47.153
ProcessGuid: {ca24abc9-efa9-66c3-280c-000000001d00}
ProcessId: 8644
PipeName: <Anonymous Pipe>
Image: C:\Windows\System32\WindowsPowerShell\v1.0\powershell.exe
User: MY-CALDERA\johnny.douche"
2064,MY-CAL-WIN10.my-caldera.local,17,"Pipe Created:
RuleName: -
EventType: CreatePipe
UtcTime: 2024-08-20 01:21:47.153
ProcessGuid: {ca24abc9-efa9-66c3-280c-000000001d00}
ProcessId: 8644
PipeName: <Anonymous Pipe>
Image: C:\Windows\System32\WindowsPowerShell\v1.0\powershell.exe
User: MY-CALDERA\johnny.douche"
2065,MY-CAL-WIN10.my-caldera.local,17,"Pipe Created:
RuleName: -
EventType: CreatePipe
UtcTime: 2024-08-20 01:22:23.025
ProcessGuid: {ca24abc9-dc4c-66c3-9501-000000001d00}
ProcessId: 8332
PipeName: <Anonymous Pipe>
Image: C:\Windows\System32\WindowsPowerShell\v1.0\powershell.exe
User: MY-CALDERA\johnny.douche"
2066,MY-CAL-WIN10.my-caldera.local,17,"Pipe Created:
RuleName: -
EventType: CreatePipe
UtcTime: 2024-08-20 01:22:23.026
ProcessGuid: {ca24abc9-dc4c-66c3-9501-000000001d00}
ProcessId: 8332
PipeName: <Anonymous Pipe>
Image: C:\Windows\System32\WindowsPowerShell\v1.0\powershell.exe
User: MY-CALDERA\johnny.douche"
2067,MY-CAL-WIN10.my-caldera.local,17,"Pipe Created:
RuleName: -
EventType: CreatePipe
UtcTime: 2024-08-20 01:22:28.854
ProcessGuid: {ca24abc9-dc4c-66c3-9501-000000001d00}
ProcessId: 8332
PipeName: <Anonymous Pipe>
Image: C:\Windows\System32\WindowsPowerShell\v1.0\powershell.exe
User: MY-CALDERA\johnny.douche"
2068,MY-CAL-WIN10.my-caldera.local,17,"Pipe Created:
RuleName: -
EventType: CreatePipe
UtcTime: 2024-08-20 01:22:28.854
ProcessGuid: {ca24abc9-dc4c-66c3-9501-000000001d00}
ProcessId: 8332
PipeName: <Anonymous Pipe>
Image: C:\Windows\System32\WindowsPowerShell\v1.0\powershell.exe
User: MY-CALDERA\johnny.douche"
2069,MY-CAL-WIN10.my-caldera.local,17,"Pipe Created:
RuleName: -
EventType: CreatePipe
UtcTime: 2024-08-20 01:22:29.323
ProcessGuid: {ca24abc9-dc4c-66c3-9501-000000001d00}
ProcessId: 8332
PipeName: <Anonymous Pipe>
Image: C:\Windows\System32\WindowsPowerShell\v1.0\powershell.exe
User: MY-CALDERA\johnny.douche"
2070,MY-CAL-WIN10.my-caldera.local,17,"Pipe Created:
RuleName: -
EventType: CreatePipe
UtcTime: 2024-08-20 01:22:29.324
ProcessGuid: {ca24abc9-dc4c-66c3-9501-000000001d00}
ProcessId: 8332
PipeName: <Anonymous Pipe>
Image: C:\Windows\System32\WindowsPowerShell\v1.0\powershell.exe
User: MY-CALDERA\johnny.douche"
2071,MY-CAL-WIN10.my-caldera.local,17,"Pipe Created:
RuleName: -
EventType: CreatePipe
UtcTime: 2024-08-20 01:22:29.550
ProcessGuid: {ca24abc9-efd5-66c3-400e-000000001d00}
ProcessId: 7144
PipeName: \PSHost.133685905493257601.7144.DefaultAppDomain.powershell
Image: C:\Windows\System32\WindowsPowerShell\v1.0\powershell.exe
User: MY-CALDERA\johnny.douche"
2072,MY-CAL-WIN10.my-caldera.local,17,"Pipe Created:
RuleName: -
EventType: CreatePipe
UtcTime: 2024-08-20 00:35:56.073
ProcessGuid: {ca24abc9-e4eb-66c3-6207-000000001d00}
ProcessId: 8240
PipeName: \PSHost.133685877559100696.8240.DefaultAppDomain.powershell
Image: C:\Windows\System32\WindowsPowerShell\v1.0\powershell.exe
User: MY-CALDERA\johnny.douche"
2073,MY-CAL-WIN10.my-caldera.local,17,"Pipe Created:
RuleName: -
EventType: CreatePipe
UtcTime: 2024-08-20 00:35:55.707
ProcessGuid: {ca24abc9-e4eb-66c3-5f07-000000001d00}
ProcessId: 8104
PipeName: <Anonymous Pipe>
Image: C:\Windows\System32\WindowsPowerShell\v1.0\powershell.exe
User: MY-CALDERA\johnny.douche"
2074,MY-CAL-WIN10.my-caldera.local,17,"Pipe Created:
RuleName: -
EventType: CreatePipe
UtcTime: 2024-08-20 00:35:55.707
ProcessGuid: {ca24abc9-e4eb-66c3-5f07-000000001d00}
ProcessId: 8104
PipeName: <Anonymous Pipe>
Image: C:\Windows\System32\WindowsPowerShell\v1.0\powershell.exe
User: MY-CALDERA\johnny.douche"
2075,MY-CAL-WIN10.my-caldera.local,17,"Pipe Created:
RuleName: -
EventType: CreatePipe
UtcTime: 2024-08-20 00:36:12.314
ProcessGuid: {ca24abc9-e4fa-66c3-6e07-000000001d00}
ProcessId: 10296
PipeName: \PSHost.133685877708381676.10296.DefaultAppDomain.powershell
Image: C:\Windows\System32\WindowsPowerShell\v1.0\powershell.exe
User: MY-CALDERA\johnny.douche"
2076,MY-CAL-WIN10.my-caldera.local,17,"Pipe Created:
RuleName: -
EventType: CreatePipe
UtcTime: 2024-08-20 00:36:17.871
ProcessGuid: {ca24abc9-e501-66c3-7607-000000001d00}
ProcessId: 6304
PipeName: \PSHost.133685877776930585.6304.DefaultAppDomain.powershell
Image: C:\Windows\System32\WindowsPowerShell\v1.0\powershell.exe
User: MY-CALDERA\johnny.douche"
2077,MY-CAL-WIN10.my-caldera.local,17,"Pipe Created:
RuleName: -
EventType: CreatePipe
UtcTime: 2024-08-20 00:36:31.189
ProcessGuid: {ca24abc9-e50e-66c3-8a07-000000001d00}
ProcessId: 5920
PipeName: \PSHost.133685877908840451.5920.DefaultAppDomain.powershell
Image: C:\Windows\System32\WindowsPowerShell\v1.0\powershell.exe
User: MY-CALDERA\johnny.douche"
2078,MY-CAL-WIN10.my-caldera.local,17,"Pipe Created:
RuleName: -
EventType: CreatePipe
UtcTime: 2024-08-20 00:36:34.335
ProcessGuid: {ca24abc9-dc4c-66c3-9501-000000001d00}
ProcessId: 8332
PipeName: <Anonymous Pipe>
Image: C:\Windows\System32\WindowsPowerShell\v1.0\powershell.exe
User: MY-CALDERA\johnny.douche"
2079,MY-CAL-WIN10.my-caldera.local,17,"Pipe Created:
RuleName: -
EventType: CreatePipe
UtcTime: 2024-08-20 00:36:34.334
ProcessGuid: {ca24abc9-dc4c-66c3-9501-000000001d00}
ProcessId: 8332
PipeName: <Anonymous Pipe>
Image: C:\Windows\System32\WindowsPowerShell\v1.0\powershell.exe
User: MY-CALDERA\johnny.douche"
2080,MY-CAL-WIN10.my-caldera.local,17,"Pipe Created:
RuleName: -
EventType: CreatePipe
UtcTime: 2024-08-20 00:36:34.984
ProcessGuid: {ca24abc9-e512-66c3-8d07-000000001d00}
ProcessId: 8888
PipeName: \PSHost.133685877943371219.8888.DefaultAppDomain.powershell
Image: C:\Windows\System32\WindowsPowerShell\v1.0\powershell.exe
User: MY-CALDERA\johnny.douche"
2081,MY-CAL-WIN10.my-caldera.local,17,"Pipe Created:
RuleName: -
EventType: CreatePipe
UtcTime: 2024-08-20 00:36:44.431
ProcessGuid: {ca24abc9-e51c-66c3-9507-000000001d00}
ProcessId: 456
PipeName: \PSHost.133685878042599667.456.DefaultAppDomain.powershell
Image: C:\Windows\System32\WindowsPowerShell\v1.0\powershell.exe
User: MY-CALDERA\johnny.douche"
2082,MY-CAL-WIN10.my-caldera.local,17,"Pipe Created:
RuleName: -
EventType: CreatePipe
UtcTime: 2024-08-20 00:37:05.926
ProcessGuid: {ca24abc9-e531-66c3-a007-000000001d00}
ProcessId: 5604
PipeName: \PSHost.133685878257302508.5604.DefaultAppDomain.powershell
Image: C:\Windows\System32\WindowsPowerShell\v1.0\powershell.exe
User: MY-CALDERA\johnny.douche"
2083,MY-CAL-WIN10.my-caldera.local,17,"Pipe Created:
RuleName: -
EventType: CreatePipe
UtcTime: 2024-08-20 00:37:06.785
ProcessGuid: {ca24abc9-e532-66c3-a207-000000001d00}
ProcessId: 11016
PipeName: \PSHost.133685878266142974.11016.DefaultAppDomain.powershell
Image: C:\Windows\System32\WindowsPowerShell\v1.0\powershell.exe
User: MY-CALDERA\johnny.douche"
2084,MY-CAL-WIN10.my-caldera.local,17,"Pipe Created:
RuleName: -
EventType: CreatePipe
UtcTime: 2024-08-20 00:37:38.754
ProcessGuid: {ca24abc9-e552-66c3-c807-000000001d00}
ProcessId: 9224
PipeName: \PSHost.133685878585779904.9224.DefaultAppDomain.powershell
Image: C:\Windows\System32\WindowsPowerShell\v1.0\powershell.exe
User: MY-CALDERA\johnny.douche"
2085,MY-CAL-WIN10.my-caldera.local,17,"Pipe Created:
RuleName: -
EventType: CreatePipe
UtcTime: 2024-08-20 00:37:52.470
ProcessGuid: {ca24abc9-e560-66c3-d807-000000001d00}
ProcessId: 11192
PipeName: \PSHost.133685878722737332.11192.DefaultAppDomain.powershell
Image: C:\Windows\System32\WindowsPowerShell\v1.0\powershell.exe
User: MY-CALDERA\johnny.douche"
2086,MY-CAL-WIN10.my-caldera.local,17,"Pipe Created:
RuleName: -
EventType: CreatePipe
UtcTime: 2024-08-20 00:37:52.272
ProcessGuid: {ca24abc9-dc4c-66c3-9501-000000001d00}
ProcessId: 8332
PipeName: <Anonymous Pipe>
Image: C:\Windows\System32\WindowsPowerShell\v1.0\powershell.exe
User: MY-CALDERA\johnny.douche"
2087,MY-CAL-WIN10.my-caldera.local,17,"Pipe Created:
RuleName: -
EventType: CreatePipe
UtcTime: 2024-08-20 00:37:52.272
ProcessGuid: {ca24abc9-dc4c-66c3-9501-000000001d00}
ProcessId: 8332
PipeName: <Anonymous Pipe>
Image: C:\Windows\System32\WindowsPowerShell\v1.0\powershell.exe
User: MY-CALDERA\johnny.douche"
2088,MY-CAL-WIN10.my-caldera.local,17,"Pipe Created:
RuleName: -
EventType: CreatePipe
UtcTime: 2024-08-20 00:37:52.060
ProcessGuid: {ca24abc9-e55f-66c3-d707-000000001d00}
ProcessId: 6988
PipeName: \PSHost.133685878718696846.6988.DefaultAppDomain.powershell
Image: C:\Windows\System32\WindowsPowerShell\v1.0\powershell.exe
User: MY-CALDERA\johnny.douche"
2089,MY-CAL-WIN10.my-caldera.local,17,"Pipe Created:
RuleName: -
EventType: CreatePipe
UtcTime: 2024-08-20 00:38:35.039
ProcessGuid: {ca24abc9-e58a-66c3-fc07-000000001d00}
ProcessId: 9360
PipeName: \PSHost.133685879148302333.9360.DefaultAppDomain.powershell
Image: C:\Windows\System32\WindowsPowerShell\v1.0\powershell.exe
User: MY-CALDERA\johnny.douche"
2090,MY-CAL-WIN10.my-caldera.local,17,"Pipe Created:
RuleName: -
EventType: CreatePipe
UtcTime: 2024-08-20 00:38:41.563
ProcessGuid: {ca24abc9-e591-66c3-1008-000000001d00}
ProcessId: 10336
PipeName: \PSHost.133685879214049428.10336.DefaultAppDomain.powershell
Image: C:\Windows\System32\WindowsPowerShell\v1.0\powershell.exe
User: MY-CALDERA\johnny.douche"
2091,MY-CAL-WIN10.my-caldera.local,17,"Pipe Created:
RuleName: -
EventType: CreatePipe
UtcTime: 2024-08-20 00:38:40.617
ProcessGuid: {ca24abc9-e590-66c3-0e08-000000001d00}
ProcessId: 9696
PipeName: \PSHost.133685879204149821.9696.DefaultAppDomain.powershell
Image: C:\Windows\System32\WindowsPowerShell\v1.0\powershell.exe
User: MY-CALDERA\johnny.douche"
2092,MY-CAL-WIN10.my-caldera.local,17,"Pipe Created:
RuleName: -
EventType: CreatePipe
UtcTime: 2024-08-20 00:38:41.670
ProcessGuid: {ca24abc9-e591-66c3-1008-000000001d00}
ProcessId: 10336
PipeName: <Anonymous Pipe>
Image: C:\Windows\System32\WindowsPowerShell\v1.0\powershell.exe
User: MY-CALDERA\johnny.douche"
2093,MY-CAL-WIN10.my-caldera.local,17,"Pipe Created:
RuleName: -
EventType: CreatePipe
UtcTime: 2024-08-20 00:38:42.002
ProcessGuid: {ca24abc9-e591-66c3-1208-000000001d00}
ProcessId: 10932
PipeName: \PSHost.133685879218411868.10932.DefaultAppDomain.powershell
Image: C:\Windows\System32\WindowsPowerShell\v1.0\powershell.exe
User: MY-CALDERA\johnny.douche"
2094,MY-CAL-WIN10.my-caldera.local,17,"Pipe Created:
RuleName: -
EventType: CreatePipe
UtcTime: 2024-08-20 00:38:42.112
ProcessGuid: {ca24abc9-e591-66c3-1208-000000001d00}
ProcessId: 10932
PipeName: <Anonymous Pipe>
Image: C:\Windows\System32\WindowsPowerShell\v1.0\powershell.exe
User: MY-CALDERA\johnny.douche"
2095,MY-CAL-WIN10.my-caldera.local,17,"Pipe Created:
RuleName: -
EventType: CreatePipe
UtcTime: 2024-08-20 00:38:42.243
ProcessGuid: {ca24abc9-dc4c-66c3-9501-000000001d00}
ProcessId: 8332
PipeName: <Anonymous Pipe>
Image: C:\Windows\System32\WindowsPowerShell\v1.0\powershell.exe
User: MY-CALDERA\johnny.douche"
2096,MY-CAL-WIN10.my-caldera.local,17,"Pipe Created:
RuleName: -
EventType: CreatePipe
UtcTime: 2024-08-20 00:38:42.243
ProcessGuid: {ca24abc9-dc4c-66c3-9501-000000001d00}
ProcessId: 8332
PipeName: <Anonymous Pipe>
Image: C:\Windows\System32\WindowsPowerShell\v1.0\powershell.exe
User: MY-CALDERA\johnny.douche"
2097,MY-CAL-WIN10.my-caldera.local,17,"Pipe Created:
RuleName: -
EventType: CreatePipe
UtcTime: 2024-08-20 00:39:09.874
ProcessGuid: {ca24abc9-e5ad-66c3-3108-000000001d00}
ProcessId: 2112
PipeName: \PSHost.133685879497094658.2112.DefaultAppDomain.powershell
Image: C:\Windows\System32\WindowsPowerShell\v1.0\powershell.exe
User: MY-CALDERA\johnny.douche"
2098,MY-CAL-WIN10.my-caldera.local,17,"Pipe Created:
RuleName: -
EventType: CreatePipe
UtcTime: 2024-08-20 00:39:10.511
ProcessGuid: {ca24abc9-e5ae-66c3-3208-000000001d00}
ProcessId: 4820
PipeName: \PSHost.133685879503480727.4820.DefaultAppDomain.powershell
Image: C:\Windows\System32\WindowsPowerShell\v1.0\powershell.exe
User: MY-CALDERA\johnny.douche"
2099,MY-CAL-WIN10.my-caldera.local,17,"Pipe Created:
RuleName: -
EventType: CreatePipe
UtcTime: 2024-08-20 00:41:59.175
ProcessGuid: {ca24abc9-e657-66c3-6b08-000000001d00}
ProcessId: 8608
PipeName: \PSHost.133685881190127313.8608.DefaultAppDomain.powershell
Image: C:\Windows\System32\WindowsPowerShell\v1.0\powershell.exe
User: MY-CALDERA\johnny.douche"
2100,MY-CAL-WIN10.my-caldera.local,17,"Pipe Created:
RuleName: -
EventType: CreatePipe
UtcTime: 2024-08-20 00:41:59.380
ProcessGuid: {ca24abc9-dc4c-66c3-9501-000000001d00}
ProcessId: 8332
PipeName: <Anonymous Pipe>
Image: C:\Windows\System32\WindowsPowerShell\v1.0\powershell.exe
User: MY-CALDERA\johnny.douche"
2101,MY-CAL-WIN10.my-caldera.local,17,"Pipe Created:
RuleName: -
EventType: CreatePipe
UtcTime: 2024-08-20 00:41:59.380
ProcessGuid: {ca24abc9-dc4c-66c3-9501-000000001d00}
ProcessId: 8332
PipeName: <Anonymous Pipe>
Image: C:\Windows\System32\WindowsPowerShell\v1.0\powershell.exe
User: MY-CALDERA\johnny.douche"
2102,MY-CAL-WIN10.my-caldera.local,17,"Pipe Created:
RuleName: -
EventType: CreatePipe
UtcTime: 2024-08-20 00:43:16.970
ProcessGuid: {ca24abc9-e6a4-66c3-8c08-000000001d00}
ProcessId: 3496
PipeName: \PSHost.133685881967705337.3496.DefaultAppDomain.powershell
Image: C:\Windows\System32\WindowsPowerShell\v1.0\powershell.exe
User: MY-CALDERA\johnny.douche"
2103,MY-CAL-WIN10.my-caldera.local,17,"Pipe Created:
RuleName: -
EventType: CreatePipe
UtcTime: 2024-08-20 01:30:13.659
ProcessGuid: {ca24abc9-dc4c-66c3-9501-000000001d00}
ProcessId: 8332
PipeName: <Anonymous Pipe>
Image: C:\Windows\System32\WindowsPowerShell\v1.0\powershell.exe
User: MY-CALDERA\johnny.douche"
2104,MY-CAL-WIN10.my-caldera.local,17,"Pipe Created:
RuleName: -
EventType: CreatePipe
UtcTime: 2024-08-20 01:30:13.659
ProcessGuid: {ca24abc9-dc4c-66c3-9501-000000001d00}
ProcessId: 8332
PipeName: <Anonymous Pipe>
Image: C:\Windows\System32\WindowsPowerShell\v1.0\powershell.exe
User: MY-CALDERA\johnny.douche"
2105,MY-CAL-WIN10.my-caldera.local,17,"Pipe Created:
RuleName: -
EventType: CreatePipe
UtcTime: 2024-08-20 01:30:13.866
ProcessGuid: {ca24abc9-f1a5-66c3-f70e-000000001d00}
ProcessId: 9948
PipeName: \PSHost.133685910136607459.9948.DefaultAppDomain.powershell
Image: C:\Windows\System32\WindowsPowerShell\v1.0\powershell.exe
User: MY-CALDERA\johnny.douche"
2106,MY-CAL-WIN10.my-caldera.local,17,"Pipe Created:
RuleName: -
EventType: CreatePipe
UtcTime: 2024-08-20 01:30:20.631
ProcessGuid: {ca24abc9-f1ac-66c3-090f-000000001d00}
ProcessId: 8856
PipeName: \PSHost.133685910203411324.8856.DefaultAppDomain.powershell
Image: C:\Windows\System32\WindowsPowerShell\v1.0\powershell.exe
User: MY-CALDERA\johnny.douche"
2107,MY-CAL-WIN10.my-caldera.local,17,"Pipe Created:
RuleName: -
EventType: CreatePipe
UtcTime: 2024-08-20 01:30:25.465
ProcessGuid: {ca24abc9-f1b1-66c3-1f0f-000000001d00}
ProcessId: 6800
PipeName: \PSHost.133685910251665816.6800.DefaultAppDomain.powershell
Image: C:\Windows\System32\WindowsPowerShell\v1.0\powershell.exe
User: MY-CALDERA\johnny.douche"
2108,MY-CAL-WIN10.my-caldera.local,17,"Pipe Created:
RuleName: -
EventType: CreatePipe
UtcTime: 2024-08-20 01:30:24.841
ProcessGuid: {ca24abc9-dc4c-66c3-9501-000000001d00}
ProcessId: 8332
PipeName: <Anonymous Pipe>
Image: C:\Windows\System32\WindowsPowerShell\v1.0\powershell.exe
User: MY-CALDERA\johnny.douche"
2109,MY-CAL-WIN10.my-caldera.local,17,"Pipe Created:
