MY-CAL-WIN10.my-caldera.local,11,"File created:
RuleName: EXE
UtcTime: 2024-08-20 00:52:54.837
ProcessGuid: {ca24abc9-e8e5-66c3-c109-000000001d00}
ProcessId: 6768
Image: C:\Windows\System32\WindowsPowerShell\v1.0\powershell.exe
TargetFilename: C:\Users\JOHNNY~1.DOU\AppData\Local\Temp\3AB4A3E7-100F-4790-9602-1BF6A3251056\DismHost.exe
CreationUtcTime: 2024-08-20 00:52:54.837
User: MY-CALDERA\johnny.douche"
MY-CAL-WIN10.my-caldera.local,11,"File created:
RuleName: DLL
UtcTime: 2024-08-20 00:52:54.846
ProcessGuid: {ca24abc9-e8e5-66c3-c109-000000001d00}
ProcessId: 6768
Image: C:\Windows\System32\WindowsPowerShell\v1.0\powershell.exe
TargetFilename: C:\Users\JOHNNY~1.DOU\AppData\Local\Temp\3AB4A3E7-100F-4790-9602-1BF6A3251056\DismProv.dll
CreationUtcTime: 2024-08-20 00:52:54.846
User: MY-CALDERA\johnny.douche"
MY-CAL-WIN10.my-caldera.local,11,"File created:
RuleName: DLL
UtcTime: 2024-08-20 00:52:54.855
ProcessGuid: {ca24abc9-e8e5-66c3-c109-000000001d00}
ProcessId: 6768
Image: C:\Windows\System32\WindowsPowerShell\v1.0\powershell.exe
TargetFilename: C:\Users\JOHNNY~1.DOU\AppData\Local\Temp\3AB4A3E7-100F-4790-9602-1BF6A3251056\DmiProvider.dll
CreationUtcTime: 2024-08-20 00:52:54.855
User: MY-CALDERA\johnny.douche"
MY-CAL-WIN10.my-caldera.local,11,"File created:
RuleName: DO
UtcTime: 2024-08-20 00:52:54.873
ProcessGuid: {ca24abc9-e8e5-66c3-c109-000000001d00}
ProcessId: 6768
Image: C:\Windows\System32\WindowsPowerShell\v1.0\powershell.exe
TargetFilename: C:\Users\JOHNNY~1.DOU\AppData\Local\Temp\3AB4A3E7-100F-4790-9602-1BF6A3251056\en-US
CreationUtcTime: 2024-08-20 00:52:54.873
User: MY-CALDERA\johnny.douche"
MY-CAL-WIN10.my-caldera.local,11,"File created:
RuleName: DO
UtcTime: 2024-08-20 00:52:54.875
ProcessGuid: {ca24abc9-e8e5-66c3-c109-000000001d00}
ProcessId: 6768
Image: C:\Windows\System32\WindowsPowerShell\v1.0\powershell.exe
TargetFilename: C:\Users\JOHNNY~1.DOU\AppData\Local\Temp\3AB4A3E7-100F-4790-9602-1BF6A3251056\en-US\AppxProvider.dll.mui
CreationUtcTime: 2024-08-20 00:52:54.874
User: MY-CALDERA\johnny.douche"
MY-CAL-WIN10.my-caldera.local,11,"File created:
RuleName: DO
UtcTime: 2024-08-20 00:52:54.881
ProcessGuid: {ca24abc9-e8e5-66c3-c109-000000001d00}
ProcessId: 6768
Image: C:\Windows\System32\WindowsPowerShell\v1.0\powershell.exe
TargetFilename: C:\Users\JOHNNY~1.DOU\AppData\Local\Temp\3AB4A3E7-100F-4790-9602-1BF6A3251056\en-US\AssocProvider.dll.mui
CreationUtcTime: 2024-08-20 00:52:54.881
User: MY-CALDERA\johnny.douche"
MY-CAL-WIN10.my-caldera.local,11,"File created:
RuleName: DO
UtcTime: 2024-08-20 00:52:54.888
ProcessGuid: {ca24abc9-e8e5-66c3-c109-000000001d00}
ProcessId: 6768
Image: C:\Windows\System32\WindowsPowerShell\v1.0\powershell.exe
TargetFilename: C:\Users\JOHNNY~1.DOU\AppData\Local\Temp\3AB4A3E7-100F-4790-9602-1BF6A3251056\en-US\CbsProvider.dll.mui
CreationUtcTime: 2024-08-20 00:52:54.885
User: MY-CALDERA\johnny.douche"
MY-CAL-WIN10.my-caldera.local,11,"File created:
RuleName: DLL
UtcTime: 2024-08-20 00:52:54.505
ProcessGuid: {ca24abc9-e8e5-66c3-c109-000000001d00}
ProcessId: 6768
Image: C:\Windows\System32\WindowsPowerShell\v1.0\powershell.exe
TargetFilename: C:\Users\JOHNNY~1.DOU\AppData\Local\Temp\3AB4A3E7-100F-4790-9602-1BF6A3251056\AppxProvider.dll
CreationUtcTime: 2024-08-20 00:52:54.504
User: MY-CALDERA\johnny.douche"
MY-CAL-WIN10.my-caldera.local,11,"File created:
RuleName: DO
UtcTime: 2024-08-20 00:52:54.894
ProcessGuid: {ca24abc9-e8e5-66c3-c109-000000001d00}
ProcessId: 6768
Image: C:\Windows\System32\WindowsPowerShell\v1.0\powershell.exe
TargetFilename: C:\Users\JOHNNY~1.DOU\AppData\Local\Temp\3AB4A3E7-100F-4790-9602-1BF6A3251056\en-US\DismCore.dll.mui
CreationUtcTime: 2024-08-20 00:52:54.894
User: MY-CALDERA\johnny.douche"
MY-CAL-WIN10.my-caldera.local,11,"File created:
RuleName: DO
UtcTime: 2024-08-20 00:52:54.899
ProcessGuid: {ca24abc9-e8e5-66c3-c109-000000001d00}
ProcessId: 6768
Image: C:\Windows\System32\WindowsPowerShell\v1.0\powershell.exe
TargetFilename: C:\Users\JOHNNY~1.DOU\AppData\Local\Temp\3AB4A3E7-100F-4790-9602-1BF6A3251056\en-US\DismProv.dll.mui
CreationUtcTime: 2024-08-20 00:52:54.898
User: MY-CALDERA\johnny.douche"
MY-CAL-WIN10.my-caldera.local,11,"File created:
RuleName: DLL
UtcTime: 2024-08-20 00:52:54.769
ProcessGuid: {ca24abc9-e8e5-66c3-c109-000000001d00}
ProcessId: 6768
Image: C:\Windows\System32\WindowsPowerShell\v1.0\powershell.exe
TargetFilename: C:\Users\JOHNNY~1.DOU\AppData\Local\Temp\3AB4A3E7-100F-4790-9602-1BF6A3251056\AssocProvider.dll
CreationUtcTime: 2024-08-20 00:52:54.769
User: MY-CALDERA\johnny.douche"
MY-CAL-WIN10.my-caldera.local,11,"File created:
RuleName: DLL
UtcTime: 2024-08-20 00:52:54.780
ProcessGuid: {ca24abc9-e8e5-66c3-c109-000000001d00}
ProcessId: 6768
Image: C:\Windows\System32\WindowsPowerShell\v1.0\powershell.exe
TargetFilename: C:\Users\JOHNNY~1.DOU\AppData\Local\Temp\3AB4A3E7-100F-4790-9602-1BF6A3251056\CbsProvider.dll
CreationUtcTime: 2024-08-20 00:52:54.778
User: MY-CALDERA\johnny.douche"
MY-CAL-WIN10.my-caldera.local,11,"File created:
RuleName: DLL
UtcTime: 2024-08-20 00:52:54.816
ProcessGuid: {ca24abc9-e8e5-66c3-c109-000000001d00}
ProcessId: 6768
Image: C:\Windows\System32\WindowsPowerShell\v1.0\powershell.exe
TargetFilename: C:\Users\JOHNNY~1.DOU\AppData\Local\Temp\3AB4A3E7-100F-4790-9602-1BF6A3251056\DismCore.dll
CreationUtcTime: 2024-08-20 00:52:54.816
User: MY-CALDERA\johnny.douche"
MY-CAL-WIN10.my-caldera.local,11,"File created:
RuleName: DLL
UtcTime: 2024-08-20 00:52:54.829
ProcessGuid: {ca24abc9-e8e5-66c3-c109-000000001d00}
ProcessId: 6768
Image: C:\Windows\System32\WindowsPowerShell\v1.0\powershell.exe
TargetFilename: C:\Users\JOHNNY~1.DOU\AppData\Local\Temp\3AB4A3E7-100F-4790-9602-1BF6A3251056\DismCorePS.dll
CreationUtcTime: 2024-08-20 00:52:54.828
User: MY-CALDERA\johnny.douche"
MY-CAL-WIN10.my-caldera.local,11,"File created:
RuleName: Sysmonv1514
UtcTime: 2024-08-20 00:00:33.947
ProcessGuid: {ca24abc9-d6b1-66c3-ba00-000000001d00}
ProcessId: 6760
Image: C:\Program Files\WinlogBeat\winlogbeat.exe
TargetFilename: C:\ProgramData\winlogbeat\.winlogbeat.yml.new
CreationUtcTime: 2024-08-19 23:44:48.401
User: NT AUTHORITY\SYSTEM"
MY-CAL-WIN10.my-caldera.local,11,"File created:
RuleName: Sysmonv1514
UtcTime: 2024-08-20 00:01:44.332
ProcessGuid: {ca24abc9-d6b1-66c3-ba00-000000001d00}
ProcessId: 6760
Image: C:\Program Files\WinlogBeat\winlogbeat.exe
TargetFilename: C:\ProgramData\winlogbeat\.winlogbeat.yml.new
CreationUtcTime: 2024-08-19 23:44:48.401
User: NT AUTHORITY\SYSTEM"
MY-CAL-WIN10.my-caldera.local,11,"File created:
RuleName: Sysmonv1514
UtcTime: 2024-08-20 00:02:44.600
ProcessGuid: {ca24abc9-d6b1-66c3-ba00-000000001d00}
ProcessId: 6760
Image: C:\Program Files\WinlogBeat\winlogbeat.exe
TargetFilename: C:\ProgramData\winlogbeat\.winlogbeat.yml.new
CreationUtcTime: 2024-08-19 23:44:48.401
User: NT AUTHORITY\SYSTEM"
MY-CAL-WIN10.my-caldera.local,11,"File created:
RuleName: Sysmonv1514
UtcTime: 2024-08-20 00:03:55.086
ProcessGuid: {ca24abc9-d6b1-66c3-ba00-000000001d00}
ProcessId: 6760
Image: C:\Program Files\WinlogBeat\winlogbeat.exe
TargetFilename: C:\ProgramData\winlogbeat\.winlogbeat.yml.new
CreationUtcTime: 2024-08-19 23:44:48.401
User: NT AUTHORITY\SYSTEM"
MY-CAL-WIN10.my-caldera.local,11,"File created:
RuleName: Sysmonv1514
UtcTime: 2024-08-20 00:04:25.150
ProcessGuid: {ca24abc9-d6b1-66c3-ba00-000000001d00}
ProcessId: 6760
Image: C:\Program Files\WinlogBeat\winlogbeat.exe
TargetFilename: C:\ProgramData\winlogbeat\.winlogbeat.yml.new
CreationUtcTime: 2024-08-19 23:44:48.401
User: NT AUTHORITY\SYSTEM"
MY-CAL-WIN10.my-caldera.local,11,"File created:
RuleName: Sysmonv1514
UtcTime: 2024-08-20 00:05:24.569
ProcessGuid: {ca24abc9-d6b1-66c3-ba00-000000001d00}
ProcessId: 6760
Image: C:\Program Files\WinlogBeat\winlogbeat.exe
TargetFilename: C:\ProgramData\winlogbeat\.winlogbeat.yml.new
CreationUtcTime: 2024-08-19 23:44:48.401
User: NT AUTHORITY\SYSTEM"
MY-CAL-WIN10.my-caldera.local,11,"File created:
RuleName: Sysmonv1514
UtcTime: 2024-08-20 00:05:34.598
ProcessGuid: {ca24abc9-d6b1-66c3-ba00-000000001d00}
ProcessId: 6760
Image: C:\Program Files\WinlogBeat\winlogbeat.exe
TargetFilename: C:\ProgramData\winlogbeat\.winlogbeat.yml.new
CreationUtcTime: 2024-08-19 23:44:48.401
User: NT AUTHORITY\SYSTEM"
MY-CAL-WIN10.my-caldera.local,11,"File created:
RuleName: Sysmonv1514
UtcTime: 2024-08-20 00:06:09.692
ProcessGuid: {ca24abc9-d6b1-66c3-ba00-000000001d00}
ProcessId: 6760
Image: C:\Program Files\WinlogBeat\winlogbeat.exe
TargetFilename: C:\ProgramData\winlogbeat\.winlogbeat.yml.new
CreationUtcTime: 2024-08-19 23:44:48.401
User: NT AUTHORITY\SYSTEM"
MY-CAL-WIN10.my-caldera.local,11,"File created:
RuleName: Sysmonv1514
UtcTime: 2024-08-20 00:06:59.904
ProcessGuid: {ca24abc9-d6b1-66c3-ba00-000000001d00}
ProcessId: 6760
Image: C:\Program Files\WinlogBeat\winlogbeat.exe
TargetFilename: C:\ProgramData\winlogbeat\.winlogbeat.yml.new
CreationUtcTime: 2024-08-19 23:44:48.401
User: NT AUTHORITY\SYSTEM"
MY-CAL-WIN10.my-caldera.local,11,"File created:
RuleName: Sysmonv1514
UtcTime: 2024-08-20 00:07:24.977
ProcessGuid: {ca24abc9-d6b1-66c3-ba00-000000001d00}
ProcessId: 6760
Image: C:\Program Files\WinlogBeat\winlogbeat.exe
TargetFilename: C:\ProgramData\winlogbeat\.winlogbeat.yml.new
CreationUtcTime: 2024-08-19 23:44:48.401
User: NT AUTHORITY\SYSTEM"
MY-CAL-WIN10.my-caldera.local,11,"File created:
RuleName: DO
UtcTime: 2024-08-20 00:07:38.244
ProcessGuid: {ca24abc9-de49-66c3-b201-000000001d00}
ProcessId: 2916
Image: C:\Windows\System32\WindowsPowerShell\v1.0\powershell.exe
TargetFilename: C:\Users\johnny.douche\AppData\Local\Microsoft\Windows\PowerShell\StartupProfileData-NonInteractive
CreationUtcTime: 2024-03-28 01:06:06.420
User: MY-CALDERA\johnny.douche"
MY-CAL-WIN10.my-caldera.local,11,"File created:
RuleName: DO
UtcTime: 2024-08-20 00:07:37.764
ProcessGuid: {ca24abc9-de48-66c3-b101-000000001d00}
ProcessId: 5460
Image: C:\Windows\System32\WindowsPowerShell\v1.0\powershell.exe
TargetFilename: C:\Users\johnny.douche\AppData\Local\Microsoft\Windows\PowerShell\StartupProfileData-NonInteractive
CreationUtcTime: 2024-03-28 01:06:06.420
User: MY-CALDERA\johnny.douche"
MY-CAL-WIN10.my-caldera.local,11,"File created:
RuleName: DO
UtcTime: 2024-08-20 00:07:42.689
ProcessGuid: {ca24abc9-de4d-66c3-b901-000000001d00}
ProcessId: 8856
Image: C:\Windows\System32\WindowsPowerShell\v1.0\powershell.exe
TargetFilename: C:\Users\johnny.douche\AppData\Local\Microsoft\Windows\PowerShell\StartupProfileData-NonInteractive
CreationUtcTime: 2024-03-28 01:06:06.420
User: MY-CALDERA\johnny.douche"
MY-CAL-WIN10.my-caldera.local,11,"File created:
RuleName: DO
UtcTime: 2024-08-20 00:07:41.854
ProcessGuid: {ca24abc9-de4c-66c3-b801-000000001d00}
ProcessId: 5464
Image: C:\Windows\System32\WindowsPowerShell\v1.0\powershell.exe
TargetFilename: C:\Users\johnny.douche\AppData\Local\Microsoft\Windows\PowerShell\StartupProfileData-NonInteractive
CreationUtcTime: 2024-03-28 01:06:06.420
User: MY-CALDERA\johnny.douche"
MY-CAL-WIN10.my-caldera.local,11,"File created:
RuleName: DO
UtcTime: 2024-08-20 00:07:49.765
ProcessGuid: {ca24abc9-de55-66c3-c901-000000001d00}
ProcessId: 3708
Image: C:\Windows\System32\WindowsPowerShell\v1.0\powershell.exe
TargetFilename: C:\Users\johnny.douche\AppData\Local\Microsoft\Windows\PowerShell\StartupProfileData-NonInteractive
CreationUtcTime: 2024-03-28 01:06:06.420
User: MY-CALDERA\johnny.douche"
MY-CAL-WIN10.my-caldera.local,11,"File created:
RuleName: DO
UtcTime: 2024-08-20 00:07:50.256
ProcessGuid: {ca24abc9-de55-66c3-cc01-000000001d00}
ProcessId: 7044
Image: C:\Windows\System32\WindowsPowerShell\v1.0\powershell.exe
TargetFilename: C:\Users\johnny.douche\AppData\Local\Microsoft\Windows\PowerShell\StartupProfileData-NonInteractive
CreationUtcTime: 2024-03-28 01:06:06.420
User: MY-CALDERA\johnny.douche"
MY-CAL-WIN10.my-caldera.local,11,"File created:
RuleName: Sysmonv1514
UtcTime: 2024-08-20 00:07:49.526
ProcessGuid: {ca24abc9-d648-66c3-9100-000000001d00}
ProcessId: 6396
Image: C:\Program Files\Windows Defender Advanced Threat Protection\SenseIR.exe
TargetFilename: C:\ProgramData\Microsoft\Windows Defender Advanced Threat Protection\Temp\PSScriptOutputs\PSScript_Stderr_{03370F94-CC9F-424C-9D9B-65D94A1CE1BF}.txt
CreationUtcTime: 2024-08-20 00:07:49.526
User: NT AUTHORITY\SYSTEM"
MY-CAL-WIN10.my-caldera.local,11,"File created:
RuleName: Sysmonv1514
UtcTime: 2024-08-20 00:07:49.525
ProcessGuid: {ca24abc9-d648-66c3-9100-000000001d00}
ProcessId: 6396
Image: C:\Program Files\Windows Defender Advanced Threat Protection\SenseIR.exe
TargetFilename: C:\ProgramData\Microsoft\Windows Defender Advanced Threat Protection\Temp\PSScriptOutputs\PSScript_Output_{03370F94-CC9F-424C-9D9B-65D94A1CE1BF}.txt
CreationUtcTime: 2024-08-20 00:07:49.525
User: NT AUTHORITY\SYSTEM"
MY-CAL-WIN10.my-caldera.local,11,"File created:
RuleName: Sysmonv1514
UtcTime: 2024-08-20 00:07:56.004
ProcessGuid: {ca24abc9-de55-66c3-ca01-000000001d00}
ProcessId: 7592
Image: C:\Windows\system32\WindowsPowerShell\v1.0\powershell.exe
TargetFilename: C:\Windows\ServiceProfiles\LocalService\AppData\Local\Temp\rzvf0d3m.cmdline
CreationUtcTime: 2024-08-20 00:07:56.004
User: NT AUTHORITY\LOCAL SERVICE"
MY-CAL-WIN10.my-caldera.local,11,"File created:
RuleName: DO
UtcTime: 2024-08-20 00:07:59.760
ProcessGuid: {ca24abc9-de5f-66c3-0c02-000000001d00}
ProcessId: 2300
Image: C:\Windows\System32\WindowsPowerShell\v1.0\powershell.exe
TargetFilename: C:\Users\johnny.douche\AppData\Local\Microsoft\Windows\PowerShell\StartupProfileData-NonInteractive
CreationUtcTime: 2024-03-28 01:06:06.420
User: MY-CALDERA\johnny.douche"
MY-CAL-WIN10.my-caldera.local,11,"File created:
RuleName: DO
UtcTime: 2024-08-20 00:07:55.121
ProcessGuid: {ca24abc9-de5a-66c3-da01-000000001d00}
ProcessId: 7952
Image: C:\Windows\System32\WindowsPowerShell\v1.0\powershell.exe
TargetFilename: C:\Users\johnny.douche\AppData\Local\Microsoft\Windows\PowerShell\StartupProfileData-NonInteractive
CreationUtcTime: 2024-03-28 01:06:06.420
User: MY-CALDERA\johnny.douche"
MY-CAL-WIN10.my-caldera.local,11,"File created:
RuleName: DLL
UtcTime: 2024-08-20 00:07:56.266
ProcessGuid: {ca24abc9-de5c-66c3-e801-000000001d00}
ProcessId: 3376
Image: C:\Windows\Microsoft.NET\Framework64\v4.0.30319\csc.exe
TargetFilename: C:\Windows\ServiceProfiles\LocalService\AppData\Local\Temp\rzvf0d3m.dll
CreationUtcTime: 2024-08-20 00:07:56.003
User: NT AUTHORITY\LOCAL SERVICE"
MY-CAL-WIN10.my-caldera.local,11,"File created:
RuleName: DO
UtcTime: 2024-08-20 00:07:59.153
ProcessGuid: {ca24abc9-de5e-66c3-0a02-000000001d00}
ProcessId: 4772
Image: C:\Windows\System32\WindowsPowerShell\v1.0\powershell.exe
TargetFilename: C:\Users\johnny.douche\AppData\Local\Microsoft\Windows\PowerShell\StartupProfileData-NonInteractive
CreationUtcTime: 2024-03-28 01:06:06.420
User: MY-CALDERA\johnny.douche"
MY-CAL-WIN10.my-caldera.local,11,"File created:
RuleName: DLL
UtcTime: 2024-08-20 00:07:56.003
ProcessGuid: {ca24abc9-de55-66c3-ca01-000000001d00}
ProcessId: 7592
Image: C:\Windows\system32\WindowsPowerShell\v1.0\powershell.exe
TargetFilename: C:\Windows\ServiceProfiles\LocalService\AppData\Local\Temp\rzvf0d3m.dll
CreationUtcTime: 2024-08-20 00:07:56.003
User: NT AUTHORITY\LOCAL SERVICE"
MY-CAL-WIN10.my-caldera.local,11,"File created:
RuleName: DO
UtcTime: 2024-08-20 00:07:58.510
ProcessGuid: {ca24abc9-de5e-66c3-0902-000000001d00}
ProcessId: 3556
Image: C:\Windows\System32\WindowsPowerShell\v1.0\powershell.exe
TargetFilename: C:\Users\johnny.douche\AppData\Local\Microsoft\Windows\PowerShell\StartupProfileData-NonInteractive
CreationUtcTime: 2024-03-28 01:06:06.420
User: MY-CALDERA\johnny.douche"
MY-CAL-WIN10.my-caldera.local,11,"File created:
RuleName: Sysmonv1514
UtcTime: 2024-08-20 00:07:59.384
ProcessGuid: {ca24abc9-d6b1-66c3-ba00-000000001d00}
ProcessId: 6760
Image: C:\Program Files\WinlogBeat\winlogbeat.exe
TargetFilename: C:\ProgramData\winlogbeat\.winlogbeat.yml.new
CreationUtcTime: 2024-08-19 23:44:48.401
User: NT AUTHORITY\SYSTEM"
MY-CAL-WIN10.my-caldera.local,11,"File created:
RuleName: DLL
UtcTime: 2024-08-20 00:08:08.295
ProcessGuid: {ca24abc9-de5f-66c3-0d02-000000001d00}
ProcessId: 8432
Image: C:\Windows\System32\WindowsPowerShell\v1.0\powershell.exe
TargetFilename: C:\Users\johnny.douche\AppData\Local\Temp\oxpalhev\arm64\vcruntime140_threads.dll
CreationUtcTime: 2024-08-20 00:08:08.295
User: MY-CALDERA\johnny.douche"
MY-CAL-WIN10.my-caldera.local,11,"File created:
RuleName: DO
UtcTime: 2024-08-20 00:08:08.301
ProcessGuid: {ca24abc9-de5f-66c3-0d02-000000001d00}
ProcessId: 8432
Image: C:\Windows\System32\WindowsPowerShell\v1.0\powershell.exe
TargetFilename: C:\Users\johnny.douche\AppData\Local\Temp\oxpalhev\DSInternals.DataStore.pdb
CreationUtcTime: 2024-08-20 00:08:08.301
User: MY-CALDERA\johnny.douche"
MY-CAL-WIN10.my-caldera.local,11,"File created:
RuleName: DO
UtcTime: 2024-08-20 00:08:08.307
ProcessGuid: {ca24abc9-de5f-66c3-0d02-000000001d00}
ProcessId: 8432
Image: C:\Windows\System32\WindowsPowerShell\v1.0\powershell.exe
TargetFilename: C:\Users\johnny.douche\AppData\Local\Temp\oxpalhev\en-US
CreationUtcTime: 2024-08-20 00:08:08.307
User: MY-CALDERA\johnny.douche"
MY-CAL-WIN10.my-caldera.local,11,"File created:
RuleName: DO
UtcTime: 2024-08-20 00:08:08.308
ProcessGuid: {ca24abc9-de5f-66c3-0d02-000000001d00}
ProcessId: 8432
Image: C:\Windows\System32\WindowsPowerShell\v1.0\powershell.exe
TargetFilename: C:\Users\johnny.douche\AppData\Local\Temp\oxpalhev\en-US\about_DSInternals.help.txt
CreationUtcTime: 2024-08-20 00:08:08.307
User: MY-CALDERA\johnny.douche"
MY-CAL-WIN10.my-caldera.local,11,"File created:
RuleName: DO
UtcTime: 2024-08-20 00:08:08.310
ProcessGuid: {ca24abc9-de5f-66c3-0d02-000000001d00}
ProcessId: 8432
Image: C:\Windows\System32\WindowsPowerShell\v1.0\powershell.exe
TargetFilename: C:\Users\johnny.douche\AppData\Local\Temp\oxpalhev\en-US\DSInternals.PowerShell.dll-Help.xml
CreationUtcTime: 2024-08-20 00:08:08.310
User: MY-CALDERA\johnny.douche"
MY-CAL-WIN10.my-caldera.local,11,"File created:
RuleName: DLL
UtcTime: 2024-08-20 00:08:08.315
ProcessGuid: {ca24abc9-de5f-66c3-0d02-000000001d00}
ProcessId: 8432
Image: C:\Windows\System32\WindowsPowerShell\v1.0\powershell.exe
TargetFilename: C:\Users\johnny.douche\AppData\Local\Temp\oxpalhev\DSInternals.PowerShell.dll
CreationUtcTime: 2024-08-20 00:08:08.315
User: MY-CALDERA\johnny.douche"
MY-CAL-WIN10.my-caldera.local,11,"File created:
RuleName: DO
UtcTime: 2024-08-20 00:08:08.321
ProcessGuid: {ca24abc9-de5f-66c3-0d02-000000001d00}
ProcessId: 8432
Image: C:\Windows\System32\WindowsPowerShell\v1.0\powershell.exe
TargetFilename: C:\Users\johnny.douche\AppData\Local\Temp\oxpalhev\Views
CreationUtcTime: 2024-08-20 00:08:08.321
User: MY-CALDERA\johnny.douche"
MY-CAL-WIN10.my-caldera.local,11,"File created:
RuleName: DO
UtcTime: 2024-08-20 00:08:08.323
ProcessGuid: {ca24abc9-de5f-66c3-0d02-000000001d00}
ProcessId: 8432
Image: C:\Windows\System32\WindowsPowerShell\v1.0\powershell.exe
TargetFilename: C:\Users\johnny.douche\AppData\Local\Temp\oxpalhev\Views\DSInternals.AzureADUser.format.ps1xml
CreationUtcTime: 2024-08-20 00:08:08.321
User: MY-CALDERA\johnny.douche"
MY-CAL-WIN10.my-caldera.local,11,"File created:
RuleName: DO
UtcTime: 2024-08-20 00:08:08.324
ProcessGuid: {ca24abc9-de5f-66c3-0d02-000000001d00}
ProcessId: 8432
Image: C:\Windows\System32\WindowsPowerShell\v1.0\powershell.exe
TargetFilename: C:\Users\johnny.douche\AppData\Local\Temp\oxpalhev\DSInternals.psd1
CreationUtcTime: 2024-08-20 00:08:08.323
User: MY-CALDERA\johnny.douche"
MY-CAL-WIN10.my-caldera.local,11,"File created:
RuleName: DO
UtcTime: 2024-08-20 00:08:08.326
ProcessGuid: {ca24abc9-de5f-66c3-0d02-000000001d00}
ProcessId: 8432
Image: C:\Windows\System32\WindowsPowerShell\v1.0\powershell.exe
TargetFilename: C:\Users\johnny.douche\AppData\Local\Temp\oxpalhev\Views\DSInternals.DSAccount.ExportViews.format.ps1xml
CreationUtcTime: 2024-08-20 00:08:08.326
User: MY-CALDERA\johnny.douche"
MY-CAL-WIN10.my-caldera.local,11,"File created:
RuleName: DLL
UtcTime: 2024-08-20 00:08:08.328
ProcessGuid: {ca24abc9-de5f-66c3-0d02-000000001d00}
ProcessId: 8432
Image: C:\Windows\System32\WindowsPowerShell\v1.0\powershell.exe
TargetFilename: C:\Users\johnny.douche\AppData\Local\Temp\oxpalhev\DSInternals.Replication.dll
CreationUtcTime: 2024-08-20 00:08:08.328
User: MY-CALDERA\johnny.douche"
MY-CAL-WIN10.my-caldera.local,11,"File created:
RuleName: DO
UtcTime: 2024-08-20 00:08:08.371
ProcessGuid: {ca24abc9-de5f-66c3-0d02-000000001d00}
ProcessId: 8432
Image: C:\Windows\System32\WindowsPowerShell\v1.0\powershell.exe
TargetFilename: C:\Users\johnny.douche\AppData\Local\Temp\oxpalhev\Views\DSInternals.DSAccount.format.ps1xml
CreationUtcTime: 2024-08-20 00:08:08.331
User: MY-CALDERA\johnny.douche"
MY-CAL-WIN10.my-caldera.local,11,"File created:
RuleName: DLL
UtcTime: 2024-08-20 00:08:08.372
ProcessGuid: {ca24abc9-de5f-66c3-0d02-000000001d00}
ProcessId: 8432
Image: C:\Windows\System32\WindowsPowerShell\v1.0\powershell.exe
TargetFilename: C:\Users\johnny.douche\AppData\Local\Temp\oxpalhev\DSInternals.Replication.Model.dll
CreationUtcTime: 2024-08-20 00:08:08.372
User: MY-CALDERA\johnny.douche"
MY-CAL-WIN10.my-caldera.local,11,"File created:
RuleName: DO
UtcTime: 2024-08-20 00:08:08.375
ProcessGuid: {ca24abc9-de5f-66c3-0d02-000000001d00}
ProcessId: 8432
Image: C:\Windows\System32\WindowsPowerShell\v1.0\powershell.exe
TargetFilename: C:\Users\johnny.douche\AppData\Local\Temp\oxpalhev\Views\DSInternals.FidoKeyMaterial.format.ps1xml
CreationUtcTime: 2024-08-20 00:08:08.375
User: MY-CALDERA\johnny.douche"
MY-CAL-WIN10.my-caldera.local,11,"File created:
RuleName: DLL
UtcTime: 2024-08-20 00:08:08.383
ProcessGuid: {ca24abc9-de5f-66c3-0d02-000000001d00}
ProcessId: 8432
Image: C:\Windows\System32\WindowsPowerShell\v1.0\powershell.exe
TargetFilename: C:\Users\johnny.douche\AppData\Local\Temp\oxpalhev\DSInternals.SAM.dll
CreationUtcTime: 2024-08-20 00:08:08.382
User: MY-CALDERA\johnny.douche"
MY-CAL-WIN10.my-caldera.local,11,"File created:
RuleName: DO
UtcTime: 2024-08-20 00:08:08.386
ProcessGuid: {ca24abc9-de5f-66c3-0d02-000000001d00}
ProcessId: 8432
Image: C:\Windows\System32\WindowsPowerShell\v1.0\powershell.exe
TargetFilename: C:\Users\johnny.douche\AppData\Local\Temp\oxpalhev\Views\DSInternals.GroupManagedServiceAccount.format.ps1xml
CreationUtcTime: 2024-08-20 00:08:08.385
User: MY-CALDERA\johnny.douche"
MY-CAL-WIN10.my-caldera.local,11,"File created:
RuleName: DO
UtcTime: 2024-08-20 00:08:08.387
ProcessGuid: {ca24abc9-de5f-66c3-0d02-000000001d00}
ProcessId: 8432
Image: C:\Windows\System32\WindowsPowerShell\v1.0\powershell.exe
TargetFilename: C:\Users\johnny.douche\AppData\Local\Temp\oxpalhev\DSInternals.types.ps1xml
CreationUtcTime: 2024-08-20 00:08:08.387
User: MY-CALDERA\johnny.douche"
MY-CAL-WIN10.my-caldera.local,11,"File created:
RuleName: DO
UtcTime: 2024-08-20 00:08:08.389
ProcessGuid: {ca24abc9-de5f-66c3-0d02-000000001d00}
ProcessId: 8432
Image: C:\Windows\System32\WindowsPowerShell\v1.0\powershell.exe
TargetFilename: C:\Users\johnny.douche\AppData\Local\Temp\oxpalhev\Views\DSInternals.Hash.format.ps1xml
CreationUtcTime: 2024-08-20 00:08:08.389
User: MY-CALDERA\johnny.douche"
MY-CAL-WIN10.my-caldera.local,11,"File created:
RuleName: DLL
UtcTime: 2024-08-20 00:08:08.391
ProcessGuid: {ca24abc9-de5f-66c3-0d02-000000001d00}
ProcessId: 8432
Image: C:\Windows\System32\WindowsPowerShell\v1.0\powershell.exe
TargetFilename: C:\Users\johnny.douche\AppData\Local\Temp\oxpalhev\Esent.Interop.dll
CreationUtcTime: 2024-08-20 00:08:08.390
User: MY-CALDERA\johnny.douche"
MY-CAL-WIN10.my-caldera.local,11,"File created:
RuleName: DO
UtcTime: 2024-08-20 00:08:08.405
ProcessGuid: {ca24abc9-de5f-66c3-0d02-000000001d00}
ProcessId: 8432
Image: C:\Windows\System32\WindowsPowerShell\v1.0\powershell.exe
TargetFilename: C:\Users\johnny.douche\AppData\Local\Temp\oxpalhev\Views\DSInternals.KdsRootKey.format.ps1xml
CreationUtcTime: 2024-08-20 00:08:08.405
User: MY-CALDERA\johnny.douche"
MY-CAL-WIN10.my-caldera.local,11,"File created:
RuleName: DLL
UtcTime: 2024-08-20 00:08:08.406
ProcessGuid: {ca24abc9-de5f-66c3-0d02-000000001d00}
ProcessId: 8432
Image: C:\Windows\System32\WindowsPowerShell\v1.0\powershell.exe
TargetFilename: C:\Users\johnny.douche\AppData\Local\Temp\oxpalhev\Esent.Isam.dll
CreationUtcTime: 2024-08-20 00:08:08.406
User: MY-CALDERA\johnny.douche"
MY-CAL-WIN10.my-caldera.local,11,"File created:
RuleName: DO
UtcTime: 2024-08-20 00:08:08.413
ProcessGuid: {ca24abc9-de5f-66c3-0d02-000000001d00}
ProcessId: 8432
Image: C:\Windows\System32\WindowsPowerShell\v1.0\powershell.exe
TargetFilename: C:\Users\johnny.douche\AppData\Local\Temp\oxpalhev\Views\DSInternals.Kerberos.format.ps1xml
CreationUtcTime: 2024-08-20 00:08:08.413
User: MY-CALDERA\johnny.douche"
MY-CAL-WIN10.my-caldera.local,11,"File created:
RuleName: DO
UtcTime: 2024-08-20 00:08:08.414
ProcessGuid: {ca24abc9-de5f-66c3-0d02-000000001d00}
ProcessId: 8432
Image: C:\Windows\System32\WindowsPowerShell\v1.0\powershell.exe
TargetFilename: C:\Users\johnny.douche\AppData\Local\Temp\oxpalhev\License.txt
CreationUtcTime: 2024-08-20 00:08:08.414
User: MY-CALDERA\johnny.douche"
MY-CAL-WIN10.my-caldera.local,11,"File created:
RuleName: DO
UtcTime: 2024-08-20 00:08:08.416
ProcessGuid: {ca24abc9-de5f-66c3-0d02-000000001d00}
ProcessId: 8432
Image: C:\Windows\System32\WindowsPowerShell\v1.0\powershell.exe
TargetFilename: C:\Users\johnny.douche\AppData\Local\Temp\oxpalhev\Views\DSInternals.KeyCredential.format.ps1xml
CreationUtcTime: 2024-08-20 00:08:08.416
User: MY-CALDERA\johnny.douche"
MY-CAL-WIN10.my-caldera.local,11,"File created:
RuleName: DLL
UtcTime: 2024-08-20 00:08:08.420
ProcessGuid: {ca24abc9-de5f-66c3-0d02-000000001d00}
ProcessId: 8432
Image: C:\Windows\System32\WindowsPowerShell\v1.0\powershell.exe
TargetFilename: C:\Users\johnny.douche\AppData\Local\Temp\oxpalhev\NDceRpc.Microsoft.dll
CreationUtcTime: 2024-08-20 00:08:08.417
User: MY-CALDERA\johnny.douche"
MY-CAL-WIN10.my-caldera.local,11,"File created:
RuleName: DO
UtcTime: 2024-08-20 00:08:08.423
ProcessGuid: {ca24abc9-de5f-66c3-0d02-000000001d00}
ProcessId: 8432
Image: C:\Windows\System32\WindowsPowerShell\v1.0\powershell.exe
TargetFilename: C:\Users\johnny.douche\AppData\Local\Temp\oxpalhev\Views\DSInternals.LsaPolicyInformation.format.ps1xml
CreationUtcTime: 2024-08-20 00:08:08.423
User: MY-CALDERA\johnny.douche"
MY-CAL-WIN10.my-caldera.local,11,"File created:
RuleName: DLL
UtcTime: 2024-08-20 00:08:08.425
ProcessGuid: {ca24abc9-de5f-66c3-0d02-000000001d00}
ProcessId: 8432
Image: C:\Windows\System32\WindowsPowerShell\v1.0\powershell.exe
TargetFilename: C:\Users\johnny.douche\AppData\Local\Temp\oxpalhev\Newtonsoft.Json.dll
CreationUtcTime: 2024-08-20 00:08:08.425
User: MY-CALDERA\johnny.douche"
MY-CAL-WIN10.my-caldera.local,11,"File created:
RuleName: DO
UtcTime: 2024-08-20 00:08:08.451
ProcessGuid: {ca24abc9-de5f-66c3-0d02-000000001d00}
ProcessId: 8432
Image: C:\Windows\System32\WindowsPowerShell\v1.0\powershell.exe
TargetFilename: C:\Users\johnny.douche\AppData\Local\Temp\oxpalhev\Views\DSInternals.PasswordQualityTestResult.format.ps1xml
CreationUtcTime: 2024-08-20 00:08:08.451
User: MY-CALDERA\johnny.douche"
MY-CAL-WIN10.my-caldera.local,11,"File created:
RuleName: DLL
UtcTime: 2024-08-20 00:08:08.452
ProcessGuid: {ca24abc9-de5f-66c3-0d02-000000001d00}
ProcessId: 8432
Image: C:\Windows\System32\WindowsPowerShell\v1.0\powershell.exe
TargetFilename: C:\Users\johnny.douche\AppData\Local\Temp\oxpalhev\Numbers.dll
CreationUtcTime: 2024-08-20 00:08:08.452
User: MY-CALDERA\johnny.douche"
MY-CAL-WIN10.my-caldera.local,11,"File created:
RuleName: DO
UtcTime: 2024-08-20 00:08:08.465
ProcessGuid: {ca24abc9-de5f-66c3-0d02-000000001d00}
ProcessId: 8432
Image: C:\Windows\System32\WindowsPowerShell\v1.0\powershell.exe
TargetFilename: C:\Users\johnny.douche\AppData\Local\Temp\oxpalhev\Views\DSInternals.RoamedCredential.format.ps1xml
CreationUtcTime: 2024-08-20 00:08:08.465
User: MY-CALDERA\johnny.douche"
MY-CAL-WIN10.my-caldera.local,11,"File created:
RuleName: DO
UtcTime: 2024-08-20 00:08:08.468
ProcessGuid: {ca24abc9-de5f-66c3-0d02-000000001d00}
ProcessId: 8432
Image: C:\Windows\System32\WindowsPowerShell\v1.0\powershell.exe
TargetFilename: C:\Users\johnny.douche\AppData\Local\Temp\oxpalhev\amd64
CreationUtcTime: 2024-08-20 00:08:08.468
User: MY-CALDERA\johnny.douche"
MY-CAL-WIN10.my-caldera.local,11,"File created:
RuleName: DLL
UtcTime: 2024-08-20 00:08:08.469
ProcessGuid: {ca24abc9-de5f-66c3-0d02-000000001d00}
ProcessId: 8432
Image: C:\Windows\System32\WindowsPowerShell\v1.0\powershell.exe
TargetFilename: C:\Users\johnny.douche\AppData\Local\Temp\oxpalhev\amd64\DSInternals.Replication.Interop.dll
CreationUtcTime: 2024-08-20 00:08:08.469
User: MY-CALDERA\johnny.douche"
MY-CAL-WIN10.my-caldera.local,11,"File created:
RuleName: DO
UtcTime: 2024-08-20 00:08:08.477
ProcessGuid: {ca24abc9-de5f-66c3-0d02-000000001d00}
ProcessId: 8432
Image: C:\Windows\System32\WindowsPowerShell\v1.0\powershell.exe
TargetFilename: C:\Users\johnny.douche\AppData\Local\Temp\oxpalhev\Views\DSInternals.SamDomainPasswordInformation.format.ps1xml
CreationUtcTime: 2024-08-20 00:08:08.477
User: MY-CALDERA\johnny.douche"
MY-CAL-WIN10.my-caldera.local,11,"File created:
RuleName: DLL
UtcTime: 2024-08-20 00:08:08.479
ProcessGuid: {ca24abc9-de5f-66c3-0d02-000000001d00}
ProcessId: 8432
Image: C:\Windows\System32\WindowsPowerShell\v1.0\powershell.exe
TargetFilename: C:\Users\johnny.douche\AppData\Local\Temp\oxpalhev\amd64\msvcp140.dll
CreationUtcTime: 2024-08-20 00:08:08.479
User: MY-CALDERA\johnny.douche"
MY-CAL-WIN10.my-caldera.local,11,"File created:
RuleName: DO
UtcTime: 2024-08-20 00:08:08.501
ProcessGuid: {ca24abc9-de5f-66c3-0d02-000000001d00}
ProcessId: 8432
Image: C:\Windows\System32\WindowsPowerShell\v1.0\powershell.exe
TargetFilename: C:\Users\johnny.douche\AppData\Local\Temp\oxpalhev\x86
CreationUtcTime: 2024-08-20 00:08:08.501
User: MY-CALDERA\johnny.douche"
MY-CAL-WIN10.my-caldera.local,11,"File created:
RuleName: DLL
UtcTime: 2024-08-20 00:08:08.503
ProcessGuid: {ca24abc9-de5f-66c3-0d02-000000001d00}
ProcessId: 8432
Image: C:\Windows\System32\WindowsPowerShell\v1.0\powershell.exe
TargetFilename: C:\Users\johnny.douche\AppData\Local\Temp\oxpalhev\x86\DSInternals.Replication.Interop.dll
CreationUtcTime: 2024-08-20 00:08:08.503
User: MY-CALDERA\johnny.douche"
MY-CAL-WIN10.my-caldera.local,11,"File created:
RuleName: DLL
UtcTime: 2024-08-20 00:08:08.510
ProcessGuid: {ca24abc9-de5f-66c3-0d02-000000001d00}
ProcessId: 8432
Image: C:\Windows\System32\WindowsPowerShell\v1.0\powershell.exe
TargetFilename: C:\Users\johnny.douche\AppData\Local\Temp\oxpalhev\amd64\vcruntime140.dll
CreationUtcTime: 2024-08-20 00:08:08.510
User: MY-CALDERA\johnny.douche"
MY-CAL-WIN10.my-caldera.local,11,"File created:
RuleName: DLL
UtcTime: 2024-08-20 00:08:08.518
ProcessGuid: {ca24abc9-de5f-66c3-0d02-000000001d00}
ProcessId: 8432
Image: C:\Windows\System32\WindowsPowerShell\v1.0\powershell.exe
TargetFilename: C:\Users\johnny.douche\AppData\Local\Temp\oxpalhev\x86\msvcp140.dll
CreationUtcTime: 2024-08-20 00:08:08.518
User: MY-CALDERA\johnny.douche"
MY-CAL-WIN10.my-caldera.local,11,"File created:
RuleName: DLL
UtcTime: 2024-08-20 00:08:08.569
ProcessGuid: {ca24abc9-de5f-66c3-0d02-000000001d00}
ProcessId: 8432
Image: C:\Windows\System32\WindowsPowerShell\v1.0\powershell.exe
TargetFilename: C:\Users\johnny.douche\AppData\Local\Temp\oxpalhev\amd64\vcruntime140_1.dll
CreationUtcTime: 2024-08-20 00:08:08.538
User: MY-CALDERA\johnny.douche"
MY-CAL-WIN10.my-caldera.local,11,"File created:
RuleName: DLL
UtcTime: 2024-08-20 00:08:08.575
ProcessGuid: {ca24abc9-de5f-66c3-0d02-000000001d00}
ProcessId: 8432
Image: C:\Windows\System32\WindowsPowerShell\v1.0\powershell.exe
TargetFilename: C:\Users\johnny.douche\AppData\Local\Temp\oxpalhev\x86\vcruntime140.dll
CreationUtcTime: 2024-08-20 00:08:08.574
User: MY-CALDERA\johnny.douche"
MY-CAL-WIN10.my-caldera.local,11,"File created:
RuleName: DLL
UtcTime: 2024-08-20 00:08:08.581
ProcessGuid: {ca24abc9-de5f-66c3-0d02-000000001d00}
ProcessId: 8432
Image: C:\Windows\System32\WindowsPowerShell\v1.0\powershell.exe
TargetFilename: C:\Users\johnny.douche\AppData\Local\Temp\oxpalhev\amd64\vcruntime140_threads.dll
CreationUtcTime: 2024-08-20 00:08:08.580
User: MY-CALDERA\johnny.douche"
MY-CAL-WIN10.my-caldera.local,11,"File created:
RuleName: DLL
UtcTime: 2024-08-20 00:08:08.588
ProcessGuid: {ca24abc9-de5f-66c3-0d02-000000001d00}
ProcessId: 8432
Image: C:\Windows\System32\WindowsPowerShell\v1.0\powershell.exe
TargetFilename: C:\Users\johnny.douche\AppData\Local\Temp\oxpalhev\x86\vcruntime140_threads.dll
CreationUtcTime: 2024-08-20 00:08:08.585
User: MY-CALDERA\johnny.douche"
MY-CAL-WIN10.my-caldera.local,11,"File created:
RuleName: DO
UtcTime: 2024-08-20 00:08:08.593
ProcessGuid: {ca24abc9-de5f-66c3-0d02-000000001d00}
ProcessId: 8432
Image: C:\Windows\System32\WindowsPowerShell\v1.0\powershell.exe
TargetFilename: C:\Users\johnny.douche\AppData\Local\Temp\oxpalhev\[Content_Types].xml
CreationUtcTime: 2024-08-20 00:08:08.593
User: MY-CALDERA\johnny.douche"
MY-CAL-WIN10.my-caldera.local,11,"File created:
RuleName: DO
UtcTime: 2024-08-20 00:08:08.596
ProcessGuid: {ca24abc9-de5f-66c3-0d02-000000001d00}
ProcessId: 8432
Image: C:\Windows\System32\WindowsPowerShell\v1.0\powershell.exe
TargetFilename: C:\Users\johnny.douche\AppData\Local\Temp\oxpalhev\package
CreationUtcTime: 2024-08-20 00:08:08.595
User: MY-CALDERA\johnny.douche"
MY-CAL-WIN10.my-caldera.local,11,"File created:
RuleName: DO
UtcTime: 2024-08-20 00:08:08.596
ProcessGuid: {ca24abc9-de5f-66c3-0d02-000000001d00}
ProcessId: 8432
Image: C:\Windows\System32\WindowsPowerShell\v1.0\powershell.exe
TargetFilename: C:\Users\johnny.douche\AppData\Local\Temp\oxpalhev\package\services
CreationUtcTime: 2024-08-20 00:08:08.596
User: MY-CALDERA\johnny.douche"
MY-CAL-WIN10.my-caldera.local,11,"File created:
RuleName: DO
UtcTime: 2024-08-20 00:08:08.597
ProcessGuid: {ca24abc9-de5f-66c3-0d02-000000001d00}
ProcessId: 8432
Image: C:\Windows\System32\WindowsPowerShell\v1.0\powershell.exe
TargetFilename: C:\Users\johnny.douche\AppData\Local\Temp\oxpalhev\package\services\metadata
CreationUtcTime: 2024-08-20 00:08:08.597
User: MY-CALDERA\johnny.douche"
MY-CAL-WIN10.my-caldera.local,11,"File created:
RuleName: DO
UtcTime: 2024-08-20 00:08:08.598
ProcessGuid: {ca24abc9-de5f-66c3-0d02-000000001d00}
ProcessId: 8432
Image: C:\Windows\System32\WindowsPowerShell\v1.0\powershell.exe
TargetFilename: C:\Users\johnny.douche\AppData\Local\Temp\oxpalhev\package\services\metadata\core-properties
CreationUtcTime: 2024-08-20 00:08:08.597
User: MY-CALDERA\johnny.douche"
MY-CAL-WIN10.my-caldera.local,11,"File created:
RuleName: DLL
UtcTime: 2024-08-20 00:08:08.658
ProcessGuid: {ca24abc9-de5f-66c3-0d02-000000001d00}
ProcessId: 8432
Image: C:\Windows\System32\WindowsPowerShell\v1.0\powershell.exe
TargetFilename: C:\Users\johnny.douche\AppData\Local\Temp\534973543\DSInternals\DSInternals.Common.dll
CreationUtcTime: 2024-08-20 00:08:08.657
User: MY-CALDERA\johnny.douche"
MY-CAL-WIN10.my-caldera.local,11,"File created:
RuleName: DLL
UtcTime: 2024-08-20 00:08:08.692
ProcessGuid: {ca24abc9-de5f-66c3-0d02-000000001d00}
ProcessId: 8432
Image: C:\Windows\System32\WindowsPowerShell\v1.0\powershell.exe
TargetFilename: C:\Users\johnny.douche\AppData\Local\Temp\534973543\DSInternals\DSInternals.Replication.Model.dll
CreationUtcTime: 2024-08-20 00:08:08.692
User: MY-CALDERA\johnny.douche"
MY-CAL-WIN10.my-caldera.local,11,"File created:
RuleName: DLL
UtcTime: 2024-08-20 00:08:08.732
ProcessGuid: {ca24abc9-de5f-66c3-0d02-000000001d00}
ProcessId: 8432
Image: C:\Windows\System32\WindowsPowerShell\v1.0\powershell.exe
TargetFilename: C:\Users\johnny.douche\AppData\Local\Temp\534973543\DSInternals\NDceRpc.Microsoft.dll
CreationUtcTime: 2024-08-20 00:08:08.720
User: MY-CALDERA\johnny.douche"
MY-CAL-WIN10.my-caldera.local,11,"File created:
RuleName: DLL
UtcTime: 2024-08-20 00:08:08.736
ProcessGuid: {ca24abc9-de5f-66c3-0d02-000000001d00}
ProcessId: 8432
Image: C:\Windows\System32\WindowsPowerShell\v1.0\powershell.exe
TargetFilename: C:\Users\johnny.douche\AppData\Local\Temp\534973543\DSInternals\Newtonsoft.Json.dll
CreationUtcTime: 2024-08-20 00:08:08.736
User: MY-CALDERA\johnny.douche"
MY-CAL-WIN10.my-caldera.local,11,"File created:
RuleName: DLL
UtcTime: 2024-08-20 00:08:08.753
ProcessGuid: {ca24abc9-de5f-66c3-0d02-000000001d00}
ProcessId: 8432
Image: C:\Windows\System32\WindowsPowerShell\v1.0\powershell.exe
TargetFilename: C:\Users\johnny.douche\AppData\Local\Temp\534973543\DSInternals\Numbers.dll
CreationUtcTime: 2024-08-20 00:08:08.753
User: MY-CALDERA\johnny.douche"
MY-CAL-WIN10.my-caldera.local,11,"File created:
RuleName: DO
UtcTime: 2024-08-20 00:08:08.762
ProcessGuid: {ca24abc9-de5f-66c3-0d02-000000001d00}
ProcessId: 8432
Image: C:\Windows\System32\WindowsPowerShell\v1.0\powershell.exe
TargetFilename: C:\Users\johnny.douche\AppData\Local\Temp\534973543\DSInternals\amd64
CreationUtcTime: 2024-08-20 00:08:08.762
User: MY-CALDERA\johnny.douche"
MY-CAL-WIN10.my-caldera.local,11,"File created:
RuleName: DLL
UtcTime: 2024-08-20 00:08:08.764
ProcessGuid: {ca24abc9-de5f-66c3-0d02-000000001d00}
ProcessId: 8432
Image: C:\Windows\System32\WindowsPowerShell\v1.0\powershell.exe
TargetFilename: C:\Users\johnny.douche\AppData\Local\Temp\534973543\DSInternals\amd64\DSInternals.Replication.Interop.dll
CreationUtcTime: 2024-08-20 00:08:08.764
User: MY-CALDERA\johnny.douche"
MY-CAL-WIN10.my-caldera.local,11,"File created:
RuleName: DLL
UtcTime: 2024-08-20 00:08:08.771
ProcessGuid: {ca24abc9-de5f-66c3-0d02-000000001d00}
ProcessId: 8432
Image: C:\Windows\System32\WindowsPowerShell\v1.0\powershell.exe
TargetFilename: C:\Users\johnny.douche\AppData\Local\Temp\534973543\DSInternals\amd64\msvcp140.dll
CreationUtcTime: 2024-08-20 00:08:08.771
User: MY-CALDERA\johnny.douche"
MY-CAL-WIN10.my-caldera.local,11,"File created:
RuleName: DLL
UtcTime: 2024-08-20 00:08:08.787
ProcessGuid: {ca24abc9-de5f-66c3-0d02-000000001d00}
ProcessId: 8432
Image: C:\Windows\System32\WindowsPowerShell\v1.0\powershell.exe
TargetFilename: C:\Users\johnny.douche\AppData\Local\Temp\534973543\DSInternals\amd64\vcruntime140.dll
CreationUtcTime: 2024-08-20 00:08:08.787
User: MY-CALDERA\johnny.douche"
MY-CAL-WIN10.my-caldera.local,11,"File created:
RuleName: DLL
UtcTime: 2024-08-20 00:08:08.794
ProcessGuid: {ca24abc9-de5f-66c3-0d02-000000001d00}
ProcessId: 8432
Image: C:\Windows\System32\WindowsPowerShell\v1.0\powershell.exe
TargetFilename: C:\Users\johnny.douche\AppData\Local\Temp\534973543\DSInternals\amd64\vcruntime140_1.dll
CreationUtcTime: 2024-08-20 00:08:08.792
User: MY-CALDERA\johnny.douche"
MY-CAL-WIN10.my-caldera.local,11,"File created:
RuleName: DLL
UtcTime: 2024-08-20 00:08:08.799
ProcessGuid: {ca24abc9-de5f-66c3-0d02-000000001d00}
ProcessId: 8432
Image: C:\Windows\System32\WindowsPowerShell\v1.0\powershell.exe
TargetFilename: C:\Users\johnny.douche\AppData\Local\Temp\534973543\DSInternals\amd64\vcruntime140_threads.dll
CreationUtcTime: 2024-08-20 00:08:08.797
User: MY-CALDERA\johnny.douche"
MY-CAL-WIN10.my-caldera.local,11,"File created:
RuleName: DLL
UtcTime: 2024-08-20 00:08:08.632
ProcessGuid: {ca24abc9-de5f-66c3-0d02-000000001d00}
ProcessId: 8432
Image: C:\Windows\System32\WindowsPowerShell\v1.0\powershell.exe
TargetFilename: C:\Users\johnny.douche\AppData\Local\Temp\534973543\DSInternals\CBOR.dll
CreationUtcTime: 2024-08-20 00:08:08.632
User: MY-CALDERA\johnny.douche"
MY-CAL-WIN10.my-caldera.local,11,"File created:
RuleName: DLL
UtcTime: 2024-08-20 00:08:08.695
ProcessGuid: {ca24abc9-de5f-66c3-0d02-000000001d00}
ProcessId: 8432
Image: C:\Windows\System32\WindowsPowerShell\v1.0\powershell.exe
TargetFilename: C:\Users\johnny.douche\AppData\Local\Temp\534973543\DSInternals\DSInternals.SAM.dll
CreationUtcTime: 2024-08-20 00:08:08.695
User: MY-CALDERA\johnny.douche"
MY-CAL-WIN10.my-caldera.local,11,"File created:
RuleName: DO
UtcTime: 2024-08-20 00:08:06.739
ProcessGuid: {ca24abc9-de5f-66c3-0d02-000000001d00}
ProcessId: 8432
Image: C:\Windows\System32\WindowsPowerShell\v1.0\powershell.exe
TargetFilename: C:\Users\johnny.douche\AppData\Local\Temp\534973543
CreationUtcTime: 2024-08-20 00:08:06.739
User: MY-CALDERA\johnny.douche"
MY-CAL-WIN10.my-caldera.local,11,"File created:
RuleName: DO
UtcTime: 2024-08-20 00:08:07.445
ProcessGuid: {ca24abc9-de5f-66c3-0d02-000000001d00}
ProcessId: 8432
Image: C:\Windows\System32\WindowsPowerShell\v1.0\powershell.exe
TargetFilename: C:\Users\johnny.douche\AppData\Local\Temp\534973543\DSInternals
CreationUtcTime: 2024-08-20 00:08:07.444
User: MY-CALDERA\johnny.douche"
MY-CAL-WIN10.my-caldera.local,11,"File created:
RuleName: DO
UtcTime: 2024-08-20 00:08:07.800
ProcessGuid: {ca24abc9-de5f-66c3-0d02-000000001d00}
ProcessId: 8432
Image: C:\Windows\System32\WindowsPowerShell\v1.0\powershell.exe
TargetFilename: C:\Users\johnny.douche\AppData\Local\Temp\534973543\DSInternals\DSInternals.nupkg
CreationUtcTime: 2024-08-20 00:08:07.800
User: MY-CALDERA\johnny.douche"
MY-CAL-WIN10.my-caldera.local,11,"File created:
RuleName: DO
UtcTime: 2024-08-20 00:08:08.118
ProcessGuid: {ca24abc9-de5f-66c3-0d02-000000001d00}
ProcessId: 8432
Image: C:\Windows\System32\WindowsPowerShell\v1.0\powershell.exe
TargetFilename: C:\Users\johnny.douche\AppData\Local\Temp\oxpalhev.nupkg
CreationUtcTime: 2024-08-20 00:08:08.118
User: MY-CALDERA\johnny.douche"
MY-CAL-WIN10.my-caldera.local,11,"File created:
RuleName: DO
UtcTime: 2024-08-20 00:08:08.146
ProcessGuid: {ca24abc9-de5f-66c3-0d02-000000001d00}
ProcessId: 8432
Image: C:\Windows\System32\WindowsPowerShell\v1.0\powershell.exe
TargetFilename: C:\Users\johnny.douche\AppData\Local\Temp\oxpalhev
CreationUtcTime: 2024-08-20 00:08:08.146
User: MY-CALDERA\johnny.douche"
MY-CAL-WIN10.my-caldera.local,11,"File created:
RuleName: DO
UtcTime: 2024-08-20 00:08:08.162
ProcessGuid: {ca24abc9-de5f-66c3-0d02-000000001d00}
ProcessId: 8432
Image: C:\Windows\System32\WindowsPowerShell\v1.0\powershell.exe
TargetFilename: C:\Users\johnny.douche\AppData\Local\Temp\oxpalhev\_rels
CreationUtcTime: 2024-08-20 00:08:08.162
User: MY-CALDERA\johnny.douche"
MY-CAL-WIN10.my-caldera.local,11,"File created:
RuleName: DO
UtcTime: 2024-08-20 00:08:08.164
ProcessGuid: {ca24abc9-de5f-66c3-0d02-000000001d00}
ProcessId: 8432
Image: C:\Windows\System32\WindowsPowerShell\v1.0\powershell.exe
TargetFilename: C:\Users\johnny.douche\AppData\Local\Temp\oxpalhev\_rels\.rels
CreationUtcTime: 2024-08-20 00:08:08.164
User: MY-CALDERA\johnny.douche"
MY-CAL-WIN10.my-caldera.local,11,"File created:
RuleName: DO
UtcTime: 2024-08-20 00:08:08.170
ProcessGuid: {ca24abc9-de5f-66c3-0d02-000000001d00}
ProcessId: 8432
Image: C:\Windows\System32\WindowsPowerShell\v1.0\powershell.exe
TargetFilename: C:\Users\johnny.douche\AppData\Local\Temp\oxpalhev\DSInternals.nuspec
CreationUtcTime: 2024-08-20 00:08:08.169
User: MY-CALDERA\johnny.douche"
MY-CAL-WIN10.my-caldera.local,11,"File created:
RuleName: DLL
UtcTime: 2024-08-20 00:08:08.173
ProcessGuid: {ca24abc9-de5f-66c3-0d02-000000001d00}
ProcessId: 8432
Image: C:\Windows\System32\WindowsPowerShell\v1.0\powershell.exe
TargetFilename: C:\Users\johnny.douche\AppData\Local\Temp\oxpalhev\AutoMapper.dll
CreationUtcTime: 2024-08-20 00:08:08.172
User: MY-CALDERA\johnny.douche"
MY-CAL-WIN10.my-caldera.local,11,"File created:
RuleName: DO
UtcTime: 2024-08-20 00:08:08.599
ProcessGuid: {ca24abc9-de5f-66c3-0d02-000000001d00}
ProcessId: 8432
Image: C:\Windows\System32\WindowsPowerShell\v1.0\powershell.exe
TargetFilename: C:\Users\johnny.douche\AppData\Local\Temp\oxpalhev\package\services\metadata\core-properties\e42ec7420aaa4c9aa8bba264b3d503b2.psmdcp
CreationUtcTime: 2024-08-20 00:08:08.598
User: MY-CALDERA\johnny.douche"
MY-CAL-WIN10.my-caldera.local,11,"File created:
RuleName: DLL
UtcTime: 2024-08-20 00:08:08.621
ProcessGuid: {ca24abc9-de5f-66c3-0d02-000000001d00}
ProcessId: 8432
Image: C:\Windows\System32\WindowsPowerShell\v1.0\powershell.exe
TargetFilename: C:\Users\johnny.douche\AppData\Local\Temp\534973543\DSInternals\AutoMapper.dll
CreationUtcTime: 2024-08-20 00:08:08.621
User: MY-CALDERA\johnny.douche"
MY-CAL-WIN10.my-caldera.local,11,"File created:
RuleName: DLL
UtcTime: 2024-08-20 00:08:08.681
ProcessGuid: {ca24abc9-de5f-66c3-0d02-000000001d00}
ProcessId: 8432
Image: C:\Windows\System32\WindowsPowerShell\v1.0\powershell.exe
TargetFilename: C:\Users\johnny.douche\AppData\Local\Temp\534973543\DSInternals\DSInternals.PowerShell.dll
CreationUtcTime: 2024-08-20 00:08:08.681
User: MY-CALDERA\johnny.douche"
MY-CAL-WIN10.my-caldera.local,11,"File created:
RuleName: DLL
UtcTime: 2024-08-20 00:08:08.671
ProcessGuid: {ca24abc9-de5f-66c3-0d02-000000001d00}
ProcessId: 8432
Image: C:\Windows\System32\WindowsPowerShell\v1.0\powershell.exe
TargetFilename: C:\Users\johnny.douche\AppData\Local\Temp\534973543\DSInternals\DSInternals.DataStore.dll
CreationUtcTime: 2024-08-20 00:08:08.671
User: MY-CALDERA\johnny.douche"
MY-CAL-WIN10.my-caldera.local,11,"File created:
RuleName: DO
UtcTime: 2024-08-20 00:08:08.687
ProcessGuid: {ca24abc9-de5f-66c3-0d02-000000001d00}
ProcessId: 8432
Image: C:\Windows\System32\WindowsPowerShell\v1.0\powershell.exe
TargetFilename: C:\Users\johnny.douche\AppData\Local\Temp\534973543\DSInternals\DSInternals.psd1
CreationUtcTime: 2024-08-20 00:08:08.687
User: MY-CALDERA\johnny.douche"
MY-CAL-WIN10.my-caldera.local,11,"File created:
RuleName: DO
UtcTime: 2024-08-20 00:08:08.677
ProcessGuid: {ca24abc9-de5f-66c3-0d02-000000001d00}
ProcessId: 8432
Image: C:\Windows\System32\WindowsPowerShell\v1.0\powershell.exe
TargetFilename: C:\Users\johnny.douche\AppData\Local\Temp\534973543\DSInternals\DSInternals.DataStore.pdb
CreationUtcTime: 2024-08-20 00:08:08.676
User: MY-CALDERA\johnny.douche"
MY-CAL-WIN10.my-caldera.local,11,"File created:
RuleName: DO
UtcTime: 2024-08-20 00:08:08.186
ProcessGuid: {ca24abc9-de5f-66c3-0d02-000000001d00}
ProcessId: 8432
Image: C:\Windows\System32\WindowsPowerShell\v1.0\powershell.exe
TargetFilename: C:\Users\johnny.douche\AppData\Local\Temp\oxpalhev\arm64
CreationUtcTime: 2024-08-20 00:08:08.186
User: MY-CALDERA\johnny.douche"
MY-CAL-WIN10.my-caldera.local,11,"File created:
RuleName: DLL
UtcTime: 2024-08-20 00:08:08.187
ProcessGuid: {ca24abc9-de5f-66c3-0d02-000000001d00}
ProcessId: 8432
Image: C:\Windows\System32\WindowsPowerShell\v1.0\powershell.exe
TargetFilename: C:\Users\johnny.douche\AppData\Local\Temp\oxpalhev\arm64\DSInternals.Replication.Interop.dll
CreationUtcTime: 2024-08-20 00:08:08.187
User: MY-CALDERA\johnny.douche"
MY-CAL-WIN10.my-caldera.local,11,"File created:
RuleName: DLL
UtcTime: 2024-08-20 00:08:08.198
ProcessGuid: {ca24abc9-de5f-66c3-0d02-000000001d00}
ProcessId: 8432
Image: C:\Windows\System32\WindowsPowerShell\v1.0\powershell.exe
TargetFilename: C:\Users\johnny.douche\AppData\Local\Temp\oxpalhev\CBOR.dll
CreationUtcTime: 2024-08-20 00:08:08.195
User: MY-CALDERA\johnny.douche"
MY-CAL-WIN10.my-caldera.local,11,"File created:
RuleName: DLL
UtcTime: 2024-08-20 00:08:08.208
ProcessGuid: {ca24abc9-de5f-66c3-0d02-000000001d00}
ProcessId: 8432
Image: C:\Windows\System32\WindowsPowerShell\v1.0\powershell.exe
TargetFilename: C:\Users\johnny.douche\AppData\Local\Temp\oxpalhev\arm64\msvcp140.dll
CreationUtcTime: 2024-08-20 00:08:08.208
User: MY-CALDERA\johnny.douche"
MY-CAL-WIN10.my-caldera.local,11,"File created:
RuleName: DO
UtcTime: 2024-08-20 00:08:08.258
ProcessGuid: {ca24abc9-de5f-66c3-0d02-000000001d00}
ProcessId: 8432
Image: C:\Windows\System32\WindowsPowerShell\v1.0\powershell.exe
TargetFilename: C:\Users\johnny.douche\AppData\Local\Temp\oxpalhev\DSInternals.Bootstrap.psm1
CreationUtcTime: 2024-08-20 00:08:08.258
User: MY-CALDERA\johnny.douche"
MY-CAL-WIN10.my-caldera.local,11,"File created:
RuleName: DLL
UtcTime: 2024-08-20 00:08:08.260
ProcessGuid: {ca24abc9-de5f-66c3-0d02-000000001d00}
ProcessId: 8432
Image: C:\Windows\System32\WindowsPowerShell\v1.0\powershell.exe
TargetFilename: C:\Users\johnny.douche\AppData\Local\Temp\oxpalhev\arm64\vcruntime140.dll
CreationUtcTime: 2024-08-20 00:08:08.260
User: MY-CALDERA\johnny.douche"
MY-CAL-WIN10.my-caldera.local,11,"File created:
RuleName: DLL
UtcTime: 2024-08-20 00:08:08.271
ProcessGuid: {ca24abc9-de5f-66c3-0d02-000000001d00}
ProcessId: 8432
Image: C:\Windows\System32\WindowsPowerShell\v1.0\powershell.exe
TargetFilename: C:\Users\johnny.douche\AppData\Local\Temp\oxpalhev\DSInternals.Common.dll
CreationUtcTime: 2024-08-20 00:08:08.270
User: MY-CALDERA\johnny.douche"
MY-CAL-WIN10.my-caldera.local,11,"File created:
RuleName: DLL
UtcTime: 2024-08-20 00:08:08.285
ProcessGuid: {ca24abc9-de5f-66c3-0d02-000000001d00}
ProcessId: 8432
Image: C:\Windows\System32\WindowsPowerShell\v1.0\powershell.exe
TargetFilename: C:\Users\johnny.douche\AppData\Local\Temp\oxpalhev\arm64\vcruntime140_1.dll
CreationUtcTime: 2024-08-20 00:08:08.282
User: MY-CALDERA\johnny.douche"
MY-CAL-WIN10.my-caldera.local,11,"File created:
RuleName: DLL
UtcTime: 2024-08-20 00:08:08.289
ProcessGuid: {ca24abc9-de5f-66c3-0d02-000000001d00}
ProcessId: 8432
Image: C:\Windows\System32\WindowsPowerShell\v1.0\powershell.exe
TargetFilename: C:\Users\johnny.douche\AppData\Local\Temp\oxpalhev\DSInternals.DataStore.dll
CreationUtcTime: 2024-08-20 00:08:08.289
User: MY-CALDERA\johnny.douche"
MY-CAL-WIN10.my-caldera.local,11,"File created:
RuleName: DO
UtcTime: 2024-08-20 00:08:08.655
ProcessGuid: {ca24abc9-de5f-66c3-0d02-000000001d00}
ProcessId: 8432
Image: C:\Windows\System32\WindowsPowerShell\v1.0\powershell.exe
TargetFilename: C:\Users\johnny.douche\AppData\Local\Temp\534973543\DSInternals\DSInternals.Bootstrap.psm1
CreationUtcTime: 2024-08-20 00:08:08.652
User: MY-CALDERA\johnny.douche"
