MY-CAL-WIN10.my-caldera.local,11,"File created:
RuleName: DO
UtcTime: 2024-08-20 00:14:56.632
ProcessGuid: {ca24abc9-dffc-66c3-ef02-000000001d00}
ProcessId: 11020
Image: C:\Program Files (x86)\Microsoft Office\Root\Office16\WINWORD.EXE
TargetFilename: C:\Users\johnny.douche\AppData\Local\Microsoft\Office\16.0\winword.exe_Rules\rule703050v3.xml
CreationUtcTime: 2024-08-20 00:14:56.631
User: MY-CALDERA\johnny.douche"
MY-CAL-WIN10.my-caldera.local,11,"File created:
RuleName: DO
UtcTime: 2024-08-20 00:14:56.634
ProcessGuid: {ca24abc9-dffc-66c3-ef02-000000001d00}
ProcessId: 11020
Image: C:\Program Files (x86)\Microsoft Office\Root\Office16\WINWORD.EXE
TargetFilename: C:\Users\johnny.douche\AppData\Local\Microsoft\Office\16.0\winword.exe_Rules\rule703051v3.xml
CreationUtcTime: 2024-08-20 00:14:56.633
User: MY-CALDERA\johnny.douche"
MY-CAL-WIN10.my-caldera.local,11,"File created:
RuleName: DO
UtcTime: 2024-08-20 00:14:56.636
ProcessGuid: {ca24abc9-dffc-66c3-ef02-000000001d00}
ProcessId: 11020
Image: C:\Program Files (x86)\Microsoft Office\Root\Office16\WINWORD.EXE
TargetFilename: C:\Users\johnny.douche\AppData\Local\Microsoft\Office\16.0\winword.exe_Rules\rule703100v1.xml
CreationUtcTime: 2024-08-20 00:14:56.636
User: MY-CALDERA\johnny.douche"
MY-CAL-WIN10.my-caldera.local,11,"File created:
RuleName: DO
UtcTime: 2024-08-20 00:14:56.638
ProcessGuid: {ca24abc9-dffc-66c3-ef02-000000001d00}
ProcessId: 11020
Image: C:\Program Files (x86)\Microsoft Office\Root\Office16\WINWORD.EXE
TargetFilename: C:\Users\johnny.douche\AppData\Local\Microsoft\Office\16.0\winword.exe_Rules\rule703101v1.xml
CreationUtcTime: 2024-08-20 00:14:56.637
User: MY-CALDERA\johnny.douche"
MY-CAL-WIN10.my-caldera.local,11,"File created:
RuleName: DO
UtcTime: 2024-08-20 00:14:56.639
ProcessGuid: {ca24abc9-dffc-66c3-ef02-000000001d00}
ProcessId: 11020
Image: C:\Program Files (x86)\Microsoft Office\Root\Office16\WINWORD.EXE
TargetFilename: C:\Users\johnny.douche\AppData\Local\Microsoft\Office\16.0\winword.exe_Rules\rule703150v1.xml
CreationUtcTime: 2024-08-20 00:14:56.639
User: MY-CALDERA\johnny.douche"
MY-CAL-WIN10.my-caldera.local,11,"File created:
RuleName: DO
UtcTime: 2024-08-20 00:14:56.641
ProcessGuid: {ca24abc9-dffc-66c3-ef02-000000001d00}
ProcessId: 11020
Image: C:\Program Files (x86)\Microsoft Office\Root\Office16\WINWORD.EXE
TargetFilename: C:\Users\johnny.douche\AppData\Local\Microsoft\Office\16.0\winword.exe_Rules\rule703151v1.xml
CreationUtcTime: 2024-08-20 00:14:56.641
User: MY-CALDERA\johnny.douche"
MY-CAL-WIN10.my-caldera.local,11,"File created:
RuleName: DO
UtcTime: 2024-08-20 00:14:56.643
ProcessGuid: {ca24abc9-dffc-66c3-ef02-000000001d00}
ProcessId: 11020
Image: C:\Program Files (x86)\Microsoft Office\Root\Office16\WINWORD.EXE
TargetFilename: C:\Users\johnny.douche\AppData\Local\Microsoft\Office\16.0\winword.exe_Rules\rule703200v1.xml
CreationUtcTime: 2024-08-20 00:14:56.643
User: MY-CALDERA\johnny.douche"
MY-CAL-WIN10.my-caldera.local,11,"File created:
RuleName: DO
UtcTime: 2024-08-20 00:14:56.645
ProcessGuid: {ca24abc9-dffc-66c3-ef02-000000001d00}
ProcessId: 11020
Image: C:\Program Files (x86)\Microsoft Office\Root\Office16\WINWORD.EXE
TargetFilename: C:\Users\johnny.douche\AppData\Local\Microsoft\Office\16.0\winword.exe_Rules\rule703201v1.xml
CreationUtcTime: 2024-08-20 00:14:56.645
User: MY-CALDERA\johnny.douche"
MY-CAL-WIN10.my-caldera.local,11,"File created:
RuleName: DO
UtcTime: 2024-08-20 00:14:56.647
ProcessGuid: {ca24abc9-dffc-66c3-ef02-000000001d00}
ProcessId: 11020
Image: C:\Program Files (x86)\Microsoft Office\Root\Office16\WINWORD.EXE
TargetFilename: C:\Users\johnny.douche\AppData\Local\Microsoft\Office\16.0\winword.exe_Rules\rule703250v1.xml
CreationUtcTime: 2024-08-20 00:14:56.646
User: MY-CALDERA\johnny.douche"
MY-CAL-WIN10.my-caldera.local,11,"File created:
RuleName: DO
UtcTime: 2024-08-20 00:14:56.648
ProcessGuid: {ca24abc9-dffc-66c3-ef02-000000001d00}
ProcessId: 11020
Image: C:\Program Files (x86)\Microsoft Office\Root\Office16\WINWORD.EXE
TargetFilename: C:\Users\johnny.douche\AppData\Local\Microsoft\Office\16.0\winword.exe_Rules\rule703251v1.xml
CreationUtcTime: 2024-08-20 00:14:56.648
User: MY-CALDERA\johnny.douche"
MY-CAL-WIN10.my-caldera.local,11,"File created:
RuleName: DO
UtcTime: 2024-08-20 00:14:56.651
ProcessGuid: {ca24abc9-dffc-66c3-ef02-000000001d00}
ProcessId: 11020
Image: C:\Program Files (x86)\Microsoft Office\Root\Office16\WINWORD.EXE
TargetFilename: C:\Users\johnny.douche\AppData\Local\Microsoft\Office\16.0\winword.exe_Rules\rule703300v0.xml
CreationUtcTime: 2024-08-20 00:14:56.650
User: MY-CALDERA\johnny.douche"
MY-CAL-WIN10.my-caldera.local,11,"File created:
RuleName: DO
UtcTime: 2024-08-20 00:14:56.652
ProcessGuid: {ca24abc9-dffc-66c3-ef02-000000001d00}
ProcessId: 11020
Image: C:\Program Files (x86)\Microsoft Office\Root\Office16\WINWORD.EXE
TargetFilename: C:\Users\johnny.douche\AppData\Local\Microsoft\Office\16.0\winword.exe_Rules\rule703301v0.xml
CreationUtcTime: 2024-08-20 00:14:56.652
User: MY-CALDERA\johnny.douche"
MY-CAL-WIN10.my-caldera.local,11,"File created:
RuleName: DO
UtcTime: 2024-08-20 00:14:56.654
ProcessGuid: {ca24abc9-dffc-66c3-ef02-000000001d00}
ProcessId: 11020
Image: C:\Program Files (x86)\Microsoft Office\Root\Office16\WINWORD.EXE
TargetFilename: C:\Users\johnny.douche\AppData\Local\Microsoft\Office\16.0\winword.exe_Rules\rule703350v0.xml
CreationUtcTime: 2024-08-20 00:14:56.654
User: MY-CALDERA\johnny.douche"
MY-CAL-WIN10.my-caldera.local,11,"File created:
RuleName: DO
UtcTime: 2024-08-20 00:14:56.656
ProcessGuid: {ca24abc9-dffc-66c3-ef02-000000001d00}
ProcessId: 11020
Image: C:\Program Files (x86)\Microsoft Office\Root\Office16\WINWORD.EXE
TargetFilename: C:\Users\johnny.douche\AppData\Local\Microsoft\Office\16.0\winword.exe_Rules\rule703351v0.xml
CreationUtcTime: 2024-08-20 00:14:56.656
User: MY-CALDERA\johnny.douche"
MY-CAL-WIN10.my-caldera.local,11,"File created:
RuleName: DO
UtcTime: 2024-08-20 00:14:56.658
ProcessGuid: {ca24abc9-dffc-66c3-ef02-000000001d00}
ProcessId: 11020
Image: C:\Program Files (x86)\Microsoft Office\Root\Office16\WINWORD.EXE
TargetFilename: C:\Users\johnny.douche\AppData\Local\Microsoft\Office\16.0\winword.exe_Rules\rule703400v0.xml
CreationUtcTime: 2024-08-20 00:14:56.658
User: MY-CALDERA\johnny.douche"
MY-CAL-WIN10.my-caldera.local,11,"File created:
RuleName: DO
UtcTime: 2024-08-20 00:14:56.660
ProcessGuid: {ca24abc9-dffc-66c3-ef02-000000001d00}
ProcessId: 11020
Image: C:\Program Files (x86)\Microsoft Office\Root\Office16\WINWORD.EXE
TargetFilename: C:\Users\johnny.douche\AppData\Local\Microsoft\Office\16.0\winword.exe_Rules\rule703401v0.xml
CreationUtcTime: 2024-08-20 00:14:56.660
User: MY-CALDERA\johnny.douche"
MY-CAL-WIN10.my-caldera.local,11,"File created:
RuleName: DO
UtcTime: 2024-08-20 00:14:56.695
ProcessGuid: {ca24abc9-dffc-66c3-ef02-000000001d00}
ProcessId: 11020
Image: C:\Program Files (x86)\Microsoft Office\Root\Office16\WINWORD.EXE
TargetFilename: C:\Users\johnny.douche\AppData\Local\Microsoft\Office\16.0\winword.exe_Rules\rule703800v0.xml
CreationUtcTime: 2024-08-20 00:14:56.695
User: MY-CALDERA\johnny.douche"
MY-CAL-WIN10.my-caldera.local,11,"File created:
RuleName: DO
UtcTime: 2024-08-20 00:14:56.697
ProcessGuid: {ca24abc9-dffc-66c3-ef02-000000001d00}
ProcessId: 11020
Image: C:\Program Files (x86)\Microsoft Office\Root\Office16\WINWORD.EXE
TargetFilename: C:\Users\johnny.douche\AppData\Local\Microsoft\Office\16.0\winword.exe_Rules\rule703801v0.xml
CreationUtcTime: 2024-08-20 00:14:56.697
User: MY-CALDERA\johnny.douche"
MY-CAL-WIN10.my-caldera.local,11,"File created:
RuleName: DO
UtcTime: 2024-08-20 00:14:56.698
ProcessGuid: {ca24abc9-dffc-66c3-ef02-000000001d00}
ProcessId: 11020
Image: C:\Program Files (x86)\Microsoft Office\Root\Office16\WINWORD.EXE
TargetFilename: C:\Users\johnny.douche\AppData\Local\Microsoft\Office\16.0\winword.exe_Rules\rule703850v0.xml
CreationUtcTime: 2024-08-20 00:14:56.698
User: MY-CALDERA\johnny.douche"
MY-CAL-WIN10.my-caldera.local,11,"File created:
RuleName: DO
UtcTime: 2024-08-20 00:14:56.700
ProcessGuid: {ca24abc9-dffc-66c3-ef02-000000001d00}
ProcessId: 11020
Image: C:\Program Files (x86)\Microsoft Office\Root\Office16\WINWORD.EXE
TargetFilename: C:\Users\johnny.douche\AppData\Local\Microsoft\Office\16.0\winword.exe_Rules\rule703851v0.xml
CreationUtcTime: 2024-08-20 00:14:56.700
User: MY-CALDERA\johnny.douche"
MY-CAL-WIN10.my-caldera.local,11,"File created:
RuleName: DO
UtcTime: 2024-08-20 00:14:56.702
ProcessGuid: {ca24abc9-dffc-66c3-ef02-000000001d00}
ProcessId: 11020
Image: C:\Program Files (x86)\Microsoft Office\Root\Office16\WINWORD.EXE
TargetFilename: C:\Users\johnny.douche\AppData\Local\Microsoft\Office\16.0\winword.exe_Rules\rule703900v0.xml
CreationUtcTime: 2024-08-20 00:14:56.701
User: MY-CALDERA\johnny.douche"
MY-CAL-WIN10.my-caldera.local,11,"File created:
RuleName: DO
UtcTime: 2024-08-20 00:14:56.703
ProcessGuid: {ca24abc9-dffc-66c3-ef02-000000001d00}
ProcessId: 11020
Image: C:\Program Files (x86)\Microsoft Office\Root\Office16\WINWORD.EXE
TargetFilename: C:\Users\johnny.douche\AppData\Local\Microsoft\Office\16.0\winword.exe_Rules\rule703901v0.xml
CreationUtcTime: 2024-08-20 00:14:56.703
User: MY-CALDERA\johnny.douche"
MY-CAL-WIN10.my-caldera.local,11,"File created:
RuleName: DO
UtcTime: 2024-08-20 00:14:56.736
ProcessGuid: {ca24abc9-dffb-66c3-ee02-000000001d00}
ProcessId: 6996
Image: C:\Windows\System32\WindowsPowerShell\v1.0\powershell.exe
TargetFilename: C:\Users\johnny.douche\AppData\Local\Microsoft\Windows\PowerShell\StartupProfileData-NonInteractive
CreationUtcTime: 2024-03-28 01:06:06.420
User: MY-CALDERA\johnny.douche"
MY-CAL-WIN10.my-caldera.local,11,"File created:
RuleName: DO
UtcTime: 2024-08-20 00:14:56.662
ProcessGuid: {ca24abc9-dffc-66c3-ef02-000000001d00}
ProcessId: 11020
Image: C:\Program Files (x86)\Microsoft Office\Root\Office16\WINWORD.EXE
TargetFilename: C:\Users\johnny.douche\AppData\Local\Microsoft\Office\16.0\winword.exe_Rules\rule703450v1.xml
CreationUtcTime: 2024-08-20 00:14:56.662
User: MY-CALDERA\johnny.douche"
MY-CAL-WIN10.my-caldera.local,11,"File created:
RuleName: DO
UtcTime: 2024-08-20 00:14:56.664
ProcessGuid: {ca24abc9-dffc-66c3-ef02-000000001d00}
ProcessId: 11020
Image: C:\Program Files (x86)\Microsoft Office\Root\Office16\WINWORD.EXE
TargetFilename: C:\Users\johnny.douche\AppData\Local\Microsoft\Office\16.0\winword.exe_Rules\rule703451v1.xml
CreationUtcTime: 2024-08-20 00:14:56.663
User: MY-CALDERA\johnny.douche"
MY-CAL-WIN10.my-caldera.local,11,"File created:
RuleName: DO
UtcTime: 2024-08-20 00:14:56.667
ProcessGuid: {ca24abc9-dffc-66c3-ef02-000000001d00}
ProcessId: 11020
Image: C:\Program Files (x86)\Microsoft Office\Root\Office16\WINWORD.EXE
TargetFilename: C:\Users\johnny.douche\AppData\Local\Microsoft\Office\16.0\winword.exe_Rules\rule703500v0.xml
CreationUtcTime: 2024-08-20 00:14:56.666
User: MY-CALDERA\johnny.douche"
MY-CAL-WIN10.my-caldera.local,11,"File created:
RuleName: DO
UtcTime: 2024-08-20 00:14:56.669
ProcessGuid: {ca24abc9-dffc-66c3-ef02-000000001d00}
ProcessId: 11020
Image: C:\Program Files (x86)\Microsoft Office\Root\Office16\WINWORD.EXE
TargetFilename: C:\Users\johnny.douche\AppData\Local\Microsoft\Office\16.0\winword.exe_Rules\rule703501v0.xml
CreationUtcTime: 2024-08-20 00:14:56.668
User: MY-CALDERA\johnny.douche"
MY-CAL-WIN10.my-caldera.local,11,"File created:
RuleName: DO
UtcTime: 2024-08-20 00:14:56.671
ProcessGuid: {ca24abc9-dffc-66c3-ef02-000000001d00}
ProcessId: 11020
Image: C:\Program Files (x86)\Microsoft Office\Root\Office16\WINWORD.EXE
TargetFilename: C:\Users\johnny.douche\AppData\Local\Microsoft\Office\16.0\winword.exe_Rules\rule703550v0.xml
CreationUtcTime: 2024-08-20 00:14:56.670
User: MY-CALDERA\johnny.douche"
MY-CAL-WIN10.my-caldera.local,11,"File created:
RuleName: DO
UtcTime: 2024-08-20 00:14:56.373
ProcessGuid: {ca24abc9-dffc-66c3-ef02-000000001d00}
ProcessId: 11020
Image: C:\Program Files (x86)\Microsoft Office\Root\Office16\WINWORD.EXE
TargetFilename: C:\Users\johnny.douche\AppData\Local\Microsoft\Office\16.0\winword.exe_Rules\rule63070v5.xml
CreationUtcTime: 2024-08-20 00:14:56.372
User: MY-CALDERA\johnny.douche"
MY-CAL-WIN10.my-caldera.local,11,"File created:
RuleName: DO
UtcTime: 2024-08-20 00:14:56.375
ProcessGuid: {ca24abc9-dffc-66c3-ef02-000000001d00}
ProcessId: 11020
Image: C:\Program Files (x86)\Microsoft Office\Root\Office16\WINWORD.EXE
TargetFilename: C:\Users\johnny.douche\AppData\Local\Microsoft\Office\16.0\winword.exe_Rules\rule63071v0.xml
CreationUtcTime: 2024-08-20 00:14:56.375
User: MY-CALDERA\johnny.douche"
MY-CAL-WIN10.my-caldera.local,11,"File created:
RuleName: DO
UtcTime: 2024-08-20 00:14:56.376
ProcessGuid: {ca24abc9-dffc-66c3-ef02-000000001d00}
ProcessId: 11020
Image: C:\Program Files (x86)\Microsoft Office\Root\Office16\WINWORD.EXE
TargetFilename: C:\Users\johnny.douche\AppData\Local\Microsoft\Office\16.0\winword.exe_Rules\rule63077v0.xml
CreationUtcTime: 2024-08-20 00:14:56.376
User: MY-CALDERA\johnny.douche"
MY-CAL-WIN10.my-caldera.local,11,"File created:
RuleName: DO
UtcTime: 2024-08-20 00:14:56.377
ProcessGuid: {ca24abc9-dffc-66c3-ef02-000000001d00}
ProcessId: 11020
Image: C:\Program Files (x86)\Microsoft Office\Root\Office16\WINWORD.EXE
TargetFilename: C:\Users\johnny.douche\AppData\Local\Microsoft\Office\16.0\winword.exe_Rules\rule63078v0.xml
CreationUtcTime: 2024-08-20 00:14:56.377
User: MY-CALDERA\johnny.douche"
MY-CAL-WIN10.my-caldera.local,11,"File created:
RuleName: DO
UtcTime: 2024-08-20 00:14:56.378
ProcessGuid: {ca24abc9-dffc-66c3-ef02-000000001d00}
ProcessId: 11020
Image: C:\Program Files (x86)\Microsoft Office\Root\Office16\WINWORD.EXE
TargetFilename: C:\Users\johnny.douche\AppData\Local\Microsoft\Office\16.0\winword.exe_Rules\rule65136v1.xml
CreationUtcTime: 2024-08-20 00:14:56.378
User: MY-CALDERA\johnny.douche"
MY-CAL-WIN10.my-caldera.local,11,"File created:
RuleName: DO
UtcTime: 2024-08-20 00:14:56.380
ProcessGuid: {ca24abc9-dffc-66c3-ef02-000000001d00}
ProcessId: 11020
Image: C:\Program Files (x86)\Microsoft Office\Root\Office16\WINWORD.EXE
TargetFilename: C:\Users\johnny.douche\AppData\Local\Microsoft\Office\16.0\winword.exe_Rules\rule65137v0.xml
CreationUtcTime: 2024-08-20 00:14:56.380
User: MY-CALDERA\johnny.douche"
MY-CAL-WIN10.my-caldera.local,11,"File created:
RuleName: DO
UtcTime: 2024-08-20 00:14:56.381
ProcessGuid: {ca24abc9-dffc-66c3-ef02-000000001d00}
ProcessId: 11020
Image: C:\Program Files (x86)\Microsoft Office\Root\Office16\WINWORD.EXE
TargetFilename: C:\Users\johnny.douche\AppData\Local\Microsoft\Office\16.0\winword.exe_Rules\rule65138v0.xml
CreationUtcTime: 2024-08-20 00:14:56.381
User: MY-CALDERA\johnny.douche"
MY-CAL-WIN10.my-caldera.local,11,"File created:
RuleName: DO
UtcTime: 2024-08-20 00:14:56.382
ProcessGuid: {ca24abc9-dffc-66c3-ef02-000000001d00}
ProcessId: 11020
Image: C:\Program Files (x86)\Microsoft Office\Root\Office16\WINWORD.EXE
TargetFilename: C:\Users\johnny.douche\AppData\Local\Microsoft\Office\16.0\winword.exe_Rules\rule65139v0.xml
CreationUtcTime: 2024-08-20 00:14:56.382
User: MY-CALDERA\johnny.douche"
MY-CAL-WIN10.my-caldera.local,11,"File created:
RuleName: DO
UtcTime: 2024-08-20 00:14:56.383
ProcessGuid: {ca24abc9-dffc-66c3-ef02-000000001d00}
ProcessId: 11020
Image: C:\Program Files (x86)\Microsoft Office\Root\Office16\WINWORD.EXE
TargetFilename: C:\Users\johnny.douche\AppData\Local\Microsoft\Office\16.0\winword.exe_Rules\rule680000v1.xml
CreationUtcTime: 2024-08-20 00:14:56.383
User: MY-CALDERA\johnny.douche"
MY-CAL-WIN10.my-caldera.local,11,"File created:
RuleName: DO
UtcTime: 2024-08-20 00:14:56.385
ProcessGuid: {ca24abc9-dffc-66c3-ef02-000000001d00}
ProcessId: 11020
Image: C:\Program Files (x86)\Microsoft Office\Root\Office16\WINWORD.EXE
TargetFilename: C:\Users\johnny.douche\AppData\Local\Microsoft\Office\16.0\winword.exe_Rules\rule680001v0.xml
CreationUtcTime: 2024-08-20 00:14:56.385
User: MY-CALDERA\johnny.douche"
MY-CAL-WIN10.my-caldera.local,11,"File created:
RuleName: DO
UtcTime: 2024-08-20 00:14:56.386
ProcessGuid: {ca24abc9-dffc-66c3-ef02-000000001d00}
ProcessId: 11020
Image: C:\Program Files (x86)\Microsoft Office\Root\Office16\WINWORD.EXE
TargetFilename: C:\Users\johnny.douche\AppData\Local\Microsoft\Office\16.0\winword.exe_Rules\rule680002v0.xml
CreationUtcTime: 2024-08-20 00:14:56.386
User: MY-CALDERA\johnny.douche"
MY-CAL-WIN10.my-caldera.local,11,"File created:
RuleName: DO
UtcTime: 2024-08-20 00:14:56.387
ProcessGuid: {ca24abc9-dffc-66c3-ef02-000000001d00}
ProcessId: 11020
Image: C:\Program Files (x86)\Microsoft Office\Root\Office16\WINWORD.EXE
TargetFilename: C:\Users\johnny.douche\AppData\Local\Microsoft\Office\16.0\winword.exe_Rules\rule680003v1.xml
CreationUtcTime: 2024-08-20 00:14:56.387
User: MY-CALDERA\johnny.douche"
MY-CAL-WIN10.my-caldera.local,11,"File created:
RuleName: DO
UtcTime: 2024-08-20 00:14:56.692
ProcessGuid: {ca24abc9-dffc-66c3-ef02-000000001d00}
ProcessId: 11020
Image: C:\Program Files (x86)\Microsoft Office\Root\Office16\WINWORD.EXE
TargetFilename: C:\Users\johnny.douche\AppData\Local\Microsoft\Office\16.0\winword.exe_Rules\rule703751v0.xml
CreationUtcTime: 2024-08-20 00:14:56.692
User: MY-CALDERA\johnny.douche"
MY-CAL-WIN10.my-caldera.local,11,"File created:
RuleName: DO
UtcTime: 2024-08-20 00:14:56.595
ProcessGuid: {ca24abc9-dffc-66c3-ef02-000000001d00}
ProcessId: 11020
Image: C:\Program Files (x86)\Microsoft Office\Root\Office16\WINWORD.EXE
TargetFilename: C:\Users\johnny.douche\AppData\Local\Microsoft\Office\16.0\winword.exe_Rules\rule702501v1.xml
CreationUtcTime: 2024-08-20 00:14:56.594
User: MY-CALDERA\johnny.douche"
MY-CAL-WIN10.my-caldera.local,11,"File created:
RuleName: DO
UtcTime: 2024-08-20 00:14:56.596
ProcessGuid: {ca24abc9-dffc-66c3-ef02-000000001d00}
ProcessId: 11020
Image: C:\Program Files (x86)\Microsoft Office\Root\Office16\WINWORD.EXE
TargetFilename: C:\Users\johnny.douche\AppData\Local\Microsoft\Office\16.0\winword.exe_Rules\rule702550v1.xml
CreationUtcTime: 2024-08-20 00:14:56.596
User: MY-CALDERA\johnny.douche"
MY-CAL-WIN10.my-caldera.local,11,"File created:
RuleName: DO
UtcTime: 2024-08-20 00:14:56.598
ProcessGuid: {ca24abc9-dffc-66c3-ef02-000000001d00}
ProcessId: 11020
Image: C:\Program Files (x86)\Microsoft Office\Root\Office16\WINWORD.EXE
TargetFilename: C:\Users\johnny.douche\AppData\Local\Microsoft\Office\16.0\winword.exe_Rules\rule702551v1.xml
CreationUtcTime: 2024-08-20 00:14:56.597
User: MY-CALDERA\johnny.douche"
MY-CAL-WIN10.my-caldera.local,11,"File created:
RuleName: DO
UtcTime: 2024-08-20 00:14:56.600
ProcessGuid: {ca24abc9-dffc-66c3-ef02-000000001d00}
ProcessId: 11020
Image: C:\Program Files (x86)\Microsoft Office\Root\Office16\WINWORD.EXE
TargetFilename: C:\Users\johnny.douche\AppData\Local\Microsoft\Office\16.0\winword.exe_Rules\rule702600v1.xml
CreationUtcTime: 2024-08-20 00:14:56.600
User: MY-CALDERA\johnny.douche"
MY-CAL-WIN10.my-caldera.local,11,"File created:
RuleName: DO
UtcTime: 2024-08-20 00:14:56.602
ProcessGuid: {ca24abc9-dffc-66c3-ef02-000000001d00}
ProcessId: 11020
Image: C:\Program Files (x86)\Microsoft Office\Root\Office16\WINWORD.EXE
TargetFilename: C:\Users\johnny.douche\AppData\Local\Microsoft\Office\16.0\winword.exe_Rules\rule702601v1.xml
CreationUtcTime: 2024-08-20 00:14:56.602
User: MY-CALDERA\johnny.douche"
MY-CAL-WIN10.my-caldera.local,11,"File created:
RuleName: DO
UtcTime: 2024-08-20 00:14:56.604
ProcessGuid: {ca24abc9-dffc-66c3-ef02-000000001d00}
ProcessId: 11020
Image: C:\Program Files (x86)\Microsoft Office\Root\Office16\WINWORD.EXE
TargetFilename: C:\Users\johnny.douche\AppData\Local\Microsoft\Office\16.0\winword.exe_Rules\rule702650v1.xml
CreationUtcTime: 2024-08-20 00:14:56.604
User: MY-CALDERA\johnny.douche"
MY-CAL-WIN10.my-caldera.local,11,"File created:
RuleName: DO
UtcTime: 2024-08-20 00:14:56.606
ProcessGuid: {ca24abc9-dffc-66c3-ef02-000000001d00}
ProcessId: 11020
Image: C:\Program Files (x86)\Microsoft Office\Root\Office16\WINWORD.EXE
TargetFilename: C:\Users\johnny.douche\AppData\Local\Microsoft\Office\16.0\winword.exe_Rules\rule702651v1.xml
CreationUtcTime: 2024-08-20 00:14:56.605
User: MY-CALDERA\johnny.douche"
MY-CAL-WIN10.my-caldera.local,11,"File created:
RuleName: DO
UtcTime: 2024-08-20 00:14:56.471
ProcessGuid: {ca24abc9-dffc-66c3-ef02-000000001d00}
ProcessId: 11020
Image: C:\Program Files (x86)\Microsoft Office\Root\Office16\WINWORD.EXE
TargetFilename: C:\Users\johnny.douche\AppData\Local\Microsoft\Office\16.0\winword.exe_Rules\rule700300v1.xml
CreationUtcTime: 2024-08-20 00:14:56.471
User: MY-CALDERA\johnny.douche"
MY-CAL-WIN10.my-caldera.local,11,"File created:
RuleName: DO
UtcTime: 2024-08-20 00:14:56.472
ProcessGuid: {ca24abc9-dffc-66c3-ef02-000000001d00}
ProcessId: 11020
Image: C:\Program Files (x86)\Microsoft Office\Root\Office16\WINWORD.EXE
TargetFilename: C:\Users\johnny.douche\AppData\Local\Microsoft\Office\16.0\winword.exe_Rules\rule700301v1.xml
CreationUtcTime: 2024-08-20 00:14:56.472
User: MY-CALDERA\johnny.douche"
MY-CAL-WIN10.my-caldera.local,11,"File created:
RuleName: DO
UtcTime: 2024-08-20 00:14:56.482
ProcessGuid: {ca24abc9-dffc-66c3-ef02-000000001d00}
ProcessId: 11020
Image: C:\Program Files (x86)\Microsoft Office\Root\Office16\WINWORD.EXE
TargetFilename: C:\Users\johnny.douche\AppData\Local\Microsoft\Office\16.0\winword.exe_Rules\rule700400v2.xml
CreationUtcTime: 2024-08-20 00:14:56.482
User: MY-CALDERA\johnny.douche"
MY-CAL-WIN10.my-caldera.local,11,"File created:
RuleName: DO
UtcTime: 2024-08-20 00:14:56.483
ProcessGuid: {ca24abc9-dffc-66c3-ef02-000000001d00}
ProcessId: 11020
Image: C:\Program Files (x86)\Microsoft Office\Root\Office16\WINWORD.EXE
TargetFilename: C:\Users\johnny.douche\AppData\Local\Microsoft\Office\16.0\winword.exe_Rules\rule700401v2.xml
CreationUtcTime: 2024-08-20 00:14:56.483
User: MY-CALDERA\johnny.douche"
MY-CAL-WIN10.my-caldera.local,11,"File created:
RuleName: DO
UtcTime: 2024-08-20 00:14:56.473
ProcessGuid: {ca24abc9-dffc-66c3-ef02-000000001d00}
ProcessId: 11020
Image: C:\Program Files (x86)\Microsoft Office\Root\Office16\WINWORD.EXE
TargetFilename: C:\Users\johnny.douche\AppData\Local\Microsoft\Office\16.0\winword.exe_Rules\rule70030v0.xml
CreationUtcTime: 2024-08-20 00:14:56.473
User: MY-CALDERA\johnny.douche"
MY-CAL-WIN10.my-caldera.local,11,"File created:
RuleName: DO
UtcTime: 2024-08-20 00:14:56.474
ProcessGuid: {ca24abc9-dffc-66c3-ef02-000000001d00}
ProcessId: 11020
Image: C:\Program Files (x86)\Microsoft Office\Root\Office16\WINWORD.EXE
TargetFilename: C:\Users\johnny.douche\AppData\Local\Microsoft\Office\16.0\winword.exe_Rules\rule70031v0.xml
CreationUtcTime: 2024-08-20 00:14:56.474
User: MY-CALDERA\johnny.douche"
MY-CAL-WIN10.my-caldera.local,11,"File created:
RuleName: DO
UtcTime: 2024-08-20 00:14:56.476
ProcessGuid: {ca24abc9-dffc-66c3-ef02-000000001d00}
ProcessId: 11020
Image: C:\Program Files (x86)\Microsoft Office\Root\Office16\WINWORD.EXE
TargetFilename: C:\Users\johnny.douche\AppData\Local\Microsoft\Office\16.0\winword.exe_Rules\rule700350v1.xml
CreationUtcTime: 2024-08-20 00:14:56.476
User: MY-CALDERA\johnny.douche"
MY-CAL-WIN10.my-caldera.local,11,"File created:
RuleName: DO
UtcTime: 2024-08-20 00:14:56.478
ProcessGuid: {ca24abc9-dffc-66c3-ef02-000000001d00}
ProcessId: 11020
Image: C:\Program Files (x86)\Microsoft Office\Root\Office16\WINWORD.EXE
TargetFilename: C:\Users\johnny.douche\AppData\Local\Microsoft\Office\16.0\winword.exe_Rules\rule700351v1.xml
CreationUtcTime: 2024-08-20 00:14:56.477
User: MY-CALDERA\johnny.douche"
MY-CAL-WIN10.my-caldera.local,11,"File created:
RuleName: DO
UtcTime: 2024-08-20 00:14:56.479
ProcessGuid: {ca24abc9-dffc-66c3-ef02-000000001d00}
ProcessId: 11020
Image: C:\Program Files (x86)\Microsoft Office\Root\Office16\WINWORD.EXE
TargetFilename: C:\Users\johnny.douche\AppData\Local\Microsoft\Office\16.0\winword.exe_Rules\rule70036v0.xml
CreationUtcTime: 2024-08-20 00:14:56.479
User: MY-CALDERA\johnny.douche"
MY-CAL-WIN10.my-caldera.local,11,"File created:
RuleName: DO
UtcTime: 2024-08-20 00:14:56.484
ProcessGuid: {ca24abc9-dffc-66c3-ef02-000000001d00}
ProcessId: 11020
Image: C:\Program Files (x86)\Microsoft Office\Root\Office16\WINWORD.EXE
TargetFilename: C:\Users\johnny.douche\AppData\Local\Microsoft\Office\16.0\winword.exe_Rules\rule700450v1.xml
CreationUtcTime: 2024-08-20 00:14:56.484
User: MY-CALDERA\johnny.douche"
MY-CAL-WIN10.my-caldera.local,11,"File created:
RuleName: DO
UtcTime: 2024-08-20 00:14:56.486
ProcessGuid: {ca24abc9-dffc-66c3-ef02-000000001d00}
ProcessId: 11020
Image: C:\Program Files (x86)\Microsoft Office\Root\Office16\WINWORD.EXE
TargetFilename: C:\Users\johnny.douche\AppData\Local\Microsoft\Office\16.0\winword.exe_Rules\rule700451v1.xml
CreationUtcTime: 2024-08-20 00:14:56.485
User: MY-CALDERA\johnny.douche"
MY-CAL-WIN10.my-caldera.local,11,"File created:
RuleName: DO
UtcTime: 2024-08-20 00:14:56.488
ProcessGuid: {ca24abc9-dffc-66c3-ef02-000000001d00}
ProcessId: 11020
Image: C:\Program Files (x86)\Microsoft Office\Root\Office16\WINWORD.EXE
TargetFilename: C:\Users\johnny.douche\AppData\Local\Microsoft\Office\16.0\winword.exe_Rules\rule700500v1.xml
CreationUtcTime: 2024-08-20 00:14:56.487
User: MY-CALDERA\johnny.douche"
MY-CAL-WIN10.my-caldera.local,11,"File created:
RuleName: DO
UtcTime: 2024-08-20 00:14:56.489
ProcessGuid: {ca24abc9-dffc-66c3-ef02-000000001d00}
ProcessId: 11020
Image: C:\Program Files (x86)\Microsoft Office\Root\Office16\WINWORD.EXE
TargetFilename: C:\Users\johnny.douche\AppData\Local\Microsoft\Office\16.0\winword.exe_Rules\rule700501v1.xml
CreationUtcTime: 2024-08-20 00:14:56.489
User: MY-CALDERA\johnny.douche"
MY-CAL-WIN10.my-caldera.local,11,"File created:
RuleName: DO
UtcTime: 2024-08-20 00:14:56.490
ProcessGuid: {ca24abc9-dffc-66c3-ef02-000000001d00}
ProcessId: 11020
Image: C:\Program Files (x86)\Microsoft Office\Root\Office16\WINWORD.EXE
TargetFilename: C:\Users\johnny.douche\AppData\Local\Microsoft\Office\16.0\winword.exe_Rules\rule700550v1.xml
CreationUtcTime: 2024-08-20 00:14:56.490
User: MY-CALDERA\johnny.douche"
MY-CAL-WIN10.my-caldera.local,11,"File created:
RuleName: DO
UtcTime: 2024-08-20 00:14:56.491
ProcessGuid: {ca24abc9-dffc-66c3-ef02-000000001d00}
ProcessId: 11020
Image: C:\Program Files (x86)\Microsoft Office\Root\Office16\WINWORD.EXE
TargetFilename: C:\Users\johnny.douche\AppData\Local\Microsoft\Office\16.0\winword.exe_Rules\rule700551v1.xml
CreationUtcTime: 2024-08-20 00:14:56.491
User: MY-CALDERA\johnny.douche"
MY-CAL-WIN10.my-caldera.local,11,"File created:
RuleName: DO
UtcTime: 2024-08-20 00:14:56.493
ProcessGuid: {ca24abc9-dffc-66c3-ef02-000000001d00}
ProcessId: 11020
Image: C:\Program Files (x86)\Microsoft Office\Root\Office16\WINWORD.EXE
TargetFilename: C:\Users\johnny.douche\AppData\Local\Microsoft\Office\16.0\winword.exe_Rules\rule700600v1.xml
CreationUtcTime: 2024-08-20 00:14:56.493
User: MY-CALDERA\johnny.douche"
MY-CAL-WIN10.my-caldera.local,11,"File created:
RuleName: DO
UtcTime: 2024-08-20 00:14:56.494
ProcessGuid: {ca24abc9-dffc-66c3-ef02-000000001d00}
ProcessId: 11020
Image: C:\Program Files (x86)\Microsoft Office\Root\Office16\WINWORD.EXE
TargetFilename: C:\Users\johnny.douche\AppData\Local\Microsoft\Office\16.0\winword.exe_Rules\rule700601v1.xml
CreationUtcTime: 2024-08-20 00:14:56.494
User: MY-CALDERA\johnny.douche"
MY-CAL-WIN10.my-caldera.local,11,"File created:
RuleName: DO
UtcTime: 2024-08-20 00:14:56.496
ProcessGuid: {ca24abc9-dffc-66c3-ef02-000000001d00}
ProcessId: 11020
Image: C:\Program Files (x86)\Microsoft Office\Root\Office16\WINWORD.EXE
TargetFilename: C:\Users\johnny.douche\AppData\Local\Microsoft\Office\16.0\winword.exe_Rules\rule700650v1.xml
CreationUtcTime: 2024-08-20 00:14:56.495
User: MY-CALDERA\johnny.douche"
MY-CAL-WIN10.my-caldera.local,11,"File created:
RuleName: DO
UtcTime: 2024-08-20 00:14:56.497
ProcessGuid: {ca24abc9-dffc-66c3-ef02-000000001d00}
ProcessId: 11020
Image: C:\Program Files (x86)\Microsoft Office\Root\Office16\WINWORD.EXE
TargetFilename: C:\Users\johnny.douche\AppData\Local\Microsoft\Office\16.0\winword.exe_Rules\rule700651v1.xml
CreationUtcTime: 2024-08-20 00:14:56.497
User: MY-CALDERA\johnny.douche"
MY-CAL-WIN10.my-caldera.local,11,"File created:
RuleName: DO
UtcTime: 2024-08-20 00:14:56.499
ProcessGuid: {ca24abc9-dffc-66c3-ef02-000000001d00}
ProcessId: 11020
Image: C:\Program Files (x86)\Microsoft Office\Root\Office16\WINWORD.EXE
TargetFilename: C:\Users\johnny.douche\AppData\Local\Microsoft\Office\16.0\winword.exe_Rules\rule700700v1.xml
CreationUtcTime: 2024-08-20 00:14:56.499
User: MY-CALDERA\johnny.douche"
MY-CAL-WIN10.my-caldera.local,11,"File created:
RuleName: DO
UtcTime: 2024-08-20 00:14:56.500
ProcessGuid: {ca24abc9-dffc-66c3-ef02-000000001d00}
ProcessId: 11020
Image: C:\Program Files (x86)\Microsoft Office\Root\Office16\WINWORD.EXE
TargetFilename: C:\Users\johnny.douche\AppData\Local\Microsoft\Office\16.0\winword.exe_Rules\rule700701v1.xml
CreationUtcTime: 2024-08-20 00:14:56.500
User: MY-CALDERA\johnny.douche"
MY-CAL-WIN10.my-caldera.local,11,"File created:
RuleName: DO
UtcTime: 2024-08-20 00:14:56.501
ProcessGuid: {ca24abc9-dffc-66c3-ef02-000000001d00}
ProcessId: 11020
Image: C:\Program Files (x86)\Microsoft Office\Root\Office16\WINWORD.EXE
TargetFilename: C:\Users\johnny.douche\AppData\Local\Microsoft\Office\16.0\winword.exe_Rules\rule700750v1.xml
CreationUtcTime: 2024-08-20 00:14:56.501
User: MY-CALDERA\johnny.douche"
MY-CAL-WIN10.my-caldera.local,11,"File created:
RuleName: DO
UtcTime: 2024-08-20 00:14:56.502
ProcessGuid: {ca24abc9-dffc-66c3-ef02-000000001d00}
ProcessId: 11020
Image: C:\Program Files (x86)\Microsoft Office\Root\Office16\WINWORD.EXE
TargetFilename: C:\Users\johnny.douche\AppData\Local\Microsoft\Office\16.0\winword.exe_Rules\rule700751v1.xml
CreationUtcTime: 2024-08-20 00:14:56.502
User: MY-CALDERA\johnny.douche"
MY-CAL-WIN10.my-caldera.local,11,"File created:
RuleName: DO
UtcTime: 2024-08-20 00:14:56.504
ProcessGuid: {ca24abc9-dffc-66c3-ef02-000000001d00}
ProcessId: 11020
Image: C:\Program Files (x86)\Microsoft Office\Root\Office16\WINWORD.EXE
TargetFilename: C:\Users\johnny.douche\AppData\Local\Microsoft\Office\16.0\winword.exe_Rules\rule700850v1.xml
CreationUtcTime: 2024-08-20 00:14:56.504
User: MY-CALDERA\johnny.douche"
MY-CAL-WIN10.my-caldera.local,11,"File created:
RuleName: DO
UtcTime: 2024-08-20 00:14:56.505
ProcessGuid: {ca24abc9-dffc-66c3-ef02-000000001d00}
ProcessId: 11020
Image: C:\Program Files (x86)\Microsoft Office\Root\Office16\WINWORD.EXE
TargetFilename: C:\Users\johnny.douche\AppData\Local\Microsoft\Office\16.0\winword.exe_Rules\rule700851v1.xml
CreationUtcTime: 2024-08-20 00:14:56.505
User: MY-CALDERA\johnny.douche"
MY-CAL-WIN10.my-caldera.local,11,"File created:
RuleName: DO
UtcTime: 2024-08-20 00:14:56.506
ProcessGuid: {ca24abc9-dffc-66c3-ef02-000000001d00}
ProcessId: 11020
Image: C:\Program Files (x86)\Microsoft Office\Root\Office16\WINWORD.EXE
TargetFilename: C:\Users\johnny.douche\AppData\Local\Microsoft\Office\16.0\winword.exe_Rules\rule700900v1.xml
CreationUtcTime: 2024-08-20 00:14:56.506
User: MY-CALDERA\johnny.douche"
MY-CAL-WIN10.my-caldera.local,11,"File created:
RuleName: DO
UtcTime: 2024-08-20 00:14:56.608
ProcessGuid: {ca24abc9-dffc-66c3-ef02-000000001d00}
ProcessId: 11020
Image: C:\Program Files (x86)\Microsoft Office\Root\Office16\WINWORD.EXE
TargetFilename: C:\Users\johnny.douche\AppData\Local\Microsoft\Office\16.0\winword.exe_Rules\rule702700v1.xml
CreationUtcTime: 2024-08-20 00:14:56.607
User: MY-CALDERA\johnny.douche"
MY-CAL-WIN10.my-caldera.local,11,"File created:
RuleName: DO
UtcTime: 2024-08-20 00:14:56.609
ProcessGuid: {ca24abc9-dffc-66c3-ef02-000000001d00}
ProcessId: 11020
Image: C:\Program Files (x86)\Microsoft Office\Root\Office16\WINWORD.EXE
TargetFilename: C:\Users\johnny.douche\AppData\Local\Microsoft\Office\16.0\winword.exe_Rules\rule702701v1.xml
CreationUtcTime: 2024-08-20 00:14:56.609
User: MY-CALDERA\johnny.douche"
MY-CAL-WIN10.my-caldera.local,11,"File created:
RuleName: DO
UtcTime: 2024-08-20 00:14:56.610
ProcessGuid: {ca24abc9-dffc-66c3-ef02-000000001d00}
ProcessId: 11020
Image: C:\Program Files (x86)\Microsoft Office\Root\Office16\WINWORD.EXE
TargetFilename: C:\Users\johnny.douche\AppData\Local\Microsoft\Office\16.0\winword.exe_Rules\rule702750v1.xml
CreationUtcTime: 2024-08-20 00:14:56.610
User: MY-CALDERA\johnny.douche"
MY-CAL-WIN10.my-caldera.local,11,"File created:
RuleName: DO
UtcTime: 2024-08-20 00:14:56.611
ProcessGuid: {ca24abc9-dffc-66c3-ef02-000000001d00}
ProcessId: 11020
Image: C:\Program Files (x86)\Microsoft Office\Root\Office16\WINWORD.EXE
TargetFilename: C:\Users\johnny.douche\AppData\Local\Microsoft\Office\16.0\winword.exe_Rules\rule702751v1.xml
CreationUtcTime: 2024-08-20 00:14:56.611
User: MY-CALDERA\johnny.douche"
MY-CAL-WIN10.my-caldera.local,11,"File created:
RuleName: DO
UtcTime: 2024-08-20 00:14:56.614
ProcessGuid: {ca24abc9-dffc-66c3-ef02-000000001d00}
ProcessId: 11020
Image: C:\Program Files (x86)\Microsoft Office\Root\Office16\WINWORD.EXE
TargetFilename: C:\Users\johnny.douche\AppData\Local\Microsoft\Office\16.0\winword.exe_Rules\rule702800v1.xml
CreationUtcTime: 2024-08-20 00:14:56.613
User: MY-CALDERA\johnny.douche"
MY-CAL-WIN10.my-caldera.local,11,"File created:
RuleName: DO
UtcTime: 2024-08-20 00:14:56.615
ProcessGuid: {ca24abc9-dffc-66c3-ef02-000000001d00}
ProcessId: 11020
Image: C:\Program Files (x86)\Microsoft Office\Root\Office16\WINWORD.EXE
TargetFilename: C:\Users\johnny.douche\AppData\Local\Microsoft\Office\16.0\winword.exe_Rules\rule702801v1.xml
CreationUtcTime: 2024-08-20 00:14:56.615
User: MY-CALDERA\johnny.douche"
MY-CAL-WIN10.my-caldera.local,11,"File created:
RuleName: DO
UtcTime: 2024-08-20 00:14:56.616
ProcessGuid: {ca24abc9-dffc-66c3-ef02-000000001d00}
ProcessId: 11020
Image: C:\Program Files (x86)\Microsoft Office\Root\Office16\WINWORD.EXE
TargetFilename: C:\Users\johnny.douche\AppData\Local\Microsoft\Office\16.0\winword.exe_Rules\rule702850v1.xml
CreationUtcTime: 2024-08-20 00:14:56.616
User: MY-CALDERA\johnny.douche"
MY-CAL-WIN10.my-caldera.local,11,"File created:
RuleName: DO
UtcTime: 2024-08-20 00:14:56.617
ProcessGuid: {ca24abc9-dffc-66c3-ef02-000000001d00}
ProcessId: 11020
Image: C:\Program Files (x86)\Microsoft Office\Root\Office16\WINWORD.EXE
TargetFilename: C:\Users\johnny.douche\AppData\Local\Microsoft\Office\16.0\winword.exe_Rules\rule702851v1.xml
CreationUtcTime: 2024-08-20 00:14:56.617
User: MY-CALDERA\johnny.douche"
MY-CAL-WIN10.my-caldera.local,11,"File created:
RuleName: DO
UtcTime: 2024-08-20 00:14:56.620
ProcessGuid: {ca24abc9-dffc-66c3-ef02-000000001d00}
ProcessId: 11020
Image: C:\Program Files (x86)\Microsoft Office\Root\Office16\WINWORD.EXE
TargetFilename: C:\Users\johnny.douche\AppData\Local\Microsoft\Office\16.0\winword.exe_Rules\rule702900v1.xml
CreationUtcTime: 2024-08-20 00:14:56.620
User: MY-CALDERA\johnny.douche"
MY-CAL-WIN10.my-caldera.local,11,"File created:
RuleName: DO
UtcTime: 2024-08-20 00:14:56.622
ProcessGuid: {ca24abc9-dffc-66c3-ef02-000000001d00}
ProcessId: 11020
Image: C:\Program Files (x86)\Microsoft Office\Root\Office16\WINWORD.EXE
TargetFilename: C:\Users\johnny.douche\AppData\Local\Microsoft\Office\16.0\winword.exe_Rules\rule702901v1.xml
CreationUtcTime: 2024-08-20 00:14:56.621
User: MY-CALDERA\johnny.douche"
MY-CAL-WIN10.my-caldera.local,11,"File created:
RuleName: DO
UtcTime: 2024-08-20 00:14:56.508
ProcessGuid: {ca24abc9-dffc-66c3-ef02-000000001d00}
ProcessId: 11020
Image: C:\Program Files (x86)\Microsoft Office\Root\Office16\WINWORD.EXE
TargetFilename: C:\Users\johnny.douche\AppData\Local\Microsoft\Office\16.0\winword.exe_Rules\rule700901v1.xml
CreationUtcTime: 2024-08-20 00:14:56.507
User: MY-CALDERA\johnny.douche"
MY-CAL-WIN10.my-caldera.local,11,"File created:
RuleName: DO
UtcTime: 2024-08-20 00:14:56.510
ProcessGuid: {ca24abc9-dffc-66c3-ef02-000000001d00}
ProcessId: 11020
Image: C:\Program Files (x86)\Microsoft Office\Root\Office16\WINWORD.EXE
TargetFilename: C:\Users\johnny.douche\AppData\Local\Microsoft\Office\16.0\winword.exe_Rules\rule700950v1.xml
CreationUtcTime: 2024-08-20 00:14:56.509
User: MY-CALDERA\johnny.douche"
MY-CAL-WIN10.my-caldera.local,11,"File created:
RuleName: DO
UtcTime: 2024-08-20 00:14:56.511
ProcessGuid: {ca24abc9-dffc-66c3-ef02-000000001d00}
ProcessId: 11020
Image: C:\Program Files (x86)\Microsoft Office\Root\Office16\WINWORD.EXE
TargetFilename: C:\Users\johnny.douche\AppData\Local\Microsoft\Office\16.0\winword.exe_Rules\rule700951v1.xml
CreationUtcTime: 2024-08-20 00:14:56.511
User: MY-CALDERA\johnny.douche"
MY-CAL-WIN10.my-caldera.local,11,"File created:
RuleName: DO
UtcTime: 2024-08-20 00:14:56.512
ProcessGuid: {ca24abc9-dffc-66c3-ef02-000000001d00}
ProcessId: 11020
Image: C:\Program Files (x86)\Microsoft Office\Root\Office16\WINWORD.EXE
TargetFilename: C:\Users\johnny.douche\AppData\Local\Microsoft\Office\16.0\winword.exe_Rules\rule701050v1.xml
CreationUtcTime: 2024-08-20 00:14:56.512
User: MY-CALDERA\johnny.douche"
MY-CAL-WIN10.my-caldera.local,11,"File created:
RuleName: DO
UtcTime: 2024-08-20 00:14:56.513
ProcessGuid: {ca24abc9-dffc-66c3-ef02-000000001d00}
ProcessId: 11020
Image: C:\Program Files (x86)\Microsoft Office\Root\Office16\WINWORD.EXE
TargetFilename: C:\Users\johnny.douche\AppData\Local\Microsoft\Office\16.0\winword.exe_Rules\rule701051v1.xml
CreationUtcTime: 2024-08-20 00:14:56.513
User: MY-CALDERA\johnny.douche"
MY-CAL-WIN10.my-caldera.local,11,"File created:
RuleName: DO
UtcTime: 2024-08-20 00:14:56.515
ProcessGuid: {ca24abc9-dffc-66c3-ef02-000000001d00}
ProcessId: 11020
Image: C:\Program Files (x86)\Microsoft Office\Root\Office16\WINWORD.EXE
TargetFilename: C:\Users\johnny.douche\AppData\Local\Microsoft\Office\16.0\winword.exe_Rules\rule701100v1.xml
CreationUtcTime: 2024-08-20 00:14:56.515
User: MY-CALDERA\johnny.douche"
MY-CAL-WIN10.my-caldera.local,11,"File created:
RuleName: DO
UtcTime: 2024-08-20 00:14:56.516
ProcessGuid: {ca24abc9-dffc-66c3-ef02-000000001d00}
ProcessId: 11020
Image: C:\Program Files (x86)\Microsoft Office\Root\Office16\WINWORD.EXE
TargetFilename: C:\Users\johnny.douche\AppData\Local\Microsoft\Office\16.0\winword.exe_Rules\rule701101v1.xml
CreationUtcTime: 2024-08-20 00:14:56.516
User: MY-CALDERA\johnny.douche"
MY-CAL-WIN10.my-caldera.local,11,"File created:
RuleName: DO
UtcTime: 2024-08-20 00:14:56.517
ProcessGuid: {ca24abc9-dffc-66c3-ef02-000000001d00}
ProcessId: 11020
Image: C:\Program Files (x86)\Microsoft Office\Root\Office16\WINWORD.EXE
TargetFilename: C:\Users\johnny.douche\AppData\Local\Microsoft\Office\16.0\winword.exe_Rules\rule701150v1.xml
CreationUtcTime: 2024-08-20 00:14:56.517
User: MY-CALDERA\johnny.douche"
MY-CAL-WIN10.my-caldera.local,11,"File created:
RuleName: DO
UtcTime: 2024-08-20 00:14:56.518
ProcessGuid: {ca24abc9-dffc-66c3-ef02-000000001d00}
ProcessId: 11020
Image: C:\Program Files (x86)\Microsoft Office\Root\Office16\WINWORD.EXE
TargetFilename: C:\Users\johnny.douche\AppData\Local\Microsoft\Office\16.0\winword.exe_Rules\rule701151v1.xml
CreationUtcTime: 2024-08-20 00:14:56.518
User: MY-CALDERA\johnny.douche"
MY-CAL-WIN10.my-caldera.local,11,"File created:
RuleName: DO
UtcTime: 2024-08-20 00:14:56.521
ProcessGuid: {ca24abc9-dffc-66c3-ef02-000000001d00}
ProcessId: 11020
Image: C:\Program Files (x86)\Microsoft Office\Root\Office16\WINWORD.EXE
TargetFilename: C:\Users\johnny.douche\AppData\Local\Microsoft\Office\16.0\winword.exe_Rules\rule701200v1.xml
CreationUtcTime: 2024-08-20 00:14:56.520
User: MY-CALDERA\johnny.douche"
MY-CAL-WIN10.my-caldera.local,11,"File created:
RuleName: DO
UtcTime: 2024-08-20 00:14:56.522
ProcessGuid: {ca24abc9-dffc-66c3-ef02-000000001d00}
ProcessId: 11020
Image: C:\Program Files (x86)\Microsoft Office\Root\Office16\WINWORD.EXE
TargetFilename: C:\Users\johnny.douche\AppData\Local\Microsoft\Office\16.0\winword.exe_Rules\rule701201v1.xml
CreationUtcTime: 2024-08-20 00:14:56.522
User: MY-CALDERA\johnny.douche"
MY-CAL-WIN10.my-caldera.local,11,"File created:
RuleName: DO
UtcTime: 2024-08-20 00:14:56.523
ProcessGuid: {ca24abc9-dffc-66c3-ef02-000000001d00}
ProcessId: 11020
Image: C:\Program Files (x86)\Microsoft Office\Root\Office16\WINWORD.EXE
TargetFilename: C:\Users\johnny.douche\AppData\Local\Microsoft\Office\16.0\winword.exe_Rules\rule701250v1.xml
CreationUtcTime: 2024-08-20 00:14:56.523
User: MY-CALDERA\johnny.douche"
MY-CAL-WIN10.my-caldera.local,11,"File created:
RuleName: DO
UtcTime: 2024-08-20 00:14:56.524
ProcessGuid: {ca24abc9-dffc-66c3-ef02-000000001d00}
ProcessId: 11020
Image: C:\Program Files (x86)\Microsoft Office\Root\Office16\WINWORD.EXE
TargetFilename: C:\Users\johnny.douche\AppData\Local\Microsoft\Office\16.0\winword.exe_Rules\rule701251v1.xml
CreationUtcTime: 2024-08-20 00:14:56.524
User: MY-CALDERA\johnny.douche"
MY-CAL-WIN10.my-caldera.local,11,"File created:
RuleName: DO
UtcTime: 2024-08-20 00:14:56.526
ProcessGuid: {ca24abc9-dffc-66c3-ef02-000000001d00}
ProcessId: 11020
Image: C:\Program Files (x86)\Microsoft Office\Root\Office16\WINWORD.EXE
TargetFilename: C:\Users\johnny.douche\AppData\Local\Microsoft\Office\16.0\winword.exe_Rules\rule701300v1.xml
CreationUtcTime: 2024-08-20 00:14:56.526
User: MY-CALDERA\johnny.douche"
MY-CAL-WIN10.my-caldera.local,11,"File created:
RuleName: DO
UtcTime: 2024-08-20 00:14:56.527
ProcessGuid: {ca24abc9-dffc-66c3-ef02-000000001d00}
ProcessId: 11020
Image: C:\Program Files (x86)\Microsoft Office\Root\Office16\WINWORD.EXE
TargetFilename: C:\Users\johnny.douche\AppData\Local\Microsoft\Office\16.0\winword.exe_Rules\rule701301v1.xml
CreationUtcTime: 2024-08-20 00:14:56.527
User: MY-CALDERA\johnny.douche"
MY-CAL-WIN10.my-caldera.local,11,"File created:
RuleName: DO
UtcTime: 2024-08-20 00:14:56.529
ProcessGuid: {ca24abc9-dffc-66c3-ef02-000000001d00}
ProcessId: 11020
Image: C:\Program Files (x86)\Microsoft Office\Root\Office16\WINWORD.EXE
TargetFilename: C:\Users\johnny.douche\AppData\Local\Microsoft\Office\16.0\winword.exe_Rules\rule701350v1.xml
CreationUtcTime: 2024-08-20 00:14:56.528
User: MY-CALDERA\johnny.douche"
MY-CAL-WIN10.my-caldera.local,11,"File created:
RuleName: DO
UtcTime: 2024-08-20 00:14:56.421
ProcessGuid: {ca24abc9-dffc-66c3-ef02-000000001d00}
ProcessId: 11020
Image: C:\Program Files (x86)\Microsoft Office\Root\Office16\WINWORD.EXE
TargetFilename: C:\Users\johnny.douche\AppData\Local\Microsoft\Office\16.0\winword.exe_Rules\rule68024v2.xml
CreationUtcTime: 2024-08-20 00:14:56.421
User: MY-CALDERA\johnny.douche"
MY-CAL-WIN10.my-caldera.local,11,"File created:
RuleName: DO
UtcTime: 2024-08-20 00:14:56.422
ProcessGuid: {ca24abc9-dffc-66c3-ef02-000000001d00}
ProcessId: 11020
Image: C:\Program Files (x86)\Microsoft Office\Root\Office16\WINWORD.EXE
TargetFilename: C:\Users\johnny.douche\AppData\Local\Microsoft\Office\16.0\winword.exe_Rules\rule68025v1.xml
CreationUtcTime: 2024-08-20 00:14:56.422
User: MY-CALDERA\johnny.douche"
MY-CAL-WIN10.my-caldera.local,11,"File created:
RuleName: Sysmonv1514
UtcTime: 2024-08-20 00:13:30.997
ProcessGuid: {ca24abc9-d6b1-66c3-ba00-000000001d00}
ProcessId: 6760
Image: C:\Program Files\WinlogBeat\winlogbeat.exe
TargetFilename: C:\ProgramData\winlogbeat\.winlogbeat.yml.new
CreationUtcTime: 2024-08-20 00:11:02.025
User: NT AUTHORITY\SYSTEM"
MY-CAL-WIN10.my-caldera.local,11,"File created:
RuleName: DO
UtcTime: 2024-08-20 00:13:32.868
ProcessGuid: {ca24abc9-dfa7-66c3-cc02-000000001d00}
ProcessId: 10524
Image: C:\Windows\System32\WindowsPowerShell\v1.0\powershell.exe
TargetFilename: C:\Users\johnny.douche\AppData\Local\Microsoft\Windows\PowerShell\StartupProfileData-NonInteractive
CreationUtcTime: 2024-03-28 01:06:06.420
User: MY-CALDERA\johnny.douche"
MY-CAL-WIN10.my-caldera.local,11,"File created:
RuleName: DLL
UtcTime: 2024-08-20 00:13:43.097
ProcessGuid: {ca24abc9-df83-66c3-8a02-000000001d00}
ProcessId: 6596
Image: C:\Windows\system32\msiexec.exe
TargetFilename: C:\Windows\WinSxS\InstallTemp\20240819171342111.0\mfcm90.dll
CreationUtcTime: 2024-08-20 00:13:43.096
User: NT AUTHORITY\SYSTEM"
MY-CAL-WIN10.my-caldera.local,11,"File created:
RuleName: DLL
UtcTime: 2024-08-20 00:13:43.123
ProcessGuid: {ca24abc9-df83-66c3-8a02-000000001d00}
ProcessId: 6596
Image: C:\Windows\system32\msiexec.exe
TargetFilename: C:\Windows\WinSxS\InstallTemp\20240819171342111.0\mfcm90u.dll
CreationUtcTime: 2024-08-20 00:13:43.122
User: NT AUTHORITY\SYSTEM"
MY-CAL-WIN10.my-caldera.local,11,"File created:
RuleName: DLL
UtcTime: 2024-08-20 00:13:43.137
ProcessGuid: {ca24abc9-df83-66c3-8a02-000000001d00}
ProcessId: 6596
Image: C:\Windows\system32\msiexec.exe
TargetFilename: C:\Windows\WinSxS\InstallTemp\20240819171342101.0\msvcm90.dll
CreationUtcTime: 2024-08-20 00:13:43.137
User: NT AUTHORITY\SYSTEM"
MY-CAL-WIN10.my-caldera.local,11,"File created:
RuleName: DLL
UtcTime: 2024-08-20 00:13:43.160
ProcessGuid: {ca24abc9-df83-66c3-8a02-000000001d00}
ProcessId: 6596
Image: C:\Windows\system32\msiexec.exe
TargetFilename: C:\Windows\WinSxS\InstallTemp\20240819171342101.0\msvcp90.dll
CreationUtcTime: 2024-08-20 00:13:43.159
User: NT AUTHORITY\SYSTEM"
MY-CAL-WIN10.my-caldera.local,11,"File created:
RuleName: DLL
UtcTime: 2024-08-20 00:13:43.202
ProcessGuid: {ca24abc9-df83-66c3-8a02-000000001d00}
ProcessId: 6596
Image: C:\Windows\system32\msiexec.exe
TargetFilename: C:\Windows\WinSxS\InstallTemp\20240819171342101.0\msvcr90.dll
CreationUtcTime: 2024-08-20 00:13:43.201
User: NT AUTHORITY\SYSTEM"
MY-CAL-WIN10.my-caldera.local,11,"File created:
RuleName: DLL
UtcTime: 2024-08-20 00:13:43.295
ProcessGuid: {ca24abc9-df83-66c3-8a02-000000001d00}
ProcessId: 6596
Image: C:\Windows\system32\msiexec.exe
TargetFilename: C:\Windows\WinSxS\InstallTemp\20240819171342159.0\vcomp90.dll
CreationUtcTime: 2024-08-20 00:13:43.295
User: NT AUTHORITY\SYSTEM"
MY-CAL-WIN10.my-caldera.local,11,"File created:
RuleName: Sysmonv1514
UtcTime: 2024-08-20 00:14:05.054
ProcessGuid: {ca24abc9-df9d-66c3-ba02-000000001d00}
ProcessId: 9024
Image: C:\Windows\system32\svchost.exe
TargetFilename: C:\ProgramData\Microsoft\Windows\DeviceMetadataCache\dmrc.idx.0
CreationUtcTime: 2024-08-20 00:14:05.054
User: NT AUTHORITY\SYSTEM"
MY-CAL-WIN10.my-caldera.local,11,"File created:
RuleName: Sysmonv1514
UtcTime: 2024-08-20 00:14:07.362
ProcessGuid: {ca24abc9-d6b1-66c3-ba00-000000001d00}
ProcessId: 6760
Image: C:\Program Files\WinlogBeat\winlogbeat.exe
TargetFilename: C:\ProgramData\winlogbeat\.winlogbeat.yml.new
CreationUtcTime: 2024-08-20 00:11:02.025
User: NT AUTHORITY\SYSTEM"
MY-CAL-WIN10.my-caldera.local,11,"File created:
RuleName: Sysmonv1514
UtcTime: 2024-08-20 00:14:22.400
ProcessGuid: {ca24abc9-d6b1-66c3-ba00-000000001d00}
ProcessId: 6760
Image: C:\Program Files\WinlogBeat\winlogbeat.exe
TargetFilename: C:\ProgramData\winlogbeat\.winlogbeat.yml.new
CreationUtcTime: 2024-08-20 00:11:02.025
User: NT AUTHORITY\SYSTEM"
MY-CAL-WIN10.my-caldera.local,11,"File created:
RuleName: Downloads
UtcTime: 2024-08-20 00:14:23.126
ProcessGuid: {ca24abc9-dfac-66c3-d102-000000001d00}
ProcessId: 10904
Image: C:\Windows\System32\WindowsPowerShell\v1.0\powershell.exe
TargetFilename: C:\Users\Public\Downloads\rclone-v1.67.0-windows-amd64
CreationUtcTime: 2024-08-20 00:14:23.126
User: MY-CALDERA\johnny.douche"
MY-CAL-WIN10.my-caldera.local,11,"File created:
RuleName: Downloads
UtcTime: 2024-08-20 00:14:23.181
ProcessGuid: {ca24abc9-dfac-66c3-d102-000000001d00}
ProcessId: 10904
Image: C:\Windows\System32\WindowsPowerShell\v1.0\powershell.exe
TargetFilename: C:\Users\Public\Downloads\rclone-v1.67.0-windows-amd64\git-log.txt
CreationUtcTime: 2024-08-20 00:14:23.180
User: MY-CALDERA\johnny.douche"
MY-CAL-WIN10.my-caldera.local,11,"File created:
RuleName: Downloads
UtcTime: 2024-08-20 00:14:23.218
ProcessGuid: {ca24abc9-dfac-66c3-d102-000000001d00}
ProcessId: 10904
Image: C:\Windows\System32\WindowsPowerShell\v1.0\powershell.exe
TargetFilename: C:\Users\Public\Downloads\rclone-v1.67.0-windows-amd64\rclone.1
CreationUtcTime: 2024-08-20 00:14:23.218
User: MY-CALDERA\johnny.douche"
MY-CAL-WIN10.my-caldera.local,11,"File created:
RuleName: Downloads
UtcTime: 2024-08-20 00:14:23.278
ProcessGuid: {ca24abc9-dfac-66c3-d102-000000001d00}
ProcessId: 10904
Image: C:\Windows\System32\WindowsPowerShell\v1.0\powershell.exe
TargetFilename: C:\Users\Public\Downloads\rclone-v1.67.0-windows-amd64\rclone.exe
CreationUtcTime: 2024-08-20 00:14:23.278
User: MY-CALDERA\johnny.douche"
MY-CAL-WIN10.my-caldera.local,11,"File created:
RuleName: DO
UtcTime: 2024-08-20 00:14:46.816
ProcessGuid: {ca24abc9-dff6-66c3-ea02-000000001d00}
ProcessId: 7456
Image: C:\Program Files (x86)\Microsoft Office\Root\Office16\WINWORD.EXE
TargetFilename: C:\Users\JOHNNY~1.DOU\AppData\Local\Temp\{2B881BC1-39F2-4324-8EF6-FCFF39AFEA96} - OProcSessId.dat
CreationUtcTime: 2024-08-20 00:14:46.815
User: MY-CALDERA\johnny.douche"
MY-CAL-WIN10.my-caldera.local,11,"File created:
RuleName: DO
UtcTime: 2024-08-20 00:14:57.138
ProcessGuid: {ca24abc9-e000-66c3-f102-000000001d00}
ProcessId: 10216
Image: C:\Windows\System32\WindowsPowerShell\v1.0\powershell.exe
TargetFilename: C:\Users\johnny.douche\AppData\Local\Microsoft\Windows\PowerShell\StartupProfileData-NonInteractive
CreationUtcTime: 2024-03-28 01:06:06.420
User: MY-CALDERA\johnny.douche"
MY-CAL-WIN10.my-caldera.local,11,"File created:
RuleName: Sysmonv1514
UtcTime: 2024-08-20 00:15:08.646
ProcessGuid: {ca24abc9-d6b1-66c3-ba00-000000001d00}
ProcessId: 6760
Image: C:\Program Files\WinlogBeat\winlogbeat.exe
TargetFilename: C:\ProgramData\winlogbeat\.winlogbeat.yml.new
CreationUtcTime: 2024-08-20 00:11:02.025
User: NT AUTHORITY\SYSTEM"
MY-CAL-WIN10.my-caldera.local,11,"File created:
RuleName: EXE
UtcTime: 2024-08-20 00:15:08.799
ProcessGuid: {ca24abc9-e00b-66c3-0203-000000001d00}
ProcessId: 9856
Image: C:\Windows\System32\WindowsPowerShell\v1.0\powershell.exe
TargetFilename: C:\AtomicRedTeam\ExternalPayloads\autoit-v3-setup.exe
CreationUtcTime: 2024-08-20 00:15:08.799
User: MY-CALDERA\johnny.douche"
