MY-CAL-WIN10.my-caldera.local,11,"File created:
RuleName: DO
UtcTime: 2024-08-20 00:32:16.151
ProcessGuid: {ca24abc9-e410-66c3-7906-000000001d00}
ProcessId: 9388
Image: C:\Windows\Microsoft.NET\Framework64\v4.0.30319\cvtres.exe
TargetFilename: C:\Users\JOHNNY~1.DOU\AppData\Local\Temp\RESEE12.tmp
CreationUtcTime: 2024-08-20 00:32:16.115
User: MY-CALDERA\johnny.douche"
MY-CAL-WIN10.my-caldera.local,11,"File created:
RuleName: DO
UtcTime: 2024-08-20 00:32:15.872
ProcessGuid: {ca24abc9-e40e-66c3-7606-000000001d00}
ProcessId: 7428
Image: C:\Windows\System32\WindowsPowerShell\v1.0\powershell.exe
TargetFilename: C:\Users\johnny.douche\AppData\Local\Temp\5ejqm1fv\5ejqm1fv.0.cs
CreationUtcTime: 2024-08-20 00:32:15.872
User: MY-CALDERA\johnny.douche"
MY-CAL-WIN10.my-caldera.local,11,"File created:
RuleName: Sysmonv1514
UtcTime: 2024-08-20 00:32:15.875
ProcessGuid: {ca24abc9-e40e-66c3-7606-000000001d00}
ProcessId: 7428
Image: C:\Windows\System32\WindowsPowerShell\v1.0\powershell.exe
TargetFilename: C:\Users\johnny.douche\AppData\Local\Temp\5ejqm1fv\5ejqm1fv.cmdline
CreationUtcTime: 2024-08-20 00:32:15.875
User: MY-CALDERA\johnny.douche"
MY-CAL-WIN10.my-caldera.local,11,"File created:
RuleName: Sysmonv1514
UtcTime: 2024-08-20 00:32:15.690
ProcessGuid: {ca24abc9-d6b1-66c3-ba00-000000001d00}
ProcessId: 6760
Image: C:\Program Files\WinlogBeat\winlogbeat.exe
TargetFilename: C:\ProgramData\winlogbeat\.winlogbeat.yml.new
CreationUtcTime: 2024-08-20 00:11:02.025
User: NT AUTHORITY\SYSTEM"
MY-CAL-WIN10.my-caldera.local,11,"File created:
RuleName: DO
UtcTime: 2024-08-20 00:32:16.116
ProcessGuid: {ca24abc9-e40f-66c3-7806-000000001d00}
ProcessId: 8808
Image: C:\Windows\Microsoft.NET\Framework64\v4.0.30319\csc.exe
TargetFilename: C:\Users\JOHNNY~1.DOU\AppData\Local\Temp\RESEE12.tmp
CreationUtcTime: 2024-08-20 00:32:16.115
User: MY-CALDERA\johnny.douche"
MY-CAL-WIN10.my-caldera.local,11,"File created:
RuleName: DO
UtcTime: 2024-08-20 00:32:15.871
ProcessGuid: {ca24abc9-e40e-66c3-7606-000000001d00}
ProcessId: 7428
Image: C:\Windows\System32\WindowsPowerShell\v1.0\powershell.exe
TargetFilename: C:\Users\johnny.douche\AppData\Local\Temp\5ejqm1fv
CreationUtcTime: 2024-08-20 00:32:15.870
User: MY-CALDERA\johnny.douche"
MY-CAL-WIN10.my-caldera.local,11,"File created:
RuleName: DLL
UtcTime: 2024-08-20 00:32:15.874
ProcessGuid: {ca24abc9-e40e-66c3-7606-000000001d00}
ProcessId: 7428
Image: C:\Windows\System32\WindowsPowerShell\v1.0\powershell.exe
TargetFilename: C:\Users\johnny.douche\AppData\Local\Temp\5ejqm1fv\5ejqm1fv.dll
CreationUtcTime: 2024-08-20 00:32:15.874
User: MY-CALDERA\johnny.douche"
MY-CAL-WIN10.my-caldera.local,11,"File created:
RuleName: DLL
UtcTime: 2024-08-20 00:32:16.159
ProcessGuid: {ca24abc9-e40f-66c3-7806-000000001d00}
ProcessId: 8808
Image: C:\Windows\Microsoft.NET\Framework64\v4.0.30319\csc.exe
TargetFilename: C:\Users\johnny.douche\AppData\Local\Temp\5ejqm1fv\5ejqm1fv.dll
CreationUtcTime: 2024-08-20 00:32:15.874
User: MY-CALDERA\johnny.douche"
MY-CAL-WIN10.my-caldera.local,11,"File created:
RuleName: DO
UtcTime: 2024-08-20 00:32:15.879
ProcessGuid: {ca24abc9-e40e-66c3-7606-000000001d00}
ProcessId: 7428
Image: C:\Windows\System32\WindowsPowerShell\v1.0\powershell.exe
TargetFilename: C:\Users\johnny.douche\AppData\Local\Temp\5ejqm1fv\5ejqm1fv.out
CreationUtcTime: 2024-08-20 00:32:15.877
User: MY-CALDERA\johnny.douche"
MY-CAL-WIN10.my-caldera.local,11,"File created:
RuleName: DO
UtcTime: 2024-08-20 00:32:38.187
ProcessGuid: {ca24abc9-e425-66c3-8806-000000001d00}
ProcessId: 10420
Image: C:\Windows\System32\WindowsPowerShell\v1.0\powershell.exe
TargetFilename: C:\Users\johnny.douche\AppData\Local\Microsoft\Windows\PowerShell\StartupProfileData-NonInteractive
CreationUtcTime: 2024-03-28 01:06:06.420
User: MY-CALDERA\johnny.douche"
MY-CAL-WIN10.my-caldera.local,11,"File created:
RuleName: DO
UtcTime: 2024-08-20 00:32:37.820
ProcessGuid: {ca24abc9-e417-66c3-8406-000000001d00}
ProcessId: 10252
Image: C:\Windows\System32\WindowsPowerShell\v1.0\powershell.exe
TargetFilename: C:\Users\johnny.douche\AppData\Local\Microsoft\Windows\PowerShell\StartupProfileData-NonInteractive
CreationUtcTime: 2024-03-28 01:06:06.420
User: MY-CALDERA\johnny.douche"
MY-CAL-WIN10.my-caldera.local,11,"File created:
RuleName: DO
UtcTime: 2024-08-20 00:32:38.583
ProcessGuid: {ca24abc9-e426-66c3-8906-000000001d00}
ProcessId: 10168
Image: C:\Windows\System32\WindowsPowerShell\v1.0\powershell.exe
TargetFilename: C:\Users\johnny.douche\AppData\Local\Microsoft\Windows\PowerShell\StartupProfileData-NonInteractive
CreationUtcTime: 2024-03-28 01:06:06.420
User: MY-CALDERA\johnny.douche"
MY-CAL-WIN10.my-caldera.local,11,"File created:
RuleName: DO
UtcTime: 2024-08-20 00:32:40.418
ProcessGuid: {ca24abc9-e426-66c3-8a06-000000001d00}
ProcessId: 10424
Image: C:\Windows\System32\WindowsPowerShell\v1.0\powershell.exe
TargetFilename: C:\Users\johnny.douche\AppData\Local\Temp\Microsoft.PackageManagement\jx5pxwnf.exa
CreationUtcTime: 2024-08-20 00:32:40.373
User: MY-CALDERA\johnny.douche"
MY-CAL-WIN10.my-caldera.local,11,"File created:
RuleName: DO
UtcTime: 2024-08-20 00:32:40.427
ProcessGuid: {ca24abc9-e426-66c3-8a06-000000001d00}
ProcessId: 10424
Image: C:\Windows\System32\WindowsPowerShell\v1.0\powershell.exe
TargetFilename: C:\Users\johnny.douche\AppData\Local\Temp\Microsoft.PackageManagement\jx5pxwnf.exa
CreationUtcTime: 2024-08-20 00:32:40.373
User: MY-CALDERA\johnny.douche"
MY-CAL-WIN10.my-caldera.local,11,"File created:
RuleName: DO
UtcTime: 2024-08-20 00:32:42.027
ProcessGuid: {ca24abc9-e426-66c3-8a06-000000001d00}
ProcessId: 10424
Image: C:\Windows\System32\WindowsPowerShell\v1.0\powershell.exe
TargetFilename: C:\Users\johnny.douche\AppData\Local\Microsoft\Windows\PowerShell\StartupProfileData-NonInteractive
CreationUtcTime: 2024-03-28 01:06:06.420
User: MY-CALDERA\johnny.douche"
MY-CAL-WIN10.my-caldera.local,11,"File created:
RuleName: Sysmonv1514
UtcTime: 2024-08-20 00:32:41.184
ProcessGuid: {ca24abc9-d6b1-66c3-ba00-000000001d00}
ProcessId: 6760
Image: C:\Program Files\WinlogBeat\winlogbeat.exe
TargetFilename: C:\ProgramData\winlogbeat\.winlogbeat.yml.new
CreationUtcTime: 2024-08-20 00:11:02.025
User: NT AUTHORITY\SYSTEM"
MY-CAL-WIN10.my-caldera.local,11,"File created:
RuleName: DO
UtcTime: 2024-08-20 00:32:40.374
ProcessGuid: {ca24abc9-e426-66c3-8a06-000000001d00}
ProcessId: 10424
Image: C:\Windows\System32\WindowsPowerShell\v1.0\powershell.exe
TargetFilename: C:\Users\johnny.douche\AppData\Local\Temp\Microsoft.PackageManagement\jx5pxwnf.exa
CreationUtcTime: 2024-08-20 00:32:40.373
User: MY-CALDERA\johnny.douche"
MY-CAL-WIN10.my-caldera.local,11,"File created:
RuleName: Sysmonv1514
UtcTime: 2024-08-20 00:32:44.916
ProcessGuid: {ca24abc9-d6b1-66c3-ba00-000000001d00}
ProcessId: 6760
Image: C:\Program Files\WinlogBeat\winlogbeat.exe
TargetFilename: C:\ProgramData\winlogbeat\.winlogbeat.yml.new
CreationUtcTime: 2024-08-20 00:11:02.025
User: NT AUTHORITY\SYSTEM"
MY-CAL-WIN10.my-caldera.local,11,"File created:
RuleName: DO
UtcTime: 2024-08-20 00:32:44.513
ProcessGuid: {ca24abc9-e42a-66c3-9006-000000001d00}
ProcessId: 8316
Image: C:\Windows\System32\WindowsPowerShell\v1.0\powershell.exe
TargetFilename: C:\Users\johnny.douche\AppData\Local\Temp\Microsoft.PackageManagement\3k2d2xzg.uju
CreationUtcTime: 2024-08-20 00:32:44.512
User: MY-CALDERA\johnny.douche"
MY-CAL-WIN10.my-caldera.local,11,"File created:
RuleName: Sysmonv1514
UtcTime: 2024-08-20 00:33:04.267
ProcessGuid: {ca24abc9-d6b1-66c3-ba00-000000001d00}
ProcessId: 6760
Image: C:\Program Files\WinlogBeat\winlogbeat.exe
TargetFilename: C:\ProgramData\winlogbeat\.winlogbeat.yml.new
CreationUtcTime: 2024-08-20 00:11:02.025
User: NT AUTHORITY\SYSTEM"
MY-CAL-WIN10.my-caldera.local,11,"File created:
RuleName: DO
UtcTime: 2024-08-20 00:33:22.047
ProcessGuid: {ca24abc9-e43a-66c3-9606-000000001d00}
ProcessId: 8436
Image: C:\Windows\System32\WindowsPowerShell\v1.0\powershell.exe
TargetFilename: C:\Users\johnny.douche\AppData\Local\Temp\Microsoft.PackageManagement\fidczb4o.01s
CreationUtcTime: 2024-08-20 00:32:59.856
User: MY-CALDERA\johnny.douche"
MY-CAL-WIN10.my-caldera.local,11,"File created:
RuleName: DO
UtcTime: 2024-08-20 00:33:26.622
ProcessGuid: {ca24abc9-e454-66c3-a306-000000001d00}
ProcessId: 6004
Image: C:\Windows\System32\WindowsPowerShell\v1.0\powershell.exe
TargetFilename: C:\Users\johnny.douche\AppData\Local\Temp\Microsoft.PackageManagement\aodxrcaw.xqh
CreationUtcTime: 2024-08-20 00:33:26.621
User: MY-CALDERA\johnny.douche"
MY-CAL-WIN10.my-caldera.local,11,"File created:
RuleName: DO
UtcTime: 2024-08-20 00:33:26.674
ProcessGuid: {ca24abc9-e454-66c3-a306-000000001d00}
ProcessId: 6004
Image: C:\Windows\System32\WindowsPowerShell\v1.0\powershell.exe
TargetFilename: C:\Users\johnny.douche\AppData\Local\Temp\Microsoft.PackageManagement\aodxrcaw.xqh
CreationUtcTime: 2024-08-20 00:33:26.621
User: MY-CALDERA\johnny.douche"
MY-CAL-WIN10.my-caldera.local,11,"File created:
RuleName: DO
UtcTime: 2024-08-20 00:33:26.684
ProcessGuid: {ca24abc9-e454-66c3-a306-000000001d00}
ProcessId: 6004
Image: C:\Windows\System32\WindowsPowerShell\v1.0\powershell.exe
TargetFilename: C:\Users\johnny.douche\AppData\Local\Temp\Microsoft.PackageManagement\aodxrcaw.xqh
CreationUtcTime: 2024-08-20 00:33:26.621
User: MY-CALDERA\johnny.douche"
MY-CAL-WIN10.my-caldera.local,11,"File created:
RuleName: DO
UtcTime: 2024-08-20 00:33:56.253
ProcessGuid: {ca24abc9-e474-66c3-ce06-000000001d00}
ProcessId: 9432
Image: C:\Windows\Microsoft.NET\Framework64\v4.0.30319\cvtres.exe
TargetFilename: C:\Users\JOHNNY~1.DOU\AppData\Local\Temp\RES7520.tmp
CreationUtcTime: 2024-08-20 00:33:56.228
User: MY-CALDERA\johnny.douche"
MY-CAL-WIN10.my-caldera.local,11,"File created:
RuleName: Sysmonv1514
UtcTime: 2024-08-20 00:33:56.057
ProcessGuid: {ca24abc9-e473-66c3-ca06-000000001d00}
ProcessId: 9536
Image: C:\Windows\System32\WindowsPowerShell\v1.0\powershell.exe
TargetFilename: C:\Users\johnny.douche\AppData\Local\Temp\1nraxrdn\1nraxrdn.cmdline
CreationUtcTime: 2024-08-20 00:33:56.057
User: MY-CALDERA\johnny.douche"
MY-CAL-WIN10.my-caldera.local,11,"File created:
RuleName: DO
UtcTime: 2024-08-20 00:33:56.226
ProcessGuid: {ca24abc9-e474-66c3-cd06-000000001d00}
ProcessId: 4372
Image: C:\Windows\Microsoft.NET\Framework64\v4.0.30319\csc.exe
TargetFilename: C:\Users\johnny.douche\AppData\Local\Temp\1nraxrdn\CSCAA50B80F45F44C6DB9C1AF5B34162513.TMP
CreationUtcTime: 2024-08-20 00:33:56.226
User: MY-CALDERA\johnny.douche"
MY-CAL-WIN10.my-caldera.local,11,"File created:
RuleName: DO
UtcTime: 2024-08-20 00:33:55.144
ProcessGuid: {ca24abc9-e472-66c3-c806-000000001d00}
ProcessId: 2516
Image: C:\Windows\System32\WindowsPowerShell\v1.0\powershell.exe
TargetFilename: C:\Users\johnny.douche\AppData\Local\Microsoft\Windows\PowerShell\StartupProfileData-NonInteractive
CreationUtcTime: 2024-03-28 01:06:06.420
User: MY-CALDERA\johnny.douche"
MY-CAL-WIN10.my-caldera.local,11,"File created:
RuleName: DLL
UtcTime: 2024-08-20 00:33:56.264
ProcessGuid: {ca24abc9-e474-66c3-cd06-000000001d00}
ProcessId: 4372
Image: C:\Windows\Microsoft.NET\Framework64\v4.0.30319\csc.exe
TargetFilename: C:\Users\johnny.douche\AppData\Local\Temp\1nraxrdn\1nraxrdn.dll
CreationUtcTime: 2024-08-20 00:33:56.056
User: MY-CALDERA\johnny.douche"
MY-CAL-WIN10.my-caldera.local,11,"File created:
RuleName: DLL
UtcTime: 2024-08-20 00:33:56.056
ProcessGuid: {ca24abc9-e473-66c3-ca06-000000001d00}
ProcessId: 9536
Image: C:\Windows\System32\WindowsPowerShell\v1.0\powershell.exe
TargetFilename: C:\Users\johnny.douche\AppData\Local\Temp\1nraxrdn\1nraxrdn.dll
CreationUtcTime: 2024-08-20 00:33:56.056
User: MY-CALDERA\johnny.douche"
MY-CAL-WIN10.my-caldera.local,11,"File created:
RuleName: DO
UtcTime: 2024-08-20 00:33:56.078
ProcessGuid: {ca24abc9-e473-66c3-ca06-000000001d00}
ProcessId: 9536
Image: C:\Windows\System32\WindowsPowerShell\v1.0\powershell.exe
TargetFilename: C:\Users\johnny.douche\AppData\Local\Temp\1nraxrdn\1nraxrdn.err
CreationUtcTime: 2024-08-20 00:33:56.077
User: MY-CALDERA\johnny.douche"
MY-CAL-WIN10.my-caldera.local,11,"File created:
RuleName: DO
UtcTime: 2024-08-20 00:33:56.054
ProcessGuid: {ca24abc9-e473-66c3-ca06-000000001d00}
ProcessId: 9536
Image: C:\Windows\System32\WindowsPowerShell\v1.0\powershell.exe
TargetFilename: C:\Users\johnny.douche\AppData\Local\Temp\1nraxrdn
CreationUtcTime: 2024-08-20 00:33:56.053
User: MY-CALDERA\johnny.douche"
MY-CAL-WIN10.my-caldera.local,11,"File created:
RuleName: DO
UtcTime: 2024-08-20 00:33:56.077
ProcessGuid: {ca24abc9-e473-66c3-ca06-000000001d00}
ProcessId: 9536
Image: C:\Windows\System32\WindowsPowerShell\v1.0\powershell.exe
TargetFilename: C:\Users\johnny.douche\AppData\Local\Temp\1nraxrdn\1nraxrdn.out
CreationUtcTime: 2024-08-20 00:33:56.059
User: MY-CALDERA\johnny.douche"
MY-CAL-WIN10.my-caldera.local,11,"File created:
RuleName: DO
UtcTime: 2024-08-20 00:33:56.228
ProcessGuid: {ca24abc9-e474-66c3-cd06-000000001d00}
ProcessId: 4372
Image: C:\Windows\Microsoft.NET\Framework64\v4.0.30319\csc.exe
TargetFilename: C:\Users\JOHNNY~1.DOU\AppData\Local\Temp\RES7520.tmp
CreationUtcTime: 2024-08-20 00:33:56.228
User: MY-CALDERA\johnny.douche"
MY-CAL-WIN10.my-caldera.local,11,"File created:
RuleName: DO
UtcTime: 2024-08-20 00:33:57.090
ProcessGuid: {ca24abc9-e473-66c3-ca06-000000001d00}
ProcessId: 9536
Image: C:\Windows\System32\WindowsPowerShell\v1.0\powershell.exe
TargetFilename: C:\Users\johnny.douche\AppData\Local\Temp\Microsoft.PackageManagement\hcaz0a4w.qjt
CreationUtcTime: 2024-08-20 00:33:57.090
User: MY-CALDERA\johnny.douche"
MY-CAL-WIN10.my-caldera.local,11,"File created:
RuleName: DO
UtcTime: 2024-08-20 00:33:56.054
ProcessGuid: {ca24abc9-e473-66c3-ca06-000000001d00}
ProcessId: 9536
Image: C:\Windows\System32\WindowsPowerShell\v1.0\powershell.exe
TargetFilename: C:\Users\johnny.douche\AppData\Local\Temp\1nraxrdn\1nraxrdn.tmp
CreationUtcTime: 2024-08-20 00:33:56.054
User: MY-CALDERA\johnny.douche"
MY-CAL-WIN10.my-caldera.local,11,"File created:
RuleName: DO
UtcTime: 2024-08-20 00:33:56.055
ProcessGuid: {ca24abc9-e473-66c3-ca06-000000001d00}
ProcessId: 9536
Image: C:\Windows\System32\WindowsPowerShell\v1.0\powershell.exe
TargetFilename: C:\Users\johnny.douche\AppData\Local\Temp\1nraxrdn\1nraxrdn.0.cs
CreationUtcTime: 2024-08-20 00:33:56.055
User: MY-CALDERA\johnny.douche"
MY-CAL-WIN10.my-caldera.local,11,"File created:
RuleName: DO
UtcTime: 2024-08-20 00:34:03.781
ProcessGuid: {ca24abc9-e479-66c3-d206-000000001d00}
ProcessId: 3052
Image: C:\Windows\System32\WindowsPowerShell\v1.0\powershell.exe
TargetFilename: C:\Users\johnny.douche\AppData\Local\Temp\Microsoft.PackageManagement\tm4ju0th.005
CreationUtcTime: 2024-08-20 00:34:03.679
User: MY-CALDERA\johnny.douche"
MY-CAL-WIN10.my-caldera.local,11,"File created:
RuleName: Sysmonv1514
UtcTime: 2024-08-20 00:34:03.750
ProcessGuid: {ca24abc9-d6b1-66c3-ba00-000000001d00}
ProcessId: 6760
Image: C:\Program Files\WinlogBeat\winlogbeat.exe
TargetFilename: C:\ProgramData\winlogbeat\.winlogbeat.yml.new
CreationUtcTime: 2024-08-20 00:11:02.025
User: NT AUTHORITY\SYSTEM"
MY-CAL-WIN10.my-caldera.local,11,"File created:
RuleName: DO
UtcTime: 2024-08-20 00:34:03.679
ProcessGuid: {ca24abc9-e479-66c3-d206-000000001d00}
ProcessId: 3052
Image: C:\Windows\System32\WindowsPowerShell\v1.0\powershell.exe
TargetFilename: C:\Users\johnny.douche\AppData\Local\Temp\Microsoft.PackageManagement\tm4ju0th.005
CreationUtcTime: 2024-08-20 00:34:03.679
User: MY-CALDERA\johnny.douche"
MY-CAL-WIN10.my-caldera.local,11,"File created:
RuleName: DO
UtcTime: 2024-08-20 00:34:03.791
ProcessGuid: {ca24abc9-e479-66c3-d206-000000001d00}
ProcessId: 3052
Image: C:\Windows\System32\WindowsPowerShell\v1.0\powershell.exe
TargetFilename: C:\Users\johnny.douche\AppData\Local\Temp\Microsoft.PackageManagement\tm4ju0th.005
CreationUtcTime: 2024-08-20 00:34:03.679
User: MY-CALDERA\johnny.douche"
MY-CAL-WIN10.my-caldera.local,11,"File created:
RuleName: Sysmonv1514
UtcTime: 2024-08-20 00:34:51.547
ProcessGuid: {ca24abc9-d6b1-66c3-ba00-000000001d00}
ProcessId: 6760
Image: C:\Program Files\WinlogBeat\winlogbeat.exe
TargetFilename: C:\ProgramData\winlogbeat\.winlogbeat.yml.new
CreationUtcTime: 2024-08-20 00:11:02.025
User: NT AUTHORITY\SYSTEM"
MY-CAL-WIN10.my-caldera.local,11,"File created:
RuleName: DO
UtcTime: 2024-08-20 00:35:18.684
ProcessGuid: {ca24abc9-e4ba-66c3-3c07-000000001d00}
ProcessId: 10280
Image: C:\Windows\System32\WindowsPowerShell\v1.0\powershell.exe
TargetFilename: C:\Users\johnny.douche\AppData\Local\Microsoft\Windows\PowerShell\StartupProfileData-NonInteractive
CreationUtcTime: 2024-03-28 01:06:06.420
User: MY-CALDERA\johnny.douche"
MY-CAL-WIN10.my-caldera.local,11,"File created:
RuleName: DO
UtcTime: 2024-08-20 00:35:18.003
ProcessGuid: {ca24abc9-e4c5-66c3-3d07-000000001d00}
ProcessId: 7016
Image: C:\Program Files\Microsoft OneDrive\24.151.0728.0003\FileCoAuth.exe
TargetFilename: C:\Users\johnny.douche\AppData\Local\Microsoft\OneDrive\logs\Common\FileCoAuth-2024-08-20.0035.7016.1.aodl
CreationUtcTime: 2024-08-20 00:35:18.002
User: MY-CALDERA\johnny.douche"
MY-CAL-WIN10.my-caldera.local,11,"File created:
RuleName: DLL
UtcTime: 2024-08-20 00:35:33.792
ProcessGuid: {ca24abc9-e4d5-66c3-4707-000000001d00}
ProcessId: 4912
Image: C:\Windows\Microsoft.NET\Framework64\v4.0.30319\csc.exe
TargetFilename: C:\Users\johnny.douche\AppData\Local\Temp\g4ye5nyh\g4ye5nyh.dll
CreationUtcTime: 2024-08-20 00:35:33.587
User: MY-CALDERA\johnny.douche"
MY-CAL-WIN10.my-caldera.local,11,"File created:
RuleName: DO
UtcTime: 2024-08-20 00:35:34.545
ProcessGuid: {ca24abc9-e4d4-66c3-4507-000000001d00}
ProcessId: 8912
Image: C:\Windows\System32\WindowsPowerShell\v1.0\powershell.exe
TargetFilename: C:\Users\johnny.douche\AppData\Local\Temp\Microsoft.PackageManagement\mmscn01p.k1t
CreationUtcTime: 2024-08-20 00:35:34.544
User: MY-CALDERA\johnny.douche"
MY-CAL-WIN10.my-caldera.local,11,"File created:
RuleName: DO
UtcTime: 2024-08-20 00:35:34.589
ProcessGuid: {ca24abc9-e4d4-66c3-4507-000000001d00}
ProcessId: 8912
Image: C:\Windows\System32\WindowsPowerShell\v1.0\powershell.exe
TargetFilename: C:\Users\johnny.douche\AppData\Local\Temp\Microsoft.PackageManagement\mmscn01p.k1t
CreationUtcTime: 2024-08-20 00:35:34.544
User: MY-CALDERA\johnny.douche"
MY-CAL-WIN10.my-caldera.local,11,"File created:
RuleName: DO
UtcTime: 2024-08-20 00:35:33.765
ProcessGuid: {ca24abc9-e4d5-66c3-4807-000000001d00}
ProcessId: 10908
Image: C:\Windows\Microsoft.NET\Framework64\v4.0.30319\cvtres.exe
TargetFilename: C:\Users\JOHNNY~1.DOU\AppData\Local\Temp\RESF20B.tmp
CreationUtcTime: 2024-08-20 00:35:33.740
User: MY-CALDERA\johnny.douche"
MY-CAL-WIN10.my-caldera.local,11,"File created:
RuleName: DO
UtcTime: 2024-08-20 00:35:34.599
ProcessGuid: {ca24abc9-e4d4-66c3-4507-000000001d00}
ProcessId: 8912
Image: C:\Windows\System32\WindowsPowerShell\v1.0\powershell.exe
TargetFilename: C:\Users\johnny.douche\AppData\Local\Temp\Microsoft.PackageManagement\mmscn01p.k1t
CreationUtcTime: 2024-08-20 00:35:34.544
User: MY-CALDERA\johnny.douche"
MY-CAL-WIN10.my-caldera.local,11,"File created:
RuleName: DO
UtcTime: 2024-08-20 00:35:54.655
ProcessGuid: {ca24abc9-d6c2-66c3-c900-000000001d00}
ProcessId: 3232
Image: C:\Program Files\Microsoft OneDrive\OneDrive.exe
TargetFilename: C:\Users\johnny.douche\AppData\Local\Microsoft\OneDrive\logs\Personal\FileCoAuth-2024-08-20.0025.7448.1.odlgz
CreationUtcTime: 2024-08-20 00:35:54.655
User: MY-CALDERA\johnny.douche"
MY-CAL-WIN10.my-caldera.local,11,"File created:
RuleName: DO
UtcTime: 2024-08-20 00:35:54.237
ProcessGuid: {ca24abc9-d6c2-66c3-c900-000000001d00}
ProcessId: 3232
Image: C:\Program Files\Microsoft OneDrive\OneDrive.exe
TargetFilename: C:\Users\johnny.douche\AppData\Local\Microsoft\OneDrive\logs\Personal\FileCoAuth-2024-08-19.2336.6364.1.odlgz
CreationUtcTime: 2024-08-20 00:35:54.236
User: MY-CALDERA\johnny.douche"
MY-CAL-WIN10.my-caldera.local,11,"File created:
RuleName: DO
UtcTime: 2024-08-20 00:35:54.991
ProcessGuid: {ca24abc9-e4ea-66c3-5707-000000001d00}
ProcessId: 7204
Image: C:\Windows\System32\WindowsPowerShell\v1.0\powershell.exe
TargetFilename: C:\Users\johnny.douche\AppData\Local\Microsoft\Windows\PowerShell\StartupProfileData-NonInteractive
CreationUtcTime: 2024-03-28 01:06:06.420
User: MY-CALDERA\johnny.douche"
MY-CAL-WIN10.my-caldera.local,11,"File created:
RuleName: DO
UtcTime: 2024-08-20 00:35:54.496
ProcessGuid: {ca24abc9-d6c2-66c3-c900-000000001d00}
ProcessId: 3232
Image: C:\Program Files\Microsoft OneDrive\OneDrive.exe
TargetFilename: C:\Users\johnny.douche\AppData\Local\Microsoft\OneDrive\logs\Personal\FileCoAuth-2024-08-20.0005.5020.1.odlgz
CreationUtcTime: 2024-08-20 00:35:54.495
User: MY-CALDERA\johnny.douche"
MY-CAL-WIN10.my-caldera.local,11,"File created:
RuleName: DO
UtcTime: 2024-08-20 00:35:54.575
ProcessGuid: {ca24abc9-d6c2-66c3-c900-000000001d00}
ProcessId: 3232
Image: C:\Program Files\Microsoft OneDrive\OneDrive.exe
TargetFilename: C:\Users\johnny.douche\AppData\Local\Microsoft\OneDrive\logs\Personal\FileCoAuth-2024-08-20.0015.8992.1.odlgz
CreationUtcTime: 2024-08-20 00:35:54.575
User: MY-CALDERA\johnny.douche"
MY-CAL-WIN10.my-caldera.local,11,"File created:
RuleName: DO
UtcTime: 2024-08-20 00:35:54.221
ProcessGuid: {ca24abc9-d6c2-66c3-c900-000000001d00}
ProcessId: 3232
Image: C:\Program Files\Microsoft OneDrive\OneDrive.exe
TargetFilename: C:\Users\johnny.douche\AppData\Local\Microsoft\OneDrive\settings\Personal\logUploaderSettings.ini
CreationUtcTime: 2024-03-28 01:23:34.193
User: MY-CALDERA\johnny.douche"
MY-CAL-WIN10.my-caldera.local,11,"File created:
RuleName: DO
UtcTime: 2024-08-20 00:35:54.369
ProcessGuid: {ca24abc9-d6c2-66c3-c900-000000001d00}
ProcessId: 3232
Image: C:\Program Files\Microsoft OneDrive\OneDrive.exe
TargetFilename: C:\Users\johnny.douche\AppData\Local\Microsoft\OneDrive\logs\Personal\FileCoAuth-2024-08-19.2345.5372.1.odlgz
CreationUtcTime: 2024-08-20 00:35:54.368
User: MY-CALDERA\johnny.douche"
MY-CAL-WIN10.my-caldera.local,11,"File created:
RuleName: DO
UtcTime: 2024-08-20 00:35:54.207
ProcessGuid: {ca24abc9-d6c2-66c3-c900-000000001d00}
ProcessId: 3232
Image: C:\Program Files\Microsoft OneDrive\OneDrive.exe
TargetFilename: C:\Users\johnny.douche\AppData\Local\Microsoft\OneDrive\settings\Personal\logUploaderSettings_temp.ini
CreationUtcTime: 2024-03-28 01:23:32.007
User: MY-CALDERA\johnny.douche"
MY-CAL-WIN10.my-caldera.local,11,"File created:
RuleName: DO
UtcTime: 2024-08-20 00:35:54.431
ProcessGuid: {ca24abc9-d6c2-66c3-c900-000000001d00}
ProcessId: 3232
Image: C:\Program Files\Microsoft OneDrive\OneDrive.exe
TargetFilename: C:\Users\johnny.douche\AppData\Local\Microsoft\OneDrive\logs\Personal\FileCoAuth-2024-08-19.2355.8984.1.odlgz
CreationUtcTime: 2024-08-20 00:35:54.431
User: MY-CALDERA\johnny.douche"
MY-CAL-WIN10.my-caldera.local,11,"File created:
RuleName: DO
UtcTime: 2024-08-20 00:35:54.719
ProcessGuid: {ca24abc9-d6c2-66c3-c900-000000001d00}
ProcessId: 3232
Image: C:\Program Files\Microsoft OneDrive\OneDrive.exe
TargetFilename: C:\Users\johnny.douche\AppData\Local\Microsoft\OneDrive\logs\Personal\FileCoAuth-2024-08-20.0035.7016.1.odlgz
CreationUtcTime: 2024-08-20 00:35:54.719
User: MY-CALDERA\johnny.douche"
MY-CAL-WIN10.my-caldera.local,11,"File created:
RuleName: DO
UtcTime: 2024-08-20 00:35:54.307
ProcessGuid: {ca24abc9-d6c2-66c3-c900-000000001d00}
ProcessId: 3232
Image: C:\Program Files\Microsoft OneDrive\OneDrive.exe
TargetFilename: C:\Users\johnny.douche\AppData\Local\Microsoft\OneDrive\logs\Personal\StandaloneUpdate_2024-08-19_234200_5908-7704.loggz
CreationUtcTime: 2024-08-20 00:35:54.304
User: MY-CALDERA\johnny.douche"
MY-CAL-WIN10.my-caldera.local,11,"File created:
RuleName: DO
UtcTime: 2024-08-20 00:36:12.819
ProcessGuid: {ca24abc9-e4fa-66c3-6e07-000000001d00}
ProcessId: 10296
Image: C:\Windows\System32\WindowsPowerShell\v1.0\powershell.exe
TargetFilename: C:\Users\johnny.douche\AppData\Local\Microsoft\Windows\PowerShell\StartupProfileData-NonInteractive
CreationUtcTime: 2024-03-28 01:06:06.420
User: MY-CALDERA\johnny.douche"
MY-CAL-WIN10.my-caldera.local,11,"File created:
RuleName: DO
UtcTime: 2024-08-20 00:36:13.319
ProcessGuid: {ca24abc9-e4fc-66c3-6f07-000000001d00}
ProcessId: 7844
Image: C:\Windows\System32\WindowsPowerShell\v1.0\powershell.exe
TargetFilename: C:\Users\johnny.douche\AppData\Local\Microsoft\Windows\PowerShell\StartupProfileData-NonInteractive
CreationUtcTime: 2024-03-28 01:06:06.420
User: MY-CALDERA\johnny.douche"
MY-CAL-WIN10.my-caldera.local,11,"File created:
RuleName: DO
UtcTime: 2024-08-20 00:36:22.032
ProcessGuid: {ca24abc9-e505-66c3-7907-000000001d00}
ProcessId: 3676
Image: C:\Windows\System32\WindowsPowerShell\v1.0\powershell.exe
TargetFilename: C:\Users\johnny.douche\AppData\Local\Temp\qquskcm4
CreationUtcTime: 2024-08-20 00:36:22.032
User: MY-CALDERA\johnny.douche"
MY-CAL-WIN10.my-caldera.local,11,"File created:
RuleName: DO
UtcTime: 2024-08-20 00:36:23.182
ProcessGuid: {ca24abc9-e505-66c3-7907-000000001d00}
ProcessId: 3676
Image: C:\Windows\System32\WindowsPowerShell\v1.0\powershell.exe
TargetFilename: C:\Users\johnny.douche\AppData\Local\Temp\Microsoft.PackageManagement\4ktlo3k3.0i1
CreationUtcTime: 2024-08-20 00:36:23.123
User: MY-CALDERA\johnny.douche"
MY-CAL-WIN10.my-caldera.local,11,"File created:
RuleName: DO
UtcTime: 2024-08-20 00:36:23.172
ProcessGuid: {ca24abc9-e505-66c3-7907-000000001d00}
ProcessId: 3676
Image: C:\Windows\System32\WindowsPowerShell\v1.0\powershell.exe
TargetFilename: C:\Users\johnny.douche\AppData\Local\Temp\Microsoft.PackageManagement\4ktlo3k3.0i1
CreationUtcTime: 2024-08-20 00:36:23.123
User: MY-CALDERA\johnny.douche"
MY-CAL-WIN10.my-caldera.local,11,"File created:
RuleName: DLL
UtcTime: 2024-08-20 00:36:22.034
ProcessGuid: {ca24abc9-e505-66c3-7907-000000001d00}
ProcessId: 3676
Image: C:\Windows\System32\WindowsPowerShell\v1.0\powershell.exe
TargetFilename: C:\Users\johnny.douche\AppData\Local\Temp\qquskcm4\qquskcm4.dll
CreationUtcTime: 2024-08-20 00:36:22.034
User: MY-CALDERA\johnny.douche"
MY-CAL-WIN10.my-caldera.local,11,"File created:
RuleName: DO
UtcTime: 2024-08-20 00:36:22.041
ProcessGuid: {ca24abc9-e505-66c3-7907-000000001d00}
ProcessId: 3676
Image: C:\Windows\System32\WindowsPowerShell\v1.0\powershell.exe
TargetFilename: C:\Users\johnny.douche\AppData\Local\Temp\qquskcm4\qquskcm4.out
CreationUtcTime: 2024-08-20 00:36:22.037
User: MY-CALDERA\johnny.douche"
MY-CAL-WIN10.my-caldera.local,11,"File created:
RuleName: DO
UtcTime: 2024-08-20 00:36:22.042
ProcessGuid: {ca24abc9-e505-66c3-7907-000000001d00}
ProcessId: 3676
Image: C:\Windows\System32\WindowsPowerShell\v1.0\powershell.exe
TargetFilename: C:\Users\johnny.douche\AppData\Local\Temp\qquskcm4\qquskcm4.err
CreationUtcTime: 2024-08-20 00:36:22.041
User: MY-CALDERA\johnny.douche"
MY-CAL-WIN10.my-caldera.local,11,"File created:
RuleName: DO
UtcTime: 2024-08-20 00:36:22.034
ProcessGuid: {ca24abc9-e505-66c3-7907-000000001d00}
ProcessId: 3676
Image: C:\Windows\System32\WindowsPowerShell\v1.0\powershell.exe
TargetFilename: C:\Users\johnny.douche\AppData\Local\Temp\qquskcm4\qquskcm4.0.cs
CreationUtcTime: 2024-08-20 00:36:22.033
User: MY-CALDERA\johnny.douche"
MY-CAL-WIN10.my-caldera.local,11,"File created:
RuleName: DO
UtcTime: 2024-08-20 00:36:22.306
ProcessGuid: {ca24abc9-e506-66c3-7c07-000000001d00}
ProcessId: 1388
Image: C:\Windows\Microsoft.NET\Framework64\v4.0.30319\cvtres.exe
TargetFilename: C:\Users\JOHNNY~1.DOU\AppData\Local\Temp\RESAF9E.tmp
CreationUtcTime: 2024-08-20 00:36:22.273
User: MY-CALDERA\johnny.douche"
MY-CAL-WIN10.my-caldera.local,11,"File created:
RuleName: DO
UtcTime: 2024-08-20 00:36:23.124
ProcessGuid: {ca24abc9-e505-66c3-7907-000000001d00}
ProcessId: 3676
Image: C:\Windows\System32\WindowsPowerShell\v1.0\powershell.exe
TargetFilename: C:\Users\johnny.douche\AppData\Local\Temp\Microsoft.PackageManagement\4ktlo3k3.0i1
CreationUtcTime: 2024-08-20 00:36:23.123
User: MY-CALDERA\johnny.douche"
MY-CAL-WIN10.my-caldera.local,11,"File created:
RuleName: Sysmonv1514
UtcTime: 2024-08-20 00:36:22.035
ProcessGuid: {ca24abc9-e505-66c3-7907-000000001d00}
ProcessId: 3676
Image: C:\Windows\System32\WindowsPowerShell\v1.0\powershell.exe
TargetFilename: C:\Users\johnny.douche\AppData\Local\Temp\qquskcm4\qquskcm4.cmdline
CreationUtcTime: 2024-08-20 00:36:22.035
User: MY-CALDERA\johnny.douche"
MY-CAL-WIN10.my-caldera.local,11,"File created:
RuleName: DLL
UtcTime: 2024-08-20 00:36:22.315
ProcessGuid: {ca24abc9-e506-66c3-7b07-000000001d00}
ProcessId: 2468
Image: C:\Windows\Microsoft.NET\Framework64\v4.0.30319\csc.exe
TargetFilename: C:\Users\johnny.douche\AppData\Local\Temp\qquskcm4\qquskcm4.dll
CreationUtcTime: 2024-08-20 00:36:22.034
User: MY-CALDERA\johnny.douche"
MY-CAL-WIN10.my-caldera.local,11,"File created:
RuleName: DO
UtcTime: 2024-08-20 00:36:22.273
ProcessGuid: {ca24abc9-e506-66c3-7b07-000000001d00}
ProcessId: 2468
Image: C:\Windows\Microsoft.NET\Framework64\v4.0.30319\csc.exe
TargetFilename: C:\Users\JOHNNY~1.DOU\AppData\Local\Temp\RESAF9E.tmp
CreationUtcTime: 2024-08-20 00:36:22.273
User: MY-CALDERA\johnny.douche"
MY-CAL-WIN10.my-caldera.local,11,"File created:
RuleName: DO
UtcTime: 2024-08-20 00:36:22.033
ProcessGuid: {ca24abc9-e505-66c3-7907-000000001d00}
ProcessId: 3676
Image: C:\Windows\System32\WindowsPowerShell\v1.0\powershell.exe
TargetFilename: C:\Users\johnny.douche\AppData\Local\Temp\qquskcm4\qquskcm4.tmp
CreationUtcTime: 2024-08-20 00:36:22.033
User: MY-CALDERA\johnny.douche"
MY-CAL-WIN10.my-caldera.local,11,"File created:
RuleName: DO
UtcTime: 2024-08-20 00:36:22.271
ProcessGuid: {ca24abc9-e506-66c3-7b07-000000001d00}
ProcessId: 2468
Image: C:\Windows\Microsoft.NET\Framework64\v4.0.30319\csc.exe
TargetFilename: C:\Users\johnny.douche\AppData\Local\Temp\qquskcm4\CSCEEFED37AB9494AABE4D38032CAB4A4.TMP
CreationUtcTime: 2024-08-20 00:36:22.270
User: MY-CALDERA\johnny.douche"
MY-CAL-WIN10.my-caldera.local,11,"File created:
RuleName: Sysmonv1514
UtcTime: 2024-08-20 00:36:28.771
ProcessGuid: {ca24abc9-d6b1-66c3-ba00-000000001d00}
ProcessId: 6760
Image: C:\Program Files\WinlogBeat\winlogbeat.exe
TargetFilename: C:\ProgramData\winlogbeat\.winlogbeat.yml.new
CreationUtcTime: 2024-08-20 00:11:02.025
User: NT AUTHORITY\SYSTEM"
MY-CAL-WIN10.my-caldera.local,11,"File created:
RuleName: DO
UtcTime: 2024-08-20 00:36:29.143
ProcessGuid: {ca24abc9-e50c-66c3-8607-000000001d00}
ProcessId: 1368
Image: C:\Windows\System32\WindowsPowerShell\v1.0\powershell.exe
TargetFilename: C:\Users\johnny.douche\AppData\Local\Microsoft\Windows\PowerShell\StartupProfileData-NonInteractive
CreationUtcTime: 2024-03-28 01:06:06.420
User: MY-CALDERA\johnny.douche"
MY-CAL-WIN10.my-caldera.local,11,"File created:
RuleName: DO
UtcTime: 2024-08-20 00:36:31.896
ProcessGuid: {ca24abc9-e50e-66c3-8a07-000000001d00}
ProcessId: 5920
Image: C:\Windows\System32\WindowsPowerShell\v1.0\powershell.exe
TargetFilename: C:\Users\johnny.douche\AppData\Local\Temp\vnbnte1u\vnbnte1u.tmp
CreationUtcTime: 2024-08-20 00:36:31.896
User: MY-CALDERA\johnny.douche"
MY-CAL-WIN10.my-caldera.local,11,"File created:
RuleName: Sysmonv1514
UtcTime: 2024-08-20 00:36:31.900
ProcessGuid: {ca24abc9-e50e-66c3-8a07-000000001d00}
ProcessId: 5920
Image: C:\Windows\System32\WindowsPowerShell\v1.0\powershell.exe
TargetFilename: C:\Users\johnny.douche\AppData\Local\Temp\vnbnte1u\vnbnte1u.cmdline
CreationUtcTime: 2024-08-20 00:36:31.900
User: MY-CALDERA\johnny.douche"
MY-CAL-WIN10.my-caldera.local,11,"File created:
RuleName: DLL
UtcTime: 2024-08-20 00:36:31.899
ProcessGuid: {ca24abc9-e50e-66c3-8a07-000000001d00}
ProcessId: 5920
Image: C:\Windows\System32\WindowsPowerShell\v1.0\powershell.exe
TargetFilename: C:\Users\johnny.douche\AppData\Local\Temp\vnbnte1u\vnbnte1u.dll
CreationUtcTime: 2024-08-20 00:36:31.899
User: MY-CALDERA\johnny.douche"
MY-CAL-WIN10.my-caldera.local,11,"File created:
RuleName: DO
UtcTime: 2024-08-20 00:36:31.896
ProcessGuid: {ca24abc9-e50e-66c3-8a07-000000001d00}
ProcessId: 5920
Image: C:\Windows\System32\WindowsPowerShell\v1.0\powershell.exe
TargetFilename: C:\Users\johnny.douche\AppData\Local\Temp\vnbnte1u
CreationUtcTime: 2024-08-20 00:36:31.895
User: MY-CALDERA\johnny.douche"
MY-CAL-WIN10.my-caldera.local,11,"File created:
RuleName: DO
UtcTime: 2024-08-20 00:36:32.135
ProcessGuid: {ca24abc9-e50f-66c3-8b07-000000001d00}
ProcessId: 3708
Image: C:\Windows\Microsoft.NET\Framework64\v4.0.30319\csc.exe
TargetFilename: C:\Users\JOHNNY~1.DOU\AppData\Local\Temp\RESD622.tmp
CreationUtcTime: 2024-08-20 00:36:32.135
User: MY-CALDERA\johnny.douche"
MY-CAL-WIN10.my-caldera.local,11,"File created:
RuleName: DO
UtcTime: 2024-08-20 00:36:32.173
ProcessGuid: {ca24abc9-e510-66c3-8c07-000000001d00}
ProcessId: 6324
Image: C:\Windows\Microsoft.NET\Framework64\v4.0.30319\cvtres.exe
TargetFilename: C:\Users\JOHNNY~1.DOU\AppData\Local\Temp\RESD622.tmp
CreationUtcTime: 2024-08-20 00:36:32.135
User: MY-CALDERA\johnny.douche"
MY-CAL-WIN10.my-caldera.local,11,"File created:
RuleName: DO
UtcTime: 2024-08-20 00:36:32.133
ProcessGuid: {ca24abc9-e50f-66c3-8b07-000000001d00}
ProcessId: 3708
Image: C:\Windows\Microsoft.NET\Framework64\v4.0.30319\csc.exe
TargetFilename: C:\Users\johnny.douche\AppData\Local\Temp\vnbnte1u\CSC153E89F478DA45DCB7E6B328AC5BDCBD.TMP
CreationUtcTime: 2024-08-20 00:36:32.132
User: MY-CALDERA\johnny.douche"
MY-CAL-WIN10.my-caldera.local,11,"File created:
RuleName: DO
UtcTime: 2024-08-20 00:36:31.916
ProcessGuid: {ca24abc9-e50e-66c3-8a07-000000001d00}
ProcessId: 5920
Image: C:\Windows\System32\WindowsPowerShell\v1.0\powershell.exe
TargetFilename: C:\Users\johnny.douche\AppData\Local\Temp\vnbnte1u\vnbnte1u.out
CreationUtcTime: 2024-08-20 00:36:31.902
User: MY-CALDERA\johnny.douche"
MY-CAL-WIN10.my-caldera.local,11,"File created:
RuleName: DO
UtcTime: 2024-08-20 00:36:31.916
ProcessGuid: {ca24abc9-e50e-66c3-8a07-000000001d00}
ProcessId: 5920
Image: C:\Windows\System32\WindowsPowerShell\v1.0\powershell.exe
TargetFilename: C:\Users\johnny.douche\AppData\Local\Temp\vnbnte1u\vnbnte1u.err
CreationUtcTime: 2024-08-20 00:36:31.916
User: MY-CALDERA\johnny.douche"
MY-CAL-WIN10.my-caldera.local,11,"File created:
RuleName: Sysmonv1514
UtcTime: 2024-08-20 00:36:32.260
ProcessGuid: {ca24abc9-d6b1-66c3-ba00-000000001d00}
ProcessId: 6760
Image: C:\Program Files\WinlogBeat\winlogbeat.exe
TargetFilename: C:\ProgramData\winlogbeat\.winlogbeat.yml.new
CreationUtcTime: 2024-08-20 00:11:02.025
User: NT AUTHORITY\SYSTEM"
MY-CAL-WIN10.my-caldera.local,11,"File created:
RuleName: DLL
UtcTime: 2024-08-20 00:36:32.182
ProcessGuid: {ca24abc9-e50f-66c3-8b07-000000001d00}
ProcessId: 3708
Image: C:\Windows\Microsoft.NET\Framework64\v4.0.30319\csc.exe
TargetFilename: C:\Users\johnny.douche\AppData\Local\Temp\vnbnte1u\vnbnte1u.dll
CreationUtcTime: 2024-08-20 00:36:31.899
User: MY-CALDERA\johnny.douche"
MY-CAL-WIN10.my-caldera.local,11,"File created:
RuleName: DO
UtcTime: 2024-08-20 00:36:31.897
ProcessGuid: {ca24abc9-e50e-66c3-8a07-000000001d00}
ProcessId: 5920
Image: C:\Windows\System32\WindowsPowerShell\v1.0\powershell.exe
TargetFilename: C:\Users\johnny.douche\AppData\Local\Temp\vnbnte1u\vnbnte1u.0.cs
CreationUtcTime: 2024-08-20 00:36:31.897
User: MY-CALDERA\johnny.douche"
MY-CAL-WIN10.my-caldera.local,11,"File created:
RuleName: DO
UtcTime: 2024-08-20 00:36:35.599
ProcessGuid: {ca24abc9-e512-66c3-8d07-000000001d00}
ProcessId: 8888
Image: C:\Windows\System32\WindowsPowerShell\v1.0\powershell.exe
TargetFilename: C:\Users\johnny.douche\AppData\Local\Temp\24rxndge
CreationUtcTime: 2024-08-20 00:36:35.599
User: MY-CALDERA\johnny.douche"
MY-CAL-WIN10.my-caldera.local,11,"File created:
RuleName: DO
UtcTime: 2024-08-20 00:36:35.600
ProcessGuid: {ca24abc9-e512-66c3-8d07-000000001d00}
ProcessId: 8888
Image: C:\Windows\System32\WindowsPowerShell\v1.0\powershell.exe
TargetFilename: C:\Users\johnny.douche\AppData\Local\Temp\24rxndge\24rxndge.tmp
CreationUtcTime: 2024-08-20 00:36:35.600
User: MY-CALDERA\johnny.douche"
MY-CAL-WIN10.my-caldera.local,11,"File created:
RuleName: DO
UtcTime: 2024-08-20 00:36:35.600
ProcessGuid: {ca24abc9-e512-66c3-8d07-000000001d00}
ProcessId: 8888
Image: C:\Windows\System32\WindowsPowerShell\v1.0\powershell.exe
TargetFilename: C:\Users\johnny.douche\AppData\Local\Temp\24rxndge\24rxndge.0.cs
CreationUtcTime: 2024-08-20 00:36:35.600
User: MY-CALDERA\johnny.douche"
MY-CAL-WIN10.my-caldera.local,11,"File created:
RuleName: DLL
UtcTime: 2024-08-20 00:36:35.602
ProcessGuid: {ca24abc9-e512-66c3-8d07-000000001d00}
ProcessId: 8888
Image: C:\Windows\System32\WindowsPowerShell\v1.0\powershell.exe
TargetFilename: C:\Users\johnny.douche\AppData\Local\Temp\24rxndge\24rxndge.dll
CreationUtcTime: 2024-08-20 00:36:35.602
User: MY-CALDERA\johnny.douche"
MY-CAL-WIN10.my-caldera.local,11,"File created:
RuleName: Sysmonv1514
UtcTime: 2024-08-20 00:36:35.603
ProcessGuid: {ca24abc9-e512-66c3-8d07-000000001d00}
ProcessId: 8888
Image: C:\Windows\System32\WindowsPowerShell\v1.0\powershell.exe
TargetFilename: C:\Users\johnny.douche\AppData\Local\Temp\24rxndge\24rxndge.cmdline
CreationUtcTime: 2024-08-20 00:36:35.603
User: MY-CALDERA\johnny.douche"
MY-CAL-WIN10.my-caldera.local,11,"File created:
RuleName: DO
UtcTime: 2024-08-20 00:36:35.628
ProcessGuid: {ca24abc9-e512-66c3-8d07-000000001d00}
ProcessId: 8888
Image: C:\Windows\System32\WindowsPowerShell\v1.0\powershell.exe
TargetFilename: C:\Users\johnny.douche\AppData\Local\Temp\24rxndge\24rxndge.out
CreationUtcTime: 2024-08-20 00:36:35.605
User: MY-CALDERA\johnny.douche"
MY-CAL-WIN10.my-caldera.local,11,"File created:
RuleName: DO
UtcTime: 2024-08-20 00:36:35.629
ProcessGuid: {ca24abc9-e512-66c3-8d07-000000001d00}
ProcessId: 8888
Image: C:\Windows\System32\WindowsPowerShell\v1.0\powershell.exe
TargetFilename: C:\Users\johnny.douche\AppData\Local\Temp\24rxndge\24rxndge.err
CreationUtcTime: 2024-08-20 00:36:35.629
User: MY-CALDERA\johnny.douche"
MY-CAL-WIN10.my-caldera.local,11,"File created:
RuleName: Sysmonv1514
UtcTime: 2024-08-20 00:36:35.868
ProcessGuid: {ca24abc9-d6b1-66c3-ba00-000000001d00}
ProcessId: 6760
Image: C:\Program Files\WinlogBeat\winlogbeat.exe
TargetFilename: C:\ProgramData\winlogbeat\.winlogbeat.yml.new
CreationUtcTime: 2024-08-20 00:11:02.025
User: NT AUTHORITY\SYSTEM"
MY-CAL-WIN10.my-caldera.local,11,"File created:
RuleName: DO
UtcTime: 2024-08-20 00:36:36.406
ProcessGuid: {ca24abc9-e513-66c3-8f07-000000001d00}
ProcessId: 10564
Image: C:\Windows\Microsoft.NET\Framework64\v4.0.30319\csc.exe
TargetFilename: C:\Users\johnny.douche\AppData\Local\Temp\24rxndge\CSC95215DF5BAA14CB6A46184316B1036D9.TMP
CreationUtcTime: 2024-08-20 00:36:36.386
User: MY-CALDERA\johnny.douche"
MY-CAL-WIN10.my-caldera.local,11,"File created:
RuleName: DO
UtcTime: 2024-08-20 00:36:36.408
ProcessGuid: {ca24abc9-e513-66c3-8f07-000000001d00}
ProcessId: 10564
Image: C:\Windows\Microsoft.NET\Framework64\v4.0.30319\csc.exe
TargetFilename: C:\Users\JOHNNY~1.DOU\AppData\Local\Temp\RESE6DB.tmp
CreationUtcTime: 2024-08-20 00:36:36.408
User: MY-CALDERA\johnny.douche"
MY-CAL-WIN10.my-caldera.local,11,"File created:
RuleName: DO
UtcTime: 2024-08-20 00:36:36.443
ProcessGuid: {ca24abc9-e514-66c3-9007-000000001d00}
ProcessId: 6188
Image: C:\Windows\Microsoft.NET\Framework64\v4.0.30319\cvtres.exe
TargetFilename: C:\Users\JOHNNY~1.DOU\AppData\Local\Temp\RESE6DB.tmp
CreationUtcTime: 2024-08-20 00:36:36.408
User: MY-CALDERA\johnny.douche"
MY-CAL-WIN10.my-caldera.local,11,"File created:
RuleName: DO
UtcTime: 2024-08-20 00:36:39.019
ProcessGuid: {ca24abc9-e507-66c3-7f07-000000001d00}
ProcessId: 3936
Image: C:\Windows\system32\backgroundTaskHost.exe
TargetFilename: C:\Users\johnny.douche\AppData\Local\Packages\Microsoft.Windows.ContentDeliveryManager_cw5n1h2txyewy\LocalState\TargetedContentCache\v3\338388
CreationUtcTime: 2024-08-20 00:36:39.018
User: MY-CALDERA\johnny.douche"
MY-CAL-WIN10.my-caldera.local,11,"File created:
RuleName: DO
UtcTime: 2024-08-20 00:36:39.039
ProcessGuid: {ca24abc9-e507-66c3-7f07-000000001d00}
ProcessId: 3936
Image: C:\Windows\system32\backgroundTaskHost.exe
TargetFilename: C:\Users\johnny.douche\AppData\Local\Packages\Microsoft.Windows.ContentDeliveryManager_cw5n1h2txyewy\LocalState\TargetedContentCache\v3\338388\09ae7882fcb140038ec8e265e190633f_1~RF3af11c.TMP
CreationUtcTime: 2024-08-20 00:36:39.034
User: MY-CALDERA\johnny.douche"
MY-CAL-WIN10.my-caldera.local,11,"File created:
RuleName: DO
UtcTime: 2024-08-20 00:36:39.025
ProcessGuid: {ca24abc9-e507-66c3-7f07-000000001d00}
ProcessId: 3936
Image: C:\Windows\system32\backgroundTaskHost.exe
TargetFilename: C:\Users\johnny.douche\AppData\Local\Packages\Microsoft.Windows.ContentDeliveryManager_cw5n1h2txyewy\LocalState\TargetedContentCache\v3\338388\09ae7882fcb140038ec8e265e190633f_1.~tmp
CreationUtcTime: 2024-08-20 00:36:39.025
User: MY-CALDERA\johnny.douche"
MY-CAL-WIN10.my-caldera.local,11,"File created:
RuleName: DO
UtcTime: 2024-08-20 00:36:39.228
ProcessGuid: {ca24abc9-e512-66c3-8d07-000000001d00}
ProcessId: 8888
Image: C:\Windows\System32\WindowsPowerShell\v1.0\powershell.exe
TargetFilename: C:\Users\johnny.douche\AppData\Local\Microsoft\Windows\PowerShell\StartupProfileData-NonInteractive
CreationUtcTime: 2024-03-28 01:06:06.420
User: MY-CALDERA\johnny.douche"
MY-CAL-WIN10.my-caldera.local,11,"File created:
RuleName: DO
UtcTime: 2024-08-20 00:36:39.024
ProcessGuid: {ca24abc9-e507-66c3-7f07-000000001d00}
ProcessId: 3936
Image: C:\Windows\system32\backgroundTaskHost.exe
TargetFilename: C:\Users\johnny.douche\AppData\Local\Packages\Microsoft.Windows.ContentDeliveryManager_cw5n1h2txyewy\LocalState\TargetedContentCache\v3\338388\09ae7882fcb140038ec8e265e190633f_1
CreationUtcTime: 2024-08-20 00:36:39.024
User: MY-CALDERA\johnny.douche"
MY-CAL-WIN10.my-caldera.local,11,"File created:
RuleName: DO
UtcTime: 2024-08-20 00:36:42.840
ProcessGuid: {ca24abc9-e517-66c3-9207-000000001d00}
ProcessId: 9072
Image: C:\Windows\System32\WindowsPowerShell\v1.0\powershell.exe
TargetFilename: C:\Users\johnny.douche\AppData\Local\Temp\Microsoft.PackageManagement\mrdwarvd.y3g
CreationUtcTime: 2024-08-20 00:36:42.840
User: MY-CALDERA\johnny.douche"
MY-CAL-WIN10.my-caldera.local,11,"File created:
RuleName: Sysmonv1514
UtcTime: 2024-08-20 00:36:45.102
ProcessGuid: {ca24abc9-d6b1-66c3-ba00-000000001d00}
ProcessId: 6760
Image: C:\Program Files\WinlogBeat\winlogbeat.exe
TargetFilename: C:\ProgramData\winlogbeat\.winlogbeat.yml.new
CreationUtcTime: 2024-08-20 00:11:02.025
User: NT AUTHORITY\SYSTEM"
MY-CAL-WIN10.my-caldera.local,11,"File created:
RuleName: Sysmonv1514
UtcTime: 2024-08-20 00:36:45.060
ProcessGuid: {ca24abc9-e51c-66c3-9507-000000001d00}
ProcessId: 456
Image: C:\Windows\System32\WindowsPowerShell\v1.0\powershell.exe
TargetFilename: C:\Users\johnny.douche\AppData\Local\Temp\y0idkrhp\y0idkrhp.cmdline
CreationUtcTime: 2024-08-20 00:36:45.060
User: MY-CALDERA\johnny.douche"
MY-CAL-WIN10.my-caldera.local,11,"File created:
RuleName: DLL
UtcTime: 2024-08-20 00:36:45.264
ProcessGuid: {ca24abc9-e51d-66c3-9607-000000001d00}
ProcessId: 7748
Image: C:\Windows\Microsoft.NET\Framework64\v4.0.30319\csc.exe
TargetFilename: C:\Users\johnny.douche\AppData\Local\Temp\y0idkrhp\y0idkrhp.dll
CreationUtcTime: 2024-08-20 00:36:45.059
User: MY-CALDERA\johnny.douche"
MY-CAL-WIN10.my-caldera.local,11,"File created:
RuleName: DO
UtcTime: 2024-08-20 00:36:45.211
ProcessGuid: {ca24abc9-e51d-66c3-9607-000000001d00}
ProcessId: 7748
Image: C:\Windows\Microsoft.NET\Framework64\v4.0.30319\csc.exe
TargetFilename: C:\Users\johnny.douche\AppData\Local\Temp\y0idkrhp\CSC9A42D6BAF8ED4B3185463C2547F4760.TMP
CreationUtcTime: 2024-08-20 00:36:45.211
User: MY-CALDERA\johnny.douche"
MY-CAL-WIN10.my-caldera.local,11,"File created:
RuleName: DO
UtcTime: 2024-08-20 00:36:45.058
ProcessGuid: {ca24abc9-e51c-66c3-9507-000000001d00}
ProcessId: 456
Image: C:\Windows\System32\WindowsPowerShell\v1.0\powershell.exe
TargetFilename: C:\Users\johnny.douche\AppData\Local\Temp\y0idkrhp\y0idkrhp.0.cs
CreationUtcTime: 2024-08-20 00:36:45.058
User: MY-CALDERA\johnny.douche"
MY-CAL-WIN10.my-caldera.local,11,"File created:
RuleName: DO
UtcTime: 2024-08-20 00:36:45.064
ProcessGuid: {ca24abc9-e51c-66c3-9507-000000001d00}
ProcessId: 456
Image: C:\Windows\System32\WindowsPowerShell\v1.0\powershell.exe
TargetFilename: C:\Users\johnny.douche\AppData\Local\Temp\y0idkrhp\y0idkrhp.err
CreationUtcTime: 2024-08-20 00:36:45.064
User: MY-CALDERA\johnny.douche"
MY-CAL-WIN10.my-caldera.local,11,"File created:
RuleName: DO
UtcTime: 2024-08-20 00:36:45.064
ProcessGuid: {ca24abc9-e51c-66c3-9507-000000001d00}
ProcessId: 456
Image: C:\Windows\System32\WindowsPowerShell\v1.0\powershell.exe
TargetFilename: C:\Users\johnny.douche\AppData\Local\Temp\y0idkrhp\y0idkrhp.out
CreationUtcTime: 2024-08-20 00:36:45.062
User: MY-CALDERA\johnny.douche"
MY-CAL-WIN10.my-caldera.local,11,"File created:
RuleName: DO
UtcTime: 2024-08-20 00:36:45.057
ProcessGuid: {ca24abc9-e51c-66c3-9507-000000001d00}
ProcessId: 456
Image: C:\Windows\System32\WindowsPowerShell\v1.0\powershell.exe
TargetFilename: C:\Users\johnny.douche\AppData\Local\Temp\y0idkrhp\y0idkrhp.tmp
CreationUtcTime: 2024-08-20 00:36:45.057
User: MY-CALDERA\johnny.douche"
MY-CAL-WIN10.my-caldera.local,11,"File created:
RuleName: DO
UtcTime: 2024-08-20 00:36:45.930
ProcessGuid: {ca24abc9-e51c-66c3-9507-000000001d00}
ProcessId: 456
Image: C:\Windows\System32\WindowsPowerShell\v1.0\powershell.exe
TargetFilename: C:\Users\johnny.douche\AppData\Local\Temp\Microsoft.PackageManagement\ao3rwiph.kco
CreationUtcTime: 2024-08-20 00:36:45.883
User: MY-CALDERA\johnny.douche"
MY-CAL-WIN10.my-caldera.local,11,"File created:
RuleName: DLL
UtcTime: 2024-08-20 00:36:45.059
ProcessGuid: {ca24abc9-e51c-66c3-9507-000000001d00}
ProcessId: 456
Image: C:\Windows\System32\WindowsPowerShell\v1.0\powershell.exe
TargetFilename: C:\Users\johnny.douche\AppData\Local\Temp\y0idkrhp\y0idkrhp.dll
CreationUtcTime: 2024-08-20 00:36:45.059
User: MY-CALDERA\johnny.douche"
MY-CAL-WIN10.my-caldera.local,11,"File created:
RuleName: DO
UtcTime: 2024-08-20 00:36:45.255
ProcessGuid: {ca24abc9-e51d-66c3-9707-000000001d00}
ProcessId: 1072
Image: C:\Windows\Microsoft.NET\Framework64\v4.0.30319\cvtres.exe
TargetFilename: C:\Users\JOHNNY~1.DOU\AppData\Local\Temp\RES938.tmp
CreationUtcTime: 2024-08-20 00:36:45.213
User: MY-CALDERA\johnny.douche"
MY-CAL-WIN10.my-caldera.local,11,"File created:
RuleName: DO
UtcTime: 2024-08-20 00:36:45.920
ProcessGuid: {ca24abc9-e51c-66c3-9507-000000001d00}
ProcessId: 456
Image: C:\Windows\System32\WindowsPowerShell\v1.0\powershell.exe
TargetFilename: C:\Users\johnny.douche\AppData\Local\Temp\Microsoft.PackageManagement\ao3rwiph.kco
CreationUtcTime: 2024-08-20 00:36:45.883
User: MY-CALDERA\johnny.douche"
MY-CAL-WIN10.my-caldera.local,11,"File created:
RuleName: DO
UtcTime: 2024-08-20 00:36:45.057
ProcessGuid: {ca24abc9-e51c-66c3-9507-000000001d00}
ProcessId: 456
Image: C:\Windows\System32\WindowsPowerShell\v1.0\powershell.exe
TargetFilename: C:\Users\johnny.douche\AppData\Local\Temp\y0idkrhp
CreationUtcTime: 2024-08-20 00:36:45.056
User: MY-CALDERA\johnny.douche"
MY-CAL-WIN10.my-caldera.local,11,"File created:
RuleName: DO
UtcTime: 2024-08-20 00:36:45.213
ProcessGuid: {ca24abc9-e51d-66c3-9607-000000001d00}
ProcessId: 7748
Image: C:\Windows\Microsoft.NET\Framework64\v4.0.30319\csc.exe
TargetFilename: C:\Users\JOHNNY~1.DOU\AppData\Local\Temp\RES938.tmp
CreationUtcTime: 2024-08-20 00:36:45.213
User: MY-CALDERA\johnny.douche"
MY-CAL-WIN10.my-caldera.local,11,"File created:
RuleName: DO
UtcTime: 2024-08-20 00:36:45.883
ProcessGuid: {ca24abc9-e51c-66c3-9507-000000001d00}
ProcessId: 456
Image: C:\Windows\System32\WindowsPowerShell\v1.0\powershell.exe
TargetFilename: C:\Users\johnny.douche\AppData\Local\Temp\Microsoft.PackageManagement\ao3rwiph.kco
CreationUtcTime: 2024-08-20 00:36:45.883
User: MY-CALDERA\johnny.douche"
MY-CAL-WIN10.my-caldera.local,11,"File created:
RuleName: DO
UtcTime: 2024-08-20 00:37:07.396
ProcessGuid: {ca24abc9-e533-66c3-a307-000000001d00}
ProcessId: 3716
Image: C:\Windows\System32\WindowsPowerShell\v1.0\powershell.exe
TargetFilename: C:\Users\johnny.douche\AppData\Local\Microsoft\Windows\PowerShell\StartupProfileData-NonInteractive
CreationUtcTime: 2024-03-28 01:06:06.420
User: MY-CALDERA\johnny.douche"
MY-CAL-WIN10.my-caldera.local,11,"File created:
RuleName: DO
UtcTime: 2024-08-20 00:37:39.719
ProcessGuid: {ca24abc9-e553-66c3-c907-000000001d00}
ProcessId: 3836
Image: C:\Windows\System32\WindowsPowerShell\v1.0\powershell.exe
TargetFilename: C:\Users\johnny.douche\AppData\Local\Microsoft\Windows\PowerShell\StartupProfileData-NonInteractive
CreationUtcTime: 2024-03-28 01:06:06.420
User: MY-CALDERA\johnny.douche"
MY-CAL-WIN10.my-caldera.local,11,"File created:
RuleName: Sysmonv1514
UtcTime: 2024-08-20 00:37:40.341
ProcessGuid: {ca24abc9-d6b1-66c3-ba00-000000001d00}
ProcessId: 6760
Image: C:\Program Files\WinlogBeat\winlogbeat.exe
TargetFilename: C:\ProgramData\winlogbeat\.winlogbeat.yml.new
CreationUtcTime: 2024-08-20 00:11:02.025
User: NT AUTHORITY\SYSTEM"
MY-CAL-WIN10.my-caldera.local,11,"File created:
RuleName: DO
UtcTime: 2024-08-20 00:37:47.697
ProcessGuid: {ca24abc9-e555-66c3-d007-000000001d00}
ProcessId: 10112
Image: C:\Windows\System32\WindowsPowerShell\v1.0\powershell.exe
TargetFilename: C:\Users\johnny.douche\AppData\Local\Microsoft\Windows\PowerShell\StartupProfileData-NonInteractive
CreationUtcTime: 2024-03-28 01:06:06.420
User: MY-CALDERA\johnny.douche"
MY-CAL-WIN10.my-caldera.local,11,"File created:
RuleName: DO
UtcTime: 2024-08-20 00:37:49.209
ProcessGuid: {ca24abc9-e55c-66c3-d407-000000001d00}
ProcessId: 8720
Image: C:\Windows\System32\WindowsPowerShell\v1.0\powershell.exe
TargetFilename: C:\Users\johnny.douche\AppData\Local\Microsoft\Windows\PowerShell\StartupProfileData-NonInteractive
CreationUtcTime: 2024-03-28 01:06:06.420
User: MY-CALDERA\johnny.douche"
