RuleName: -
EventType: CreatePipe
UtcTime: 2024-08-20 02:41:58.121
ProcessGuid: {ca24abc9-dc4c-66c3-9501-000000001d00}
ProcessId: 8332
PipeName: <Anonymous Pipe>
Image: C:\Windows\System32\WindowsPowerShell\v1.0\powershell.exe
User: MY-CALDERA\johnny.douche"
3976,MY-CAL-WIN10.my-caldera.local,17,"Pipe Created:
RuleName: -
EventType: CreatePipe
UtcTime: 2024-08-20 02:41:57.761
ProcessGuid: {ca24abc9-dc4c-66c3-9501-000000001d00}
ProcessId: 8332
PipeName: <Anonymous Pipe>
Image: C:\Windows\System32\WindowsPowerShell\v1.0\powershell.exe
User: MY-CALDERA\johnny.douche"
3977,MY-CAL-WIN10.my-caldera.local,17,"Pipe Created:
RuleName: -
EventType: CreatePipe
UtcTime: 2024-08-20 02:41:57.388
ProcessGuid: {ca24abc9-dc4c-66c3-9501-000000001d00}
ProcessId: 8332
PipeName: <Anonymous Pipe>
Image: C:\Windows\System32\WindowsPowerShell\v1.0\powershell.exe
User: MY-CALDERA\johnny.douche"
3978,MY-CAL-WIN10.my-caldera.local,17,"Pipe Created:
RuleName: -
EventType: CreatePipe
UtcTime: 2024-08-20 02:41:57.387
ProcessGuid: {ca24abc9-dc4c-66c3-9501-000000001d00}
ProcessId: 8332
PipeName: <Anonymous Pipe>
Image: C:\Windows\System32\WindowsPowerShell\v1.0\powershell.exe
User: MY-CALDERA\johnny.douche"
3979,MY-CAL-WIN10.my-caldera.local,17,"Pipe Created:
RuleName: -
EventType: CreatePipe
UtcTime: 2024-08-20 16:49:49.600
ProcessGuid: {ca24abc9-c417-66c4-cf8e-000000001900}
ProcessId: 13956
PipeName: \LOCAL\mojo.13956.13612.6987205185616898040
Image: C:\Program Files (x86)\Microsoft\Edge\Application\msedge.exe
User: MY-CAL-WIN10\Johnny Douche"
3980,MY-CAL-WIN10.my-caldera.local,17,"Pipe Created:
RuleName: -
EventType: CreatePipe
UtcTime: 2024-08-20 16:30:24.769
ProcessGuid: {ca24abc9-c417-66c4-cf8e-000000001900}
ProcessId: 13956
PipeName: \LOCAL\mojo.13956.13612.3931010197573400515
Image: C:\Program Files (x86)\Microsoft\Edge\Application\msedge.exe
User: MY-CAL-WIN10\Johnny Douche"
3981,MY-CAL-WIN10.my-caldera.local,17,"Pipe Created:
RuleName: -
EventType: CreatePipe
UtcTime: 2024-08-20 16:31:02.802
ProcessGuid: {ca24abc9-c4ae-66c4-f48e-000000001900}
ProcessId: 8344
PipeName: \PSHost.133686450389357802.8344.DefaultAppDomain.powershell
Image: C:\Windows\system32\WindowsPowerShell\v1.0\powershell.exe
User: NT AUTHORITY\SYSTEM"
3982,MY-CAL-WIN10.my-caldera.local,17,"Pipe Created:
RuleName: -
EventType: CreatePipe
UtcTime: 2024-08-20 16:34:32.057
ProcessGuid: {ca24abc9-c56b-66c4-0a8f-000000001900}
ProcessId: 11744
PipeName: <Anonymous Pipe>
Image: C:\Windows\system32\WindowsPowerShell\v1.0\powershell.exe
User: NT AUTHORITY\SYSTEM"
3983,MY-CAL-WIN10.my-caldera.local,17,"Pipe Created:
RuleName: -
EventType: CreatePipe
UtcTime: 2024-08-20 16:34:32.093
ProcessGuid: {ca24abc9-c56b-66c4-0a8f-000000001900}
ProcessId: 11744
PipeName: <Anonymous Pipe>
Image: C:\Windows\system32\WindowsPowerShell\v1.0\powershell.exe
User: NT AUTHORITY\SYSTEM"
3984,MY-CAL-WIN10.my-caldera.local,17,"Pipe Created:
RuleName: -
EventType: CreatePipe
UtcTime: 2024-08-20 16:34:32.130
ProcessGuid: {ca24abc9-c56b-66c4-0a8f-000000001900}
ProcessId: 11744
PipeName: <Anonymous Pipe>
Image: C:\Windows\system32\WindowsPowerShell\v1.0\powershell.exe
User: NT AUTHORITY\SYSTEM"
3985,MY-CAL-WIN10.my-caldera.local,17,"Pipe Created:
RuleName: -
EventType: CreatePipe
UtcTime: 2024-08-20 16:34:32.165
ProcessGuid: {ca24abc9-c56b-66c4-0a8f-000000001900}
ProcessId: 11744
PipeName: <Anonymous Pipe>
Image: C:\Windows\system32\WindowsPowerShell\v1.0\powershell.exe
User: NT AUTHORITY\SYSTEM"
3986,MY-CAL-WIN10.my-caldera.local,17,"Pipe Created:
RuleName: -
EventType: CreatePipe
UtcTime: 2024-08-20 16:34:32.205
ProcessGuid: {ca24abc9-c56b-66c4-0a8f-000000001900}
ProcessId: 11744
PipeName: <Anonymous Pipe>
Image: C:\Windows\system32\WindowsPowerShell\v1.0\powershell.exe
User: NT AUTHORITY\SYSTEM"
3987,MY-CAL-WIN10.my-caldera.local,17,"Pipe Created:
RuleName: -
EventType: CreatePipe
UtcTime: 2024-08-20 16:34:32.272
ProcessGuid: {ca24abc9-c56b-66c4-0a8f-000000001900}
ProcessId: 11744
PipeName: <Anonymous Pipe>
Image: C:\Windows\system32\WindowsPowerShell\v1.0\powershell.exe
User: NT AUTHORITY\SYSTEM"
3988,MY-CAL-WIN10.my-caldera.local,17,"Pipe Created:
RuleName: -
EventType: CreatePipe
UtcTime: 2024-08-20 16:34:32.238
ProcessGuid: {ca24abc9-c56b-66c4-0a8f-000000001900}
ProcessId: 11744
PipeName: <Anonymous Pipe>
Image: C:\Windows\system32\WindowsPowerShell\v1.0\powershell.exe
User: NT AUTHORITY\SYSTEM"
3989,MY-CAL-WIN10.my-caldera.local,17,"Pipe Created:
RuleName: -
EventType: CreatePipe
UtcTime: 2024-08-20 16:51:40.187
ProcessGuid: {ca24abc9-c417-66c4-cf8e-000000001900}
ProcessId: 13956
PipeName: \LOCAL\mojo.13956.13612.7786143315499765259
Image: C:\Program Files (x86)\Microsoft\Edge\Application\msedge.exe
User: MY-CAL-WIN10\Johnny Douche"
3990,MY-CAL-WIN10.my-caldera.local,17,"Pipe Created:
RuleName: -
EventType: CreatePipe
UtcTime: 2024-08-20 16:07:33.848
ProcessGuid: {ca24abc9-ac40-664f-9f8d-000000001900}
ProcessId: 14820
PipeName: \LOCAL\mojo.14820.17196.1756234871862169818
Image: C:\Program Files (x86)\Microsoft\Edge\Application\msedge.exe
User: MY-CALDERA\johnny.douche"
3991,MY-CAL-WIN10.my-caldera.local,17,"Pipe Created:
RuleName: -
EventType: CreatePipe
UtcTime: 2024-08-20 16:07:45.712
ProcessGuid: {ca24abc9-ac40-664f-9f8d-000000001900}
ProcessId: 14820
PipeName: \LOCAL\mojo.14820.17196.7819617823940433755
Image: C:\Program Files (x86)\Microsoft\Edge\Application\msedge.exe
User: MY-CALDERA\johnny.douche"
3992,MY-CAL-WIN10.my-caldera.local,17,"Pipe Created:
RuleName: -
EventType: CreatePipe
UtcTime: 2024-08-20 16:08:15.200
ProcessGuid: {ca24abc9-ac40-664f-9f8d-000000001900}
ProcessId: 14820
PipeName: \LOCAL\mojo.14820.17196.12170444448869802490
Image: C:\Program Files (x86)\Microsoft\Edge\Application\msedge.exe
User: MY-CALDERA\johnny.douche"
3993,MY-CAL-WIN10.my-caldera.local,17,"Pipe Created:
RuleName: -
EventType: CreatePipe
UtcTime: 2024-08-20 16:14:17.843
ProcessGuid: {ca24abc9-c0d1-66c4-5c8e-000000001900}
ProcessId: 12628
PipeName: \PSHost.133686440492862333.12628.DefaultAppDomain.powershell
Image: C:\Windows\system32\WindowsPowerShell\v1.0\powershell.exe
User: NT AUTHORITY\LOCAL SERVICE"
3994,MY-CAL-WIN10.my-caldera.local,17,"Pipe Created:
RuleName: -
EventType: CreatePipe
UtcTime: 2024-08-20 16:53:39.210
ProcessGuid: {ca24abc9-c417-66c4-cf8e-000000001900}
ProcessId: 13956
PipeName: \LOCAL\mojo.13956.13612.9334894238771688396
Image: C:\Program Files (x86)\Microsoft\Edge\Application\msedge.exe
User: MY-CAL-WIN10\Johnny Douche"
3995,MY-CAL-WIN10.my-caldera.local,17,"Pipe Created:
RuleName: -
EventType: CreatePipe
UtcTime: 2024-08-20 16:48:01.009
ProcessGuid: {ca24abc9-c8b5-66c4-3990-000000001900}
ProcessId: 28632
PipeName: \PSHost.133686460690326612.28632.DefaultAppDomain.powershell
Image: C:\Windows\system32\WindowsPowerShell\v1.0\powershell.exe
User: NT AUTHORITY\SYSTEM"
3996,MY-CAL-WIN10.my-caldera.local,17,"Pipe Created:
RuleName: -
EventType: CreatePipe
UtcTime: 2024-08-20 16:50:25.864
ProcessGuid: {ca24abc9-c417-66c4-cf8e-000000001900}
ProcessId: 13956
PipeName: \LOCAL\mojo.13956.13612.14704660027915805638
Image: C:\Program Files (x86)\Microsoft\Edge\Application\msedge.exe
User: MY-CAL-WIN10\Johnny Douche"
3997,MY-CAL-WIN10.my-caldera.local,17,"Pipe Created:
RuleName: -
EventType: CreatePipe
UtcTime: 2024-08-20 16:50:25.887
ProcessGuid: {ca24abc9-c417-66c4-cf8e-000000001900}
ProcessId: 13956
PipeName: \LOCAL\mojo.13956.13612.12988610342522550641
Image: C:\Program Files (x86)\Microsoft\Edge\Application\msedge.exe
User: MY-CAL-WIN10\Johnny Douche"
3998,MY-CAL-WIN10.my-caldera.local,17,"Pipe Created:
RuleName: -
EventType: CreatePipe
UtcTime: 2024-08-20 16:54:06.161
ProcessGuid: {ca24abc9-c417-66c4-cf8e-000000001900}
ProcessId: 13956
PipeName: \LOCAL\mojo.13956.13612.697441652709673578
Image: C:\Program Files (x86)\Microsoft\Edge\Application\msedge.exe
User: MY-CAL-WIN10\Johnny Douche"
3999,MY-CAL-WIN10.my-caldera.local,17,"Pipe Created:
RuleName: -
EventType: CreatePipe
UtcTime: 2024-08-20 16:53:50.962
ProcessGuid: {ca24abc9-c417-66c4-cf8e-000000001900}
ProcessId: 13956
PipeName: \LOCAL\mojo.13956.13612.5755211063570258947
Image: C:\Program Files (x86)\Microsoft\Edge\Application\msedge.exe
User: MY-CAL-WIN10\Johnny Douche"
4000,MY-CAL-WIN10.my-caldera.local,17,"Pipe Created:
RuleName: -
EventType: CreatePipe
UtcTime: 2024-08-20 16:54:13.421
ProcessGuid: {ca24abc9-ca26-66c4-6290-000000001900}
ProcessId: 17568
PipeName: \PSHost.133686464385611330.17568.DefaultAppDomain.powershell
Image: C:\Windows\system32\WindowsPowerShell\v1.0\powershell.exe
User: NT AUTHORITY\LOCAL SERVICE"
4001,MY-CAL-WIN10.my-caldera.local,17,"Pipe Created:
RuleName: -
EventType: CreatePipe
UtcTime: 2024-08-20 16:32:25.047
ProcessGuid: {ca24abc9-c417-66c4-cf8e-000000001900}
ProcessId: 13956
PipeName: \LOCAL\mojo.13956.13612.15993258866228983747
Image: C:\Program Files (x86)\Microsoft\Edge\Application\msedge.exe
User: MY-CAL-WIN10\Johnny Douche"
4002,MY-CAL-WIN10.my-caldera.local,17,"Pipe Created:
RuleName: -
EventType: CreatePipe
UtcTime: 2024-08-20 16:34:17.233
ProcessGuid: {ca24abc9-c56b-66c4-0a8f-000000001900}
ProcessId: 11744
PipeName: <Anonymous Pipe>
Image: C:\Windows\system32\WindowsPowerShell\v1.0\powershell.exe
User: NT AUTHORITY\SYSTEM"
4003,MY-CAL-WIN10.my-caldera.local,17,"Pipe Created:
RuleName: -
EventType: CreatePipe
UtcTime: 2024-08-20 16:34:17.937
ProcessGuid: {ca24abc9-c56b-66c4-0a8f-000000001900}
ProcessId: 11744
PipeName: <Anonymous Pipe>
Image: C:\Windows\system32\WindowsPowerShell\v1.0\powershell.exe
User: NT AUTHORITY\SYSTEM"
4004,MY-CAL-WIN10.my-caldera.local,17,"Pipe Created:
RuleName: -
EventType: CreatePipe
UtcTime: 2024-08-20 16:34:21.062
ProcessGuid: {ca24abc9-c56b-66c4-0a8f-000000001900}
ProcessId: 11744
PipeName: <Anonymous Pipe>
Image: C:\Windows\system32\WindowsPowerShell\v1.0\powershell.exe
User: NT AUTHORITY\SYSTEM"
4005,MY-CAL-WIN10.my-caldera.local,17,"Pipe Created:
RuleName: -
EventType: CreatePipe
UtcTime: 2024-08-20 16:34:21.368
ProcessGuid: {ca24abc9-c56b-66c4-0a8f-000000001900}
ProcessId: 11744
PipeName: <Anonymous Pipe>
Image: C:\Windows\system32\WindowsPowerShell\v1.0\powershell.exe
User: NT AUTHORITY\SYSTEM"
4006,MY-CAL-WIN10.my-caldera.local,17,"Pipe Created:
RuleName: -
EventType: CreatePipe
UtcTime: 2024-08-20 16:34:18.237
ProcessGuid: {ca24abc9-c56b-66c4-0a8f-000000001900}
ProcessId: 11744
PipeName: <Anonymous Pipe>
Image: C:\Windows\system32\WindowsPowerShell\v1.0\powershell.exe
User: NT AUTHORITY\SYSTEM"
4007,MY-CAL-WIN10.my-caldera.local,17,"Pipe Created:
RuleName: -
EventType: CreatePipe
UtcTime: 2024-08-20 16:34:18.392
ProcessGuid: {ca24abc9-c56b-66c4-0a8f-000000001900}
ProcessId: 11744
PipeName: <Anonymous Pipe>
Image: C:\Windows\system32\WindowsPowerShell\v1.0\powershell.exe
User: NT AUTHORITY\SYSTEM"
4008,MY-CAL-WIN10.my-caldera.local,17,"Pipe Created:
RuleName: -
EventType: CreatePipe
UtcTime: 2024-08-20 16:34:18.478
ProcessGuid: {ca24abc9-c56b-66c4-0a8f-000000001900}
ProcessId: 11744
PipeName: <Anonymous Pipe>
Image: C:\Windows\system32\WindowsPowerShell\v1.0\powershell.exe
User: NT AUTHORITY\SYSTEM"
4009,MY-CAL-WIN10.my-caldera.local,17,"Pipe Created:
RuleName: -
EventType: CreatePipe
UtcTime: 2024-08-20 16:34:21.462
ProcessGuid: {ca24abc9-c56b-66c4-0a8f-000000001900}
ProcessId: 11744
PipeName: <Anonymous Pipe>
Image: C:\Windows\system32\WindowsPowerShell\v1.0\powershell.exe
User: NT AUTHORITY\SYSTEM"
4010,MY-CAL-WIN10.my-caldera.local,17,"Pipe Created:
RuleName: -
EventType: CreatePipe
UtcTime: 2024-08-20 16:34:21.550
ProcessGuid: {ca24abc9-c56b-66c4-0a8f-000000001900}
ProcessId: 11744
PipeName: <Anonymous Pipe>
Image: C:\Windows\system32\WindowsPowerShell\v1.0\powershell.exe
User: NT AUTHORITY\SYSTEM"
4011,MY-CAL-WIN10.my-caldera.local,17,"Pipe Created:
RuleName: -
EventType: CreatePipe
UtcTime: 2024-08-20 16:34:54.416
ProcessGuid: {ca24abc9-c56b-66c4-0a8f-000000001900}
ProcessId: 11744
PipeName: <Anonymous Pipe>
Image: C:\Windows\system32\WindowsPowerShell\v1.0\powershell.exe
User: NT AUTHORITY\SYSTEM"
4012,MY-CAL-WIN10.my-caldera.local,17,"Pipe Created:
RuleName: -
EventType: CreatePipe
UtcTime: 2024-08-20 16:34:55.229
ProcessGuid: {ca24abc9-c56b-66c4-0a8f-000000001900}
ProcessId: 11744
PipeName: <Anonymous Pipe>
Image: C:\Windows\system32\WindowsPowerShell\v1.0\powershell.exe
User: NT AUTHORITY\SYSTEM"
4013,MY-CAL-WIN10.my-caldera.local,17,"Pipe Created:
RuleName: -
EventType: CreatePipe
UtcTime: 2024-08-20 16:34:55.688
ProcessGuid: {ca24abc9-c56b-66c4-0a8f-000000001900}
ProcessId: 11744
PipeName: <Anonymous Pipe>
Image: C:\Windows\system32\WindowsPowerShell\v1.0\powershell.exe
User: NT AUTHORITY\SYSTEM"
4014,MY-CAL-WIN10.my-caldera.local,17,"Pipe Created:
RuleName: -
EventType: CreatePipe
UtcTime: 2024-08-20 16:34:55.739
ProcessGuid: {ca24abc9-c56b-66c4-0a8f-000000001900}
ProcessId: 11744
PipeName: <Anonymous Pipe>
Image: C:\Windows\system32\WindowsPowerShell\v1.0\powershell.exe
User: NT AUTHORITY\SYSTEM"
4015,MY-CAL-WIN10.my-caldera.local,17,"Pipe Created:
RuleName: -
EventType: CreatePipe
UtcTime: 2024-08-20 16:34:55.110
ProcessGuid: {ca24abc9-c56b-66c4-0a8f-000000001900}
ProcessId: 11744
PipeName: <Anonymous Pipe>
Image: C:\Windows\system32\WindowsPowerShell\v1.0\powershell.exe
User: NT AUTHORITY\SYSTEM"
4016,MY-CAL-WIN10.my-caldera.local,17,"Pipe Created:
RuleName: -
EventType: CreatePipe
UtcTime: 2024-08-20 16:34:55.778
ProcessGuid: {ca24abc9-c56b-66c4-0a8f-000000001900}
ProcessId: 11744
PipeName: <Anonymous Pipe>
Image: C:\Windows\system32\WindowsPowerShell\v1.0\powershell.exe
User: NT AUTHORITY\SYSTEM"
4017,MY-CAL-WIN10.my-caldera.local,17,"Pipe Created:
RuleName: -
EventType: CreatePipe
UtcTime: 2024-08-20 16:34:55.172
ProcessGuid: {ca24abc9-c56b-66c4-0a8f-000000001900}
ProcessId: 11744
PipeName: <Anonymous Pipe>
Image: C:\Windows\system32\WindowsPowerShell\v1.0\powershell.exe
User: NT AUTHORITY\SYSTEM"
4018,MY-CAL-WIN10.my-caldera.local,17,"Pipe Created:
RuleName: -
EventType: CreatePipe
UtcTime: 2024-08-20 16:16:54.566
ProcessGuid: {ca24abc9-ac40-664f-9f8d-000000001900}
ProcessId: 14820
PipeName: \LOCAL\mojo.14820.17196.2057540086100936683
Image: C:\Program Files (x86)\Microsoft\Edge\Application\msedge.exe
User: MY-CALDERA\johnny.douche"
4019,MY-CAL-WIN10.my-caldera.local,17,"Pipe Created:
RuleName: -
EventType: CreatePipe
UtcTime: 2024-08-20 16:33:16.846
ProcessGuid: {ca24abc9-c417-66c4-cf8e-000000001900}
ProcessId: 13956
PipeName: \LOCAL\mojo.13956.13612.3674123259347275417
Image: C:\Program Files (x86)\Microsoft\Edge\Application\msedge.exe
User: MY-CAL-WIN10\Johnny Douche"
4020,MY-CAL-WIN10.my-caldera.local,17,"Pipe Created:
RuleName: -
EventType: CreatePipe
UtcTime: 2024-08-20 16:31:19.259
ProcessGuid: {ca24abc9-c4ae-66c4-f48e-000000001900}
ProcessId: 8344
PipeName: <Anonymous Pipe>
Image: C:\Windows\system32\WindowsPowerShell\v1.0\powershell.exe
User: NT AUTHORITY\SYSTEM"
4021,MY-CAL-WIN10.my-caldera.local,17,"Pipe Created:
RuleName: -
EventType: CreatePipe
UtcTime: 2024-08-20 16:31:28.142
ProcessGuid: {ca24abc9-c417-66c4-cf8e-000000001900}
ProcessId: 13956
PipeName: \LOCAL\mojo.13956.13612.16358735151417874712
Image: C:\Program Files (x86)\Microsoft\Edge\Application\msedge.exe
User: MY-CAL-WIN10\Johnny Douche"
4022,MY-CAL-WIN10.my-caldera.local,17,"Pipe Created:
RuleName: -
EventType: CreatePipe
UtcTime: 2024-08-20 16:32:58.494
ProcessGuid: {ca24abc9-c530-66c4-018f-000000001900}
ProcessId: 12384
PipeName: \PSHost.133686451682980678.12384.DefaultAppDomain.powershell
Image: C:\Windows\system32\WindowsPowerShell\v1.0\powershell.exe
User: NT AUTHORITY\SYSTEM"
4023,MY-CAL-WIN10.my-caldera.local,17,"Pipe Created:
RuleName: -
EventType: CreatePipe
UtcTime: 2024-08-20 16:35:10.078
ProcessGuid: {ca24abc9-c56b-66c4-0a8f-000000001900}
ProcessId: 11744
PipeName: <Anonymous Pipe>
Image: C:\Windows\system32\WindowsPowerShell\v1.0\powershell.exe
User: NT AUTHORITY\SYSTEM"
4024,MY-CAL-WIN10.my-caldera.local,17,"Pipe Created:
RuleName: -
EventType: CreatePipe
UtcTime: 2024-08-20 16:35:07.363
ProcessGuid: {ca24abc9-c56b-66c4-0a8f-000000001900}
ProcessId: 11744
PipeName: <Anonymous Pipe>
Image: C:\Windows\system32\WindowsPowerShell\v1.0\powershell.exe
User: NT AUTHORITY\SYSTEM"
4025,MY-CAL-WIN10.my-caldera.local,17,"Pipe Created:
RuleName: -
EventType: CreatePipe
UtcTime: 2024-08-20 16:35:07.423
ProcessGuid: {ca24abc9-c56b-66c4-0a8f-000000001900}
ProcessId: 11744
PipeName: <Anonymous Pipe>
Image: C:\Windows\system32\WindowsPowerShell\v1.0\powershell.exe
User: NT AUTHORITY\SYSTEM"
4026,MY-CAL-WIN10.my-caldera.local,17,"Pipe Created:
RuleName: -
EventType: CreatePipe
UtcTime: 2024-08-20 16:35:10.322
ProcessGuid: {ca24abc9-c56b-66c4-0a8f-000000001900}
ProcessId: 11744
PipeName: <Anonymous Pipe>
Image: C:\Windows\system32\WindowsPowerShell\v1.0\powershell.exe
User: NT AUTHORITY\SYSTEM"
4027,MY-CAL-WIN10.my-caldera.local,17,"Pipe Created:
RuleName: -
EventType: CreatePipe
UtcTime: 2024-08-20 16:35:10.569
ProcessGuid: {ca24abc9-c56b-66c4-0a8f-000000001900}
ProcessId: 11744
PipeName: <Anonymous Pipe>
Image: C:\Windows\system32\WindowsPowerShell\v1.0\powershell.exe
User: NT AUTHORITY\SYSTEM"
4028,MY-CAL-WIN10.my-caldera.local,17,"Pipe Created:
RuleName: -
EventType: CreatePipe
UtcTime: 2024-08-20 16:35:10.602
ProcessGuid: {ca24abc9-c56b-66c4-0a8f-000000001900}
ProcessId: 11744
PipeName: <Anonymous Pipe>
Image: C:\Windows\system32\WindowsPowerShell\v1.0\powershell.exe
User: NT AUTHORITY\SYSTEM"
4029,MY-CAL-WIN10.my-caldera.local,17,"Pipe Created:
RuleName: -
EventType: CreatePipe
UtcTime: 2024-08-20 16:35:10.635
ProcessGuid: {ca24abc9-c56b-66c4-0a8f-000000001900}
ProcessId: 11744
PipeName: <Anonymous Pipe>
Image: C:\Windows\system32\WindowsPowerShell\v1.0\powershell.exe
User: NT AUTHORITY\SYSTEM"
4030,MY-CAL-WIN10.my-caldera.local,17,"Pipe Created:
RuleName: -
EventType: CreatePipe
UtcTime: 2024-08-20 16:35:11.186
ProcessGuid: {ca24abc9-c56b-66c4-0a8f-000000001900}
ProcessId: 11744
PipeName: <Anonymous Pipe>
Image: C:\Windows\system32\WindowsPowerShell\v1.0\powershell.exe
User: NT AUTHORITY\SYSTEM"
4031,MY-CAL-WIN10.my-caldera.local,17,"Pipe Created:
RuleName: -
EventType: CreatePipe
UtcTime: 2024-08-20 16:35:11.292
ProcessGuid: {ca24abc9-c56b-66c4-0a8f-000000001900}
ProcessId: 11744
PipeName: <Anonymous Pipe>
Image: C:\Windows\system32\WindowsPowerShell\v1.0\powershell.exe
User: NT AUTHORITY\SYSTEM"
4032,MY-CAL-WIN10.my-caldera.local,17,"Pipe Created:
RuleName: -
EventType: CreatePipe
UtcTime: 2024-08-20 16:35:09.664
ProcessGuid: {ca24abc9-c56b-66c4-0a8f-000000001900}
ProcessId: 11744
PipeName: <Anonymous Pipe>
Image: C:\Windows\system32\WindowsPowerShell\v1.0\powershell.exe
User: NT AUTHORITY\SYSTEM"
4033,MY-CAL-WIN10.my-caldera.local,17,"Pipe Created:
RuleName: -
EventType: CreatePipe
UtcTime: 2024-08-20 16:35:10.146
ProcessGuid: {ca24abc9-c56b-66c4-0a8f-000000001900}
ProcessId: 11744
PipeName: <Anonymous Pipe>
Image: C:\Windows\system32\WindowsPowerShell\v1.0\powershell.exe
User: NT AUTHORITY\SYSTEM"
4034,MY-CAL-WIN10.my-caldera.local,17,"Pipe Created:
RuleName: -
EventType: CreatePipe
UtcTime: 2024-08-20 16:35:10.180
ProcessGuid: {ca24abc9-c56b-66c4-0a8f-000000001900}
ProcessId: 11744
PipeName: <Anonymous Pipe>
Image: C:\Windows\system32\WindowsPowerShell\v1.0\powershell.exe
User: NT AUTHORITY\SYSTEM"
4035,MY-CAL-WIN10.my-caldera.local,17,"Pipe Created:
RuleName: -
EventType: CreatePipe
UtcTime: 2024-08-20 16:35:10.667
ProcessGuid: {ca24abc9-c56b-66c4-0a8f-000000001900}
ProcessId: 11744
PipeName: <Anonymous Pipe>
Image: C:\Windows\system32\WindowsPowerShell\v1.0\powershell.exe
User: NT AUTHORITY\SYSTEM"
4036,MY-CAL-WIN10.my-caldera.local,17,"Pipe Created:
RuleName: -
EventType: CreatePipe
UtcTime: 2024-08-20 16:35:10.381
ProcessGuid: {ca24abc9-c56b-66c4-0a8f-000000001900}
ProcessId: 11744
PipeName: <Anonymous Pipe>
Image: C:\Windows\system32\WindowsPowerShell\v1.0\powershell.exe
User: NT AUTHORITY\SYSTEM"
4037,MY-CAL-WIN10.my-caldera.local,17,"Pipe Created:
RuleName: -
EventType: CreatePipe
UtcTime: 2024-08-20 16:35:10.954
ProcessGuid: {ca24abc9-c56b-66c4-0a8f-000000001900}
ProcessId: 11744
PipeName: <Anonymous Pipe>
Image: C:\Windows\system32\WindowsPowerShell\v1.0\powershell.exe
User: NT AUTHORITY\SYSTEM"
4038,MY-CAL-WIN10.my-caldera.local,17,"Pipe Created:
RuleName: -
EventType: CreatePipe
UtcTime: 2024-08-20 16:35:10.444
ProcessGuid: {ca24abc9-c56b-66c4-0a8f-000000001900}
ProcessId: 11744
PipeName: <Anonymous Pipe>
Image: C:\Windows\system32\WindowsPowerShell\v1.0\powershell.exe
User: NT AUTHORITY\SYSTEM"
4039,MY-CAL-WIN10.my-caldera.local,17,"Pipe Created:
RuleName: -
EventType: CreatePipe
UtcTime: 2024-08-20 16:35:10.504
ProcessGuid: {ca24abc9-c56b-66c4-0a8f-000000001900}
ProcessId: 11744
PipeName: <Anonymous Pipe>
Image: C:\Windows\system32\WindowsPowerShell\v1.0\powershell.exe
User: NT AUTHORITY\SYSTEM"
4040,MY-CAL-WIN10.my-caldera.local,17,"Pipe Created:
RuleName: -
EventType: CreatePipe
UtcTime: 2024-08-20 16:35:11.048
ProcessGuid: {ca24abc9-c56b-66c4-0a8f-000000001900}
ProcessId: 11744
PipeName: <Anonymous Pipe>
Image: C:\Windows\system32\WindowsPowerShell\v1.0\powershell.exe
User: NT AUTHORITY\SYSTEM"
4041,MY-CAL-WIN10.my-caldera.local,17,"Pipe Created:
RuleName: -
EventType: CreatePipe
UtcTime: 2024-08-20 16:35:11.133
ProcessGuid: {ca24abc9-c56b-66c4-0a8f-000000001900}
ProcessId: 11744
PipeName: <Anonymous Pipe>
Image: C:\Windows\system32\WindowsPowerShell\v1.0\powershell.exe
User: NT AUTHORITY\SYSTEM"
4042,MY-CAL-WIN10.my-caldera.local,17,"Pipe Created:
RuleName: -
EventType: CreatePipe
UtcTime: 2024-08-20 16:35:09.705
ProcessGuid: {ca24abc9-c56b-66c4-0a8f-000000001900}
ProcessId: 11744
PipeName: <Anonymous Pipe>
Image: C:\Windows\system32\WindowsPowerShell\v1.0\powershell.exe
User: NT AUTHORITY\SYSTEM"
4043,MY-CAL-WIN10.my-caldera.local,17,"Pipe Created:
RuleName: -
EventType: CreatePipe
UtcTime: 2024-08-20 16:35:07.111
ProcessGuid: {ca24abc9-c56b-66c4-0a8f-000000001900}
ProcessId: 11744
PipeName: <Anonymous Pipe>
Image: C:\Windows\system32\WindowsPowerShell\v1.0\powershell.exe
User: NT AUTHORITY\SYSTEM"
4044,MY-CAL-WIN10.my-caldera.local,17,"Pipe Created:
RuleName: -
EventType: CreatePipe
UtcTime: 2024-08-20 16:35:11.236
ProcessGuid: {ca24abc9-c56b-66c4-0a8f-000000001900}
ProcessId: 11744
PipeName: <Anonymous Pipe>
Image: C:\Windows\system32\WindowsPowerShell\v1.0\powershell.exe
User: NT AUTHORITY\SYSTEM"
4045,MY-CAL-WIN10.my-caldera.local,17,"Pipe Created:
RuleName: -
EventType: CreatePipe
UtcTime: 2024-08-20 16:35:09.746
ProcessGuid: {ca24abc9-c56b-66c4-0a8f-000000001900}
ProcessId: 11744
PipeName: <Anonymous Pipe>
Image: C:\Windows\system32\WindowsPowerShell\v1.0\powershell.exe
User: NT AUTHORITY\SYSTEM"
4046,MY-CAL-WIN10.my-caldera.local,17,"Pipe Created:
RuleName: -
EventType: CreatePipe
UtcTime: 2024-08-20 16:35:09.786
ProcessGuid: {ca24abc9-c56b-66c4-0a8f-000000001900}
ProcessId: 11744
PipeName: <Anonymous Pipe>
Image: C:\Windows\system32\WindowsPowerShell\v1.0\powershell.exe
User: NT AUTHORITY\SYSTEM"
4047,MY-CAL-WIN10.my-caldera.local,17,"Pipe Created:
RuleName: -
EventType: CreatePipe
UtcTime: 2024-08-20 16:35:09.824
ProcessGuid: {ca24abc9-c56b-66c4-0a8f-000000001900}
ProcessId: 11744
PipeName: <Anonymous Pipe>
Image: C:\Windows\system32\WindowsPowerShell\v1.0\powershell.exe
User: NT AUTHORITY\SYSTEM"
4048,MY-CAL-WIN10.my-caldera.local,17,"Pipe Created:
RuleName: -
EventType: CreatePipe
UtcTime: 2024-08-20 16:35:10.042
ProcessGuid: {ca24abc9-c56b-66c4-0a8f-000000001900}
ProcessId: 11744
PipeName: <Anonymous Pipe>
Image: C:\Windows\system32\WindowsPowerShell\v1.0\powershell.exe
User: NT AUTHORITY\SYSTEM"
4049,MY-CAL-WIN10.my-caldera.local,17,"Pipe Created:
RuleName: -
EventType: CreatePipe
UtcTime: 2024-08-20 16:35:09.386
ProcessGuid: {ca24abc9-c56b-66c4-0a8f-000000001900}
ProcessId: 11744
PipeName: <Anonymous Pipe>
Image: C:\Windows\system32\WindowsPowerShell\v1.0\powershell.exe
User: NT AUTHORITY\SYSTEM"
4050,MY-CAL-WIN10.my-caldera.local,17,"Pipe Created:
RuleName: -
EventType: CreatePipe
UtcTime: 2024-08-20 16:35:09.427
ProcessGuid: {ca24abc9-c56b-66c4-0a8f-000000001900}
ProcessId: 11744
PipeName: <Anonymous Pipe>
Image: C:\Windows\system32\WindowsPowerShell\v1.0\powershell.exe
User: NT AUTHORITY\SYSTEM"
4051,MY-CAL-WIN10.my-caldera.local,17,"Pipe Created:
RuleName: -
EventType: CreatePipe
UtcTime: 2024-08-20 16:35:10.113
ProcessGuid: {ca24abc9-c56b-66c4-0a8f-000000001900}
ProcessId: 11744
PipeName: <Anonymous Pipe>
Image: C:\Windows\system32\WindowsPowerShell\v1.0\powershell.exe
User: NT AUTHORITY\SYSTEM"
4052,MY-CAL-WIN10.my-caldera.local,17,"Pipe Created:
RuleName: -
EventType: CreatePipe
UtcTime: 2024-08-20 16:35:10.213
ProcessGuid: {ca24abc9-c56b-66c4-0a8f-000000001900}
ProcessId: 11744
PipeName: <Anonymous Pipe>
Image: C:\Windows\system32\WindowsPowerShell\v1.0\powershell.exe
User: NT AUTHORITY\SYSTEM"
4053,MY-CAL-WIN10.my-caldera.local,17,"Pipe Created:
RuleName: -
EventType: CreatePipe
UtcTime: 2024-08-20 16:35:07.466
ProcessGuid: {ca24abc9-c56b-66c4-0a8f-000000001900}
ProcessId: 11744
PipeName: <Anonymous Pipe>
Image: C:\Windows\system32\WindowsPowerShell\v1.0\powershell.exe
User: NT AUTHORITY\SYSTEM"
4054,MY-CAL-WIN10.my-caldera.local,17,"Pipe Created:
RuleName: -
EventType: CreatePipe
UtcTime: 2024-08-20 16:35:59.131
ProcessGuid: {ca24abc9-c56b-66c4-0a8f-000000001900}
ProcessId: 11744
PipeName: <Anonymous Pipe>
Image: C:\Windows\system32\WindowsPowerShell\v1.0\powershell.exe
User: NT AUTHORITY\SYSTEM"
4055,MY-CAL-WIN10.my-caldera.local,17,"Pipe Created:
RuleName: -
EventType: CreatePipe
UtcTime: 2024-08-20 16:35:59.192
ProcessGuid: {ca24abc9-c56b-66c4-0a8f-000000001900}
ProcessId: 11744
PipeName: <Anonymous Pipe>
Image: C:\Windows\system32\WindowsPowerShell\v1.0\powershell.exe
User: NT AUTHORITY\SYSTEM"
4056,MY-CAL-WIN10.my-caldera.local,17,"Pipe Created:
RuleName: -
EventType: CreatePipe
UtcTime: 2024-08-20 16:35:59.357
ProcessGuid: {ca24abc9-c56b-66c4-0a8f-000000001900}
ProcessId: 11744
PipeName: <Anonymous Pipe>
Image: C:\Windows\system32\WindowsPowerShell\v1.0\powershell.exe
User: NT AUTHORITY\SYSTEM"
4057,MY-CAL-WIN10.my-caldera.local,17,"Pipe Created:
RuleName: -
EventType: CreatePipe
UtcTime: 2024-08-20 16:35:59.454
ProcessGuid: {ca24abc9-c56b-66c4-0a8f-000000001900}
ProcessId: 11744
PipeName: <Anonymous Pipe>
Image: C:\Windows\system32\WindowsPowerShell\v1.0\powershell.exe
User: NT AUTHORITY\SYSTEM"
4058,MY-CAL-WIN10.my-caldera.local,17,"Pipe Created:
RuleName: -
EventType: CreatePipe
UtcTime: 2024-08-20 16:35:59.806
ProcessGuid: {ca24abc9-c56b-66c4-0a8f-000000001900}
ProcessId: 11744
PipeName: <Anonymous Pipe>
Image: C:\Windows\system32\WindowsPowerShell\v1.0\powershell.exe
User: NT AUTHORITY\SYSTEM"
4059,MY-CAL-WIN10.my-caldera.local,17,"Pipe Created:
RuleName: -
EventType: CreatePipe
UtcTime: 2024-08-20 16:35:59.843
ProcessGuid: {ca24abc9-c56b-66c4-0a8f-000000001900}
ProcessId: 11744
PipeName: <Anonymous Pipe>
Image: C:\Windows\system32\WindowsPowerShell\v1.0\powershell.exe
User: NT AUTHORITY\SYSTEM"
4060,MY-CAL-WIN10.my-caldera.local,17,"Pipe Created:
RuleName: -
EventType: CreatePipe
UtcTime: 2024-08-20 16:35:59.886
ProcessGuid: {ca24abc9-c56b-66c4-0a8f-000000001900}
ProcessId: 11744
PipeName: <Anonymous Pipe>
Image: C:\Windows\system32\WindowsPowerShell\v1.0\powershell.exe
User: NT AUTHORITY\SYSTEM"
4061,MY-CAL-WIN10.my-caldera.local,17,"Pipe Created:
RuleName: -
EventType: CreatePipe
UtcTime: 2024-08-20 16:35:59.988
ProcessGuid: {ca24abc9-c56b-66c4-0a8f-000000001900}
ProcessId: 11744
PipeName: <Anonymous Pipe>
Image: C:\Windows\system32\WindowsPowerShell\v1.0\powershell.exe
User: NT AUTHORITY\SYSTEM"
4062,MY-CAL-WIN10.my-caldera.local,17,"Pipe Created:
RuleName: -
EventType: CreatePipe
UtcTime: 2024-08-20 16:35:59.072
ProcessGuid: {ca24abc9-c56b-66c4-0a8f-000000001900}
ProcessId: 11744
PipeName: <Anonymous Pipe>
Image: C:\Windows\system32\WindowsPowerShell\v1.0\powershell.exe
User: NT AUTHORITY\SYSTEM"
4063,MY-CAL-WIN10.my-caldera.local,17,"Pipe Created:
RuleName: -
EventType: CreatePipe
UtcTime: 2024-08-20 16:35:59.511
ProcessGuid: {ca24abc9-c56b-66c4-0a8f-000000001900}
ProcessId: 11744
PipeName: <Anonymous Pipe>
Image: C:\Windows\system32\WindowsPowerShell\v1.0\powershell.exe
User: NT AUTHORITY\SYSTEM"
4064,MY-CAL-WIN10.my-caldera.local,17,"Pipe Created:
RuleName: -
EventType: CreatePipe
UtcTime: 2024-08-20 16:36:00.424
ProcessGuid: {ca24abc9-c56b-66c4-0a8f-000000001900}
ProcessId: 11744
PipeName: <Anonymous Pipe>
Image: C:\Windows\system32\WindowsPowerShell\v1.0\powershell.exe
User: NT AUTHORITY\SYSTEM"
4065,MY-CAL-WIN10.my-caldera.local,17,"Pipe Created:
RuleName: -
EventType: CreatePipe
UtcTime: 2024-08-20 16:36:00.496
ProcessGuid: {ca24abc9-c56b-66c4-0a8f-000000001900}
ProcessId: 11744
PipeName: <Anonymous Pipe>
Image: C:\Windows\system32\WindowsPowerShell\v1.0\powershell.exe
User: NT AUTHORITY\SYSTEM"
4066,MY-CAL-WIN10.my-caldera.local,17,"Pipe Created:
RuleName: -
EventType: CreatePipe
UtcTime: 2024-08-20 16:36:00.778
ProcessGuid: {ca24abc9-c56b-66c4-0a8f-000000001900}
ProcessId: 11744
PipeName: <Anonymous Pipe>
Image: C:\Windows\system32\WindowsPowerShell\v1.0\powershell.exe
User: NT AUTHORITY\SYSTEM"
4067,MY-CAL-WIN10.my-caldera.local,17,"Pipe Created:
RuleName: -
EventType: CreatePipe
UtcTime: 2024-08-20 16:35:58.586
ProcessGuid: {ca24abc9-c56b-66c4-0a8f-000000001900}
ProcessId: 11744
PipeName: <Anonymous Pipe>
Image: C:\Windows\system32\WindowsPowerShell\v1.0\powershell.exe
User: NT AUTHORITY\SYSTEM"
4068,MY-CAL-WIN10.my-caldera.local,17,"Pipe Created:
RuleName: -
EventType: CreatePipe
UtcTime: 2024-08-20 16:35:43.715
ProcessGuid: {ca24abc9-c5d0-66c4-ab8f-000000001900}
ProcessId: 21076
PipeName: \PSHost.133686453280115409.21076.DefaultAppDomain.powershell
Image: C:\Windows\system32\WindowsPowerShell\v1.0\powershell.exe
User: NT AUTHORITY\SYSTEM"
4069,MY-CAL-WIN10.my-caldera.local,17,"Pipe Created:
RuleName: -
EventType: CreatePipe
UtcTime: 2024-08-20 16:35:59.921
ProcessGuid: {ca24abc9-c56b-66c4-0a8f-000000001900}
ProcessId: 11744
PipeName: <Anonymous Pipe>
Image: C:\Windows\system32\WindowsPowerShell\v1.0\powershell.exe
User: NT AUTHORITY\SYSTEM"
4070,MY-CAL-WIN10.my-caldera.local,17,"Pipe Created:
RuleName: -
EventType: CreatePipe
UtcTime: 2024-08-20 16:36:00.595
ProcessGuid: {ca24abc9-c56b-66c4-0a8f-000000001900}
ProcessId: 11744
PipeName: <Anonymous Pipe>
Image: C:\Windows\system32\WindowsPowerShell\v1.0\powershell.exe
User: NT AUTHORITY\SYSTEM"
4071,MY-CAL-WIN10.my-caldera.local,17,"Pipe Created:
RuleName: -
EventType: CreatePipe
UtcTime: 2024-08-20 16:36:05.111
ProcessGuid: {ca24abc9-c56b-66c4-0a8f-000000001900}
ProcessId: 11744
PipeName: <Anonymous Pipe>
Image: C:\Windows\system32\WindowsPowerShell\v1.0\powershell.exe
User: NT AUTHORITY\SYSTEM"
4072,MY-CAL-WIN10.my-caldera.local,17,"Pipe Created:
RuleName: -
EventType: CreatePipe
UtcTime: 2024-08-20 16:36:05.407
ProcessGuid: {ca24abc9-c56b-66c4-0a8f-000000001900}
ProcessId: 11744
PipeName: <Anonymous Pipe>
Image: C:\Windows\system32\WindowsPowerShell\v1.0\powershell.exe
User: NT AUTHORITY\SYSTEM"
4073,MY-CAL-WIN10.my-caldera.local,17,"Pipe Created:
RuleName: -
EventType: CreatePipe
UtcTime: 2024-08-20 16:35:58.996
ProcessGuid: {ca24abc9-c56b-66c4-0a8f-000000001900}
ProcessId: 11744
PipeName: <Anonymous Pipe>
Image: C:\Windows\system32\WindowsPowerShell\v1.0\powershell.exe
User: NT AUTHORITY\SYSTEM"
4074,MY-CAL-WIN10.my-caldera.local,17,"Pipe Created:
RuleName: -
EventType: CreatePipe
UtcTime: 2024-08-20 16:36:00.462
ProcessGuid: {ca24abc9-c56b-66c4-0a8f-000000001900}
ProcessId: 11744
PipeName: <Anonymous Pipe>
Image: C:\Windows\system32\WindowsPowerShell\v1.0\powershell.exe
User: NT AUTHORITY\SYSTEM"
4075,MY-CAL-WIN10.my-caldera.local,17,"Pipe Created:
RuleName: -
EventType: CreatePipe
UtcTime: 2024-08-20 16:36:04.943
ProcessGuid: {ca24abc9-c56b-66c4-0a8f-000000001900}
ProcessId: 11744
PipeName: <Anonymous Pipe>
Image: C:\Windows\system32\WindowsPowerShell\v1.0\powershell.exe
User: NT AUTHORITY\SYSTEM"
4076,MY-CAL-WIN10.my-caldera.local,17,"Pipe Created:
RuleName: -
EventType: CreatePipe
UtcTime: 2024-08-20 16:36:05.374
ProcessGuid: {ca24abc9-c56b-66c4-0a8f-000000001900}
ProcessId: 11744
PipeName: <Anonymous Pipe>
Image: C:\Windows\system32\WindowsPowerShell\v1.0\powershell.exe
User: NT AUTHORITY\SYSTEM"
4077,MY-CAL-WIN10.my-caldera.local,17,"Pipe Created:
RuleName: -
EventType: CreatePipe
UtcTime: 2024-08-20 16:36:00.342
ProcessGuid: {ca24abc9-c56b-66c4-0a8f-000000001900}
ProcessId: 11744
PipeName: <Anonymous Pipe>
Image: C:\Windows\system32\WindowsPowerShell\v1.0\powershell.exe
User: NT AUTHORITY\SYSTEM"
4078,MY-CAL-WIN10.my-caldera.local,17,"Pipe Created:
RuleName: -
EventType: CreatePipe
UtcTime: 2024-08-20 16:36:00.104
ProcessGuid: {ca24abc9-c56b-66c4-0a8f-000000001900}
ProcessId: 11744
PipeName: <Anonymous Pipe>
Image: C:\Windows\system32\WindowsPowerShell\v1.0\powershell.exe
User: NT AUTHORITY\SYSTEM"
4079,MY-CAL-WIN10.my-caldera.local,17,"Pipe Created:
RuleName: -
EventType: CreatePipe
UtcTime: 2024-08-20 16:36:00.175
ProcessGuid: {ca24abc9-c56b-66c4-0a8f-000000001900}
ProcessId: 11744
PipeName: <Anonymous Pipe>
Image: C:\Windows\system32\WindowsPowerShell\v1.0\powershell.exe
User: NT AUTHORITY\SYSTEM"
4080,MY-CAL-WIN10.my-caldera.local,17,"Pipe Created:
RuleName: -
EventType: CreatePipe
UtcTime: 2024-08-20 16:36:00.380
ProcessGuid: {ca24abc9-c56b-66c4-0a8f-000000001900}
ProcessId: 11744
PipeName: <Anonymous Pipe>
Image: C:\Windows\system32\WindowsPowerShell\v1.0\powershell.exe
User: NT AUTHORITY\SYSTEM"
4081,MY-CAL-WIN10.my-caldera.local,17,"Pipe Created:
RuleName: -
EventType: CreatePipe
UtcTime: 2024-08-20 16:36:05.488
ProcessGuid: {ca24abc9-c56b-66c4-0a8f-000000001900}
ProcessId: 11744
PipeName: <Anonymous Pipe>
Image: C:\Windows\system32\WindowsPowerShell\v1.0\powershell.exe
User: NT AUTHORITY\SYSTEM"
4082,MY-CAL-WIN10.my-caldera.local,17,"Pipe Created:
RuleName: -
EventType: CreatePipe
UtcTime: 2024-08-20 16:36:05.542
ProcessGuid: {ca24abc9-c56b-66c4-0a8f-000000001900}
ProcessId: 11744
PipeName: <Anonymous Pipe>
Image: C:\Windows\system32\WindowsPowerShell\v1.0\powershell.exe
User: NT AUTHORITY\SYSTEM"
4083,MY-CAL-WIN10.my-caldera.local,17,"Pipe Created:
RuleName: -
EventType: CreatePipe
UtcTime: 2024-08-20 16:36:00.260
ProcessGuid: {ca24abc9-c56b-66c4-0a8f-000000001900}
ProcessId: 11744
PipeName: <Anonymous Pipe>
Image: C:\Windows\system32\WindowsPowerShell\v1.0\powershell.exe
User: NT AUTHORITY\SYSTEM"
4084,MY-CAL-WIN10.my-caldera.local,17,"Pipe Created:
RuleName: -
EventType: CreatePipe
UtcTime: 2024-08-20 16:36:00.668
ProcessGuid: {ca24abc9-c56b-66c4-0a8f-000000001900}
ProcessId: 11744
PipeName: <Anonymous Pipe>
Image: C:\Windows\system32\WindowsPowerShell\v1.0\powershell.exe
User: NT AUTHORITY\SYSTEM"
4085,MY-CAL-WIN10.my-caldera.local,17,"Pipe Created:
RuleName: -
EventType: CreatePipe
UtcTime: 2024-08-20 16:35:59.956
ProcessGuid: {ca24abc9-c56b-66c4-0a8f-000000001900}
ProcessId: 11744
PipeName: <Anonymous Pipe>
Image: C:\Windows\system32\WindowsPowerShell\v1.0\powershell.exe
User: NT AUTHORITY\SYSTEM"
4086,MY-CAL-WIN10.my-caldera.local,17,"Pipe Created:
RuleName: -
EventType: CreatePipe
UtcTime: 2024-08-20 16:36:05.195
ProcessGuid: {ca24abc9-c56b-66c4-0a8f-000000001900}
ProcessId: 11744
PipeName: <Anonymous Pipe>
Image: C:\Windows\system32\WindowsPowerShell\v1.0\powershell.exe
User: NT AUTHORITY\SYSTEM"
4087,MY-CAL-WIN10.my-caldera.local,17,"Pipe Created:
RuleName: -
EventType: CreatePipe
UtcTime: 2024-08-20 16:36:05.668
ProcessGuid: {ca24abc9-c56b-66c4-0a8f-000000001900}
ProcessId: 11744
PipeName: <Anonymous Pipe>
Image: C:\Windows\system32\WindowsPowerShell\v1.0\powershell.exe
User: NT AUTHORITY\SYSTEM"
4088,MY-CAL-WIN10.my-caldera.local,17,"Pipe Created:
RuleName: -
EventType: CreatePipe
UtcTime: 2024-08-20 16:36:05.156
ProcessGuid: {ca24abc9-c56b-66c4-0a8f-000000001900}
ProcessId: 11744
PipeName: <Anonymous Pipe>
Image: C:\Windows\system32\WindowsPowerShell\v1.0\powershell.exe
User: NT AUTHORITY\SYSTEM"
4089,MY-CAL-WIN10.my-caldera.local,17,"Pipe Created:
RuleName: -
EventType: CreatePipe
UtcTime: 2024-08-20 16:36:04.989
ProcessGuid: {ca24abc9-c56b-66c4-0a8f-000000001900}
ProcessId: 11744
PipeName: <Anonymous Pipe>
Image: C:\Windows\system32\WindowsPowerShell\v1.0\powershell.exe
User: NT AUTHORITY\SYSTEM"
4090,MY-CAL-WIN10.my-caldera.local,17,"Pipe Created:
RuleName: -
EventType: CreatePipe
UtcTime: 2024-08-20 16:36:05.584
ProcessGuid: {ca24abc9-c56b-66c4-0a8f-000000001900}
ProcessId: 11744
PipeName: <Anonymous Pipe>
Image: C:\Windows\system32\WindowsPowerShell\v1.0\powershell.exe
User: NT AUTHORITY\SYSTEM"
4091,MY-CAL-WIN10.my-caldera.local,17,"Pipe Created:
RuleName: -
EventType: CreatePipe
UtcTime: 2024-08-20 16:36:00.630
ProcessGuid: {ca24abc9-c56b-66c4-0a8f-000000001900}
ProcessId: 11744
PipeName: <Anonymous Pipe>
Image: C:\Windows\system32\WindowsPowerShell\v1.0\powershell.exe
User: NT AUTHORITY\SYSTEM"
4092,MY-CAL-WIN10.my-caldera.local,17,"Pipe Created:
RuleName: -
EventType: CreatePipe
UtcTime: 2024-08-20 16:36:05.451
ProcessGuid: {ca24abc9-c56b-66c4-0a8f-000000001900}
ProcessId: 11744
PipeName: <Anonymous Pipe>
Image: C:\Windows\system32\WindowsPowerShell\v1.0\powershell.exe
User: NT AUTHORITY\SYSTEM"
4093,MY-CAL-WIN10.my-caldera.local,17,"Pipe Created:
RuleName: -
EventType: CreatePipe
UtcTime: 2024-08-20 16:36:05.628
ProcessGuid: {ca24abc9-c56b-66c4-0a8f-000000001900}
ProcessId: 11744
PipeName: <Anonymous Pipe>
Image: C:\Windows\system32\WindowsPowerShell\v1.0\powershell.exe
User: NT AUTHORITY\SYSTEM"
4094,MY-CAL-WIN10.my-caldera.local,17,"Pipe Created:
RuleName: -
EventType: CreatePipe
UtcTime: 2024-08-20 16:36:00.143
ProcessGuid: {ca24abc9-c56b-66c4-0a8f-000000001900}
ProcessId: 11744
PipeName: <Anonymous Pipe>
Image: C:\Windows\system32\WindowsPowerShell\v1.0\powershell.exe
User: NT AUTHORITY\SYSTEM"
4095,MY-CAL-WIN10.my-caldera.local,17,"Pipe Created:
RuleName: -
EventType: CreatePipe
UtcTime: 2024-08-20 16:36:00.298
ProcessGuid: {ca24abc9-c56b-66c4-0a8f-000000001900}
ProcessId: 11744
PipeName: <Anonymous Pipe>
Image: C:\Windows\system32\WindowsPowerShell\v1.0\powershell.exe
User: NT AUTHORITY\SYSTEM"
4096,MY-CAL-WIN10.my-caldera.local,17,"Pipe Created:
RuleName: -
EventType: CreatePipe
UtcTime: 2024-08-20 16:36:00.703
ProcessGuid: {ca24abc9-c56b-66c4-0a8f-000000001900}
ProcessId: 11744
PipeName: <Anonymous Pipe>
Image: C:\Windows\system32\WindowsPowerShell\v1.0\powershell.exe
User: NT AUTHORITY\SYSTEM"
4097,MY-CAL-WIN10.my-caldera.local,17,"Pipe Created:
RuleName: -
EventType: CreatePipe
UtcTime: 2024-08-20 16:36:00.823
ProcessGuid: {ca24abc9-c56b-66c4-0a8f-000000001900}
ProcessId: 11744
PipeName: <Anonymous Pipe>
Image: C:\Windows\system32\WindowsPowerShell\v1.0\powershell.exe
User: NT AUTHORITY\SYSTEM"
4098,MY-CAL-WIN10.my-caldera.local,17,"Pipe Created:
RuleName: -
EventType: CreatePipe
UtcTime: 2024-08-20 16:36:00.528
ProcessGuid: {ca24abc9-c56b-66c4-0a8f-000000001900}
ProcessId: 11744
PipeName: <Anonymous Pipe>
Image: C:\Windows\system32\WindowsPowerShell\v1.0\powershell.exe
User: NT AUTHORITY\SYSTEM"
4099,MY-CAL-WIN10.my-caldera.local,17,"Pipe Created:
RuleName: -
EventType: CreatePipe
UtcTime: 2024-08-20 16:36:05.071
ProcessGuid: {ca24abc9-c56b-66c4-0a8f-000000001900}
ProcessId: 11744
PipeName: <Anonymous Pipe>
Image: C:\Windows\system32\WindowsPowerShell\v1.0\powershell.exe
User: NT AUTHORITY\SYSTEM"
4100,MY-CAL-WIN10.my-caldera.local,17,"Pipe Created:
RuleName: -
EventType: CreatePipe
UtcTime: 2024-08-20 16:35:59.561
ProcessGuid: {ca24abc9-c56b-66c4-0a8f-000000001900}
ProcessId: 11744
PipeName: <Anonymous Pipe>
Image: C:\Windows\system32\WindowsPowerShell\v1.0\powershell.exe
User: NT AUTHORITY\SYSTEM"
4101,MY-CAL-WIN10.my-caldera.local,17,"Pipe Created:
RuleName: -
EventType: CreatePipe
UtcTime: 2024-08-20 16:35:59.597
ProcessGuid: {ca24abc9-c56b-66c4-0a8f-000000001900}
ProcessId: 11744
PipeName: <Anonymous Pipe>
Image: C:\Windows\system32\WindowsPowerShell\v1.0\powershell.exe
User: NT AUTHORITY\SYSTEM"
4102,MY-CAL-WIN10.my-caldera.local,17,"Pipe Created:
RuleName: -
EventType: CreatePipe
UtcTime: 2024-08-20 16:35:59.640
ProcessGuid: {ca24abc9-c56b-66c4-0a8f-000000001900}
ProcessId: 11744
PipeName: <Anonymous Pipe>
Image: C:\Windows\system32\WindowsPowerShell\v1.0\powershell.exe
User: NT AUTHORITY\SYSTEM"
4103,MY-CAL-WIN10.my-caldera.local,17,"Pipe Created:
RuleName: -
EventType: CreatePipe
UtcTime: 2024-08-20 16:35:59.673
ProcessGuid: {ca24abc9-c56b-66c4-0a8f-000000001900}
ProcessId: 11744
PipeName: <Anonymous Pipe>
Image: C:\Windows\system32\WindowsPowerShell\v1.0\powershell.exe
User: NT AUTHORITY\SYSTEM"
4104,MY-CAL-WIN10.my-caldera.local,17,"Pipe Created:
RuleName: -
EventType: CreatePipe
UtcTime: 2024-08-20 16:35:59.709
ProcessGuid: {ca24abc9-c56b-66c4-0a8f-000000001900}
ProcessId: 11744
PipeName: <Anonymous Pipe>
Image: C:\Windows\system32\WindowsPowerShell\v1.0\powershell.exe
User: NT AUTHORITY\SYSTEM"
4105,MY-CAL-WIN10.my-caldera.local,17,"Pipe Created:
RuleName: -
EventType: CreatePipe
UtcTime: 2024-08-20 16:35:59.750
ProcessGuid: {ca24abc9-c56b-66c4-0a8f-000000001900}
ProcessId: 11744
PipeName: <Anonymous Pipe>
Image: C:\Windows\system32\WindowsPowerShell\v1.0\powershell.exe
User: NT AUTHORITY\SYSTEM"
4106,MY-CAL-WIN10.my-caldera.local,17,"Pipe Created:
RuleName: -
EventType: CreatePipe
UtcTime: 2024-08-20 16:36:00.022
ProcessGuid: {ca24abc9-c56b-66c4-0a8f-000000001900}
ProcessId: 11744
PipeName: <Anonymous Pipe>
Image: C:\Windows\system32\WindowsPowerShell\v1.0\powershell.exe
User: NT AUTHORITY\SYSTEM"
4107,MY-CAL-WIN10.my-caldera.local,17,"Pipe Created:
RuleName: -
EventType: CreatePipe
UtcTime: 2024-08-20 16:31:34.090
ProcessGuid: {ca24abc9-c417-66c4-cf8e-000000001900}
ProcessId: 13956
PipeName: \LOCAL\mojo.13956.15236.4154288012925711867
Image: C:\Program Files (x86)\Microsoft\Edge\Application\msedge.exe
User: MY-CAL-WIN10\Johnny Douche"
4108,MY-CAL-WIN10.my-caldera.local,17,"Pipe Created:
RuleName: -
EventType: CreatePipe
UtcTime: 2024-08-20 16:33:54.320
ProcessGuid: {ca24abc9-c56b-66c4-0a8f-000000001900}
ProcessId: 11744
PipeName: \PSHost.133686452274233738.11744.DefaultAppDomain.powershell
Image: C:\Windows\system32\WindowsPowerShell\v1.0\powershell.exe
User: NT AUTHORITY\SYSTEM"
4109,MY-CAL-WIN10.my-caldera.local,17,"Pipe Created:
RuleName: -
EventType: CreatePipe
UtcTime: 2024-08-20 16:35:21.535
ProcessGuid: {ca24abc9-c56b-66c4-0a8f-000000001900}
ProcessId: 11744
PipeName: <Anonymous Pipe>
Image: C:\Windows\system32\WindowsPowerShell\v1.0\powershell.exe
User: NT AUTHORITY\SYSTEM"
4110,MY-CAL-WIN10.my-caldera.local,17,"Pipe Created:
RuleName: -
EventType: CreatePipe
UtcTime: 2024-08-20 16:35:23.443
ProcessGuid: {ca24abc9-c56b-66c4-0a8f-000000001900}
ProcessId: 11744
PipeName: <Anonymous Pipe>
Image: C:\Windows\system32\WindowsPowerShell\v1.0\powershell.exe
User: NT AUTHORITY\SYSTEM"
4111,MY-CAL-WIN10.my-caldera.local,17,"Pipe Created:
RuleName: -
EventType: CreatePipe
UtcTime: 2024-08-20 16:35:23.475
ProcessGuid: {ca24abc9-c56b-66c4-0a8f-000000001900}
ProcessId: 11744
PipeName: <Anonymous Pipe>
Image: C:\Windows\system32\WindowsPowerShell\v1.0\powershell.exe
User: NT AUTHORITY\SYSTEM"
4112,MY-CAL-WIN10.my-caldera.local,17,"Pipe Created:
RuleName: -
EventType: CreatePipe
UtcTime: 2024-08-20 16:35:23.507
ProcessGuid: {ca24abc9-c56b-66c4-0a8f-000000001900}
ProcessId: 11744
PipeName: <Anonymous Pipe>
Image: C:\Windows\system32\WindowsPowerShell\v1.0\powershell.exe
User: NT AUTHORITY\SYSTEM"
4113,MY-CAL-WIN10.my-caldera.local,17,"Pipe Created:
RuleName: -
EventType: CreatePipe
UtcTime: 2024-08-20 16:35:23.538
ProcessGuid: {ca24abc9-c56b-66c4-0a8f-000000001900}
ProcessId: 11744
PipeName: <Anonymous Pipe>
Image: C:\Windows\system32\WindowsPowerShell\v1.0\powershell.exe
User: NT AUTHORITY\SYSTEM"
4114,MY-CAL-WIN10.my-caldera.local,17,"Pipe Created:
RuleName: -
EventType: CreatePipe
UtcTime: 2024-08-20 16:35:23.574
ProcessGuid: {ca24abc9-c56b-66c4-0a8f-000000001900}
ProcessId: 11744
PipeName: <Anonymous Pipe>
Image: C:\Windows\system32\WindowsPowerShell\v1.0\powershell.exe
User: NT AUTHORITY\SYSTEM"
4115,MY-CAL-WIN10.my-caldera.local,17,"Pipe Created:
RuleName: -
EventType: CreatePipe
UtcTime: 2024-08-20 16:35:23.612
ProcessGuid: {ca24abc9-c56b-66c4-0a8f-000000001900}
ProcessId: 11744
PipeName: <Anonymous Pipe>
Image: C:\Windows\system32\WindowsPowerShell\v1.0\powershell.exe
User: NT AUTHORITY\SYSTEM"
4116,MY-CAL-WIN10.my-caldera.local,17,"Pipe Created:
RuleName: -
EventType: CreatePipe
UtcTime: 2024-08-20 16:35:23.651
ProcessGuid: {ca24abc9-c56b-66c4-0a8f-000000001900}
ProcessId: 11744
PipeName: <Anonymous Pipe>
Image: C:\Windows\system32\WindowsPowerShell\v1.0\powershell.exe
User: NT AUTHORITY\SYSTEM"
4117,MY-CAL-WIN10.my-caldera.local,17,"Pipe Created:
RuleName: -
EventType: CreatePipe
UtcTime: 2024-08-20 16:35:24.203
ProcessGuid: {ca24abc9-c56b-66c4-0a8f-000000001900}
ProcessId: 11744
PipeName: <Anonymous Pipe>
Image: C:\Windows\system32\WindowsPowerShell\v1.0\powershell.exe
User: NT AUTHORITY\SYSTEM"
4118,MY-CAL-WIN10.my-caldera.local,17,"Pipe Created:
RuleName: -
EventType: CreatePipe
UtcTime: 2024-08-20 16:35:24.250
ProcessGuid: {ca24abc9-c56b-66c4-0a8f-000000001900}
ProcessId: 11744
PipeName: <Anonymous Pipe>
Image: C:\Windows\system32\WindowsPowerShell\v1.0\powershell.exe
User: NT AUTHORITY\SYSTEM"
4119,MY-CAL-WIN10.my-caldera.local,17,"Pipe Created:
RuleName: -
EventType: CreatePipe
UtcTime: 2024-08-20 16:35:24.283
ProcessGuid: {ca24abc9-c56b-66c4-0a8f-000000001900}
ProcessId: 11744
PipeName: <Anonymous Pipe>
Image: C:\Windows\system32\WindowsPowerShell\v1.0\powershell.exe
User: NT AUTHORITY\SYSTEM"
4120,MY-CAL-WIN10.my-caldera.local,17,"Pipe Created:
RuleName: -
EventType: CreatePipe
UtcTime: 2024-08-20 16:35:24.319
ProcessGuid: {ca24abc9-c56b-66c4-0a8f-000000001900}
ProcessId: 11744
PipeName: <Anonymous Pipe>
Image: C:\Windows\system32\WindowsPowerShell\v1.0\powershell.exe
User: NT AUTHORITY\SYSTEM"
4121,MY-CAL-WIN10.my-caldera.local,17,"Pipe Created:
RuleName: -
EventType: CreatePipe
UtcTime: 2024-08-20 16:35:24.387
ProcessGuid: {ca24abc9-c56b-66c4-0a8f-000000001900}
ProcessId: 11744
PipeName: <Anonymous Pipe>
Image: C:\Windows\system32\WindowsPowerShell\v1.0\powershell.exe
User: NT AUTHORITY\SYSTEM"
4122,MY-CAL-WIN10.my-caldera.local,17,"Pipe Created:
RuleName: -
EventType: CreatePipe
UtcTime: 2024-08-20 16:35:24.425
ProcessGuid: {ca24abc9-c56b-66c4-0a8f-000000001900}
ProcessId: 11744
PipeName: <Anonymous Pipe>
Image: C:\Windows\system32\WindowsPowerShell\v1.0\powershell.exe
User: NT AUTHORITY\SYSTEM"
4123,MY-CAL-WIN10.my-caldera.local,17,"Pipe Created:
RuleName: -
EventType: CreatePipe
UtcTime: 2024-08-20 16:35:24.458
ProcessGuid: {ca24abc9-c56b-66c4-0a8f-000000001900}
ProcessId: 11744
PipeName: <Anonymous Pipe>
Image: C:\Windows\system32\WindowsPowerShell\v1.0\powershell.exe
User: NT AUTHORITY\SYSTEM"
4124,MY-CAL-WIN10.my-caldera.local,17,"Pipe Created:
RuleName: -
EventType: CreatePipe
UtcTime: 2024-08-20 16:35:24.492
ProcessGuid: {ca24abc9-c56b-66c4-0a8f-000000001900}
ProcessId: 11744
PipeName: <Anonymous Pipe>
Image: C:\Windows\system32\WindowsPowerShell\v1.0\powershell.exe
User: NT AUTHORITY\SYSTEM"
4125,MY-CAL-WIN10.my-caldera.local,17,"Pipe Created:
RuleName: -
EventType: CreatePipe
UtcTime: 2024-08-20 16:35:24.528
ProcessGuid: {ca24abc9-c56b-66c4-0a8f-000000001900}
ProcessId: 11744
PipeName: <Anonymous Pipe>
Image: C:\Windows\system32\WindowsPowerShell\v1.0\powershell.exe
User: NT AUTHORITY\SYSTEM"
4126,MY-CAL-WIN10.my-caldera.local,17,"Pipe Created:
RuleName: -
EventType: CreatePipe
UtcTime: 2024-08-20 16:35:24.566
ProcessGuid: {ca24abc9-c56b-66c4-0a8f-000000001900}
ProcessId: 11744
PipeName: <Anonymous Pipe>
Image: C:\Windows\system32\WindowsPowerShell\v1.0\powershell.exe
User: NT AUTHORITY\SYSTEM"
4127,MY-CAL-WIN10.my-caldera.local,17,"Pipe Created:
RuleName: -
EventType: CreatePipe
UtcTime: 2024-08-20 16:35:23.698
ProcessGuid: {ca24abc9-c56b-66c4-0a8f-000000001900}
ProcessId: 11744
PipeName: <Anonymous Pipe>
Image: C:\Windows\system32\WindowsPowerShell\v1.0\powershell.exe
User: NT AUTHORITY\SYSTEM"
4128,MY-CAL-WIN10.my-caldera.local,17,"Pipe Created:
RuleName: -
EventType: CreatePipe
UtcTime: 2024-08-20 16:35:21.599
ProcessGuid: {ca24abc9-c56b-66c4-0a8f-000000001900}
ProcessId: 11744
PipeName: <Anonymous Pipe>
Image: C:\Windows\system32\WindowsPowerShell\v1.0\powershell.exe
User: NT AUTHORITY\SYSTEM"
4129,MY-CAL-WIN10.my-caldera.local,17,"Pipe Created:
RuleName: -
EventType: CreatePipe
UtcTime: 2024-08-20 16:35:21.646
ProcessGuid: {ca24abc9-c56b-66c4-0a8f-000000001900}
ProcessId: 11744
PipeName: <Anonymous Pipe>
Image: C:\Windows\system32\WindowsPowerShell\v1.0\powershell.exe
User: NT AUTHORITY\SYSTEM"
4130,MY-CAL-WIN10.my-caldera.local,17,"Pipe Created:
RuleName: -
EventType: CreatePipe
UtcTime: 2024-08-20 16:35:21.690
ProcessGuid: {ca24abc9-c56b-66c4-0a8f-000000001900}
ProcessId: 11744
PipeName: <Anonymous Pipe>
Image: C:\Windows\system32\WindowsPowerShell\v1.0\powershell.exe
User: NT AUTHORITY\SYSTEM"
4131,MY-CAL-WIN10.my-caldera.local,17,"Pipe Created:
RuleName: -
EventType: CreatePipe
UtcTime: 2024-08-20 16:35:23.958
ProcessGuid: {ca24abc9-c56b-66c4-0a8f-000000001900}
ProcessId: 11744
PipeName: <Anonymous Pipe>
Image: C:\Windows\system32\WindowsPowerShell\v1.0\powershell.exe
User: NT AUTHORITY\SYSTEM"
4132,MY-CAL-WIN10.my-caldera.local,17,"Pipe Created:
RuleName: -
EventType: CreatePipe
UtcTime: 2024-08-20 16:35:24.005
ProcessGuid: {ca24abc9-c56b-66c4-0a8f-000000001900}
ProcessId: 11744
PipeName: <Anonymous Pipe>
Image: C:\Windows\system32\WindowsPowerShell\v1.0\powershell.exe
User: NT AUTHORITY\SYSTEM"
4133,MY-CAL-WIN10.my-caldera.local,17,"Pipe Created:
RuleName: -
EventType: CreatePipe
UtcTime: 2024-08-20 16:35:24.041
ProcessGuid: {ca24abc9-c56b-66c4-0a8f-000000001900}
ProcessId: 11744
PipeName: <Anonymous Pipe>
Image: C:\Windows\system32\WindowsPowerShell\v1.0\powershell.exe
User: NT AUTHORITY\SYSTEM"
4134,MY-CAL-WIN10.my-caldera.local,17,"Pipe Created:
