RuleName: -
EventType: CreatePipe
UtcTime: 2024-08-20 22:34:05.723
ProcessGuid: {ca24abc9-19cf-66c5-0c9a-000000001900}
ProcessId: 20284
PipeName: <Anonymous Pipe>
Image: C:\Windows\system32\WindowsPowerShell\v1.0\powershell.exe
User: NT AUTHORITY\SYSTEM"
5414,MY-CAL-WIN10.my-caldera.local,17,"Pipe Created:
RuleName: -
EventType: CreatePipe
UtcTime: 2024-08-20 22:34:05.753
ProcessGuid: {ca24abc9-19cf-66c5-0c9a-000000001900}
ProcessId: 20284
PipeName: <Anonymous Pipe>
Image: C:\Windows\system32\WindowsPowerShell\v1.0\powershell.exe
User: NT AUTHORITY\SYSTEM"
5415,MY-CAL-WIN10.my-caldera.local,17,"Pipe Created:
RuleName: -
EventType: CreatePipe
UtcTime: 2024-08-20 22:34:05.783
ProcessGuid: {ca24abc9-19cf-66c5-0c9a-000000001900}
ProcessId: 20284
PipeName: <Anonymous Pipe>
Image: C:\Windows\system32\WindowsPowerShell\v1.0\powershell.exe
User: NT AUTHORITY\SYSTEM"
5416,MY-CAL-WIN10.my-caldera.local,17,"Pipe Created:
RuleName: -
EventType: CreatePipe
UtcTime: 2024-08-20 22:34:05.813
ProcessGuid: {ca24abc9-19cf-66c5-0c9a-000000001900}
ProcessId: 20284
PipeName: <Anonymous Pipe>
Image: C:\Windows\system32\WindowsPowerShell\v1.0\powershell.exe
User: NT AUTHORITY\SYSTEM"
5417,MY-CAL-WIN10.my-caldera.local,17,"Pipe Created:
RuleName: -
EventType: CreatePipe
UtcTime: 2024-08-20 22:34:05.843
ProcessGuid: {ca24abc9-19cf-66c5-0c9a-000000001900}
ProcessId: 20284
PipeName: <Anonymous Pipe>
Image: C:\Windows\system32\WindowsPowerShell\v1.0\powershell.exe
User: NT AUTHORITY\SYSTEM"
5418,MY-CAL-WIN10.my-caldera.local,17,"Pipe Created:
RuleName: -
EventType: CreatePipe
UtcTime: 2024-08-20 22:34:05.386
ProcessGuid: {ca24abc9-19cf-66c5-0c9a-000000001900}
ProcessId: 20284
PipeName: <Anonymous Pipe>
Image: C:\Windows\system32\WindowsPowerShell\v1.0\powershell.exe
User: NT AUTHORITY\SYSTEM"
5419,MY-CAL-WIN10.my-caldera.local,17,"Pipe Created:
RuleName: -
EventType: CreatePipe
UtcTime: 2024-08-20 22:34:05.419
ProcessGuid: {ca24abc9-19cf-66c5-0c9a-000000001900}
ProcessId: 20284
PipeName: <Anonymous Pipe>
Image: C:\Windows\system32\WindowsPowerShell\v1.0\powershell.exe
User: NT AUTHORITY\SYSTEM"
5420,MY-CAL-WIN10.my-caldera.local,17,"Pipe Created:
RuleName: -
EventType: CreatePipe
UtcTime: 2024-08-20 22:34:05.457
ProcessGuid: {ca24abc9-19cf-66c5-0c9a-000000001900}
ProcessId: 20284
PipeName: <Anonymous Pipe>
Image: C:\Windows\system32\WindowsPowerShell\v1.0\powershell.exe
User: NT AUTHORITY\SYSTEM"
5421,MY-CAL-WIN10.my-caldera.local,17,"Pipe Created:
RuleName: -
EventType: CreatePipe
UtcTime: 2024-08-20 22:34:05.492
ProcessGuid: {ca24abc9-19cf-66c5-0c9a-000000001900}
ProcessId: 20284
PipeName: <Anonymous Pipe>
Image: C:\Windows\system32\WindowsPowerShell\v1.0\powershell.exe
User: NT AUTHORITY\SYSTEM"
5422,MY-CAL-WIN10.my-caldera.local,17,"Pipe Created:
RuleName: -
EventType: CreatePipe
UtcTime: 2024-08-20 22:34:05.524
ProcessGuid: {ca24abc9-19cf-66c5-0c9a-000000001900}
ProcessId: 20284
PipeName: <Anonymous Pipe>
Image: C:\Windows\system32\WindowsPowerShell\v1.0\powershell.exe
User: NT AUTHORITY\SYSTEM"
5423,MY-CAL-WIN10.my-caldera.local,17,"Pipe Created:
RuleName: -
EventType: CreatePipe
UtcTime: 2024-08-20 22:34:05.555
ProcessGuid: {ca24abc9-19cf-66c5-0c9a-000000001900}
ProcessId: 20284
PipeName: <Anonymous Pipe>
Image: C:\Windows\system32\WindowsPowerShell\v1.0\powershell.exe
User: NT AUTHORITY\SYSTEM"
5424,MY-CAL-WIN10.my-caldera.local,17,"Pipe Created:
RuleName: -
EventType: CreatePipe
UtcTime: 2024-08-20 22:34:11.569
ProcessGuid: {ca24abc9-19cf-66c5-0c9a-000000001900}
ProcessId: 20284
PipeName: <Anonymous Pipe>
Image: C:\Windows\system32\WindowsPowerShell\v1.0\powershell.exe
User: NT AUTHORITY\SYSTEM"
5425,MY-CAL-WIN10.my-caldera.local,17,"Pipe Created:
RuleName: -
EventType: CreatePipe
UtcTime: 2024-08-20 22:34:19.960
ProcessGuid: {ca24abc9-19cf-66c5-0c9a-000000001900}
ProcessId: 20284
PipeName: <Anonymous Pipe>
Image: C:\Windows\system32\WindowsPowerShell\v1.0\powershell.exe
User: NT AUTHORITY\SYSTEM"
5426,MY-CAL-WIN10.my-caldera.local,17,"Pipe Created:
RuleName: -
EventType: CreatePipe
UtcTime: 2024-08-20 22:34:20.016
ProcessGuid: {ca24abc9-19cf-66c5-0c9a-000000001900}
ProcessId: 20284
PipeName: <Anonymous Pipe>
Image: C:\Windows\system32\WindowsPowerShell\v1.0\powershell.exe
User: NT AUTHORITY\SYSTEM"
5427,MY-CAL-WIN10.my-caldera.local,17,"Pipe Created:
RuleName: -
EventType: CreatePipe
UtcTime: 2024-08-20 22:34:20.067
ProcessGuid: {ca24abc9-19cf-66c5-0c9a-000000001900}
ProcessId: 20284
PipeName: <Anonymous Pipe>
Image: C:\Windows\system32\WindowsPowerShell\v1.0\powershell.exe
User: NT AUTHORITY\SYSTEM"
5428,MY-CAL-WIN10.my-caldera.local,17,"Pipe Created:
RuleName: -
EventType: CreatePipe
UtcTime: 2024-08-20 22:34:20.119
ProcessGuid: {ca24abc9-19cf-66c5-0c9a-000000001900}
ProcessId: 20284
PipeName: <Anonymous Pipe>
Image: C:\Windows\system32\WindowsPowerShell\v1.0\powershell.exe
User: NT AUTHORITY\SYSTEM"
5429,MY-CAL-WIN10.my-caldera.local,17,"Pipe Created:
RuleName: -
EventType: CreatePipe
UtcTime: 2024-08-20 22:34:19.569
ProcessGuid: {ca24abc9-19cf-66c5-0c9a-000000001900}
ProcessId: 20284
PipeName: <Anonymous Pipe>
Image: C:\Windows\system32\WindowsPowerShell\v1.0\powershell.exe
User: NT AUTHORITY\SYSTEM"
5430,MY-CAL-WIN10.my-caldera.local,17,"Pipe Created:
RuleName: -
EventType: CreatePipe
UtcTime: 2024-08-20 22:34:19.874
ProcessGuid: {ca24abc9-19cf-66c5-0c9a-000000001900}
ProcessId: 20284
PipeName: <Anonymous Pipe>
Image: C:\Windows\system32\WindowsPowerShell\v1.0\powershell.exe
User: NT AUTHORITY\SYSTEM"
5431,MY-CAL-WIN10.my-caldera.local,17,"Pipe Created:
RuleName: -
EventType: CreatePipe
UtcTime: 2024-08-20 22:34:25.345
ProcessGuid: {ca24abc9-19cf-66c5-0c9a-000000001900}
ProcessId: 20284
PipeName: <Anonymous Pipe>
Image: C:\Windows\system32\WindowsPowerShell\v1.0\powershell.exe
User: NT AUTHORITY\SYSTEM"
5432,MY-CAL-WIN10.my-caldera.local,17,"Pipe Created:
RuleName: -
EventType: CreatePipe
UtcTime: 2024-08-20 22:34:25.377
ProcessGuid: {ca24abc9-19cf-66c5-0c9a-000000001900}
ProcessId: 20284
PipeName: <Anonymous Pipe>
Image: C:\Windows\system32\WindowsPowerShell\v1.0\powershell.exe
User: NT AUTHORITY\SYSTEM"
5433,MY-CAL-WIN10.my-caldera.local,17,"Pipe Created:
RuleName: -
EventType: CreatePipe
UtcTime: 2024-08-20 22:34:25.280
ProcessGuid: {ca24abc9-19cf-66c5-0c9a-000000001900}
ProcessId: 20284
PipeName: <Anonymous Pipe>
Image: C:\Windows\system32\WindowsPowerShell\v1.0\powershell.exe
User: NT AUTHORITY\SYSTEM"
5434,MY-CAL-WIN10.my-caldera.local,17,"Pipe Created:
RuleName: -
EventType: CreatePipe
UtcTime: 2024-08-20 22:34:25.315
ProcessGuid: {ca24abc9-19cf-66c5-0c9a-000000001900}
ProcessId: 20284
PipeName: <Anonymous Pipe>
Image: C:\Windows\system32\WindowsPowerShell\v1.0\powershell.exe
User: NT AUTHORITY\SYSTEM"
5435,MY-CAL-WIN10.my-caldera.local,17,"Pipe Created:
RuleName: -
EventType: CreatePipe
UtcTime: 2024-08-20 22:34:26.105
ProcessGuid: {ca24abc9-19cf-66c5-0c9a-000000001900}
ProcessId: 20284
PipeName: <Anonymous Pipe>
Image: C:\Windows\system32\WindowsPowerShell\v1.0\powershell.exe
User: NT AUTHORITY\SYSTEM"
5436,MY-CAL-WIN10.my-caldera.local,17,"Pipe Created:
RuleName: -
EventType: CreatePipe
UtcTime: 2024-08-20 22:34:26.139
ProcessGuid: {ca24abc9-19cf-66c5-0c9a-000000001900}
ProcessId: 20284
PipeName: <Anonymous Pipe>
Image: C:\Windows\system32\WindowsPowerShell\v1.0\powershell.exe
User: NT AUTHORITY\SYSTEM"
5437,MY-CAL-WIN10.my-caldera.local,17,"Pipe Created:
RuleName: -
EventType: CreatePipe
UtcTime: 2024-08-20 22:34:26.175
ProcessGuid: {ca24abc9-19cf-66c5-0c9a-000000001900}
ProcessId: 20284
PipeName: <Anonymous Pipe>
Image: C:\Windows\system32\WindowsPowerShell\v1.0\powershell.exe
User: NT AUTHORITY\SYSTEM"
5438,MY-CAL-WIN10.my-caldera.local,17,"Pipe Created:
RuleName: -
EventType: CreatePipe
UtcTime: 2024-08-20 22:34:26.207
ProcessGuid: {ca24abc9-19cf-66c5-0c9a-000000001900}
ProcessId: 20284
PipeName: <Anonymous Pipe>
Image: C:\Windows\system32\WindowsPowerShell\v1.0\powershell.exe
User: NT AUTHORITY\SYSTEM"
5439,MY-CAL-WIN10.my-caldera.local,17,"Pipe Created:
RuleName: -
EventType: CreatePipe
UtcTime: 2024-08-20 22:34:26.240
ProcessGuid: {ca24abc9-19cf-66c5-0c9a-000000001900}
ProcessId: 20284
PipeName: <Anonymous Pipe>
Image: C:\Windows\system32\WindowsPowerShell\v1.0\powershell.exe
User: NT AUTHORITY\SYSTEM"
5440,MY-CAL-WIN10.my-caldera.local,17,"Pipe Created:
RuleName: -
EventType: CreatePipe
UtcTime: 2024-08-20 22:34:26.270
ProcessGuid: {ca24abc9-19cf-66c5-0c9a-000000001900}
ProcessId: 20284
PipeName: <Anonymous Pipe>
Image: C:\Windows\system32\WindowsPowerShell\v1.0\powershell.exe
User: NT AUTHORITY\SYSTEM"
5441,MY-CAL-WIN10.my-caldera.local,17,"Pipe Created:
RuleName: -
EventType: CreatePipe
UtcTime: 2024-08-20 22:34:26.302
ProcessGuid: {ca24abc9-19cf-66c5-0c9a-000000001900}
ProcessId: 20284
PipeName: <Anonymous Pipe>
Image: C:\Windows\system32\WindowsPowerShell\v1.0\powershell.exe
User: NT AUTHORITY\SYSTEM"
5442,MY-CAL-WIN10.my-caldera.local,17,"Pipe Created:
RuleName: -
EventType: CreatePipe
UtcTime: 2024-08-20 22:34:26.332
ProcessGuid: {ca24abc9-19cf-66c5-0c9a-000000001900}
ProcessId: 20284
PipeName: <Anonymous Pipe>
Image: C:\Windows\system32\WindowsPowerShell\v1.0\powershell.exe
User: NT AUTHORITY\SYSTEM"
5443,MY-CAL-WIN10.my-caldera.local,17,"Pipe Created:
RuleName: -
EventType: CreatePipe
UtcTime: 2024-08-20 22:34:26.364
ProcessGuid: {ca24abc9-19cf-66c5-0c9a-000000001900}
ProcessId: 20284
PipeName: <Anonymous Pipe>
Image: C:\Windows\system32\WindowsPowerShell\v1.0\powershell.exe
User: NT AUTHORITY\SYSTEM"
5444,MY-CAL-WIN10.my-caldera.local,17,"Pipe Created:
RuleName: -
EventType: CreatePipe
UtcTime: 2024-08-20 22:34:33.349
ProcessGuid: {ca24abc9-19cf-66c5-0c9a-000000001900}
ProcessId: 20284
PipeName: <Anonymous Pipe>
Image: C:\Windows\system32\WindowsPowerShell\v1.0\powershell.exe
User: NT AUTHORITY\SYSTEM"
5445,MY-CAL-WIN10.my-caldera.local,17,"Pipe Created:
RuleName: -
EventType: CreatePipe
UtcTime: 2024-08-20 22:34:05.874
ProcessGuid: {ca24abc9-19cf-66c5-0c9a-000000001900}
ProcessId: 20284
PipeName: <Anonymous Pipe>
Image: C:\Windows\system32\WindowsPowerShell\v1.0\powershell.exe
User: NT AUTHORITY\SYSTEM"
5446,MY-CAL-WIN10.my-caldera.local,17,"Pipe Created:
RuleName: -
EventType: CreatePipe
UtcTime: 2024-08-20 22:34:05.910
ProcessGuid: {ca24abc9-19cf-66c5-0c9a-000000001900}
ProcessId: 20284
PipeName: <Anonymous Pipe>
Image: C:\Windows\system32\WindowsPowerShell\v1.0\powershell.exe
User: NT AUTHORITY\SYSTEM"
5447,MY-CAL-WIN10.my-caldera.local,17,"Pipe Created:
RuleName: -
EventType: CreatePipe
UtcTime: 2024-08-20 22:34:05.944
ProcessGuid: {ca24abc9-19cf-66c5-0c9a-000000001900}
ProcessId: 20284
PipeName: <Anonymous Pipe>
Image: C:\Windows\system32\WindowsPowerShell\v1.0\powershell.exe
User: NT AUTHORITY\SYSTEM"
5448,MY-CAL-WIN10.my-caldera.local,17,"Pipe Created:
RuleName: -
EventType: CreatePipe
UtcTime: 2024-08-20 22:34:05.978
ProcessGuid: {ca24abc9-19cf-66c5-0c9a-000000001900}
ProcessId: 20284
PipeName: <Anonymous Pipe>
Image: C:\Windows\system32\WindowsPowerShell\v1.0\powershell.exe
User: NT AUTHORITY\SYSTEM"
5449,MY-CAL-WIN10.my-caldera.local,17,"Pipe Created:
RuleName: -
EventType: CreatePipe
UtcTime: 2024-08-20 22:34:06.013
ProcessGuid: {ca24abc9-19cf-66c5-0c9a-000000001900}
ProcessId: 20284
PipeName: <Anonymous Pipe>
Image: C:\Windows\system32\WindowsPowerShell\v1.0\powershell.exe
User: NT AUTHORITY\SYSTEM"
5450,MY-CAL-WIN10.my-caldera.local,17,"Pipe Created:
RuleName: -
EventType: CreatePipe
UtcTime: 2024-08-20 22:34:06.047
ProcessGuid: {ca24abc9-19cf-66c5-0c9a-000000001900}
ProcessId: 20284
PipeName: <Anonymous Pipe>
Image: C:\Windows\system32\WindowsPowerShell\v1.0\powershell.exe
User: NT AUTHORITY\SYSTEM"
5451,MY-CAL-WIN10.my-caldera.local,17,"Pipe Created:
RuleName: -
EventType: CreatePipe
UtcTime: 2024-08-20 22:34:06.079
ProcessGuid: {ca24abc9-19cf-66c5-0c9a-000000001900}
ProcessId: 20284
PipeName: <Anonymous Pipe>
Image: C:\Windows\system32\WindowsPowerShell\v1.0\powershell.exe
User: NT AUTHORITY\SYSTEM"
5452,MY-CAL-WIN10.my-caldera.local,17,"Pipe Created:
RuleName: -
EventType: CreatePipe
UtcTime: 2024-08-20 22:34:06.111
ProcessGuid: {ca24abc9-19cf-66c5-0c9a-000000001900}
ProcessId: 20284
PipeName: <Anonymous Pipe>
Image: C:\Windows\system32\WindowsPowerShell\v1.0\powershell.exe
User: NT AUTHORITY\SYSTEM"
5453,MY-CAL-WIN10.my-caldera.local,17,"Pipe Created:
RuleName: -
EventType: CreatePipe
UtcTime: 2024-08-20 22:34:17.422
ProcessGuid: {ca24abc9-19cf-66c5-0c9a-000000001900}
ProcessId: 20284
PipeName: <Anonymous Pipe>
Image: C:\Windows\system32\WindowsPowerShell\v1.0\powershell.exe
User: NT AUTHORITY\SYSTEM"
5454,MY-CAL-WIN10.my-caldera.local,17,"Pipe Created:
RuleName: -
EventType: CreatePipe
UtcTime: 2024-08-20 22:34:17.605
ProcessGuid: {ca24abc9-19cf-66c5-0c9a-000000001900}
ProcessId: 20284
PipeName: <Anonymous Pipe>
Image: C:\Windows\system32\WindowsPowerShell\v1.0\powershell.exe
User: NT AUTHORITY\SYSTEM"
5455,MY-CAL-WIN10.my-caldera.local,17,"Pipe Created:
RuleName: -
EventType: CreatePipe
UtcTime: 2024-08-20 22:34:19.122
ProcessGuid: {ca24abc9-19cf-66c5-0c9a-000000001900}
ProcessId: 20284
PipeName: <Anonymous Pipe>
Image: C:\Windows\system32\WindowsPowerShell\v1.0\powershell.exe
User: NT AUTHORITY\SYSTEM"
5456,MY-CAL-WIN10.my-caldera.local,17,"Pipe Created:
RuleName: -
EventType: CreatePipe
UtcTime: 2024-08-20 22:34:18.509
ProcessGuid: {ca24abc9-19cf-66c5-0c9a-000000001900}
ProcessId: 20284
PipeName: <Anonymous Pipe>
Image: C:\Windows\system32\WindowsPowerShell\v1.0\powershell.exe
User: NT AUTHORITY\SYSTEM"
5457,MY-CAL-WIN10.my-caldera.local,17,"Pipe Created:
RuleName: -
EventType: CreatePipe
UtcTime: 2024-08-20 22:34:18.542
ProcessGuid: {ca24abc9-19cf-66c5-0c9a-000000001900}
ProcessId: 20284
PipeName: <Anonymous Pipe>
Image: C:\Windows\system32\WindowsPowerShell\v1.0\powershell.exe
User: NT AUTHORITY\SYSTEM"
5458,MY-CAL-WIN10.my-caldera.local,17,"Pipe Created:
RuleName: -
EventType: CreatePipe
UtcTime: 2024-08-20 22:34:18.576
ProcessGuid: {ca24abc9-19cf-66c5-0c9a-000000001900}
ProcessId: 20284
PipeName: <Anonymous Pipe>
Image: C:\Windows\system32\WindowsPowerShell\v1.0\powershell.exe
User: NT AUTHORITY\SYSTEM"
5459,MY-CAL-WIN10.my-caldera.local,17,"Pipe Created:
RuleName: -
EventType: CreatePipe
UtcTime: 2024-08-20 22:34:17.662
ProcessGuid: {ca24abc9-19cf-66c5-0c9a-000000001900}
ProcessId: 20284
PipeName: <Anonymous Pipe>
Image: C:\Windows\system32\WindowsPowerShell\v1.0\powershell.exe
User: NT AUTHORITY\SYSTEM"
5460,MY-CAL-WIN10.my-caldera.local,17,"Pipe Created:
RuleName: -
EventType: CreatePipe
UtcTime: 2024-08-20 22:34:17.697
ProcessGuid: {ca24abc9-19cf-66c5-0c9a-000000001900}
ProcessId: 20284
PipeName: <Anonymous Pipe>
Image: C:\Windows\system32\WindowsPowerShell\v1.0\powershell.exe
User: NT AUTHORITY\SYSTEM"
5461,MY-CAL-WIN10.my-caldera.local,17,"Pipe Created:
RuleName: -
EventType: CreatePipe
UtcTime: 2024-08-20 22:34:18.260
ProcessGuid: {ca24abc9-19cf-66c5-0c9a-000000001900}
ProcessId: 20284
PipeName: <Anonymous Pipe>
Image: C:\Windows\system32\WindowsPowerShell\v1.0\powershell.exe
User: NT AUTHORITY\SYSTEM"
5462,MY-CAL-WIN10.my-caldera.local,17,"Pipe Created:
RuleName: -
EventType: CreatePipe
UtcTime: 2024-08-20 22:34:18.296
ProcessGuid: {ca24abc9-19cf-66c5-0c9a-000000001900}
ProcessId: 20284
PipeName: <Anonymous Pipe>
Image: C:\Windows\system32\WindowsPowerShell\v1.0\powershell.exe
User: NT AUTHORITY\SYSTEM"
5463,MY-CAL-WIN10.my-caldera.local,17,"Pipe Created:
RuleName: -
EventType: CreatePipe
UtcTime: 2024-08-20 22:34:18.965
ProcessGuid: {ca24abc9-19cf-66c5-0c9a-000000001900}
ProcessId: 20284
PipeName: <Anonymous Pipe>
Image: C:\Windows\system32\WindowsPowerShell\v1.0\powershell.exe
User: NT AUTHORITY\SYSTEM"
5464,MY-CAL-WIN10.my-caldera.local,17,"Pipe Created:
RuleName: -
EventType: CreatePipe
UtcTime: 2024-08-20 22:34:18.611
ProcessGuid: {ca24abc9-19cf-66c5-0c9a-000000001900}
ProcessId: 20284
PipeName: <Anonymous Pipe>
Image: C:\Windows\system32\WindowsPowerShell\v1.0\powershell.exe
User: NT AUTHORITY\SYSTEM"
5465,MY-CAL-WIN10.my-caldera.local,17,"Pipe Created:
RuleName: -
EventType: CreatePipe
UtcTime: 2024-08-20 22:34:18.851
ProcessGuid: {ca24abc9-19cf-66c5-0c9a-000000001900}
ProcessId: 20284
PipeName: <Anonymous Pipe>
Image: C:\Windows\system32\WindowsPowerShell\v1.0\powershell.exe
User: NT AUTHORITY\SYSTEM"
5466,MY-CAL-WIN10.my-caldera.local,17,"Pipe Created:
RuleName: -
EventType: CreatePipe
UtcTime: 2024-08-20 22:34:19.338
ProcessGuid: {ca24abc9-19cf-66c5-0c9a-000000001900}
ProcessId: 20284
PipeName: <Anonymous Pipe>
Image: C:\Windows\system32\WindowsPowerShell\v1.0\powershell.exe
User: NT AUTHORITY\SYSTEM"
5467,MY-CAL-WIN10.my-caldera.local,17,"Pipe Created:
RuleName: -
EventType: CreatePipe
UtcTime: 2024-08-20 22:34:18.644
ProcessGuid: {ca24abc9-19cf-66c5-0c9a-000000001900}
ProcessId: 20284
PipeName: <Anonymous Pipe>
Image: C:\Windows\system32\WindowsPowerShell\v1.0\powershell.exe
User: NT AUTHORITY\SYSTEM"
5468,MY-CAL-WIN10.my-caldera.local,17,"Pipe Created:
RuleName: -
EventType: CreatePipe
UtcTime: 2024-08-20 22:34:19.278
ProcessGuid: {ca24abc9-19cf-66c5-0c9a-000000001900}
ProcessId: 20284
PipeName: <Anonymous Pipe>
Image: C:\Windows\system32\WindowsPowerShell\v1.0\powershell.exe
User: NT AUTHORITY\SYSTEM"
5469,MY-CAL-WIN10.my-caldera.local,17,"Pipe Created:
RuleName: -
EventType: CreatePipe
UtcTime: 2024-08-20 22:34:18.998
ProcessGuid: {ca24abc9-19cf-66c5-0c9a-000000001900}
ProcessId: 20284
PipeName: <Anonymous Pipe>
Image: C:\Windows\system32\WindowsPowerShell\v1.0\powershell.exe
User: NT AUTHORITY\SYSTEM"
5470,MY-CAL-WIN10.my-caldera.local,17,"Pipe Created:
RuleName: -
EventType: CreatePipe
UtcTime: 2024-08-20 22:34:19.033
ProcessGuid: {ca24abc9-19cf-66c5-0c9a-000000001900}
ProcessId: 20284
PipeName: <Anonymous Pipe>
Image: C:\Windows\system32\WindowsPowerShell\v1.0\powershell.exe
User: NT AUTHORITY\SYSTEM"
5471,MY-CAL-WIN10.my-caldera.local,17,"Pipe Created:
RuleName: -
EventType: CreatePipe
UtcTime: 2024-08-20 22:34:19.067
ProcessGuid: {ca24abc9-19cf-66c5-0c9a-000000001900}
ProcessId: 20284
PipeName: <Anonymous Pipe>
Image: C:\Windows\system32\WindowsPowerShell\v1.0\powershell.exe
User: NT AUTHORITY\SYSTEM"
5472,MY-CAL-WIN10.my-caldera.local,17,"Pipe Created:
RuleName: -
EventType: CreatePipe
UtcTime: 2024-08-20 22:34:18.892
ProcessGuid: {ca24abc9-19cf-66c5-0c9a-000000001900}
ProcessId: 20284
PipeName: <Anonymous Pipe>
Image: C:\Windows\system32\WindowsPowerShell\v1.0\powershell.exe
User: NT AUTHORITY\SYSTEM"
5473,MY-CAL-WIN10.my-caldera.local,17,"Pipe Created:
RuleName: -
EventType: CreatePipe
UtcTime: 2024-08-20 22:34:18.926
ProcessGuid: {ca24abc9-19cf-66c5-0c9a-000000001900}
ProcessId: 20284
PipeName: <Anonymous Pipe>
Image: C:\Windows\system32\WindowsPowerShell\v1.0\powershell.exe
User: NT AUTHORITY\SYSTEM"
5474,MY-CAL-WIN10.my-caldera.local,17,"Pipe Created:
RuleName: -
EventType: CreatePipe
UtcTime: 2024-08-20 22:34:27.296
ProcessGuid: {ca24abc9-19cf-66c5-0c9a-000000001900}
ProcessId: 20284
PipeName: <Anonymous Pipe>
Image: C:\Windows\system32\WindowsPowerShell\v1.0\powershell.exe
User: NT AUTHORITY\SYSTEM"
5475,MY-CAL-WIN10.my-caldera.local,17,"Pipe Created:
RuleName: -
EventType: CreatePipe
UtcTime: 2024-08-20 22:34:27.346
ProcessGuid: {ca24abc9-19cf-66c5-0c9a-000000001900}
ProcessId: 20284
PipeName: <Anonymous Pipe>
Image: C:\Windows\system32\WindowsPowerShell\v1.0\powershell.exe
User: NT AUTHORITY\SYSTEM"
5476,MY-CAL-WIN10.my-caldera.local,17,"Pipe Created:
RuleName: -
EventType: CreatePipe
UtcTime: 2024-08-20 22:34:27.395
ProcessGuid: {ca24abc9-19cf-66c5-0c9a-000000001900}
ProcessId: 20284
PipeName: <Anonymous Pipe>
Image: C:\Windows\system32\WindowsPowerShell\v1.0\powershell.exe
User: NT AUTHORITY\SYSTEM"
5477,MY-CAL-WIN10.my-caldera.local,17,"Pipe Created:
RuleName: -
EventType: CreatePipe
UtcTime: 2024-08-20 22:34:27.979
ProcessGuid: {ca24abc9-19cf-66c5-0c9a-000000001900}
ProcessId: 20284
PipeName: <Anonymous Pipe>
Image: C:\Windows\system32\WindowsPowerShell\v1.0\powershell.exe
User: NT AUTHORITY\SYSTEM"
5478,MY-CAL-WIN10.my-caldera.local,17,"Pipe Created:
RuleName: -
EventType: CreatePipe
UtcTime: 2024-08-20 22:34:28.013
ProcessGuid: {ca24abc9-19cf-66c5-0c9a-000000001900}
ProcessId: 20284
PipeName: <Anonymous Pipe>
Image: C:\Windows\system32\WindowsPowerShell\v1.0\powershell.exe
User: NT AUTHORITY\SYSTEM"
5479,MY-CAL-WIN10.my-caldera.local,17,"Pipe Created:
RuleName: -
EventType: CreatePipe
UtcTime: 2024-08-20 22:34:27.443
ProcessGuid: {ca24abc9-19cf-66c5-0c9a-000000001900}
ProcessId: 20284
PipeName: <Anonymous Pipe>
Image: C:\Windows\system32\WindowsPowerShell\v1.0\powershell.exe
User: NT AUTHORITY\SYSTEM"
5480,MY-CAL-WIN10.my-caldera.local,17,"Pipe Created:
RuleName: -
EventType: CreatePipe
UtcTime: 2024-08-20 22:34:28.247
ProcessGuid: {ca24abc9-19cf-66c5-0c9a-000000001900}
ProcessId: 20284
PipeName: <Anonymous Pipe>
Image: C:\Windows\system32\WindowsPowerShell\v1.0\powershell.exe
User: NT AUTHORITY\SYSTEM"
5481,MY-CAL-WIN10.my-caldera.local,17,"Pipe Created:
RuleName: -
EventType: CreatePipe
UtcTime: 2024-08-20 22:34:28.280
ProcessGuid: {ca24abc9-19cf-66c5-0c9a-000000001900}
ProcessId: 20284
PipeName: <Anonymous Pipe>
Image: C:\Windows\system32\WindowsPowerShell\v1.0\powershell.exe
User: NT AUTHORITY\SYSTEM"
5482,MY-CAL-WIN10.my-caldera.local,17,"Pipe Created:
RuleName: -
EventType: CreatePipe
UtcTime: 2024-08-20 22:34:28.151
ProcessGuid: {ca24abc9-19cf-66c5-0c9a-000000001900}
ProcessId: 20284
PipeName: <Anonymous Pipe>
Image: C:\Windows\system32\WindowsPowerShell\v1.0\powershell.exe
User: NT AUTHORITY\SYSTEM"
5483,MY-CAL-WIN10.my-caldera.local,17,"Pipe Created:
RuleName: -
EventType: CreatePipe
UtcTime: 2024-08-20 22:34:28.182
ProcessGuid: {ca24abc9-19cf-66c5-0c9a-000000001900}
ProcessId: 20284
PipeName: <Anonymous Pipe>
Image: C:\Windows\system32\WindowsPowerShell\v1.0\powershell.exe
User: NT AUTHORITY\SYSTEM"
5484,MY-CAL-WIN10.my-caldera.local,17,"Pipe Created:
RuleName: -
EventType: CreatePipe
UtcTime: 2024-08-20 22:34:28.215
ProcessGuid: {ca24abc9-19cf-66c5-0c9a-000000001900}
ProcessId: 20284
PipeName: <Anonymous Pipe>
Image: C:\Windows\system32\WindowsPowerShell\v1.0\powershell.exe
User: NT AUTHORITY\SYSTEM"
5485,MY-CAL-WIN10.my-caldera.local,17,"Pipe Created:
RuleName: -
EventType: CreatePipe
UtcTime: 2024-08-20 22:34:42.433
ProcessGuid: {ca24abc9-19cf-66c5-0c9a-000000001900}
ProcessId: 20284
PipeName: <Anonymous Pipe>
Image: C:\Windows\system32\WindowsPowerShell\v1.0\powershell.exe
User: NT AUTHORITY\SYSTEM"
5486,MY-CAL-WIN10.my-caldera.local,17,"Pipe Created:
RuleName: -
EventType: CreatePipe
UtcTime: 2024-08-20 22:34:43.310
ProcessGuid: {ca24abc9-19cf-66c5-0c9a-000000001900}
ProcessId: 20284
PipeName: <Anonymous Pipe>
Image: C:\Windows\system32\WindowsPowerShell\v1.0\powershell.exe
User: NT AUTHORITY\SYSTEM"
5487,MY-CAL-WIN10.my-caldera.local,17,"Pipe Created:
RuleName: -
EventType: CreatePipe
UtcTime: 2024-08-20 22:34:42.493
ProcessGuid: {ca24abc9-19cf-66c5-0c9a-000000001900}
ProcessId: 20284
PipeName: <Anonymous Pipe>
Image: C:\Windows\system32\WindowsPowerShell\v1.0\powershell.exe
User: NT AUTHORITY\SYSTEM"
5488,MY-CAL-WIN10.my-caldera.local,17,"Pipe Created:
RuleName: -
EventType: CreatePipe
UtcTime: 2024-08-20 22:34:42.551
ProcessGuid: {ca24abc9-19cf-66c5-0c9a-000000001900}
ProcessId: 20284
PipeName: <Anonymous Pipe>
Image: C:\Windows\system32\WindowsPowerShell\v1.0\powershell.exe
User: NT AUTHORITY\SYSTEM"
5489,MY-CAL-WIN10.my-caldera.local,17,"Pipe Created:
RuleName: -
EventType: CreatePipe
UtcTime: 2024-08-20 22:34:42.609
ProcessGuid: {ca24abc9-19cf-66c5-0c9a-000000001900}
ProcessId: 20284
PipeName: <Anonymous Pipe>
Image: C:\Windows\system32\WindowsPowerShell\v1.0\powershell.exe
User: NT AUTHORITY\SYSTEM"
5490,MY-CAL-WIN10.my-caldera.local,17,"Pipe Created:
RuleName: -
EventType: CreatePipe
UtcTime: 2024-08-20 22:34:42.718
ProcessGuid: {ca24abc9-19cf-66c5-0c9a-000000001900}
ProcessId: 20284
PipeName: <Anonymous Pipe>
Image: C:\Windows\system32\WindowsPowerShell\v1.0\powershell.exe
User: NT AUTHORITY\SYSTEM"
5491,MY-CAL-WIN10.my-caldera.local,17,"Pipe Created:
RuleName: -
EventType: CreatePipe
UtcTime: 2024-08-20 22:34:42.666
ProcessGuid: {ca24abc9-19cf-66c5-0c9a-000000001900}
ProcessId: 20284
PipeName: <Anonymous Pipe>
Image: C:\Windows\system32\WindowsPowerShell\v1.0\powershell.exe
User: NT AUTHORITY\SYSTEM"
5492,MY-CAL-WIN10.my-caldera.local,17,"Pipe Created:
RuleName: -
EventType: CreatePipe
UtcTime: 2024-08-20 22:34:43.056
ProcessGuid: {ca24abc9-19cf-66c5-0c9a-000000001900}
ProcessId: 20284
PipeName: <Anonymous Pipe>
Image: C:\Windows\system32\WindowsPowerShell\v1.0\powershell.exe
User: NT AUTHORITY\SYSTEM"
5493,MY-CAL-WIN10.my-caldera.local,17,"Pipe Created:
RuleName: -
EventType: CreatePipe
UtcTime: 2024-08-20 22:34:43.097
ProcessGuid: {ca24abc9-19cf-66c5-0c9a-000000001900}
ProcessId: 20284
PipeName: <Anonymous Pipe>
Image: C:\Windows\system32\WindowsPowerShell\v1.0\powershell.exe
User: NT AUTHORITY\SYSTEM"
5494,MY-CAL-WIN10.my-caldera.local,17,"Pipe Created:
RuleName: -
EventType: CreatePipe
UtcTime: 2024-08-20 22:34:43.169
ProcessGuid: {ca24abc9-19cf-66c5-0c9a-000000001900}
ProcessId: 20284
PipeName: <Anonymous Pipe>
Image: C:\Windows\system32\WindowsPowerShell\v1.0\powershell.exe
User: NT AUTHORITY\SYSTEM"
5495,MY-CAL-WIN10.my-caldera.local,17,"Pipe Created:
RuleName: -
EventType: CreatePipe
UtcTime: 2024-08-20 22:34:43.135
ProcessGuid: {ca24abc9-19cf-66c5-0c9a-000000001900}
ProcessId: 20284
PipeName: <Anonymous Pipe>
Image: C:\Windows\system32\WindowsPowerShell\v1.0\powershell.exe
User: NT AUTHORITY\SYSTEM"
5496,MY-CAL-WIN10.my-caldera.local,17,"Pipe Created:
RuleName: -
EventType: CreatePipe
UtcTime: 2024-08-20 22:34:43.207
ProcessGuid: {ca24abc9-19cf-66c5-0c9a-000000001900}
ProcessId: 20284
PipeName: <Anonymous Pipe>
Image: C:\Windows\system32\WindowsPowerShell\v1.0\powershell.exe
User: NT AUTHORITY\SYSTEM"
5497,MY-CAL-WIN10.my-caldera.local,17,"Pipe Created:
RuleName: -
EventType: CreatePipe
UtcTime: 2024-08-20 22:34:43.242
ProcessGuid: {ca24abc9-19cf-66c5-0c9a-000000001900}
ProcessId: 20284
PipeName: <Anonymous Pipe>
Image: C:\Windows\system32\WindowsPowerShell\v1.0\powershell.exe
User: NT AUTHORITY\SYSTEM"
5498,MY-CAL-WIN10.my-caldera.local,17,"Pipe Created:
RuleName: -
EventType: CreatePipe
UtcTime: 2024-08-20 22:34:43.276
ProcessGuid: {ca24abc9-19cf-66c5-0c9a-000000001900}
ProcessId: 20284
PipeName: <Anonymous Pipe>
Image: C:\Windows\system32\WindowsPowerShell\v1.0\powershell.exe
User: NT AUTHORITY\SYSTEM"
5499,MY-CAL-WIN10.my-caldera.local,17,"Pipe Created:
RuleName: -
EventType: CreatePipe
UtcTime: 2024-08-20 22:34:44.384
ProcessGuid: {ca24abc9-19cf-66c5-0c9a-000000001900}
ProcessId: 20284
PipeName: <Anonymous Pipe>
Image: C:\Windows\system32\WindowsPowerShell\v1.0\powershell.exe
User: NT AUTHORITY\SYSTEM"
5500,MY-CAL-WIN10.my-caldera.local,17,"Pipe Created:
RuleName: -
EventType: CreatePipe
UtcTime: 2024-08-20 22:34:44.249
ProcessGuid: {ca24abc9-19cf-66c5-0c9a-000000001900}
ProcessId: 20284
PipeName: <Anonymous Pipe>
Image: C:\Windows\system32\WindowsPowerShell\v1.0\powershell.exe
User: NT AUTHORITY\SYSTEM"
5501,MY-CAL-WIN10.my-caldera.local,17,"Pipe Created:
RuleName: -
EventType: CreatePipe
UtcTime: 2024-08-20 22:34:44.415
ProcessGuid: {ca24abc9-19cf-66c5-0c9a-000000001900}
ProcessId: 20284
PipeName: <Anonymous Pipe>
Image: C:\Windows\system32\WindowsPowerShell\v1.0\powershell.exe
User: NT AUTHORITY\SYSTEM"
5502,MY-CAL-WIN10.my-caldera.local,17,"Pipe Created:
RuleName: -
EventType: CreatePipe
UtcTime: 2024-08-20 22:34:43.897
ProcessGuid: {ca24abc9-19cf-66c5-0c9a-000000001900}
ProcessId: 20284
PipeName: <Anonymous Pipe>
Image: C:\Windows\system32\WindowsPowerShell\v1.0\powershell.exe
User: NT AUTHORITY\SYSTEM"
5503,MY-CAL-WIN10.my-caldera.local,17,"Pipe Created:
RuleName: -
EventType: CreatePipe
UtcTime: 2024-08-20 22:34:43.929
ProcessGuid: {ca24abc9-19cf-66c5-0c9a-000000001900}
ProcessId: 20284
PipeName: <Anonymous Pipe>
Image: C:\Windows\system32\WindowsPowerShell\v1.0\powershell.exe
User: NT AUTHORITY\SYSTEM"
5504,MY-CAL-WIN10.my-caldera.local,17,"Pipe Created:
RuleName: -
EventType: CreatePipe
UtcTime: 2024-08-20 22:34:43.965
ProcessGuid: {ca24abc9-19cf-66c5-0c9a-000000001900}
ProcessId: 20284
PipeName: <Anonymous Pipe>
Image: C:\Windows\system32\WindowsPowerShell\v1.0\powershell.exe
User: NT AUTHORITY\SYSTEM"
5505,MY-CAL-WIN10.my-caldera.local,17,"Pipe Created:
RuleName: -
EventType: CreatePipe
UtcTime: 2024-08-20 22:34:43.997
ProcessGuid: {ca24abc9-19cf-66c5-0c9a-000000001900}
ProcessId: 20284
PipeName: <Anonymous Pipe>
Image: C:\Windows\system32\WindowsPowerShell\v1.0\powershell.exe
User: NT AUTHORITY\SYSTEM"
5506,MY-CAL-WIN10.my-caldera.local,17,"Pipe Created:
RuleName: -
EventType: CreatePipe
UtcTime: 2024-08-20 22:34:44.031
ProcessGuid: {ca24abc9-19cf-66c5-0c9a-000000001900}
ProcessId: 20284
PipeName: <Anonymous Pipe>
Image: C:\Windows\system32\WindowsPowerShell\v1.0\powershell.exe
User: NT AUTHORITY\SYSTEM"
5507,MY-CAL-WIN10.my-caldera.local,17,"Pipe Created:
RuleName: -
EventType: CreatePipe
UtcTime: 2024-08-20 22:34:44.282
ProcessGuid: {ca24abc9-19cf-66c5-0c9a-000000001900}
ProcessId: 20284
PipeName: <Anonymous Pipe>
Image: C:\Windows\system32\WindowsPowerShell\v1.0\powershell.exe
User: NT AUTHORITY\SYSTEM"
5508,MY-CAL-WIN10.my-caldera.local,17,"Pipe Created:
RuleName: -
EventType: CreatePipe
UtcTime: 2024-08-20 22:34:44.317
ProcessGuid: {ca24abc9-19cf-66c5-0c9a-000000001900}
ProcessId: 20284
PipeName: <Anonymous Pipe>
Image: C:\Windows\system32\WindowsPowerShell\v1.0\powershell.exe
User: NT AUTHORITY\SYSTEM"
5509,MY-CAL-WIN10.my-caldera.local,17,"Pipe Created:
RuleName: -
EventType: CreatePipe
UtcTime: 2024-08-20 22:34:44.350
ProcessGuid: {ca24abc9-19cf-66c5-0c9a-000000001900}
ProcessId: 20284
PipeName: <Anonymous Pipe>
Image: C:\Windows\system32\WindowsPowerShell\v1.0\powershell.exe
User: NT AUTHORITY\SYSTEM"
5510,MY-CAL-WIN10.my-caldera.local,17,"Pipe Created:
RuleName: -
EventType: CreatePipe
UtcTime: 2024-08-20 22:34:44.214
ProcessGuid: {ca24abc9-19cf-66c5-0c9a-000000001900}
ProcessId: 20284
PipeName: <Anonymous Pipe>
Image: C:\Windows\system32\WindowsPowerShell\v1.0\powershell.exe
User: NT AUTHORITY\SYSTEM"
5511,MY-CAL-WIN10.my-caldera.local,17,"Pipe Created:
RuleName: -
EventType: CreatePipe
UtcTime: 2024-08-20 22:36:32.502
ProcessGuid: {ca24abc9-1a6f-66c5-049b-000000001900}
ProcessId: 25368
PipeName: \PSHost.133686669916091593.25368.DefaultAppDomain.powershell
Image: C:\Windows\system32\WindowsPowerShell\v1.0\powershell.exe
User: NT AUTHORITY\SYSTEM"
5512,MY-CAL-WIN10.my-caldera.local,17,"Pipe Created:
RuleName: -
EventType: CreatePipe
UtcTime: 2024-08-20 22:08:35.239
ProcessGuid: {ca24abc9-13dc-66c5-a799-000000001900}
ProcessId: 25764
PipeName: \PSHost.133686653086865891.25764.DefaultAppDomain.powershell
Image: C:\Windows\system32\WindowsPowerShell\v1.0\powershell.exe
User: NT AUTHORITY\SYSTEM"
5513,MY-CAL-WIN10.my-caldera.local,17,"Pipe Created:
RuleName: -
EventType: CreatePipe
UtcTime: 2024-08-20 22:34:06.145
ProcessGuid: {ca24abc9-19cf-66c5-0c9a-000000001900}
ProcessId: 20284
PipeName: <Anonymous Pipe>
Image: C:\Windows\system32\WindowsPowerShell\v1.0\powershell.exe
User: NT AUTHORITY\SYSTEM"
5514,MY-CAL-WIN10.my-caldera.local,17,"Pipe Created:
RuleName: -
EventType: CreatePipe
UtcTime: 2024-08-20 22:34:10.386
ProcessGuid: {ca24abc9-19cf-66c5-0c9a-000000001900}
ProcessId: 20284
PipeName: <Anonymous Pipe>
Image: C:\Windows\system32\WindowsPowerShell\v1.0\powershell.exe
User: NT AUTHORITY\SYSTEM"
5515,MY-CAL-WIN10.my-caldera.local,17,"Pipe Created:
RuleName: -
EventType: CreatePipe
UtcTime: 2024-08-20 22:34:10.521
ProcessGuid: {ca24abc9-19cf-66c5-0c9a-000000001900}
ProcessId: 20284
PipeName: <Anonymous Pipe>
Image: C:\Windows\system32\WindowsPowerShell\v1.0\powershell.exe
User: NT AUTHORITY\SYSTEM"
5516,MY-CAL-WIN10.my-caldera.local,17,"Pipe Created:
RuleName: -
EventType: CreatePipe
UtcTime: 2024-08-20 22:34:11.035
ProcessGuid: {ca24abc9-19cf-66c5-0c9a-000000001900}
ProcessId: 20284
PipeName: <Anonymous Pipe>
Image: C:\Windows\system32\WindowsPowerShell\v1.0\powershell.exe
User: NT AUTHORITY\SYSTEM"
5517,MY-CAL-WIN10.my-caldera.local,17,"Pipe Created:
RuleName: -
EventType: CreatePipe
UtcTime: 2024-08-20 22:34:28.081
ProcessGuid: {ca24abc9-19cf-66c5-0c9a-000000001900}
ProcessId: 20284
PipeName: <Anonymous Pipe>
Image: C:\Windows\system32\WindowsPowerShell\v1.0\powershell.exe
User: NT AUTHORITY\SYSTEM"
5518,MY-CAL-WIN10.my-caldera.local,17,"Pipe Created:
RuleName: -
EventType: CreatePipe
UtcTime: 2024-08-20 22:34:28.047
ProcessGuid: {ca24abc9-19cf-66c5-0c9a-000000001900}
ProcessId: 20284
PipeName: <Anonymous Pipe>
Image: C:\Windows\system32\WindowsPowerShell\v1.0\powershell.exe
User: NT AUTHORITY\SYSTEM"
5519,MY-CAL-WIN10.my-caldera.local,17,"Pipe Created:
RuleName: -
EventType: CreatePipe
UtcTime: 2024-08-20 22:34:28.117
ProcessGuid: {ca24abc9-19cf-66c5-0c9a-000000001900}
ProcessId: 20284
PipeName: <Anonymous Pipe>
Image: C:\Windows\system32\WindowsPowerShell\v1.0\powershell.exe
User: NT AUTHORITY\SYSTEM"
5520,MY-CAL-WIN10.my-caldera.local,17,"Pipe Created:
RuleName: -
EventType: CreatePipe
UtcTime: 2024-08-20 22:34:32.775
ProcessGuid: {ca24abc9-19cf-66c5-0c9a-000000001900}
ProcessId: 20284
PipeName: <Anonymous Pipe>
Image: C:\Windows\system32\WindowsPowerShell\v1.0\powershell.exe
User: NT AUTHORITY\SYSTEM"
5521,MY-CAL-WIN10.my-caldera.local,17,"Pipe Created:
RuleName: -
EventType: CreatePipe
UtcTime: 2024-08-20 22:34:33.253
ProcessGuid: {ca24abc9-19cf-66c5-0c9a-000000001900}
ProcessId: 20284
PipeName: <Anonymous Pipe>
Image: C:\Windows\system32\WindowsPowerShell\v1.0\powershell.exe
User: NT AUTHORITY\SYSTEM"
5522,MY-CAL-WIN10.my-caldera.local,17,"Pipe Created:
RuleName: -
EventType: CreatePipe
UtcTime: 2024-08-20 22:34:32.827
ProcessGuid: {ca24abc9-19cf-66c5-0c9a-000000001900}
ProcessId: 20284
PipeName: <Anonymous Pipe>
Image: C:\Windows\system32\WindowsPowerShell\v1.0\powershell.exe
User: NT AUTHORITY\SYSTEM"
5523,MY-CAL-WIN10.my-caldera.local,17,"Pipe Created:
RuleName: -
EventType: CreatePipe
UtcTime: 2024-08-20 22:34:33.083
ProcessGuid: {ca24abc9-19cf-66c5-0c9a-000000001900}
ProcessId: 20284
PipeName: <Anonymous Pipe>
Image: C:\Windows\system32\WindowsPowerShell\v1.0\powershell.exe
User: NT AUTHORITY\SYSTEM"
5524,MY-CAL-WIN10.my-caldera.local,17,"Pipe Created:
RuleName: -
EventType: CreatePipe
UtcTime: 2024-08-20 22:34:32.961
ProcessGuid: {ca24abc9-19cf-66c5-0c9a-000000001900}
ProcessId: 20284
PipeName: <Anonymous Pipe>
Image: C:\Windows\system32\WindowsPowerShell\v1.0\powershell.exe
User: NT AUTHORITY\SYSTEM"
5525,MY-CAL-WIN10.my-caldera.local,17,"Pipe Created:
RuleName: -
EventType: CreatePipe
UtcTime: 2024-08-20 22:34:33.052
ProcessGuid: {ca24abc9-19cf-66c5-0c9a-000000001900}
ProcessId: 20284
PipeName: <Anonymous Pipe>
Image: C:\Windows\system32\WindowsPowerShell\v1.0\powershell.exe
User: NT AUTHORITY\SYSTEM"
5526,MY-CAL-WIN10.my-caldera.local,17,"Pipe Created:
RuleName: -
EventType: CreatePipe
UtcTime: 2024-08-20 22:34:33.286
ProcessGuid: {ca24abc9-19cf-66c5-0c9a-000000001900}
ProcessId: 20284
PipeName: <Anonymous Pipe>
Image: C:\Windows\system32\WindowsPowerShell\v1.0\powershell.exe
User: NT AUTHORITY\SYSTEM"
5527,MY-CAL-WIN10.my-caldera.local,17,"Pipe Created:
RuleName: -
EventType: CreatePipe
UtcTime: 2024-08-20 22:34:33.024
ProcessGuid: {ca24abc9-19cf-66c5-0c9a-000000001900}
ProcessId: 20284
PipeName: <Anonymous Pipe>
Image: C:\Windows\system32\WindowsPowerShell\v1.0\powershell.exe
User: NT AUTHORITY\SYSTEM"
5528,MY-CAL-WIN10.my-caldera.local,17,"Pipe Created:
RuleName: -
EventType: CreatePipe
UtcTime: 2024-08-20 22:34:33.153
ProcessGuid: {ca24abc9-19cf-66c5-0c9a-000000001900}
ProcessId: 20284
PipeName: <Anonymous Pipe>
Image: C:\Windows\system32\WindowsPowerShell\v1.0\powershell.exe
User: NT AUTHORITY\SYSTEM"
5529,MY-CAL-WIN10.my-caldera.local,17,"Pipe Created:
RuleName: -
EventType: CreatePipe
UtcTime: 2024-08-20 22:34:33.186
ProcessGuid: {ca24abc9-19cf-66c5-0c9a-000000001900}
ProcessId: 20284
PipeName: <Anonymous Pipe>
Image: C:\Windows\system32\WindowsPowerShell\v1.0\powershell.exe
User: NT AUTHORITY\SYSTEM"
5530,MY-CAL-WIN10.my-caldera.local,17,"Pipe Created:
RuleName: -
EventType: CreatePipe
UtcTime: 2024-08-20 22:34:32.719
ProcessGuid: {ca24abc9-19cf-66c5-0c9a-000000001900}
ProcessId: 20284
PipeName: <Anonymous Pipe>
Image: C:\Windows\system32\WindowsPowerShell\v1.0\powershell.exe
User: NT AUTHORITY\SYSTEM"
5531,MY-CAL-WIN10.my-caldera.local,17,"Pipe Created:
RuleName: -
EventType: CreatePipe
UtcTime: 2024-08-20 22:34:33.220
ProcessGuid: {ca24abc9-19cf-66c5-0c9a-000000001900}
ProcessId: 20284
PipeName: <Anonymous Pipe>
Image: C:\Windows\system32\WindowsPowerShell\v1.0\powershell.exe
User: NT AUTHORITY\SYSTEM"
5532,MY-CAL-WIN10.my-caldera.local,17,"Pipe Created:
RuleName: -
EventType: CreatePipe
UtcTime: 2024-08-20 22:34:33.117
ProcessGuid: {ca24abc9-19cf-66c5-0c9a-000000001900}
ProcessId: 20284
PipeName: <Anonymous Pipe>
Image: C:\Windows\system32\WindowsPowerShell\v1.0\powershell.exe
User: NT AUTHORITY\SYSTEM"
5533,MY-CAL-WIN10.my-caldera.local,17,"Pipe Created:
RuleName: -
EventType: CreatePipe
UtcTime: 2024-08-20 22:34:33.317
ProcessGuid: {ca24abc9-19cf-66c5-0c9a-000000001900}
ProcessId: 20284
PipeName: <Anonymous Pipe>
Image: C:\Windows\system32\WindowsPowerShell\v1.0\powershell.exe
User: NT AUTHORITY\SYSTEM"
5534,MY-CAL-WIN10.my-caldera.local,17,"Pipe Created:
RuleName: -
EventType: CreatePipe
UtcTime: 2024-08-20 22:34:32.993
ProcessGuid: {ca24abc9-19cf-66c5-0c9a-000000001900}
ProcessId: 20284
PipeName: <Anonymous Pipe>
Image: C:\Windows\system32\WindowsPowerShell\v1.0\powershell.exe
User: NT AUTHORITY\SYSTEM"
5535,MY-CAL-WIN10.my-caldera.local,17,"Pipe Created:
RuleName: -
EventType: CreatePipe
UtcTime: 2024-08-20 22:34:43.380
ProcessGuid: {ca24abc9-19cf-66c5-0c9a-000000001900}
ProcessId: 20284
PipeName: <Anonymous Pipe>
Image: C:\Windows\system32\WindowsPowerShell\v1.0\powershell.exe
User: NT AUTHORITY\SYSTEM"
5536,MY-CAL-WIN10.my-caldera.local,17,"Pipe Created:
RuleName: -
EventType: CreatePipe
UtcTime: 2024-08-20 22:34:43.736
ProcessGuid: {ca24abc9-19cf-66c5-0c9a-000000001900}
ProcessId: 20284
PipeName: <Anonymous Pipe>
Image: C:\Windows\system32\WindowsPowerShell\v1.0\powershell.exe
User: NT AUTHORITY\SYSTEM"
5537,MY-CAL-WIN10.my-caldera.local,17,"Pipe Created:
RuleName: -
EventType: CreatePipe
UtcTime: 2024-08-20 22:34:43.415
ProcessGuid: {ca24abc9-19cf-66c5-0c9a-000000001900}
ProcessId: 20284
PipeName: <Anonymous Pipe>
Image: C:\Windows\system32\WindowsPowerShell\v1.0\powershell.exe
User: NT AUTHORITY\SYSTEM"
5538,MY-CAL-WIN10.my-caldera.local,17,"Pipe Created:
RuleName: -
EventType: CreatePipe
UtcTime: 2024-08-20 22:34:43.665
ProcessGuid: {ca24abc9-19cf-66c5-0c9a-000000001900}
ProcessId: 20284
PipeName: <Anonymous Pipe>
Image: C:\Windows\system32\WindowsPowerShell\v1.0\powershell.exe
User: NT AUTHORITY\SYSTEM"
5539,MY-CAL-WIN10.my-caldera.local,17,"Pipe Created:
RuleName: -
EventType: CreatePipe
UtcTime: 2024-08-20 22:34:43.631
ProcessGuid: {ca24abc9-19cf-66c5-0c9a-000000001900}
ProcessId: 20284
PipeName: <Anonymous Pipe>
Image: C:\Windows\system32\WindowsPowerShell\v1.0\powershell.exe
User: NT AUTHORITY\SYSTEM"
5540,MY-CAL-WIN10.my-caldera.local,17,"Pipe Created:
RuleName: -
EventType: CreatePipe
UtcTime: 2024-08-20 22:34:43.862
ProcessGuid: {ca24abc9-19cf-66c5-0c9a-000000001900}
ProcessId: 20284
PipeName: <Anonymous Pipe>
Image: C:\Windows\system32\WindowsPowerShell\v1.0\powershell.exe
User: NT AUTHORITY\SYSTEM"
5541,MY-CAL-WIN10.my-caldera.local,17,"Pipe Created:
RuleName: -
EventType: CreatePipe
UtcTime: 2024-08-20 22:34:43.345
ProcessGuid: {ca24abc9-19cf-66c5-0c9a-000000001900}
ProcessId: 20284
PipeName: <Anonymous Pipe>
Image: C:\Windows\system32\WindowsPowerShell\v1.0\powershell.exe
User: NT AUTHORITY\SYSTEM"
5542,MY-CAL-WIN10.my-caldera.local,17,"Pipe Created:
RuleName: -
EventType: CreatePipe
UtcTime: 2024-08-20 22:34:43.483
ProcessGuid: {ca24abc9-19cf-66c5-0c9a-000000001900}
ProcessId: 20284
PipeName: <Anonymous Pipe>
Image: C:\Windows\system32\WindowsPowerShell\v1.0\powershell.exe
User: NT AUTHORITY\SYSTEM"
5543,MY-CAL-WIN10.my-caldera.local,17,"Pipe Created:
RuleName: -
EventType: CreatePipe
UtcTime: 2024-08-20 22:34:43.701
ProcessGuid: {ca24abc9-19cf-66c5-0c9a-000000001900}
ProcessId: 20284
PipeName: <Anonymous Pipe>
Image: C:\Windows\system32\WindowsPowerShell\v1.0\powershell.exe
User: NT AUTHORITY\SYSTEM"
5544,MY-CAL-WIN10.my-caldera.local,17,"Pipe Created:
RuleName: -
EventType: CreatePipe
UtcTime: 2024-08-20 22:34:43.517
ProcessGuid: {ca24abc9-19cf-66c5-0c9a-000000001900}
ProcessId: 20284
PipeName: <Anonymous Pipe>
Image: C:\Windows\system32\WindowsPowerShell\v1.0\powershell.exe
User: NT AUTHORITY\SYSTEM"
5545,MY-CAL-WIN10.my-caldera.local,17,"Pipe Created:
RuleName: -
EventType: CreatePipe
UtcTime: 2024-08-20 22:34:43.827
ProcessGuid: {ca24abc9-19cf-66c5-0c9a-000000001900}
ProcessId: 20284
PipeName: <Anonymous Pipe>
Image: C:\Windows\system32\WindowsPowerShell\v1.0\powershell.exe
User: NT AUTHORITY\SYSTEM"
5546,MY-CAL-WIN10.my-caldera.local,17,"Pipe Created:
RuleName: -
EventType: CreatePipe
UtcTime: 2024-08-20 22:34:43.450
ProcessGuid: {ca24abc9-19cf-66c5-0c9a-000000001900}
ProcessId: 20284
PipeName: <Anonymous Pipe>
Image: C:\Windows\system32\WindowsPowerShell\v1.0\powershell.exe
User: NT AUTHORITY\SYSTEM"
5547,MY-CAL-WIN10.my-caldera.local,17,"Pipe Created:
RuleName: -
EventType: CreatePipe
UtcTime: 2024-08-20 22:34:46.857
ProcessGuid: {ca24abc9-19cf-66c5-0c9a-000000001900}
ProcessId: 20284
PipeName: <Anonymous Pipe>
Image: C:\Windows\system32\WindowsPowerShell\v1.0\powershell.exe
User: NT AUTHORITY\SYSTEM"
5548,MY-CAL-WIN10.my-caldera.local,17,"Pipe Created:
RuleName: -
EventType: CreatePipe
UtcTime: 2024-08-20 22:34:46.924
ProcessGuid: {ca24abc9-19cf-66c5-0c9a-000000001900}
ProcessId: 20284
PipeName: <Anonymous Pipe>
Image: C:\Windows\system32\WindowsPowerShell\v1.0\powershell.exe
User: NT AUTHORITY\SYSTEM"
5549,MY-CAL-WIN10.my-caldera.local,17,"Pipe Created:
RuleName: -
EventType: CreatePipe
UtcTime: 2024-08-20 22:34:46.890
ProcessGuid: {ca24abc9-19cf-66c5-0c9a-000000001900}
ProcessId: 20284
PipeName: <Anonymous Pipe>
Image: C:\Windows\system32\WindowsPowerShell\v1.0\powershell.exe
User: NT AUTHORITY\SYSTEM"
5550,MY-CAL-WIN10.my-caldera.local,17,"Pipe Created:
RuleName: -
EventType: CreatePipe
UtcTime: 2024-08-20 22:34:46.955
ProcessGuid: {ca24abc9-19cf-66c5-0c9a-000000001900}
ProcessId: 20284
PipeName: <Anonymous Pipe>
Image: C:\Windows\system32\WindowsPowerShell\v1.0\powershell.exe
User: NT AUTHORITY\SYSTEM"
5551,MY-CAL-WIN10.my-caldera.local,17,"Pipe Created:
RuleName: -
EventType: CreatePipe
UtcTime: 2024-08-20 22:33:41.046
ProcessGuid: {ca24abc9-3439-6646-4900-000000001900}
ProcessId: 3588
PipeName: <Anonymous Pipe>
Image: C:\Program Files\Windows Defender Advanced Threat Protection\MsSense.exe
User: NT AUTHORITY\SYSTEM"
5552,MY-CAL-WIN10.my-caldera.local,17,"Pipe Created:
RuleName: -
EventType: CreatePipe
UtcTime: 2024-08-20 22:33:55.210
ProcessGuid: {ca24abc9-19cf-66c5-0c9a-000000001900}
ProcessId: 20284
PipeName: \PSHost.133686668317982806.20284.DefaultAppDomain.powershell
Image: C:\Windows\system32\WindowsPowerShell\v1.0\powershell.exe
User: NT AUTHORITY\SYSTEM"
5553,MY-CAL-WIN10.my-caldera.local,17,"Pipe Created:
RuleName: -
EventType: CreatePipe
UtcTime: 2024-08-20 22:34:03.744
ProcessGuid: {ca24abc9-19cf-66c5-0c9a-000000001900}
ProcessId: 20284
PipeName: <Anonymous Pipe>
Image: C:\Windows\system32\WindowsPowerShell\v1.0\powershell.exe
User: NT AUTHORITY\SYSTEM"
5554,MY-CAL-WIN10.my-caldera.local,17,"Pipe Created:
RuleName: -
EventType: CreatePipe
UtcTime: 2024-08-20 22:34:03.862
ProcessGuid: {ca24abc9-19cf-66c5-0c9a-000000001900}
ProcessId: 20284
PipeName: <Anonymous Pipe>
Image: C:\Windows\system32\WindowsPowerShell\v1.0\powershell.exe
User: NT AUTHORITY\SYSTEM"
5555,MY-CAL-WIN10.my-caldera.local,17,"Pipe Created:
RuleName: -
EventType: CreatePipe
UtcTime: 2024-08-20 22:34:03.608
ProcessGuid: {ca24abc9-19cf-66c5-0c9a-000000001900}
ProcessId: 20284
PipeName: <Anonymous Pipe>
Image: C:\Windows\system32\WindowsPowerShell\v1.0\powershell.exe
User: NT AUTHORITY\SYSTEM"
5556,MY-CAL-WIN10.my-caldera.local,17,"Pipe Created:
RuleName: -
EventType: CreatePipe
UtcTime: 2024-08-20 22:34:03.692
ProcessGuid: {ca24abc9-19cf-66c5-0c9a-000000001900}
ProcessId: 20284
PipeName: <Anonymous Pipe>
Image: C:\Windows\system32\WindowsPowerShell\v1.0\powershell.exe
User: NT AUTHORITY\SYSTEM"
5557,MY-CAL-WIN10.my-caldera.local,17,"Pipe Created:
RuleName: -
EventType: CreatePipe
UtcTime: 2024-08-20 22:34:19.427
ProcessGuid: {ca24abc9-19cf-66c5-0c9a-000000001900}
ProcessId: 20284
PipeName: <Anonymous Pipe>
Image: C:\Windows\system32\WindowsPowerShell\v1.0\powershell.exe
User: NT AUTHORITY\SYSTEM"
5558,MY-CAL-WIN10.my-caldera.local,17,"Pipe Created:
RuleName: -
EventType: CreatePipe
UtcTime: 2024-08-20 22:34:19.393
ProcessGuid: {ca24abc9-19cf-66c5-0c9a-000000001900}
ProcessId: 20284
PipeName: <Anonymous Pipe>
Image: C:\Windows\system32\WindowsPowerShell\v1.0\powershell.exe
User: NT AUTHORITY\SYSTEM"
5559,MY-CAL-WIN10.my-caldera.local,17,"Pipe Created:
RuleName: -
EventType: CreatePipe
UtcTime: 2024-08-20 22:34:19.460
ProcessGuid: {ca24abc9-19cf-66c5-0c9a-000000001900}
ProcessId: 20284
PipeName: <Anonymous Pipe>
Image: C:\Windows\system32\WindowsPowerShell\v1.0\powershell.exe
User: NT AUTHORITY\SYSTEM"
5560,MY-CAL-WIN10.my-caldera.local,17,"Pipe Created:
RuleName: -
EventType: CreatePipe
UtcTime: 2024-08-20 22:34:19.491
ProcessGuid: {ca24abc9-19cf-66c5-0c9a-000000001900}
ProcessId: 20284
PipeName: <Anonymous Pipe>
Image: C:\Windows\system32\WindowsPowerShell\v1.0\powershell.exe
User: NT AUTHORITY\SYSTEM"
5561,MY-CAL-WIN10.my-caldera.local,17,"Pipe Created:
RuleName: -
EventType: CreatePipe
UtcTime: 2024-08-20 22:08:18.086
ProcessGuid: {ca24abc9-3439-6646-4900-000000001900}
ProcessId: 3588
PipeName: <Anonymous Pipe>
Image: C:\Program Files\Windows Defender Advanced Threat Protection\MsSense.exe
User: NT AUTHORITY\SYSTEM"
5562,MY-CAL-WIN10.my-caldera.local,17,"Pipe Created:
RuleName: -
EventType: CreatePipe
UtcTime: 2024-08-20 22:51:42.998
ProcessGuid: {ca24abc9-3439-6646-4900-000000001900}
ProcessId: 3588
PipeName: <Anonymous Pipe>
Image: C:\Program Files\Windows Defender Advanced Threat Protection\MsSense.exe
User: NT AUTHORITY\SYSTEM"
5563,MY-CAL-WIN10.my-caldera.local,17,"Pipe Created:
RuleName: -
EventType: CreatePipe
UtcTime: 2024-08-20 22:51:58.220
ProcessGuid: {ca24abc9-1e0c-66c5-2e9b-000000001900}
ProcessId: 17260
PipeName: \PSHost.133686679166060370.17260.DefaultAppDomain.powershell
Image: C:\Windows\system32\WindowsPowerShell\v1.0\powershell.exe
User: NT AUTHORITY\LOCAL SERVICE"
5564,MY-CAL-WIN10.my-caldera.local,17,"Pipe Created:
RuleName: -
EventType: CreatePipe
UtcTime: 2024-08-20 23:02:20.252
ProcessGuid: {ca24abc9-2079-66c5-469b-000000001900}
ProcessId: 880
PipeName: \PSHost.133686685370162802.880.DefaultAppDomain.powershell
Image: C:\Windows\system32\WindowsPowerShell\v1.0\powershell.exe
User: NT AUTHORITY\SYSTEM"
5565,MY-CAL-WIN10.my-caldera.local,17,"Pipe Created:
RuleName: -
EventType: CreatePipe
UtcTime: 2024-08-20 23:12:29.919
ProcessGuid: {ca24abc9-221a-66c5-5c9b-000000001900}
ProcessId: 1344
PipeName: \LOCAL\mojo.1344.27604.4317657076501100129
Image: C:\Program Files (x86)\Microsoft\Edge\Application\msedge.exe
User: MY-CALDERA\johnny.douche"
5566,MY-CAL-WIN10.my-caldera.local,17,"Pipe Created:
RuleName: -
EventType: CreatePipe
UtcTime: 2024-08-20 23:12:29.818
ProcessGuid: {ca24abc9-221a-66c5-5c9b-000000001900}
ProcessId: 1344
PipeName: \LOCAL\mojo.1344.27896.1824468973109077598
Image: C:\Program Files (x86)\Microsoft\Edge\Application\msedge.exe
User: MY-CALDERA\johnny.douche"
5567,MY-CAL-WIN10.my-caldera.local,17,"Pipe Created:
RuleName: -
EventType: CreatePipe
UtcTime: 2024-08-20 23:09:29.873
ProcessGuid: {ca24abc9-221a-66c5-5c9b-000000001900}
ProcessId: 1344
PipeName: \LOCAL\mojo.1344.27896.7960151982681238823
Image: C:\Program Files (x86)\Microsoft\Edge\Application\msedge.exe
User: MY-CALDERA\johnny.douche"
5568,MY-CAL-WIN10.my-caldera.local,17,"Pipe Created:
RuleName: -
EventType: CreatePipe
UtcTime: 2024-08-20 23:09:29.705
ProcessGuid: {ca24abc9-221a-66c5-5c9b-000000001900}
ProcessId: 1344
PipeName: \LOCAL\mojo.1344.27896.12640490451310616048
Image: C:\Program Files (x86)\Microsoft\Edge\Application\msedge.exe
User: MY-CALDERA\johnny.douche"
5569,MY-CAL-WIN10.my-caldera.local,17,"Pipe Created:
RuleName: -
EventType: CreatePipe
UtcTime: 2024-08-20 23:09:29.828
ProcessGuid: {ca24abc9-221a-66c5-5c9b-000000001900}
ProcessId: 1344
PipeName: \LOCAL\mojo.external_task_manager_1344
Image: C:\Program Files (x86)\Microsoft\Edge\Application\msedge.exe
User: MY-CALDERA\johnny.douche"
5570,MY-CAL-WIN10.my-caldera.local,17,"Pipe Created:
RuleName: -
EventType: CreatePipe
UtcTime: 2024-08-20 23:09:28.986
ProcessGuid: {ca24abc9-221a-66c5-5c9b-000000001900}
ProcessId: 1344
PipeName: \crashpad_1344_NWVJPQWLGROAGKXK
Image: C:\Program Files (x86)\Microsoft\Edge\Application\msedge.exe
User: MY-CALDERA\johnny.douche"
5571,MY-CAL-WIN10.my-caldera.local,17,"Pipe Created:
RuleName: -
EventType: CreatePipe
UtcTime: 2024-08-20 23:09:29.502
ProcessGuid: {ca24abc9-221a-66c5-5c9b-000000001900}
ProcessId: 1344
PipeName: \LOCAL\mojo.1344.27896.16594426197444435065
Image: C:\Program Files (x86)\Microsoft\Edge\Application\msedge.exe
User: MY-CALDERA\johnny.douche"
5572,MY-CAL-WIN10.my-caldera.local,17,"Pipe Created:
RuleName: -
EventType: CreatePipe
UtcTime: 2024-08-20 23:09:29.557
ProcessGuid: {ca24abc9-221a-66c5-5c9b-000000001900}
ProcessId: 1344
PipeName: \LOCAL\mojo.1344.27896.17893438018883112372
Image: C:\Program Files (x86)\Microsoft\Edge\Application\msedge.exe
User: MY-CALDERA\johnny.douche"
5573,MY-CAL-WIN10.my-caldera.local,17,"Pipe Created:
