MY-CAL-WIN10.my-caldera.local,11,"File created:
RuleName: DO
UtcTime: 2024-08-20 00:15:04.249
ProcessGuid: {ca24abc9-e006-66c3-fc02-000000001d00}
ProcessId: 9816
Image: C:\Program Files (x86)\Microsoft Office\Root\Office16\WINWORD.EXE
TargetFilename: C:\Users\johnny.douche\AppData\Local\Microsoft\Office\16.0\winword.exe_Rules\rule701400v1.xml
CreationUtcTime: 2024-08-20 00:14:56.531
User: MY-CALDERA\johnny.douche"
MY-CAL-WIN10.my-caldera.local,11,"File created:
RuleName: DO
UtcTime: 2024-08-20 00:15:04.422
ProcessGuid: {ca24abc9-e006-66c3-fc02-000000001d00}
ProcessId: 9816
Image: C:\Program Files (x86)\Microsoft Office\Root\Office16\WINWORD.EXE
TargetFilename: C:\Users\johnny.douche\AppData\Local\Microsoft\Office\16.0\winword.exe_Rules\rule703200v1.xml
CreationUtcTime: 2024-08-20 00:14:56.643
User: MY-CALDERA\johnny.douche"
MY-CAL-WIN10.my-caldera.local,11,"File created:
RuleName: DO
UtcTime: 2024-08-20 00:15:03.766
ProcessGuid: {ca24abc9-e006-66c3-fc02-000000001d00}
ProcessId: 9816
Image: C:\Program Files (x86)\Microsoft Office\Root\Office16\WINWORD.EXE
TargetFilename: C:\Users\johnny.douche\AppData\Local\Microsoft\Office\16.0\winword.exe_Rules\rule170137v0.xml
CreationUtcTime: 2024-08-20 00:14:56.009
User: MY-CALDERA\johnny.douche"
MY-CAL-WIN10.my-caldera.local,11,"File created:
RuleName: DO
UtcTime: 2024-08-20 00:15:03.817
ProcessGuid: {ca24abc9-e006-66c3-fc02-000000001d00}
ProcessId: 9816
Image: C:\Program Files (x86)\Microsoft Office\Root\Office16\WINWORD.EXE
TargetFilename: C:\Users\johnny.douche\AppData\Local\Microsoft\Office\16.0\winword.exe_Rules\rule224082v0.xml
CreationUtcTime: 2024-08-20 00:14:56.074
User: MY-CALDERA\johnny.douche"
MY-CAL-WIN10.my-caldera.local,11,"File created:
RuleName: DO
UtcTime: 2024-08-20 00:15:03.831
ProcessGuid: {ca24abc9-e006-66c3-fc02-000000001d00}
ProcessId: 9816
Image: C:\Program Files (x86)\Microsoft Office\Root\Office16\WINWORD.EXE
TargetFilename: C:\Users\johnny.douche\AppData\Local\Microsoft\Office\16.0\winword.exe_Rules\rule224901v11.xml
CreationUtcTime: 2024-08-20 00:14:56.086
User: MY-CALDERA\johnny.douche"
MY-CAL-WIN10.my-caldera.local,11,"File created:
RuleName: DO
UtcTime: 2024-08-20 00:15:03.866
ProcessGuid: {ca24abc9-e006-66c3-fc02-000000001d00}
ProcessId: 9816
Image: C:\Program Files (x86)\Microsoft Office\Root\Office16\WINWORD.EXE
TargetFilename: C:\Users\johnny.douche\AppData\Local\Microsoft\Office\16.0\winword.exe_Rules\rule240013v1.xml
CreationUtcTime: 2024-08-20 00:14:56.120
User: MY-CALDERA\johnny.douche"
MY-CAL-WIN10.my-caldera.local,11,"File created:
RuleName: DO
UtcTime: 2024-08-20 00:15:03.884
ProcessGuid: {ca24abc9-e006-66c3-fc02-000000001d00}
ProcessId: 9816
Image: C:\Program Files (x86)\Microsoft Office\Root\Office16\WINWORD.EXE
TargetFilename: C:\Users\johnny.douche\AppData\Local\Microsoft\Office\16.0\winword.exe_Rules\rule240034v0.xml
CreationUtcTime: 2024-08-20 00:14:56.149
User: MY-CALDERA\johnny.douche"
MY-CAL-WIN10.my-caldera.local,11,"File created:
RuleName: DO
UtcTime: 2024-08-20 00:15:03.893
ProcessGuid: {ca24abc9-e006-66c3-fc02-000000001d00}
ProcessId: 9816
Image: C:\Program Files (x86)\Microsoft Office\Root\Office16\WINWORD.EXE
TargetFilename: C:\Users\johnny.douche\AppData\Local\Microsoft\Office\16.0\winword.exe_Rules\rule320001v2.xml
CreationUtcTime: 2024-08-20 00:14:56.161
User: MY-CALDERA\johnny.douche"
MY-CAL-WIN10.my-caldera.local,11,"File created:
RuleName: DO
UtcTime: 2024-08-20 00:15:03.914
ProcessGuid: {ca24abc9-e006-66c3-fc02-000000001d00}
ProcessId: 9816
Image: C:\Program Files (x86)\Microsoft Office\Root\Office16\WINWORD.EXE
TargetFilename: C:\Users\johnny.douche\AppData\Local\Microsoft\Office\16.0\winword.exe_Rules\rule320035v0.xml
CreationUtcTime: 2024-08-20 00:14:56.185
User: MY-CALDERA\johnny.douche"
MY-CAL-WIN10.my-caldera.local,11,"File created:
RuleName: DO
UtcTime: 2024-08-20 00:15:03.924
ProcessGuid: {ca24abc9-e006-66c3-fc02-000000001d00}
ProcessId: 9816
Image: C:\Program Files (x86)\Microsoft Office\Root\Office16\WINWORD.EXE
TargetFilename: C:\Users\johnny.douche\AppData\Local\Microsoft\Office\16.0\winword.exe_Rules\rule324004v4.xml
CreationUtcTime: 2024-08-20 00:14:56.195
User: MY-CALDERA\johnny.douche"
MY-CAL-WIN10.my-caldera.local,11,"File created:
RuleName: DO
UtcTime: 2024-08-20 00:15:03.944
ProcessGuid: {ca24abc9-e006-66c3-fc02-000000001d00}
ProcessId: 9816
Image: C:\Program Files (x86)\Microsoft Office\Root\Office16\WINWORD.EXE
TargetFilename: C:\Users\johnny.douche\AppData\Local\Microsoft\Office\16.0\winword.exe_Rules\rule324013v0.xml
CreationUtcTime: 2024-08-20 00:14:56.215
User: MY-CALDERA\johnny.douche"
MY-CAL-WIN10.my-caldera.local,11,"File created:
RuleName: DO
UtcTime: 2024-08-20 00:15:03.954
ProcessGuid: {ca24abc9-e006-66c3-fc02-000000001d00}
ProcessId: 9816
Image: C:\Program Files (x86)\Microsoft Office\Root\Office16\WINWORD.EXE
TargetFilename: C:\Users\johnny.douche\AppData\Local\Microsoft\Office\16.0\winword.exe_Rules\rule326000v0.xml
CreationUtcTime: 2024-08-20 00:14:56.225
User: MY-CALDERA\johnny.douche"
MY-CAL-WIN10.my-caldera.local,11,"File created:
RuleName: DO
UtcTime: 2024-08-20 00:15:03.984
ProcessGuid: {ca24abc9-e006-66c3-fc02-000000001d00}
ProcessId: 9816
Image: C:\Program Files (x86)\Microsoft Office\Root\Office16\WINWORD.EXE
TargetFilename: C:\Users\johnny.douche\AppData\Local\Microsoft\Office\16.0\winword.exe_Rules\rule490004v6.xml
CreationUtcTime: 2024-08-20 00:14:56.256
User: MY-CALDERA\johnny.douche"
MY-CAL-WIN10.my-caldera.local,11,"File created:
RuleName: DO
UtcTime: 2024-08-20 00:15:03.993
ProcessGuid: {ca24abc9-e006-66c3-fc02-000000001d00}
ProcessId: 9816
Image: C:\Program Files (x86)\Microsoft Office\Root\Office16\WINWORD.EXE
TargetFilename: C:\Users\johnny.douche\AppData\Local\Microsoft\Office\16.0\winword.exe_Rules\rule490015v3.xml
CreationUtcTime: 2024-08-20 00:14:56.267
User: MY-CALDERA\johnny.douche"
MY-CAL-WIN10.my-caldera.local,11,"File created:
RuleName: DO
UtcTime: 2024-08-20 00:15:04.055
ProcessGuid: {ca24abc9-e006-66c3-fc02-000000001d00}
ProcessId: 9816
Image: C:\Program Files (x86)\Microsoft Office\Root\Office16\WINWORD.EXE
TargetFilename: C:\Users\johnny.douche\AppData\Local\Microsoft\Office\16.0\winword.exe_Rules\rule610006v0.xml
CreationUtcTime: 2024-08-20 00:14:56.328
User: MY-CALDERA\johnny.douche"
MY-CAL-WIN10.my-caldera.local,11,"File created:
RuleName: DO
UtcTime: 2024-08-20 00:15:04.065
ProcessGuid: {ca24abc9-e006-66c3-fc02-000000001d00}
ProcessId: 9816
Image: C:\Program Files (x86)\Microsoft Office\Root\Office16\WINWORD.EXE
TargetFilename: C:\Users\johnny.douche\AppData\Local\Microsoft\Office\16.0\winword.exe_Rules\rule63038v1.xml
CreationUtcTime: 2024-08-20 00:14:56.340
User: MY-CALDERA\johnny.douche"
MY-CAL-WIN10.my-caldera.local,11,"File created:
RuleName: DO
UtcTime: 2024-08-20 00:15:04.074
ProcessGuid: {ca24abc9-e006-66c3-fc02-000000001d00}
ProcessId: 9816
Image: C:\Program Files (x86)\Microsoft Office\Root\Office16\WINWORD.EXE
TargetFilename: C:\Users\johnny.douche\AppData\Local\Microsoft\Office\16.0\winword.exe_Rules\rule63051v5.xml
CreationUtcTime: 2024-08-20 00:14:56.350
User: MY-CALDERA\johnny.douche"
MY-CAL-WIN10.my-caldera.local,11,"File created:
RuleName: DO
UtcTime: 2024-08-20 00:15:04.096
ProcessGuid: {ca24abc9-e006-66c3-fc02-000000001d00}
ProcessId: 9816
Image: C:\Program Files (x86)\Microsoft Office\Root\Office16\WINWORD.EXE
TargetFilename: C:\Users\johnny.douche\AppData\Local\Microsoft\Office\16.0\winword.exe_Rules\rule63077v0.xml
CreationUtcTime: 2024-08-20 00:14:56.376
User: MY-CALDERA\johnny.douche"
MY-CAL-WIN10.my-caldera.local,11,"File created:
RuleName: DO
UtcTime: 2024-08-20 00:15:04.137
ProcessGuid: {ca24abc9-e006-66c3-fc02-000000001d00}
ProcessId: 9816
Image: C:\Program Files (x86)\Microsoft Office\Root\Office16\WINWORD.EXE
TargetFilename: C:\Users\johnny.douche\AppData\Local\Microsoft\Office\16.0\winword.exe_Rules\rule68019v2.xml
CreationUtcTime: 2024-08-20 00:14:56.414
User: MY-CALDERA\johnny.douche"
MY-CAL-WIN10.my-caldera.local,11,"File created:
RuleName: DO
UtcTime: 2024-08-20 00:15:04.175
ProcessGuid: {ca24abc9-e006-66c3-fc02-000000001d00}
ProcessId: 9816
Image: C:\Program Files (x86)\Microsoft Office\Root\Office16\WINWORD.EXE
TargetFilename: C:\Users\johnny.douche\AppData\Local\Microsoft\Office\16.0\winword.exe_Rules\rule700100v1.xml
CreationUtcTime: 2024-08-20 00:14:56.452
User: MY-CALDERA\johnny.douche"
MY-CAL-WIN10.my-caldera.local,11,"File created:
RuleName: DO
UtcTime: 2024-08-20 00:15:04.423
ProcessGuid: {ca24abc9-e006-66c3-fc02-000000001d00}
ProcessId: 9816
Image: C:\Program Files (x86)\Microsoft Office\Root\Office16\WINWORD.EXE
TargetFilename: C:\Users\johnny.douche\AppData\Local\Microsoft\Office\16.0\winword.exe_Rules\rule703201v1.xml
CreationUtcTime: 2024-08-20 00:14:56.645
User: MY-CALDERA\johnny.douche"
MY-CAL-WIN10.my-caldera.local,11,"File created:
RuleName: DO
UtcTime: 2024-08-20 00:15:04.171
ProcessGuid: {ca24abc9-e006-66c3-fc02-000000001d00}
ProcessId: 9816
Image: C:\Program Files (x86)\Microsoft Office\Root\Office16\WINWORD.EXE
TargetFilename: C:\Users\johnny.douche\AppData\Local\Microsoft\Office\16.0\winword.exe_Rules\rule700050v1.xml
CreationUtcTime: 2024-08-20 00:14:56.448
User: MY-CALDERA\johnny.douche"
MY-CAL-WIN10.my-caldera.local,11,"File created:
RuleName: DO
UtcTime: 2024-08-20 00:15:04.181
ProcessGuid: {ca24abc9-e006-66c3-fc02-000000001d00}
ProcessId: 9816
Image: C:\Program Files (x86)\Microsoft Office\Root\Office16\WINWORD.EXE
TargetFilename: C:\Users\johnny.douche\AppData\Local\Microsoft\Office\16.0\winword.exe_Rules\rule700200v1.xml
CreationUtcTime: 2024-08-20 00:14:56.459
User: MY-CALDERA\johnny.douche"
MY-CAL-WIN10.my-caldera.local,11,"File created:
RuleName: DO
UtcTime: 2024-08-20 00:15:04.194
ProcessGuid: {ca24abc9-e006-66c3-fc02-000000001d00}
ProcessId: 9816
Image: C:\Program Files (x86)\Microsoft Office\Root\Office16\WINWORD.EXE
TargetFilename: C:\Users\johnny.douche\AppData\Local\Microsoft\Office\16.0\winword.exe_Rules\rule70030v0.xml
CreationUtcTime: 2024-08-20 00:14:56.473
User: MY-CALDERA\johnny.douche"
MY-CAL-WIN10.my-caldera.local,11,"File created:
RuleName: DO
UtcTime: 2024-08-20 00:15:04.202
ProcessGuid: {ca24abc9-e006-66c3-fc02-000000001d00}
ProcessId: 9816
Image: C:\Program Files (x86)\Microsoft Office\Root\Office16\WINWORD.EXE
TargetFilename: C:\Users\johnny.douche\AppData\Local\Microsoft\Office\16.0\winword.exe_Rules\rule700400v2.xml
CreationUtcTime: 2024-08-20 00:14:56.482
User: MY-CALDERA\johnny.douche"
MY-CAL-WIN10.my-caldera.local,11,"File created:
RuleName: DO
UtcTime: 2024-08-20 00:15:04.418
ProcessGuid: {ca24abc9-e006-66c3-fc02-000000001d00}
ProcessId: 9816
Image: C:\Program Files (x86)\Microsoft Office\Root\Office16\WINWORD.EXE
TargetFilename: C:\Users\johnny.douche\AppData\Local\Microsoft\Office\16.0\winword.exe_Rules\rule703101v1.xml
CreationUtcTime: 2024-08-20 00:14:56.637
User: MY-CALDERA\johnny.douche"
MY-CAL-WIN10.my-caldera.local,11,"File created:
RuleName: DO
UtcTime: 2024-08-20 00:15:04.430
ProcessGuid: {ca24abc9-e006-66c3-fc02-000000001d00}
ProcessId: 9816
Image: C:\Program Files (x86)\Microsoft Office\Root\Office16\WINWORD.EXE
TargetFilename: C:\Users\johnny.douche\AppData\Local\Microsoft\Office\16.0\winword.exe_Rules\rule703350v0.xml
CreationUtcTime: 2024-08-20 00:14:56.654
User: MY-CALDERA\johnny.douche"
MY-CAL-WIN10.my-caldera.local,11,"File created:
RuleName: DO
UtcTime: 2024-08-20 00:15:04.432
ProcessGuid: {ca24abc9-e006-66c3-fc02-000000001d00}
ProcessId: 9816
Image: C:\Program Files (x86)\Microsoft Office\Root\Office16\WINWORD.EXE
TargetFilename: C:\Users\johnny.douche\AppData\Local\Microsoft\Office\16.0\winword.exe_Rules\rule703351v0.xml
CreationUtcTime: 2024-08-20 00:14:56.656
User: MY-CALDERA\johnny.douche"
MY-CAL-WIN10.my-caldera.local,11,"File created:
RuleName: DO
UtcTime: 2024-08-20 00:15:04.503
ProcessGuid: {ca24abc9-e006-66c3-fc02-000000001d00}
ProcessId: 9816
Image: C:\Program Files (x86)\Microsoft Office\Root\Office16\WINWORD.EXE
TargetFilename: C:\Users\johnny.douche\AppData\Local\Microsoft\Office\16.0\winword.exe_Rules\rule880010v0.xml
CreationUtcTime: 2024-08-20 00:15:04.503
User: MY-CALDERA\johnny.douche"
MY-CAL-WIN10.my-caldera.local,11,"File created:
RuleName: DO
UtcTime: 2024-08-20 00:15:04.207
ProcessGuid: {ca24abc9-e006-66c3-fc02-000000001d00}
ProcessId: 9816
Image: C:\Program Files (x86)\Microsoft Office\Root\Office16\WINWORD.EXE
TargetFilename: C:\Users\johnny.douche\AppData\Local\Microsoft\Office\16.0\winword.exe_Rules\rule700500v1.xml
CreationUtcTime: 2024-08-20 00:14:56.487
User: MY-CALDERA\johnny.douche"
MY-CAL-WIN10.my-caldera.local,11,"File created:
RuleName: DO
UtcTime: 2024-08-20 00:15:04.209
ProcessGuid: {ca24abc9-e006-66c3-fc02-000000001d00}
ProcessId: 9816
Image: C:\Program Files (x86)\Microsoft Office\Root\Office16\WINWORD.EXE
TargetFilename: C:\Users\johnny.douche\AppData\Local\Microsoft\Office\16.0\winword.exe_Rules\rule700501v1.xml
CreationUtcTime: 2024-08-20 00:14:56.489
User: MY-CALDERA\johnny.douche"
MY-CAL-WIN10.my-caldera.local,11,"File created:
RuleName: DO
UtcTime: 2024-08-20 00:15:04.210
ProcessGuid: {ca24abc9-e006-66c3-fc02-000000001d00}
ProcessId: 9816
Image: C:\Program Files (x86)\Microsoft Office\Root\Office16\WINWORD.EXE
TargetFilename: C:\Users\johnny.douche\AppData\Local\Microsoft\Office\16.0\winword.exe_Rules\rule700550v1.xml
CreationUtcTime: 2024-08-20 00:14:56.490
User: MY-CALDERA\johnny.douche"
MY-CAL-WIN10.my-caldera.local,11,"File created:
RuleName: DO
UtcTime: 2024-08-20 00:15:04.211
ProcessGuid: {ca24abc9-e006-66c3-fc02-000000001d00}
ProcessId: 9816
Image: C:\Program Files (x86)\Microsoft Office\Root\Office16\WINWORD.EXE
TargetFilename: C:\Users\johnny.douche\AppData\Local\Microsoft\Office\16.0\winword.exe_Rules\rule700551v1.xml
CreationUtcTime: 2024-08-20 00:14:56.491
User: MY-CALDERA\johnny.douche"
MY-CAL-WIN10.my-caldera.local,11,"File created:
RuleName: DO
UtcTime: 2024-08-20 00:15:04.213
ProcessGuid: {ca24abc9-e006-66c3-fc02-000000001d00}
ProcessId: 9816
Image: C:\Program Files (x86)\Microsoft Office\Root\Office16\WINWORD.EXE
TargetFilename: C:\Users\johnny.douche\AppData\Local\Microsoft\Office\16.0\winword.exe_Rules\rule700600v1.xml
CreationUtcTime: 2024-08-20 00:14:56.493
User: MY-CALDERA\johnny.douche"
MY-CAL-WIN10.my-caldera.local,11,"File created:
RuleName: DO
UtcTime: 2024-08-20 00:15:04.214
ProcessGuid: {ca24abc9-e006-66c3-fc02-000000001d00}
ProcessId: 9816
Image: C:\Program Files (x86)\Microsoft Office\Root\Office16\WINWORD.EXE
TargetFilename: C:\Users\johnny.douche\AppData\Local\Microsoft\Office\16.0\winword.exe_Rules\rule700601v1.xml
CreationUtcTime: 2024-08-20 00:14:56.494
User: MY-CALDERA\johnny.douche"
MY-CAL-WIN10.my-caldera.local,11,"File created:
RuleName: DO
UtcTime: 2024-08-20 00:15:04.215
ProcessGuid: {ca24abc9-e006-66c3-fc02-000000001d00}
ProcessId: 9816
Image: C:\Program Files (x86)\Microsoft Office\Root\Office16\WINWORD.EXE
TargetFilename: C:\Users\johnny.douche\AppData\Local\Microsoft\Office\16.0\winword.exe_Rules\rule700650v1.xml
CreationUtcTime: 2024-08-20 00:14:56.495
User: MY-CALDERA\johnny.douche"
MY-CAL-WIN10.my-caldera.local,11,"File created:
RuleName: DO
UtcTime: 2024-08-20 00:15:04.217
ProcessGuid: {ca24abc9-e006-66c3-fc02-000000001d00}
ProcessId: 9816
Image: C:\Program Files (x86)\Microsoft Office\Root\Office16\WINWORD.EXE
TargetFilename: C:\Users\johnny.douche\AppData\Local\Microsoft\Office\16.0\winword.exe_Rules\rule700651v1.xml
CreationUtcTime: 2024-08-20 00:14:56.497
User: MY-CALDERA\johnny.douche"
MY-CAL-WIN10.my-caldera.local,11,"File created:
RuleName: DO
UtcTime: 2024-08-20 00:15:04.420
ProcessGuid: {ca24abc9-e006-66c3-fc02-000000001d00}
ProcessId: 9816
Image: C:\Program Files (x86)\Microsoft Office\Root\Office16\WINWORD.EXE
TargetFilename: C:\Users\johnny.douche\AppData\Local\Microsoft\Office\16.0\winword.exe_Rules\rule703150v1.xml
CreationUtcTime: 2024-08-20 00:14:56.639
User: MY-CALDERA\johnny.douche"
MY-CAL-WIN10.my-caldera.local,11,"File created:
RuleName: DO
UtcTime: 2024-08-20 00:15:04.495
ProcessGuid: {ca24abc9-e006-66c3-fc02-000000001d00}
ProcessId: 9816
Image: C:\Program Files (x86)\Microsoft Office\Root\Office16\WINWORD.EXE
TargetFilename: C:\Users\johnny.douche\AppData\Local\Microsoft\Office\16.0\winword.exe_Rules\rule880004v0.xml
CreationUtcTime: 2024-08-20 00:15:04.495
User: MY-CALDERA\johnny.douche"
MY-CAL-WIN10.my-caldera.local,11,"File created:
RuleName: DO
UtcTime: 2024-08-20 00:15:04.496
ProcessGuid: {ca24abc9-e006-66c3-fc02-000000001d00}
ProcessId: 9816
Image: C:\Program Files (x86)\Microsoft Office\Root\Office16\WINWORD.EXE
TargetFilename: C:\Users\johnny.douche\AppData\Local\Microsoft\Office\16.0\winword.exe_Rules\rule880005v0.xml
CreationUtcTime: 2024-08-20 00:15:04.496
User: MY-CALDERA\johnny.douche"
MY-CAL-WIN10.my-caldera.local,11,"File created:
RuleName: DO
UtcTime: 2024-08-20 00:15:04.498
ProcessGuid: {ca24abc9-e006-66c3-fc02-000000001d00}
ProcessId: 9816
Image: C:\Program Files (x86)\Microsoft Office\Root\Office16\WINWORD.EXE
TargetFilename: C:\Users\johnny.douche\AppData\Local\Microsoft\Office\16.0\winword.exe_Rules\rule880006v0.xml
CreationUtcTime: 2024-08-20 00:15:04.497
User: MY-CALDERA\johnny.douche"
MY-CAL-WIN10.my-caldera.local,11,"File created:
RuleName: DO
UtcTime: 2024-08-20 00:15:04.500
ProcessGuid: {ca24abc9-e006-66c3-fc02-000000001d00}
ProcessId: 9816
Image: C:\Program Files (x86)\Microsoft Office\Root\Office16\WINWORD.EXE
TargetFilename: C:\Users\johnny.douche\AppData\Local\Microsoft\Office\16.0\winword.exe_Rules\rule880007v2.xml
CreationUtcTime: 2024-08-20 00:15:04.500
User: MY-CALDERA\johnny.douche"
MY-CAL-WIN10.my-caldera.local,11,"File created:
RuleName: DO
UtcTime: 2024-08-20 00:15:04.501
ProcessGuid: {ca24abc9-e006-66c3-fc02-000000001d00}
ProcessId: 9816
Image: C:\Program Files (x86)\Microsoft Office\Root\Office16\WINWORD.EXE
TargetFilename: C:\Users\johnny.douche\AppData\Local\Microsoft\Office\16.0\winword.exe_Rules\rule880008v2.xml
CreationUtcTime: 2024-08-20 00:15:04.501
User: MY-CALDERA\johnny.douche"
MY-CAL-WIN10.my-caldera.local,11,"File created:
RuleName: DO
UtcTime: 2024-08-20 00:15:04.502
ProcessGuid: {ca24abc9-e006-66c3-fc02-000000001d00}
ProcessId: 9816
Image: C:\Program Files (x86)\Microsoft Office\Root\Office16\WINWORD.EXE
TargetFilename: C:\Users\johnny.douche\AppData\Local\Microsoft\Office\16.0\winword.exe_Rules\rule880009v0.xml
CreationUtcTime: 2024-08-20 00:15:04.502
User: MY-CALDERA\johnny.douche"
MY-CAL-WIN10.my-caldera.local,11,"File created:
RuleName: DO
UtcTime: 2024-08-20 00:15:04.486
ProcessGuid: {ca24abc9-e006-66c3-fc02-000000001d00}
ProcessId: 9816
Image: C:\Program Files (x86)\Microsoft Office\Root\Office16\WINWORD.EXE
TargetFilename: C:\Users\johnny.douche\AppData\Local\Microsoft\Office\16.0\winword.exe_Rules\rule840001v0.xml
CreationUtcTime: 2024-08-20 00:15:04.486
User: MY-CALDERA\johnny.douche"
MY-CAL-WIN10.my-caldera.local,11,"File created:
RuleName: DO
UtcTime: 2024-08-20 00:15:04.488
ProcessGuid: {ca24abc9-e006-66c3-fc02-000000001d00}
ProcessId: 9816
Image: C:\Program Files (x86)\Microsoft Office\Root\Office16\WINWORD.EXE
TargetFilename: C:\Users\johnny.douche\AppData\Local\Microsoft\Office\16.0\winword.exe_Rules\rule840002v1.xml
CreationUtcTime: 2024-08-20 00:15:04.488
User: MY-CALDERA\johnny.douche"
MY-CAL-WIN10.my-caldera.local,11,"File created:
RuleName: DO
UtcTime: 2024-08-20 00:15:04.489
ProcessGuid: {ca24abc9-e006-66c3-fc02-000000001d00}
ProcessId: 9816
Image: C:\Program Files (x86)\Microsoft Office\Root\Office16\WINWORD.EXE
TargetFilename: C:\Users\johnny.douche\AppData\Local\Microsoft\Office\16.0\winword.exe_Rules\rule880000v1.xml
CreationUtcTime: 2024-08-20 00:15:04.489
User: MY-CALDERA\johnny.douche"
MY-CAL-WIN10.my-caldera.local,11,"File created:
RuleName: DO
UtcTime: 2024-08-20 00:15:04.491
ProcessGuid: {ca24abc9-e006-66c3-fc02-000000001d00}
ProcessId: 9816
Image: C:\Program Files (x86)\Microsoft Office\Root\Office16\WINWORD.EXE
TargetFilename: C:\Users\johnny.douche\AppData\Local\Microsoft\Office\16.0\winword.exe_Rules\rule880001v1.xml
CreationUtcTime: 2024-08-20 00:15:04.490
User: MY-CALDERA\johnny.douche"
MY-CAL-WIN10.my-caldera.local,11,"File created:
RuleName: DO
UtcTime: 2024-08-20 00:15:04.492
ProcessGuid: {ca24abc9-e006-66c3-fc02-000000001d00}
ProcessId: 9816
Image: C:\Program Files (x86)\Microsoft Office\Root\Office16\WINWORD.EXE
TargetFilename: C:\Users\johnny.douche\AppData\Local\Microsoft\Office\16.0\winword.exe_Rules\rule880002v0.xml
CreationUtcTime: 2024-08-20 00:15:04.492
User: MY-CALDERA\johnny.douche"
MY-CAL-WIN10.my-caldera.local,11,"File created:
RuleName: DO
UtcTime: 2024-08-20 00:15:04.494
ProcessGuid: {ca24abc9-e006-66c3-fc02-000000001d00}
ProcessId: 9816
Image: C:\Program Files (x86)\Microsoft Office\Root\Office16\WINWORD.EXE
TargetFilename: C:\Users\johnny.douche\AppData\Local\Microsoft\Office\16.0\winword.exe_Rules\rule880003v0.xml
CreationUtcTime: 2024-08-20 00:15:04.494
User: MY-CALDERA\johnny.douche"
MY-CAL-WIN10.my-caldera.local,11,"File created:
RuleName: Sysmonv1514
UtcTime: 2024-08-20 00:15:18.759
ProcessGuid: {ca24abc9-d6b1-66c3-ba00-000000001d00}
ProcessId: 6760
Image: C:\Program Files\WinlogBeat\winlogbeat.exe
TargetFilename: C:\ProgramData\winlogbeat\.winlogbeat.yml.new
CreationUtcTime: 2024-08-20 00:11:02.025
User: NT AUTHORITY\SYSTEM"
MY-CAL-WIN10.my-caldera.local,11,"File created:
RuleName: Sysmonv1514
UtcTime: 2024-08-20 00:16:24.377
ProcessGuid: {ca24abc9-d6b1-66c3-ba00-000000001d00}
ProcessId: 6760
Image: C:\Program Files\WinlogBeat\winlogbeat.exe
TargetFilename: C:\ProgramData\winlogbeat\.winlogbeat.yml.new
CreationUtcTime: 2024-08-20 00:11:02.025
User: NT AUTHORITY\SYSTEM"
MY-CAL-WIN10.my-caldera.local,11,"File created:
RuleName: DO
UtcTime: 2024-08-20 00:17:10.864
ProcessGuid: {ca24abc9-e086-66c3-0703-000000001d00}
ProcessId: 10624
Image: C:\Windows\System32\WindowsPowerShell\v1.0\powershell.exe
TargetFilename: C:\Users\johnny.douche\AppData\Local\Microsoft\Windows\PowerShell\StartupProfileData-NonInteractive
CreationUtcTime: 2024-03-28 01:06:06.420
User: MY-CALDERA\johnny.douche"
MY-CAL-WIN10.my-caldera.local,11,"File created:
RuleName: Sysmonv1514
UtcTime: 2024-08-20 00:17:11.731
ProcessGuid: {ca24abc9-e086-66c3-0803-000000001d00}
ProcessId: 9816
Image: C:\Windows\System32\WindowsPowerShell\v1.0\powershell.exe
TargetFilename: C:\AtomicRedTeam\ExternalPayloads\SharpHound.ps1
CreationUtcTime: 2024-08-20 00:17:11.730
User: MY-CALDERA\johnny.douche"
MY-CAL-WIN10.my-caldera.local,11,"File created:
RuleName: DO
UtcTime: 2024-08-20 00:18:19.606
ProcessGuid: {ca24abc9-e08f-66c3-0d03-000000001d00}
ProcessId: 6380
Image: C:\Windows\System32\WindowsPowerShell\v1.0\powershell.exe
TargetFilename: C:\Users\johnny.douche\AppData\Local\Microsoft\Windows\PowerShell\StartupProfileData-NonInteractive
CreationUtcTime: 2024-03-28 01:06:06.420
User: MY-CALDERA\johnny.douche"
MY-CAL-WIN10.my-caldera.local,11,"File created:
RuleName: Sysmonv1514
UtcTime: 2024-08-20 00:18:19.584
ProcessGuid: {ca24abc9-d6b1-66c3-ba00-000000001d00}
ProcessId: 6760
Image: C:\Program Files\WinlogBeat\winlogbeat.exe
TargetFilename: C:\ProgramData\winlogbeat\.winlogbeat.yml.new
CreationUtcTime: 2024-08-20 00:11:02.025
User: NT AUTHORITY\SYSTEM"
MY-CAL-WIN10.my-caldera.local,11,"File created:
RuleName: DO
UtcTime: 2024-08-20 00:18:50.135
ProcessGuid: {ca24abc9-e0dd-66c3-2203-000000001d00}
ProcessId: 10900
Image: C:\Windows\System32\WindowsPowerShell\v1.0\powershell.exe
TargetFilename: C:\Users\johnny.douche\AppData\Local\Temp\Microsoft.PackageManagement\gbpoqntp.gk1
CreationUtcTime: 2024-08-20 00:18:38.997
User: MY-CALDERA\johnny.douche"
MY-CAL-WIN10.my-caldera.local,11,"File created:
RuleName: Sysmonv1514
UtcTime: 2024-08-20 00:18:49.845
ProcessGuid: {ca24abc9-d6b1-66c3-ba00-000000001d00}
ProcessId: 6760
Image: C:\Program Files\WinlogBeat\winlogbeat.exe
TargetFilename: C:\ProgramData\winlogbeat\.winlogbeat.yml.new
CreationUtcTime: 2024-08-20 00:11:02.025
User: NT AUTHORITY\SYSTEM"
MY-CAL-WIN10.my-caldera.local,11,"File created:
RuleName: DO
UtcTime: 2024-08-20 00:18:50.126
ProcessGuid: {ca24abc9-e0dd-66c3-2203-000000001d00}
ProcessId: 10900
Image: C:\Windows\System32\WindowsPowerShell\v1.0\powershell.exe
TargetFilename: C:\Users\johnny.douche\AppData\Local\Temp\Microsoft.PackageManagement\gbpoqntp.gk1
CreationUtcTime: 2024-08-20 00:18:38.997
User: MY-CALDERA\johnny.douche"
MY-CAL-WIN10.my-caldera.local,11,"File created:
RuleName: DO
UtcTime: 2024-08-20 00:18:57.563
ProcessGuid: {ca24abc9-e0f0-66c3-2f03-000000001d00}
ProcessId: 11172
Image: C:\Windows\System32\WindowsPowerShell\v1.0\powershell.exe
TargetFilename: C:\Users\johnny.douche\AppData\Local\Temp\vm0gdapf
CreationUtcTime: 2024-08-20 00:18:57.563
User: MY-CALDERA\johnny.douche"
MY-CAL-WIN10.my-caldera.local,11,"File created:
RuleName: DO
UtcTime: 2024-08-20 00:18:57.721
ProcessGuid: {ca24abc9-e0f1-66c3-3103-000000001d00}
ProcessId: 10564
Image: C:\Windows\Microsoft.NET\Framework64\v4.0.30319\csc.exe
TargetFilename: C:\Users\johnny.douche\AppData\Local\Temp\vm0gdapf\CSC51F02686A32E4435B396A7EEBD6F5850.TMP
CreationUtcTime: 2024-08-20 00:18:57.721
User: MY-CALDERA\johnny.douche"
MY-CAL-WIN10.my-caldera.local,11,"File created:
RuleName: DO
UtcTime: 2024-08-20 00:18:57.723
ProcessGuid: {ca24abc9-e0f1-66c3-3103-000000001d00}
ProcessId: 10564
Image: C:\Windows\Microsoft.NET\Framework64\v4.0.30319\csc.exe
TargetFilename: C:\Users\JOHNNY~1.DOU\AppData\Local\Temp\RESBF5C.tmp
CreationUtcTime: 2024-08-20 00:18:57.723
User: MY-CALDERA\johnny.douche"
MY-CAL-WIN10.my-caldera.local,11,"File created:
RuleName: DLL
UtcTime: 2024-08-20 00:18:57.756
ProcessGuid: {ca24abc9-e0f1-66c3-3103-000000001d00}
ProcessId: 10564
Image: C:\Windows\Microsoft.NET\Framework64\v4.0.30319\csc.exe
TargetFilename: C:\Users\johnny.douche\AppData\Local\Temp\vm0gdapf\vm0gdapf.dll
CreationUtcTime: 2024-08-20 00:18:57.567
User: MY-CALDERA\johnny.douche"
MY-CAL-WIN10.my-caldera.local,11,"File created:
RuleName: DO
UtcTime: 2024-08-20 00:18:57.565
ProcessGuid: {ca24abc9-e0f0-66c3-2f03-000000001d00}
ProcessId: 11172
Image: C:\Windows\System32\WindowsPowerShell\v1.0\powershell.exe
TargetFilename: C:\Users\johnny.douche\AppData\Local\Temp\vm0gdapf\vm0gdapf.0.cs
CreationUtcTime: 2024-08-20 00:18:57.565
User: MY-CALDERA\johnny.douche"
MY-CAL-WIN10.my-caldera.local,11,"File created:
RuleName: DO
UtcTime: 2024-08-20 00:18:57.573
ProcessGuid: {ca24abc9-e0f0-66c3-2f03-000000001d00}
ProcessId: 11172
Image: C:\Windows\System32\WindowsPowerShell\v1.0\powershell.exe
TargetFilename: C:\Users\johnny.douche\AppData\Local\Temp\vm0gdapf\vm0gdapf.out
CreationUtcTime: 2024-08-20 00:18:57.570
User: MY-CALDERA\johnny.douche"
MY-CAL-WIN10.my-caldera.local,11,"File created:
RuleName: Sysmonv1514
UtcTime: 2024-08-20 00:18:57.568
ProcessGuid: {ca24abc9-e0f0-66c3-2f03-000000001d00}
ProcessId: 11172
Image: C:\Windows\System32\WindowsPowerShell\v1.0\powershell.exe
TargetFilename: C:\Users\johnny.douche\AppData\Local\Temp\vm0gdapf\vm0gdapf.cmdline
CreationUtcTime: 2024-08-20 00:18:57.568
User: MY-CALDERA\johnny.douche"
MY-CAL-WIN10.my-caldera.local,11,"File created:
RuleName: DO
UtcTime: 2024-08-20 00:18:57.748
ProcessGuid: {ca24abc9-e0f1-66c3-3203-000000001d00}
ProcessId: 1972
Image: C:\Windows\Microsoft.NET\Framework64\v4.0.30319\cvtres.exe
TargetFilename: C:\Users\JOHNNY~1.DOU\AppData\Local\Temp\RESBF5C.tmp
CreationUtcTime: 2024-08-20 00:18:57.723
User: MY-CALDERA\johnny.douche"
MY-CAL-WIN10.my-caldera.local,11,"File created:
RuleName: DO
UtcTime: 2024-08-20 00:18:58.492
ProcessGuid: {ca24abc9-e0f0-66c3-2f03-000000001d00}
ProcessId: 11172
Image: C:\Windows\System32\WindowsPowerShell\v1.0\powershell.exe
TargetFilename: C:\Users\johnny.douche\AppData\Local\Temp\Microsoft.PackageManagement\tlsr3gqp.fay
CreationUtcTime: 2024-08-20 00:18:58.491
User: MY-CALDERA\johnny.douche"
MY-CAL-WIN10.my-caldera.local,11,"File created:
RuleName: DO
UtcTime: 2024-08-20 00:18:57.564
ProcessGuid: {ca24abc9-e0f0-66c3-2f03-000000001d00}
ProcessId: 11172
Image: C:\Windows\System32\WindowsPowerShell\v1.0\powershell.exe
TargetFilename: C:\Users\johnny.douche\AppData\Local\Temp\vm0gdapf\vm0gdapf.tmp
CreationUtcTime: 2024-08-20 00:18:57.564
User: MY-CALDERA\johnny.douche"
MY-CAL-WIN10.my-caldera.local,11,"File created:
RuleName: DLL
UtcTime: 2024-08-20 00:18:57.567
ProcessGuid: {ca24abc9-e0f0-66c3-2f03-000000001d00}
ProcessId: 11172
Image: C:\Windows\System32\WindowsPowerShell\v1.0\powershell.exe
TargetFilename: C:\Users\johnny.douche\AppData\Local\Temp\vm0gdapf\vm0gdapf.dll
CreationUtcTime: 2024-08-20 00:18:57.567
User: MY-CALDERA\johnny.douche"
MY-CAL-WIN10.my-caldera.local,11,"File created:
RuleName: DO
UtcTime: 2024-08-20 00:18:57.574
ProcessGuid: {ca24abc9-e0f0-66c3-2f03-000000001d00}
ProcessId: 11172
Image: C:\Windows\System32\WindowsPowerShell\v1.0\powershell.exe
TargetFilename: C:\Users\johnny.douche\AppData\Local\Temp\vm0gdapf\vm0gdapf.err
CreationUtcTime: 2024-08-20 00:18:57.573
User: MY-CALDERA\johnny.douche"
MY-CAL-WIN10.my-caldera.local,11,"File created:
RuleName: Sysmonv1514
UtcTime: 2024-08-20 00:19:09.105
ProcessGuid: {ca24abc9-d6b1-66c3-ba00-000000001d00}
ProcessId: 6760
Image: C:\Program Files\WinlogBeat\winlogbeat.exe
TargetFilename: C:\ProgramData\winlogbeat\.winlogbeat.yml.new
CreationUtcTime: 2024-08-20 00:11:02.025
User: NT AUTHORITY\SYSTEM"
MY-CAL-WIN10.my-caldera.local,11,"File created:
RuleName: DO
UtcTime: 2024-08-20 00:19:18.643
ProcessGuid: {ca24abc9-e104-66c3-3f03-000000001d00}
ProcessId: 9620
Image: C:\Program Files (x86)\Microsoft Office\Root\Office16\WINWORD.EXE
TargetFilename: C:\Users\JOHNNY~1.DOU\AppData\Local\Temp\{477B6A99-148D-4FA3-98BD-A5F671E4B3DE} - OProcSessId.dat
CreationUtcTime: 2024-08-20 00:19:18.643
User: MY-CALDERA\johnny.douche"
MY-CAL-WIN10.my-caldera.local,11,"File created:
RuleName: Sysmonv1514
UtcTime: 2024-08-20 00:19:19.132
ProcessGuid: {ca24abc9-d6b1-66c3-ba00-000000001d00}
ProcessId: 6760
Image: C:\Program Files\WinlogBeat\winlogbeat.exe
TargetFilename: C:\ProgramData\winlogbeat\.winlogbeat.yml.new
CreationUtcTime: 2024-08-20 00:11:02.025
User: NT AUTHORITY\SYSTEM"
MY-CAL-WIN10.my-caldera.local,11,"File created:
RuleName: DO
UtcTime: 2024-08-20 00:19:19.174
ProcessGuid: {ca24abc9-e104-66c3-3f03-000000001d00}
ProcessId: 9620
Image: C:\Program Files (x86)\Microsoft Office\Root\Office16\WINWORD.EXE
TargetFilename: C:\Users\JOHNNY~1.DOU\AppData\Local\Temp\Diagnostics\WINWORD\Primary1724113159173493500_477B6A99-148D-4FA3-98BD-A5F671E4B3DE.log
CreationUtcTime: 2024-08-20 00:19:19.173
User: MY-CALDERA\johnny.douche"
MY-CAL-WIN10.my-caldera.local,11,"File created:
RuleName: DO
UtcTime: 2024-08-20 00:19:19.175
ProcessGuid: {ca24abc9-e104-66c3-3f03-000000001d00}
ProcessId: 9620
Image: C:\Program Files (x86)\Microsoft Office\Root\Office16\WINWORD.EXE
TargetFilename: C:\Users\JOHNNY~1.DOU\AppData\Local\Temp\Diagnostics\WINWORD\Primary1724113159174513000_477B6A99-148D-4FA3-98BD-A5F671E4B3DE.log
CreationUtcTime: 2024-08-20 00:19:19.174
User: MY-CALDERA\johnny.douche"
MY-CAL-WIN10.my-caldera.local,11,"File created:
RuleName: DO
UtcTime: 2024-08-20 00:19:19.179
ProcessGuid: {ca24abc9-e104-66c3-3f03-000000001d00}
ProcessId: 9620
Image: C:\Program Files (x86)\Microsoft Office\Root\Office16\WINWORD.EXE
TargetFilename: C:\Users\JOHNNY~1.DOU\AppData\Local\Temp\Diagnostics\WINWORD\Additional\Additional1724113159178992200_477B6A99-148D-4FA3-98BD-A5F671E4B3DE.log
CreationUtcTime: 2024-08-20 00:19:19.179
User: MY-CALDERA\johnny.douche"
MY-CAL-WIN10.my-caldera.local,11,"File created:
RuleName: DO
UtcTime: 2024-08-20 00:19:19.180
ProcessGuid: {ca24abc9-e104-66c3-3f03-000000001d00}
ProcessId: 9620
Image: C:\Program Files (x86)\Microsoft Office\Root\Office16\WINWORD.EXE
TargetFilename: C:\Users\JOHNNY~1.DOU\AppData\Local\Temp\Diagnostics\WINWORD\Additional\Additional1724113159180105900_477B6A99-148D-4FA3-98BD-A5F671E4B3DE.log
CreationUtcTime: 2024-08-20 00:19:19.180
User: MY-CALDERA\johnny.douche"
MY-CAL-WIN10.my-caldera.local,11,"File created:
RuleName: DO
UtcTime: 2024-08-20 00:19:19.358
ProcessGuid: {ca24abc9-e104-66c3-3f03-000000001d00}
ProcessId: 9620
Image: C:\Program Files (x86)\Microsoft Office\Root\Office16\WINWORD.EXE
TargetFilename: C:\Users\JOHNNY~1.DOU\AppData\Local\Temp\{1202296B-03D5-4A39-84F1-F699DC1A2DC9}
CreationUtcTime: 2024-08-20 00:19:19.358
User: MY-CALDERA\johnny.douche"
MY-CAL-WIN10.my-caldera.local,11,"File created:
RuleName: DO
UtcTime: 2024-08-20 00:19:19.719
ProcessGuid: {ca24abc9-e104-66c3-3f03-000000001d00}
ProcessId: 9620
Image: C:\Program Files (x86)\Microsoft Office\Root\Office16\WINWORD.EXE
TargetFilename: C:\Users\johnny.douche\AppData\Local\Microsoft\FontCache\4\CatalogCacheMetaData2.xml
CreationUtcTime: 2024-08-20 00:14:38.197
User: MY-CALDERA\johnny.douche"
MY-CAL-WIN10.my-caldera.local,11,"File created:
RuleName: DO
UtcTime: 2024-08-20 00:19:19.721
ProcessGuid: {ca24abc9-e104-66c3-3f03-000000001d00}
ProcessId: 9620
Image: C:\Program Files (x86)\Microsoft Office\Root\Office16\WINWORD.EXE
TargetFilename: C:\Users\johnny.douche\AppData\Local\Microsoft\FontCache\4\CatalogCacheMetaData2.xml
CreationUtcTime: 2024-08-20 00:14:38.197
User: MY-CALDERA\johnny.douche"
MY-CAL-WIN10.my-caldera.local,11,"File created:
RuleName: DO
UtcTime: 2024-08-20 00:19:19.723
ProcessGuid: {ca24abc9-e104-66c3-3f03-000000001d00}
ProcessId: 9620
Image: C:\Program Files (x86)\Microsoft Office\Root\Office16\WINWORD.EXE
TargetFilename: C:\Users\johnny.douche\AppData\Local\Microsoft\FontCache\4\CatalogCacheMetaData2.xml
CreationUtcTime: 2024-08-20 00:14:38.197
User: MY-CALDERA\johnny.douche"
MY-CAL-WIN10.my-caldera.local,11,"File created:
RuleName: DO
UtcTime: 2024-08-20 00:19:19.725
ProcessGuid: {ca24abc9-e104-66c3-3f03-000000001d00}
ProcessId: 9620
Image: C:\Program Files (x86)\Microsoft Office\Root\Office16\WINWORD.EXE
TargetFilename: C:\Users\johnny.douche\AppData\Local\Microsoft\FontCache\4\CatalogCacheMetaData2.xml
CreationUtcTime: 2024-08-20 00:14:38.197
User: MY-CALDERA\johnny.douche"
MY-CAL-WIN10.my-caldera.local,11,"File created:
RuleName: DO
UtcTime: 2024-08-20 00:19:19.727
ProcessGuid: {ca24abc9-e104-66c3-3f03-000000001d00}
ProcessId: 9620
Image: C:\Program Files (x86)\Microsoft Office\Root\Office16\WINWORD.EXE
TargetFilename: C:\Users\johnny.douche\AppData\Local\Microsoft\FontCache\4\CatalogCacheMetaData2.xml
CreationUtcTime: 2024-08-20 00:14:38.197
User: MY-CALDERA\johnny.douche"
MY-CAL-WIN10.my-caldera.local,11,"File created:
RuleName: DO
UtcTime: 2024-08-20 00:19:19.730
ProcessGuid: {ca24abc9-e104-66c3-3f03-000000001d00}
ProcessId: 9620
Image: C:\Program Files (x86)\Microsoft Office\Root\Office16\WINWORD.EXE
TargetFilename: C:\Users\johnny.douche\AppData\Local\Microsoft\FontCache\4\CatalogCacheMetaData2.xml
CreationUtcTime: 2024-08-20 00:14:38.197
User: MY-CALDERA\johnny.douche"
MY-CAL-WIN10.my-caldera.local,11,"File created:
RuleName: DO
UtcTime: 2024-08-20 00:19:19.732
ProcessGuid: {ca24abc9-e104-66c3-3f03-000000001d00}
ProcessId: 9620
Image: C:\Program Files (x86)\Microsoft Office\Root\Office16\WINWORD.EXE
TargetFilename: C:\Users\johnny.douche\AppData\Local\Microsoft\FontCache\4\CatalogCacheMetaData2.xml
CreationUtcTime: 2024-08-20 00:14:38.197
User: MY-CALDERA\johnny.douche"
MY-CAL-WIN10.my-caldera.local,11,"File created:
RuleName: DO
UtcTime: 2024-08-20 00:19:19.734
ProcessGuid: {ca24abc9-e104-66c3-3f03-000000001d00}
ProcessId: 9620
Image: C:\Program Files (x86)\Microsoft Office\Root\Office16\WINWORD.EXE
TargetFilename: C:\Users\johnny.douche\AppData\Local\Microsoft\FontCache\4\CatalogCacheMetaData2.xml
CreationUtcTime: 2024-08-20 00:14:38.197
User: MY-CALDERA\johnny.douche"
MY-CAL-WIN10.my-caldera.local,11,"File created:
RuleName: DO
UtcTime: 2024-08-20 00:19:19.736
ProcessGuid: {ca24abc9-e104-66c3-3f03-000000001d00}
ProcessId: 9620
Image: C:\Program Files (x86)\Microsoft Office\Root\Office16\WINWORD.EXE
TargetFilename: C:\Users\johnny.douche\AppData\Local\Microsoft\FontCache\4\CatalogCacheMetaData2.xml
CreationUtcTime: 2024-08-20 00:14:38.197
User: MY-CALDERA\johnny.douche"
MY-CAL-WIN10.my-caldera.local,11,"File created:
RuleName: DO
UtcTime: 2024-08-20 00:19:19.738
ProcessGuid: {ca24abc9-e104-66c3-3f03-000000001d00}
ProcessId: 9620
Image: C:\Program Files (x86)\Microsoft Office\Root\Office16\WINWORD.EXE
TargetFilename: C:\Users\johnny.douche\AppData\Local\Microsoft\FontCache\4\CatalogCacheMetaData2.xml
CreationUtcTime: 2024-08-20 00:14:38.197
User: MY-CALDERA\johnny.douche"
MY-CAL-WIN10.my-caldera.local,11,"File created:
RuleName: DO
UtcTime: 2024-08-20 00:19:19.741
ProcessGuid: {ca24abc9-e104-66c3-3f03-000000001d00}
ProcessId: 9620
Image: C:\Program Files (x86)\Microsoft Office\Root\Office16\WINWORD.EXE
TargetFilename: C:\Users\johnny.douche\AppData\Local\Microsoft\FontCache\4\CatalogCacheMetaData2.xml
CreationUtcTime: 2024-08-20 00:14:38.197
User: MY-CALDERA\johnny.douche"
MY-CAL-WIN10.my-caldera.local,11,"File created:
RuleName: DO
UtcTime: 2024-08-20 00:19:19.743
ProcessGuid: {ca24abc9-e104-66c3-3f03-000000001d00}
ProcessId: 9620
Image: C:\Program Files (x86)\Microsoft Office\Root\Office16\WINWORD.EXE
TargetFilename: C:\Users\johnny.douche\AppData\Local\Microsoft\FontCache\4\CatalogCacheMetaData2.xml
CreationUtcTime: 2024-08-20 00:14:38.197
User: MY-CALDERA\johnny.douche"
MY-CAL-WIN10.my-caldera.local,11,"File created:
RuleName: DO
UtcTime: 2024-08-20 00:19:21.478
ProcessGuid: {ca24abc9-e104-66c3-3e03-000000001d00}
ProcessId: 10700
Image: C:\Windows\System32\WindowsPowerShell\v1.0\powershell.exe
TargetFilename: C:\Users\johnny.douche\AppData\Local\Microsoft\Windows\PowerShell\StartupProfileData-NonInteractive
CreationUtcTime: 2024-03-28 01:06:06.420
User: MY-CALDERA\johnny.douche"
MY-CAL-WIN10.my-caldera.local,11,"File created:
RuleName: DO
UtcTime: 2024-08-20 00:19:19.745
ProcessGuid: {ca24abc9-e104-66c3-3f03-000000001d00}
ProcessId: 9620
Image: C:\Program Files (x86)\Microsoft Office\Root\Office16\WINWORD.EXE
TargetFilename: C:\Users\johnny.douche\AppData\Local\Microsoft\FontCache\4\CatalogCacheMetaData2.xml
CreationUtcTime: 2024-08-20 00:14:38.197
User: MY-CALDERA\johnny.douche"
MY-CAL-WIN10.my-caldera.local,11,"File created:
RuleName: DO
UtcTime: 2024-08-20 00:19:19.747
ProcessGuid: {ca24abc9-e104-66c3-3f03-000000001d00}
ProcessId: 9620
Image: C:\Program Files (x86)\Microsoft Office\Root\Office16\WINWORD.EXE
TargetFilename: C:\Users\johnny.douche\AppData\Local\Microsoft\FontCache\4\CatalogCacheMetaData2.xml
CreationUtcTime: 2024-08-20 00:14:38.197
User: MY-CALDERA\johnny.douche"
MY-CAL-WIN10.my-caldera.local,11,"File created:
RuleName: DO
UtcTime: 2024-08-20 00:19:19.750
ProcessGuid: {ca24abc9-e104-66c3-3f03-000000001d00}
ProcessId: 9620
Image: C:\Program Files (x86)\Microsoft Office\Root\Office16\WINWORD.EXE
TargetFilename: C:\Users\johnny.douche\AppData\Local\Microsoft\FontCache\4\CatalogCacheMetaData2.xml
CreationUtcTime: 2024-08-20 00:14:38.197
User: MY-CALDERA\johnny.douche"
MY-CAL-WIN10.my-caldera.local,11,"File created:
RuleName: DO
UtcTime: 2024-08-20 00:19:19.753
ProcessGuid: {ca24abc9-e104-66c3-3f03-000000001d00}
ProcessId: 9620
Image: C:\Program Files (x86)\Microsoft Office\Root\Office16\WINWORD.EXE
TargetFilename: C:\Users\johnny.douche\AppData\Local\Microsoft\FontCache\4\CatalogCacheMetaData2.xml
CreationUtcTime: 2024-08-20 00:14:38.197
User: MY-CALDERA\johnny.douche"
MY-CAL-WIN10.my-caldera.local,11,"File created:
RuleName: DO
UtcTime: 2024-08-20 00:19:19.755
ProcessGuid: {ca24abc9-e104-66c3-3f03-000000001d00}
ProcessId: 9620
Image: C:\Program Files (x86)\Microsoft Office\Root\Office16\WINWORD.EXE
TargetFilename: C:\Users\johnny.douche\AppData\Local\Microsoft\FontCache\4\CatalogCacheMetaData2.xml
CreationUtcTime: 2024-08-20 00:14:38.197
User: MY-CALDERA\johnny.douche"
MY-CAL-WIN10.my-caldera.local,11,"File created:
RuleName: DO
UtcTime: 2024-08-20 00:19:19.758
ProcessGuid: {ca24abc9-e104-66c3-3f03-000000001d00}
ProcessId: 9620
Image: C:\Program Files (x86)\Microsoft Office\Root\Office16\WINWORD.EXE
TargetFilename: C:\Users\johnny.douche\AppData\Local\Microsoft\FontCache\4\CatalogCacheMetaData2.xml
CreationUtcTime: 2024-08-20 00:14:38.197
User: MY-CALDERA\johnny.douche"
MY-CAL-WIN10.my-caldera.local,11,"File created:
RuleName: DO
UtcTime: 2024-08-20 00:19:19.760
ProcessGuid: {ca24abc9-e104-66c3-3f03-000000001d00}
ProcessId: 9620
Image: C:\Program Files (x86)\Microsoft Office\Root\Office16\WINWORD.EXE
TargetFilename: C:\Users\johnny.douche\AppData\Local\Microsoft\FontCache\4\CatalogCacheMetaData2.xml
CreationUtcTime: 2024-08-20 00:14:38.197
User: MY-CALDERA\johnny.douche"
MY-CAL-WIN10.my-caldera.local,11,"File created:
RuleName: DO
UtcTime: 2024-08-20 00:19:19.763
ProcessGuid: {ca24abc9-e104-66c3-3f03-000000001d00}
ProcessId: 9620
Image: C:\Program Files (x86)\Microsoft Office\Root\Office16\WINWORD.EXE
TargetFilename: C:\Users\johnny.douche\AppData\Local\Microsoft\FontCache\4\CatalogCacheMetaData2.xml
CreationUtcTime: 2024-08-20 00:14:38.197
User: MY-CALDERA\johnny.douche"
MY-CAL-WIN10.my-caldera.local,11,"File created:
RuleName: DO
UtcTime: 2024-08-20 00:19:19.765
ProcessGuid: {ca24abc9-e104-66c3-3f03-000000001d00}
ProcessId: 9620
Image: C:\Program Files (x86)\Microsoft Office\Root\Office16\WINWORD.EXE
TargetFilename: C:\Users\johnny.douche\AppData\Local\Microsoft\FontCache\4\CatalogCacheMetaData2.xml
CreationUtcTime: 2024-08-20 00:14:38.197
User: MY-CALDERA\johnny.douche"
MY-CAL-WIN10.my-caldera.local,11,"File created:
RuleName: DO
UtcTime: 2024-08-20 00:19:19.768
ProcessGuid: {ca24abc9-e104-66c3-3f03-000000001d00}
ProcessId: 9620
Image: C:\Program Files (x86)\Microsoft Office\Root\Office16\WINWORD.EXE
TargetFilename: C:\Users\johnny.douche\AppData\Local\Microsoft\FontCache\4\CatalogCacheMetaData2.xml
CreationUtcTime: 2024-08-20 00:14:38.197
User: MY-CALDERA\johnny.douche"
MY-CAL-WIN10.my-caldera.local,11,"File created:
RuleName: DO
UtcTime: 2024-08-20 00:19:19.771
ProcessGuid: {ca24abc9-e104-66c3-3f03-000000001d00}
ProcessId: 9620
Image: C:\Program Files (x86)\Microsoft Office\Root\Office16\WINWORD.EXE
TargetFilename: C:\Users\johnny.douche\AppData\Local\Microsoft\FontCache\4\CatalogCacheMetaData2.xml
CreationUtcTime: 2024-08-20 00:14:38.197
User: MY-CALDERA\johnny.douche"
MY-CAL-WIN10.my-caldera.local,11,"File created:
RuleName: DO
UtcTime: 2024-08-20 00:19:19.773
ProcessGuid: {ca24abc9-e104-66c3-3f03-000000001d00}
ProcessId: 9620
Image: C:\Program Files (x86)\Microsoft Office\Root\Office16\WINWORD.EXE
TargetFilename: C:\Users\johnny.douche\AppData\Local\Microsoft\FontCache\4\CatalogCacheMetaData2.xml
CreationUtcTime: 2024-08-20 00:14:38.197
User: MY-CALDERA\johnny.douche"
MY-CAL-WIN10.my-caldera.local,11,"File created:
RuleName: DO
UtcTime: 2024-08-20 00:19:20.390
ProcessGuid: {ca24abc9-e104-66c3-3f03-000000001d00}
ProcessId: 9620
Image: C:\Program Files (x86)\Microsoft Office\Root\Office16\WINWORD.EXE
TargetFilename: C:\Users\johnny.douche\AppData\Local\Microsoft\Office\16.0\winword.exe_Rules.xml
CreationUtcTime: 2024-08-20 00:19:20.390
User: MY-CALDERA\johnny.douche"
MY-CAL-WIN10.my-caldera.local,11,"File created:
RuleName: DO
UtcTime: 2024-08-20 00:19:30.075
ProcessGuid: {ca24abc9-e111-66c3-4b03-000000001d00}
ProcessId: 7764
Image: C:\Windows\System32\WindowsPowerShell\v1.0\powershell.exe
TargetFilename: C:\Users\johnny.douche\AppData\Local\Microsoft\Windows\PowerShell\StartupProfileData-NonInteractive
CreationUtcTime: 2024-03-28 01:06:06.420
User: MY-CALDERA\johnny.douche"
MY-CAL-WIN10.my-caldera.local,11,"File created:
RuleName: DO
UtcTime: 2024-08-20 00:19:29.618
ProcessGuid: {ca24abc9-e111-66c3-4a03-000000001d00}
ProcessId: 10736
Image: C:\Windows\System32\WindowsPowerShell\v1.0\powershell.exe
TargetFilename: C:\Users\johnny.douche\AppData\Local\Microsoft\Windows\PowerShell\StartupProfileData-NonInteractive
CreationUtcTime: 2024-03-28 01:06:06.420
User: MY-CALDERA\johnny.douche"
MY-CAL-WIN10.my-caldera.local,11,"File created:
RuleName: DO
UtcTime: 2024-08-20 00:19:49.176
ProcessGuid: {ca24abc9-e124-66c3-6e03-000000001d00}
ProcessId: 9404
Image: C:\Windows\System32\WindowsPowerShell\v1.0\powershell.exe
TargetFilename: C:\Users\johnny.douche\AppData\Local\Microsoft\Windows\PowerShell\StartupProfileData-NonInteractive
CreationUtcTime: 2024-03-28 01:06:06.420
User: MY-CALDERA\johnny.douche"
MY-CAL-WIN10.my-caldera.local,11,"File created:
RuleName: Sysmonv1514
UtcTime: 2024-08-20 00:20:23.243
ProcessGuid: {ca24abc9-d6b1-66c3-ba00-000000001d00}
ProcessId: 6760
Image: C:\Program Files\WinlogBeat\winlogbeat.exe
TargetFilename: C:\ProgramData\winlogbeat\.winlogbeat.yml.new
CreationUtcTime: 2024-08-20 00:11:02.025
User: NT AUTHORITY\SYSTEM"
MY-CAL-WIN10.my-caldera.local,11,"File created:
RuleName: DO
UtcTime: 2024-08-20 00:20:46.958
ProcessGuid: {ca24abc9-e15e-66c3-9603-000000001d00}
ProcessId: 7000
Image: C:\Windows\Microsoft.NET\Framework64\v4.0.30319\csc.exe
TargetFilename: C:\Users\johnny.douche\AppData\Local\Temp\ybtb0ufq\CSC67342CA49C24D35A13C8CFCC8CF6095.TMP
CreationUtcTime: 2024-08-20 00:20:46.957
User: MY-CALDERA\johnny.douche"
MY-CAL-WIN10.my-caldera.local,11,"File created:
RuleName: DO
UtcTime: 2024-08-20 00:20:46.960
ProcessGuid: {ca24abc9-e15e-66c3-9603-000000001d00}
ProcessId: 7000
Image: C:\Windows\Microsoft.NET\Framework64\v4.0.30319\csc.exe
TargetFilename: C:\Users\JOHNNY~1.DOU\AppData\Local\Temp\RES6A0E.tmp
CreationUtcTime: 2024-08-20 00:20:46.959
User: MY-CALDERA\johnny.douche"
MY-CAL-WIN10.my-caldera.local,11,"File created:
RuleName: DO
UtcTime: 2024-08-20 00:20:46.984
ProcessGuid: {ca24abc9-e15e-66c3-9703-000000001d00}
ProcessId: 9220
Image: C:\Windows\Microsoft.NET\Framework64\v4.0.30319\cvtres.exe
TargetFilename: C:\Users\JOHNNY~1.DOU\AppData\Local\Temp\RES6A0E.tmp
CreationUtcTime: 2024-08-20 00:20:46.959
User: MY-CALDERA\johnny.douche"
MY-CAL-WIN10.my-caldera.local,11,"File created:
RuleName: DLL
UtcTime: 2024-08-20 00:20:46.994
ProcessGuid: {ca24abc9-e15e-66c3-9603-000000001d00}
ProcessId: 7000
Image: C:\Windows\Microsoft.NET\Framework64\v4.0.30319\csc.exe
TargetFilename: C:\Users\johnny.douche\AppData\Local\Temp\ybtb0ufq\ybtb0ufq.dll
CreationUtcTime: 2024-08-20 00:20:46.810
User: MY-CALDERA\johnny.douche"
MY-CAL-WIN10.my-caldera.local,11,"File created:
RuleName: DO
UtcTime: 2024-08-20 00:20:47.722
ProcessGuid: {ca24abc9-e15d-66c3-9403-000000001d00}
ProcessId: 9512
Image: C:\Windows\System32\WindowsPowerShell\v1.0\powershell.exe
TargetFilename: C:\Users\johnny.douche\AppData\Local\Temp\Microsoft.PackageManagement\jpiwyvq3.c4r
CreationUtcTime: 2024-08-20 00:20:47.722
User: MY-CALDERA\johnny.douche"
MY-CAL-WIN10.my-caldera.local,11,"File created:
RuleName: DO
UtcTime: 2024-08-20 00:20:47.759
ProcessGuid: {ca24abc9-e15d-66c3-9403-000000001d00}
ProcessId: 9512
Image: C:\Windows\System32\WindowsPowerShell\v1.0\powershell.exe
TargetFilename: C:\Users\johnny.douche\AppData\Local\Temp\Microsoft.PackageManagement\jpiwyvq3.c4r
CreationUtcTime: 2024-08-20 00:20:47.722
User: MY-CALDERA\johnny.douche"
MY-CAL-WIN10.my-caldera.local,11,"File created:
RuleName: DO
UtcTime: 2024-08-20 00:20:47.768
ProcessGuid: {ca24abc9-e15d-66c3-9403-000000001d00}
ProcessId: 9512
Image: C:\Windows\System32\WindowsPowerShell\v1.0\powershell.exe
TargetFilename: C:\Users\johnny.douche\AppData\Local\Temp\Microsoft.PackageManagement\jpiwyvq3.c4r
CreationUtcTime: 2024-08-20 00:20:47.722
User: MY-CALDERA\johnny.douche"
MY-CAL-WIN10.my-caldera.local,11,"File created:
RuleName: DO
UtcTime: 2024-08-20 00:21:02.131
ProcessGuid: {ca24abc9-e16d-66c3-aa03-000000001d00}
ProcessId: 936
Image: C:\Windows\Microsoft.NET\Framework64\v4.0.30319\csc.exe
TargetFilename: C:\Users\johnny.douche\AppData\Local\Temp\2lua5ugp\CSCBF60B28767A54539A4AF2CB9CAC83E44.TMP
CreationUtcTime: 2024-08-20 00:21:02.131
User: MY-CALDERA\johnny.douche"
MY-CAL-WIN10.my-caldera.local,11,"File created:
RuleName: DO
UtcTime: 2024-08-20 00:21:02.158
ProcessGuid: {ca24abc9-e16e-66c3-ab03-000000001d00}
ProcessId: 8392
Image: C:\Windows\Microsoft.NET\Framework64\v4.0.30319\cvtres.exe
TargetFilename: C:\Users\JOHNNY~1.DOU\AppData\Local\Temp\RESA552.tmp
CreationUtcTime: 2024-08-20 00:21:02.133
User: MY-CALDERA\johnny.douche"
MY-CAL-WIN10.my-caldera.local,11,"File created:
RuleName: DO
UtcTime: 2024-08-20 00:21:02.133
ProcessGuid: {ca24abc9-e16d-66c3-aa03-000000001d00}
ProcessId: 936
Image: C:\Windows\Microsoft.NET\Framework64\v4.0.30319\csc.exe
TargetFilename: C:\Users\JOHNNY~1.DOU\AppData\Local\Temp\RESA552.tmp
CreationUtcTime: 2024-08-20 00:21:02.133
User: MY-CALDERA\johnny.douche"
MY-CAL-WIN10.my-caldera.local,11,"File created:
RuleName: DO
UtcTime: 2024-08-20 00:21:02.893
ProcessGuid: {ca24abc9-e16d-66c3-a803-000000001d00}
ProcessId: 32
Image: C:\Windows\System32\WindowsPowerShell\v1.0\powershell.exe
TargetFilename: C:\Users\johnny.douche\AppData\Local\Temp\Microsoft.PackageManagement\qbwobi3z.5sf
CreationUtcTime: 2024-08-20 00:21:02.800
User: MY-CALDERA\johnny.douche"
MY-CAL-WIN10.my-caldera.local,11,"File created:
RuleName: DLL
UtcTime: 2024-08-20 00:21:02.167
ProcessGuid: {ca24abc9-e16d-66c3-aa03-000000001d00}
ProcessId: 936
Image: C:\Windows\Microsoft.NET\Framework64\v4.0.30319\csc.exe
TargetFilename: C:\Users\johnny.douche\AppData\Local\Temp\2lua5ugp\2lua5ugp.dll
CreationUtcTime: 2024-08-20 00:21:01.982
User: MY-CALDERA\johnny.douche"
MY-CAL-WIN10.my-caldera.local,11,"File created:
RuleName: DO
UtcTime: 2024-08-20 00:21:02.800
ProcessGuid: {ca24abc9-e16d-66c3-a803-000000001d00}
ProcessId: 32
Image: C:\Windows\System32\WindowsPowerShell\v1.0\powershell.exe
TargetFilename: C:\Users\johnny.douche\AppData\Local\Temp\Microsoft.PackageManagement\qbwobi3z.5sf
CreationUtcTime: 2024-08-20 00:21:02.800
User: MY-CALDERA\johnny.douche"
MY-CAL-WIN10.my-caldera.local,11,"File created:
RuleName: DO
UtcTime: 2024-08-20 00:21:02.902
ProcessGuid: {ca24abc9-e16d-66c3-a803-000000001d00}
ProcessId: 32
Image: C:\Windows\System32\WindowsPowerShell\v1.0\powershell.exe
TargetFilename: C:\Users\johnny.douche\AppData\Local\Temp\Microsoft.PackageManagement\qbwobi3z.5sf
CreationUtcTime: 2024-08-20 00:21:02.800
User: MY-CALDERA\johnny.douche"
