MY-CAL-WIN10.my-caldera.local,11,"File created:
RuleName: JSPandJSWandJSV
UtcTime: 2024-08-20 00:14:47.656
ProcessGuid: {ca24abc9-dff6-66c3-ea02-000000001d00}
ProcessId: 7456
Image: C:\Program Files (x86)\Microsoft Office\Root\Office16\WINWORD.EXE
TargetFilename: C:\Users\johnny.douche\AppData\Local\Microsoft\Windows\INetCache\IE\IC7IVLJ2\federationprovider[2].json
CreationUtcTime: 2024-08-20 00:14:47.592
User: MY-CALDERA\johnny.douche"
MY-CAL-WIN10.my-caldera.local,11,"File created:
RuleName: DO
UtcTime: 2024-08-20 00:30:08.395
ProcessGuid: {ca24abc9-e390-66c3-fd04-000000001d00}
ProcessId: 3320
Image: C:\Windows\System32\WindowsPowerShell\v1.0\powershell.exe
TargetFilename: C:\Users\johnny.douche\AppData\Local\Microsoft\Windows\PowerShell\StartupProfileData-NonInteractive
CreationUtcTime: 2024-03-28 01:06:06.420
User: MY-CALDERA\johnny.douche"
MY-CAL-WIN10.my-caldera.local,11,"File created:
RuleName: DO
UtcTime: 2024-08-20 00:30:28.469
ProcessGuid: {ca24abc9-e3a4-66c3-2805-000000001d00}
ProcessId: 10780
Image: C:\Windows\System32\WindowsPowerShell\v1.0\powershell.exe
TargetFilename: C:\Users\johnny.douche\AppData\Local\Microsoft\Windows\PowerShell\StartupProfileData-NonInteractive
CreationUtcTime: 2024-03-28 01:06:06.420
User: MY-CALDERA\johnny.douche"
MY-CAL-WIN10.my-caldera.local,11,"File created:
RuleName: Sysmonv1514
UtcTime: 2024-08-20 00:30:28.800
ProcessGuid: {ca24abc9-d6b1-66c3-ba00-000000001d00}
ProcessId: 6760
Image: C:\Program Files\WinlogBeat\winlogbeat.exe
TargetFilename: C:\ProgramData\winlogbeat\.winlogbeat.yml.new
CreationUtcTime: 2024-08-20 00:11:02.025
User: NT AUTHORITY\SYSTEM"
MY-CAL-WIN10.my-caldera.local,11,"File created:
RuleName: DO
UtcTime: 2024-08-20 00:30:29.347
ProcessGuid: {ca24abc9-e3a4-66c3-2905-000000001d00}
ProcessId: 7628
Image: C:\Windows\System32\WindowsPowerShell\v1.0\powershell.exe
TargetFilename: C:\Users\johnny.douche\AppData\Local\Temp\olbxgugk
CreationUtcTime: 2024-08-20 00:30:29.346
User: MY-CALDERA\johnny.douche"
MY-CAL-WIN10.my-caldera.local,11,"File created:
RuleName: DO
UtcTime: 2024-08-20 00:30:29.349
ProcessGuid: {ca24abc9-e3a4-66c3-2905-000000001d00}
ProcessId: 7628
Image: C:\Windows\System32\WindowsPowerShell\v1.0\powershell.exe
TargetFilename: C:\Users\johnny.douche\AppData\Local\Temp\olbxgugk\olbxgugk.tmp
CreationUtcTime: 2024-08-20 00:30:29.347
User: MY-CALDERA\johnny.douche"
MY-CAL-WIN10.my-caldera.local,11,"File created:
RuleName: DO
UtcTime: 2024-08-20 00:30:29.349
ProcessGuid: {ca24abc9-e3a4-66c3-2905-000000001d00}
ProcessId: 7628
Image: C:\Windows\System32\WindowsPowerShell\v1.0\powershell.exe
TargetFilename: C:\Users\johnny.douche\AppData\Local\Temp\olbxgugk\olbxgugk.0.cs
CreationUtcTime: 2024-08-20 00:30:29.349
User: MY-CALDERA\johnny.douche"
MY-CAL-WIN10.my-caldera.local,11,"File created:
RuleName: DLL
UtcTime: 2024-08-20 00:30:29.350
ProcessGuid: {ca24abc9-e3a4-66c3-2905-000000001d00}
ProcessId: 7628
Image: C:\Windows\System32\WindowsPowerShell\v1.0\powershell.exe
TargetFilename: C:\Users\johnny.douche\AppData\Local\Temp\olbxgugk\olbxgugk.dll
CreationUtcTime: 2024-08-20 00:30:29.350
User: MY-CALDERA\johnny.douche"
MY-CAL-WIN10.my-caldera.local,11,"File created:
RuleName: Sysmonv1514
UtcTime: 2024-08-20 00:30:29.351
ProcessGuid: {ca24abc9-e3a4-66c3-2905-000000001d00}
ProcessId: 7628
Image: C:\Windows\System32\WindowsPowerShell\v1.0\powershell.exe
TargetFilename: C:\Users\johnny.douche\AppData\Local\Temp\olbxgugk\olbxgugk.cmdline
CreationUtcTime: 2024-08-20 00:30:29.351
User: MY-CALDERA\johnny.douche"
MY-CAL-WIN10.my-caldera.local,11,"File created:
RuleName: DO
UtcTime: 2024-08-20 00:30:29.356
ProcessGuid: {ca24abc9-e3a4-66c3-2905-000000001d00}
ProcessId: 7628
Image: C:\Windows\System32\WindowsPowerShell\v1.0\powershell.exe
TargetFilename: C:\Users\johnny.douche\AppData\Local\Temp\olbxgugk\olbxgugk.out
CreationUtcTime: 2024-08-20 00:30:29.353
User: MY-CALDERA\johnny.douche"
MY-CAL-WIN10.my-caldera.local,11,"File created:
RuleName: DO
UtcTime: 2024-08-20 00:30:29.356
ProcessGuid: {ca24abc9-e3a4-66c3-2905-000000001d00}
ProcessId: 7628
Image: C:\Windows\System32\WindowsPowerShell\v1.0\powershell.exe
TargetFilename: C:\Users\johnny.douche\AppData\Local\Temp\olbxgugk\olbxgugk.err
CreationUtcTime: 2024-08-20 00:30:29.356
User: MY-CALDERA\johnny.douche"
MY-CAL-WIN10.my-caldera.local,11,"File created:
RuleName: DO
UtcTime: 2024-08-20 00:30:46.139
ProcessGuid: {ca24abc9-e3b5-66c3-6405-000000001d00}
ProcessId: 7560
Image: C:\Windows\Microsoft.NET\Framework64\v4.0.30319\csc.exe
TargetFilename: C:\Users\johnny.douche\AppData\Local\Temp\mlyifniv\CSC454D0747D9174DBD9129B439D6E492F5.TMP
CreationUtcTime: 2024-08-20 00:30:46.139
User: MY-CALDERA\johnny.douche"
MY-CAL-WIN10.my-caldera.local,11,"File created:
RuleName: DO
UtcTime: 2024-08-20 00:30:46.141
ProcessGuid: {ca24abc9-e3b5-66c3-6405-000000001d00}
ProcessId: 7560
Image: C:\Windows\Microsoft.NET\Framework64\v4.0.30319\csc.exe
TargetFilename: C:\Users\JOHNNY~1.DOU\AppData\Local\Temp\RES8EA1.tmp
CreationUtcTime: 2024-08-20 00:30:46.141
User: MY-CALDERA\johnny.douche"
MY-CAL-WIN10.my-caldera.local,11,"File created:
RuleName: DO
UtcTime: 2024-08-20 00:30:46.177
ProcessGuid: {ca24abc9-e3b6-66c3-6505-000000001d00}
ProcessId: 9960
Image: C:\Windows\Microsoft.NET\Framework64\v4.0.30319\cvtres.exe
TargetFilename: C:\Users\JOHNNY~1.DOU\AppData\Local\Temp\RES8EA1.tmp
CreationUtcTime: 2024-08-20 00:30:46.141
User: MY-CALDERA\johnny.douche"
MY-CAL-WIN10.my-caldera.local,11,"File created:
RuleName: DLL
UtcTime: 2024-08-20 00:30:46.185
ProcessGuid: {ca24abc9-e3b5-66c3-6405-000000001d00}
ProcessId: 7560
Image: C:\Windows\Microsoft.NET\Framework64\v4.0.30319\csc.exe
TargetFilename: C:\Users\johnny.douche\AppData\Local\Temp\mlyifniv\mlyifniv.dll
CreationUtcTime: 2024-08-20 00:30:45.945
User: MY-CALDERA\johnny.douche"
MY-CAL-WIN10.my-caldera.local,11,"File created:
RuleName: DO
UtcTime: 2024-08-20 00:30:46.966
ProcessGuid: {ca24abc9-e3b5-66c3-5f05-000000001d00}
ProcessId: 1552
Image: C:\Windows\System32\WindowsPowerShell\v1.0\powershell.exe
TargetFilename: C:\Users\johnny.douche\AppData\Local\Temp\Microsoft.PackageManagement\rbw1ebh4.kzt
CreationUtcTime: 2024-08-20 00:30:46.965
User: MY-CALDERA\johnny.douche"
MY-CAL-WIN10.my-caldera.local,11,"File created:
RuleName: DO
UtcTime: 2024-08-20 00:30:47.015
ProcessGuid: {ca24abc9-e3b5-66c3-5f05-000000001d00}
ProcessId: 1552
Image: C:\Windows\System32\WindowsPowerShell\v1.0\powershell.exe
TargetFilename: C:\Users\johnny.douche\AppData\Local\Temp\Microsoft.PackageManagement\rbw1ebh4.kzt
CreationUtcTime: 2024-08-20 00:30:46.965
User: MY-CALDERA\johnny.douche"
MY-CAL-WIN10.my-caldera.local,11,"File created:
RuleName: DO
UtcTime: 2024-08-20 00:30:47.025
ProcessGuid: {ca24abc9-e3b5-66c3-5f05-000000001d00}
ProcessId: 1552
Image: C:\Windows\System32\WindowsPowerShell\v1.0\powershell.exe
TargetFilename: C:\Users\johnny.douche\AppData\Local\Temp\Microsoft.PackageManagement\rbw1ebh4.kzt
CreationUtcTime: 2024-08-20 00:30:46.965
User: MY-CALDERA\johnny.douche"
MY-CAL-WIN10.my-caldera.local,11,"File created:
RuleName: DO
UtcTime: 2024-08-20 00:30:50.517
ProcessGuid: {ca24abc9-e3ba-66c3-6905-000000001d00}
ProcessId: 7764
Image: C:\Windows\System32\WindowsPowerShell\v1.0\powershell.exe
TargetFilename: C:\Users\johnny.douche\AppData\Local\Microsoft\Windows\PowerShell\StartupProfileData-NonInteractive
CreationUtcTime: 2024-03-28 01:06:06.420
User: MY-CALDERA\johnny.douche"
MY-CAL-WIN10.my-caldera.local,11,"File created:
RuleName: DO
UtcTime: 2024-08-20 00:30:50.980
ProcessGuid: {ca24abc9-e3ba-66c3-6c05-000000001d00}
ProcessId: 8540
Image: C:\Windows\System32\WindowsPowerShell\v1.0\powershell.exe
TargetFilename: C:\Users\johnny.douche\AppData\Local\Microsoft\Windows\PowerShell\StartupProfileData-NonInteractive
CreationUtcTime: 2024-03-28 01:06:06.420
User: MY-CALDERA\johnny.douche"
MY-CAL-WIN10.my-caldera.local,11,"File created:
RuleName: DO
UtcTime: 2024-08-20 00:30:52.789
ProcessGuid: {ca24abc9-e3bc-66c3-7605-000000001d00}
ProcessId: 10480
Image: C:\Windows\System32\WindowsPowerShell\v1.0\powershell.exe
TargetFilename: C:\Users\johnny.douche\AppData\Local\Microsoft\Windows\PowerShell\StartupProfileData-NonInteractive
CreationUtcTime: 2024-03-28 01:06:06.420
User: MY-CALDERA\johnny.douche"
MY-CAL-WIN10.my-caldera.local,11,"File created:
RuleName: Sysmonv1514
UtcTime: 2024-08-20 00:30:52.834
ProcessGuid: {ca24abc9-d6b1-66c3-ba00-000000001d00}
ProcessId: 6760
Image: C:\Program Files\WinlogBeat\winlogbeat.exe
TargetFilename: C:\ProgramData\winlogbeat\.winlogbeat.yml.new
CreationUtcTime: 2024-08-20 00:11:02.025
User: NT AUTHORITY\SYSTEM"
MY-CAL-WIN10.my-caldera.local,11,"File created:
RuleName: DO
UtcTime: 2024-08-20 00:30:53.344
ProcessGuid: {ca24abc9-e3bc-66c3-8005-000000001d00}
ProcessId: 3708
Image: C:\Windows\System32\WindowsPowerShell\v1.0\powershell.exe
TargetFilename: C:\Users\johnny.douche\AppData\Local\Microsoft\Windows\PowerShell\StartupProfileData-NonInteractive
CreationUtcTime: 2024-03-28 01:06:06.420
User: MY-CALDERA\johnny.douche"
MY-CAL-WIN10.my-caldera.local,11,"File created:
RuleName: DO
UtcTime: 2024-08-20 00:31:12.413
ProcessGuid: {ca24abc9-e3cf-66c3-ea05-000000001d00}
ProcessId: 8600
Image: C:\Windows\System32\WindowsPowerShell\v1.0\powershell.exe
TargetFilename: C:\Users\johnny.douche\AppData\Local\Microsoft\Windows\PowerShell\StartupProfileData-NonInteractive
CreationUtcTime: 2024-03-28 01:06:06.420
User: MY-CALDERA\johnny.douche"
MY-CAL-WIN10.my-caldera.local,11,"File created:
RuleName: DO
UtcTime: 2024-08-20 00:31:27.838
ProcessGuid: {ca24abc9-e3df-66c3-2206-000000001d00}
ProcessId: 5960
Image: C:\Program Files (x86)\Microsoft Office\Root\Office16\EXCEL.EXE
TargetFilename: C:\Users\JOHNNY~1.DOU\AppData\Local\Temp\{9DF479DA-CE47-4769-9CDB-B0022FC4AC75} - OProcSessId.dat
CreationUtcTime: 2024-08-20 00:31:27.838
User: MY-CALDERA\johnny.douche"
MY-CAL-WIN10.my-caldera.local,11,"File created:
RuleName: DO
UtcTime: 2024-08-20 00:31:27.995
ProcessGuid: {ca24abc9-e3df-66c3-2206-000000001d00}
ProcessId: 5960
Image: C:\Program Files (x86)\Microsoft Office\Root\Office16\EXCEL.EXE
TargetFilename: C:\Users\JOHNNY~1.DOU\AppData\Local\Temp\Diagnostics\EXCEL\Primary1724113887995184700_9DF479DA-CE47-4769-9CDB-B0022FC4AC75.log
CreationUtcTime: 2024-08-20 00:31:27.995
User: MY-CALDERA\johnny.douche"
MY-CAL-WIN10.my-caldera.local,11,"File created:
RuleName: DO
UtcTime: 2024-08-20 00:31:27.997
ProcessGuid: {ca24abc9-e3df-66c3-2206-000000001d00}
ProcessId: 5960
Image: C:\Program Files (x86)\Microsoft Office\Root\Office16\EXCEL.EXE
TargetFilename: C:\Users\JOHNNY~1.DOU\AppData\Local\Temp\Diagnostics\EXCEL\Primary1724113887996482100_9DF479DA-CE47-4769-9CDB-B0022FC4AC75.log
CreationUtcTime: 2024-08-20 00:31:27.996
User: MY-CALDERA\johnny.douche"
MY-CAL-WIN10.my-caldera.local,11,"File created:
RuleName: DO
UtcTime: 2024-08-20 00:31:27.999
ProcessGuid: {ca24abc9-e3df-66c3-2206-000000001d00}
ProcessId: 5960
Image: C:\Program Files (x86)\Microsoft Office\Root\Office16\EXCEL.EXE
TargetFilename: C:\Users\JOHNNY~1.DOU\AppData\Local\Temp\Diagnostics\EXCEL\Additional\Additional1724113887998879200_9DF479DA-CE47-4769-9CDB-B0022FC4AC75.log
CreationUtcTime: 2024-08-20 00:31:27.999
User: MY-CALDERA\johnny.douche"
MY-CAL-WIN10.my-caldera.local,11,"File created:
RuleName: DO
UtcTime: 2024-08-20 00:31:28.000
ProcessGuid: {ca24abc9-e3df-66c3-2206-000000001d00}
ProcessId: 5960
Image: C:\Program Files (x86)\Microsoft Office\Root\Office16\EXCEL.EXE
TargetFilename: C:\Users\JOHNNY~1.DOU\AppData\Local\Temp\Diagnostics\EXCEL\Additional\Additional1724113888000121000_9DF479DA-CE47-4769-9CDB-B0022FC4AC75.log
CreationUtcTime: 2024-08-20 00:31:28.000
User: MY-CALDERA\johnny.douche"
MY-CAL-WIN10.my-caldera.local,11,"File created:
RuleName: DO
UtcTime: 2024-08-20 00:31:28.099
ProcessGuid: {ca24abc9-e3df-66c3-2206-000000001d00}
ProcessId: 5960
Image: C:\Program Files (x86)\Microsoft Office\Root\Office16\EXCEL.EXE
TargetFilename: C:\Users\JOHNNY~1.DOU\AppData\Local\Temp\{331030C7-095F-4E79-9C0B-C1BFC939C256}
CreationUtcTime: 2024-08-20 00:31:28.099
User: MY-CALDERA\johnny.douche"
MY-CAL-WIN10.my-caldera.local,11,"File created:
RuleName: DO
UtcTime: 2024-08-20 00:31:28.154
ProcessGuid: {ca24abc9-e3df-66c3-2206-000000001d00}
ProcessId: 5960
Image: C:\Program Files (x86)\Microsoft Office\Root\Office16\EXCEL.EXE
TargetFilename: C:\Users\johnny.douche\AppData\Local\Microsoft\FontCache\4\CatalogCacheMetaData2.xml
CreationUtcTime: 2024-08-20 00:14:38.197
User: MY-CALDERA\johnny.douche"
MY-CAL-WIN10.my-caldera.local,11,"File created:
RuleName: DO
UtcTime: 2024-08-20 00:31:28.157
ProcessGuid: {ca24abc9-e3df-66c3-2206-000000001d00}
ProcessId: 5960
Image: C:\Program Files (x86)\Microsoft Office\Root\Office16\EXCEL.EXE
TargetFilename: C:\Users\johnny.douche\AppData\Local\Microsoft\FontCache\4\CatalogCacheMetaData2.xml
CreationUtcTime: 2024-08-20 00:14:38.197
User: MY-CALDERA\johnny.douche"
MY-CAL-WIN10.my-caldera.local,11,"File created:
RuleName: DO
UtcTime: 2024-08-20 00:31:28.490
ProcessGuid: {ca24abc9-e3df-66c3-2106-000000001d00}
ProcessId: 1080
Image: C:\Windows\System32\WindowsPowerShell\v1.0\powershell.exe
TargetFilename: C:\Users\johnny.douche\AppData\Local\Microsoft\Windows\PowerShell\StartupProfileData-NonInteractive
CreationUtcTime: 2024-03-28 01:06:06.420
User: MY-CALDERA\johnny.douche"
MY-CAL-WIN10.my-caldera.local,11,"File created:
RuleName: DO
UtcTime: 2024-08-20 00:31:28.295
ProcessGuid: {ca24abc9-e3df-66c3-2206-000000001d00}
ProcessId: 5960
Image: C:\Program Files (x86)\Microsoft Office\Root\Office16\EXCEL.EXE
TargetFilename: C:\Users\johnny.douche\AppData\Local\Microsoft\FontCache\4\CatalogCacheMetaData2.xml
CreationUtcTime: 2024-08-20 00:14:38.197
User: MY-CALDERA\johnny.douche"
MY-CAL-WIN10.my-caldera.local,11,"File created:
RuleName: DO
UtcTime: 2024-08-20 00:31:28.297
ProcessGuid: {ca24abc9-e3df-66c3-2206-000000001d00}
ProcessId: 5960
Image: C:\Program Files (x86)\Microsoft Office\Root\Office16\EXCEL.EXE
TargetFilename: C:\Users\johnny.douche\AppData\Local\Microsoft\FontCache\4\CatalogCacheMetaData2.xml
CreationUtcTime: 2024-08-20 00:14:38.197
User: MY-CALDERA\johnny.douche"
MY-CAL-WIN10.my-caldera.local,11,"File created:
RuleName: DO
UtcTime: 2024-08-20 00:31:30.186
ProcessGuid: {ca24abc9-e3e1-66c3-3306-000000001d00}
ProcessId: 8156
Image: C:\Program Files (x86)\Microsoft Office\Root\Office16\WINWORD.EXE
TargetFilename: C:\Users\johnny.douche\AppData\Local\Microsoft\FontCache\4\CatalogCacheMetaData2.xml
CreationUtcTime: 2024-08-20 00:14:38.197
User: MY-CALDERA\johnny.douche"
MY-CAL-WIN10.my-caldera.local,11,"File created:
RuleName: DO
UtcTime: 2024-08-20 00:31:30.188
ProcessGuid: {ca24abc9-e3e1-66c3-3306-000000001d00}
ProcessId: 8156
Image: C:\Program Files (x86)\Microsoft Office\Root\Office16\WINWORD.EXE
TargetFilename: C:\Users\johnny.douche\AppData\Local\Microsoft\FontCache\4\CatalogCacheMetaData2.xml
CreationUtcTime: 2024-08-20 00:14:38.197
User: MY-CALDERA\johnny.douche"
MY-CAL-WIN10.my-caldera.local,11,"File created:
RuleName: DO
UtcTime: 2024-08-20 00:31:30.189
ProcessGuid: {ca24abc9-e3e1-66c3-3306-000000001d00}
ProcessId: 8156
Image: C:\Program Files (x86)\Microsoft Office\Root\Office16\WINWORD.EXE
TargetFilename: C:\Users\johnny.douche\AppData\Local\Microsoft\FontCache\4\CatalogCacheMetaData2.xml
CreationUtcTime: 2024-08-20 00:14:38.197
User: MY-CALDERA\johnny.douche"
MY-CAL-WIN10.my-caldera.local,11,"File created:
RuleName: DO
UtcTime: 2024-08-20 00:31:30.191
ProcessGuid: {ca24abc9-e3e1-66c3-3306-000000001d00}
ProcessId: 8156
Image: C:\Program Files (x86)\Microsoft Office\Root\Office16\WINWORD.EXE
TargetFilename: C:\Users\johnny.douche\AppData\Local\Microsoft\FontCache\4\CatalogCacheMetaData2.xml
CreationUtcTime: 2024-08-20 00:14:38.197
User: MY-CALDERA\johnny.douche"
MY-CAL-WIN10.my-caldera.local,11,"File created:
RuleName: DO
UtcTime: 2024-08-20 00:31:30.131
ProcessGuid: {ca24abc9-e3e1-66c3-3306-000000001d00}
ProcessId: 8156
Image: C:\Program Files (x86)\Microsoft Office\Root\Office16\WINWORD.EXE
TargetFilename: C:\Users\johnny.douche\AppData\Local\Microsoft\FontCache\4\CatalogCacheMetaData2.xml
CreationUtcTime: 2024-08-20 00:14:38.197
User: MY-CALDERA\johnny.douche"
MY-CAL-WIN10.my-caldera.local,11,"File created:
RuleName: DO
UtcTime: 2024-08-20 00:31:30.134
ProcessGuid: {ca24abc9-e3e1-66c3-3306-000000001d00}
ProcessId: 8156
Image: C:\Program Files (x86)\Microsoft Office\Root\Office16\WINWORD.EXE
TargetFilename: C:\Users\johnny.douche\AppData\Local\Microsoft\FontCache\4\CatalogCacheMetaData2.xml
CreationUtcTime: 2024-08-20 00:14:38.197
User: MY-CALDERA\johnny.douche"
MY-CAL-WIN10.my-caldera.local,11,"File created:
RuleName: DO
UtcTime: 2024-08-20 00:31:30.136
ProcessGuid: {ca24abc9-e3e1-66c3-3306-000000001d00}
ProcessId: 8156
Image: C:\Program Files (x86)\Microsoft Office\Root\Office16\WINWORD.EXE
TargetFilename: C:\Users\johnny.douche\AppData\Local\Microsoft\FontCache\4\CatalogCacheMetaData2.xml
CreationUtcTime: 2024-08-20 00:14:38.197
User: MY-CALDERA\johnny.douche"
MY-CAL-WIN10.my-caldera.local,11,"File created:
RuleName: DO
UtcTime: 2024-08-20 00:31:30.138
ProcessGuid: {ca24abc9-e3e1-66c3-3306-000000001d00}
ProcessId: 8156
Image: C:\Program Files (x86)\Microsoft Office\Root\Office16\WINWORD.EXE
TargetFilename: C:\Users\johnny.douche\AppData\Local\Microsoft\FontCache\4\CatalogCacheMetaData2.xml
CreationUtcTime: 2024-08-20 00:14:38.197
User: MY-CALDERA\johnny.douche"
MY-CAL-WIN10.my-caldera.local,11,"File created:
RuleName: DO
UtcTime: 2024-08-20 00:31:30.145
ProcessGuid: {ca24abc9-e3e1-66c3-3306-000000001d00}
ProcessId: 8156
Image: C:\Program Files (x86)\Microsoft Office\Root\Office16\WINWORD.EXE
TargetFilename: C:\Users\johnny.douche\AppData\Local\Microsoft\FontCache\4\CatalogCacheMetaData2.xml
CreationUtcTime: 2024-08-20 00:14:38.197
User: MY-CALDERA\johnny.douche"
MY-CAL-WIN10.my-caldera.local,11,"File created:
RuleName: DO
UtcTime: 2024-08-20 00:31:30.148
ProcessGuid: {ca24abc9-e3e1-66c3-3306-000000001d00}
ProcessId: 8156
Image: C:\Program Files (x86)\Microsoft Office\Root\Office16\WINWORD.EXE
TargetFilename: C:\Users\johnny.douche\AppData\Local\Microsoft\FontCache\4\CatalogCacheMetaData2.xml
CreationUtcTime: 2024-08-20 00:14:38.197
User: MY-CALDERA\johnny.douche"
MY-CAL-WIN10.my-caldera.local,11,"File created:
RuleName: DO
UtcTime: 2024-08-20 00:31:30.176
ProcessGuid: {ca24abc9-e3e1-66c3-3306-000000001d00}
ProcessId: 8156
Image: C:\Program Files (x86)\Microsoft Office\Root\Office16\WINWORD.EXE
TargetFilename: C:\Users\johnny.douche\AppData\Local\Microsoft\FontCache\4\CatalogCacheMetaData2.xml
CreationUtcTime: 2024-08-20 00:14:38.197
User: MY-CALDERA\johnny.douche"
MY-CAL-WIN10.my-caldera.local,11,"File created:
RuleName: DO
UtcTime: 2024-08-20 00:31:30.178
ProcessGuid: {ca24abc9-e3e1-66c3-3306-000000001d00}
ProcessId: 8156
Image: C:\Program Files (x86)\Microsoft Office\Root\Office16\WINWORD.EXE
TargetFilename: C:\Users\johnny.douche\AppData\Local\Microsoft\FontCache\4\CatalogCacheMetaData2.xml
CreationUtcTime: 2024-08-20 00:14:38.197
User: MY-CALDERA\johnny.douche"
MY-CAL-WIN10.my-caldera.local,11,"File created:
RuleName: DO
UtcTime: 2024-08-20 00:31:30.193
ProcessGuid: {ca24abc9-e3e1-66c3-3306-000000001d00}
ProcessId: 8156
Image: C:\Program Files (x86)\Microsoft Office\Root\Office16\WINWORD.EXE
TargetFilename: C:\Users\johnny.douche\AppData\Local\Microsoft\FontCache\4\CatalogCacheMetaData2.xml
CreationUtcTime: 2024-08-20 00:14:38.197
User: MY-CALDERA\johnny.douche"
MY-CAL-WIN10.my-caldera.local,11,"File created:
RuleName: DO
UtcTime: 2024-08-20 00:31:30.195
ProcessGuid: {ca24abc9-e3e1-66c3-3306-000000001d00}
ProcessId: 8156
Image: C:\Program Files (x86)\Microsoft Office\Root\Office16\WINWORD.EXE
TargetFilename: C:\Users\johnny.douche\AppData\Local\Microsoft\FontCache\4\CatalogCacheMetaData2.xml
CreationUtcTime: 2024-08-20 00:14:38.197
User: MY-CALDERA\johnny.douche"
MY-CAL-WIN10.my-caldera.local,11,"File created:
RuleName: DO
UtcTime: 2024-08-20 00:31:30.180
ProcessGuid: {ca24abc9-e3e1-66c3-3306-000000001d00}
ProcessId: 8156
Image: C:\Program Files (x86)\Microsoft Office\Root\Office16\WINWORD.EXE
TargetFilename: C:\Users\johnny.douche\AppData\Local\Microsoft\FontCache\4\CatalogCacheMetaData2.xml
CreationUtcTime: 2024-08-20 00:14:38.197
User: MY-CALDERA\johnny.douche"
MY-CAL-WIN10.my-caldera.local,11,"File created:
RuleName: DO
UtcTime: 2024-08-20 00:31:30.181
ProcessGuid: {ca24abc9-e3e1-66c3-3306-000000001d00}
ProcessId: 8156
Image: C:\Program Files (x86)\Microsoft Office\Root\Office16\WINWORD.EXE
TargetFilename: C:\Users\johnny.douche\AppData\Local\Microsoft\FontCache\4\CatalogCacheMetaData2.xml
CreationUtcTime: 2024-08-20 00:14:38.197
User: MY-CALDERA\johnny.douche"
MY-CAL-WIN10.my-caldera.local,11,"File created:
RuleName: DO
UtcTime: 2024-08-20 00:31:30.183
ProcessGuid: {ca24abc9-e3e1-66c3-3306-000000001d00}
ProcessId: 8156
Image: C:\Program Files (x86)\Microsoft Office\Root\Office16\WINWORD.EXE
TargetFilename: C:\Users\johnny.douche\AppData\Local\Microsoft\FontCache\4\CatalogCacheMetaData2.xml
CreationUtcTime: 2024-08-20 00:14:38.197
User: MY-CALDERA\johnny.douche"
MY-CAL-WIN10.my-caldera.local,11,"File created:
RuleName: DO
UtcTime: 2024-08-20 00:31:30.184
ProcessGuid: {ca24abc9-e3e1-66c3-3306-000000001d00}
ProcessId: 8156
Image: C:\Program Files (x86)\Microsoft Office\Root\Office16\WINWORD.EXE
TargetFilename: C:\Users\johnny.douche\AppData\Local\Microsoft\FontCache\4\CatalogCacheMetaData2.xml
CreationUtcTime: 2024-08-20 00:14:38.197
User: MY-CALDERA\johnny.douche"
MY-CAL-WIN10.my-caldera.local,11,"File created:
RuleName: DO
UtcTime: 2024-08-20 00:31:30.117
ProcessGuid: {ca24abc9-e3e1-66c3-3306-000000001d00}
ProcessId: 8156
Image: C:\Program Files (x86)\Microsoft Office\Root\Office16\WINWORD.EXE
TargetFilename: C:\Users\johnny.douche\AppData\Local\Microsoft\FontCache\4\CatalogCacheMetaData2.xml
CreationUtcTime: 2024-08-20 00:14:38.197
User: MY-CALDERA\johnny.douche"
MY-CAL-WIN10.my-caldera.local,11,"File created:
RuleName: DO
UtcTime: 2024-08-20 00:31:30.119
ProcessGuid: {ca24abc9-e3e1-66c3-3306-000000001d00}
ProcessId: 8156
Image: C:\Program Files (x86)\Microsoft Office\Root\Office16\WINWORD.EXE
TargetFilename: C:\Users\johnny.douche\AppData\Local\Microsoft\FontCache\4\CatalogCacheMetaData2.xml
CreationUtcTime: 2024-08-20 00:14:38.197
User: MY-CALDERA\johnny.douche"
MY-CAL-WIN10.my-caldera.local,11,"File created:
RuleName: DO
UtcTime: 2024-08-20 00:31:30.121
ProcessGuid: {ca24abc9-e3e1-66c3-3306-000000001d00}
ProcessId: 8156
Image: C:\Program Files (x86)\Microsoft Office\Root\Office16\WINWORD.EXE
TargetFilename: C:\Users\johnny.douche\AppData\Local\Microsoft\FontCache\4\CatalogCacheMetaData2.xml
CreationUtcTime: 2024-08-20 00:14:38.197
User: MY-CALDERA\johnny.douche"
MY-CAL-WIN10.my-caldera.local,11,"File created:
RuleName: DO
UtcTime: 2024-08-20 00:31:30.123
ProcessGuid: {ca24abc9-e3e1-66c3-3306-000000001d00}
ProcessId: 8156
Image: C:\Program Files (x86)\Microsoft Office\Root\Office16\WINWORD.EXE
TargetFilename: C:\Users\johnny.douche\AppData\Local\Microsoft\FontCache\4\CatalogCacheMetaData2.xml
CreationUtcTime: 2024-08-20 00:14:38.197
User: MY-CALDERA\johnny.douche"
MY-CAL-WIN10.my-caldera.local,11,"File created:
RuleName: DO
UtcTime: 2024-08-20 00:31:30.125
ProcessGuid: {ca24abc9-e3e1-66c3-3306-000000001d00}
ProcessId: 8156
Image: C:\Program Files (x86)\Microsoft Office\Root\Office16\WINWORD.EXE
TargetFilename: C:\Users\johnny.douche\AppData\Local\Microsoft\FontCache\4\CatalogCacheMetaData2.xml
CreationUtcTime: 2024-08-20 00:14:38.197
User: MY-CALDERA\johnny.douche"
MY-CAL-WIN10.my-caldera.local,11,"File created:
RuleName: DO
UtcTime: 2024-08-20 00:31:30.129
ProcessGuid: {ca24abc9-e3e1-66c3-3306-000000001d00}
ProcessId: 8156
Image: C:\Program Files (x86)\Microsoft Office\Root\Office16\WINWORD.EXE
TargetFilename: C:\Users\johnny.douche\AppData\Local\Microsoft\FontCache\4\CatalogCacheMetaData2.xml
CreationUtcTime: 2024-08-20 00:14:38.197
User: MY-CALDERA\johnny.douche"
MY-CAL-WIN10.my-caldera.local,11,"File created:
RuleName: DO
UtcTime: 2024-08-20 00:31:29.678
ProcessGuid: {ca24abc9-e3e1-66c3-3306-000000001d00}
ProcessId: 8156
Image: C:\Program Files (x86)\Microsoft Office\Root\Office16\WINWORD.EXE
TargetFilename: C:\Users\JOHNNY~1.DOU\AppData\Local\Temp\{593ECDCA-67FD-4CF9-9902-30D876BD759A} - OProcSessId.dat
CreationUtcTime: 2024-08-20 00:31:29.676
User: MY-CALDERA\johnny.douche"
MY-CAL-WIN10.my-caldera.local,11,"File created:
RuleName: DO
UtcTime: 2024-08-20 00:31:29.851
ProcessGuid: {ca24abc9-e3e1-66c3-3306-000000001d00}
ProcessId: 8156
Image: C:\Program Files (x86)\Microsoft Office\Root\Office16\WINWORD.EXE
TargetFilename: C:\Users\JOHNNY~1.DOU\AppData\Local\Temp\Diagnostics\WINWORD\Primary1724113889850665000_593ECDCA-67FD-4CF9-9902-30D876BD759A.log
CreationUtcTime: 2024-08-20 00:31:29.850
User: MY-CALDERA\johnny.douche"
MY-CAL-WIN10.my-caldera.local,11,"File created:
RuleName: DO
UtcTime: 2024-08-20 00:31:29.852
ProcessGuid: {ca24abc9-e3e1-66c3-3306-000000001d00}
ProcessId: 8156
Image: C:\Program Files (x86)\Microsoft Office\Root\Office16\WINWORD.EXE
TargetFilename: C:\Users\JOHNNY~1.DOU\AppData\Local\Temp\Diagnostics\WINWORD\Primary1724113889851700800_593ECDCA-67FD-4CF9-9902-30D876BD759A.log
CreationUtcTime: 2024-08-20 00:31:29.852
User: MY-CALDERA\johnny.douche"
MY-CAL-WIN10.my-caldera.local,11,"File created:
RuleName: DO
UtcTime: 2024-08-20 00:31:29.856
ProcessGuid: {ca24abc9-e3e1-66c3-3306-000000001d00}
ProcessId: 8156
Image: C:\Program Files (x86)\Microsoft Office\Root\Office16\WINWORD.EXE
TargetFilename: C:\Users\JOHNNY~1.DOU\AppData\Local\Temp\Diagnostics\WINWORD\Additional\Additional1724113889855964700_593ECDCA-67FD-4CF9-9902-30D876BD759A.log
CreationUtcTime: 2024-08-20 00:31:29.856
User: MY-CALDERA\johnny.douche"
MY-CAL-WIN10.my-caldera.local,11,"File created:
RuleName: DO
UtcTime: 2024-08-20 00:31:29.858
ProcessGuid: {ca24abc9-e3e1-66c3-3306-000000001d00}
ProcessId: 8156
Image: C:\Program Files (x86)\Microsoft Office\Root\Office16\WINWORD.EXE
TargetFilename: C:\Users\JOHNNY~1.DOU\AppData\Local\Temp\Diagnostics\WINWORD\Additional\Additional1724113889857878600_593ECDCA-67FD-4CF9-9902-30D876BD759A.log
CreationUtcTime: 2024-08-20 00:31:29.858
User: MY-CALDERA\johnny.douche"
MY-CAL-WIN10.my-caldera.local,11,"File created:
RuleName: DO
UtcTime: 2024-08-20 00:31:29.971
ProcessGuid: {ca24abc9-e3e1-66c3-3306-000000001d00}
ProcessId: 8156
Image: C:\Program Files (x86)\Microsoft Office\Root\Office16\WINWORD.EXE
TargetFilename: C:\Users\JOHNNY~1.DOU\AppData\Local\Temp\{F751E8A3-7728-44C8-9BE4-E6F84133E536}
CreationUtcTime: 2024-08-20 00:31:29.970
User: MY-CALDERA\johnny.douche"
MY-CAL-WIN10.my-caldera.local,11,"File created:
RuleName: Sysmonv1514
UtcTime: 2024-08-20 00:31:35.657
ProcessGuid: {ca24abc9-d6b1-66c3-ba00-000000001d00}
ProcessId: 6760
Image: C:\Program Files\WinlogBeat\winlogbeat.exe
TargetFilename: C:\ProgramData\winlogbeat\.winlogbeat.yml.new
CreationUtcTime: 2024-08-20 00:11:02.025
User: NT AUTHORITY\SYSTEM"
MY-CAL-WIN10.my-caldera.local,11,"File created:
RuleName: DO
UtcTime: 2024-08-20 00:31:35.812
ProcessGuid: {ca24abc9-e3e6-66c3-3a06-000000001d00}
ProcessId: 10420
Image: C:\Program Files (x86)\Microsoft Office\Root\Office16\POWERPNT.EXE
TargetFilename: C:\Users\JOHNNY~1.DOU\AppData\Local\Temp\{4C5B8A58-9E68-46C1-9AC1-8B5E0BE6715D} - OProcSessId.dat
CreationUtcTime: 2024-08-20 00:31:35.812
User: MY-CALDERA\johnny.douche"
MY-CAL-WIN10.my-caldera.local,11,"File created:
RuleName: DO
UtcTime: 2024-08-20 00:31:35.975
ProcessGuid: {ca24abc9-e3e6-66c3-3a06-000000001d00}
ProcessId: 10420
Image: C:\Program Files (x86)\Microsoft Office\Root\Office16\POWERPNT.EXE
TargetFilename: C:\Users\JOHNNY~1.DOU\AppData\Local\Temp\Diagnostics\POWERPNT
CreationUtcTime: 2024-08-20 00:31:35.975
User: MY-CALDERA\johnny.douche"
MY-CAL-WIN10.my-caldera.local,11,"File created:
RuleName: DO
UtcTime: 2024-08-20 00:31:35.976
ProcessGuid: {ca24abc9-e3e6-66c3-3a06-000000001d00}
ProcessId: 10420
Image: C:\Program Files (x86)\Microsoft Office\Root\Office16\POWERPNT.EXE
TargetFilename: C:\Users\JOHNNY~1.DOU\AppData\Local\Temp\Diagnostics\POWERPNT\Primary1724113895976283600_4C5B8A58-9E68-46C1-9AC1-8B5E0BE6715D.log
CreationUtcTime: 2024-08-20 00:31:35.976
User: MY-CALDERA\johnny.douche"
MY-CAL-WIN10.my-caldera.local,11,"File created:
RuleName: DO
UtcTime: 2024-08-20 00:31:35.978
ProcessGuid: {ca24abc9-e3e6-66c3-3a06-000000001d00}
ProcessId: 10420
Image: C:\Program Files (x86)\Microsoft Office\Root\Office16\POWERPNT.EXE
TargetFilename: C:\Users\JOHNNY~1.DOU\AppData\Local\Temp\Diagnostics\POWERPNT\Primary1724113895978222100_4C5B8A58-9E68-46C1-9AC1-8B5E0BE6715D.log
CreationUtcTime: 2024-08-20 00:31:35.977
User: MY-CALDERA\johnny.douche"
MY-CAL-WIN10.my-caldera.local,11,"File created:
RuleName: DO
UtcTime: 2024-08-20 00:31:36.047
ProcessGuid: {ca24abc9-e3e6-66c3-3a06-000000001d00}
ProcessId: 10420
Image: C:\Program Files (x86)\Microsoft Office\Root\Office16\POWERPNT.EXE
TargetFilename: C:\Users\JOHNNY~1.DOU\AppData\Local\Temp\{B639450F-7B2A-4EBC-B22F-F68FEEF4130B}
CreationUtcTime: 2024-08-20 00:31:36.047
User: MY-CALDERA\johnny.douche"
MY-CAL-WIN10.my-caldera.local,11,"File created:
RuleName: DO
UtcTime: 2024-08-20 00:31:36.327
ProcessGuid: {ca24abc9-e3e6-66c3-3a06-000000001d00}
ProcessId: 10420
Image: C:\Program Files (x86)\Microsoft Office\Root\Office16\POWERPNT.EXE
TargetFilename: C:\Users\johnny.douche\AppData\Local\Microsoft\FontCache\4\CatalogCacheMetaData2.xml
CreationUtcTime: 2024-08-20 00:14:38.197
User: MY-CALDERA\johnny.douche"
MY-CAL-WIN10.my-caldera.local,11,"File created:
RuleName: DO
UtcTime: 2024-08-20 00:31:36.329
ProcessGuid: {ca24abc9-e3e6-66c3-3a06-000000001d00}
ProcessId: 10420
Image: C:\Program Files (x86)\Microsoft Office\Root\Office16\POWERPNT.EXE
TargetFilename: C:\Users\johnny.douche\AppData\Local\Microsoft\FontCache\4\CatalogCacheMetaData2.xml
CreationUtcTime: 2024-08-20 00:14:38.197
User: MY-CALDERA\johnny.douche"
MY-CAL-WIN10.my-caldera.local,11,"File created:
RuleName: DO
UtcTime: 2024-08-20 00:31:36.331
ProcessGuid: {ca24abc9-e3e6-66c3-3a06-000000001d00}
ProcessId: 10420
Image: C:\Program Files (x86)\Microsoft Office\Root\Office16\POWERPNT.EXE
TargetFilename: C:\Users\johnny.douche\AppData\Local\Microsoft\FontCache\4\CatalogCacheMetaData2.xml
CreationUtcTime: 2024-08-20 00:14:38.197
User: MY-CALDERA\johnny.douche"
MY-CAL-WIN10.my-caldera.local,11,"File created:
RuleName: DO
UtcTime: 2024-08-20 00:31:36.333
ProcessGuid: {ca24abc9-e3e6-66c3-3a06-000000001d00}
ProcessId: 10420
Image: C:\Program Files (x86)\Microsoft Office\Root\Office16\POWERPNT.EXE
TargetFilename: C:\Users\johnny.douche\AppData\Local\Microsoft\FontCache\4\CatalogCacheMetaData2.xml
CreationUtcTime: 2024-08-20 00:14:38.197
User: MY-CALDERA\johnny.douche"
MY-CAL-WIN10.my-caldera.local,11,"File created:
RuleName: DO
UtcTime: 2024-08-20 00:31:36.335
ProcessGuid: {ca24abc9-e3e6-66c3-3a06-000000001d00}
ProcessId: 10420
Image: C:\Program Files (x86)\Microsoft Office\Root\Office16\POWERPNT.EXE
TargetFilename: C:\Users\johnny.douche\AppData\Local\Microsoft\FontCache\4\CatalogCacheMetaData2.xml
CreationUtcTime: 2024-08-20 00:14:38.197
User: MY-CALDERA\johnny.douche"
MY-CAL-WIN10.my-caldera.local,11,"File created:
RuleName: DO
UtcTime: 2024-08-20 00:31:36.339
ProcessGuid: {ca24abc9-e3e6-66c3-3a06-000000001d00}
ProcessId: 10420
Image: C:\Program Files (x86)\Microsoft Office\Root\Office16\POWERPNT.EXE
TargetFilename: C:\Users\johnny.douche\AppData\Local\Microsoft\FontCache\4\CatalogCacheMetaData2.xml
CreationUtcTime: 2024-08-20 00:14:38.197
User: MY-CALDERA\johnny.douche"
MY-CAL-WIN10.my-caldera.local,11,"File created:
RuleName: DO
UtcTime: 2024-08-20 00:31:36.341
ProcessGuid: {ca24abc9-e3e6-66c3-3a06-000000001d00}
ProcessId: 10420
Image: C:\Program Files (x86)\Microsoft Office\Root\Office16\POWERPNT.EXE
TargetFilename: C:\Users\johnny.douche\AppData\Local\Microsoft\FontCache\4\CatalogCacheMetaData2.xml
CreationUtcTime: 2024-08-20 00:14:38.197
User: MY-CALDERA\johnny.douche"
MY-CAL-WIN10.my-caldera.local,11,"File created:
RuleName: DO
UtcTime: 2024-08-20 00:31:36.343
ProcessGuid: {ca24abc9-e3e6-66c3-3a06-000000001d00}
ProcessId: 10420
Image: C:\Program Files (x86)\Microsoft Office\Root\Office16\POWERPNT.EXE
TargetFilename: C:\Users\johnny.douche\AppData\Local\Microsoft\FontCache\4\CatalogCacheMetaData2.xml
CreationUtcTime: 2024-08-20 00:14:38.197
User: MY-CALDERA\johnny.douche"
MY-CAL-WIN10.my-caldera.local,11,"File created:
RuleName: DO
UtcTime: 2024-08-20 00:31:36.345
ProcessGuid: {ca24abc9-e3e6-66c3-3a06-000000001d00}
ProcessId: 10420
Image: C:\Program Files (x86)\Microsoft Office\Root\Office16\POWERPNT.EXE
TargetFilename: C:\Users\johnny.douche\AppData\Local\Microsoft\FontCache\4\CatalogCacheMetaData2.xml
CreationUtcTime: 2024-08-20 00:14:38.197
User: MY-CALDERA\johnny.douche"
MY-CAL-WIN10.my-caldera.local,11,"File created:
RuleName: DO
UtcTime: 2024-08-20 00:31:36.348
ProcessGuid: {ca24abc9-e3e6-66c3-3a06-000000001d00}
ProcessId: 10420
Image: C:\Program Files (x86)\Microsoft Office\Root\Office16\POWERPNT.EXE
TargetFilename: C:\Users\johnny.douche\AppData\Local\Microsoft\FontCache\4\CatalogCacheMetaData2.xml
CreationUtcTime: 2024-08-20 00:14:38.197
User: MY-CALDERA\johnny.douche"
MY-CAL-WIN10.my-caldera.local,11,"File created:
RuleName: DO
UtcTime: 2024-08-20 00:31:36.350
ProcessGuid: {ca24abc9-e3e6-66c3-3a06-000000001d00}
ProcessId: 10420
Image: C:\Program Files (x86)\Microsoft Office\Root\Office16\POWERPNT.EXE
TargetFilename: C:\Users\johnny.douche\AppData\Local\Microsoft\FontCache\4\CatalogCacheMetaData2.xml
CreationUtcTime: 2024-08-20 00:14:38.197
User: MY-CALDERA\johnny.douche"
MY-CAL-WIN10.my-caldera.local,11,"File created:
RuleName: DO
UtcTime: 2024-08-20 00:31:36.353
ProcessGuid: {ca24abc9-e3e6-66c3-3a06-000000001d00}
ProcessId: 10420
Image: C:\Program Files (x86)\Microsoft Office\Root\Office16\POWERPNT.EXE
TargetFilename: C:\Users\johnny.douche\AppData\Local\Microsoft\FontCache\4\CatalogCacheMetaData2.xml
CreationUtcTime: 2024-08-20 00:14:38.197
User: MY-CALDERA\johnny.douche"
MY-CAL-WIN10.my-caldera.local,11,"File created:
RuleName: DO
UtcTime: 2024-08-20 00:31:36.355
ProcessGuid: {ca24abc9-e3e6-66c3-3a06-000000001d00}
ProcessId: 10420
Image: C:\Program Files (x86)\Microsoft Office\Root\Office16\POWERPNT.EXE
TargetFilename: C:\Users\johnny.douche\AppData\Local\Microsoft\FontCache\4\CatalogCacheMetaData2.xml
CreationUtcTime: 2024-08-20 00:14:38.197
User: MY-CALDERA\johnny.douche"
MY-CAL-WIN10.my-caldera.local,11,"File created:
RuleName: DO
UtcTime: 2024-08-20 00:31:36.358
ProcessGuid: {ca24abc9-e3e6-66c3-3a06-000000001d00}
ProcessId: 10420
Image: C:\Program Files (x86)\Microsoft Office\Root\Office16\POWERPNT.EXE
TargetFilename: C:\Users\johnny.douche\AppData\Local\Microsoft\FontCache\4\CatalogCacheMetaData2.xml
CreationUtcTime: 2024-08-20 00:14:38.197
User: MY-CALDERA\johnny.douche"
MY-CAL-WIN10.my-caldera.local,11,"File created:
RuleName: DO
UtcTime: 2024-08-20 00:31:36.361
ProcessGuid: {ca24abc9-e3e6-66c3-3a06-000000001d00}
ProcessId: 10420
Image: C:\Program Files (x86)\Microsoft Office\Root\Office16\POWERPNT.EXE
TargetFilename: C:\Users\johnny.douche\AppData\Local\Microsoft\FontCache\4\CatalogCacheMetaData2.xml
CreationUtcTime: 2024-08-20 00:14:38.197
User: MY-CALDERA\johnny.douche"
MY-CAL-WIN10.my-caldera.local,11,"File created:
RuleName: DO
UtcTime: 2024-08-20 00:31:36.363
ProcessGuid: {ca24abc9-e3e6-66c3-3a06-000000001d00}
ProcessId: 10420
Image: C:\Program Files (x86)\Microsoft Office\Root\Office16\POWERPNT.EXE
TargetFilename: C:\Users\johnny.douche\AppData\Local\Microsoft\FontCache\4\CatalogCacheMetaData2.xml
CreationUtcTime: 2024-08-20 00:14:38.197
User: MY-CALDERA\johnny.douche"
MY-CAL-WIN10.my-caldera.local,11,"File created:
RuleName: DO
UtcTime: 2024-08-20 00:31:36.366
ProcessGuid: {ca24abc9-e3e6-66c3-3a06-000000001d00}
ProcessId: 10420
Image: C:\Program Files (x86)\Microsoft Office\Root\Office16\POWERPNT.EXE
TargetFilename: C:\Users\johnny.douche\AppData\Local\Microsoft\FontCache\4\CatalogCacheMetaData2.xml
CreationUtcTime: 2024-08-20 00:14:38.197
User: MY-CALDERA\johnny.douche"
MY-CAL-WIN10.my-caldera.local,11,"File created:
RuleName: DO
UtcTime: 2024-08-20 00:31:36.368
ProcessGuid: {ca24abc9-e3e6-66c3-3a06-000000001d00}
ProcessId: 10420
Image: C:\Program Files (x86)\Microsoft Office\Root\Office16\POWERPNT.EXE
TargetFilename: C:\Users\johnny.douche\AppData\Local\Microsoft\FontCache\4\CatalogCacheMetaData2.xml
CreationUtcTime: 2024-08-20 00:14:38.197
User: MY-CALDERA\johnny.douche"
MY-CAL-WIN10.my-caldera.local,11,"File created:
RuleName: DO
UtcTime: 2024-08-20 00:31:36.370
ProcessGuid: {ca24abc9-e3e6-66c3-3a06-000000001d00}
ProcessId: 10420
Image: C:\Program Files (x86)\Microsoft Office\Root\Office16\POWERPNT.EXE
TargetFilename: C:\Users\johnny.douche\AppData\Local\Microsoft\FontCache\4\CatalogCacheMetaData2.xml
CreationUtcTime: 2024-08-20 00:14:38.197
User: MY-CALDERA\johnny.douche"
MY-CAL-WIN10.my-caldera.local,11,"File created:
RuleName: DO
UtcTime: 2024-08-20 00:31:36.371
ProcessGuid: {ca24abc9-e3e6-66c3-3a06-000000001d00}
ProcessId: 10420
Image: C:\Program Files (x86)\Microsoft Office\Root\Office16\POWERPNT.EXE
TargetFilename: C:\Users\johnny.douche\AppData\Local\Microsoft\FontCache\4\CatalogCacheMetaData2.xml
CreationUtcTime: 2024-08-20 00:14:38.197
User: MY-CALDERA\johnny.douche"
MY-CAL-WIN10.my-caldera.local,11,"File created:
RuleName: DO
UtcTime: 2024-08-20 00:31:36.373
ProcessGuid: {ca24abc9-e3e6-66c3-3a06-000000001d00}
ProcessId: 10420
Image: C:\Program Files (x86)\Microsoft Office\Root\Office16\POWERPNT.EXE
TargetFilename: C:\Users\johnny.douche\AppData\Local\Microsoft\FontCache\4\CatalogCacheMetaData2.xml
CreationUtcTime: 2024-08-20 00:14:38.197
User: MY-CALDERA\johnny.douche"
MY-CAL-WIN10.my-caldera.local,11,"File created:
RuleName: DO
UtcTime: 2024-08-20 00:31:36.374
ProcessGuid: {ca24abc9-e3e6-66c3-3a06-000000001d00}
ProcessId: 10420
Image: C:\Program Files (x86)\Microsoft Office\Root\Office16\POWERPNT.EXE
TargetFilename: C:\Users\johnny.douche\AppData\Local\Microsoft\FontCache\4\CatalogCacheMetaData2.xml
CreationUtcTime: 2024-08-20 00:14:38.197
User: MY-CALDERA\johnny.douche"
MY-CAL-WIN10.my-caldera.local,11,"File created:
RuleName: DO
UtcTime: 2024-08-20 00:31:36.376
ProcessGuid: {ca24abc9-e3e6-66c3-3a06-000000001d00}
ProcessId: 10420
Image: C:\Program Files (x86)\Microsoft Office\Root\Office16\POWERPNT.EXE
TargetFilename: C:\Users\johnny.douche\AppData\Local\Microsoft\FontCache\4\CatalogCacheMetaData2.xml
CreationUtcTime: 2024-08-20 00:14:38.197
User: MY-CALDERA\johnny.douche"
MY-CAL-WIN10.my-caldera.local,11,"File created:
RuleName: DO
UtcTime: 2024-08-20 00:31:36.377
ProcessGuid: {ca24abc9-e3e6-66c3-3a06-000000001d00}
ProcessId: 10420
Image: C:\Program Files (x86)\Microsoft Office\Root\Office16\POWERPNT.EXE
TargetFilename: C:\Users\johnny.douche\AppData\Local\Microsoft\FontCache\4\CatalogCacheMetaData2.xml
CreationUtcTime: 2024-08-20 00:14:38.197
User: MY-CALDERA\johnny.douche"
MY-CAL-WIN10.my-caldera.local,11,"File created:
RuleName: DO
UtcTime: 2024-08-20 00:31:36.415
ProcessGuid: {ca24abc9-e3e5-66c3-3906-000000001d00}
ProcessId: 10304
Image: C:\Windows\System32\WindowsPowerShell\v1.0\powershell.exe
TargetFilename: C:\Users\johnny.douche\AppData\Local\Microsoft\Windows\PowerShell\StartupProfileData-NonInteractive
CreationUtcTime: 2024-03-28 01:06:06.420
User: MY-CALDERA\johnny.douche"
MY-CAL-WIN10.my-caldera.local,11,"File created:
RuleName: DO
UtcTime: 2024-08-20 00:31:39.894
ProcessGuid: {ca24abc9-e3eb-66c3-4106-000000001d00}
ProcessId: 5296
Image: C:\Windows\System32\WindowsPowerShell\v1.0\powershell.exe
TargetFilename: C:\Users\johnny.douche\AppData\Local\Microsoft\Windows\PowerShell\StartupProfileData-NonInteractive
CreationUtcTime: 2024-03-28 01:06:06.420
User: MY-CALDERA\johnny.douche"
MY-CAL-WIN10.my-caldera.local,11,"File created:
RuleName: DO
UtcTime: 2024-08-20 00:31:38.914
ProcessGuid: {ca24abc9-e3ea-66c3-3e06-000000001d00}
ProcessId: 10992
Image: C:\Windows\System32\WindowsPowerShell\v1.0\powershell.exe
TargetFilename: C:\Users\johnny.douche\AppData\Local\Microsoft\Windows\PowerShell\StartupProfileData-NonInteractive
CreationUtcTime: 2024-03-28 01:06:06.420
User: MY-CALDERA\johnny.douche"
MY-CAL-WIN10.my-caldera.local,11,"File created:
RuleName: DO
UtcTime: 2024-08-20 00:31:39.315
ProcessGuid: {ca24abc9-e3ea-66c3-4006-000000001d00}
ProcessId: 9508
Image: C:\Windows\System32\WindowsPowerShell\v1.0\powershell.exe
TargetFilename: C:\Users\johnny.douche\AppData\Local\Microsoft\Windows\PowerShell\StartupProfileData-NonInteractive
CreationUtcTime: 2024-03-28 01:06:06.420
User: MY-CALDERA\johnny.douche"
MY-CAL-WIN10.my-caldera.local,11,"File created:
RuleName: DO
UtcTime: 2024-08-20 00:31:50.055
ProcessGuid: {ca24abc9-e3f3-66c3-4b06-000000001d00}
ProcessId: 5800
Image: C:\Windows\System32\WindowsPowerShell\v1.0\powershell.exe
TargetFilename: C:\Users\johnny.douche\AppData\Local\Microsoft\Windows\PowerShell\StartupProfileData-NonInteractive
CreationUtcTime: 2024-03-28 01:06:06.420
User: MY-CALDERA\johnny.douche"
MY-CAL-WIN10.my-caldera.local,11,"File created:
RuleName: DO
UtcTime: 2024-08-20 00:31:50.898
ProcessGuid: {ca24abc9-e3f6-66c3-4f06-000000001d00}
ProcessId: 1836
Image: C:\Program Files (x86)\Microsoft Office\Root\Office16\WINWORD.EXE
TargetFilename: C:\Users\JOHNNY~1.DOU\AppData\Local\Temp\Diagnostics\WINWORD\Primary1724113910898087600_E7F1B015-86A8-46A3-AA32-7151DFB26E67.log
CreationUtcTime: 2024-08-20 00:31:50.898
User: MY-CALDERA\johnny.douche"
MY-CAL-WIN10.my-caldera.local,11,"File created:
RuleName: DO
UtcTime: 2024-08-20 00:31:50.900
ProcessGuid: {ca24abc9-e3f6-66c3-4f06-000000001d00}
ProcessId: 1836
Image: C:\Program Files (x86)\Microsoft Office\Root\Office16\WINWORD.EXE
TargetFilename: C:\Users\JOHNNY~1.DOU\AppData\Local\Temp\Diagnostics\WINWORD\Primary1724113910899401400_E7F1B015-86A8-46A3-AA32-7151DFB26E67.log
CreationUtcTime: 2024-08-20 00:31:50.899
User: MY-CALDERA\johnny.douche"
MY-CAL-WIN10.my-caldera.local,11,"File created:
RuleName: DO
UtcTime: 2024-08-20 00:31:50.904
ProcessGuid: {ca24abc9-e3f6-66c3-4f06-000000001d00}
ProcessId: 1836
Image: C:\Program Files (x86)\Microsoft Office\Root\Office16\WINWORD.EXE
TargetFilename: C:\Users\JOHNNY~1.DOU\AppData\Local\Temp\Diagnostics\WINWORD\Additional\Additional1724113910903520300_E7F1B015-86A8-46A3-AA32-7151DFB26E67.log
CreationUtcTime: 2024-08-20 00:31:50.903
User: MY-CALDERA\johnny.douche"
MY-CAL-WIN10.my-caldera.local,11,"File created:
RuleName: DO
UtcTime: 2024-08-20 00:31:50.905
ProcessGuid: {ca24abc9-e3f6-66c3-4f06-000000001d00}
ProcessId: 1836
Image: C:\Program Files (x86)\Microsoft Office\Root\Office16\WINWORD.EXE
TargetFilename: C:\Users\JOHNNY~1.DOU\AppData\Local\Temp\Diagnostics\WINWORD\Additional\Additional1724113910904700100_E7F1B015-86A8-46A3-AA32-7151DFB26E67.log
CreationUtcTime: 2024-08-20 00:31:50.905
User: MY-CALDERA\johnny.douche"
MY-CAL-WIN10.my-caldera.local,11,"File created:
RuleName: DO
UtcTime: 2024-08-20 00:31:50.996
ProcessGuid: {ca24abc9-e3f6-66c3-4f06-000000001d00}
ProcessId: 1836
Image: C:\Program Files (x86)\Microsoft Office\Root\Office16\WINWORD.EXE
TargetFilename: C:\Users\JOHNNY~1.DOU\AppData\Local\Temp\{79A218C4-F5BA-4961-8A2B-EE74236D29C2}
CreationUtcTime: 2024-08-20 00:31:50.996
User: MY-CALDERA\johnny.douche"
MY-CAL-WIN10.my-caldera.local,11,"File created:
RuleName: DO
UtcTime: 2024-08-20 00:31:50.737
ProcessGuid: {ca24abc9-e3f6-66c3-4f06-000000001d00}
ProcessId: 1836
Image: C:\Program Files (x86)\Microsoft Office\Root\Office16\WINWORD.EXE
TargetFilename: C:\Users\JOHNNY~1.DOU\AppData\Local\Temp\{E7F1B015-86A8-46A3-AA32-7151DFB26E67} - OProcSessId.dat
CreationUtcTime: 2024-08-20 00:31:50.737
User: MY-CALDERA\johnny.douche"
MY-CAL-WIN10.my-caldera.local,11,"File created:
RuleName: DO
UtcTime: 2024-08-20 00:31:52.718
ProcessGuid: {ca24abc9-e3f6-66c3-4e06-000000001d00}
ProcessId: 10852
Image: C:\Windows\System32\WindowsPowerShell\v1.0\powershell.exe
TargetFilename: C:\Users\johnny.douche\AppData\Local\Microsoft\Windows\PowerShell\StartupProfileData-NonInteractive
CreationUtcTime: 2024-03-28 01:06:06.420
User: MY-CALDERA\johnny.douche"
MY-CAL-WIN10.my-caldera.local,11,"File created:
RuleName: DO
UtcTime: 2024-08-20 00:31:53.607
ProcessGuid: {ca24abc9-e3f9-66c3-5406-000000001d00}
ProcessId: 7324
Image: C:\Program Files (x86)\Microsoft Office\Root\Office16\EXCEL.EXE
TargetFilename: C:\Users\JOHNNY~1.DOU\AppData\Local\Temp\Diagnostics\EXCEL\Additional\Additional1724113913607515900_9E529857-2701-4A74-BA60-80600FDA044E.log
CreationUtcTime: 2024-08-20 00:31:53.607
User: MY-CALDERA\johnny.douche"
MY-CAL-WIN10.my-caldera.local,11,"File created:
RuleName: DO
UtcTime: 2024-08-20 00:31:53.608
ProcessGuid: {ca24abc9-e3f9-66c3-5406-000000001d00}
ProcessId: 7324
Image: C:\Program Files (x86)\Microsoft Office\Root\Office16\EXCEL.EXE
TargetFilename: C:\Users\JOHNNY~1.DOU\AppData\Local\Temp\Diagnostics\EXCEL\Additional\Additional1724113913608615600_9E529857-2701-4A74-BA60-80600FDA044E.log
CreationUtcTime: 2024-08-20 00:31:53.608
User: MY-CALDERA\johnny.douche"
MY-CAL-WIN10.my-caldera.local,11,"File created:
RuleName: Sysmonv1514
UtcTime: 2024-08-20 00:31:53.341
ProcessGuid: {ca24abc9-d6b1-66c3-ba00-000000001d00}
ProcessId: 6760
Image: C:\Program Files\WinlogBeat\winlogbeat.exe
TargetFilename: C:\ProgramData\winlogbeat\.winlogbeat.yml.new
CreationUtcTime: 2024-08-20 00:11:02.025
User: NT AUTHORITY\SYSTEM"
MY-CAL-WIN10.my-caldera.local,11,"File created:
RuleName: DO
UtcTime: 2024-08-20 00:31:53.441
ProcessGuid: {ca24abc9-e3f9-66c3-5406-000000001d00}
ProcessId: 7324
Image: C:\Program Files (x86)\Microsoft Office\Root\Office16\EXCEL.EXE
TargetFilename: C:\Users\JOHNNY~1.DOU\AppData\Local\Temp\{9E529857-2701-4A74-BA60-80600FDA044E} - OProcSessId.dat
CreationUtcTime: 2024-08-20 00:31:53.441
User: MY-CALDERA\johnny.douche"
MY-CAL-WIN10.my-caldera.local,11,"File created:
RuleName: DO
UtcTime: 2024-08-20 00:31:53.601
ProcessGuid: {ca24abc9-e3f9-66c3-5406-000000001d00}
ProcessId: 7324
Image: C:\Program Files (x86)\Microsoft Office\Root\Office16\EXCEL.EXE
TargetFilename: C:\Users\JOHNNY~1.DOU\AppData\Local\Temp\Diagnostics\EXCEL\Primary1724113913602036500_9E529857-2701-4A74-BA60-80600FDA044E.log
CreationUtcTime: 2024-08-20 00:31:53.601
User: MY-CALDERA\johnny.douche"
MY-CAL-WIN10.my-caldera.local,11,"File created:
RuleName: DO
UtcTime: 2024-08-20 00:31:53.603
ProcessGuid: {ca24abc9-e3f9-66c3-5406-000000001d00}
ProcessId: 7324
Image: C:\Program Files (x86)\Microsoft Office\Root\Office16\EXCEL.EXE
TargetFilename: C:\Users\JOHNNY~1.DOU\AppData\Local\Temp\Diagnostics\EXCEL\Primary1724113913603272400_9E529857-2701-4A74-BA60-80600FDA044E.log
CreationUtcTime: 2024-08-20 00:31:53.602
User: MY-CALDERA\johnny.douche"
MY-CAL-WIN10.my-caldera.local,11,"File created:
RuleName: DO
UtcTime: 2024-08-20 00:31:56.788
ProcessGuid: {ca24abc9-e3fa-66c3-5506-000000001d00}
ProcessId: 10384
Image: C:\Windows\System32\WindowsPowerShell\v1.0\powershell.exe
TargetFilename: C:\Users\johnny.douche\AppData\Local\Microsoft\Windows\PowerShell\StartupProfileData-NonInteractive
CreationUtcTime: 2024-03-28 01:06:06.420
User: MY-CALDERA\johnny.douche"
MY-CAL-WIN10.my-caldera.local,11,"File created:
RuleName: DO
UtcTime: 2024-08-20 00:32:14.459
ProcessGuid: {ca24abc9-e40e-66c3-7406-000000001d00}
ProcessId: 6284
Image: C:\Windows\System32\WindowsPowerShell\v1.0\powershell.exe
TargetFilename: C:\Users\johnny.douche\AppData\Local\Microsoft\Windows\PowerShell\StartupProfileData-NonInteractive
CreationUtcTime: 2024-03-28 01:06:06.420
User: MY-CALDERA\johnny.douche"
MY-CAL-WIN10.my-caldera.local,11,"File created:
RuleName: DO
UtcTime: 2024-08-20 00:32:14.865
ProcessGuid: {ca24abc9-e40e-66c3-7506-000000001d00}
ProcessId: 1140
Image: C:\Windows\System32\WindowsPowerShell\v1.0\powershell.exe
TargetFilename: C:\Users\johnny.douche\AppData\Local\Microsoft\Windows\PowerShell\StartupProfileData-NonInteractive
CreationUtcTime: 2024-03-28 01:06:06.420
User: MY-CALDERA\johnny.douche"
MY-CAL-WIN10.my-caldera.local,11,"File created:
RuleName: DO
UtcTime: 2024-08-20 00:32:16.949
ProcessGuid: {ca24abc9-e40e-66c3-7606-000000001d00}
ProcessId: 7428
Image: C:\Windows\System32\WindowsPowerShell\v1.0\powershell.exe
TargetFilename: C:\Users\johnny.douche\AppData\Local\Temp\Microsoft.PackageManagement\y2npjoc4.guu
CreationUtcTime: 2024-08-20 00:32:16.949
User: MY-CALDERA\johnny.douche"
MY-CAL-WIN10.my-caldera.local,11,"File created:
RuleName: DO
UtcTime: 2024-08-20 00:32:16.996
ProcessGuid: {ca24abc9-e40e-66c3-7606-000000001d00}
ProcessId: 7428
Image: C:\Windows\System32\WindowsPowerShell\v1.0\powershell.exe
TargetFilename: C:\Users\johnny.douche\AppData\Local\Temp\Microsoft.PackageManagement\y2npjoc4.guu
CreationUtcTime: 2024-08-20 00:32:16.949
User: MY-CALDERA\johnny.douche"
MY-CAL-WIN10.my-caldera.local,11,"File created:
RuleName: DO
UtcTime: 2024-08-20 00:32:17.009
ProcessGuid: {ca24abc9-e40e-66c3-7606-000000001d00}
ProcessId: 7428
Image: C:\Windows\System32\WindowsPowerShell\v1.0\powershell.exe
TargetFilename: C:\Users\johnny.douche\AppData\Local\Temp\Microsoft.PackageManagement\y2npjoc4.guu
CreationUtcTime: 2024-08-20 00:32:16.949
User: MY-CALDERA\johnny.douche"
MY-CAL-WIN10.my-caldera.local,11,"File created:
RuleName: Sysmonv1514
UtcTime: 2024-08-20 00:32:30.757
ProcessGuid: {ca24abc9-d6b1-66c3-ba00-000000001d00}
ProcessId: 6760
Image: C:\Program Files\WinlogBeat\winlogbeat.exe
TargetFilename: C:\ProgramData\winlogbeat\.winlogbeat.yml.new
CreationUtcTime: 2024-08-20 00:11:02.025
User: NT AUTHORITY\SYSTEM"
MY-CAL-WIN10.my-caldera.local,11,"File created:
RuleName: DO
UtcTime: 2024-08-20 00:32:39.442
ProcessGuid: {ca24abc9-e426-66c3-8a06-000000001d00}
ProcessId: 10424
Image: C:\Windows\System32\WindowsPowerShell\v1.0\powershell.exe
TargetFilename: C:\Users\johnny.douche\AppData\Local\Temp\i5v1tejl
CreationUtcTime: 2024-08-20 00:32:39.442
User: MY-CALDERA\johnny.douche"
