RuleName: -
EventType: CreatePipe
UtcTime: 2024-08-20 18:45:39.814
ProcessGuid: {ca24abc9-e453-66c4-2100-000000001e00}
ProcessId: 1592
PipeName: \atsvc
Image: C:\Windows\system32\svchost.exe
User: NT AUTHORITY\SYSTEM"
4287,MY-CAL-WIN10.my-caldera.local,17,"Pipe Created:
RuleName: -
EventType: CreatePipe
UtcTime: 2024-08-20 18:45:39.954
ProcessGuid: {ca24abc9-e453-66c4-2100-000000001e00}
ProcessId: 1592
PipeName: \Winsock2\CatalogChangeListener-638-0
Image: C:\Windows\system32\svchost.exe
User: NT AUTHORITY\SYSTEM"
4288,MY-CAL-WIN10.my-caldera.local,17,"Pipe Created:
RuleName: -
EventType: CreatePipe
UtcTime: 2024-08-20 18:45:38.720
ProcessGuid: {ca24abc9-e452-66c4-0b00-000000001e00}
ProcessId: 756
PipeName: \ntsvcs
Image: C:\Windows\system32\services.exe
User: NT AUTHORITY\SYSTEM"
4289,MY-CAL-WIN10.my-caldera.local,17,"Pipe Created:
RuleName: -
EventType: CreatePipe
UtcTime: 2024-08-20 18:45:39.251
ProcessGuid: {ca24abc9-e452-66c4-0800-000000001e00}
ProcessId: 636
PipeName: \Winsock2\CatalogChangeListener-27c-0
Image: C:\Windows\system32\wininit.exe
User: NT AUTHORITY\SYSTEM"
4290,MY-CAL-WIN10.my-caldera.local,17,"Pipe Created:
RuleName: -
EventType: CreatePipe
UtcTime: 2024-08-20 18:45:39.298
ProcessGuid: {ca24abc9-e453-66c4-1100-000000001e00}
ProcessId: 548
PipeName: \LSM_API_service
Image: C:\Windows\system32\svchost.exe
User: NT AUTHORITY\SYSTEM"
4291,MY-CAL-WIN10.my-caldera.local,17,"Pipe Created:
RuleName: -
EventType: CreatePipe
UtcTime: 2024-08-20 18:45:39.298
ProcessGuid: {ca24abc9-e453-66c4-1100-000000001e00}
ProcessId: 548
PipeName: \Winsock2\CatalogChangeListener-224-0
Image: C:\Windows\system32\svchost.exe
User: NT AUTHORITY\SYSTEM"
4292,MY-CAL-WIN10.my-caldera.local,17,"Pipe Created:
RuleName: -
EventType: CreatePipe
UtcTime: 2024-08-20 18:45:38.767
ProcessGuid: {ca24abc9-e452-66c4-0b00-000000001e00}
ProcessId: 756
PipeName: \scerpc
Image: C:\Windows\system32\services.exe
User: NT AUTHORITY\SYSTEM"
4293,MY-CAL-WIN10.my-caldera.local,17,"Pipe Created:
RuleName: -
EventType: CreatePipe
UtcTime: 2024-08-20 18:45:39.704
ProcessGuid: {ca24abc9-e453-66c4-1700-000000001e00}
ProcessId: 1224
PipeName: \eventlog
Image: C:\Windows\System32\svchost.exe
User: NT AUTHORITY\LOCAL SERVICE"
4294,MY-CAL-WIN10.my-caldera.local,17,"Pipe Created:
RuleName: -
EventType: CreatePipe
UtcTime: 2024-08-20 18:45:39.720
ProcessGuid: {ca24abc9-e453-66c4-1700-000000001e00}
ProcessId: 1224
PipeName: \Winsock2\CatalogChangeListener-4c8-0
Image: C:\Windows\System32\svchost.exe
User: NT AUTHORITY\LOCAL SERVICE"
4295,MY-CAL-WIN10.my-caldera.local,17,"Pipe Created:
RuleName: -
EventType: CreatePipe
UtcTime: 2024-08-20 18:45:39.220
ProcessGuid: {ca24abc9-e452-66c4-0c00-000000001e00}
ProcessId: 796
PipeName: \Winsock2\CatalogChangeListener-31c-0
Image: C:\Windows\system32\lsass.exe
User: NT AUTHORITY\SYSTEM"
4296,MY-CAL-WIN10.my-caldera.local,17,"Pipe Created:
RuleName: -
EventType: CreatePipe
UtcTime: 2024-08-20 18:45:39.236
ProcessGuid: {ca24abc9-e453-66c4-1000-000000001e00}
ProcessId: 496
PipeName: \epmapper
Image: C:\Windows\system32\svchost.exe
User: NT AUTHORITY\NETWORK SERVICE"
4297,MY-CAL-WIN10.my-caldera.local,17,"Pipe Created:
RuleName: -
EventType: CreatePipe
UtcTime: 2024-08-20 18:45:39.236
ProcessGuid: {ca24abc9-e453-66c4-1000-000000001e00}
ProcessId: 496
PipeName: \Winsock2\CatalogChangeListener-1f0-0
Image: C:\Windows\system32\svchost.exe
User: NT AUTHORITY\NETWORK SERVICE"
4298,MY-CAL-WIN10.my-caldera.local,17,"Pipe Created:
RuleName: -
EventType: CreatePipe
UtcTime: 2024-08-20 18:45:40.470
ProcessGuid: {ca24abc9-e454-66c4-4300-000000001e00}
ProcessId: 1584
PipeName: \spoolss
Image: C:\Windows\System32\spoolsv.exe
User: NT AUTHORITY\SYSTEM"
4299,MY-CAL-WIN10.my-caldera.local,17,"Pipe Created:
RuleName: -
EventType: CreatePipe
UtcTime: 2024-08-20 18:45:40.470
ProcessGuid: {ca24abc9-e454-66c4-4300-000000001e00}
ProcessId: 1584
PipeName: \Winsock2\CatalogChangeListener-630-0
Image: C:\Windows\System32\spoolsv.exe
User: NT AUTHORITY\SYSTEM"
4300,MY-CAL-WIN10.my-caldera.local,17,"Pipe Created:
RuleName: -
EventType: CreatePipe
UtcTime: 2024-08-20 18:45:40.720
ProcessGuid: {ca24abc9-e454-66c4-4700-000000001e00}
ProcessId: 3296
PipeName: \wkssvc
Image: C:\Windows\System32\svchost.exe
User: NT AUTHORITY\NETWORK SERVICE"
4301,MY-CAL-WIN10.my-caldera.local,17,"Pipe Created:
RuleName: -
EventType: CreatePipe
UtcTime: 2024-08-20 18:45:40.720
ProcessGuid: {ca24abc9-e454-66c4-4600-000000001e00}
ProcessId: 3248
PipeName: \DAV RPC SERVICE
Image: C:\Windows\system32\svchost.exe
User: NT AUTHORITY\LOCAL SERVICE"
4302,MY-CAL-WIN10.my-caldera.local,17,"Pipe Created:
RuleName: -
EventType: CreatePipe
UtcTime: 2024-08-20 18:45:40.814
ProcessGuid: {ca24abc9-e454-66c4-5000-000000001e00}
ProcessId: 3552
PipeName: \trkwks
Image: C:\Windows\System32\svchost.exe
User: NT AUTHORITY\SYSTEM"
4303,MY-CAL-WIN10.my-caldera.local,17,"Pipe Created:
RuleName: -
EventType: CreatePipe
UtcTime: 2024-08-20 18:45:43.157
ProcessGuid: {ca24abc9-e455-66c4-5a00-000000001e00}
ProcessId: 4012
PipeName: \srvsvc
Image: C:\Windows\system32\svchost.exe
User: NT AUTHORITY\SYSTEM"
4304,MY-CAL-WIN10.my-caldera.local,17,"Pipe Created:
RuleName: -
EventType: CreatePipe
UtcTime: 2024-08-20 18:45:44.309
ProcessGuid: {ca24abc9-e455-66c4-5c00-000000001e00}
ProcessId: 4064
PipeName: \ROUTER
Image: C:\Windows\System32\svchost.exe
User: NT AUTHORITY\SYSTEM"
4305,MY-CAL-WIN10.my-caldera.local,17,"Pipe Created:
RuleName: -
EventType: CreatePipe
UtcTime: 2024-08-20 18:45:45.156
ProcessGuid: {ca24abc9-e454-66c4-4b00-000000001e00}
ProcessId: 3488
PipeName: <Anonymous Pipe>
Image: C:\Program Files\Orbit\bin\orbit\orbit.exe
User: NT AUTHORITY\SYSTEM"
4306,MY-CAL-WIN10.my-caldera.local,17,"Pipe Created:
RuleName: -
EventType: CreatePipe
UtcTime: 2024-08-20 18:45:45.156
ProcessGuid: {ca24abc9-e454-66c4-4b00-000000001e00}
ProcessId: 3488
PipeName: <Anonymous Pipe>
Image: C:\Program Files\Orbit\bin\orbit\orbit.exe
User: NT AUTHORITY\SYSTEM"
4307,MY-CAL-WIN10.my-caldera.local,17,"Pipe Created:
RuleName: -
EventType: CreatePipe
UtcTime: 2024-08-20 18:45:45.387
ProcessGuid: {ca24abc9-e454-66c4-3300-000000001e00}
ProcessId: 2328
PipeName: \Winsock2\CatalogChangeListener-918-0
Image: C:\Windows\system32\svchost.exe
User: NT AUTHORITY\NETWORK SERVICE"
4308,MY-CAL-WIN10.my-caldera.local,17,"Pipe Created:
RuleName: -
EventType: CreatePipe
UtcTime: 2024-08-20 18:45:46.215
ProcessGuid: {ca24abc9-e452-66c4-0b00-000000001e00}
ProcessId: 756
PipeName: \Winsock2\CatalogChangeListener-2f4-0
Image: C:\Windows\system32\services.exe
User: NT AUTHORITY\SYSTEM"
4309,MY-CAL-WIN10.my-caldera.local,17,"Pipe Created:
RuleName: -
EventType: CreatePipe
UtcTime: 2024-08-20 18:45:49.143
ProcessGuid: {ca24abc9-e454-66c4-3100-000000001e00}
ProcessId: 2284
PipeName: <Anonymous Pipe>
Image: C:\Windows\SYSTEM32\cmd.exe
User: NT AUTHORITY\SYSTEM"
4310,MY-CAL-WIN10.my-caldera.local,17,"Pipe Created:
RuleName: -
EventType: CreatePipe
UtcTime: 2024-08-20 18:45:46.642
ProcessGuid: {ca24abc9-e454-66c4-3900-000000001e00}
ProcessId: 2536
PipeName: \PIPE_EVENTROOT\CIMV2SCM EVENT PROVIDER
Image: C:\Windows\system32\svchost.exe
User: NT AUTHORITY\SYSTEM"
4311,MY-CAL-WIN10.my-caldera.local,17,"Pipe Created:
RuleName: -
EventType: CreatePipe
UtcTime: 2024-08-20 18:45:50.956
ProcessGuid: {ca24abc9-e454-66c4-3100-000000001e00}
ProcessId: 2284
PipeName: <Anonymous Pipe>
Image: C:\Windows\SYSTEM32\cmd.exe
User: NT AUTHORITY\SYSTEM"
4312,MY-CAL-WIN10.my-caldera.local,17,"Pipe Created:
RuleName: -
EventType: CreatePipe
UtcTime: 2024-08-20 18:45:49.174
ProcessGuid: {ca24abc9-e45d-66c4-6b00-000000001e00}
ProcessId: 3476
PipeName: <Anonymous Pipe>
Image: C:\Windows\system32\cmd.exe
User: NT AUTHORITY\SYSTEM"
4313,MY-CAL-WIN10.my-caldera.local,17,"Pipe Created:
RuleName: -
EventType: CreatePipe
UtcTime: 2024-08-20 18:49:08.953
ProcessGuid: {ca24abc9-e523-66c4-0901-000000001e00}
ProcessId: 6804
PipeName: \708.1daf331a2bf22c9
Image: C:\Windows\system32\MpSigStub.exe
User: NT AUTHORITY\SYSTEM"
4314,MY-CAL-WIN10.my-caldera.local,17,"Pipe Created:
RuleName: -
EventType: CreatePipe
UtcTime: 2024-08-20 17:13:59.077
ProcessGuid: {ca24abc9-cd45-66c4-a890-000000001900}
ProcessId: 13068
PipeName: \LOCAL\mojo.13068.27948.16570309487591786161
Image: C:\Program Files (x86)\Microsoft\Edge\Application\msedge.exe
User: MY-CALDERA\johnny.douche"
4315,MY-CAL-WIN10.my-caldera.local,17,"Pipe Created:
RuleName: -
EventType: CreatePipe
UtcTime: 2024-08-20 17:56:10.885
ProcessGuid: {ca24abc9-d8ba-66c4-3a92-000000001900}
ProcessId: 27680
PipeName: \MsFteWds
Image: C:\Windows\system32\SearchIndexer.exe
User: NT AUTHORITY\SYSTEM"
4316,MY-CAL-WIN10.my-caldera.local,17,"Pipe Created:
RuleName: -
EventType: CreatePipe
UtcTime: 2024-08-20 17:56:11.015
ProcessGuid: {ca24abc9-d8ba-66c4-3a92-000000001900}
ProcessId: 27680
PipeName: \SearchTextHarvester
Image: C:\Windows\system32\SearchIndexer.exe
User: NT AUTHORITY\SYSTEM"
4317,MY-CAL-WIN10.my-caldera.local,17,"Pipe Created:
RuleName: -
EventType: CreatePipe
UtcTime: 2024-08-20 17:08:19.488
ProcessGuid: {ca24abc9-cd45-66c4-a890-000000001900}
ProcessId: 13068
PipeName: \LOCAL\mojo.13068.27948.6114188737229673859
Image: C:\Program Files (x86)\Microsoft\Edge\Application\msedge.exe
User: MY-CALDERA\johnny.douche"
4318,MY-CAL-WIN10.my-caldera.local,17,"Pipe Created:
RuleName: -
EventType: CreatePipe
UtcTime: 2024-08-20 17:08:17.052
ProcessGuid: {ca24abc9-cd45-66c4-a890-000000001900}
ProcessId: 13068
PipeName: \LOCAL\mojo.external_task_manager_13068
Image: C:\Program Files (x86)\Microsoft\Edge\Application\msedge.exe
User: MY-CALDERA\johnny.douche"
4319,MY-CAL-WIN10.my-caldera.local,17,"Pipe Created:
RuleName: -
EventType: CreatePipe
UtcTime: 2024-08-20 17:08:17.347
ProcessGuid: {ca24abc9-cd45-66c4-a890-000000001900}
ProcessId: 13068
PipeName: \LOCAL\mojo.13068.27948.12194857978346288669
Image: C:\Program Files (x86)\Microsoft\Edge\Application\msedge.exe
User: MY-CALDERA\johnny.douche"
4320,MY-CAL-WIN10.my-caldera.local,17,"Pipe Created:
RuleName: -
EventType: CreatePipe
UtcTime: 2024-08-20 17:10:05.610
ProcessGuid: {ca24abc9-cd45-66c4-a890-000000001900}
ProcessId: 13068
PipeName: \LOCAL\mojo.13068.27948.2203253492925811026
Image: C:\Program Files (x86)\Microsoft\Edge\Application\msedge.exe
User: MY-CALDERA\johnny.douche"
4321,MY-CAL-WIN10.my-caldera.local,17,"Pipe Created:
RuleName: -
EventType: CreatePipe
UtcTime: 2024-08-20 17:14:16.123
ProcessGuid: {ca24abc9-c417-66c4-cf8e-000000001900}
ProcessId: 13956
PipeName: \LOCAL\mojo.13956.13612.12826492764561112096
Image: C:\Program Files (x86)\Microsoft\Edge\Application\msedge.exe
User: MY-CAL-WIN10\Johnny Douche"
4322,MY-CAL-WIN10.my-caldera.local,17,"Pipe Created:
RuleName: -
EventType: CreatePipe
UtcTime: 2024-08-20 17:14:11.076
ProcessGuid: {ca24abc9-c417-66c4-cf8e-000000001900}
ProcessId: 13956
PipeName: \LOCAL\mojo.13956.13612.4863228518293752764
Image: C:\Program Files (x86)\Microsoft\Edge\Application\msedge.exe
User: MY-CAL-WIN10\Johnny Douche"
4323,MY-CAL-WIN10.my-caldera.local,17,"Pipe Created:
RuleName: -
EventType: CreatePipe
UtcTime: 2024-08-20 17:55:04.377
ProcessGuid: {ca24abc9-d876-66c4-cd91-000000001900}
ProcessId: 26840
PipeName: \SearchTextHarvester
Image: C:\Windows\system32\SearchIndexer.exe
User: NT AUTHORITY\SYSTEM"
4324,MY-CAL-WIN10.my-caldera.local,17,"Pipe Created:
RuleName: -
EventType: CreatePipe
UtcTime: 2024-08-20 17:55:04.044
ProcessGuid: {ca24abc9-d876-66c4-cd91-000000001900}
ProcessId: 26840
PipeName: \MsFteWds
Image: C:\Windows\system32\SearchIndexer.exe
User: NT AUTHORITY\SYSTEM"
4325,MY-CAL-WIN10.my-caldera.local,17,"Pipe Created:
RuleName: -
EventType: CreatePipe
UtcTime: 2024-08-20 17:55:57.768
ProcessGuid: {ca24abc9-d88d-66c4-ea91-000000001900}
ProcessId: 10908
PipeName: <Anonymous Pipe>
Image: c:\Windows\syswow64\MsiExec.exe
User: NT AUTHORITY\SYSTEM"
4326,MY-CAL-WIN10.my-caldera.local,17,"Pipe Created:
RuleName: -
EventType: CreatePipe
UtcTime: 2024-08-20 17:55:58.397
ProcessGuid: {ca24abc9-d88d-66c4-ea91-000000001900}
ProcessId: 10908
PipeName: <Anonymous Pipe>
Image: c:\Windows\syswow64\MsiExec.exe
User: NT AUTHORITY\SYSTEM"
4327,MY-CAL-WIN10.my-caldera.local,17,"Pipe Created:
RuleName: -
EventType: CreatePipe
UtcTime: 2024-08-20 17:55:57.189
ProcessGuid: {ca24abc9-d88d-66c4-ea91-000000001900}
ProcessId: 10908
PipeName: <Anonymous Pipe>
Image: c:\Windows\syswow64\MsiExec.exe
User: NT AUTHORITY\SYSTEM"
4328,MY-CAL-WIN10.my-caldera.local,17,"Pipe Created:
RuleName: -
EventType: CreatePipe
UtcTime: 2024-08-20 17:55:58.115
ProcessGuid: {ca24abc9-d88d-66c4-ea91-000000001900}
ProcessId: 10908
PipeName: <Anonymous Pipe>
Image: c:\Windows\syswow64\MsiExec.exe
User: NT AUTHORITY\SYSTEM"
4329,MY-CAL-WIN10.my-caldera.local,17,"Pipe Created:
RuleName: -
EventType: CreatePipe
UtcTime: 2024-08-20 17:55:59.752
ProcessGuid: {ca24abc9-d88d-66c4-ea91-000000001900}
ProcessId: 10908
PipeName: <Anonymous Pipe>
Image: c:\Windows\syswow64\MsiExec.exe
User: NT AUTHORITY\SYSTEM"
4330,MY-CAL-WIN10.my-caldera.local,17,"Pipe Created:
RuleName: -
EventType: CreatePipe
UtcTime: 2024-08-20 17:55:58.115
ProcessGuid: {ca24abc9-d88d-66c4-ea91-000000001900}
ProcessId: 10908
PipeName: <Anonymous Pipe>
Image: c:\Windows\syswow64\MsiExec.exe
User: NT AUTHORITY\SYSTEM"
4331,MY-CAL-WIN10.my-caldera.local,17,"Pipe Created:
RuleName: -
EventType: CreatePipe
UtcTime: 2024-08-20 17:55:58.889
ProcessGuid: {ca24abc9-d88d-66c4-ea91-000000001900}
ProcessId: 10908
PipeName: <Anonymous Pipe>
Image: c:\Windows\syswow64\MsiExec.exe
User: NT AUTHORITY\SYSTEM"
4332,MY-CAL-WIN10.my-caldera.local,17,"Pipe Created:
RuleName: -
EventType: CreatePipe
UtcTime: 2024-08-20 17:56:03.021
ProcessGuid: {ca24abc9-d88d-66c4-ea91-000000001900}
ProcessId: 10908
PipeName: <Anonymous Pipe>
Image: c:\Windows\syswow64\MsiExec.exe
User: NT AUTHORITY\SYSTEM"
4333,MY-CAL-WIN10.my-caldera.local,17,"Pipe Created:
RuleName: -
EventType: CreatePipe
UtcTime: 2024-08-20 17:55:57.026
ProcessGuid: {ca24abc9-d88d-66c4-ea91-000000001900}
ProcessId: 10908
PipeName: <Anonymous Pipe>
Image: c:\Windows\syswow64\MsiExec.exe
User: NT AUTHORITY\SYSTEM"
4334,MY-CAL-WIN10.my-caldera.local,17,"Pipe Created:
RuleName: -
EventType: CreatePipe
UtcTime: 2024-08-20 17:55:59.984
ProcessGuid: {ca24abc9-d88d-66c4-ea91-000000001900}
ProcessId: 10908
PipeName: <Anonymous Pipe>
Image: c:\Windows\syswow64\MsiExec.exe
User: NT AUTHORITY\SYSTEM"
4335,MY-CAL-WIN10.my-caldera.local,17,"Pipe Created:
RuleName: -
EventType: CreatePipe
UtcTime: 2024-08-20 17:56:00.585
ProcessGuid: {ca24abc9-d88d-66c4-ea91-000000001900}
ProcessId: 10908
PipeName: <Anonymous Pipe>
Image: c:\Windows\syswow64\MsiExec.exe
User: NT AUTHORITY\SYSTEM"
4336,MY-CAL-WIN10.my-caldera.local,17,"Pipe Created:
RuleName: -
EventType: CreatePipe
UtcTime: 2024-08-20 17:55:58.525
ProcessGuid: {ca24abc9-d88d-66c4-ea91-000000001900}
ProcessId: 10908
PipeName: <Anonymous Pipe>
Image: c:\Windows\syswow64\MsiExec.exe
User: NT AUTHORITY\SYSTEM"
4337,MY-CAL-WIN10.my-caldera.local,17,"Pipe Created:
RuleName: -
EventType: CreatePipe
UtcTime: 2024-08-20 17:55:56.419
ProcessGuid: {ca24abc9-d88d-66c4-ea91-000000001900}
ProcessId: 10908
PipeName: <Anonymous Pipe>
Image: c:\Windows\syswow64\MsiExec.exe
User: NT AUTHORITY\SYSTEM"
4338,MY-CAL-WIN10.my-caldera.local,17,"Pipe Created:
RuleName: -
EventType: CreatePipe
UtcTime: 2024-08-20 17:55:57.190
ProcessGuid: {ca24abc9-d88d-66c4-ea91-000000001900}
ProcessId: 10908
PipeName: <Anonymous Pipe>
Image: c:\Windows\syswow64\MsiExec.exe
User: NT AUTHORITY\SYSTEM"
4339,MY-CAL-WIN10.my-caldera.local,17,"Pipe Created:
RuleName: -
EventType: CreatePipe
UtcTime: 2024-08-20 17:55:58.781
ProcessGuid: {ca24abc9-d88d-66c4-ea91-000000001900}
ProcessId: 10908
PipeName: <Anonymous Pipe>
Image: c:\Windows\syswow64\MsiExec.exe
User: NT AUTHORITY\SYSTEM"
4340,MY-CAL-WIN10.my-caldera.local,17,"Pipe Created:
RuleName: -
EventType: CreatePipe
UtcTime: 2024-08-20 17:55:58.890
ProcessGuid: {ca24abc9-d88d-66c4-ea91-000000001900}
ProcessId: 10908
PipeName: <Anonymous Pipe>
Image: c:\Windows\syswow64\MsiExec.exe
User: NT AUTHORITY\SYSTEM"
4341,MY-CAL-WIN10.my-caldera.local,17,"Pipe Created:
RuleName: -
EventType: CreatePipe
UtcTime: 2024-08-20 17:56:03.021
ProcessGuid: {ca24abc9-d88d-66c4-ea91-000000001900}
ProcessId: 10908
PipeName: <Anonymous Pipe>
Image: c:\Windows\syswow64\MsiExec.exe
User: NT AUTHORITY\SYSTEM"
4342,MY-CAL-WIN10.my-caldera.local,17,"Pipe Created:
RuleName: -
EventType: CreatePipe
UtcTime: 2024-08-20 17:55:57.506
ProcessGuid: {ca24abc9-d88d-66c4-ea91-000000001900}
ProcessId: 10908
PipeName: <Anonymous Pipe>
Image: c:\Windows\syswow64\MsiExec.exe
User: NT AUTHORITY\SYSTEM"
4343,MY-CAL-WIN10.my-caldera.local,17,"Pipe Created:
RuleName: -
EventType: CreatePipe
UtcTime: 2024-08-20 17:55:57.887
ProcessGuid: {ca24abc9-d88d-66c4-ea91-000000001900}
ProcessId: 10908
PipeName: <Anonymous Pipe>
Image: c:\Windows\syswow64\MsiExec.exe
User: NT AUTHORITY\SYSTEM"
4344,MY-CAL-WIN10.my-caldera.local,17,"Pipe Created:
RuleName: -
EventType: CreatePipe
UtcTime: 2024-08-20 17:55:59.368
ProcessGuid: {ca24abc9-d88d-66c4-ea91-000000001900}
ProcessId: 10908
PipeName: <Anonymous Pipe>
Image: c:\Windows\syswow64\MsiExec.exe
User: NT AUTHORITY\SYSTEM"
4345,MY-CAL-WIN10.my-caldera.local,17,"Pipe Created:
RuleName: -
EventType: CreatePipe
UtcTime: 2024-08-20 17:55:55.620
ProcessGuid: {ca24abc9-d88d-66c4-ea91-000000001900}
ProcessId: 10908
PipeName: <Anonymous Pipe>
Image: c:\Windows\syswow64\MsiExec.exe
User: NT AUTHORITY\SYSTEM"
4346,MY-CAL-WIN10.my-caldera.local,17,"Pipe Created:
RuleName: -
EventType: CreatePipe
UtcTime: 2024-08-20 17:55:58.269
ProcessGuid: {ca24abc9-d88d-66c4-ea91-000000001900}
ProcessId: 10908
PipeName: <Anonymous Pipe>
Image: c:\Windows\syswow64\MsiExec.exe
User: NT AUTHORITY\SYSTEM"
4347,MY-CAL-WIN10.my-caldera.local,17,"Pipe Created:
RuleName: -
EventType: CreatePipe
UtcTime: 2024-08-20 17:55:58.658
ProcessGuid: {ca24abc9-d88d-66c4-ea91-000000001900}
ProcessId: 10908
PipeName: <Anonymous Pipe>
Image: c:\Windows\syswow64\MsiExec.exe
User: NT AUTHORITY\SYSTEM"
4348,MY-CAL-WIN10.my-caldera.local,17,"Pipe Created:
RuleName: -
EventType: CreatePipe
UtcTime: 2024-08-20 17:56:00.206
ProcessGuid: {ca24abc9-d88d-66c4-ea91-000000001900}
ProcessId: 10908
PipeName: <Anonymous Pipe>
Image: c:\Windows\syswow64\MsiExec.exe
User: NT AUTHORITY\SYSTEM"
4349,MY-CAL-WIN10.my-caldera.local,17,"Pipe Created:
RuleName: -
EventType: CreatePipe
UtcTime: 2024-08-20 17:56:00.585
ProcessGuid: {ca24abc9-d88d-66c4-ea91-000000001900}
ProcessId: 10908
PipeName: <Anonymous Pipe>
Image: c:\Windows\syswow64\MsiExec.exe
User: NT AUTHORITY\SYSTEM"
4350,MY-CAL-WIN10.my-caldera.local,17,"Pipe Created:
RuleName: -
EventType: CreatePipe
UtcTime: 2024-08-20 17:55:55.621
ProcessGuid: {ca24abc9-d88d-66c4-ea91-000000001900}
ProcessId: 10908
PipeName: <Anonymous Pipe>
Image: c:\Windows\syswow64\MsiExec.exe
User: NT AUTHORITY\SYSTEM"
4351,MY-CAL-WIN10.my-caldera.local,17,"Pipe Created:
RuleName: -
EventType: CreatePipe
UtcTime: 2024-08-20 17:55:58.269
ProcessGuid: {ca24abc9-d88d-66c4-ea91-000000001900}
ProcessId: 10908
PipeName: <Anonymous Pipe>
Image: c:\Windows\syswow64\MsiExec.exe
User: NT AUTHORITY\SYSTEM"
4352,MY-CAL-WIN10.my-caldera.local,17,"Pipe Created:
RuleName: -
EventType: CreatePipe
UtcTime: 2024-08-20 17:55:58.659
ProcessGuid: {ca24abc9-d88d-66c4-ea91-000000001900}
ProcessId: 10908
PipeName: <Anonymous Pipe>
Image: c:\Windows\syswow64\MsiExec.exe
User: NT AUTHORITY\SYSTEM"
4353,MY-CAL-WIN10.my-caldera.local,17,"Pipe Created:
RuleName: -
EventType: CreatePipe
UtcTime: 2024-08-20 17:55:59.123
ProcessGuid: {ca24abc9-d88d-66c4-ea91-000000001900}
ProcessId: 10908
PipeName: <Anonymous Pipe>
Image: c:\Windows\syswow64\MsiExec.exe
User: NT AUTHORITY\SYSTEM"
4354,MY-CAL-WIN10.my-caldera.local,17,"Pipe Created:
RuleName: -
EventType: CreatePipe
UtcTime: 2024-08-20 17:55:56.879
ProcessGuid: {ca24abc9-d88d-66c4-ea91-000000001900}
ProcessId: 10908
PipeName: <Anonymous Pipe>
Image: c:\Windows\syswow64\MsiExec.exe
User: NT AUTHORITY\SYSTEM"
4355,MY-CAL-WIN10.my-caldera.local,17,"Pipe Created:
RuleName: -
EventType: CreatePipe
UtcTime: 2024-08-20 17:55:57.328
ProcessGuid: {ca24abc9-d88d-66c4-ea91-000000001900}
ProcessId: 10908
PipeName: <Anonymous Pipe>
Image: c:\Windows\syswow64\MsiExec.exe
User: NT AUTHORITY\SYSTEM"
4356,MY-CAL-WIN10.my-caldera.local,17,"Pipe Created:
RuleName: -
EventType: CreatePipe
UtcTime: 2024-08-20 17:55:58.526
ProcessGuid: {ca24abc9-d88d-66c4-ea91-000000001900}
ProcessId: 10908
PipeName: <Anonymous Pipe>
Image: c:\Windows\syswow64\MsiExec.exe
User: NT AUTHORITY\SYSTEM"
4357,MY-CAL-WIN10.my-caldera.local,17,"Pipe Created:
RuleName: -
EventType: CreatePipe
UtcTime: 2024-08-20 17:55:59.635
ProcessGuid: {ca24abc9-d88d-66c4-ea91-000000001900}
ProcessId: 10908
PipeName: <Anonymous Pipe>
Image: c:\Windows\syswow64\MsiExec.exe
User: NT AUTHORITY\SYSTEM"
4358,MY-CAL-WIN10.my-caldera.local,17,"Pipe Created:
RuleName: -
EventType: CreatePipe
UtcTime: 2024-08-20 17:55:59.862
ProcessGuid: {ca24abc9-d88d-66c4-ea91-000000001900}
ProcessId: 10908
PipeName: <Anonymous Pipe>
Image: c:\Windows\syswow64\MsiExec.exe
User: NT AUTHORITY\SYSTEM"
4359,MY-CAL-WIN10.my-caldera.local,17,"Pipe Created:
RuleName: -
EventType: CreatePipe
UtcTime: 2024-08-20 17:56:00.485
ProcessGuid: {ca24abc9-d88d-66c4-ea91-000000001900}
ProcessId: 10908
PipeName: <Anonymous Pipe>
Image: c:\Windows\syswow64\MsiExec.exe
User: NT AUTHORITY\SYSTEM"
4360,MY-CAL-WIN10.my-caldera.local,17,"Pipe Created:
RuleName: -
EventType: CreatePipe
UtcTime: 2024-08-20 17:55:57.768
ProcessGuid: {ca24abc9-d88d-66c4-ea91-000000001900}
ProcessId: 10908
PipeName: <Anonymous Pipe>
Image: c:\Windows\syswow64\MsiExec.exe
User: NT AUTHORITY\SYSTEM"
4361,MY-CAL-WIN10.my-caldera.local,17,"Pipe Created:
RuleName: -
EventType: CreatePipe
UtcTime: 2024-08-20 17:55:58.397
ProcessGuid: {ca24abc9-d88d-66c4-ea91-000000001900}
ProcessId: 10908
PipeName: <Anonymous Pipe>
Image: c:\Windows\syswow64\MsiExec.exe
User: NT AUTHORITY\SYSTEM"
4362,MY-CAL-WIN10.my-caldera.local,17,"Pipe Created:
RuleName: -
EventType: CreatePipe
UtcTime: 2024-08-20 17:55:59.013
ProcessGuid: {ca24abc9-d88d-66c4-ea91-000000001900}
ProcessId: 10908
PipeName: <Anonymous Pipe>
Image: c:\Windows\syswow64\MsiExec.exe
User: NT AUTHORITY\SYSTEM"
4363,MY-CAL-WIN10.my-caldera.local,17,"Pipe Created:
RuleName: -
EventType: CreatePipe
UtcTime: 2024-08-20 17:55:59.251
ProcessGuid: {ca24abc9-d88d-66c4-ea91-000000001900}
ProcessId: 10908
PipeName: <Anonymous Pipe>
Image: c:\Windows\syswow64\MsiExec.exe
User: NT AUTHORITY\SYSTEM"
4364,MY-CAL-WIN10.my-caldera.local,17,"Pipe Created:
RuleName: -
EventType: CreatePipe
UtcTime: 2024-08-20 17:55:59.635
ProcessGuid: {ca24abc9-d88d-66c4-ea91-000000001900}
ProcessId: 10908
PipeName: <Anonymous Pipe>
Image: c:\Windows\syswow64\MsiExec.exe
User: NT AUTHORITY\SYSTEM"
4365,MY-CAL-WIN10.my-caldera.local,17,"Pipe Created:
RuleName: -
EventType: CreatePipe
UtcTime: 2024-08-20 17:56:00.090
ProcessGuid: {ca24abc9-d88d-66c4-ea91-000000001900}
ProcessId: 10908
PipeName: <Anonymous Pipe>
Image: c:\Windows\syswow64\MsiExec.exe
User: NT AUTHORITY\SYSTEM"
4366,MY-CAL-WIN10.my-caldera.local,17,"Pipe Created:
RuleName: -
EventType: CreatePipe
UtcTime: 2024-08-20 17:55:59.013
ProcessGuid: {ca24abc9-d88d-66c4-ea91-000000001900}
ProcessId: 10908
PipeName: <Anonymous Pipe>
Image: c:\Windows\syswow64\MsiExec.exe
User: NT AUTHORITY\SYSTEM"
4367,MY-CAL-WIN10.my-caldera.local,17,"Pipe Created:
RuleName: -
EventType: CreatePipe
UtcTime: 2024-08-20 17:55:59.123
ProcessGuid: {ca24abc9-d88d-66c4-ea91-000000001900}
ProcessId: 10908
PipeName: <Anonymous Pipe>
Image: c:\Windows\syswow64\MsiExec.exe
User: NT AUTHORITY\SYSTEM"
4368,MY-CAL-WIN10.my-caldera.local,17,"Pipe Created:
RuleName: -
EventType: CreatePipe
UtcTime: 2024-08-20 17:56:00.353
ProcessGuid: {ca24abc9-d88d-66c4-ea91-000000001900}
ProcessId: 10908
PipeName: <Anonymous Pipe>
Image: c:\Windows\syswow64\MsiExec.exe
User: NT AUTHORITY\SYSTEM"
4369,MY-CAL-WIN10.my-caldera.local,17,"Pipe Created:
RuleName: -
EventType: CreatePipe
UtcTime: 2024-08-20 17:55:55.901
ProcessGuid: {ca24abc9-d88d-66c4-ea91-000000001900}
ProcessId: 10908
PipeName: <Anonymous Pipe>
Image: c:\Windows\syswow64\MsiExec.exe
User: NT AUTHORITY\SYSTEM"
4370,MY-CAL-WIN10.my-caldera.local,17,"Pipe Created:
RuleName: -
EventType: CreatePipe
UtcTime: 2024-08-20 17:55:56.420
ProcessGuid: {ca24abc9-d88d-66c4-ea91-000000001900}
ProcessId: 10908
PipeName: <Anonymous Pipe>
Image: c:\Windows\syswow64\MsiExec.exe
User: NT AUTHORITY\SYSTEM"
4371,MY-CAL-WIN10.my-caldera.local,17,"Pipe Created:
RuleName: -
EventType: CreatePipe
UtcTime: 2024-08-20 17:55:57.643
ProcessGuid: {ca24abc9-d88d-66c4-ea91-000000001900}
ProcessId: 10908
PipeName: <Anonymous Pipe>
Image: c:\Windows\syswow64\MsiExec.exe
User: NT AUTHORITY\SYSTEM"
4372,MY-CAL-WIN10.my-caldera.local,17,"Pipe Created:
RuleName: -
EventType: CreatePipe
UtcTime: 2024-08-20 17:55:58.003
ProcessGuid: {ca24abc9-d88d-66c4-ea91-000000001900}
ProcessId: 10908
PipeName: <Anonymous Pipe>
Image: c:\Windows\syswow64\MsiExec.exe
User: NT AUTHORITY\SYSTEM"
4373,MY-CAL-WIN10.my-caldera.local,17,"Pipe Created:
RuleName: -
EventType: CreatePipe
UtcTime: 2024-08-20 17:55:58.781
ProcessGuid: {ca24abc9-d88d-66c4-ea91-000000001900}
ProcessId: 10908
PipeName: <Anonymous Pipe>
Image: c:\Windows\syswow64\MsiExec.exe
User: NT AUTHORITY\SYSTEM"
4374,MY-CAL-WIN10.my-caldera.local,17,"Pipe Created:
RuleName: -
EventType: CreatePipe
UtcTime: 2024-08-20 17:55:59.512
ProcessGuid: {ca24abc9-d88d-66c4-ea91-000000001900}
ProcessId: 10908
PipeName: <Anonymous Pipe>
Image: c:\Windows\syswow64\MsiExec.exe
User: NT AUTHORITY\SYSTEM"
4375,MY-CAL-WIN10.my-caldera.local,17,"Pipe Created:
RuleName: -
EventType: CreatePipe
UtcTime: 2024-08-20 17:56:00.353
ProcessGuid: {ca24abc9-d88d-66c4-ea91-000000001900}
ProcessId: 10908
PipeName: <Anonymous Pipe>
Image: c:\Windows\syswow64\MsiExec.exe
User: NT AUTHORITY\SYSTEM"
4376,MY-CAL-WIN10.my-caldera.local,17,"Pipe Created:
RuleName: -
EventType: CreatePipe
UtcTime: 2024-08-20 17:55:56.879
ProcessGuid: {ca24abc9-d88d-66c4-ea91-000000001900}
ProcessId: 10908
PipeName: <Anonymous Pipe>
Image: c:\Windows\syswow64\MsiExec.exe
User: NT AUTHORITY\SYSTEM"
4377,MY-CAL-WIN10.my-caldera.local,17,"Pipe Created:
RuleName: -
EventType: CreatePipe
UtcTime: 2024-08-20 17:55:57.328
ProcessGuid: {ca24abc9-d88d-66c4-ea91-000000001900}
ProcessId: 10908
PipeName: <Anonymous Pipe>
Image: c:\Windows\syswow64\MsiExec.exe
User: NT AUTHORITY\SYSTEM"
4378,MY-CAL-WIN10.my-caldera.local,17,"Pipe Created:
RuleName: -
EventType: CreatePipe
UtcTime: 2024-08-20 17:55:57.507
ProcessGuid: {ca24abc9-d88d-66c4-ea91-000000001900}
ProcessId: 10908
PipeName: <Anonymous Pipe>
Image: c:\Windows\syswow64\MsiExec.exe
User: NT AUTHORITY\SYSTEM"
4379,MY-CAL-WIN10.my-caldera.local,17,"Pipe Created:
RuleName: -
EventType: CreatePipe
UtcTime: 2024-08-20 17:55:57.887
ProcessGuid: {ca24abc9-d88d-66c4-ea91-000000001900}
ProcessId: 10908
PipeName: <Anonymous Pipe>
Image: c:\Windows\syswow64\MsiExec.exe
User: NT AUTHORITY\SYSTEM"
4380,MY-CAL-WIN10.my-caldera.local,17,"Pipe Created:
RuleName: -
EventType: CreatePipe
UtcTime: 2024-08-20 17:55:59.368
ProcessGuid: {ca24abc9-d88d-66c4-ea91-000000001900}
ProcessId: 10908
PipeName: <Anonymous Pipe>
Image: c:\Windows\syswow64\MsiExec.exe
User: NT AUTHORITY\SYSTEM"
4381,MY-CAL-WIN10.my-caldera.local,17,"Pipe Created:
RuleName: -
EventType: CreatePipe
UtcTime: 2024-08-20 17:55:59.751
ProcessGuid: {ca24abc9-d88d-66c4-ea91-000000001900}
ProcessId: 10908
PipeName: <Anonymous Pipe>
Image: c:\Windows\syswow64\MsiExec.exe
User: NT AUTHORITY\SYSTEM"
4382,MY-CAL-WIN10.my-caldera.local,17,"Pipe Created:
RuleName: -
EventType: CreatePipe
UtcTime: 2024-08-20 17:55:59.862
ProcessGuid: {ca24abc9-d88d-66c4-ea91-000000001900}
ProcessId: 10908
PipeName: <Anonymous Pipe>
Image: c:\Windows\syswow64\MsiExec.exe
User: NT AUTHORITY\SYSTEM"
4383,MY-CAL-WIN10.my-caldera.local,17,"Pipe Created:
RuleName: -
EventType: CreatePipe
UtcTime: 2024-08-20 17:56:00.206
ProcessGuid: {ca24abc9-d88d-66c4-ea91-000000001900}
ProcessId: 10908
PipeName: <Anonymous Pipe>
Image: c:\Windows\syswow64\MsiExec.exe
User: NT AUTHORITY\SYSTEM"
4384,MY-CAL-WIN10.my-caldera.local,17,"Pipe Created:
RuleName: -
EventType: CreatePipe
UtcTime: 2024-08-20 17:56:00.485
ProcessGuid: {ca24abc9-d88d-66c4-ea91-000000001900}
ProcessId: 10908
PipeName: <Anonymous Pipe>
Image: c:\Windows\syswow64\MsiExec.exe
User: NT AUTHORITY\SYSTEM"
4385,MY-CAL-WIN10.my-caldera.local,17,"Pipe Created:
RuleName: -
EventType: CreatePipe
UtcTime: 2024-08-20 17:55:55.901
ProcessGuid: {ca24abc9-d88d-66c4-ea91-000000001900}
ProcessId: 10908
PipeName: <Anonymous Pipe>
Image: c:\Windows\syswow64\MsiExec.exe
User: NT AUTHORITY\SYSTEM"
4386,MY-CAL-WIN10.my-caldera.local,17,"Pipe Created:
RuleName: -
EventType: CreatePipe
UtcTime: 2024-08-20 17:55:57.026
ProcessGuid: {ca24abc9-d88d-66c4-ea91-000000001900}
ProcessId: 10908
PipeName: <Anonymous Pipe>
Image: c:\Windows\syswow64\MsiExec.exe
User: NT AUTHORITY\SYSTEM"
4387,MY-CAL-WIN10.my-caldera.local,17,"Pipe Created:
RuleName: -
EventType: CreatePipe
UtcTime: 2024-08-20 17:55:57.643
ProcessGuid: {ca24abc9-d88d-66c4-ea91-000000001900}
ProcessId: 10908
PipeName: <Anonymous Pipe>
Image: c:\Windows\syswow64\MsiExec.exe
User: NT AUTHORITY\SYSTEM"
4388,MY-CAL-WIN10.my-caldera.local,17,"Pipe Created:
RuleName: -
EventType: CreatePipe
UtcTime: 2024-08-20 17:55:58.003
ProcessGuid: {ca24abc9-d88d-66c4-ea91-000000001900}
ProcessId: 10908
PipeName: <Anonymous Pipe>
Image: c:\Windows\syswow64\MsiExec.exe
User: NT AUTHORITY\SYSTEM"
4389,MY-CAL-WIN10.my-caldera.local,17,"Pipe Created:
RuleName: -
EventType: CreatePipe
UtcTime: 2024-08-20 17:55:59.512
ProcessGuid: {ca24abc9-d88d-66c4-ea91-000000001900}
ProcessId: 10908
PipeName: <Anonymous Pipe>
Image: c:\Windows\syswow64\MsiExec.exe
User: NT AUTHORITY\SYSTEM"
4390,MY-CAL-WIN10.my-caldera.local,17,"Pipe Created:
RuleName: -
EventType: CreatePipe
UtcTime: 2024-08-20 17:55:59.984
ProcessGuid: {ca24abc9-d88d-66c4-ea91-000000001900}
ProcessId: 10908
PipeName: <Anonymous Pipe>
Image: c:\Windows\syswow64\MsiExec.exe
User: NT AUTHORITY\SYSTEM"
4391,MY-CAL-WIN10.my-caldera.local,17,"Pipe Created:
RuleName: -
EventType: CreatePipe
UtcTime: 2024-08-20 17:55:59.252
ProcessGuid: {ca24abc9-d88d-66c4-ea91-000000001900}
ProcessId: 10908
PipeName: <Anonymous Pipe>
Image: c:\Windows\syswow64\MsiExec.exe
User: NT AUTHORITY\SYSTEM"
4392,MY-CAL-WIN10.my-caldera.local,17,"Pipe Created:
RuleName: -
EventType: CreatePipe
UtcTime: 2024-08-20 17:56:00.091
ProcessGuid: {ca24abc9-d88d-66c4-ea91-000000001900}
ProcessId: 10908
PipeName: <Anonymous Pipe>
Image: c:\Windows\syswow64\MsiExec.exe
User: NT AUTHORITY\SYSTEM"
4393,MY-CAL-WIN10.my-caldera.local,17,"Pipe Created:
RuleName: -
EventType: CreatePipe
UtcTime: 2024-08-20 18:45:51.721
ProcessGuid: {ca24abc9-e45f-66c4-7f00-000000001e00}
ProcessId: 5892
PipeName: \MsFteWds
Image: C:\Windows\system32\SearchIndexer.exe
User: NT AUTHORITY\SYSTEM"
4394,MY-CAL-WIN10.my-caldera.local,17,"Pipe Created:
RuleName: -
EventType: CreatePipe
UtcTime: 2024-08-20 18:45:52.284
ProcessGuid: {ca24abc9-e453-66c4-1900-000000001e00}
ProcessId: 1240
PipeName: \W32TIME_ALT
Image: C:\Windows\system32\svchost.exe
User: NT AUTHORITY\LOCAL SERVICE"
4395,MY-CAL-WIN10.my-caldera.local,17,"Pipe Created:
RuleName: -
EventType: CreatePipe
UtcTime: 2024-08-20 18:45:51.877
ProcessGuid: {ca24abc9-e45f-66c4-7f00-000000001e00}
ProcessId: 5892
PipeName: \SearchTextHarvester
Image: C:\Windows\system32\SearchIndexer.exe
User: NT AUTHORITY\SYSTEM"
4396,MY-CAL-WIN10.my-caldera.local,17,"Pipe Created:
RuleName: -
EventType: CreatePipe
UtcTime: 2024-08-20 18:45:52.698
ProcessGuid: {ca24abc9-e454-66c4-4b00-000000001e00}
ProcessId: 3488
PipeName: <Anonymous Pipe>
Image: C:\Program Files\Orbit\bin\orbit\orbit.exe
User: NT AUTHORITY\SYSTEM"
4397,MY-CAL-WIN10.my-caldera.local,17,"Pipe Created:
RuleName: -
EventType: CreatePipe
UtcTime: 2024-08-20 18:45:59.588
ProcessGuid: {ca24abc9-e454-66c4-4b00-000000001e00}
ProcessId: 3488
PipeName: \orbit-osquery-extension.5644
Image: C:\Program Files\Orbit\bin\orbit\orbit.exe
User: NT AUTHORITY\SYSTEM"
4398,MY-CAL-WIN10.my-caldera.local,17,"Pipe Created:
RuleName: -
EventType: CreatePipe
UtcTime: 2024-08-20 18:19:30.159
ProcessGuid: {ca24abc9-db97-66c4-8792-000000001900}
ProcessId: 3716
PipeName: \LOCAL\mojo.3716.21572.1525287238632433163
Image: C:\Program Files (x86)\Microsoft\Edge\Application\msedge.exe
User: MY-CALDERA\johnny.douche"
4399,MY-CAL-WIN10.my-caldera.local,17,"Pipe Created:
RuleName: -
EventType: CreatePipe
UtcTime: 2024-08-20 18:08:22.944
ProcessGuid: {ca24abc9-db94-66c4-8192-000000001900}
ProcessId: 22864
PipeName: \crashpad_22864_KCOQYLGKEQRGUWPS
Image: C:\Program Files (x86)\Microsoft\Edge\Application\127.0.2651.105\Installer\setup.exe
User: NT AUTHORITY\SYSTEM"
4400,MY-CAL-WIN10.my-caldera.local,17,"Pipe Created:
RuleName: -
EventType: CreatePipe
UtcTime: 2024-08-20 18:08:23.756
ProcessGuid: {ca24abc9-db97-66c4-8392-000000001900}
ProcessId: 20876
PipeName: \crashpad_20876_JTGVNIPYYIWFKWJU
Image: C:\Program Files (x86)\Microsoft\Edge\Application\127.0.2651.105\Installer\setup.exe
User: NT AUTHORITY\SYSTEM"
4401,MY-CAL-WIN10.my-caldera.local,17,"Pipe Created:
RuleName: -
EventType: CreatePipe
UtcTime: 2024-08-20 18:08:23.768
ProcessGuid: {ca24abc9-db97-66c4-8492-000000001900}
ProcessId: 14564
PipeName: \crashpad_14564_JFEAKQPBZTXAEBVT
Image: C:\Program Files (x86)\Microsoft\Edge\Application\127.0.2651.105\Installer\setup.exe
User: NT AUTHORITY\SYSTEM"
4402,MY-CAL-WIN10.my-caldera.local,17,"Pipe Created:
RuleName: -
EventType: CreatePipe
UtcTime: 2024-08-20 18:46:21.619
ProcessGuid: {ca24abc9-e454-66c4-4f00-000000001e00}
ProcessId: 3544
PipeName: <Anonymous Pipe>
Image: C:\Program Files\Windows Defender Advanced Threat Protection\MsSense.exe
User: NT AUTHORITY\SYSTEM"
4403,MY-CAL-WIN10.my-caldera.local,17,"Pipe Created:
RuleName: -
EventType: CreatePipe
UtcTime: 2024-08-20 18:47:28.015
ProcessGuid: {ca24abc9-e4bb-66c4-ae00-000000001e00}
ProcessId: 1308
PipeName: \PSHost.133686532434474291.1308.DefaultAppDomain.powershell
Image: C:\Windows\system32\WindowsPowerShell\v1.0\powershell.exe
User: NT AUTHORITY\SYSTEM"
4404,MY-CAL-WIN10.my-caldera.local,17,"Pipe Created:
RuleName: -
EventType: CreatePipe
UtcTime: 2024-08-20 18:46:07.844
ProcessGuid: {ca24abc9-e454-66c4-4f00-000000001e00}
ProcessId: 3544
PipeName: <Anonymous Pipe>
Image: C:\Program Files\Windows Defender Advanced Threat Protection\MsSense.exe
User: NT AUTHORITY\SYSTEM"
4405,MY-CAL-WIN10.my-caldera.local,17,"Pipe Created:
RuleName: -
EventType: CreatePipe
UtcTime: 2024-08-20 18:46:24.079
ProcessGuid: {ca24abc9-e454-66c4-4f00-000000001e00}
ProcessId: 3544
PipeName: <Anonymous Pipe>
Image: C:\Program Files\Windows Defender Advanced Threat Protection\MsSense.exe
User: NT AUTHORITY\SYSTEM"
4406,MY-CAL-WIN10.my-caldera.local,17,"Pipe Created:
RuleName: -
EventType: CreatePipe
UtcTime: 2024-08-20 18:47:07.818
ProcessGuid: {ca24abc9-e454-66c4-4f00-000000001e00}
ProcessId: 3544
PipeName: <Anonymous Pipe>
Image: C:\Program Files\Windows Defender Advanced Threat Protection\MsSense.exe
User: NT AUTHORITY\SYSTEM"
4407,MY-CAL-WIN10.my-caldera.local,17,"Pipe Created:
RuleName: -
EventType: CreatePipe
UtcTime: 2024-08-20 18:47:48.300
ProcessGuid: {ca24abc9-e454-66c4-4f00-000000001e00}
ProcessId: 3544
PipeName: <Anonymous Pipe>
Image: C:\Program Files\Windows Defender Advanced Threat Protection\MsSense.exe
User: NT AUTHORITY\SYSTEM"
4408,MY-CAL-WIN10.my-caldera.local,17,"Pipe Created:
RuleName: -
EventType: CreatePipe
UtcTime: 2024-08-20 18:01:41.679
ProcessGuid: {ca24abc9-ac01-664f-7c8d-000000001900}
ProcessId: 12828
PipeName: \CPFATP_12828_v4.0.30319
Image: C:\Program Files\Microsoft Visual Studio\2022\Community\Common7\IDE\devenv.exe
User: MY-CALDERA\johnny.douche"
4409,MY-CAL-WIN10.my-caldera.local,17,"Pipe Created:
RuleName: -
EventType: CreatePipe
UtcTime: 2024-08-20 18:09:02.287
ProcessGuid: {ca24abc9-db97-66c4-8792-000000001900}
ProcessId: 3716
PipeName: \crashpad_3716_WBTHGLJWEPJZPYFE
Image: C:\Program Files (x86)\Microsoft\Edge\Application\msedge.exe
User: MY-CALDERA\johnny.douche"
4410,MY-CAL-WIN10.my-caldera.local,17,"Pipe Created:
RuleName: -
EventType: CreatePipe
UtcTime: 2024-08-20 18:09:11.275
ProcessGuid: {ca24abc9-db97-66c4-8792-000000001900}
ProcessId: 3716
PipeName: \LOCAL\mojo.external_task_manager_3716
Image: C:\Program Files (x86)\Microsoft\Edge\Application\msedge.exe
User: MY-CALDERA\johnny.douche"
4411,MY-CAL-WIN10.my-caldera.local,17,"Pipe Created:
RuleName: -
EventType: CreatePipe
UtcTime: 2024-08-20 18:09:04.176
ProcessGuid: {ca24abc9-db97-66c4-8792-000000001900}
ProcessId: 3716
PipeName: \LOCAL\mojo.3716.21572.1805600986294291607
Image: C:\Program Files (x86)\Microsoft\Edge\Application\msedge.exe
User: MY-CALDERA\johnny.douche"
4412,MY-CAL-WIN10.my-caldera.local,17,"Pipe Created:
RuleName: -
EventType: CreatePipe
UtcTime: 2024-08-20 18:09:22.124
ProcessGuid: {ca24abc9-db97-66c4-8792-000000001900}
ProcessId: 3716
PipeName: \LOCAL\mojo.3716.17416.15165514036248773399
Image: C:\Program Files (x86)\Microsoft\Edge\Application\msedge.exe
User: MY-CALDERA\johnny.douche"
4413,MY-CAL-WIN10.my-caldera.local,17,"Pipe Created:
RuleName: -
EventType: CreatePipe
UtcTime: 2024-08-20 18:09:11.614
ProcessGuid: {ca24abc9-db97-66c4-8792-000000001900}
ProcessId: 3716
PipeName: \LOCAL\mojo.3716.21572.5003325060158595963
Image: C:\Program Files (x86)\Microsoft\Edge\Application\msedge.exe
User: MY-CALDERA\johnny.douche"
4414,MY-CAL-WIN10.my-caldera.local,17,"Pipe Created:
RuleName: -
EventType: CreatePipe
UtcTime: 2024-08-20 18:09:14.816
ProcessGuid: {ca24abc9-db97-66c4-8792-000000001900}
ProcessId: 3716
PipeName: \LOCAL\mojo.3716.21572.13990538225512368856
Image: C:\Program Files (x86)\Microsoft\Edge\Application\msedge.exe
User: MY-CALDERA\johnny.douche"
4415,MY-CAL-WIN10.my-caldera.local,17,"Pipe Created:
RuleName: -
EventType: CreatePipe
UtcTime: 2024-08-20 18:09:08.439
ProcessGuid: {ca24abc9-db97-66c4-8792-000000001900}
ProcessId: 3716
PipeName: \LOCAL\mojo.3716.21572.13236496241273368636
Image: C:\Program Files (x86)\Microsoft\Edge\Application\msedge.exe
User: MY-CALDERA\johnny.douche"
4416,MY-CAL-WIN10.my-caldera.local,17,"Pipe Created:
RuleName: -
EventType: CreatePipe
UtcTime: 2024-08-20 18:09:04.282
ProcessGuid: {ca24abc9-db97-66c4-8792-000000001900}
ProcessId: 3716
PipeName: \LOCAL\mojo.3716.21572.14701322705923824959
Image: C:\Program Files (x86)\Microsoft\Edge\Application\msedge.exe
User: MY-CALDERA\johnny.douche"
4417,MY-CAL-WIN10.my-caldera.local,17,"Pipe Created:
RuleName: -
EventType: CreatePipe
UtcTime: 2024-08-20 18:09:47.323
ProcessGuid: {ca24abc9-db97-66c4-8792-000000001900}
ProcessId: 3716
PipeName: \LOCAL\mojo.3716.21572.796481519113968612
Image: C:\Program Files (x86)\Microsoft\Edge\Application\msedge.exe
User: MY-CALDERA\johnny.douche"
4418,MY-CAL-WIN10.my-caldera.local,17,"Pipe Created:
RuleName: -
EventType: CreatePipe
UtcTime: 2024-08-20 18:10:35.071
ProcessGuid: {ca24abc9-db97-66c4-8792-000000001900}
ProcessId: 3716
PipeName: \LOCAL\mojo.3716.21572.9628199146982492076
Image: C:\Program Files (x86)\Microsoft\Edge\Application\msedge.exe
User: MY-CALDERA\johnny.douche"
4419,MY-CAL-WIN10.my-caldera.local,17,"Pipe Created:
RuleName: -
EventType: CreatePipe
UtcTime: 2024-08-20 18:10:40.600
ProcessGuid: {ca24abc9-db97-66c4-8792-000000001900}
ProcessId: 3716
PipeName: \LOCAL\mojo.3716.21572.5154306210237475133
Image: C:\Program Files (x86)\Microsoft\Edge\Application\msedge.exe
User: MY-CALDERA\johnny.douche"
4420,MY-CAL-WIN10.my-caldera.local,17,"Pipe Created:
RuleName: -
EventType: CreatePipe
UtcTime: 2024-08-20 18:11:04.049
ProcessGuid: {ca24abc9-db97-66c4-8792-000000001900}
ProcessId: 3716
PipeName: \LOCAL\mojo.3716.21572.6924673502708851972
Image: C:\Program Files (x86)\Microsoft\Edge\Application\msedge.exe
User: MY-CALDERA\johnny.douche"
4421,MY-CAL-WIN10.my-caldera.local,17,"Pipe Created:
RuleName: -
EventType: CreatePipe
UtcTime: 2024-08-20 18:19:55.245
ProcessGuid: {ca24abc9-db97-66c4-8792-000000001900}
ProcessId: 3716
PipeName: \LOCAL\mojo.3716.932.12331541254205684993
Image: C:\Program Files (x86)\Microsoft\Edge\Application\msedge.exe
User: MY-CALDERA\johnny.douche"
4422,MY-CAL-WIN10.my-caldera.local,17,"Pipe Created:
RuleName: -
EventType: CreatePipe
UtcTime: 2024-08-20 17:54:19.139
ProcessGuid: {ca24abc9-d84b-66c4-9f91-000000001900}
ProcessId: 24088
PipeName: \ShortcutNotifier_24088
Image: C:\Program Files\Common Files\Microsoft Shared\ClickToRun\AppVShNotify.exe
User: MY-CALDERA\johnny.douche"
4423,MY-CAL-WIN10.my-caldera.local,17,"Pipe Created:
RuleName: -
EventType: CreatePipe
UtcTime: 2024-08-20 17:54:19.146
ProcessGuid: {ca24abc9-d84b-66c4-9f91-000000001900}
ProcessId: 24088
PipeName: \FTA_24088
Image: C:\Program Files\Common Files\Microsoft Shared\ClickToRun\AppVShNotify.exe
User: MY-CALDERA\johnny.douche"
4424,MY-CAL-WIN10.my-caldera.local,17,"Pipe Created:
RuleName: -
EventType: CreatePipe
UtcTime: 2024-08-20 17:54:19.147
ProcessGuid: {ca24abc9-d84b-66c4-9f91-000000001900}
ProcessId: 24088
PipeName: \ShellEx_24088
Image: C:\Program Files\Common Files\Microsoft Shared\ClickToRun\AppVShNotify.exe
User: MY-CALDERA\johnny.douche"
4425,MY-CAL-WIN10.my-caldera.local,17,"Pipe Created:
RuleName: -
EventType: CreatePipe
UtcTime: 2024-08-20 19:58:37.767
ProcessGuid: {ca24abc9-ee08-66c4-2094-000000001900}
ProcessId: 28596
PipeName: <Anonymous Pipe>
Image: C:\Windows\Microsoft.NET\Framework64\v4.0.30319\ngen.exe
User: NT AUTHORITY\SYSTEM"
4426,MY-CAL-WIN10.my-caldera.local,17,"Pipe Created:
RuleName: -
EventType: CreatePipe
UtcTime: 2024-08-20 19:17:40.505
ProcessGuid: {ca24abc9-bf34-66c4-e18d-000000001900}
ProcessId: 15132
PipeName: <Anonymous Pipe>
Image: C:\Windows\system32\CompatTelRunner.exe
User: NT AUTHORITY\SYSTEM"
4427,MY-CAL-WIN10.my-caldera.local,17,"Pipe Created:
RuleName: -
EventType: CreatePipe
UtcTime: 2024-08-20 19:17:47.730
ProcessGuid: {ca24abc9-bf34-66c4-e18d-000000001900}
ProcessId: 15132
PipeName: <Anonymous Pipe>
Image: C:\Windows\system32\CompatTelRunner.exe
User: NT AUTHORITY\SYSTEM"
4428,MY-CAL-WIN10.my-caldera.local,17,"Pipe Created:
RuleName: -
EventType: CreatePipe
UtcTime: 2024-08-20 19:17:48.597
ProcessGuid: {ca24abc9-ebd4-66c4-c393-000000001900}
ProcessId: 28432
PipeName: \PSHost.133686550605338565.28432.DefaultAppDomain.powershell
Image: C:\Windows\System32\WindowsPowerShell\v1.0\powershell.exe
User: NT AUTHORITY\SYSTEM"
4429,MY-CAL-WIN10.my-caldera.local,17,"Pipe Created:
RuleName: -
EventType: CreatePipe
UtcTime: 2024-08-20 19:17:48.662
ProcessGuid: {ca24abc9-ebdb-66c4-c593-000000001900}
ProcessId: 24108
PipeName: \PSHost.133686550677339228.24108.DefaultAppDomain.powershell
Image: C:\Windows\System32\WindowsPowerShell\v1.0\powershell.exe
User: NT AUTHORITY\SYSTEM"
4430,MY-CAL-WIN10.my-caldera.local,17,"Pipe Created:
RuleName: -
EventType: CreatePipe
UtcTime: 2024-08-20 18:09:34.017
ProcessGuid: {ca24abc9-db97-66c4-8792-000000001900}
ProcessId: 3716
PipeName: \LOCAL\mojo.3716.21572.17009695455697745860
Image: C:\Program Files (x86)\Microsoft\Edge\Application\msedge.exe
User: MY-CALDERA\johnny.douche"
4431,MY-CAL-WIN10.my-caldera.local,17,"Pipe Created:
RuleName: -
EventType: CreatePipe
UtcTime: 2024-08-20 18:09:34.023
ProcessGuid: {ca24abc9-db97-66c4-8792-000000001900}
ProcessId: 3716
PipeName: \LOCAL\mojo.3716.21572.16421371203549269495
Image: C:\Program Files (x86)\Microsoft\Edge\Application\msedge.exe
User: MY-CALDERA\johnny.douche"
4432,MY-CAL-WIN10.my-caldera.local,17,"Pipe Created:
RuleName: -
EventType: CreatePipe
UtcTime: 2024-08-20 18:09:34.038
ProcessGuid: {ca24abc9-db97-66c4-8792-000000001900}
ProcessId: 3716
PipeName: \LOCAL\mojo.3716.21572.653873248337855766
Image: C:\Program Files (x86)\Microsoft\Edge\Application\msedge.exe
User: MY-CALDERA\johnny.douche"
4433,MY-CAL-WIN10.my-caldera.local,17,"Pipe Created:
RuleName: -
EventType: CreatePipe
UtcTime: 2024-08-20 18:09:35.421
ProcessGuid: {ca24abc9-db97-66c4-8792-000000001900}
ProcessId: 3716
PipeName: \LOCAL\mojo.3716.21572.17738760685519955650
Image: C:\Program Files (x86)\Microsoft\Edge\Application\msedge.exe
User: MY-CALDERA\johnny.douche"
4434,MY-CAL-WIN10.my-caldera.local,17,"Pipe Created:
RuleName: -
EventType: CreatePipe
UtcTime: 2024-08-20 18:09:35.578
ProcessGuid: {ca24abc9-db97-66c4-8792-000000001900}
ProcessId: 3716
PipeName: \LOCAL\mojo.3716.21572.6477308137174808859
Image: C:\Program Files (x86)\Microsoft\Edge\Application\msedge.exe
User: MY-CALDERA\johnny.douche"
4435,MY-CAL-WIN10.my-caldera.local,17,"Pipe Created:
RuleName: -
EventType: CreatePipe
UtcTime: 2024-08-20 18:09:32.779
ProcessGuid: {ca24abc9-db97-66c4-8792-000000001900}
ProcessId: 3716
PipeName: \LOCAL\mojo.3716.21572.11514889878948971528
Image: C:\Program Files (x86)\Microsoft\Edge\Application\msedge.exe
User: MY-CALDERA\johnny.douche"
4436,MY-CAL-WIN10.my-caldera.local,17,"Pipe Created:
RuleName: -
EventType: CreatePipe
UtcTime: 2024-08-20 18:09:35.845
ProcessGuid: {ca24abc9-db97-66c4-8792-000000001900}
ProcessId: 3716
PipeName: \LOCAL\mojo.3716.21572.8819271743041815268
Image: C:\Program Files (x86)\Microsoft\Edge\Application\msedge.exe
User: MY-CALDERA\johnny.douche"
4437,MY-CAL-WIN10.my-caldera.local,17,"Pipe Created:
RuleName: -
EventType: CreatePipe
UtcTime: 2024-08-20 18:09:35.924
ProcessGuid: {ca24abc9-db97-66c4-8792-000000001900}
ProcessId: 3716
PipeName: \LOCAL\mojo.3716.21572.11714974572948851647
Image: C:\Program Files (x86)\Microsoft\Edge\Application\msedge.exe
User: MY-CALDERA\johnny.douche"
4438,MY-CAL-WIN10.my-caldera.local,17,"Pipe Created:
RuleName: -
EventType: CreatePipe
UtcTime: 2024-08-20 19:56:26.540
ProcessGuid: {ca24abc9-ee08-66c4-2094-000000001900}
ProcessId: 28596
PipeName: <Anonymous Pipe>
Image: C:\Windows\Microsoft.NET\Framework64\v4.0.30319\ngen.exe
User: NT AUTHORITY\SYSTEM"
4439,MY-CAL-WIN10.my-caldera.local,17,"Pipe Created:
RuleName: -
EventType: CreatePipe
UtcTime: 2024-08-20 19:56:27.120
ProcessGuid: {ca24abc9-ee08-66c4-2094-000000001900}
ProcessId: 28596
PipeName: <Anonymous Pipe>
Image: C:\Windows\Microsoft.NET\Framework64\v4.0.30319\ngen.exe
User: NT AUTHORITY\SYSTEM"
4440,MY-CAL-WIN10.my-caldera.local,17,"Pipe Created:
RuleName: -
EventType: CreatePipe
UtcTime: 2024-08-20 19:56:26.920
ProcessGuid: {ca24abc9-ee08-66c4-2094-000000001900}
ProcessId: 28596
PipeName: <Anonymous Pipe>
Image: C:\Windows\Microsoft.NET\Framework64\v4.0.30319\ngen.exe
User: NT AUTHORITY\SYSTEM"
4441,MY-CAL-WIN10.my-caldera.local,17,"Pipe Created:
RuleName: -
EventType: CreatePipe
UtcTime: 2024-08-20 19:57:04.437
ProcessGuid: {ca24abc9-ee08-66c4-2094-000000001900}
ProcessId: 28596
PipeName: <Anonymous Pipe>
Image: C:\Windows\Microsoft.NET\Framework64\v4.0.30319\ngen.exe
User: NT AUTHORITY\SYSTEM"
4442,MY-CAL-WIN10.my-caldera.local,17,"Pipe Created:
RuleName: -
EventType: CreatePipe
UtcTime: 2024-08-20 19:57:07.593
ProcessGuid: {ca24abc9-ee08-66c4-2094-000000001900}
ProcessId: 28596
PipeName: <Anonymous Pipe>
Image: C:\Windows\Microsoft.NET\Framework64\v4.0.30319\ngen.exe
User: NT AUTHORITY\SYSTEM"
4443,MY-CAL-WIN10.my-caldera.local,17,"Pipe Created:
RuleName: -
EventType: CreatePipe
UtcTime: 2024-08-20 19:57:09.825
ProcessGuid: {ca24abc9-ee08-66c4-2094-000000001900}
ProcessId: 28596
PipeName: <Anonymous Pipe>
Image: C:\Windows\Microsoft.NET\Framework64\v4.0.30319\ngen.exe
User: NT AUTHORITY\SYSTEM"
4444,MY-CAL-WIN10.my-caldera.local,17,"Pipe Created:
RuleName: -
EventType: CreatePipe
UtcTime: 2024-08-20 19:57:14.019
ProcessGuid: {ca24abc9-ee08-66c4-2094-000000001900}
ProcessId: 28596
PipeName: <Anonymous Pipe>
Image: C:\Windows\Microsoft.NET\Framework64\v4.0.30319\ngen.exe
User: NT AUTHORITY\SYSTEM"
4445,MY-CAL-WIN10.my-caldera.local,17,"Pipe Created:
RuleName: -
EventType: CreatePipe
UtcTime: 2024-08-20 19:57:16.259
ProcessGuid: {ca24abc9-ee08-66c4-2094-000000001900}
ProcessId: 28596
PipeName: <Anonymous Pipe>
Image: C:\Windows\Microsoft.NET\Framework64\v4.0.30319\ngen.exe
User: NT AUTHORITY\SYSTEM"
4446,MY-CAL-WIN10.my-caldera.local,17,"Pipe Created:
RuleName: -
EventType: CreatePipe
UtcTime: 2024-08-20 19:57:18.107
ProcessGuid: {ca24abc9-ee08-66c4-2094-000000001900}
ProcessId: 28596
PipeName: <Anonymous Pipe>
Image: C:\Windows\Microsoft.NET\Framework64\v4.0.30319\ngen.exe
User: NT AUTHORITY\SYSTEM"
4447,MY-CAL-WIN10.my-caldera.local,17,"Pipe Created:
RuleName: -
EventType: CreatePipe
UtcTime: 2024-08-20 19:28:18.195
ProcessGuid: {ca24abc9-ee08-66c4-2094-000000001900}
ProcessId: 28596
PipeName: <Anonymous Pipe>
Image: C:\Windows\Microsoft.NET\Framework64\v4.0.30319\ngen.exe
User: NT AUTHORITY\SYSTEM"
4448,MY-CAL-WIN10.my-caldera.local,17,"Pipe Created:
RuleName: -
EventType: CreatePipe
UtcTime: 2024-08-20 19:28:40.912
ProcessGuid: {ca24abc9-ee08-66c4-2094-000000001900}
ProcessId: 28596
PipeName: <Anonymous Pipe>
Image: C:\Windows\Microsoft.NET\Framework64\v4.0.30319\ngen.exe
User: NT AUTHORITY\SYSTEM"
4449,MY-CAL-WIN10.my-caldera.local,17,"Pipe Created:
RuleName: -
EventType: CreatePipe
UtcTime: 2024-08-20 19:28:43.142
ProcessGuid: {ca24abc9-ee08-66c4-2094-000000001900}
ProcessId: 28596
PipeName: <Anonymous Pipe>
Image: C:\Windows\Microsoft.NET\Framework64\v4.0.30319\ngen.exe
User: NT AUTHORITY\SYSTEM"
4450,MY-CAL-WIN10.my-caldera.local,17,"Pipe Created:
RuleName: -
EventType: CreatePipe
UtcTime: 2024-08-20 19:28:44.728
ProcessGuid: {ca24abc9-ee08-66c4-2094-000000001900}
ProcessId: 28596
PipeName: <Anonymous Pipe>
Image: C:\Windows\Microsoft.NET\Framework64\v4.0.30319\ngen.exe
User: NT AUTHORITY\SYSTEM"
4451,MY-CAL-WIN10.my-caldera.local,17,"Pipe Created:
RuleName: -
EventType: CreatePipe
UtcTime: 2024-08-20 19:28:58.528
ProcessGuid: {ca24abc9-ee08-66c4-2094-000000001900}
ProcessId: 28596
PipeName: <Anonymous Pipe>
Image: C:\Windows\Microsoft.NET\Framework64\v4.0.30319\ngen.exe
User: NT AUTHORITY\SYSTEM"
4452,MY-CAL-WIN10.my-caldera.local,17,"Pipe Created:
