,computer_name,event_id,message
0,MY-CAL-WIN10.my-caldera.local,17,"Pipe Created:
RuleName: -
EventType: CreatePipe
UtcTime: 2024-08-20 00:50:15.855
ProcessGuid: {ca24abc9-e847-66c3-ed08-000000001d00}
ProcessId: 3676
PipeName: \PSHost.133685886156846517.3676.DefaultAppDomain.powershell
Image: C:\Windows\System32\WindowsPowerShell\v1.0\powershell.exe
User: MY-CALDERA\johnny.douche"
1,MY-CAL-WIN10.my-caldera.local,17,"Pipe Created:
RuleName: -
EventType: CreatePipe
UtcTime: 2024-08-20 00:51:03.543
ProcessGuid: {ca24abc9-dc4c-66c3-9501-000000001d00}
ProcessId: 8332
PipeName: <Anonymous Pipe>
Image: C:\Windows\System32\WindowsPowerShell\v1.0\powershell.exe
User: MY-CALDERA\johnny.douche"
2,MY-CAL-WIN10.my-caldera.local,17,"Pipe Created:
RuleName: -
EventType: CreatePipe
UtcTime: 2024-08-20 00:51:03.748
ProcessGuid: {ca24abc9-e877-66c3-4509-000000001d00}
ProcessId: 3716
PipeName: \PSHost.133685886635453562.3716.DefaultAppDomain.powershell
Image: C:\Windows\System32\WindowsPowerShell\v1.0\powershell.exe
User: MY-CALDERA\johnny.douche"
3,MY-CAL-WIN10.my-caldera.local,17,"Pipe Created:
RuleName: -
EventType: CreatePipe
UtcTime: 2024-08-20 00:51:03.543
ProcessGuid: {ca24abc9-dc4c-66c3-9501-000000001d00}
ProcessId: 8332
PipeName: <Anonymous Pipe>
Image: C:\Windows\System32\WindowsPowerShell\v1.0\powershell.exe
User: MY-CALDERA\johnny.douche"
4,MY-CAL-WIN10.my-caldera.local,17,"Pipe Created:
RuleName: -
EventType: CreatePipe
UtcTime: 2024-08-20 00:51:44.503
ProcessGuid: {ca24abc9-e8a0-66c3-6209-000000001d00}
ProcessId: 3444
PipeName: <Anonymous Pipe>
Image: C:\Windows\System32\WindowsPowerShell\v1.0\powershell.exe
User: MY-CALDERA\johnny.douche"
5,MY-CAL-WIN10.my-caldera.local,17,"Pipe Created:
RuleName: -
EventType: CreatePipe
UtcTime: 2024-08-20 00:51:44.401
ProcessGuid: {ca24abc9-e8a0-66c3-6209-000000001d00}
ProcessId: 3444
PipeName: \PSHost.133685887042449116.3444.DefaultAppDomain.powershell
Image: C:\Windows\System32\WindowsPowerShell\v1.0\powershell.exe
User: MY-CALDERA\johnny.douche"
6,MY-CAL-WIN10.my-caldera.local,17,"Pipe Created:
RuleName: -
EventType: CreatePipe
UtcTime: 2024-08-20 00:52:42.486
ProcessGuid: {ca24abc9-e8da-66c3-a409-000000001d00}
ProcessId: 9660
PipeName: \PSHost.133685887622928681.9660.DefaultAppDomain.powershell
Image: C:\Windows\System32\WindowsPowerShell\v1.0\powershell.exe
User: MY-CALDERA\johnny.douche"
7,MY-CAL-WIN10.my-caldera.local,17,"Pipe Created:
RuleName: -
EventType: CreatePipe
UtcTime: 2024-08-20 00:52:57.669
ProcessGuid: {ca24abc9-e8e9-66c3-c309-000000001d00}
ProcessId: 10176
PipeName: \PSHost.133685887775007077.10176.DefaultAppDomain.powershell
Image: C:\Windows\System32\WindowsPowerShell\v1.0\powershell.exe
User: MY-CALDERA\johnny.douche"
8,MY-CAL-WIN10.my-caldera.local,17,"Pipe Created:
RuleName: -
EventType: CreatePipe
UtcTime: 2024-08-20 00:50:18.032
ProcessGuid: {ca24abc9-e849-66c3-f208-000000001d00}
ProcessId: 6076
PipeName: <Anonymous Pipe>
Image: C:\Windows\System32\WindowsPowerShell\v1.0\powershell.exe
User: MY-CALDERA\johnny.douche"
9,MY-CAL-WIN10.my-caldera.local,17,"Pipe Created:
RuleName: -
EventType: CreatePipe
UtcTime: 2024-08-20 00:50:18.208
ProcessGuid: {ca24abc9-dc4c-66c3-9501-000000001d00}
ProcessId: 8332
PipeName: <Anonymous Pipe>
Image: C:\Windows\System32\WindowsPowerShell\v1.0\powershell.exe
User: MY-CALDERA\johnny.douche"
10,MY-CAL-WIN10.my-caldera.local,17,"Pipe Created:
RuleName: -
EventType: CreatePipe
UtcTime: 2024-08-20 00:50:18.208
ProcessGuid: {ca24abc9-dc4c-66c3-9501-000000001d00}
ProcessId: 8332
PipeName: <Anonymous Pipe>
Image: C:\Windows\System32\WindowsPowerShell\v1.0\powershell.exe
User: MY-CALDERA\johnny.douche"
11,MY-CAL-WIN10.my-caldera.local,17,"Pipe Created:
RuleName: -
EventType: CreatePipe
UtcTime: 2024-08-20 00:50:17.388
ProcessGuid: {ca24abc9-e849-66c3-ee08-000000001d00}
ProcessId: 1012
PipeName: \PSHost.133685886172103595.1012.DefaultAppDomain.powershell
Image: C:\Windows\System32\WindowsPowerShell\v1.0\powershell.exe
User: MY-CALDERA\johnny.douche"
12,MY-CAL-WIN10.my-caldera.local,17,"Pipe Created:
RuleName: -
EventType: CreatePipe
UtcTime: 2024-08-20 00:50:18.061
ProcessGuid: {ca24abc9-e849-66c3-f208-000000001d00}
ProcessId: 6076
PipeName: <Anonymous Pipe>
Image: C:\Windows\System32\WindowsPowerShell\v1.0\powershell.exe
User: MY-CALDERA\johnny.douche"
13,MY-CAL-WIN10.my-caldera.local,17,"Pipe Created:
RuleName: -
EventType: CreatePipe
UtcTime: 2024-08-20 00:50:17.922
ProcessGuid: {ca24abc9-e849-66c3-f208-000000001d00}
ProcessId: 6076
PipeName: \PSHost.133685886177463835.6076.DefaultAppDomain.powershell
Image: C:\Windows\System32\WindowsPowerShell\v1.0\powershell.exe
User: MY-CALDERA\johnny.douche"
14,MY-CAL-WIN10.my-caldera.local,17,"Pipe Created:
RuleName: -
EventType: CreatePipe
UtcTime: 2024-08-20 00:50:17.513
ProcessGuid: {ca24abc9-e849-66c3-ef08-000000001d00}
ProcessId: 10212
PipeName: <Anonymous Pipe>
Image: C:\Windows\system32\cmd.exe
User: MY-CALDERA\johnny.douche"
15,MY-CAL-WIN10.my-caldera.local,17,"Pipe Created:
RuleName: -
EventType: CreatePipe
UtcTime: 2024-08-20 00:50:18.061
ProcessGuid: {ca24abc9-e849-66c3-f208-000000001d00}
ProcessId: 6076
PipeName: <Anonymous Pipe>
Image: C:\Windows\System32\WindowsPowerShell\v1.0\powershell.exe
User: MY-CALDERA\johnny.douche"
16,MY-CAL-WIN10.my-caldera.local,17,"Pipe Created:
RuleName: -
EventType: CreatePipe
UtcTime: 2024-08-20 00:50:17.494
ProcessGuid: {ca24abc9-e849-66c3-ee08-000000001d00}
ProcessId: 1012
PipeName: <Anonymous Pipe>
Image: C:\Windows\System32\WindowsPowerShell\v1.0\powershell.exe
User: MY-CALDERA\johnny.douche"
17,MY-CAL-WIN10.my-caldera.local,17,"Pipe Created:
RuleName: -
EventType: CreatePipe
UtcTime: 2024-08-20 00:50:44.476
ProcessGuid: {ca24abc9-e864-66c3-3c09-000000001d00}
ProcessId: 564
PipeName: \PSHost.133685886443052404.564.DefaultAppDomain.powershell
Image: C:\Windows\System32\WindowsPowerShell\v1.0\powershell.exe
User: MY-CALDERA\johnny.douche"
18,MY-CAL-WIN10.my-caldera.local,17,"Pipe Created:
RuleName: -
EventType: CreatePipe
UtcTime: 2024-08-20 00:50:45.981
ProcessGuid: {ca24abc9-e865-66c3-3d09-000000001d00}
ProcessId: 8160
PipeName: \PSHost.133685886457961091.8160.DefaultAppDomain.powershell
Image: C:\Windows\System32\WindowsPowerShell\v1.0\powershell.exe
User: MY-CALDERA\johnny.douche"
19,MY-CAL-WIN10.my-caldera.local,17,"Pipe Created:
RuleName: -
EventType: CreatePipe
UtcTime: 2024-08-20 00:50:46.194
ProcessGuid: {ca24abc9-dc4c-66c3-9501-000000001d00}
ProcessId: 8332
PipeName: <Anonymous Pipe>
Image: C:\Windows\System32\WindowsPowerShell\v1.0\powershell.exe
User: MY-CALDERA\johnny.douche"
20,MY-CAL-WIN10.my-caldera.local,17,"Pipe Created:
RuleName: -
EventType: CreatePipe
UtcTime: 2024-08-20 00:50:46.194
ProcessGuid: {ca24abc9-dc4c-66c3-9501-000000001d00}
ProcessId: 8332
PipeName: <Anonymous Pipe>
Image: C:\Windows\System32\WindowsPowerShell\v1.0\powershell.exe
User: MY-CALDERA\johnny.douche"
21,MY-CAL-WIN10.my-caldera.local,17,"Pipe Created:
RuleName: -
EventType: CreatePipe
UtcTime: 2024-08-20 00:50:46.400
ProcessGuid: {ca24abc9-e866-66c3-3e09-000000001d00}
ProcessId: 992
PipeName: \PSHost.133685886461967307.992.DefaultAppDomain.powershell
Image: C:\Windows\System32\WindowsPowerShell\v1.0\powershell.exe
User: MY-CALDERA\johnny.douche"
22,MY-CAL-WIN10.my-caldera.local,17,"Pipe Created:
RuleName: -
EventType: CreatePipe
UtcTime: 2024-08-20 00:51:45.084
ProcessGuid: {ca24abc9-e8a0-66c3-6409-000000001d00}
ProcessId: 8992
PipeName: \PSHost.133685887049150717.8992.DefaultAppDomain.powershell
Image: C:\Windows\System32\WindowsPowerShell\v1.0\powershell.exe
User: MY-CALDERA\johnny.douche"
23,MY-CAL-WIN10.my-caldera.local,17,"Pipe Created:
RuleName: -
EventType: CreatePipe
UtcTime: 2024-08-20 00:52:02.817
ProcessGuid: {ca24abc9-dc4c-66c3-9501-000000001d00}
ProcessId: 8332
PipeName: <Anonymous Pipe>
Image: C:\Windows\System32\WindowsPowerShell\v1.0\powershell.exe
User: MY-CALDERA\johnny.douche"
24,MY-CAL-WIN10.my-caldera.local,17,"Pipe Created:
RuleName: -
EventType: CreatePipe
UtcTime: 2024-08-20 00:52:03.120
ProcessGuid: {ca24abc9-dc4c-66c3-9501-000000001d00}
ProcessId: 8332
PipeName: <Anonymous Pipe>
Image: C:\Windows\System32\WindowsPowerShell\v1.0\powershell.exe
User: MY-CALDERA\johnny.douche"
25,MY-CAL-WIN10.my-caldera.local,17,"Pipe Created:
RuleName: -
EventType: CreatePipe
UtcTime: 2024-08-20 00:52:02.817
ProcessGuid: {ca24abc9-dc4c-66c3-9501-000000001d00}
ProcessId: 8332
PipeName: <Anonymous Pipe>
Image: C:\Windows\System32\WindowsPowerShell\v1.0\powershell.exe
User: MY-CALDERA\johnny.douche"
26,MY-CAL-WIN10.my-caldera.local,17,"Pipe Created:
RuleName: -
EventType: CreatePipe
UtcTime: 2024-08-20 00:52:03.120
ProcessGuid: {ca24abc9-dc4c-66c3-9501-000000001d00}
ProcessId: 8332
PipeName: <Anonymous Pipe>
Image: C:\Windows\System32\WindowsPowerShell\v1.0\powershell.exe
User: MY-CALDERA\johnny.douche"
27,MY-CAL-WIN10.my-caldera.local,17,"Pipe Created:
RuleName: -
EventType: CreatePipe
UtcTime: 2024-08-20 00:52:02.354
ProcessGuid: {ca24abc9-e8b2-66c3-6a09-000000001d00}
ProcessId: 8132
PipeName: \PSHost.133685887221803823.8132.DefaultAppDomain.powershell
Image: C:\Windows\System32\WindowsPowerShell\v1.0\powershell.exe
User: MY-CALDERA\johnny.douche"
28,MY-CAL-WIN10.my-caldera.local,17,"Pipe Created:
RuleName: -
EventType: CreatePipe
UtcTime: 2024-08-20 00:52:32.329
ProcessGuid: {ca24abc9-e8d0-66c3-9809-000000001d00}
ProcessId: 1232
PipeName: \PSHost.133685887521574621.1232.DefaultAppDomain.powershell
Image: C:\Windows\System32\WindowsPowerShell\v1.0\powershell.exe
User: MY-CALDERA\johnny.douche"
29,MY-CAL-WIN10.my-caldera.local,17,"Pipe Created:
RuleName: -
EventType: CreatePipe
UtcTime: 2024-08-20 00:52:41.264
ProcessGuid: {ca24abc9-dc4c-66c3-9501-000000001d00}
ProcessId: 8332
PipeName: <Anonymous Pipe>
Image: C:\Windows\System32\WindowsPowerShell\v1.0\powershell.exe
User: MY-CALDERA\johnny.douche"
30,MY-CAL-WIN10.my-caldera.local,17,"Pipe Created:
RuleName: -
EventType: CreatePipe
UtcTime: 2024-08-20 00:52:41.469
ProcessGuid: {ca24abc9-e8d9-66c3-a209-000000001d00}
ProcessId: 4312
PipeName: \PSHost.133685887612662359.4312.DefaultAppDomain.powershell
Image: C:\Windows\System32\WindowsPowerShell\v1.0\powershell.exe
User: MY-CALDERA\johnny.douche"
31,MY-CAL-WIN10.my-caldera.local,17,"Pipe Created:
RuleName: -
EventType: CreatePipe
UtcTime: 2024-08-20 00:52:41.263
ProcessGuid: {ca24abc9-dc4c-66c3-9501-000000001d00}
ProcessId: 8332
PipeName: <Anonymous Pipe>
Image: C:\Windows\System32\WindowsPowerShell\v1.0\powershell.exe
User: MY-CALDERA\johnny.douche"
32,MY-CAL-WIN10.my-caldera.local,17,"Pipe Created:
RuleName: -
EventType: CreatePipe
UtcTime: 2024-08-20 00:52:41.013
ProcessGuid: {ca24abc9-e8d8-66c3-a109-000000001d00}
ProcessId: 5412
PipeName: \PSHost.133685887607122146.5412.DefaultAppDomain.powershell
Image: C:\Windows\System32\WindowsPowerShell\v1.0\powershell.exe
User: MY-CALDERA\johnny.douche"
33,MY-CAL-WIN10.my-caldera.local,17,"Pipe Created:
RuleName: -
EventType: CreatePipe
UtcTime: 2024-08-20 00:52:46.001
ProcessGuid: {ca24abc9-e8dd-66c3-ad09-000000001d00}
ProcessId: 5180
PipeName: \PSHost.133685887658310134.5180.DefaultAppDomain.powershell
Image: C:\Windows\System32\WindowsPowerShell\v1.0\powershell.exe
User: MY-CALDERA\johnny.douche"
34,MY-CAL-WIN10.my-caldera.local,17,"Pipe Created:
RuleName: -
EventType: CreatePipe
UtcTime: 2024-08-20 00:52:46.563
ProcessGuid: {ca24abc9-e8de-66c3-ae09-000000001d00}
ProcessId: 7100
PipeName: \PSHost.133685887663841628.7100.DefaultAppDomain.powershell
Image: C:\Windows\System32\WindowsPowerShell\v1.0\powershell.exe
User: MY-CALDERA\johnny.douche"
35,MY-CAL-WIN10.my-caldera.local,17,"Pipe Created:
RuleName: -
EventType: CreatePipe
UtcTime: 2024-08-20 00:52:46.998
ProcessGuid: {ca24abc9-e8de-66c3-af09-000000001d00}
ProcessId: 3180
PipeName: \PSHost.133685887668265985.3180.DefaultAppDomain.powershell
Image: C:\Windows\System32\WindowsPowerShell\v1.0\powershell.exe
User: MY-CALDERA\johnny.douche"
36,MY-CAL-WIN10.my-caldera.local,17,"Pipe Created:
RuleName: -
EventType: CreatePipe
UtcTime: 2024-08-20 00:52:48.546
ProcessGuid: {ca24abc9-e8e0-66c3-b909-000000001d00}
ProcessId: 7160
PipeName: \PSHost.133685887683724091.7160.DefaultAppDomain.powershell
Image: C:\Windows\System32\WindowsPowerShell\v1.0\powershell.exe
User: MY-CALDERA\johnny.douche"
37,MY-CAL-WIN10.my-caldera.local,17,"Pipe Created:
RuleName: -
EventType: CreatePipe
UtcTime: 2024-08-20 00:52:48.895
ProcessGuid: {ca24abc9-e8e0-66c3-ba09-000000001d00}
ProcessId: 8828
PipeName: \PSHost.133685887686845883.8828.DefaultAppDomain.powershell
Image: C:\Windows\System32\WindowsPowerShell\v1.0\powershell.exe
User: MY-CALDERA\johnny.douche"
38,MY-CAL-WIN10.my-caldera.local,17,"Pipe Created:
RuleName: -
EventType: CreatePipe
UtcTime: 2024-08-20 00:52:48.683
ProcessGuid: {ca24abc9-dc4c-66c3-9501-000000001d00}
ProcessId: 8332
PipeName: <Anonymous Pipe>
Image: C:\Windows\System32\WindowsPowerShell\v1.0\powershell.exe
User: MY-CALDERA\johnny.douche"
39,MY-CAL-WIN10.my-caldera.local,17,"Pipe Created:
RuleName: -
EventType: CreatePipe
UtcTime: 2024-08-20 00:52:48.683
ProcessGuid: {ca24abc9-dc4c-66c3-9501-000000001d00}
ProcessId: 8332
PipeName: <Anonymous Pipe>
Image: C:\Windows\System32\WindowsPowerShell\v1.0\powershell.exe
User: MY-CALDERA\johnny.douche"
40,MY-CAL-WIN10.my-caldera.local,17,"Pipe Created:
RuleName: -
EventType: CreatePipe
UtcTime: 2024-08-20 00:52:48.049
ProcessGuid: {ca24abc9-dc4c-66c3-9501-000000001d00}
ProcessId: 8332
PipeName: <Anonymous Pipe>
Image: C:\Windows\System32\WindowsPowerShell\v1.0\powershell.exe
User: MY-CALDERA\johnny.douche"
41,MY-CAL-WIN10.my-caldera.local,17,"Pipe Created:
RuleName: -
EventType: CreatePipe
UtcTime: 2024-08-20 00:52:48.049
ProcessGuid: {ca24abc9-dc4c-66c3-9501-000000001d00}
ProcessId: 8332
PipeName: <Anonymous Pipe>
Image: C:\Windows\System32\WindowsPowerShell\v1.0\powershell.exe
User: MY-CALDERA\johnny.douche"
42,MY-CAL-WIN10.my-caldera.local,17,"Pipe Created:
RuleName: -
EventType: CreatePipe
UtcTime: 2024-08-20 00:50:15.062
ProcessGuid: {ca24abc9-e846-66c3-eb08-000000001d00}
ProcessId: 9644
PipeName: \PSHost.133685886148606884.9644.DefaultAppDomain.powershell
Image: C:\Windows\System32\WindowsPowerShell\v1.0\powershell.exe
User: MY-CALDERA\johnny.douche"
43,MY-CAL-WIN10.my-caldera.local,17,"Pipe Created:
RuleName: -
EventType: CreatePipe
UtcTime: 2024-08-20 00:50:14.858
ProcessGuid: {ca24abc9-dc4c-66c3-9501-000000001d00}
ProcessId: 8332
PipeName: <Anonymous Pipe>
Image: C:\Windows\System32\WindowsPowerShell\v1.0\powershell.exe
User: MY-CALDERA\johnny.douche"
44,MY-CAL-WIN10.my-caldera.local,17,"Pipe Created:
RuleName: -
EventType: CreatePipe
UtcTime: 2024-08-20 00:50:14.858
ProcessGuid: {ca24abc9-dc4c-66c3-9501-000000001d00}
ProcessId: 8332
PipeName: <Anonymous Pipe>
Image: C:\Windows\System32\WindowsPowerShell\v1.0\powershell.exe
User: MY-CALDERA\johnny.douche"
45,MY-CAL-WIN10.my-caldera.local,17,"Pipe Created:
RuleName: -
EventType: CreatePipe
UtcTime: 2024-08-20 00:50:18.408
ProcessGuid: {ca24abc9-e84a-66c3-f508-000000001d00}
ProcessId: 10368
PipeName: \PSHost.133685886182101848.10368.DefaultAppDomain.powershell
Image: C:\Windows\System32\WindowsPowerShell\v1.0\powershell.exe
User: MY-CALDERA\johnny.douche"
46,MY-CAL-WIN10.my-caldera.local,17,"Pipe Created:
RuleName: -
EventType: CreatePipe
UtcTime: 2024-08-20 00:50:18.516
ProcessGuid: {ca24abc9-e84a-66c3-f508-000000001d00}
ProcessId: 10368
PipeName: <Anonymous Pipe>
Image: C:\Windows\System32\WindowsPowerShell\v1.0\powershell.exe
User: MY-CALDERA\johnny.douche"
47,MY-CAL-WIN10.my-caldera.local,17,"Pipe Created:
RuleName: -
EventType: CreatePipe
UtcTime: 2024-08-20 00:50:18.536
ProcessGuid: {ca24abc9-e84a-66c3-f708-000000001d00}
ProcessId: 8824
PipeName: <Anonymous Pipe>
Image: C:\Windows\system32\cmd.exe
User: MY-CALDERA\johnny.douche"
48,MY-CAL-WIN10.my-caldera.local,17,"Pipe Created:
RuleName: -
EventType: CreatePipe
UtcTime: 2024-08-20 00:50:19.123
ProcessGuid: {ca24abc9-e84a-66c3-fa08-000000001d00}
ProcessId: 2072
PipeName: <Anonymous Pipe>
Image: C:\Windows\System32\WindowsPowerShell\v1.0\powershell.exe
User: MY-CALDERA\johnny.douche"
49,MY-CAL-WIN10.my-caldera.local,17,"Pipe Created:
RuleName: -
EventType: CreatePipe
UtcTime: 2024-08-20 00:50:19.144
ProcessGuid: {ca24abc9-e84a-66c3-fa08-000000001d00}
ProcessId: 2072
PipeName: <Anonymous Pipe>
Image: C:\Windows\System32\WindowsPowerShell\v1.0\powershell.exe
User: MY-CALDERA\johnny.douche"
50,MY-CAL-WIN10.my-caldera.local,17,"Pipe Created:
RuleName: -
EventType: CreatePipe
UtcTime: 2024-08-20 00:50:19.015
ProcessGuid: {ca24abc9-e84a-66c3-fa08-000000001d00}
ProcessId: 2072
PipeName: \PSHost.133685886188427436.2072.DefaultAppDomain.powershell
Image: C:\Windows\System32\WindowsPowerShell\v1.0\powershell.exe
User: MY-CALDERA\johnny.douche"
51,MY-CAL-WIN10.my-caldera.local,17,"Pipe Created:
RuleName: -
EventType: CreatePipe
UtcTime: 2024-08-20 00:50:19.145
ProcessGuid: {ca24abc9-e84a-66c3-fa08-000000001d00}
ProcessId: 2072
PipeName: <Anonymous Pipe>
Image: C:\Windows\System32\WindowsPowerShell\v1.0\powershell.exe
User: MY-CALDERA\johnny.douche"
52,MY-CAL-WIN10.my-caldera.local,17,"Pipe Created:
RuleName: -
EventType: CreatePipe
UtcTime: 2024-08-20 00:50:19.609
ProcessGuid: {ca24abc9-e84b-66c3-fd08-000000001d00}
ProcessId: 7100
PipeName: <Anonymous Pipe>
Image: C:\Windows\System32\WindowsPowerShell\v1.0\powershell.exe
User: MY-CALDERA\johnny.douche"
53,MY-CAL-WIN10.my-caldera.local,17,"Pipe Created:
RuleName: -
EventType: CreatePipe
UtcTime: 2024-08-20 00:50:19.465
ProcessGuid: {ca24abc9-e84b-66c3-fd08-000000001d00}
ProcessId: 7100
PipeName: \PSHost.133685886193018870.7100.DefaultAppDomain.powershell
Image: C:\Windows\System32\WindowsPowerShell\v1.0\powershell.exe
User: MY-CALDERA\johnny.douche"
54,MY-CAL-WIN10.my-caldera.local,17,"Pipe Created:
RuleName: -
EventType: CreatePipe
UtcTime: 2024-08-20 00:50:19.576
ProcessGuid: {ca24abc9-e84b-66c3-fd08-000000001d00}
ProcessId: 7100
PipeName: <Anonymous Pipe>
Image: C:\Windows\System32\WindowsPowerShell\v1.0\powershell.exe
User: MY-CALDERA\johnny.douche"
55,MY-CAL-WIN10.my-caldera.local,17,"Pipe Created:
RuleName: -
EventType: CreatePipe
UtcTime: 2024-08-20 00:50:19.608
ProcessGuid: {ca24abc9-e84b-66c3-fd08-000000001d00}
ProcessId: 7100
PipeName: <Anonymous Pipe>
Image: C:\Windows\System32\WindowsPowerShell\v1.0\powershell.exe
User: MY-CALDERA\johnny.douche"
56,MY-CAL-WIN10.my-caldera.local,17,"Pipe Created:
RuleName: -
EventType: CreatePipe
UtcTime: 2024-08-20 00:50:23.045
ProcessGuid: {ca24abc9-dc4c-66c3-9501-000000001d00}
ProcessId: 8332
PipeName: <Anonymous Pipe>
Image: C:\Windows\System32\WindowsPowerShell\v1.0\powershell.exe
User: MY-CALDERA\johnny.douche"
57,MY-CAL-WIN10.my-caldera.local,17,"Pipe Created:
RuleName: -
EventType: CreatePipe
UtcTime: 2024-08-20 00:50:23.045
ProcessGuid: {ca24abc9-dc4c-66c3-9501-000000001d00}
ProcessId: 8332
PipeName: <Anonymous Pipe>
Image: C:\Windows\System32\WindowsPowerShell\v1.0\powershell.exe
User: MY-CALDERA\johnny.douche"
58,MY-CAL-WIN10.my-caldera.local,17,"Pipe Created:
RuleName: -
EventType: CreatePipe
UtcTime: 2024-08-20 00:50:22.862
ProcessGuid: {ca24abc9-e84e-66c3-0b09-000000001d00}
ProcessId: 6656
PipeName: \PSHost.133685886226931537.6656.DefaultAppDomain.powershell
Image: C:\Windows\System32\WindowsPowerShell\v1.0\powershell.exe
User: MY-CALDERA\johnny.douche"
59,MY-CAL-WIN10.my-caldera.local,17,"Pipe Created:
RuleName: -
EventType: CreatePipe
UtcTime: 2024-08-20 00:50:23.249
ProcessGuid: {ca24abc9-e84f-66c3-0c09-000000001d00}
ProcessId: 8156
PipeName: \PSHost.133685886230470608.8156.DefaultAppDomain.powershell
Image: C:\Windows\System32\WindowsPowerShell\v1.0\powershell.exe
User: MY-CALDERA\johnny.douche"
60,MY-CAL-WIN10.my-caldera.local,17,"Pipe Created:
RuleName: -
EventType: CreatePipe
UtcTime: 2024-08-20 00:51:39.148
ProcessGuid: {ca24abc9-e89a-66c3-5809-000000001d00}
ProcessId: 7948
PipeName: \PSHost.133685886989780973.7948.DefaultAppDomain.powershell
Image: C:\Windows\System32\WindowsPowerShell\v1.0\powershell.exe
User: MY-CALDERA\johnny.douche"
61,MY-CAL-WIN10.my-caldera.local,17,"Pipe Created:
RuleName: -
EventType: CreatePipe
UtcTime: 2024-08-20 00:51:39.325
ProcessGuid: {ca24abc9-dc4c-66c3-9501-000000001d00}
ProcessId: 8332
PipeName: <Anonymous Pipe>
Image: C:\Windows\System32\WindowsPowerShell\v1.0\powershell.exe
User: MY-CALDERA\johnny.douche"
62,MY-CAL-WIN10.my-caldera.local,17,"Pipe Created:
RuleName: -
EventType: CreatePipe
UtcTime: 2024-08-20 00:51:39.325
ProcessGuid: {ca24abc9-dc4c-66c3-9501-000000001d00}
ProcessId: 8332
PipeName: <Anonymous Pipe>
Image: C:\Windows\System32\WindowsPowerShell\v1.0\powershell.exe
User: MY-CALDERA\johnny.douche"
63,MY-CAL-WIN10.my-caldera.local,17,"Pipe Created:
RuleName: -
EventType: CreatePipe
UtcTime: 2024-08-20 00:51:39.530
ProcessGuid: {ca24abc9-e89b-66c3-5909-000000001d00}
ProcessId: 936
PipeName: \PSHost.133685886993269814.936.DefaultAppDomain.powershell
Image: C:\Windows\System32\WindowsPowerShell\v1.0\powershell.exe
User: MY-CALDERA\johnny.douche"
64,MY-CAL-WIN10.my-caldera.local,17,"Pipe Created:
RuleName: -
EventType: CreatePipe
UtcTime: 2024-08-20 00:51:38.754
ProcessGuid: {ca24abc9-e89a-66c3-5709-000000001d00}
ProcessId: 9920
PipeName: \PSHost.133685886985779131.9920.DefaultAppDomain.powershell
Image: C:\Windows\System32\WindowsPowerShell\v1.0\powershell.exe
User: MY-CALDERA\johnny.douche"
65,MY-CAL-WIN10.my-caldera.local,17,"Pipe Created:
RuleName: -
EventType: CreatePipe
UtcTime: 2024-08-20 00:51:43.801
ProcessGuid: {ca24abc9-dc4c-66c3-9501-000000001d00}
ProcessId: 8332
PipeName: <Anonymous Pipe>
Image: C:\Windows\System32\WindowsPowerShell\v1.0\powershell.exe
User: MY-CALDERA\johnny.douche"
66,MY-CAL-WIN10.my-caldera.local,17,"Pipe Created:
RuleName: -
EventType: CreatePipe
UtcTime: 2024-08-20 00:51:43.801
ProcessGuid: {ca24abc9-dc4c-66c3-9501-000000001d00}
ProcessId: 8332
PipeName: <Anonymous Pipe>
Image: C:\Windows\System32\WindowsPowerShell\v1.0\powershell.exe
User: MY-CALDERA\johnny.douche"
67,MY-CAL-WIN10.my-caldera.local,17,"Pipe Created:
RuleName: -
EventType: CreatePipe
UtcTime: 2024-08-20 00:51:42.998
ProcessGuid: {ca24abc9-e89e-66c3-5d09-000000001d00}
ProcessId: 9220
PipeName: \PSHost.133685887028355562.9220.DefaultAppDomain.powershell
Image: C:\Windows\System32\WindowsPowerShell\v1.0\powershell.exe
User: MY-CALDERA\johnny.douche"
68,MY-CAL-WIN10.my-caldera.local,17,"Pipe Created:
RuleName: -
EventType: CreatePipe
UtcTime: 2024-08-20 00:51:43.997
ProcessGuid: {ca24abc9-e89f-66c3-6009-000000001d00}
ProcessId: 10140
PipeName: \PSHost.133685887038028183.10140.DefaultAppDomain.powershell
Image: C:\Windows\System32\WindowsPowerShell\v1.0\powershell.exe
User: MY-CALDERA\johnny.douche"
69,MY-CAL-WIN10.my-caldera.local,17,"Pipe Created:
RuleName: -
EventType: CreatePipe
UtcTime: 2024-08-20 00:51:43.609
ProcessGuid: {ca24abc9-e89f-66c3-5e09-000000001d00}
ProcessId: 11120
PipeName: \PSHost.133685887034399879.11120.DefaultAppDomain.powershell
Image: C:\Windows\System32\WindowsPowerShell\v1.0\powershell.exe
User: MY-CALDERA\johnny.douche"
70,MY-CAL-WIN10.my-caldera.local,17,"Pipe Created:
RuleName: -
EventType: CreatePipe
UtcTime: 2024-08-20 00:51:43.720
ProcessGuid: {ca24abc9-e89f-66c3-5e09-000000001d00}
ProcessId: 11120
PipeName: <Anonymous Pipe>
Image: C:\Windows\System32\WindowsPowerShell\v1.0\powershell.exe
User: MY-CALDERA\johnny.douche"
71,MY-CAL-WIN10.my-caldera.local,17,"Pipe Created:
RuleName: -
EventType: CreatePipe
UtcTime: 2024-08-20 00:52:33.264
ProcessGuid: {ca24abc9-e8d1-66c3-9909-000000001d00}
ProcessId: 9980
PipeName: \PSHost.133685887530838249.9980.DefaultAppDomain.powershell
Image: C:\Windows\System32\WindowsPowerShell\v1.0\powershell.exe
User: MY-CALDERA\johnny.douche"
72,MY-CAL-WIN10.my-caldera.local,17,"Pipe Created:
RuleName: -
EventType: CreatePipe
UtcTime: 2024-08-20 00:05:02.199
ProcessGuid: {ca24abc9-dc4c-66c3-9501-000000001d00}
ProcessId: 8332
PipeName: <Anonymous Pipe>
Image: C:\Windows\System32\WindowsPowerShell\v1.0\powershell.exe
User: MY-CALDERA\johnny.douche"
73,MY-CAL-WIN10.my-caldera.local,17,"Pipe Created:
RuleName: -
EventType: CreatePipe
UtcTime: 2024-08-20 00:07:45.843
ProcessGuid: {ca24abc9-de51-66c3-bd01-000000001d00}
ProcessId: 2108
PipeName: \PSHost.133685860656673362.2108.DefaultAppDomain.powershell
Image: C:\Windows\System32\WindowsPowerShell\v1.0\powershell.exe
User: MY-CALDERA\johnny.douche"
74,MY-CAL-WIN10.my-caldera.local,17,"Pipe Created:
RuleName: -
EventType: CreatePipe
UtcTime: 2024-08-20 00:09:11.027
ProcessGuid: {ca24abc9-dea6-66c3-3b02-000000001d00}
ProcessId: 3264
PipeName: \PSHost.133685861508416299.3264.DefaultAppDomain.powershell
Image: C:\Windows\System32\WindowsPowerShell\v1.0\powershell.exe
User: MY-CALDERA\johnny.douche"
75,MY-CAL-WIN10.my-caldera.local,17,"Pipe Created:
RuleName: -
EventType: CreatePipe
UtcTime: 2024-08-20 00:09:11.540
ProcessGuid: {ca24abc9-dea7-66c3-3c02-000000001d00}
ProcessId: 4816
PipeName: \PSHost.133685861513700195.4816.DefaultAppDomain.powershell
Image: C:\Windows\System32\WindowsPowerShell\v1.0\powershell.exe
User: MY-CALDERA\johnny.douche"
76,MY-CAL-WIN10.my-caldera.local,17,"Pipe Created:
RuleName: -
EventType: CreatePipe
UtcTime: 2024-08-20 00:09:12.061
ProcessGuid: {ca24abc9-dea7-66c3-3d02-000000001d00}
ProcessId: 5668
PipeName: \PSHost.133685861518887979.5668.DefaultAppDomain.powershell
Image: C:\Windows\System32\WindowsPowerShell\v1.0\powershell.exe
User: MY-CALDERA\johnny.douche"
77,MY-CAL-WIN10.my-caldera.local,17,"Pipe Created:
RuleName: -
EventType: CreatePipe
UtcTime: 2024-08-20 00:09:17.307
ProcessGuid: {ca24abc9-dead-66c3-4302-000000001d00}
ProcessId: 3348
PipeName: \PSHost.133685861571310401.3348.DefaultAppDomain.powershell
Image: C:\Windows\System32\WindowsPowerShell\v1.0\powershell.exe
User: MY-CALDERA\johnny.douche"
78,MY-CAL-WIN10.my-caldera.local,17,"Pipe Created:
RuleName: -
EventType: CreatePipe
UtcTime: 2024-08-20 00:09:17.902
ProcessGuid: {ca24abc9-dead-66c3-4402-000000001d00}
ProcessId: 3996
PipeName: \PSHost.133685861576832430.3996.DefaultAppDomain.powershell
Image: C:\Windows\System32\WindowsPowerShell\v1.0\powershell.exe
User: MY-CALDERA\johnny.douche"
79,MY-CAL-WIN10.my-caldera.local,17,"Pipe Created:
RuleName: -
EventType: CreatePipe
UtcTime: 2024-08-20 00:09:18.332
ProcessGuid: {ca24abc9-deae-66c3-4502-000000001d00}
ProcessId: 6364
PipeName: \PSHost.133685861581231896.6364.DefaultAppDomain.powershell
Image: C:\Windows\System32\WindowsPowerShell\v1.0\powershell.exe
User: MY-CALDERA\johnny.douche"
80,MY-CAL-WIN10.my-caldera.local,17,"Pipe Created:
RuleName: -
EventType: CreatePipe
UtcTime: 2024-08-20 00:09:18.850
ProcessGuid: {ca24abc9-deae-66c3-4702-000000001d00}
ProcessId: 9004
PipeName: \PSHost.133685861586909441.9004.DefaultAppDomain.powershell
Image: C:\Windows\System32\WindowsPowerShell\v1.0\powershell.exe
User: MY-CALDERA\johnny.douche"
81,MY-CAL-WIN10.my-caldera.local,17,"Pipe Created:
RuleName: -
EventType: CreatePipe
UtcTime: 2024-08-20 00:09:18.121
ProcessGuid: {ca24abc9-dc4c-66c3-9501-000000001d00}
ProcessId: 8332
PipeName: <Anonymous Pipe>
Image: C:\Windows\System32\WindowsPowerShell\v1.0\powershell.exe
User: MY-CALDERA\johnny.douche"
82,MY-CAL-WIN10.my-caldera.local,17,"Pipe Created:
RuleName: -
EventType: CreatePipe
UtcTime: 2024-08-20 00:09:18.121
ProcessGuid: {ca24abc9-dc4c-66c3-9501-000000001d00}
ProcessId: 8332
PipeName: <Anonymous Pipe>
Image: C:\Windows\System32\WindowsPowerShell\v1.0\powershell.exe
User: MY-CALDERA\johnny.douche"
83,MY-CAL-WIN10.my-caldera.local,17,"Pipe Created:
RuleName: -
EventType: CreatePipe
UtcTime: 2024-08-20 00:11:51.073
ProcessGuid: {ca24abc9-df33-66c3-5d02-000000001d00}
ProcessId: 9500
PipeName: <Anonymous Pipe>
Image: C:\AtomicRedTeam\ExternalPayloads\npcap_installer.exe
User: MY-CALDERA\johnny.douche"
84,MY-CAL-WIN10.my-caldera.local,17,"Pipe Created:
RuleName: -
EventType: CreatePipe
UtcTime: 2024-08-20 00:11:51.073
ProcessGuid: {ca24abc9-df33-66c3-5d02-000000001d00}
ProcessId: 9500
PipeName: <Anonymous Pipe>
Image: C:\AtomicRedTeam\ExternalPayloads\npcap_installer.exe
User: MY-CALDERA\johnny.douche"
85,MY-CAL-WIN10.my-caldera.local,17,"Pipe Created:
RuleName: -
EventType: CreatePipe
UtcTime: 2024-08-20 00:11:51.296
ProcessGuid: {ca24abc9-df33-66c3-5d02-000000001d00}
ProcessId: 9500
PipeName: <Anonymous Pipe>
Image: C:\AtomicRedTeam\ExternalPayloads\npcap_installer.exe
User: MY-CALDERA\johnny.douche"
86,MY-CAL-WIN10.my-caldera.local,17,"Pipe Created:
RuleName: -
EventType: CreatePipe
UtcTime: 2024-08-20 00:11:51.296
ProcessGuid: {ca24abc9-df33-66c3-5d02-000000001d00}
ProcessId: 9500
PipeName: <Anonymous Pipe>
Image: C:\AtomicRedTeam\ExternalPayloads\npcap_installer.exe
User: MY-CALDERA\johnny.douche"
87,MY-CAL-WIN10.my-caldera.local,17,"Pipe Created:
RuleName: -
EventType: CreatePipe
UtcTime: 2024-08-20 00:12:39.001
ProcessGuid: {ca24abc9-df76-66c3-8002-000000001d00}
ProcessId: 9548
PipeName: \PSHost.133685863587252877.9548.DefaultAppDomain.powershell
Image: C:\Windows\System32\WindowsPowerShell\v1.0\powershell.exe
User: MY-CALDERA\johnny.douche"
88,MY-CAL-WIN10.my-caldera.local,17,"Pipe Created:
RuleName: -
EventType: CreatePipe
UtcTime: 2024-08-20 00:13:01.972
ProcessGuid: {ca24abc9-df8d-66c3-8e02-000000001d00}
ProcessId: 5036
PipeName: <Anonymous Pipe>
Image: C:\Program Files\Npcap\uninstall.exe
User: MY-CALDERA\johnny.douche"
89,MY-CAL-WIN10.my-caldera.local,17,"Pipe Created:
RuleName: -
EventType: CreatePipe
UtcTime: 2024-08-20 00:13:01.972
ProcessGuid: {ca24abc9-df8d-66c3-8e02-000000001d00}
ProcessId: 5036
PipeName: <Anonymous Pipe>
Image: C:\Program Files\Npcap\uninstall.exe
User: MY-CALDERA\johnny.douche"
90,MY-CAL-WIN10.my-caldera.local,17,"Pipe Created:
RuleName: -
EventType: CreatePipe
UtcTime: 2024-08-20 00:13:01.652
ProcessGuid: {ca24abc9-df8c-66c3-8d02-000000001d00}
ProcessId: 2904
PipeName: <Anonymous Pipe>
Image: C:\Users\JOHNNY~1.DOU\AppData\Local\Temp\nskF158.tmp\npcap-0.9982-oem.exe
User: MY-CALDERA\johnny.douche"
91,MY-CAL-WIN10.my-caldera.local,17,"Pipe Created:
RuleName: -
EventType: CreatePipe
UtcTime: 2024-08-20 00:13:01.652
ProcessGuid: {ca24abc9-df8c-66c3-8d02-000000001d00}
ProcessId: 2904
PipeName: <Anonymous Pipe>
Image: C:\Users\JOHNNY~1.DOU\AppData\Local\Temp\nskF158.tmp\npcap-0.9982-oem.exe
User: MY-CALDERA\johnny.douche"
92,MY-CAL-WIN10.my-caldera.local,17,"Pipe Created:
RuleName: -
EventType: CreatePipe
UtcTime: 2024-08-20 00:13:09.730
ProcessGuid: {ca24abc9-df8c-66c3-8d02-000000001d00}
ProcessId: 2904
PipeName: <Anonymous Pipe>
Image: C:\Users\JOHNNY~1.DOU\AppData\Local\Temp\nskF158.tmp\npcap-0.9982-oem.exe
User: MY-CALDERA\johnny.douche"
93,MY-CAL-WIN10.my-caldera.local,17,"Pipe Created:
RuleName: -
EventType: CreatePipe
UtcTime: 2024-08-20 00:13:09.730
ProcessGuid: {ca24abc9-df8c-66c3-8d02-000000001d00}
ProcessId: 2904
PipeName: <Anonymous Pipe>
Image: C:\Users\JOHNNY~1.DOU\AppData\Local\Temp\nskF158.tmp\npcap-0.9982-oem.exe
User: MY-CALDERA\johnny.douche"
94,MY-CAL-WIN10.my-caldera.local,17,"Pipe Created:
RuleName: -
EventType: CreatePipe
UtcTime: 2024-08-20 00:13:09.966
ProcessGuid: {ca24abc9-df8c-66c3-8d02-000000001d00}
ProcessId: 2904
PipeName: <Anonymous Pipe>
Image: C:\Users\JOHNNY~1.DOU\AppData\Local\Temp\nskF158.tmp\npcap-0.9982-oem.exe
User: MY-CALDERA\johnny.douche"
95,MY-CAL-WIN10.my-caldera.local,17,"Pipe Created:
RuleName: -
EventType: CreatePipe
UtcTime: 2024-08-20 00:13:09.966
ProcessGuid: {ca24abc9-df8c-66c3-8d02-000000001d00}
ProcessId: 2904
PipeName: <Anonymous Pipe>
Image: C:\Users\JOHNNY~1.DOU\AppData\Local\Temp\nskF158.tmp\npcap-0.9982-oem.exe
User: MY-CALDERA\johnny.douche"
96,MY-CAL-WIN10.my-caldera.local,17,"Pipe Created:
RuleName: -
EventType: CreatePipe
UtcTime: 2024-08-20 00:13:19.074
ProcessGuid: {ca24abc9-df9e-66c3-bd02-000000001d00}
ProcessId: 6440
PipeName: \PSHost.133685863989020685.6440.DefaultAppDomain.powershell
Image: C:\Windows\System32\WindowsPowerShell\v1.0\powershell.exe
User: MY-CALDERA\johnny.douche"
97,MY-CAL-WIN10.my-caldera.local,17,"Pipe Created:
RuleName: -
EventType: CreatePipe
UtcTime: 2024-08-20 00:13:19.572
ProcessGuid: {ca24abc9-df9f-66c3-be02-000000001d00}
ProcessId: 5644
PipeName: \PSHost.133685863993618663.5644.DefaultAppDomain.powershell
Image: C:\Windows\System32\WindowsPowerShell\v1.0\powershell.exe
User: MY-CALDERA\johnny.douche"
98,MY-CAL-WIN10.my-caldera.local,17,"Pipe Created:
RuleName: -
EventType: CreatePipe
UtcTime: 2024-08-20 00:13:19.610
ProcessGuid: {ca24abc9-df8c-66c3-8d02-000000001d00}
ProcessId: 2904
PipeName: <Anonymous Pipe>
Image: C:\Users\JOHNNY~1.DOU\AppData\Local\Temp\nskF158.tmp\npcap-0.9982-oem.exe
User: MY-CALDERA\johnny.douche"
99,MY-CAL-WIN10.my-caldera.local,17,"Pipe Created:
RuleName: -
EventType: CreatePipe
UtcTime: 2024-08-20 00:13:19.610
ProcessGuid: {ca24abc9-df8c-66c3-8d02-000000001d00}
ProcessId: 2904
PipeName: <Anonymous Pipe>
Image: C:\Users\JOHNNY~1.DOU\AppData\Local\Temp\nskF158.tmp\npcap-0.9982-oem.exe
User: MY-CALDERA\johnny.douche"
100,MY-CAL-WIN10.my-caldera.local,17,"Pipe Created:
RuleName: -
EventType: CreatePipe
UtcTime: 2024-08-20 00:13:18.476
ProcessGuid: {ca24abc9-df9e-66c3-bc02-000000001d00}
ProcessId: 9648
PipeName: \PSHost.133685863981981503.9648.DefaultAppDomain.powershell
Image: C:\Windows\System32\WindowsPowerShell\v1.0\powershell.exe
User: MY-CALDERA\johnny.douche"
101,MY-CAL-WIN10.my-caldera.local,17,"Pipe Created:
RuleName: -
EventType: CreatePipe
UtcTime: 2024-08-20 00:13:27.594
ProcessGuid: {ca24abc9-dfa7-66c3-cb02-000000001d00}
ProcessId: 10360
PipeName: \PSHost.133685864072569265.10360.DefaultAppDomain.powershell
Image: C:\Windows\System32\WindowsPowerShell\v1.0\powershell.exe
User: MY-CALDERA\johnny.douche"
102,MY-CAL-WIN10.my-caldera.local,17,"Pipe Created:
RuleName: -
EventType: CreatePipe
UtcTime: 2024-08-20 00:14:40.863
ProcessGuid: {ca24abc9-dfef-66c3-e002-000000001d00}
ProcessId: 9816
PipeName: \PSHost.133685864793962389.9816.DefaultAppDomain.powershell
Image: C:\Windows\System32\WindowsPowerShell\v1.0\powershell.exe
User: MY-CALDERA\johnny.douche"
103,MY-CAL-WIN10.my-caldera.local,17,"Pipe Created:
RuleName: -
EventType: CreatePipe
UtcTime: 2024-08-20 00:14:41.620
ProcessGuid: {ca24abc9-dff1-66c3-e302-000000001d00}
ProcessId: 10956
PipeName: \PSHost.133685864814204687.10956.DefaultAppDomain.powershell
Image: C:\Windows\System32\WindowsPowerShell\v1.0\powershell.exe
User: MY-CALDERA\johnny.douche"
104,MY-CAL-WIN10.my-caldera.local,17,"Pipe Created:
RuleName: -
EventType: CreatePipe
UtcTime: 2024-08-20 00:14:42.108
ProcessGuid: {ca24abc9-dff1-66c3-e402-000000001d00}
ProcessId: 10216
PipeName: \PSHost.133685864819284077.10216.DefaultAppDomain.powershell
Image: C:\Windows\System32\WindowsPowerShell\v1.0\powershell.exe
User: MY-CALDERA\johnny.douche"
105,MY-CAL-WIN10.my-caldera.local,17,"Pipe Created:
RuleName: -
EventType: CreatePipe
UtcTime: 2024-08-20 00:14:58.381
ProcessGuid: {ca24abc9-e002-66c3-f502-000000001d00}
ProcessId: 4904
PipeName: \PSHost.133685864982095955.4904.DefaultAppDomain.powershell
Image: C:\Windows\System32\WindowsPowerShell\v1.0\powershell.exe
User: MY-CALDERA\johnny.douche"
106,MY-CAL-WIN10.my-caldera.local,17,"Pipe Created:
RuleName: -
EventType: CreatePipe
UtcTime: 2024-08-20 00:14:59.128
ProcessGuid: {ca24abc9-e002-66c3-f602-000000001d00}
ProcessId: 8060
PipeName: \PSHost.133685864989582532.8060.DefaultAppDomain.powershell
Image: C:\Windows\System32\WindowsPowerShell\v1.0\powershell.exe
User: MY-CALDERA\johnny.douche"
107,MY-CAL-WIN10.my-caldera.local,17,"Pipe Created:
RuleName: -
EventType: CreatePipe
UtcTime: 2024-08-20 00:14:59.645
ProcessGuid: {ca24abc9-e003-66c3-f702-000000001d00}
ProcessId: 2884
PipeName: \PSHost.133685864994704865.2884.DefaultAppDomain.powershell
Image: C:\Windows\System32\WindowsPowerShell\v1.0\powershell.exe
User: MY-CALDERA\johnny.douche"
108,MY-CAL-WIN10.my-caldera.local,17,"Pipe Created:
RuleName: -
EventType: CreatePipe
UtcTime: 2024-08-20 00:14:57.402
ProcessGuid: {ca24abc9-e001-66c3-f202-000000001d00}
ProcessId: 10800
PipeName: \PSHost.133685864972234271.10800.DefaultAppDomain.powershell
Image: C:\Windows\System32\WindowsPowerShell\v1.0\powershell.exe
User: MY-CALDERA\johnny.douche"
109,MY-CAL-WIN10.my-caldera.local,17,"Pipe Created:
RuleName: -
EventType: CreatePipe
UtcTime: 2024-08-20 00:14:57.510
ProcessGuid: {ca24abc9-e001-66c3-f202-000000001d00}
ProcessId: 10800
PipeName: <Anonymous Pipe>
Image: C:\Windows\System32\WindowsPowerShell\v1.0\powershell.exe
User: MY-CALDERA\johnny.douche"
110,MY-CAL-WIN10.my-caldera.local,17,"Pipe Created:
RuleName: -
EventType: CreatePipe
UtcTime: 2024-08-20 00:14:57.851
ProcessGuid: {ca24abc9-e001-66c3-f402-000000001d00}
ProcessId: 10764
PipeName: \PSHost.133685864976891152.10764.DefaultAppDomain.powershell
Image: C:\Windows\System32\WindowsPowerShell\v1.0\powershell.exe
User: MY-CALDERA\johnny.douche"
111,MY-CAL-WIN10.my-caldera.local,17,"Pipe Created:
RuleName: -
EventType: CreatePipe
UtcTime: 2024-08-20 00:15:00.196
ProcessGuid: {ca24abc9-e004-66c3-f802-000000001d00}
ProcessId: 7088
PipeName: \PSHost.133685865000362335.7088.DefaultAppDomain.powershell
Image: C:\Windows\System32\WindowsPowerShell\v1.0\powershell.exe
User: MY-CALDERA\johnny.douche"
112,MY-CAL-WIN10.my-caldera.local,17,"Pipe Created:
RuleName: -
EventType: CreatePipe
UtcTime: 2024-08-20 00:15:00.824
ProcessGuid: {ca24abc9-e004-66c3-f902-000000001d00}
ProcessId: 7288
PipeName: \PSHost.133685865006448378.7288.DefaultAppDomain.powershell
Image: C:\Windows\System32\WindowsPowerShell\v1.0\powershell.exe
User: MY-CALDERA\johnny.douche"
113,MY-CAL-WIN10.my-caldera.local,17,"Pipe Created:
RuleName: -
EventType: CreatePipe
UtcTime: 2024-08-20 00:07:38.460
ProcessGuid: {ca24abc9-de4a-66c3-b301-000000001d00}
ProcessId: 2172
PipeName: \PSHost.133685860582941674.2172.DefaultAppDomain.powershell
Image: C:\Windows\System32\WindowsPowerShell\v1.0\powershell.exe
User: MY-CALDERA\johnny.douche"
114,MY-CAL-WIN10.my-caldera.local,17,"Pipe Created:
RuleName: -
EventType: CreatePipe
UtcTime: 2024-08-20 00:07:38.931
ProcessGuid: {ca24abc9-de4a-66c3-b401-000000001d00}
ProcessId: 6712
PipeName: \PSHost.133685860587500582.6712.DefaultAppDomain.powershell
Image: C:\Windows\System32\WindowsPowerShell\v1.0\powershell.exe
User: MY-CALDERA\johnny.douche"
115,MY-CAL-WIN10.my-caldera.local,17,"Pipe Created:
RuleName: -
EventType: CreatePipe
UtcTime: 2024-08-20 00:07:43.448
ProcessGuid: {ca24abc9-de4f-66c3-ba01-000000001d00}
ProcessId: 5564
PipeName: \PSHost.133685860632695010.5564.DefaultAppDomain.powershell
Image: C:\Windows\System32\WindowsPowerShell\v1.0\powershell.exe
User: MY-CALDERA\johnny.douche"
116,MY-CAL-WIN10.my-caldera.local,17,"Pipe Created:
RuleName: -
EventType: CreatePipe
UtcTime: 2024-08-20 00:07:51.026
ProcessGuid: {ca24abc9-de56-66c3-ce01-000000001d00}
ProcessId: 7036
PipeName: \PSHost.133685860708486819.7036.DefaultAppDomain.powershell
Image: C:\Windows\System32\WindowsPowerShell\v1.0\powershell.exe
User: MY-CALDERA\johnny.douche"
117,MY-CAL-WIN10.my-caldera.local,17,"Pipe Created:
RuleName: -
EventType: CreatePipe
UtcTime: 2024-08-20 00:07:50.737
ProcessGuid: {ca24abc9-de55-66c3-ca01-000000001d00}
ProcessId: 7592
PipeName: \PSHost.133685860696105855.7592.DefaultAppDomain.powershell
Image: C:\Windows\system32\WindowsPowerShell\v1.0\powershell.exe
User: NT AUTHORITY\LOCAL SERVICE"
118,MY-CAL-WIN10.my-caldera.local,17,"Pipe Created:
RuleName: -
EventType: CreatePipe
UtcTime: 2024-08-20 00:11:44.211
ProcessGuid: {ca24abc9-df33-66c3-5d02-000000001d00}
ProcessId: 9500
PipeName: <Anonymous Pipe>
Image: C:\AtomicRedTeam\ExternalPayloads\npcap_installer.exe
User: MY-CALDERA\johnny.douche"
119,MY-CAL-WIN10.my-caldera.local,17,"Pipe Created:
RuleName: -
EventType: CreatePipe
UtcTime: 2024-08-20 00:11:44.211
ProcessGuid: {ca24abc9-df33-66c3-5d02-000000001d00}
ProcessId: 9500
PipeName: <Anonymous Pipe>
Image: C:\AtomicRedTeam\ExternalPayloads\npcap_installer.exe
User: MY-CALDERA\johnny.douche"
120,MY-CAL-WIN10.my-caldera.local,17,"Pipe Created:
RuleName: -
EventType: CreatePipe
UtcTime: 2024-08-20 00:13:05.284
ProcessGuid: {ca24abc9-df8d-66c3-8e02-000000001d00}
ProcessId: 5036
PipeName: <Anonymous Pipe>
Image: C:\Program Files\Npcap\uninstall.exe
User: MY-CALDERA\johnny.douche"
121,MY-CAL-WIN10.my-caldera.local,17,"Pipe Created:
RuleName: -
EventType: CreatePipe
UtcTime: 2024-08-20 00:13:05.284
ProcessGuid: {ca24abc9-df8d-66c3-8e02-000000001d00}
ProcessId: 5036
PipeName: <Anonymous Pipe>
Image: C:\Program Files\Npcap\uninstall.exe
User: MY-CALDERA\johnny.douche"
122,MY-CAL-WIN10.my-caldera.local,17,"Pipe Created:
RuleName: -
EventType: CreatePipe
UtcTime: 2024-08-20 00:13:05.796
ProcessGuid: {ca24abc9-df8d-66c3-8e02-000000001d00}
ProcessId: 5036
PipeName: <Anonymous Pipe>
Image: C:\Program Files\Npcap\uninstall.exe
User: MY-CALDERA\johnny.douche"
123,MY-CAL-WIN10.my-caldera.local,17,"Pipe Created:
RuleName: -
EventType: CreatePipe
UtcTime: 2024-08-20 00:13:05.796
ProcessGuid: {ca24abc9-df8d-66c3-8e02-000000001d00}
ProcessId: 5036
PipeName: <Anonymous Pipe>
Image: C:\Program Files\Npcap\uninstall.exe
User: MY-CALDERA\johnny.douche"
124,MY-CAL-WIN10.my-caldera.local,17,"Pipe Created:
RuleName: -
EventType: CreatePipe
UtcTime: 2024-08-20 00:13:14.706
ProcessGuid: {ca24abc9-df99-66c3-af02-000000001d00}
ProcessId: 7736
PipeName: \PSHost.133685863934465137.7736.DefaultAppDomain.powershell
Image: C:\Windows\System32\WindowsPowerShell\v1.0\powershell.exe
User: MY-CALDERA\johnny.douche"
125,MY-CAL-WIN10.my-caldera.local,17,"Pipe Created:
RuleName: -
EventType: CreatePipe
UtcTime: 2024-08-20 00:13:15.306
ProcessGuid: {ca24abc9-df8c-66c3-8d02-000000001d00}
ProcessId: 2904
PipeName: <Anonymous Pipe>
Image: C:\Users\JOHNNY~1.DOU\AppData\Local\Temp\nskF158.tmp\npcap-0.9982-oem.exe
User: MY-CALDERA\johnny.douche"
126,MY-CAL-WIN10.my-caldera.local,17,"Pipe Created:
RuleName: -
EventType: CreatePipe
UtcTime: 2024-08-20 00:13:15.306
ProcessGuid: {ca24abc9-df8c-66c3-8d02-000000001d00}
ProcessId: 2904
PipeName: <Anonymous Pipe>
Image: C:\Users\JOHNNY~1.DOU\AppData\Local\Temp\nskF158.tmp\npcap-0.9982-oem.exe
User: MY-CALDERA\johnny.douche"
127,MY-CAL-WIN10.my-caldera.local,17,"Pipe Created:
RuleName: -
EventType: CreatePipe
UtcTime: 2024-08-20 00:14:27.085
ProcessGuid: {ca24abc9-dfe1-66c3-d702-000000001d00}
ProcessId: 10408
PipeName: \PSHost.133685864657849447.10408.DefaultAppDomain.powershell
Image: C:\Windows\System32\WindowsPowerShell\v1.0\powershell.exe
User: MY-CALDERA\johnny.douche"
128,MY-CAL-WIN10.my-caldera.local,17,"Pipe Created:
RuleName: -
EventType: CreatePipe
UtcTime: 2024-08-20 00:14:32.819
ProcessGuid: {ca24abc9-dfe8-66c3-dc02-000000001d00}
ProcessId: 2816
PipeName: \PSHost.133685864726346541.2816.DefaultAppDomain.powershell
Image: C:\Windows\System32\WindowsPowerShell\v1.0\powershell.exe
User: MY-CALDERA\johnny.douche"
129,MY-CAL-WIN10.my-caldera.local,17,"Pipe Created:
RuleName: -
EventType: CreatePipe
UtcTime: 2024-08-20 00:14:42.747
ProcessGuid: {ca24abc9-dc4c-66c3-9501-000000001d00}
ProcessId: 8332
PipeName: <Anonymous Pipe>
Image: C:\Windows\System32\WindowsPowerShell\v1.0\powershell.exe
User: MY-CALDERA\johnny.douche"
130,MY-CAL-WIN10.my-caldera.local,17,"Pipe Created:
RuleName: -
EventType: CreatePipe
UtcTime: 2024-08-20 00:14:42.982
ProcessGuid: {ca24abc9-dff2-66c3-e602-000000001d00}
ProcessId: 10552
PipeName: \PSHost.133685864827489898.10552.DefaultAppDomain.powershell
Image: C:\Windows\System32\WindowsPowerShell\v1.0\powershell.exe
User: MY-CALDERA\johnny.douche"
131,MY-CAL-WIN10.my-caldera.local,17,"Pipe Created:
RuleName: -
EventType: CreatePipe
UtcTime: 2024-08-20 00:14:42.747
ProcessGuid: {ca24abc9-dc4c-66c3-9501-000000001d00}
ProcessId: 8332
PipeName: <Anonymous Pipe>
Image: C:\Windows\System32\WindowsPowerShell\v1.0\powershell.exe
User: MY-CALDERA\johnny.douche"
132,MY-CAL-WIN10.my-caldera.local,17,"Pipe Created:
RuleName: -
EventType: CreatePipe
UtcTime: 2024-08-20 00:14:42.531
ProcessGuid: {ca24abc9-dff2-66c3-e502-000000001d00}
ProcessId: 10652
PipeName: \PSHost.133685864823477463.10652.DefaultAppDomain.powershell
Image: C:\Windows\System32\WindowsPowerShell\v1.0\powershell.exe
User: MY-CALDERA\johnny.douche"
133,MY-CAL-WIN10.my-caldera.local,17,"Pipe Created:
RuleName: -
EventType: CreatePipe
UtcTime: 2024-08-20 00:07:35.915
ProcessGuid: {ca24abc9-dc4c-66c3-9501-000000001d00}
ProcessId: 8332
PipeName: <Anonymous Pipe>
Image: C:\Windows\System32\WindowsPowerShell\v1.0\powershell.exe
User: MY-CALDERA\johnny.douche"
134,MY-CAL-WIN10.my-caldera.local,17,"Pipe Created:
RuleName: -
EventType: CreatePipe
UtcTime: 2024-08-20 00:07:35.860
ProcessGuid: {ca24abc9-dc4c-66c3-9501-000000001d00}
ProcessId: 8332
PipeName: <Anonymous Pipe>
Image: C:\Windows\System32\WindowsPowerShell\v1.0\powershell.exe
User: MY-CALDERA\johnny.douche"
135,MY-CAL-WIN10.my-caldera.local,17,"Pipe Created:
RuleName: -
EventType: CreatePipe
UtcTime: 2024-08-20 00:07:39.363
ProcessGuid: {ca24abc9-de4b-66c3-b501-000000001d00}
ProcessId: 7708
PipeName: \PSHost.133685860591863497.7708.DefaultAppDomain.powershell
Image: C:\Windows\System32\WindowsPowerShell\v1.0\powershell.exe
User: MY-CALDERA\johnny.douche"
136,MY-CAL-WIN10.my-caldera.local,17,"Pipe Created:
RuleName: -
EventType: CreatePipe
UtcTime: 2024-08-20 00:07:46.265
ProcessGuid: {ca24abc9-de52-66c3-be01-000000001d00}
ProcessId: 7316
PipeName: \PSHost.133685860660916418.7316.DefaultAppDomain.powershell
Image: C:\Windows\System32\WindowsPowerShell\v1.0\powershell.exe
User: MY-CALDERA\johnny.douche"
137,MY-CAL-WIN10.my-caldera.local,17,"Pipe Created:
RuleName: -
EventType: CreatePipe
UtcTime: 2024-08-20 00:07:47.044
ProcessGuid: {ca24abc9-de52-66c3-c101-000000001d00}
ProcessId: 4024
PipeName: \PSHost.133685860668652692.4024.DefaultAppDomain.powershell
Image: C:\Windows\System32\WindowsPowerShell\v1.0\powershell.exe
User: MY-CALDERA\johnny.douche"
138,MY-CAL-WIN10.my-caldera.local,17,"Pipe Created:
RuleName: -
EventType: CreatePipe
UtcTime: 2024-08-20 00:07:47.514
ProcessGuid: {ca24abc9-de53-66c3-c201-000000001d00}
ProcessId: 2356
PipeName: \PSHost.133685860673042879.2356.DefaultAppDomain.powershell
Image: C:\Windows\System32\WindowsPowerShell\v1.0\powershell.exe
User: MY-CALDERA\johnny.douche"
139,MY-CAL-WIN10.my-caldera.local,17,"Pipe Created:
RuleName: -
EventType: CreatePipe
UtcTime: 2024-08-20 00:07:47.302
ProcessGuid: {ca24abc9-dc4c-66c3-9501-000000001d00}
ProcessId: 8332
PipeName: <Anonymous Pipe>
Image: C:\Windows\System32\WindowsPowerShell\v1.0\powershell.exe
User: MY-CALDERA\johnny.douche"
140,MY-CAL-WIN10.my-caldera.local,17,"Pipe Created:
RuleName: -
EventType: CreatePipe
UtcTime: 2024-08-20 00:07:47.302
ProcessGuid: {ca24abc9-dc4c-66c3-9501-000000001d00}
ProcessId: 8332
PipeName: <Anonymous Pipe>
Image: C:\Windows\System32\WindowsPowerShell\v1.0\powershell.exe
User: MY-CALDERA\johnny.douche"
141,MY-CAL-WIN10.my-caldera.local,17,"Pipe Created:
RuleName: -
EventType: CreatePipe
UtcTime: 2024-08-20 00:07:46.688
ProcessGuid: {ca24abc9-de52-66c3-c001-000000001d00}
ProcessId: 9020
PipeName: \PSHost.133685860665132366.9020.DefaultAppDomain.powershell
Image: C:\Windows\System32\WindowsPowerShell\v1.0\powershell.exe
User: MY-CALDERA\johnny.douche"
142,MY-CAL-WIN10.my-caldera.local,17,"Pipe Created:
RuleName: -
EventType: CreatePipe
UtcTime: 2024-08-20 00:07:52.219
ProcessGuid: {ca24abc9-de58-66c3-d001-000000001d00}
ProcessId: 5768
PipeName: \PSHost.133685860720486847.5768.DefaultAppDomain.powershell
Image: C:\Windows\System32\WindowsPowerShell\v1.0\powershell.exe
User: MY-CALDERA\johnny.douche"
143,MY-CAL-WIN10.my-caldera.local,17,"Pipe Created:
RuleName: -
EventType: CreatePipe
UtcTime: 2024-08-20 00:07:51.497
ProcessGuid: {ca24abc9-de57-66c3-cf01-000000001d00}
ProcessId: 4256
PipeName: \PSHost.133685860713347005.4256.DefaultAppDomain.powershell
Image: C:\Windows\System32\WindowsPowerShell\v1.0\powershell.exe
User: MY-CALDERA\johnny.douche"
144,MY-CAL-WIN10.my-caldera.local,17,"Pipe Created:
RuleName: -
EventType: CreatePipe
UtcTime: 2024-08-20 00:08:21.379
ProcessGuid: {ca24abc9-de75-66c3-1a02-000000001d00}
ProcessId: 4640
PipeName: \PSHost.133685861011966119.4640.DefaultAppDomain.powershell
Image: C:\Windows\System32\WindowsPowerShell\v1.0\powershell.exe
User: MY-CALDERA\johnny.douche"
145,MY-CAL-WIN10.my-caldera.local,17,"Pipe Created:
RuleName: -
EventType: CreatePipe
UtcTime: 2024-08-20 00:08:21.738
ProcessGuid: {ca24abc9-de75-66c3-1b02-000000001d00}
ProcessId: 3376
PipeName: \PSHost.133685861015653553.3376.DefaultAppDomain.powershell
Image: C:\Windows\System32\WindowsPowerShell\v1.0\powershell.exe
User: MY-CALDERA\johnny.douche"
146,MY-CAL-WIN10.my-caldera.local,17,"Pipe Created:
RuleName: -
EventType: CreatePipe
UtcTime: 2024-08-20 00:09:07.621
ProcessGuid: {ca24abc9-dea3-66c3-3402-000000001d00}
ProcessId: 3472
PipeName: \PSHost.133685861473083909.3472.DefaultAppDomain.powershell
Image: C:\Windows\System32\WindowsPowerShell\v1.0\powershell.exe
User: MY-CALDERA\johnny.douche"
147,MY-CAL-WIN10.my-caldera.local,17,"Pipe Created:
RuleName: -
EventType: CreatePipe
UtcTime: 2024-08-20 00:09:09.116
ProcessGuid: {ca24abc9-dea4-66c3-3802-000000001d00}
ProcessId: 704
PipeName: \PSHost.133685861489316292.704.DefaultAppDomain.powershell
Image: C:\Windows\System32\WindowsPowerShell\v1.0\powershell.exe
User: MY-CALDERA\johnny.douche"
148,MY-CAL-WIN10.my-caldera.local,17,"Pipe Created:
RuleName: -
EventType: CreatePipe
UtcTime: 2024-08-20 00:09:07.306
ProcessGuid: {ca24abc9-dc4c-66c3-9501-000000001d00}
ProcessId: 8332
PipeName: <Anonymous Pipe>
Image: C:\Windows\System32\WindowsPowerShell\v1.0\powershell.exe
User: MY-CALDERA\johnny.douche"
149,MY-CAL-WIN10.my-caldera.local,17,"Pipe Created:
RuleName: -
EventType: CreatePipe
UtcTime: 2024-08-20 00:09:05.748
ProcessGuid: {ca24abc9-dea1-66c3-3102-000000001d00}
ProcessId: 8076
PipeName: \PSHost.133685861451562850.8076.DefaultAppDomain.powershell
Image: C:\Windows\System32\WindowsPowerShell\v1.0\powershell.exe
User: MY-CALDERA\johnny.douche"
150,MY-CAL-WIN10.my-caldera.local,17,"Pipe Created:
