computer_name,event_id,message
MY-CAL-WIN10.my-caldera.local,11,"File created:
RuleName: Sysmonv1514
UtcTime: 2024-08-20 00:45:07.439
ProcessGuid: {ca24abc9-d6b1-66c3-ba00-000000001d00}
ProcessId: 6760
Image: C:\Program Files\WinlogBeat\winlogbeat.exe
TargetFilename: C:\ProgramData\winlogbeat\.winlogbeat.yml.new
CreationUtcTime: 2024-08-20 00:11:02.025
User: NT AUTHORITY\SYSTEM"
MY-CAL-WIN10.my-caldera.local,11,"File created:
RuleName: Sysmonv1514
UtcTime: 2024-08-20 00:46:02.822
ProcessGuid: {ca24abc9-d6b1-66c3-ba00-000000001d00}
ProcessId: 6760
Image: C:\Program Files\WinlogBeat\winlogbeat.exe
TargetFilename: C:\ProgramData\winlogbeat\.winlogbeat.yml.new
CreationUtcTime: 2024-08-20 00:11:02.025
User: NT AUTHORITY\SYSTEM"
MY-CAL-WIN10.my-caldera.local,11,"File created:
RuleName: Sysmonv1514
UtcTime: 2024-08-20 00:46:53.015
ProcessGuid: {ca24abc9-d6b1-66c3-ba00-000000001d00}
ProcessId: 6760
Image: C:\Program Files\WinlogBeat\winlogbeat.exe
TargetFilename: C:\ProgramData\winlogbeat\.winlogbeat.yml.new
CreationUtcTime: 2024-08-20 00:11:02.025
User: NT AUTHORITY\SYSTEM"
MY-CAL-WIN10.my-caldera.local,11,"File created:
RuleName: Sysmonv1514
UtcTime: 2024-08-20 00:47:48.216
ProcessGuid: {ca24abc9-d6b1-66c3-ba00-000000001d00}
ProcessId: 6760
Image: C:\Program Files\WinlogBeat\winlogbeat.exe
TargetFilename: C:\ProgramData\winlogbeat\.winlogbeat.yml.new
CreationUtcTime: 2024-08-20 00:11:02.025
User: NT AUTHORITY\SYSTEM"
MY-CAL-WIN10.my-caldera.local,11,"File created:
RuleName: Sysmonv1514
UtcTime: 2024-08-20 00:48:33.477
ProcessGuid: {ca24abc9-d6b1-66c3-ba00-000000001d00}
ProcessId: 6760
Image: C:\Program Files\WinlogBeat\winlogbeat.exe
TargetFilename: C:\ProgramData\winlogbeat\.winlogbeat.yml.new
CreationUtcTime: 2024-08-20 00:11:02.025
User: NT AUTHORITY\SYSTEM"
MY-CAL-WIN10.my-caldera.local,11,"File created:
RuleName: Sysmonv1514
UtcTime: 2024-08-20 00:48:58.641
ProcessGuid: {ca24abc9-d6b1-66c3-ba00-000000001d00}
ProcessId: 6760
Image: C:\Program Files\WinlogBeat\winlogbeat.exe
TargetFilename: C:\ProgramData\winlogbeat\.winlogbeat.yml.new
CreationUtcTime: 2024-08-20 00:11:02.025
User: NT AUTHORITY\SYSTEM"
MY-CAL-WIN10.my-caldera.local,11,"File created:
RuleName: Sysmonv1514
UtcTime: 2024-08-20 00:49:23.826
ProcessGuid: {ca24abc9-d6b1-66c3-ba00-000000001d00}
ProcessId: 6760
Image: C:\Program Files\WinlogBeat\winlogbeat.exe
TargetFilename: C:\ProgramData\winlogbeat\.winlogbeat.yml.new
CreationUtcTime: 2024-08-20 00:11:02.025
User: NT AUTHORITY\SYSTEM"
MY-CAL-WIN10.my-caldera.local,11,"File created:
RuleName: Sysmonv1514
UtcTime: 2024-08-20 00:49:44.316
ProcessGuid: {ca24abc9-d6b1-66c3-ba00-000000001d00}
ProcessId: 6760
Image: C:\Program Files\WinlogBeat\winlogbeat.exe
TargetFilename: C:\ProgramData\winlogbeat\.winlogbeat.yml.new
CreationUtcTime: 2024-08-20 00:11:02.025
User: NT AUTHORITY\SYSTEM"
MY-CAL-WIN10.my-caldera.local,11,"File created:
RuleName: DO
UtcTime: 2024-08-20 00:50:16.049
ProcessGuid: {ca24abc9-e847-66c3-ed08-000000001d00}
ProcessId: 3676
Image: C:\Windows\System32\WindowsPowerShell\v1.0\powershell.exe
TargetFilename: C:\Users\johnny.douche\AppData\Local\Microsoft\Windows\PowerShell\StartupProfileData-NonInteractive
CreationUtcTime: 2024-03-28 01:06:06.420
User: MY-CALDERA\johnny.douche"
MY-CAL-WIN10.my-caldera.local,11,"File created:
RuleName: Sysmonv1514
UtcTime: 2024-08-20 00:50:56.627
ProcessGuid: {ca24abc9-d6b1-66c3-ba00-000000001d00}
ProcessId: 6760
Image: C:\Program Files\WinlogBeat\winlogbeat.exe
TargetFilename: C:\ProgramData\winlogbeat\.winlogbeat.yml.new
CreationUtcTime: 2024-08-20 00:11:02.025
User: NT AUTHORITY\SYSTEM"
MY-CAL-WIN10.my-caldera.local,11,"File created:
RuleName: DO
UtcTime: 2024-08-20 00:51:03.510
ProcessGuid: {ca24abc9-e873-66c3-4209-000000001d00}
ProcessId: 4080
Image: C:\Windows\System32\WindowsPowerShell\v1.0\powershell.exe
TargetFilename: C:\Users\johnny.douche\AppData\Local\Microsoft\Windows\PowerShell\StartupProfileData-NonInteractive
CreationUtcTime: 2024-03-28 01:06:06.420
User: MY-CALDERA\johnny.douche"
MY-CAL-WIN10.my-caldera.local,11,"File created:
RuleName: DO
UtcTime: 2024-08-20 00:51:25.766
ProcessGuid: {ca24abc9-e88c-66c3-5309-000000001d00}
ProcessId: 7444
Image: C:\Windows\System32\WindowsPowerShell\v1.0\powershell.exe
TargetFilename: C:\Users\johnny.douche\AppData\Local\Temp\Microsoft.PackageManagement\4iauwjut.wqj
CreationUtcTime: 2024-08-20 00:51:25.766
User: MY-CALDERA\johnny.douche"
MY-CAL-WIN10.my-caldera.local,11,"File created:
RuleName: DO
UtcTime: 2024-08-20 00:51:40.153
ProcessGuid: {ca24abc9-e89b-66c3-5909-000000001d00}
ProcessId: 936
Image: C:\Windows\System32\WindowsPowerShell\v1.0\powershell.exe
TargetFilename: C:\Users\johnny.douche\AppData\Local\Temp\vy3tb5b0
CreationUtcTime: 2024-08-20 00:51:40.153
User: MY-CALDERA\johnny.douche"
MY-CAL-WIN10.my-caldera.local,11,"File created:
RuleName: DO
UtcTime: 2024-08-20 00:51:40.154
ProcessGuid: {ca24abc9-e89b-66c3-5909-000000001d00}
ProcessId: 936
Image: C:\Windows\System32\WindowsPowerShell\v1.0\powershell.exe
TargetFilename: C:\Users\johnny.douche\AppData\Local\Temp\vy3tb5b0\vy3tb5b0.tmp
CreationUtcTime: 2024-08-20 00:51:40.153
User: MY-CALDERA\johnny.douche"
MY-CAL-WIN10.my-caldera.local,11,"File created:
RuleName: DO
UtcTime: 2024-08-20 00:51:40.154
ProcessGuid: {ca24abc9-e89b-66c3-5909-000000001d00}
ProcessId: 936
Image: C:\Windows\System32\WindowsPowerShell\v1.0\powershell.exe
TargetFilename: C:\Users\johnny.douche\AppData\Local\Temp\vy3tb5b0\vy3tb5b0.0.cs
CreationUtcTime: 2024-08-20 00:51:40.154
User: MY-CALDERA\johnny.douche"
MY-CAL-WIN10.my-caldera.local,11,"File created:
RuleName: DLL
UtcTime: 2024-08-20 00:51:40.156
ProcessGuid: {ca24abc9-e89b-66c3-5909-000000001d00}
ProcessId: 936
Image: C:\Windows\System32\WindowsPowerShell\v1.0\powershell.exe
TargetFilename: C:\Users\johnny.douche\AppData\Local\Temp\vy3tb5b0\vy3tb5b0.dll
CreationUtcTime: 2024-08-20 00:51:40.156
User: MY-CALDERA\johnny.douche"
MY-CAL-WIN10.my-caldera.local,11,"File created:
RuleName: Sysmonv1514
UtcTime: 2024-08-20 00:51:40.157
ProcessGuid: {ca24abc9-e89b-66c3-5909-000000001d00}
ProcessId: 936
Image: C:\Windows\System32\WindowsPowerShell\v1.0\powershell.exe
TargetFilename: C:\Users\johnny.douche\AppData\Local\Temp\vy3tb5b0\vy3tb5b0.cmdline
CreationUtcTime: 2024-08-20 00:51:40.157
User: MY-CALDERA\johnny.douche"
MY-CAL-WIN10.my-caldera.local,11,"File created:
RuleName: DO
UtcTime: 2024-08-20 00:51:40.161
ProcessGuid: {ca24abc9-e89b-66c3-5909-000000001d00}
ProcessId: 936
Image: C:\Windows\System32\WindowsPowerShell\v1.0\powershell.exe
TargetFilename: C:\Users\johnny.douche\AppData\Local\Temp\vy3tb5b0\vy3tb5b0.out
CreationUtcTime: 2024-08-20 00:51:40.159
User: MY-CALDERA\johnny.douche"
MY-CAL-WIN10.my-caldera.local,11,"File created:
RuleName: DO
UtcTime: 2024-08-20 00:51:40.162
ProcessGuid: {ca24abc9-e89b-66c3-5909-000000001d00}
ProcessId: 936
Image: C:\Windows\System32\WindowsPowerShell\v1.0\powershell.exe
TargetFilename: C:\Users\johnny.douche\AppData\Local\Temp\vy3tb5b0\vy3tb5b0.err
CreationUtcTime: 2024-08-20 00:51:40.162
User: MY-CALDERA\johnny.douche"
MY-CAL-WIN10.my-caldera.local,11,"File created:
RuleName: DO
UtcTime: 2024-08-20 00:51:40.309
ProcessGuid: {ca24abc9-e89c-66c3-5b09-000000001d00}
ProcessId: 9304
Image: C:\Windows\Microsoft.NET\Framework64\v4.0.30319\csc.exe
TargetFilename: C:\Users\johnny.douche\AppData\Local\Temp\vy3tb5b0\CSC2516DD1893FD4A828F6CBE1329C8F36.TMP
CreationUtcTime: 2024-08-20 00:51:40.308
User: MY-CALDERA\johnny.douche"
MY-CAL-WIN10.my-caldera.local,11,"File created:
RuleName: DO
UtcTime: 2024-08-20 00:51:40.311
ProcessGuid: {ca24abc9-e89c-66c3-5b09-000000001d00}
ProcessId: 9304
Image: C:\Windows\Microsoft.NET\Framework64\v4.0.30319\csc.exe
TargetFilename: C:\Users\JOHNNY~1.DOU\AppData\Local\Temp\RESB1AE.tmp
CreationUtcTime: 2024-08-20 00:51:40.310
User: MY-CALDERA\johnny.douche"
MY-CAL-WIN10.my-caldera.local,11,"File created:
RuleName: DO
UtcTime: 2024-08-20 00:51:40.335
ProcessGuid: {ca24abc9-e89c-66c3-5c09-000000001d00}
ProcessId: 2544
Image: C:\Windows\Microsoft.NET\Framework64\v4.0.30319\cvtres.exe
TargetFilename: C:\Users\JOHNNY~1.DOU\AppData\Local\Temp\RESB1AE.tmp
CreationUtcTime: 2024-08-20 00:51:40.310
User: MY-CALDERA\johnny.douche"
MY-CAL-WIN10.my-caldera.local,11,"File created:
RuleName: DLL
UtcTime: 2024-08-20 00:51:40.343
ProcessGuid: {ca24abc9-e89c-66c3-5b09-000000001d00}
ProcessId: 9304
Image: C:\Windows\Microsoft.NET\Framework64\v4.0.30319\csc.exe
TargetFilename: C:\Users\johnny.douche\AppData\Local\Temp\vy3tb5b0\vy3tb5b0.dll
CreationUtcTime: 2024-08-20 00:51:40.156
User: MY-CALDERA\johnny.douche"
MY-CAL-WIN10.my-caldera.local,11,"File created:
RuleName: DO
UtcTime: 2024-08-20 00:51:44.567
ProcessGuid: {ca24abc9-e8a0-66c3-6209-000000001d00}
ProcessId: 3444
Image: C:\Windows\System32\WindowsPowerShell\v1.0\powershell.exe
TargetFilename: C:\Users\johnny.douche\AppData\Local\Microsoft\Windows\PowerShell\StartupProfileData-NonInteractive
CreationUtcTime: 2024-03-28 01:06:06.420
User: MY-CALDERA\johnny.douche"
MY-CAL-WIN10.my-caldera.local,11,"File created:
RuleName: Sysmonv1514
UtcTime: 2024-08-20 00:52:18.224
ProcessGuid: {ca24abc9-d6b1-66c3-ba00-000000001d00}
ProcessId: 6760
Image: C:\Program Files\WinlogBeat\winlogbeat.exe
TargetFilename: C:\ProgramData\winlogbeat\.winlogbeat.yml.new
CreationUtcTime: 2024-08-20 00:11:02.025
User: NT AUTHORITY\SYSTEM"
MY-CAL-WIN10.my-caldera.local,11,"File created:
RuleName: DO
UtcTime: 2024-08-20 00:52:42.260
ProcessGuid: {ca24abc9-e8d9-66c3-a209-000000001d00}
ProcessId: 4312
Image: C:\Windows\System32\WindowsPowerShell\v1.0\powershell.exe
TargetFilename: C:\Users\johnny.douche\AppData\Local\Microsoft\Windows\PowerShell\StartupProfileData-NonInteractive
CreationUtcTime: 2024-03-28 01:06:06.420
User: MY-CALDERA\johnny.douche"
MY-CAL-WIN10.my-caldera.local,11,"File created:
RuleName: DO
UtcTime: 2024-08-20 00:52:49.638
ProcessGuid: {ca24abc9-e8e0-66c3-ba09-000000001d00}
ProcessId: 8828
Image: C:\Windows\System32\WindowsPowerShell\v1.0\powershell.exe
TargetFilename: C:\Users\johnny.douche\AppData\Local\Temp\mewhv5r0
CreationUtcTime: 2024-08-20 00:52:49.638
User: MY-CALDERA\johnny.douche"
MY-CAL-WIN10.my-caldera.local,11,"File created:
RuleName: DO
UtcTime: 2024-08-20 00:52:49.638
ProcessGuid: {ca24abc9-e8e0-66c3-ba09-000000001d00}
ProcessId: 8828
Image: C:\Windows\System32\WindowsPowerShell\v1.0\powershell.exe
TargetFilename: C:\Users\johnny.douche\AppData\Local\Temp\mewhv5r0\mewhv5r0.tmp
CreationUtcTime: 2024-08-20 00:52:49.638
User: MY-CALDERA\johnny.douche"
MY-CAL-WIN10.my-caldera.local,11,"File created:
RuleName: DO
UtcTime: 2024-08-20 00:52:49.639
ProcessGuid: {ca24abc9-e8e0-66c3-ba09-000000001d00}
ProcessId: 8828
Image: C:\Windows\System32\WindowsPowerShell\v1.0\powershell.exe
TargetFilename: C:\Users\johnny.douche\AppData\Local\Temp\mewhv5r0\mewhv5r0.0.cs
CreationUtcTime: 2024-08-20 00:52:49.639
User: MY-CALDERA\johnny.douche"
MY-CAL-WIN10.my-caldera.local,11,"File created:
RuleName: DLL
UtcTime: 2024-08-20 00:52:49.641
ProcessGuid: {ca24abc9-e8e0-66c3-ba09-000000001d00}
ProcessId: 8828
Image: C:\Windows\System32\WindowsPowerShell\v1.0\powershell.exe
TargetFilename: C:\Users\johnny.douche\AppData\Local\Temp\mewhv5r0\mewhv5r0.dll
CreationUtcTime: 2024-08-20 00:52:49.640
User: MY-CALDERA\johnny.douche"
MY-CAL-WIN10.my-caldera.local,11,"File created:
RuleName: Sysmonv1514
UtcTime: 2024-08-20 00:52:49.642
ProcessGuid: {ca24abc9-e8e0-66c3-ba09-000000001d00}
ProcessId: 8828
Image: C:\Windows\System32\WindowsPowerShell\v1.0\powershell.exe
TargetFilename: C:\Users\johnny.douche\AppData\Local\Temp\mewhv5r0\mewhv5r0.cmdline
CreationUtcTime: 2024-08-20 00:52:49.642
User: MY-CALDERA\johnny.douche"
MY-CAL-WIN10.my-caldera.local,11,"File created:
RuleName: DO
UtcTime: 2024-08-20 00:52:49.646
ProcessGuid: {ca24abc9-e8e0-66c3-ba09-000000001d00}
ProcessId: 8828
Image: C:\Windows\System32\WindowsPowerShell\v1.0\powershell.exe
TargetFilename: C:\Users\johnny.douche\AppData\Local\Temp\mewhv5r0\mewhv5r0.out
CreationUtcTime: 2024-08-20 00:52:49.644
User: MY-CALDERA\johnny.douche"
MY-CAL-WIN10.my-caldera.local,11,"File created:
RuleName: DO
UtcTime: 2024-08-20 00:52:49.647
ProcessGuid: {ca24abc9-e8e0-66c3-ba09-000000001d00}
ProcessId: 8828
Image: C:\Windows\System32\WindowsPowerShell\v1.0\powershell.exe
TargetFilename: C:\Users\johnny.douche\AppData\Local\Temp\mewhv5r0\mewhv5r0.err
CreationUtcTime: 2024-08-20 00:52:49.646
User: MY-CALDERA\johnny.douche"
MY-CAL-WIN10.my-caldera.local,11,"File created:
RuleName: DO
UtcTime: 2024-08-20 00:52:49.898
ProcessGuid: {ca24abc9-e8e1-66c3-be09-000000001d00}
ProcessId: 7644
Image: C:\Windows\Microsoft.NET\Framework64\v4.0.30319\csc.exe
TargetFilename: C:\Users\johnny.douche\AppData\Local\Temp\mewhv5r0\CSCCE302766A507484083133DEB31DC649.TMP
CreationUtcTime: 2024-08-20 00:52:49.898
User: MY-CALDERA\johnny.douche"
MY-CAL-WIN10.my-caldera.local,11,"File created:
RuleName: DO
UtcTime: 2024-08-20 00:52:50.064
ProcessGuid: {ca24abc9-e8e1-66c3-be09-000000001d00}
ProcessId: 7644
Image: C:\Windows\Microsoft.NET\Framework64\v4.0.30319\csc.exe
TargetFilename: C:\Users\JOHNNY~1.DOU\AppData\Local\Temp\RESC187.tmp
CreationUtcTime: 2024-08-20 00:52:50.064
User: MY-CALDERA\johnny.douche"
MY-CAL-WIN10.my-caldera.local,11,"File created:
RuleName: DO
UtcTime: 2024-08-20 00:52:50.099
ProcessGuid: {ca24abc9-e8e2-66c3-bf09-000000001d00}
ProcessId: 9480
Image: C:\Windows\Microsoft.NET\Framework64\v4.0.30319\cvtres.exe
TargetFilename: C:\Users\JOHNNY~1.DOU\AppData\Local\Temp\RESC187.tmp
CreationUtcTime: 2024-08-20 00:52:50.064
User: MY-CALDERA\johnny.douche"
MY-CAL-WIN10.my-caldera.local,11,"File created:
RuleName: DLL
UtcTime: 2024-08-20 00:52:50.114
ProcessGuid: {ca24abc9-e8e1-66c3-be09-000000001d00}
ProcessId: 7644
Image: C:\Windows\Microsoft.NET\Framework64\v4.0.30319\csc.exe
TargetFilename: C:\Users\johnny.douche\AppData\Local\Temp\mewhv5r0\mewhv5r0.dll
CreationUtcTime: 2024-08-20 00:52:49.640
User: MY-CALDERA\johnny.douche"
MY-CAL-WIN10.my-caldera.local,11,"File created:
RuleName: DO
UtcTime: 2024-08-20 00:52:58.093
ProcessGuid: {ca24abc9-e8e9-66c3-c309-000000001d00}
ProcessId: 10176
Image: C:\Windows\System32\WindowsPowerShell\v1.0\powershell.exe
TargetFilename: C:\Users\JOHNNY~1.DOU\AppData\Local\Temp\03E8433F-648F-4273-A0B6-F7EA5771E84D
CreationUtcTime: 2024-08-20 00:52:58.093
User: MY-CALDERA\johnny.douche"
MY-CAL-WIN10.my-caldera.local,11,"File created:
RuleName: DLL
UtcTime: 2024-08-20 00:52:58.095
ProcessGuid: {ca24abc9-e8e9-66c3-c309-000000001d00}
ProcessId: 10176
Image: C:\Windows\System32\WindowsPowerShell\v1.0\powershell.exe
TargetFilename: C:\Users\JOHNNY~1.DOU\AppData\Local\Temp\03E8433F-648F-4273-A0B6-F7EA5771E84D\AppxProvider.dll
CreationUtcTime: 2024-08-20 00:52:58.094
User: MY-CALDERA\johnny.douche"
MY-CAL-WIN10.my-caldera.local,11,"File created:
RuleName: DLL
UtcTime: 2024-08-20 00:52:58.121
ProcessGuid: {ca24abc9-e8e9-66c3-c309-000000001d00}
ProcessId: 10176
Image: C:\Windows\System32\WindowsPowerShell\v1.0\powershell.exe
TargetFilename: C:\Users\JOHNNY~1.DOU\AppData\Local\Temp\03E8433F-648F-4273-A0B6-F7EA5771E84D\AssocProvider.dll
CreationUtcTime: 2024-08-20 00:52:58.121
User: MY-CALDERA\johnny.douche"
MY-CAL-WIN10.my-caldera.local,11,"File created:
RuleName: DLL
UtcTime: 2024-08-20 00:52:58.135
ProcessGuid: {ca24abc9-e8e9-66c3-c309-000000001d00}
ProcessId: 10176
Image: C:\Windows\System32\WindowsPowerShell\v1.0\powershell.exe
TargetFilename: C:\Users\JOHNNY~1.DOU\AppData\Local\Temp\03E8433F-648F-4273-A0B6-F7EA5771E84D\CbsProvider.dll
CreationUtcTime: 2024-08-20 00:52:58.129
User: MY-CALDERA\johnny.douche"
MY-CAL-WIN10.my-caldera.local,11,"File created:
RuleName: DLL
UtcTime: 2024-08-20 00:52:58.159
ProcessGuid: {ca24abc9-e8e9-66c3-c309-000000001d00}
ProcessId: 10176
Image: C:\Windows\System32\WindowsPowerShell\v1.0\powershell.exe
TargetFilename: C:\Users\JOHNNY~1.DOU\AppData\Local\Temp\03E8433F-648F-4273-A0B6-F7EA5771E84D\DismCore.dll
CreationUtcTime: 2024-08-20 00:52:58.158
User: MY-CALDERA\johnny.douche"
MY-CAL-WIN10.my-caldera.local,11,"File created:
RuleName: DLL
UtcTime: 2024-08-20 00:52:58.171
ProcessGuid: {ca24abc9-e8e9-66c3-c309-000000001d00}
ProcessId: 10176
Image: C:\Windows\System32\WindowsPowerShell\v1.0\powershell.exe
TargetFilename: C:\Users\JOHNNY~1.DOU\AppData\Local\Temp\03E8433F-648F-4273-A0B6-F7EA5771E84D\DismCorePS.dll
CreationUtcTime: 2024-08-20 00:52:58.171
User: MY-CALDERA\johnny.douche"
MY-CAL-WIN10.my-caldera.local,11,"File created:
RuleName: EXE
UtcTime: 2024-08-20 00:52:58.181
ProcessGuid: {ca24abc9-e8e9-66c3-c309-000000001d00}
ProcessId: 10176
Image: C:\Windows\System32\WindowsPowerShell\v1.0\powershell.exe
TargetFilename: C:\Users\JOHNNY~1.DOU\AppData\Local\Temp\03E8433F-648F-4273-A0B6-F7EA5771E84D\DismHost.exe
CreationUtcTime: 2024-08-20 00:52:58.181
User: MY-CALDERA\johnny.douche"
MY-CAL-WIN10.my-caldera.local,11,"File created:
RuleName: DLL
UtcTime: 2024-08-20 00:52:58.191
ProcessGuid: {ca24abc9-e8e9-66c3-c309-000000001d00}
ProcessId: 10176
Image: C:\Windows\System32\WindowsPowerShell\v1.0\powershell.exe
TargetFilename: C:\Users\JOHNNY~1.DOU\AppData\Local\Temp\03E8433F-648F-4273-A0B6-F7EA5771E84D\DismProv.dll
CreationUtcTime: 2024-08-20 00:52:58.191
User: MY-CALDERA\johnny.douche"
MY-CAL-WIN10.my-caldera.local,11,"File created:
RuleName: DLL
UtcTime: 2024-08-20 00:52:58.205
ProcessGuid: {ca24abc9-e8e9-66c3-c309-000000001d00}
ProcessId: 10176
Image: C:\Windows\System32\WindowsPowerShell\v1.0\powershell.exe
TargetFilename: C:\Users\JOHNNY~1.DOU\AppData\Local\Temp\03E8433F-648F-4273-A0B6-F7EA5771E84D\DmiProvider.dll
CreationUtcTime: 2024-08-20 00:52:58.204
User: MY-CALDERA\johnny.douche"
MY-CAL-WIN10.my-caldera.local,11,"File created:
RuleName: DO
UtcTime: 2024-08-20 00:52:58.218
ProcessGuid: {ca24abc9-e8e9-66c3-c309-000000001d00}
ProcessId: 10176
Image: C:\Windows\System32\WindowsPowerShell\v1.0\powershell.exe
TargetFilename: C:\Users\JOHNNY~1.DOU\AppData\Local\Temp\03E8433F-648F-4273-A0B6-F7EA5771E84D\en-US
CreationUtcTime: 2024-08-20 00:52:58.218
User: MY-CALDERA\johnny.douche"
MY-CAL-WIN10.my-caldera.local,11,"File created:
RuleName: DO
UtcTime: 2024-08-20 00:52:58.219
ProcessGuid: {ca24abc9-e8e9-66c3-c309-000000001d00}
ProcessId: 10176
Image: C:\Windows\System32\WindowsPowerShell\v1.0\powershell.exe
TargetFilename: C:\Users\JOHNNY~1.DOU\AppData\Local\Temp\03E8433F-648F-4273-A0B6-F7EA5771E84D\en-US\AppxProvider.dll.mui
CreationUtcTime: 2024-08-20 00:52:58.219
User: MY-CALDERA\johnny.douche"
MY-CAL-WIN10.my-caldera.local,11,"File created:
RuleName: DO
UtcTime: 2024-08-20 00:52:58.224
ProcessGuid: {ca24abc9-e8e9-66c3-c309-000000001d00}
ProcessId: 10176
Image: C:\Windows\System32\WindowsPowerShell\v1.0\powershell.exe
TargetFilename: C:\Users\JOHNNY~1.DOU\AppData\Local\Temp\03E8433F-648F-4273-A0B6-F7EA5771E84D\en-US\AssocProvider.dll.mui
CreationUtcTime: 2024-08-20 00:52:58.223
User: MY-CALDERA\johnny.douche"
MY-CAL-WIN10.my-caldera.local,11,"File created:
RuleName: DO
UtcTime: 2024-08-20 00:52:58.234
ProcessGuid: {ca24abc9-e8e9-66c3-c309-000000001d00}
ProcessId: 10176
Image: C:\Windows\System32\WindowsPowerShell\v1.0\powershell.exe
TargetFilename: C:\Users\JOHNNY~1.DOU\AppData\Local\Temp\03E8433F-648F-4273-A0B6-F7EA5771E84D\en-US\CbsProvider.dll.mui
CreationUtcTime: 2024-08-20 00:52:58.227
User: MY-CALDERA\johnny.douche"
MY-CAL-WIN10.my-caldera.local,11,"File created:
RuleName: DO
UtcTime: 2024-08-20 00:52:58.240
ProcessGuid: {ca24abc9-e8e9-66c3-c309-000000001d00}
ProcessId: 10176
Image: C:\Windows\System32\WindowsPowerShell\v1.0\powershell.exe
TargetFilename: C:\Users\JOHNNY~1.DOU\AppData\Local\Temp\03E8433F-648F-4273-A0B6-F7EA5771E84D\en-US\DismCore.dll.mui
CreationUtcTime: 2024-08-20 00:52:58.240
User: MY-CALDERA\johnny.douche"
MY-CAL-WIN10.my-caldera.local,11,"File created:
RuleName: DO
UtcTime: 2024-08-20 00:52:58.317
ProcessGuid: {ca24abc9-e8e9-66c3-c309-000000001d00}
ProcessId: 10176
Image: C:\Windows\System32\WindowsPowerShell\v1.0\powershell.exe
TargetFilename: C:\Users\JOHNNY~1.DOU\AppData\Local\Temp\03E8433F-648F-4273-A0B6-F7EA5771E84D\en-US\TransmogProvider.dll.mui
CreationUtcTime: 2024-08-20 00:52:58.316
User: MY-CALDERA\johnny.douche"
MY-CAL-WIN10.my-caldera.local,11,"File created:
RuleName: DO
UtcTime: 2024-08-20 00:52:58.245
ProcessGuid: {ca24abc9-e8e9-66c3-c309-000000001d00}
ProcessId: 10176
Image: C:\Windows\System32\WindowsPowerShell\v1.0\powershell.exe
TargetFilename: C:\Users\JOHNNY~1.DOU\AppData\Local\Temp\03E8433F-648F-4273-A0B6-F7EA5771E84D\en-US\DismProv.dll.mui
CreationUtcTime: 2024-08-20 00:52:58.245
User: MY-CALDERA\johnny.douche"
MY-CAL-WIN10.my-caldera.local,11,"File created:
RuleName: DO
UtcTime: 2024-08-20 00:52:58.321
ProcessGuid: {ca24abc9-e8e9-66c3-c309-000000001d00}
ProcessId: 10176
Image: C:\Windows\System32\WindowsPowerShell\v1.0\powershell.exe
TargetFilename: C:\Users\JOHNNY~1.DOU\AppData\Local\Temp\03E8433F-648F-4273-A0B6-F7EA5771E84D\en-US\UnattendProvider.dll.mui
CreationUtcTime: 2024-08-20 00:52:58.321
User: MY-CALDERA\johnny.douche"
MY-CAL-WIN10.my-caldera.local,11,"File created:
RuleName: DO
UtcTime: 2024-08-20 00:52:58.325
ProcessGuid: {ca24abc9-e8e9-66c3-c309-000000001d00}
ProcessId: 10176
Image: C:\Windows\System32\WindowsPowerShell\v1.0\powershell.exe
TargetFilename: C:\Users\JOHNNY~1.DOU\AppData\Local\Temp\03E8433F-648F-4273-A0B6-F7EA5771E84D\en-US\VhdProvider.dll.mui
CreationUtcTime: 2024-08-20 00:52:58.325
User: MY-CALDERA\johnny.douche"
MY-CAL-WIN10.my-caldera.local,11,"File created:
RuleName: DO
UtcTime: 2024-08-20 00:52:58.329
ProcessGuid: {ca24abc9-e8e9-66c3-c309-000000001d00}
ProcessId: 10176
Image: C:\Windows\System32\WindowsPowerShell\v1.0\powershell.exe
TargetFilename: C:\Users\JOHNNY~1.DOU\AppData\Local\Temp\03E8433F-648F-4273-A0B6-F7EA5771E84D\en-US\WimProvider.dll.mui
CreationUtcTime: 2024-08-20 00:52:58.328
User: MY-CALDERA\johnny.douche"
MY-CAL-WIN10.my-caldera.local,11,"File created:
RuleName: DLL
UtcTime: 2024-08-20 00:52:58.334
ProcessGuid: {ca24abc9-e8e9-66c3-c309-000000001d00}
ProcessId: 10176
Image: C:\Windows\System32\WindowsPowerShell\v1.0\powershell.exe
TargetFilename: C:\Users\JOHNNY~1.DOU\AppData\Local\Temp\03E8433F-648F-4273-A0B6-F7EA5771E84D\FfuProvider.dll
CreationUtcTime: 2024-08-20 00:52:58.334
User: MY-CALDERA\johnny.douche"
MY-CAL-WIN10.my-caldera.local,11,"File created:
RuleName: DLL
UtcTime: 2024-08-20 00:52:58.359
ProcessGuid: {ca24abc9-e8e9-66c3-c309-000000001d00}
ProcessId: 10176
Image: C:\Windows\System32\WindowsPowerShell\v1.0\powershell.exe
TargetFilename: C:\Users\JOHNNY~1.DOU\AppData\Local\Temp\03E8433F-648F-4273-A0B6-F7EA5771E84D\FolderProvider.dll
CreationUtcTime: 2024-08-20 00:52:58.359
User: MY-CALDERA\johnny.douche"
MY-CAL-WIN10.my-caldera.local,11,"File created:
RuleName: DLL
UtcTime: 2024-08-20 00:52:58.366
ProcessGuid: {ca24abc9-e8e9-66c3-c309-000000001d00}
ProcessId: 10176
Image: C:\Windows\System32\WindowsPowerShell\v1.0\powershell.exe
TargetFilename: C:\Users\JOHNNY~1.DOU\AppData\Local\Temp\03E8433F-648F-4273-A0B6-F7EA5771E84D\GenericProvider.dll
CreationUtcTime: 2024-08-20 00:52:58.365
User: MY-CALDERA\johnny.douche"
MY-CAL-WIN10.my-caldera.local,11,"File created:
RuleName: DLL
UtcTime: 2024-08-20 00:52:58.375
ProcessGuid: {ca24abc9-e8e9-66c3-c309-000000001d00}
ProcessId: 10176
Image: C:\Windows\System32\WindowsPowerShell\v1.0\powershell.exe
TargetFilename: C:\Users\JOHNNY~1.DOU\AppData\Local\Temp\03E8433F-648F-4273-A0B6-F7EA5771E84D\IBSProvider.dll
CreationUtcTime: 2024-08-20 00:52:58.375
User: MY-CALDERA\johnny.douche"
MY-CAL-WIN10.my-caldera.local,11,"File created:
RuleName: DLL
UtcTime: 2024-08-20 00:52:58.381
ProcessGuid: {ca24abc9-e8e9-66c3-c309-000000001d00}
ProcessId: 10176
Image: C:\Windows\System32\WindowsPowerShell\v1.0\powershell.exe
TargetFilename: C:\Users\JOHNNY~1.DOU\AppData\Local\Temp\03E8433F-648F-4273-A0B6-F7EA5771E84D\ImagingProvider.dll
CreationUtcTime: 2024-08-20 00:52:58.381
User: MY-CALDERA\johnny.douche"
MY-CAL-WIN10.my-caldera.local,11,"File created:
RuleName: DLL
UtcTime: 2024-08-20 00:52:58.389
ProcessGuid: {ca24abc9-e8e9-66c3-c309-000000001d00}
ProcessId: 10176
Image: C:\Windows\System32\WindowsPowerShell\v1.0\powershell.exe
TargetFilename: C:\Users\JOHNNY~1.DOU\AppData\Local\Temp\03E8433F-648F-4273-A0B6-F7EA5771E84D\IntlProvider.dll
CreationUtcTime: 2024-08-20 00:52:58.389
User: MY-CALDERA\johnny.douche"
MY-CAL-WIN10.my-caldera.local,11,"File created:
RuleName: DLL
UtcTime: 2024-08-20 00:52:58.398
ProcessGuid: {ca24abc9-e8e9-66c3-c309-000000001d00}
ProcessId: 10176
Image: C:\Windows\System32\WindowsPowerShell\v1.0\powershell.exe
TargetFilename: C:\Users\JOHNNY~1.DOU\AppData\Local\Temp\03E8433F-648F-4273-A0B6-F7EA5771E84D\LogProvider.dll
CreationUtcTime: 2024-08-20 00:52:58.398
User: MY-CALDERA\johnny.douche"
MY-CAL-WIN10.my-caldera.local,11,"File created:
RuleName: DLL
UtcTime: 2024-08-20 00:52:58.403
ProcessGuid: {ca24abc9-e8e9-66c3-c309-000000001d00}
ProcessId: 10176
Image: C:\Windows\System32\WindowsPowerShell\v1.0\powershell.exe
TargetFilename: C:\Users\JOHNNY~1.DOU\AppData\Local\Temp\03E8433F-648F-4273-A0B6-F7EA5771E84D\MsiProvider.dll
CreationUtcTime: 2024-08-20 00:52:58.403
User: MY-CALDERA\johnny.douche"
MY-CAL-WIN10.my-caldera.local,11,"File created:
RuleName: DLL
UtcTime: 2024-08-20 00:52:58.410
ProcessGuid: {ca24abc9-e8e9-66c3-c309-000000001d00}
ProcessId: 10176
Image: C:\Windows\System32\WindowsPowerShell\v1.0\powershell.exe
TargetFilename: C:\Users\JOHNNY~1.DOU\AppData\Local\Temp\03E8433F-648F-4273-A0B6-F7EA5771E84D\OfflineSetupProvider.dll
CreationUtcTime: 2024-08-20 00:52:58.410
User: MY-CALDERA\johnny.douche"
MY-CAL-WIN10.my-caldera.local,11,"File created:
RuleName: DLL
UtcTime: 2024-08-20 00:52:58.417
ProcessGuid: {ca24abc9-e8e9-66c3-c309-000000001d00}
ProcessId: 10176
Image: C:\Windows\System32\WindowsPowerShell\v1.0\powershell.exe
TargetFilename: C:\Users\JOHNNY~1.DOU\AppData\Local\Temp\03E8433F-648F-4273-A0B6-F7EA5771E84D\OSProvider.dll
CreationUtcTime: 2024-08-20 00:52:58.417
User: MY-CALDERA\johnny.douche"
MY-CAL-WIN10.my-caldera.local,11,"File created:
RuleName: DLL
UtcTime: 2024-08-20 00:52:58.426
ProcessGuid: {ca24abc9-e8e9-66c3-c309-000000001d00}
ProcessId: 10176
Image: C:\Windows\System32\WindowsPowerShell\v1.0\powershell.exe
TargetFilename: C:\Users\JOHNNY~1.DOU\AppData\Local\Temp\03E8433F-648F-4273-A0B6-F7EA5771E84D\ProvProvider.dll
CreationUtcTime: 2024-08-20 00:52:58.424
User: MY-CALDERA\johnny.douche"
MY-CAL-WIN10.my-caldera.local,11,"File created:
RuleName: DLL
UtcTime: 2024-08-20 00:52:58.446
ProcessGuid: {ca24abc9-e8e9-66c3-c309-000000001d00}
ProcessId: 10176
Image: C:\Windows\System32\WindowsPowerShell\v1.0\powershell.exe
TargetFilename: C:\Users\JOHNNY~1.DOU\AppData\Local\Temp\03E8433F-648F-4273-A0B6-F7EA5771E84D\SetupPlatformProvider.dll
CreationUtcTime: 2024-08-20 00:52:58.446
User: MY-CALDERA\johnny.douche"
MY-CAL-WIN10.my-caldera.local,11,"File created:
RuleName: DLL
UtcTime: 2024-08-20 00:52:58.452
ProcessGuid: {ca24abc9-e8e9-66c3-c309-000000001d00}
ProcessId: 10176
Image: C:\Windows\System32\WindowsPowerShell\v1.0\powershell.exe
TargetFilename: C:\Users\JOHNNY~1.DOU\AppData\Local\Temp\03E8433F-648F-4273-A0B6-F7EA5771E84D\SmiProvider.dll
CreationUtcTime: 2024-08-20 00:52:58.452
User: MY-CALDERA\johnny.douche"
MY-CAL-WIN10.my-caldera.local,11,"File created:
RuleName: DLL
UtcTime: 2024-08-20 00:52:58.461
ProcessGuid: {ca24abc9-e8e9-66c3-c309-000000001d00}
ProcessId: 10176
Image: C:\Windows\System32\WindowsPowerShell\v1.0\powershell.exe
TargetFilename: C:\Users\JOHNNY~1.DOU\AppData\Local\Temp\03E8433F-648F-4273-A0B6-F7EA5771E84D\SysprepProvider.dll
CreationUtcTime: 2024-08-20 00:52:58.461
User: MY-CALDERA\johnny.douche"
MY-CAL-WIN10.my-caldera.local,11,"File created:
RuleName: DO
UtcTime: 2024-08-20 00:52:58.251
ProcessGuid: {ca24abc9-e8e9-66c3-c309-000000001d00}
ProcessId: 10176
Image: C:\Windows\System32\WindowsPowerShell\v1.0\powershell.exe
TargetFilename: C:\Users\JOHNNY~1.DOU\AppData\Local\Temp\03E8433F-648F-4273-A0B6-F7EA5771E84D\en-US\DmiProvider.dll.mui
CreationUtcTime: 2024-08-20 00:52:58.250
User: MY-CALDERA\johnny.douche"
MY-CAL-WIN10.my-caldera.local,11,"File created:
RuleName: DLL
UtcTime: 2024-08-20 00:52:58.481
ProcessGuid: {ca24abc9-e8e9-66c3-c309-000000001d00}
ProcessId: 10176
Image: C:\Windows\System32\WindowsPowerShell\v1.0\powershell.exe
TargetFilename: C:\Users\JOHNNY~1.DOU\AppData\Local\Temp\03E8433F-648F-4273-A0B6-F7EA5771E84D\TransmogProvider.dll
CreationUtcTime: 2024-08-20 00:52:58.481
User: MY-CALDERA\johnny.douche"
MY-CAL-WIN10.my-caldera.local,11,"File created:
RuleName: DO
UtcTime: 2024-08-20 00:52:58.256
ProcessGuid: {ca24abc9-e8e9-66c3-c309-000000001d00}
ProcessId: 10176
Image: C:\Windows\System32\WindowsPowerShell\v1.0\powershell.exe
TargetFilename: C:\Users\JOHNNY~1.DOU\AppData\Local\Temp\03E8433F-648F-4273-A0B6-F7EA5771E84D\en-US\FfuProvider.dll.mui
CreationUtcTime: 2024-08-20 00:52:58.256
User: MY-CALDERA\johnny.douche"
MY-CAL-WIN10.my-caldera.local,11,"File created:
RuleName: DLL
UtcTime: 2024-08-20 00:52:58.513
ProcessGuid: {ca24abc9-e8e9-66c3-c309-000000001d00}
ProcessId: 10176
Image: C:\Windows\System32\WindowsPowerShell\v1.0\powershell.exe
TargetFilename: C:\Users\JOHNNY~1.DOU\AppData\Local\Temp\03E8433F-648F-4273-A0B6-F7EA5771E84D\UnattendProvider.dll
CreationUtcTime: 2024-08-20 00:52:58.513
User: MY-CALDERA\johnny.douche"
MY-CAL-WIN10.my-caldera.local,11,"File created:
RuleName: DO
UtcTime: 2024-08-20 00:52:58.261
ProcessGuid: {ca24abc9-e8e9-66c3-c309-000000001d00}
ProcessId: 10176
Image: C:\Windows\System32\WindowsPowerShell\v1.0\powershell.exe
TargetFilename: C:\Users\JOHNNY~1.DOU\AppData\Local\Temp\03E8433F-648F-4273-A0B6-F7EA5771E84D\en-US\FolderProvider.dll.mui
CreationUtcTime: 2024-08-20 00:52:58.261
User: MY-CALDERA\johnny.douche"
MY-CAL-WIN10.my-caldera.local,11,"File created:
RuleName: DO
UtcTime: 2024-08-20 00:52:58.266
ProcessGuid: {ca24abc9-e8e9-66c3-c309-000000001d00}
ProcessId: 10176
Image: C:\Windows\System32\WindowsPowerShell\v1.0\powershell.exe
TargetFilename: C:\Users\JOHNNY~1.DOU\AppData\Local\Temp\03E8433F-648F-4273-A0B6-F7EA5771E84D\en-US\GenericProvider.dll.mui
CreationUtcTime: 2024-08-20 00:52:58.266
User: MY-CALDERA\johnny.douche"
MY-CAL-WIN10.my-caldera.local,11,"File created:
RuleName: DO
UtcTime: 2024-08-20 00:52:58.271
ProcessGuid: {ca24abc9-e8e9-66c3-c309-000000001d00}
ProcessId: 10176
Image: C:\Windows\System32\WindowsPowerShell\v1.0\powershell.exe
TargetFilename: C:\Users\JOHNNY~1.DOU\AppData\Local\Temp\03E8433F-648F-4273-A0B6-F7EA5771E84D\en-US\IBSProvider.dll.mui
CreationUtcTime: 2024-08-20 00:52:58.270
User: MY-CALDERA\johnny.douche"
MY-CAL-WIN10.my-caldera.local,11,"File created:
RuleName: DO
UtcTime: 2024-08-20 00:52:58.275
ProcessGuid: {ca24abc9-e8e9-66c3-c309-000000001d00}
ProcessId: 10176
Image: C:\Windows\System32\WindowsPowerShell\v1.0\powershell.exe
TargetFilename: C:\Users\JOHNNY~1.DOU\AppData\Local\Temp\03E8433F-648F-4273-A0B6-F7EA5771E84D\en-US\ImagingProvider.dll.mui
CreationUtcTime: 2024-08-20 00:52:58.274
User: MY-CALDERA\johnny.douche"
MY-CAL-WIN10.my-caldera.local,11,"File created:
RuleName: DO
UtcTime: 2024-08-20 00:52:58.279
ProcessGuid: {ca24abc9-e8e9-66c3-c309-000000001d00}
ProcessId: 10176
Image: C:\Windows\System32\WindowsPowerShell\v1.0\powershell.exe
TargetFilename: C:\Users\JOHNNY~1.DOU\AppData\Local\Temp\03E8433F-648F-4273-A0B6-F7EA5771E84D\en-US\IntlProvider.dll.mui
CreationUtcTime: 2024-08-20 00:52:58.278
User: MY-CALDERA\johnny.douche"
MY-CAL-WIN10.my-caldera.local,11,"File created:
RuleName: DO
UtcTime: 2024-08-20 00:52:58.283
ProcessGuid: {ca24abc9-e8e9-66c3-c309-000000001d00}
ProcessId: 10176
Image: C:\Windows\System32\WindowsPowerShell\v1.0\powershell.exe
TargetFilename: C:\Users\JOHNNY~1.DOU\AppData\Local\Temp\03E8433F-648F-4273-A0B6-F7EA5771E84D\en-US\LogProvider.dll.mui
CreationUtcTime: 2024-08-20 00:52:58.283
User: MY-CALDERA\johnny.douche"
MY-CAL-WIN10.my-caldera.local,11,"File created:
RuleName: DO
UtcTime: 2024-08-20 00:52:58.287
ProcessGuid: {ca24abc9-e8e9-66c3-c309-000000001d00}
ProcessId: 10176
Image: C:\Windows\System32\WindowsPowerShell\v1.0\powershell.exe
TargetFilename: C:\Users\JOHNNY~1.DOU\AppData\Local\Temp\03E8433F-648F-4273-A0B6-F7EA5771E84D\en-US\MsiProvider.dll.mui
CreationUtcTime: 2024-08-20 00:52:58.287
User: MY-CALDERA\johnny.douche"
MY-CAL-WIN10.my-caldera.local,11,"File created:
RuleName: DO
UtcTime: 2024-08-20 00:52:58.291
ProcessGuid: {ca24abc9-e8e9-66c3-c309-000000001d00}
ProcessId: 10176
Image: C:\Windows\System32\WindowsPowerShell\v1.0\powershell.exe
TargetFilename: C:\Users\JOHNNY~1.DOU\AppData\Local\Temp\03E8433F-648F-4273-A0B6-F7EA5771E84D\en-US\OfflineSetupProvider.dll.mui
CreationUtcTime: 2024-08-20 00:52:58.291
User: MY-CALDERA\johnny.douche"
MY-CAL-WIN10.my-caldera.local,11,"File created:
RuleName: DO
UtcTime: 2024-08-20 00:52:58.295
ProcessGuid: {ca24abc9-e8e9-66c3-c309-000000001d00}
ProcessId: 10176
Image: C:\Windows\System32\WindowsPowerShell\v1.0\powershell.exe
TargetFilename: C:\Users\JOHNNY~1.DOU\AppData\Local\Temp\03E8433F-648F-4273-A0B6-F7EA5771E84D\en-US\OSProvider.dll.mui
CreationUtcTime: 2024-08-20 00:52:58.294
User: MY-CALDERA\johnny.douche"
MY-CAL-WIN10.my-caldera.local,11,"File created:
RuleName: DO
UtcTime: 2024-08-20 00:52:58.301
ProcessGuid: {ca24abc9-e8e9-66c3-c309-000000001d00}
ProcessId: 10176
Image: C:\Windows\System32\WindowsPowerShell\v1.0\powershell.exe
TargetFilename: C:\Users\JOHNNY~1.DOU\AppData\Local\Temp\03E8433F-648F-4273-A0B6-F7EA5771E84D\en-US\ProvProvider.dll.mui
CreationUtcTime: 2024-08-20 00:52:58.298
User: MY-CALDERA\johnny.douche"
MY-CAL-WIN10.my-caldera.local,11,"File created:
RuleName: DO
UtcTime: 2024-08-20 00:52:58.305
ProcessGuid: {ca24abc9-e8e9-66c3-c309-000000001d00}
ProcessId: 10176
Image: C:\Windows\System32\WindowsPowerShell\v1.0\powershell.exe
TargetFilename: C:\Users\JOHNNY~1.DOU\AppData\Local\Temp\03E8433F-648F-4273-A0B6-F7EA5771E84D\en-US\SetupPlatformProvider.dll.mui
CreationUtcTime: 2024-08-20 00:52:58.304
User: MY-CALDERA\johnny.douche"
MY-CAL-WIN10.my-caldera.local,11,"File created:
RuleName: DO
UtcTime: 2024-08-20 00:52:58.309
ProcessGuid: {ca24abc9-e8e9-66c3-c309-000000001d00}
ProcessId: 10176
Image: C:\Windows\System32\WindowsPowerShell\v1.0\powershell.exe
TargetFilename: C:\Users\JOHNNY~1.DOU\AppData\Local\Temp\03E8433F-648F-4273-A0B6-F7EA5771E84D\en-US\SmiProvider.dll.mui
CreationUtcTime: 2024-08-20 00:52:58.308
User: MY-CALDERA\johnny.douche"
MY-CAL-WIN10.my-caldera.local,11,"File created:
RuleName: DO
UtcTime: 2024-08-20 00:52:58.313
ProcessGuid: {ca24abc9-e8e9-66c3-c309-000000001d00}
ProcessId: 10176
Image: C:\Windows\System32\WindowsPowerShell\v1.0\powershell.exe
TargetFilename: C:\Users\JOHNNY~1.DOU\AppData\Local\Temp\03E8433F-648F-4273-A0B6-F7EA5771E84D\en-US\SysprepProvider.dll.mui
CreationUtcTime: 2024-08-20 00:52:58.312
User: MY-CALDERA\johnny.douche"
MY-CAL-WIN10.my-caldera.local,11,"File created:
RuleName: Sysmonv1514
UtcTime: 2024-08-20 00:53:11.123
ProcessGuid: {ca24abc9-d6b1-66c3-ba00-000000001d00}
ProcessId: 6760
Image: C:\Program Files\WinlogBeat\winlogbeat.exe
TargetFilename: C:\ProgramData\winlogbeat\.winlogbeat.yml.new
CreationUtcTime: 2024-08-20 00:11:02.025
User: NT AUTHORITY\SYSTEM"
MY-CAL-WIN10.my-caldera.local,11,"File created:
RuleName: Sysmonv1514
UtcTime: 2024-08-20 00:53:36.280
ProcessGuid: {ca24abc9-d6b1-66c3-ba00-000000001d00}
ProcessId: 6760
Image: C:\Program Files\WinlogBeat\winlogbeat.exe
TargetFilename: C:\ProgramData\winlogbeat\.winlogbeat.yml.new
CreationUtcTime: 2024-08-20 00:11:02.025
User: NT AUTHORITY\SYSTEM"
MY-CAL-WIN10.my-caldera.local,11,"File created:
RuleName: Sysmonv1514
UtcTime: 2024-08-20 00:54:11.634
ProcessGuid: {ca24abc9-d6b1-66c3-ba00-000000001d00}
ProcessId: 6760
Image: C:\Program Files\WinlogBeat\winlogbeat.exe
TargetFilename: C:\ProgramData\winlogbeat\.winlogbeat.yml.new
CreationUtcTime: 2024-08-20 00:11:02.025
User: NT AUTHORITY\SYSTEM"
MY-CAL-WIN10.my-caldera.local,11,"File created:
RuleName: Sysmonv1514
UtcTime: 2024-08-20 00:54:57.185
ProcessGuid: {ca24abc9-d6b1-66c3-ba00-000000001d00}
ProcessId: 6760
Image: C:\Program Files\WinlogBeat\winlogbeat.exe
TargetFilename: C:\ProgramData\winlogbeat\.winlogbeat.yml.new
CreationUtcTime: 2024-08-20 00:11:02.025
User: NT AUTHORITY\SYSTEM"
MY-CAL-WIN10.my-caldera.local,11,"File created:
RuleName: Sysmonv1514
UtcTime: 2024-08-20 00:55:17.246
ProcessGuid: {ca24abc9-d6b1-66c3-ba00-000000001d00}
ProcessId: 6760
Image: C:\Program Files\WinlogBeat\winlogbeat.exe
TargetFilename: C:\ProgramData\winlogbeat\.winlogbeat.yml.new
CreationUtcTime: 2024-08-20 00:11:02.025
User: NT AUTHORITY\SYSTEM"
MY-CAL-WIN10.my-caldera.local,11,"File created:
RuleName: Sysmonv1514
UtcTime: 2024-08-20 00:55:42.499
ProcessGuid: {ca24abc9-d6b1-66c3-ba00-000000001d00}
ProcessId: 6760
Image: C:\Program Files\WinlogBeat\winlogbeat.exe
TargetFilename: C:\ProgramData\winlogbeat\.winlogbeat.yml.new
CreationUtcTime: 2024-08-20 00:11:02.025
User: NT AUTHORITY\SYSTEM"
MY-CAL-WIN10.my-caldera.local,11,"File created:
RuleName: Sysmonv1514
UtcTime: 2024-08-20 00:57:03.602
ProcessGuid: {ca24abc9-d6b1-66c3-ba00-000000001d00}
ProcessId: 6760
Image: C:\Program Files\WinlogBeat\winlogbeat.exe
TargetFilename: C:\ProgramData\winlogbeat\.winlogbeat.yml.new
CreationUtcTime: 2024-08-20 00:11:02.025
User: NT AUTHORITY\SYSTEM"
MY-CAL-WIN10.my-caldera.local,11,"File created:
RuleName: Sysmonv1514
UtcTime: 2024-08-20 00:57:33.711
ProcessGuid: {ca24abc9-d6b1-66c3-ba00-000000001d00}
ProcessId: 6760
Image: C:\Program Files\WinlogBeat\winlogbeat.exe
TargetFilename: C:\ProgramData\winlogbeat\.winlogbeat.yml.new
CreationUtcTime: 2024-08-20 00:11:02.025
User: NT AUTHORITY\SYSTEM"
MY-CAL-WIN10.my-caldera.local,11,"File created:
RuleName: Sysmonv1514
UtcTime: 2024-08-20 00:58:03.882
ProcessGuid: {ca24abc9-d6b1-66c3-ba00-000000001d00}
ProcessId: 6760
Image: C:\Program Files\WinlogBeat\winlogbeat.exe
TargetFilename: C:\ProgramData\winlogbeat\.winlogbeat.yml.new
CreationUtcTime: 2024-08-20 00:11:02.025
User: NT AUTHORITY\SYSTEM"
MY-CAL-WIN10.my-caldera.local,11,"File created:
RuleName: Sysmonv1514
UtcTime: 2024-08-20 00:58:49.241
ProcessGuid: {ca24abc9-d6b1-66c3-ba00-000000001d00}
ProcessId: 6760
Image: C:\Program Files\WinlogBeat\winlogbeat.exe
TargetFilename: C:\ProgramData\winlogbeat\.winlogbeat.yml.new
CreationUtcTime: 2024-08-20 00:11:02.025
User: NT AUTHORITY\SYSTEM"
MY-CAL-WIN10.my-caldera.local,11,"File created:
RuleName: Sysmonv1514
UtcTime: 2024-08-20 00:59:29.404
ProcessGuid: {ca24abc9-d6b1-66c3-ba00-000000001d00}
ProcessId: 6760
Image: C:\Program Files\WinlogBeat\winlogbeat.exe
TargetFilename: C:\ProgramData\winlogbeat\.winlogbeat.yml.new
CreationUtcTime: 2024-08-20 00:11:02.025
User: NT AUTHORITY\SYSTEM"
MY-CAL-WIN10.my-caldera.local,11,"File created:
RuleName: Sysmonv1514
UtcTime: 2024-08-20 00:00:38.959
ProcessGuid: {ca24abc9-d6b1-66c3-ba00-000000001d00}
ProcessId: 6760
Image: C:\Program Files\WinlogBeat\winlogbeat.exe
TargetFilename: C:\ProgramData\winlogbeat\.winlogbeat.yml.new
CreationUtcTime: 2024-08-19 23:44:48.401
User: NT AUTHORITY\SYSTEM"
MY-CAL-WIN10.my-caldera.local,11,"File created:
RuleName: Sysmonv1514
UtcTime: 2024-08-20 00:01:09.023
ProcessGuid: {ca24abc9-d6b1-66c3-ba00-000000001d00}
ProcessId: 6760
Image: C:\Program Files\WinlogBeat\winlogbeat.exe
TargetFilename: C:\ProgramData\winlogbeat\.winlogbeat.yml.new
CreationUtcTime: 2024-08-19 23:44:48.401
User: NT AUTHORITY\SYSTEM"
MY-CAL-WIN10.my-caldera.local,11,"File created:
RuleName: Sysmonv1514
UtcTime: 2024-08-20 00:01:49.416
ProcessGuid: {ca24abc9-d6b1-66c3-ba00-000000001d00}
ProcessId: 6760
Image: C:\Program Files\WinlogBeat\winlogbeat.exe
TargetFilename: C:\ProgramData\winlogbeat\.winlogbeat.yml.new
CreationUtcTime: 2024-08-19 23:44:48.401
User: NT AUTHORITY\SYSTEM"
MY-CAL-WIN10.my-caldera.local,11,"File created:
RuleName: Sysmonv1514
UtcTime: 2024-08-20 00:02:24.482
ProcessGuid: {ca24abc9-d6b1-66c3-ba00-000000001d00}
ProcessId: 6760
Image: C:\Program Files\WinlogBeat\winlogbeat.exe
TargetFilename: C:\ProgramData\winlogbeat\.winlogbeat.yml.new
CreationUtcTime: 2024-08-19 23:44:48.401
User: NT AUTHORITY\SYSTEM"
MY-CAL-WIN10.my-caldera.local,11,"File created:
RuleName: Sysmonv1514
UtcTime: 2024-08-20 00:02:49.807
ProcessGuid: {ca24abc9-d6b1-66c3-ba00-000000001d00}
ProcessId: 6760
Image: C:\Program Files\WinlogBeat\winlogbeat.exe
TargetFilename: C:\ProgramData\winlogbeat\.winlogbeat.yml.new
CreationUtcTime: 2024-08-19 23:44:48.401
User: NT AUTHORITY\SYSTEM"
MY-CAL-WIN10.my-caldera.local,11,"File created:
RuleName: Sysmonv1514
UtcTime: 2024-08-20 00:03:34.908
ProcessGuid: {ca24abc9-d6b1-66c3-ba00-000000001d00}
ProcessId: 6760
Image: C:\Program Files\WinlogBeat\winlogbeat.exe
TargetFilename: C:\ProgramData\winlogbeat\.winlogbeat.yml.new
CreationUtcTime: 2024-08-19 23:44:48.401
User: NT AUTHORITY\SYSTEM"
MY-CAL-WIN10.my-caldera.local,11,"File created:
RuleName: Sysmonv1514
UtcTime: 2024-08-20 00:04:30.165
ProcessGuid: {ca24abc9-d6b1-66c3-ba00-000000001d00}
ProcessId: 6760
Image: C:\Program Files\WinlogBeat\winlogbeat.exe
TargetFilename: C:\ProgramData\winlogbeat\.winlogbeat.yml.new
CreationUtcTime: 2024-08-19 23:44:48.401
User: NT AUTHORITY\SYSTEM"
MY-CAL-WIN10.my-caldera.local,11,"File created:
RuleName: Sysmonv1514
UtcTime: 2024-08-20 00:05:00.246
ProcessGuid: {ca24abc9-d6b1-66c3-ba00-000000001d00}
ProcessId: 6760
Image: C:\Program Files\WinlogBeat\winlogbeat.exe
TargetFilename: C:\ProgramData\winlogbeat\.winlogbeat.yml.new
CreationUtcTime: 2024-08-19 23:44:48.401
User: NT AUTHORITY\SYSTEM"
MY-CAL-WIN10.my-caldera.local,11,"File created:
RuleName: Sysmonv1514
UtcTime: 2024-08-20 00:05:29.470
ProcessGuid: {ca24abc9-d648-66c3-9100-000000001d00}
ProcessId: 6396
Image: C:\Program Files\Windows Defender Advanced Threat Protection\SenseIR.exe
TargetFilename: C:\ProgramData\Microsoft\Windows Defender Advanced Threat Protection\Temp\PSScriptOutputs\PSScript_Output_{215586BF-D86D-4811-92FB-A839FC9E109B}.txt
CreationUtcTime: 2024-08-20 00:05:29.470
User: NT AUTHORITY\SYSTEM"
MY-CAL-WIN10.my-caldera.local,11,"File created:
RuleName: Sysmonv1514
UtcTime: 2024-08-20 00:05:29.471
ProcessGuid: {ca24abc9-d648-66c3-9100-000000001d00}
ProcessId: 6396
Image: C:\Program Files\Windows Defender Advanced Threat Protection\SenseIR.exe
TargetFilename: C:\ProgramData\Microsoft\Windows Defender Advanced Threat Protection\Temp\PSScriptOutputs\PSScript_Stderr_{215586BF-D86D-4811-92FB-A839FC9E109B}.txt
CreationUtcTime: 2024-08-20 00:05:29.471
User: NT AUTHORITY\SYSTEM"
MY-CAL-WIN10.my-caldera.local,11,"File created:
RuleName: Sysmonv1514
UtcTime: 2024-08-20 00:05:29.583
ProcessGuid: {ca24abc9-d6b1-66c3-ba00-000000001d00}
ProcessId: 6760
Image: C:\Program Files\WinlogBeat\winlogbeat.exe
TargetFilename: C:\ProgramData\winlogbeat\.winlogbeat.yml.new
CreationUtcTime: 2024-08-19 23:44:48.401
User: NT AUTHORITY\SYSTEM"
MY-CAL-WIN10.my-caldera.local,11,"File created:
RuleName: Sysmonv1514
UtcTime: 2024-08-20 00:07:30.080
ProcessGuid: {ca24abc9-d6b1-66c3-ba00-000000001d00}
ProcessId: 6760
Image: C:\Program Files\WinlogBeat\winlogbeat.exe
TargetFilename: C:\ProgramData\winlogbeat\.winlogbeat.yml.new
CreationUtcTime: 2024-08-19 23:44:48.401
User: NT AUTHORITY\SYSTEM"
MY-CAL-WIN10.my-caldera.local,11,"File created:
RuleName: DO
UtcTime: 2024-08-20 00:07:38.664
ProcessGuid: {ca24abc9-de4a-66c3-b301-000000001d00}
ProcessId: 2172
Image: C:\Windows\System32\WindowsPowerShell\v1.0\powershell.exe
TargetFilename: C:\Users\johnny.douche\AppData\Local\Microsoft\Windows\PowerShell\StartupProfileData-NonInteractive
CreationUtcTime: 2024-03-28 01:06:06.420
User: MY-CALDERA\johnny.douche"
MY-CAL-WIN10.my-caldera.local,11,"File created:
RuleName: DO
UtcTime: 2024-08-20 00:07:39.134
ProcessGuid: {ca24abc9-de4a-66c3-b401-000000001d00}
ProcessId: 6712
Image: C:\Windows\System32\WindowsPowerShell\v1.0\powershell.exe
TargetFilename: C:\Users\johnny.douche\AppData\Local\Microsoft\Windows\PowerShell\StartupProfileData-NonInteractive
CreationUtcTime: 2024-03-28 01:06:06.420
User: MY-CALDERA\johnny.douche"
MY-CAL-WIN10.my-caldera.local,11,"File created:
RuleName: DO
UtcTime: 2024-08-20 00:07:43.662
ProcessGuid: {ca24abc9-de4f-66c3-ba01-000000001d00}
ProcessId: 5564
Image: C:\Windows\System32\WindowsPowerShell\v1.0\powershell.exe
TargetFilename: C:\Users\johnny.douche\AppData\Local\Microsoft\Windows\PowerShell\StartupProfileData-NonInteractive
CreationUtcTime: 2024-03-28 01:06:06.420
User: MY-CALDERA\johnny.douche"
MY-CAL-WIN10.my-caldera.local,11,"File created:
RuleName: DO
UtcTime: 2024-08-20 00:07:50.756
ProcessGuid: {ca24abc9-de56-66c3-cd01-000000001d00}
ProcessId: 8808
Image: C:\Windows\System32\WindowsPowerShell\v1.0\powershell.exe
TargetFilename: C:\Users\johnny.douche\AppData\Local\Microsoft\Windows\PowerShell\StartupProfileData-NonInteractive
CreationUtcTime: 2024-03-28 01:06:06.420
User: MY-CALDERA\johnny.douche"
MY-CAL-WIN10.my-caldera.local,11,"File created:
RuleName: DO
UtcTime: 2024-08-20 00:07:51.220
ProcessGuid: {ca24abc9-de56-66c3-ce01-000000001d00}
ProcessId: 7036
Image: C:\Windows\System32\WindowsPowerShell\v1.0\powershell.exe
TargetFilename: C:\Users\johnny.douche\AppData\Local\Microsoft\Windows\PowerShell\StartupProfileData-NonInteractive
CreationUtcTime: 2024-03-28 01:06:06.420
User: MY-CALDERA\johnny.douche"
MY-CAL-WIN10.my-caldera.local,11,"File created:
RuleName: Sysmonv1514
UtcTime: 2024-08-20 00:09:51.303
ProcessGuid: {ca24abc9-d6b1-66c3-ba00-000000001d00}
ProcessId: 6760
Image: C:\Program Files\WinlogBeat\winlogbeat.exe
TargetFilename: C:\ProgramData\winlogbeat\.winlogbeat.yml.new
CreationUtcTime: 2024-08-19 23:44:48.401
User: NT AUTHORITY\SYSTEM"
MY-CAL-WIN10.my-caldera.local,11,"File created:
RuleName: Sysmonv1514
UtcTime: 2024-08-20 00:10:21.379
ProcessGuid: {ca24abc9-d6b1-66c3-ba00-000000001d00}
ProcessId: 6760
Image: C:\Program Files\WinlogBeat\winlogbeat.exe
TargetFilename: C:\ProgramData\winlogbeat\.winlogbeat.yml.new
CreationUtcTime: 2024-08-19 23:44:48.401
User: NT AUTHORITY\SYSTEM"
MY-CAL-WIN10.my-caldera.local,11,"File created:
RuleName: Sysmonv1514
UtcTime: 2024-08-20 00:10:51.698
ProcessGuid: {ca24abc9-d6b1-66c3-ba00-000000001d00}
ProcessId: 6760
Image: C:\Program Files\WinlogBeat\winlogbeat.exe
TargetFilename: C:\ProgramData\winlogbeat\.winlogbeat.yml.new
CreationUtcTime: 2024-08-20 00:10:51.601
User: NT AUTHORITY\SYSTEM"
MY-CAL-WIN10.my-caldera.local,11,"File created:
RuleName: Sysmonv1514
UtcTime: 2024-08-20 00:11:12.064
ProcessGuid: {ca24abc9-d6b1-66c3-ba00-000000001d00}
ProcessId: 6760
Image: C:\Program Files\WinlogBeat\winlogbeat.exe
TargetFilename: C:\ProgramData\winlogbeat\.winlogbeat.yml.new
CreationUtcTime: 2024-08-20 00:11:02.025
User: NT AUTHORITY\SYSTEM"
MY-CAL-WIN10.my-caldera.local,11,"File created:
RuleName: EXE
UtcTime: 2024-08-20 00:11:44.067
ProcessGuid: {ca24abc9-df33-66c3-5d02-000000001d00}
ProcessId: 9500
Image: C:\AtomicRedTeam\ExternalPayloads\npcap_installer.exe
TargetFilename: C:\Users\JOHNNY~1.DOU\AppData\Local\Temp\nshF91D.tmp\NPFInstall.exe
CreationUtcTime: 2024-08-20 00:11:44.067
User: MY-CALDERA\johnny.douche"
MY-CAL-WIN10.my-caldera.local,11,"File created:
RuleName: DLL
UtcTime: 2024-08-20 00:11:44.199
ProcessGuid: {ca24abc9-df33-66c3-5d02-000000001d00}
ProcessId: 9500
Image: C:\AtomicRedTeam\ExternalPayloads\npcap_installer.exe
TargetFilename: C:\Users\JOHNNY~1.DOU\AppData\Local\Temp\nshF91D.tmp\nsExec.dll
CreationUtcTime: 2024-08-20 00:11:44.199
User: MY-CALDERA\johnny.douche"
MY-CAL-WIN10.my-caldera.local,11,"File created:
RuleName: Sysmonv1514
UtcTime: 2024-08-20 00:11:45.476
ProcessGuid: {ca24abc9-d6b1-66c3-ba00-000000001d00}
ProcessId: 6760
Image: C:\Program Files\WinlogBeat\winlogbeat.exe
TargetFilename: C:\ProgramData\winlogbeat\.winlogbeat.yml.new
CreationUtcTime: 2024-08-20 00:11:02.025
User: NT AUTHORITY\SYSTEM"
MY-CAL-WIN10.my-caldera.local,11,"File created:
RuleName: Sysmonv1514
UtcTime: 2024-08-20 00:11:53.691
ProcessGuid: {ca24abc9-df47-66c3-6d02-000000001d00}
ProcessId: 9008
Image: C:\Program Files\Npcap\NPFInstall.exe
TargetFilename: C:\Windows\System32\drivers\SET46FC.tmp
CreationUtcTime: 2024-08-20 00:11:53.691
User: MY-CALDERA\johnny.douche"
MY-CAL-WIN10.my-caldera.local,11,"File created:
RuleName: Sysmonv1514
UtcTime: 2024-08-20 00:11:53.695
ProcessGuid: {ca24abc9-df47-66c3-6d02-000000001d00}
ProcessId: 9008
Image: C:\Program Files\Npcap\NPFInstall.exe
TargetFilename: C:\Windows\System32\drivers\SET46FC.tmp
CreationUtcTime: 2024-08-20 00:11:53.691
User: MY-CALDERA\johnny.douche"
MY-CAL-WIN10.my-caldera.local,11,"File created:
RuleName: DO
UtcTime: 2024-08-20 00:12:36.760
ProcessGuid: {ca24abc9-df39-66c3-6202-000000001d00}
ProcessId: 5252
Image: C:\Windows\System32\WindowsPowerShell\v1.0\powershell.exe
TargetFilename: C:\Users\johnny.douche\AppData\Local\Microsoft\Windows\PowerShell\StartupProfileData-NonInteractive
CreationUtcTime: 2024-03-28 01:06:06.420
User: MY-CALDERA\johnny.douche"
MY-CAL-WIN10.my-caldera.local,11,"File created:
RuleName: Sysmonv1514
UtcTime: 2024-08-20 00:12:46.684
ProcessGuid: {ca24abc9-d6b1-66c3-ba00-000000001d00}
ProcessId: 6760
Image: C:\Program Files\WinlogBeat\winlogbeat.exe
TargetFilename: C:\ProgramData\winlogbeat\.winlogbeat.yml.new
CreationUtcTime: 2024-08-20 00:11:02.025
User: NT AUTHORITY\SYSTEM"
MY-CAL-WIN10.my-caldera.local,11,"File created:
RuleName: DLL
UtcTime: 2024-08-20 00:13:05.213
ProcessGuid: {ca24abc9-df8d-66c3-8e02-000000001d00}
ProcessId: 5036
Image: C:\Program Files\Npcap\uninstall.exe
TargetFilename: C:\Users\JOHNNY~1.DOU\AppData\Local\Temp\nsx5178.tmp\SimpleSC.dll
CreationUtcTime: 2024-08-20 00:13:05.212
User: MY-CALDERA\johnny.douche"
MY-CAL-WIN10.my-caldera.local,11,"File created:
RuleName: DO
UtcTime: 2024-08-20 00:13:13.414
ProcessGuid: {ca24abc9-df79-66c3-8502-000000001d00}
ProcessId: 6888
Image: C:\Windows\System32\WindowsPowerShell\v1.0\powershell.exe
TargetFilename: C:\Users\johnny.douche\AppData\Local\Microsoft\Windows\PowerShell\StartupProfileData-NonInteractive
CreationUtcTime: 2024-03-28 01:06:06.420
User: MY-CALDERA\johnny.douche"
