RuleName: -
EventType: CreatePipe
UtcTime: 2024-08-20 20:27:51.242
ProcessGuid: {ca24abc9-ee08-66c4-2094-000000001900}
ProcessId: 28596
PipeName: <Anonymous Pipe>
Image: C:\Windows\Microsoft.NET\Framework64\v4.0.30319\ngen.exe
User: NT AUTHORITY\SYSTEM"
5252,MY-CAL-WIN10.my-caldera.local,17,"Pipe Created:
RuleName: -
EventType: CreatePipe
UtcTime: 2024-08-20 20:27:51.395
ProcessGuid: {ca24abc9-ee08-66c4-2094-000000001900}
ProcessId: 28596
PipeName: <Anonymous Pipe>
Image: C:\Windows\Microsoft.NET\Framework64\v4.0.30319\ngen.exe
User: NT AUTHORITY\SYSTEM"
5253,MY-CAL-WIN10.my-caldera.local,17,"Pipe Created:
RuleName: -
EventType: CreatePipe
UtcTime: 2024-08-20 20:27:54.884
ProcessGuid: {ca24abc9-ee08-66c4-2094-000000001900}
ProcessId: 28596
PipeName: <Anonymous Pipe>
Image: C:\Windows\Microsoft.NET\Framework64\v4.0.30319\ngen.exe
User: NT AUTHORITY\SYSTEM"
5254,MY-CAL-WIN10.my-caldera.local,17,"Pipe Created:
RuleName: -
EventType: CreatePipe
UtcTime: 2024-08-20 20:27:55.158
ProcessGuid: {ca24abc9-ee08-66c4-2094-000000001900}
ProcessId: 28596
PipeName: <Anonymous Pipe>
Image: C:\Windows\Microsoft.NET\Framework64\v4.0.30319\ngen.exe
User: NT AUTHORITY\SYSTEM"
5255,MY-CAL-WIN10.my-caldera.local,17,"Pipe Created:
RuleName: -
EventType: CreatePipe
UtcTime: 2024-08-20 20:27:54.688
ProcessGuid: {ca24abc9-ee08-66c4-2094-000000001900}
ProcessId: 28596
PipeName: <Anonymous Pipe>
Image: C:\Windows\Microsoft.NET\Framework64\v4.0.30319\ngen.exe
User: NT AUTHORITY\SYSTEM"
5256,MY-CAL-WIN10.my-caldera.local,17,"Pipe Created:
RuleName: -
EventType: CreatePipe
UtcTime: 2024-08-20 20:28:04.033
ProcessGuid: {ca24abc9-ee08-66c4-2094-000000001900}
ProcessId: 28596
PipeName: <Anonymous Pipe>
Image: C:\Windows\Microsoft.NET\Framework64\v4.0.30319\ngen.exe
User: NT AUTHORITY\SYSTEM"
5257,MY-CAL-WIN10.my-caldera.local,17,"Pipe Created:
RuleName: -
EventType: CreatePipe
UtcTime: 2024-08-20 20:28:12.536
ProcessGuid: {ca24abc9-ee08-66c4-2094-000000001900}
ProcessId: 28596
PipeName: <Anonymous Pipe>
Image: C:\Windows\Microsoft.NET\Framework64\v4.0.30319\ngen.exe
User: NT AUTHORITY\SYSTEM"
5258,MY-CAL-WIN10.my-caldera.local,17,"Pipe Created:
RuleName: -
EventType: CreatePipe
UtcTime: 2024-08-20 20:28:09.233
ProcessGuid: {ca24abc9-ee08-66c4-2094-000000001900}
ProcessId: 28596
PipeName: <Anonymous Pipe>
Image: C:\Windows\Microsoft.NET\Framework64\v4.0.30319\ngen.exe
User: NT AUTHORITY\SYSTEM"
5259,MY-CAL-WIN10.my-caldera.local,17,"Pipe Created:
RuleName: -
EventType: CreatePipe
UtcTime: 2024-08-20 20:28:21.986
ProcessGuid: {ca24abc9-ee08-66c4-2094-000000001900}
ProcessId: 28596
PipeName: <Anonymous Pipe>
Image: C:\Windows\Microsoft.NET\Framework64\v4.0.30319\ngen.exe
User: NT AUTHORITY\SYSTEM"
5260,MY-CAL-WIN10.my-caldera.local,17,"Pipe Created:
RuleName: -
EventType: CreatePipe
UtcTime: 2024-08-20 20:28:23.918
ProcessGuid: {ca24abc9-ee08-66c4-2094-000000001900}
ProcessId: 28596
PipeName: <Anonymous Pipe>
Image: C:\Windows\Microsoft.NET\Framework64\v4.0.30319\ngen.exe
User: NT AUTHORITY\SYSTEM"
5261,MY-CAL-WIN10.my-caldera.local,17,"Pipe Created:
RuleName: -
EventType: CreatePipe
UtcTime: 2024-08-20 20:28:28.772
ProcessGuid: {ca24abc9-ee08-66c4-2094-000000001900}
ProcessId: 28596
PipeName: <Anonymous Pipe>
Image: C:\Windows\Microsoft.NET\Framework64\v4.0.30319\ngen.exe
User: NT AUTHORITY\SYSTEM"
5262,MY-CAL-WIN10.my-caldera.local,17,"Pipe Created:
RuleName: -
EventType: CreatePipe
UtcTime: 2024-08-20 20:28:26.397
ProcessGuid: {ca24abc9-ee08-66c4-2094-000000001900}
ProcessId: 28596
PipeName: <Anonymous Pipe>
Image: C:\Windows\Microsoft.NET\Framework64\v4.0.30319\ngen.exe
User: NT AUTHORITY\SYSTEM"
5263,MY-CAL-WIN10.my-caldera.local,17,"Pipe Created:
RuleName: -
EventType: CreatePipe
UtcTime: 2024-08-20 20:28:27.871
ProcessGuid: {ca24abc9-ee08-66c4-2094-000000001900}
ProcessId: 28596
PipeName: <Anonymous Pipe>
Image: C:\Windows\Microsoft.NET\Framework64\v4.0.30319\ngen.exe
User: NT AUTHORITY\SYSTEM"
5264,MY-CAL-WIN10.my-caldera.local,17,"Pipe Created:
RuleName: -
EventType: CreatePipe
UtcTime: 2024-08-20 20:28:28.445
ProcessGuid: {ca24abc9-ee08-66c4-2094-000000001900}
ProcessId: 28596
PipeName: <Anonymous Pipe>
Image: C:\Windows\Microsoft.NET\Framework64\v4.0.30319\ngen.exe
User: NT AUTHORITY\SYSTEM"
5265,MY-CAL-WIN10.my-caldera.local,17,"Pipe Created:
RuleName: -
EventType: CreatePipe
UtcTime: 2024-08-20 20:28:32.119
ProcessGuid: {ca24abc9-ee08-66c4-2094-000000001900}
ProcessId: 28596
PipeName: <Anonymous Pipe>
Image: C:\Windows\Microsoft.NET\Framework64\v4.0.30319\ngen.exe
User: NT AUTHORITY\SYSTEM"
5266,MY-CAL-WIN10.my-caldera.local,17,"Pipe Created:
RuleName: -
EventType: CreatePipe
UtcTime: 2024-08-20 20:28:31.916
ProcessGuid: {ca24abc9-ee08-66c4-2094-000000001900}
ProcessId: 28596
PipeName: <Anonymous Pipe>
Image: C:\Windows\Microsoft.NET\Framework64\v4.0.30319\ngen.exe
User: NT AUTHORITY\SYSTEM"
5267,MY-CAL-WIN10.my-caldera.local,17,"Pipe Created:
RuleName: -
EventType: CreatePipe
UtcTime: 2024-08-20 20:28:31.603
ProcessGuid: {ca24abc9-ee08-66c4-2094-000000001900}
ProcessId: 28596
PipeName: <Anonymous Pipe>
Image: C:\Windows\Microsoft.NET\Framework64\v4.0.30319\ngen.exe
User: NT AUTHORITY\SYSTEM"
5268,MY-CAL-WIN10.my-caldera.local,17,"Pipe Created:
RuleName: -
EventType: CreatePipe
UtcTime: 2024-08-20 20:28:37.174
ProcessGuid: {ca24abc9-ee08-66c4-2094-000000001900}
ProcessId: 28596
PipeName: <Anonymous Pipe>
Image: C:\Windows\Microsoft.NET\Framework64\v4.0.30319\ngen.exe
User: NT AUTHORITY\SYSTEM"
5269,MY-CAL-WIN10.my-caldera.local,17,"Pipe Created:
RuleName: -
EventType: CreatePipe
UtcTime: 2024-08-20 20:28:40.556
ProcessGuid: {ca24abc9-ee08-66c4-2094-000000001900}
ProcessId: 28596
PipeName: <Anonymous Pipe>
Image: C:\Windows\Microsoft.NET\Framework64\v4.0.30319\ngen.exe
User: NT AUTHORITY\SYSTEM"
5270,MY-CAL-WIN10.my-caldera.local,17,"Pipe Created:
RuleName: -
EventType: CreatePipe
UtcTime: 2024-08-20 20:28:41.272
ProcessGuid: {ca24abc9-ee08-66c4-2094-000000001900}
ProcessId: 28596
PipeName: <Anonymous Pipe>
Image: C:\Windows\Microsoft.NET\Framework64\v4.0.30319\ngen.exe
User: NT AUTHORITY\SYSTEM"
5271,MY-CAL-WIN10.my-caldera.local,17,"Pipe Created:
RuleName: -
EventType: CreatePipe
UtcTime: 2024-08-20 20:28:41.555
ProcessGuid: {ca24abc9-ee08-66c4-2094-000000001900}
ProcessId: 28596
PipeName: <Anonymous Pipe>
Image: C:\Windows\Microsoft.NET\Framework64\v4.0.30319\ngen.exe
User: NT AUTHORITY\SYSTEM"
5272,MY-CAL-WIN10.my-caldera.local,17,"Pipe Created:
RuleName: -
EventType: CreatePipe
UtcTime: 2024-08-20 20:29:02.126
ProcessGuid: {ca24abc9-ee08-66c4-2094-000000001900}
ProcessId: 28596
PipeName: <Anonymous Pipe>
Image: C:\Windows\Microsoft.NET\Framework64\v4.0.30319\ngen.exe
User: NT AUTHORITY\SYSTEM"
5273,MY-CAL-WIN10.my-caldera.local,17,"Pipe Created:
RuleName: -
EventType: CreatePipe
UtcTime: 2024-08-20 20:29:15.683
ProcessGuid: {ca24abc9-ee08-66c4-2094-000000001900}
ProcessId: 28596
PipeName: <Anonymous Pipe>
Image: C:\Windows\Microsoft.NET\Framework64\v4.0.30319\ngen.exe
User: NT AUTHORITY\SYSTEM"
5274,MY-CAL-WIN10.my-caldera.local,17,"Pipe Created:
RuleName: -
EventType: CreatePipe
UtcTime: 2024-08-20 20:29:16.148
ProcessGuid: {ca24abc9-ee08-66c4-2094-000000001900}
ProcessId: 28596
PipeName: <Anonymous Pipe>
Image: C:\Windows\Microsoft.NET\Framework64\v4.0.30319\ngen.exe
User: NT AUTHORITY\SYSTEM"
5275,MY-CAL-WIN10.my-caldera.local,17,"Pipe Created:
RuleName: -
EventType: CreatePipe
UtcTime: 2024-08-20 20:29:26.727
ProcessGuid: {ca24abc9-ee08-66c4-2094-000000001900}
ProcessId: 28596
PipeName: <Anonymous Pipe>
Image: C:\Windows\Microsoft.NET\Framework64\v4.0.30319\ngen.exe
User: NT AUTHORITY\SYSTEM"
5276,MY-CAL-WIN10.my-caldera.local,17,"Pipe Created:
RuleName: -
EventType: CreatePipe
UtcTime: 2024-08-20 20:29:25.274
ProcessGuid: {ca24abc9-ee08-66c4-2094-000000001900}
ProcessId: 28596
PipeName: <Anonymous Pipe>
Image: C:\Windows\Microsoft.NET\Framework64\v4.0.30319\ngen.exe
User: NT AUTHORITY\SYSTEM"
5277,MY-CAL-WIN10.my-caldera.local,17,"Pipe Created:
RuleName: -
EventType: CreatePipe
UtcTime: 2024-08-20 20:29:25.895
ProcessGuid: {ca24abc9-ee08-66c4-2094-000000001900}
ProcessId: 28596
PipeName: <Anonymous Pipe>
Image: C:\Windows\Microsoft.NET\Framework64\v4.0.30319\ngen.exe
User: NT AUTHORITY\SYSTEM"
5278,MY-CAL-WIN10.my-caldera.local,17,"Pipe Created:
RuleName: -
EventType: CreatePipe
UtcTime: 2024-08-20 20:29:27.388
ProcessGuid: {ca24abc9-ee08-66c4-2094-000000001900}
ProcessId: 28596
PipeName: <Anonymous Pipe>
Image: C:\Windows\Microsoft.NET\Framework64\v4.0.30319\ngen.exe
User: NT AUTHORITY\SYSTEM"
5279,MY-CAL-WIN10.my-caldera.local,17,"Pipe Created:
RuleName: -
EventType: CreatePipe
UtcTime: 2024-08-20 20:29:26.200
ProcessGuid: {ca24abc9-ee08-66c4-2094-000000001900}
ProcessId: 28596
PipeName: <Anonymous Pipe>
Image: C:\Windows\Microsoft.NET\Framework64\v4.0.30319\ngen.exe
User: NT AUTHORITY\SYSTEM"
5280,MY-CAL-WIN10.my-caldera.local,17,"Pipe Created:
RuleName: -
EventType: CreatePipe
UtcTime: 2024-08-20 20:29:28.331
ProcessGuid: {ca24abc9-ee08-66c4-2094-000000001900}
ProcessId: 28596
PipeName: <Anonymous Pipe>
Image: C:\Windows\Microsoft.NET\Framework64\v4.0.30319\ngen.exe
User: NT AUTHORITY\SYSTEM"
5281,MY-CAL-WIN10.my-caldera.local,17,"Pipe Created:
RuleName: -
EventType: CreatePipe
UtcTime: 2024-08-20 20:29:27.127
ProcessGuid: {ca24abc9-ee08-66c4-2094-000000001900}
ProcessId: 28596
PipeName: <Anonymous Pipe>
Image: C:\Windows\Microsoft.NET\Framework64\v4.0.30319\ngen.exe
User: NT AUTHORITY\SYSTEM"
5282,MY-CAL-WIN10.my-caldera.local,17,"Pipe Created:
RuleName: -
EventType: CreatePipe
UtcTime: 2024-08-20 20:29:31.362
ProcessGuid: {ca24abc9-ee08-66c4-2094-000000001900}
ProcessId: 28596
PipeName: <Anonymous Pipe>
Image: C:\Windows\Microsoft.NET\Framework64\v4.0.30319\ngen.exe
User: NT AUTHORITY\SYSTEM"
5283,MY-CAL-WIN10.my-caldera.local,17,"Pipe Created:
RuleName: -
EventType: CreatePipe
UtcTime: 2024-08-20 20:29:31.637
ProcessGuid: {ca24abc9-ee08-66c4-2094-000000001900}
ProcessId: 28596
PipeName: <Anonymous Pipe>
Image: C:\Windows\Microsoft.NET\Framework64\v4.0.30319\ngen.exe
User: NT AUTHORITY\SYSTEM"
5284,MY-CAL-WIN10.my-caldera.local,17,"Pipe Created:
RuleName: -
EventType: CreatePipe
UtcTime: 2024-08-20 20:29:31.037
ProcessGuid: {ca24abc9-ee08-66c4-2094-000000001900}
ProcessId: 28596
PipeName: <Anonymous Pipe>
Image: C:\Windows\Microsoft.NET\Framework64\v4.0.30319\ngen.exe
User: NT AUTHORITY\SYSTEM"
5285,MY-CAL-WIN10.my-caldera.local,17,"Pipe Created:
RuleName: -
EventType: CreatePipe
UtcTime: 2024-08-20 20:29:33.177
ProcessGuid: {ca24abc9-ee08-66c4-2094-000000001900}
ProcessId: 28596
PipeName: <Anonymous Pipe>
Image: C:\Windows\Microsoft.NET\Framework64\v4.0.30319\ngen.exe
User: NT AUTHORITY\SYSTEM"
5286,MY-CAL-WIN10.my-caldera.local,17,"Pipe Created:
RuleName: -
EventType: CreatePipe
UtcTime: 2024-08-20 20:29:33.431
ProcessGuid: {ca24abc9-ee08-66c4-2094-000000001900}
ProcessId: 28596
PipeName: <Anonymous Pipe>
Image: C:\Windows\Microsoft.NET\Framework64\v4.0.30319\ngen.exe
User: NT AUTHORITY\SYSTEM"
5287,MY-CAL-WIN10.my-caldera.local,17,"Pipe Created:
RuleName: -
EventType: CreatePipe
UtcTime: 2024-08-20 20:29:33.851
ProcessGuid: {ca24abc9-ee08-66c4-2094-000000001900}
ProcessId: 28596
PipeName: <Anonymous Pipe>
Image: C:\Windows\Microsoft.NET\Framework64\v4.0.30319\ngen.exe
User: NT AUTHORITY\SYSTEM"
5288,MY-CAL-WIN10.my-caldera.local,17,"Pipe Created:
RuleName: -
EventType: CreatePipe
UtcTime: 2024-08-20 20:29:34.795
ProcessGuid: {ca24abc9-ee08-66c4-2094-000000001900}
ProcessId: 28596
PipeName: <Anonymous Pipe>
Image: C:\Windows\Microsoft.NET\Framework64\v4.0.30319\ngen.exe
User: NT AUTHORITY\SYSTEM"
5289,MY-CAL-WIN10.my-caldera.local,17,"Pipe Created:
RuleName: -
EventType: CreatePipe
UtcTime: 2024-08-20 20:29:35.033
ProcessGuid: {ca24abc9-ee08-66c4-2094-000000001900}
ProcessId: 28596
PipeName: <Anonymous Pipe>
Image: C:\Windows\Microsoft.NET\Framework64\v4.0.30319\ngen.exe
User: NT AUTHORITY\SYSTEM"
5290,MY-CAL-WIN10.my-caldera.local,17,"Pipe Created:
RuleName: -
EventType: CreatePipe
UtcTime: 2024-08-20 20:29:35.876
ProcessGuid: {ca24abc9-ee08-66c4-2094-000000001900}
ProcessId: 28596
PipeName: <Anonymous Pipe>
Image: C:\Windows\Microsoft.NET\Framework64\v4.0.30319\ngen.exe
User: NT AUTHORITY\SYSTEM"
5291,MY-CAL-WIN10.my-caldera.local,17,"Pipe Created:
RuleName: -
EventType: CreatePipe
UtcTime: 2024-08-20 20:29:36.578
ProcessGuid: {ca24abc9-ee08-66c4-2094-000000001900}
ProcessId: 28596
PipeName: <Anonymous Pipe>
Image: C:\Windows\Microsoft.NET\Framework64\v4.0.30319\ngen.exe
User: NT AUTHORITY\SYSTEM"
5292,MY-CAL-WIN10.my-caldera.local,17,"Pipe Created:
RuleName: -
EventType: CreatePipe
UtcTime: 2024-08-20 20:29:37.434
ProcessGuid: {ca24abc9-ee08-66c4-2094-000000001900}
ProcessId: 28596
PipeName: <Anonymous Pipe>
Image: C:\Windows\Microsoft.NET\Framework64\v4.0.30319\ngen.exe
User: NT AUTHORITY\SYSTEM"
5293,MY-CAL-WIN10.my-caldera.local,17,"Pipe Created:
RuleName: -
EventType: CreatePipe
UtcTime: 2024-08-20 20:29:37.813
ProcessGuid: {ca24abc9-ee08-66c4-2094-000000001900}
ProcessId: 28596
PipeName: <Anonymous Pipe>
Image: C:\Windows\Microsoft.NET\Framework64\v4.0.30319\ngen.exe
User: NT AUTHORITY\SYSTEM"
5294,MY-CAL-WIN10.my-caldera.local,17,"Pipe Created:
RuleName: -
EventType: CreatePipe
UtcTime: 2024-08-20 20:29:41.175
ProcessGuid: {ca24abc9-ee08-66c4-2094-000000001900}
ProcessId: 28596
PipeName: <Anonymous Pipe>
Image: C:\Windows\Microsoft.NET\Framework64\v4.0.30319\ngen.exe
User: NT AUTHORITY\SYSTEM"
5295,MY-CAL-WIN10.my-caldera.local,17,"Pipe Created:
RuleName: -
EventType: CreatePipe
UtcTime: 2024-08-20 20:29:52.815
ProcessGuid: {ca24abc9-ee08-66c4-2094-000000001900}
ProcessId: 28596
PipeName: <Anonymous Pipe>
Image: C:\Windows\Microsoft.NET\Framework64\v4.0.30319\ngen.exe
User: NT AUTHORITY\SYSTEM"
5296,MY-CAL-WIN10.my-caldera.local,17,"Pipe Created:
RuleName: -
EventType: CreatePipe
UtcTime: 2024-08-20 20:29:56.633
ProcessGuid: {ca24abc9-ee08-66c4-2094-000000001900}
ProcessId: 28596
PipeName: <Anonymous Pipe>
Image: C:\Windows\Microsoft.NET\Framework64\v4.0.30319\ngen.exe
User: NT AUTHORITY\SYSTEM"
5297,MY-CAL-WIN10.my-caldera.local,17,"Pipe Created:
RuleName: -
EventType: CreatePipe
UtcTime: 2024-08-20 20:29:56.782
ProcessGuid: {ca24abc9-ee08-66c4-2094-000000001900}
ProcessId: 28596
PipeName: <Anonymous Pipe>
Image: C:\Windows\Microsoft.NET\Framework64\v4.0.30319\ngen.exe
User: NT AUTHORITY\SYSTEM"
5298,MY-CAL-WIN10.my-caldera.local,17,"Pipe Created:
RuleName: -
EventType: CreatePipe
UtcTime: 2024-08-20 20:29:57.016
ProcessGuid: {ca24abc9-ee08-66c4-2094-000000001900}
ProcessId: 28596
PipeName: <Anonymous Pipe>
Image: C:\Windows\Microsoft.NET\Framework64\v4.0.30319\ngen.exe
User: NT AUTHORITY\SYSTEM"
5299,MY-CAL-WIN10.my-caldera.local,17,"Pipe Created:
RuleName: -
EventType: CreatePipe
UtcTime: 2024-08-20 20:29:56.231
ProcessGuid: {ca24abc9-ee08-66c4-2094-000000001900}
ProcessId: 28596
PipeName: <Anonymous Pipe>
Image: C:\Windows\Microsoft.NET\Framework64\v4.0.30319\ngen.exe
User: NT AUTHORITY\SYSTEM"
5300,MY-CAL-WIN10.my-caldera.local,17,"Pipe Created:
RuleName: -
EventType: CreatePipe
UtcTime: 2024-08-20 20:30:09.198
ProcessGuid: {ca24abc9-ee08-66c4-2094-000000001900}
ProcessId: 28596
PipeName: <Anonymous Pipe>
Image: C:\Windows\Microsoft.NET\Framework64\v4.0.30319\ngen.exe
User: NT AUTHORITY\SYSTEM"
5301,MY-CAL-WIN10.my-caldera.local,17,"Pipe Created:
RuleName: -
EventType: CreatePipe
UtcTime: 2024-08-20 20:30:09.315
ProcessGuid: {ca24abc9-ee08-66c4-2094-000000001900}
ProcessId: 28596
PipeName: <Anonymous Pipe>
Image: C:\Windows\Microsoft.NET\Framework64\v4.0.30319\ngen.exe
User: NT AUTHORITY\SYSTEM"
5302,MY-CAL-WIN10.my-caldera.local,17,"Pipe Created:
RuleName: -
EventType: CreatePipe
UtcTime: 2024-08-20 20:40:21.016
ProcessGuid: {ca24abc9-ff17-66c4-c898-000000001900}
ProcessId: 27552
PipeName: \CPFATP_27552_v4.0.30319
Image: C:\Program Files\Microsoft Visual Studio\2022\Community\Common7\IDE\devenv.exe
User: MY-CALDERA\johnny.douche"
5303,MY-CAL-WIN10.my-caldera.local,17,"Pipe Created:
RuleName: -
EventType: CreatePipe
UtcTime: 2024-08-20 20:40:21.010
ProcessGuid: {ca24abc9-ff17-66c4-c998-000000001900}
ProcessId: 7076
PipeName: \CPFATP_7076_v4.0.30319
Image: C:\Program Files\Microsoft Visual Studio\2022\Community\Common7\IDE\devenv.exe
User: MY-CAL-WIN10\Johnny Douche"
5304,MY-CAL-WIN10.my-caldera.local,17,"Pipe Created:
RuleName: -
EventType: CreatePipe
UtcTime: 2024-08-20 20:00:48.643
ProcessGuid: {ca24abc9-ee08-66c4-2094-000000001900}
ProcessId: 28596
PipeName: <Anonymous Pipe>
Image: C:\Windows\Microsoft.NET\Framework64\v4.0.30319\ngen.exe
User: NT AUTHORITY\SYSTEM"
5305,MY-CAL-WIN10.my-caldera.local,17,"Pipe Created:
RuleName: -
EventType: CreatePipe
UtcTime: 2024-08-20 20:00:49.753
ProcessGuid: {ca24abc9-ee08-66c4-2094-000000001900}
ProcessId: 28596
PipeName: <Anonymous Pipe>
Image: C:\Windows\Microsoft.NET\Framework64\v4.0.30319\ngen.exe
User: NT AUTHORITY\SYSTEM"
5306,MY-CAL-WIN10.my-caldera.local,17,"Pipe Created:
RuleName: -
EventType: CreatePipe
UtcTime: 2024-08-20 20:00:46.291
ProcessGuid: {ca24abc9-ee08-66c4-2094-000000001900}
ProcessId: 28596
PipeName: <Anonymous Pipe>
Image: C:\Windows\Microsoft.NET\Framework64\v4.0.30319\ngen.exe
User: NT AUTHORITY\SYSTEM"
5307,MY-CAL-WIN10.my-caldera.local,17,"Pipe Created:
RuleName: -
EventType: CreatePipe
UtcTime: 2024-08-20 20:00:43.246
ProcessGuid: {ca24abc9-ee08-66c4-2094-000000001900}
ProcessId: 28596
PipeName: <Anonymous Pipe>
Image: C:\Windows\Microsoft.NET\Framework64\v4.0.30319\ngen.exe
User: NT AUTHORITY\SYSTEM"
5308,MY-CAL-WIN10.my-caldera.local,17,"Pipe Created:
RuleName: -
EventType: CreatePipe
UtcTime: 2024-08-20 20:01:17.403
ProcessGuid: {ca24abc9-ee08-66c4-2094-000000001900}
ProcessId: 28596
PipeName: <Anonymous Pipe>
Image: C:\Windows\Microsoft.NET\Framework64\v4.0.30319\ngen.exe
User: NT AUTHORITY\SYSTEM"
5309,MY-CAL-WIN10.my-caldera.local,17,"Pipe Created:
RuleName: -
EventType: CreatePipe
UtcTime: 2024-08-20 20:01:41.183
ProcessGuid: {ca24abc9-ee08-66c4-2094-000000001900}
ProcessId: 28596
PipeName: <Anonymous Pipe>
Image: C:\Windows\Microsoft.NET\Framework64\v4.0.30319\ngen.exe
User: NT AUTHORITY\SYSTEM"
5310,MY-CAL-WIN10.my-caldera.local,17,"Pipe Created:
RuleName: -
EventType: CreatePipe
UtcTime: 2024-08-20 20:01:16.108
ProcessGuid: {ca24abc9-ee08-66c4-2094-000000001900}
ProcessId: 28596
PipeName: <Anonymous Pipe>
Image: C:\Windows\Microsoft.NET\Framework64\v4.0.30319\ngen.exe
User: NT AUTHORITY\SYSTEM"
5311,MY-CAL-WIN10.my-caldera.local,17,"Pipe Created:
RuleName: -
EventType: CreatePipe
UtcTime: 2024-08-20 20:03:12.812
ProcessGuid: {ca24abc9-ee08-66c4-2094-000000001900}
ProcessId: 28596
PipeName: <Anonymous Pipe>
Image: C:\Windows\Microsoft.NET\Framework64\v4.0.30319\ngen.exe
User: NT AUTHORITY\SYSTEM"
5312,MY-CAL-WIN10.my-caldera.local,17,"Pipe Created:
RuleName: -
EventType: CreatePipe
UtcTime: 2024-08-20 20:03:26.631
ProcessGuid: {ca24abc9-ee08-66c4-2094-000000001900}
ProcessId: 28596
PipeName: <Anonymous Pipe>
Image: C:\Windows\Microsoft.NET\Framework64\v4.0.30319\ngen.exe
User: NT AUTHORITY\SYSTEM"
5313,MY-CAL-WIN10.my-caldera.local,17,"Pipe Created:
RuleName: -
EventType: CreatePipe
UtcTime: 2024-08-20 20:03:30.361
ProcessGuid: {ca24abc9-ee08-66c4-2094-000000001900}
ProcessId: 28596
PipeName: <Anonymous Pipe>
Image: C:\Windows\Microsoft.NET\Framework64\v4.0.30319\ngen.exe
User: NT AUTHORITY\SYSTEM"
5314,MY-CAL-WIN10.my-caldera.local,17,"Pipe Created:
RuleName: -
EventType: CreatePipe
UtcTime: 2024-08-20 20:04:05.767
ProcessGuid: {ca24abc9-ee08-66c4-2094-000000001900}
ProcessId: 28596
PipeName: <Anonymous Pipe>
Image: C:\Windows\Microsoft.NET\Framework64\v4.0.30319\ngen.exe
User: NT AUTHORITY\SYSTEM"
5315,MY-CAL-WIN10.my-caldera.local,17,"Pipe Created:
RuleName: -
EventType: CreatePipe
UtcTime: 2024-08-20 20:04:35.334
ProcessGuid: {ca24abc9-ee08-66c4-2094-000000001900}
ProcessId: 28596
PipeName: <Anonymous Pipe>
Image: C:\Windows\Microsoft.NET\Framework64\v4.0.30319\ngen.exe
User: NT AUTHORITY\SYSTEM"
5316,MY-CAL-WIN10.my-caldera.local,17,"Pipe Created:
RuleName: -
EventType: CreatePipe
UtcTime: 2024-08-20 20:04:55.644
ProcessGuid: {ca24abc9-ee08-66c4-2094-000000001900}
ProcessId: 28596
PipeName: <Anonymous Pipe>
Image: C:\Windows\Microsoft.NET\Framework64\v4.0.30319\ngen.exe
User: NT AUTHORITY\SYSTEM"
5317,MY-CAL-WIN10.my-caldera.local,17,"Pipe Created:
RuleName: -
EventType: CreatePipe
UtcTime: 2024-08-20 20:05:07.396
ProcessGuid: {ca24abc9-ee08-66c4-2094-000000001900}
ProcessId: 28596
PipeName: <Anonymous Pipe>
Image: C:\Windows\Microsoft.NET\Framework64\v4.0.30319\ngen.exe
User: NT AUTHORITY\SYSTEM"
5318,MY-CAL-WIN10.my-caldera.local,17,"Pipe Created:
RuleName: -
EventType: CreatePipe
UtcTime: 2024-08-20 20:05:07.603
ProcessGuid: {ca24abc9-ee08-66c4-2094-000000001900}
ProcessId: 28596
PipeName: <Anonymous Pipe>
Image: C:\Windows\Microsoft.NET\Framework64\v4.0.30319\ngen.exe
User: NT AUTHORITY\SYSTEM"
5319,MY-CAL-WIN10.my-caldera.local,17,"Pipe Created:
RuleName: -
EventType: CreatePipe
UtcTime: 2024-08-20 20:05:54.775
ProcessGuid: {ca24abc9-ee08-66c4-2094-000000001900}
ProcessId: 28596
PipeName: <Anonymous Pipe>
Image: C:\Windows\Microsoft.NET\Framework64\v4.0.30319\ngen.exe
User: NT AUTHORITY\SYSTEM"
5320,MY-CAL-WIN10.my-caldera.local,17,"Pipe Created:
RuleName: -
EventType: CreatePipe
UtcTime: 2024-08-20 20:06:21.122
ProcessGuid: {ca24abc9-ee08-66c4-2094-000000001900}
ProcessId: 28596
PipeName: <Anonymous Pipe>
Image: C:\Windows\Microsoft.NET\Framework64\v4.0.30319\ngen.exe
User: NT AUTHORITY\SYSTEM"
5321,MY-CAL-WIN10.my-caldera.local,17,"Pipe Created:
RuleName: -
EventType: CreatePipe
UtcTime: 2024-08-20 20:06:19.172
ProcessGuid: {ca24abc9-ee08-66c4-2094-000000001900}
ProcessId: 28596
PipeName: <Anonymous Pipe>
Image: C:\Windows\Microsoft.NET\Framework64\v4.0.30319\ngen.exe
User: NT AUTHORITY\SYSTEM"
5322,MY-CAL-WIN10.my-caldera.local,17,"Pipe Created:
RuleName: -
EventType: CreatePipe
UtcTime: 2024-08-20 20:07:01.769
ProcessGuid: {ca24abc9-ee08-66c4-2094-000000001900}
ProcessId: 28596
PipeName: <Anonymous Pipe>
Image: C:\Windows\Microsoft.NET\Framework64\v4.0.30319\ngen.exe
User: NT AUTHORITY\SYSTEM"
5323,MY-CAL-WIN10.my-caldera.local,17,"Pipe Created:
RuleName: -
EventType: CreatePipe
UtcTime: 2024-08-20 20:07:09.552
ProcessGuid: {ca24abc9-ee08-66c4-2094-000000001900}
ProcessId: 28596
PipeName: <Anonymous Pipe>
Image: C:\Windows\Microsoft.NET\Framework64\v4.0.30319\ngen.exe
User: NT AUTHORITY\SYSTEM"
5324,MY-CAL-WIN10.my-caldera.local,17,"Pipe Created:
RuleName: -
EventType: CreatePipe
UtcTime: 2024-08-20 20:07:10.126
ProcessGuid: {ca24abc9-ee08-66c4-2094-000000001900}
ProcessId: 28596
PipeName: <Anonymous Pipe>
Image: C:\Windows\Microsoft.NET\Framework64\v4.0.30319\ngen.exe
User: NT AUTHORITY\SYSTEM"
5325,MY-CAL-WIN10.my-caldera.local,17,"Pipe Created:
RuleName: -
EventType: CreatePipe
UtcTime: 2024-08-20 20:07:24.493
ProcessGuid: {ca24abc9-ee08-66c4-2094-000000001900}
ProcessId: 28596
PipeName: <Anonymous Pipe>
Image: C:\Windows\Microsoft.NET\Framework64\v4.0.30319\ngen.exe
User: NT AUTHORITY\SYSTEM"
5326,MY-CAL-WIN10.my-caldera.local,17,"Pipe Created:
RuleName: -
EventType: CreatePipe
UtcTime: 2024-08-20 20:07:23.826
ProcessGuid: {ca24abc9-ee08-66c4-2094-000000001900}
ProcessId: 28596
PipeName: <Anonymous Pipe>
Image: C:\Windows\Microsoft.NET\Framework64\v4.0.30319\ngen.exe
User: NT AUTHORITY\SYSTEM"
5327,MY-CAL-WIN10.my-caldera.local,17,"Pipe Created:
RuleName: -
EventType: CreatePipe
UtcTime: 2024-08-20 20:07:33.715
ProcessGuid: {ca24abc9-ee08-66c4-2094-000000001900}
ProcessId: 28596
PipeName: <Anonymous Pipe>
Image: C:\Windows\Microsoft.NET\Framework64\v4.0.30319\ngen.exe
User: NT AUTHORITY\SYSTEM"
5328,MY-CAL-WIN10.my-caldera.local,17,"Pipe Created:
RuleName: -
EventType: CreatePipe
UtcTime: 2024-08-20 20:07:33.891
ProcessGuid: {ca24abc9-ee08-66c4-2094-000000001900}
ProcessId: 28596
PipeName: <Anonymous Pipe>
Image: C:\Windows\Microsoft.NET\Framework64\v4.0.30319\ngen.exe
User: NT AUTHORITY\SYSTEM"
5329,MY-CAL-WIN10.my-caldera.local,17,"Pipe Created:
RuleName: -
EventType: CreatePipe
UtcTime: 2024-08-20 20:07:34.125
ProcessGuid: {ca24abc9-ee08-66c4-2094-000000001900}
ProcessId: 28596
PipeName: <Anonymous Pipe>
Image: C:\Windows\Microsoft.NET\Framework64\v4.0.30319\ngen.exe
User: NT AUTHORITY\SYSTEM"
5330,MY-CAL-WIN10.my-caldera.local,17,"Pipe Created:
RuleName: -
EventType: CreatePipe
UtcTime: 2024-08-20 20:07:34.230
ProcessGuid: {ca24abc9-ee08-66c4-2094-000000001900}
ProcessId: 28596
PipeName: <Anonymous Pipe>
Image: C:\Windows\Microsoft.NET\Framework64\v4.0.30319\ngen.exe
User: NT AUTHORITY\SYSTEM"
5331,MY-CAL-WIN10.my-caldera.local,17,"Pipe Created:
RuleName: -
EventType: CreatePipe
UtcTime: 2024-08-20 20:07:34.432
ProcessGuid: {ca24abc9-ee08-66c4-2094-000000001900}
ProcessId: 28596
PipeName: <Anonymous Pipe>
Image: C:\Windows\Microsoft.NET\Framework64\v4.0.30319\ngen.exe
User: NT AUTHORITY\SYSTEM"
5332,MY-CAL-WIN10.my-caldera.local,17,"Pipe Created:
RuleName: -
EventType: CreatePipe
UtcTime: 2024-08-20 20:07:33.488
ProcessGuid: {ca24abc9-ee08-66c4-2094-000000001900}
ProcessId: 28596
PipeName: <Anonymous Pipe>
Image: C:\Windows\Microsoft.NET\Framework64\v4.0.30319\ngen.exe
User: NT AUTHORITY\SYSTEM"
5333,MY-CAL-WIN10.my-caldera.local,17,"Pipe Created:
RuleName: -
EventType: CreatePipe
UtcTime: 2024-08-20 20:07:34.530
ProcessGuid: {ca24abc9-ee08-66c4-2094-000000001900}
ProcessId: 28596
PipeName: <Anonymous Pipe>
Image: C:\Windows\Microsoft.NET\Framework64\v4.0.30319\ngen.exe
User: NT AUTHORITY\SYSTEM"
5334,MY-CAL-WIN10.my-caldera.local,17,"Pipe Created:
RuleName: -
EventType: CreatePipe
UtcTime: 2024-08-20 20:07:32.835
ProcessGuid: {ca24abc9-ee08-66c4-2094-000000001900}
ProcessId: 28596
PipeName: <Anonymous Pipe>
Image: C:\Windows\Microsoft.NET\Framework64\v4.0.30319\ngen.exe
User: NT AUTHORITY\SYSTEM"
5335,MY-CAL-WIN10.my-caldera.local,17,"Pipe Created:
RuleName: -
EventType: CreatePipe
UtcTime: 2024-08-20 20:07:34.673
ProcessGuid: {ca24abc9-ee08-66c4-2094-000000001900}
ProcessId: 28596
PipeName: <Anonymous Pipe>
Image: C:\Windows\Microsoft.NET\Framework64\v4.0.30319\ngen.exe
User: NT AUTHORITY\SYSTEM"
5336,MY-CAL-WIN10.my-caldera.local,17,"Pipe Created:
RuleName: -
EventType: CreatePipe
UtcTime: 2024-08-20 20:07:32.181
ProcessGuid: {ca24abc9-ee08-66c4-2094-000000001900}
ProcessId: 28596
PipeName: <Anonymous Pipe>
Image: C:\Windows\Microsoft.NET\Framework64\v4.0.30319\ngen.exe
User: NT AUTHORITY\SYSTEM"
5337,MY-CAL-WIN10.my-caldera.local,17,"Pipe Created:
RuleName: -
EventType: CreatePipe
UtcTime: 2024-08-20 20:07:44.282
ProcessGuid: {ca24abc9-ee08-66c4-2094-000000001900}
ProcessId: 28596
PipeName: <Anonymous Pipe>
Image: C:\Windows\Microsoft.NET\Framework64\v4.0.30319\ngen.exe
User: NT AUTHORITY\SYSTEM"
5338,MY-CAL-WIN10.my-caldera.local,17,"Pipe Created:
RuleName: -
EventType: CreatePipe
UtcTime: 2024-08-20 20:07:45.961
ProcessGuid: {ca24abc9-ee08-66c4-2094-000000001900}
ProcessId: 28596
PipeName: <Anonymous Pipe>
Image: C:\Windows\Microsoft.NET\Framework64\v4.0.30319\ngen.exe
User: NT AUTHORITY\SYSTEM"
5339,MY-CAL-WIN10.my-caldera.local,17,"Pipe Created:
RuleName: -
EventType: CreatePipe
UtcTime: 2024-08-20 20:07:37.665
ProcessGuid: {ca24abc9-ee08-66c4-2094-000000001900}
ProcessId: 28596
PipeName: <Anonymous Pipe>
Image: C:\Windows\Microsoft.NET\Framework64\v4.0.30319\ngen.exe
User: NT AUTHORITY\SYSTEM"
5340,MY-CAL-WIN10.my-caldera.local,17,"Pipe Created:
RuleName: -
EventType: CreatePipe
UtcTime: 2024-08-20 20:08:16.703
ProcessGuid: {ca24abc9-ee08-66c4-2094-000000001900}
ProcessId: 28596
PipeName: <Anonymous Pipe>
Image: C:\Windows\Microsoft.NET\Framework64\v4.0.30319\ngen.exe
User: NT AUTHORITY\SYSTEM"
5341,MY-CAL-WIN10.my-caldera.local,17,"Pipe Created:
RuleName: -
EventType: CreatePipe
UtcTime: 2024-08-20 20:08:31.661
ProcessGuid: {ca24abc9-ee08-66c4-2094-000000001900}
ProcessId: 28596
PipeName: <Anonymous Pipe>
Image: C:\Windows\Microsoft.NET\Framework64\v4.0.30319\ngen.exe
User: NT AUTHORITY\SYSTEM"
5342,MY-CAL-WIN10.my-caldera.local,17,"Pipe Created:
RuleName: -
EventType: CreatePipe
UtcTime: 2024-08-20 20:08:33.784
ProcessGuid: {ca24abc9-ee08-66c4-2094-000000001900}
ProcessId: 28596
PipeName: <Anonymous Pipe>
Image: C:\Windows\Microsoft.NET\Framework64\v4.0.30319\ngen.exe
User: NT AUTHORITY\SYSTEM"
5343,MY-CAL-WIN10.my-caldera.local,17,"Pipe Created:
RuleName: -
EventType: CreatePipe
UtcTime: 2024-08-20 20:08:32.962
ProcessGuid: {ca24abc9-ee08-66c4-2094-000000001900}
ProcessId: 28596
PipeName: <Anonymous Pipe>
Image: C:\Windows\Microsoft.NET\Framework64\v4.0.30319\ngen.exe
User: NT AUTHORITY\SYSTEM"
5344,MY-CAL-WIN10.my-caldera.local,17,"Pipe Created:
RuleName: -
EventType: CreatePipe
UtcTime: 2024-08-20 20:08:32.355
ProcessGuid: {ca24abc9-ee08-66c4-2094-000000001900}
ProcessId: 28596
PipeName: <Anonymous Pipe>
Image: C:\Windows\Microsoft.NET\Framework64\v4.0.30319\ngen.exe
User: NT AUTHORITY\SYSTEM"
5345,MY-CAL-WIN10.my-caldera.local,17,"Pipe Created:
RuleName: -
EventType: CreatePipe
UtcTime: 2024-08-20 20:08:32.597
ProcessGuid: {ca24abc9-ee08-66c4-2094-000000001900}
ProcessId: 28596
PipeName: <Anonymous Pipe>
Image: C:\Windows\Microsoft.NET\Framework64\v4.0.30319\ngen.exe
User: NT AUTHORITY\SYSTEM"
5346,MY-CAL-WIN10.my-caldera.local,17,"Pipe Created:
RuleName: -
EventType: CreatePipe
UtcTime: 2024-08-20 20:08:50.224
ProcessGuid: {ca24abc9-ee08-66c4-2094-000000001900}
ProcessId: 28596
PipeName: <Anonymous Pipe>
Image: C:\Windows\Microsoft.NET\Framework64\v4.0.30319\ngen.exe
User: NT AUTHORITY\SYSTEM"
5347,MY-CAL-WIN10.my-caldera.local,17,"Pipe Created:
RuleName: -
EventType: CreatePipe
UtcTime: 2024-08-20 20:09:29.032
ProcessGuid: {ca24abc9-ee08-66c4-2094-000000001900}
ProcessId: 28596
PipeName: <Anonymous Pipe>
Image: C:\Windows\Microsoft.NET\Framework64\v4.0.30319\ngen.exe
User: NT AUTHORITY\SYSTEM"
5348,MY-CAL-WIN10.my-caldera.local,17,"Pipe Created:
RuleName: -
EventType: CreatePipe
UtcTime: 2024-08-20 20:09:52.934
ProcessGuid: {ca24abc9-ee08-66c4-2094-000000001900}
ProcessId: 28596
PipeName: <Anonymous Pipe>
Image: C:\Windows\Microsoft.NET\Framework64\v4.0.30319\ngen.exe
User: NT AUTHORITY\SYSTEM"
5349,MY-CAL-WIN10.my-caldera.local,17,"Pipe Created:
RuleName: -
EventType: CreatePipe
UtcTime: 2024-08-20 20:10:17.934
ProcessGuid: {ca24abc9-ee08-66c4-2094-000000001900}
ProcessId: 28596
PipeName: <Anonymous Pipe>
Image: C:\Windows\Microsoft.NET\Framework64\v4.0.30319\ngen.exe
User: NT AUTHORITY\SYSTEM"
5350,MY-CAL-WIN10.my-caldera.local,17,"Pipe Created:
RuleName: -
EventType: CreatePipe
UtcTime: 2024-08-20 20:10:45.482
ProcessGuid: {ca24abc9-ee08-66c4-2094-000000001900}
ProcessId: 28596
PipeName: <Anonymous Pipe>
Image: C:\Windows\Microsoft.NET\Framework64\v4.0.30319\ngen.exe
User: NT AUTHORITY\SYSTEM"
5351,MY-CAL-WIN10.my-caldera.local,17,"Pipe Created:
RuleName: -
EventType: CreatePipe
UtcTime: 2024-08-20 20:10:43.868
ProcessGuid: {ca24abc9-ee08-66c4-2094-000000001900}
ProcessId: 28596
PipeName: <Anonymous Pipe>
Image: C:\Windows\Microsoft.NET\Framework64\v4.0.30319\ngen.exe
User: NT AUTHORITY\SYSTEM"
5352,MY-CAL-WIN10.my-caldera.local,17,"Pipe Created:
RuleName: -
EventType: CreatePipe
UtcTime: 2024-08-20 20:10:55.138
ProcessGuid: {ca24abc9-ee08-66c4-2094-000000001900}
ProcessId: 28596
PipeName: <Anonymous Pipe>
Image: C:\Windows\Microsoft.NET\Framework64\v4.0.30319\ngen.exe
User: NT AUTHORITY\SYSTEM"
5353,MY-CAL-WIN10.my-caldera.local,17,"Pipe Created:
RuleName: -
EventType: CreatePipe
UtcTime: 2024-08-20 20:10:56.151
ProcessGuid: {ca24abc9-ee08-66c4-2094-000000001900}
ProcessId: 28596
PipeName: <Anonymous Pipe>
Image: C:\Windows\Microsoft.NET\Framework64\v4.0.30319\ngen.exe
User: NT AUTHORITY\SYSTEM"
5354,MY-CAL-WIN10.my-caldera.local,17,"Pipe Created:
RuleName: -
EventType: CreatePipe
UtcTime: 2024-08-20 20:11:08.942
ProcessGuid: {ca24abc9-ee08-66c4-2094-000000001900}
ProcessId: 28596
PipeName: <Anonymous Pipe>
Image: C:\Windows\Microsoft.NET\Framework64\v4.0.30319\ngen.exe
User: NT AUTHORITY\SYSTEM"
5355,MY-CAL-WIN10.my-caldera.local,17,"Pipe Created:
RuleName: -
EventType: CreatePipe
UtcTime: 2024-08-20 20:11:12.064
ProcessGuid: {ca24abc9-ee08-66c4-2094-000000001900}
ProcessId: 28596
PipeName: <Anonymous Pipe>
Image: C:\Windows\Microsoft.NET\Framework64\v4.0.30319\ngen.exe
User: NT AUTHORITY\SYSTEM"
5356,MY-CAL-WIN10.my-caldera.local,17,"Pipe Created:
RuleName: -
EventType: CreatePipe
UtcTime: 2024-08-20 20:11:08.328
ProcessGuid: {ca24abc9-ee08-66c4-2094-000000001900}
ProcessId: 28596
PipeName: <Anonymous Pipe>
Image: C:\Windows\Microsoft.NET\Framework64\v4.0.30319\ngen.exe
User: NT AUTHORITY\SYSTEM"
5357,MY-CAL-WIN10.my-caldera.local,17,"Pipe Created:
RuleName: -
EventType: CreatePipe
UtcTime: 2024-08-20 20:11:30.550
ProcessGuid: {ca24abc9-ee08-66c4-2094-000000001900}
ProcessId: 28596
PipeName: <Anonymous Pipe>
Image: C:\Windows\Microsoft.NET\Framework64\v4.0.30319\ngen.exe
User: NT AUTHORITY\SYSTEM"
5358,MY-CAL-WIN10.my-caldera.local,17,"Pipe Created:
RuleName: -
EventType: CreatePipe
UtcTime: 2024-08-20 20:11:31.159
ProcessGuid: {ca24abc9-ee08-66c4-2094-000000001900}
ProcessId: 28596
PipeName: <Anonymous Pipe>
Image: C:\Windows\Microsoft.NET\Framework64\v4.0.30319\ngen.exe
User: NT AUTHORITY\SYSTEM"
5359,MY-CAL-WIN10.my-caldera.local,17,"Pipe Created:
RuleName: -
EventType: CreatePipe
UtcTime: 2024-08-20 20:11:36.763
ProcessGuid: {ca24abc9-ee08-66c4-2094-000000001900}
ProcessId: 28596
PipeName: <Anonymous Pipe>
Image: C:\Windows\Microsoft.NET\Framework64\v4.0.30319\ngen.exe
User: NT AUTHORITY\SYSTEM"
5360,MY-CAL-WIN10.my-caldera.local,17,"Pipe Created:
RuleName: -
EventType: CreatePipe
UtcTime: 2024-08-20 20:11:37.095
ProcessGuid: {ca24abc9-ee08-66c4-2094-000000001900}
ProcessId: 28596
PipeName: <Anonymous Pipe>
Image: C:\Windows\Microsoft.NET\Framework64\v4.0.30319\ngen.exe
User: NT AUTHORITY\SYSTEM"
5361,MY-CAL-WIN10.my-caldera.local,17,"Pipe Created:
RuleName: -
EventType: CreatePipe
UtcTime: 2024-08-20 20:11:49.249
ProcessGuid: {ca24abc9-ee08-66c4-2094-000000001900}
ProcessId: 28596
PipeName: <Anonymous Pipe>
Image: C:\Windows\Microsoft.NET\Framework64\v4.0.30319\ngen.exe
User: NT AUTHORITY\SYSTEM"
5362,MY-CAL-WIN10.my-caldera.local,17,"Pipe Created:
RuleName: -
EventType: CreatePipe
UtcTime: 2024-08-20 20:11:50.230
ProcessGuid: {ca24abc9-ee08-66c4-2094-000000001900}
ProcessId: 28596
PipeName: <Anonymous Pipe>
Image: C:\Windows\Microsoft.NET\Framework64\v4.0.30319\ngen.exe
User: NT AUTHORITY\SYSTEM"
5363,MY-CAL-WIN10.my-caldera.local,17,"Pipe Created:
RuleName: -
EventType: CreatePipe
UtcTime: 2024-08-20 20:11:48.687
ProcessGuid: {ca24abc9-ee08-66c4-2094-000000001900}
ProcessId: 28596
PipeName: <Anonymous Pipe>
Image: C:\Windows\Microsoft.NET\Framework64\v4.0.30319\ngen.exe
User: NT AUTHORITY\SYSTEM"
5364,MY-CAL-WIN10.my-caldera.local,17,"Pipe Created:
RuleName: -
EventType: CreatePipe
UtcTime: 2024-08-20 20:11:57.927
ProcessGuid: {ca24abc9-ee08-66c4-2094-000000001900}
ProcessId: 28596
PipeName: <Anonymous Pipe>
Image: C:\Windows\Microsoft.NET\Framework64\v4.0.30319\ngen.exe
User: NT AUTHORITY\SYSTEM"
5365,MY-CAL-WIN10.my-caldera.local,17,"Pipe Created:
RuleName: -
EventType: CreatePipe
UtcTime: 2024-08-20 20:12:43.957
ProcessGuid: {ca24abc9-ee08-66c4-2094-000000001900}
ProcessId: 28596
PipeName: <Anonymous Pipe>
Image: C:\Windows\Microsoft.NET\Framework64\v4.0.30319\ngen.exe
User: NT AUTHORITY\SYSTEM"
5366,MY-CAL-WIN10.my-caldera.local,17,"Pipe Created:
RuleName: -
EventType: CreatePipe
UtcTime: 2024-08-20 20:13:07.486
ProcessGuid: {ca24abc9-ee08-66c4-2094-000000001900}
ProcessId: 28596
PipeName: <Anonymous Pipe>
Image: C:\Windows\Microsoft.NET\Framework64\v4.0.30319\ngen.exe
User: NT AUTHORITY\SYSTEM"
5367,MY-CAL-WIN10.my-caldera.local,17,"Pipe Created:
RuleName: -
EventType: CreatePipe
UtcTime: 2024-08-20 21:18:15.907
ProcessGuid: {ca24abc9-0817-66c5-3399-000000001900}
ProcessId: 18304
PipeName: \dotnet-diagnostic-18304
Image: C:\Program Files\WindowsApps\Microsoft.YourPhone_1.24042.107.0_x64__8wekyb3d8bbwe\PhoneExperienceHost.exe
User: MY-CAL-WIN10\Johnny Douche"
5368,MY-CAL-WIN10.my-caldera.local,17,"Pipe Created:
RuleName: -
EventType: CreatePipe
UtcTime: 2024-08-20 22:34:13.377
ProcessGuid: {ca24abc9-19cf-66c5-0c9a-000000001900}
ProcessId: 20284
PipeName: <Anonymous Pipe>
Image: C:\Windows\system32\WindowsPowerShell\v1.0\powershell.exe
User: NT AUTHORITY\SYSTEM"
5369,MY-CAL-WIN10.my-caldera.local,17,"Pipe Created:
RuleName: -
EventType: CreatePipe
UtcTime: 2024-08-20 22:34:13.461
ProcessGuid: {ca24abc9-19cf-66c5-0c9a-000000001900}
ProcessId: 20284
PipeName: <Anonymous Pipe>
Image: C:\Windows\system32\WindowsPowerShell\v1.0\powershell.exe
User: NT AUTHORITY\SYSTEM"
5370,MY-CAL-WIN10.my-caldera.local,17,"Pipe Created:
RuleName: -
EventType: CreatePipe
UtcTime: 2024-08-20 22:34:13.424
ProcessGuid: {ca24abc9-19cf-66c5-0c9a-000000001900}
ProcessId: 20284
PipeName: <Anonymous Pipe>
Image: C:\Windows\system32\WindowsPowerShell\v1.0\powershell.exe
User: NT AUTHORITY\SYSTEM"
5371,MY-CAL-WIN10.my-caldera.local,17,"Pipe Created:
RuleName: -
EventType: CreatePipe
UtcTime: 2024-08-20 22:34:26.401
ProcessGuid: {ca24abc9-19cf-66c5-0c9a-000000001900}
ProcessId: 20284
PipeName: <Anonymous Pipe>
Image: C:\Windows\system32\WindowsPowerShell\v1.0\powershell.exe
User: NT AUTHORITY\SYSTEM"
5372,MY-CAL-WIN10.my-caldera.local,17,"Pipe Created:
RuleName: -
EventType: CreatePipe
UtcTime: 2024-08-20 22:34:26.474
ProcessGuid: {ca24abc9-19cf-66c5-0c9a-000000001900}
ProcessId: 20284
PipeName: <Anonymous Pipe>
Image: C:\Windows\system32\WindowsPowerShell\v1.0\powershell.exe
User: NT AUTHORITY\SYSTEM"
5373,MY-CAL-WIN10.my-caldera.local,17,"Pipe Created:
RuleName: -
EventType: CreatePipe
UtcTime: 2024-08-20 22:34:26.808
ProcessGuid: {ca24abc9-19cf-66c5-0c9a-000000001900}
ProcessId: 20284
PipeName: <Anonymous Pipe>
Image: C:\Windows\system32\WindowsPowerShell\v1.0\powershell.exe
User: NT AUTHORITY\SYSTEM"
5374,MY-CAL-WIN10.my-caldera.local,17,"Pipe Created:
RuleName: -
EventType: CreatePipe
UtcTime: 2024-08-20 22:34:26.837
ProcessGuid: {ca24abc9-19cf-66c5-0c9a-000000001900}
ProcessId: 20284
PipeName: <Anonymous Pipe>
Image: C:\Windows\system32\WindowsPowerShell\v1.0\powershell.exe
User: NT AUTHORITY\SYSTEM"
5375,MY-CAL-WIN10.my-caldera.local,17,"Pipe Created:
RuleName: -
EventType: CreatePipe
UtcTime: 2024-08-20 22:34:26.869
ProcessGuid: {ca24abc9-19cf-66c5-0c9a-000000001900}
ProcessId: 20284
PipeName: <Anonymous Pipe>
Image: C:\Windows\system32\WindowsPowerShell\v1.0\powershell.exe
User: NT AUTHORITY\SYSTEM"
5376,MY-CAL-WIN10.my-caldera.local,17,"Pipe Created:
RuleName: -
EventType: CreatePipe
UtcTime: 2024-08-20 22:34:26.900
ProcessGuid: {ca24abc9-19cf-66c5-0c9a-000000001900}
ProcessId: 20284
PipeName: <Anonymous Pipe>
Image: C:\Windows\system32\WindowsPowerShell\v1.0\powershell.exe
User: NT AUTHORITY\SYSTEM"
5377,MY-CAL-WIN10.my-caldera.local,17,"Pipe Created:
RuleName: -
EventType: CreatePipe
UtcTime: 2024-08-20 22:34:26.929
ProcessGuid: {ca24abc9-19cf-66c5-0c9a-000000001900}
ProcessId: 20284
PipeName: <Anonymous Pipe>
Image: C:\Windows\system32\WindowsPowerShell\v1.0\powershell.exe
User: NT AUTHORITY\SYSTEM"
5378,MY-CAL-WIN10.my-caldera.local,17,"Pipe Created:
RuleName: -
EventType: CreatePipe
UtcTime: 2024-08-20 22:34:26.964
ProcessGuid: {ca24abc9-19cf-66c5-0c9a-000000001900}
ProcessId: 20284
PipeName: <Anonymous Pipe>
Image: C:\Windows\system32\WindowsPowerShell\v1.0\powershell.exe
User: NT AUTHORITY\SYSTEM"
5379,MY-CAL-WIN10.my-caldera.local,17,"Pipe Created:
RuleName: -
EventType: CreatePipe
UtcTime: 2024-08-20 22:34:27.000
ProcessGuid: {ca24abc9-19cf-66c5-0c9a-000000001900}
ProcessId: 20284
PipeName: <Anonymous Pipe>
Image: C:\Windows\system32\WindowsPowerShell\v1.0\powershell.exe
User: NT AUTHORITY\SYSTEM"
5380,MY-CAL-WIN10.my-caldera.local,17,"Pipe Created:
RuleName: -
EventType: CreatePipe
UtcTime: 2024-08-20 22:34:27.034
ProcessGuid: {ca24abc9-19cf-66c5-0c9a-000000001900}
ProcessId: 20284
PipeName: <Anonymous Pipe>
Image: C:\Windows\system32\WindowsPowerShell\v1.0\powershell.exe
User: NT AUTHORITY\SYSTEM"
5381,MY-CAL-WIN10.my-caldera.local,17,"Pipe Created:
RuleName: -
EventType: CreatePipe
UtcTime: 2024-08-20 22:34:26.579
ProcessGuid: {ca24abc9-19cf-66c5-0c9a-000000001900}
ProcessId: 20284
PipeName: <Anonymous Pipe>
Image: C:\Windows\system32\WindowsPowerShell\v1.0\powershell.exe
User: NT AUTHORITY\SYSTEM"
5382,MY-CAL-WIN10.my-caldera.local,17,"Pipe Created:
RuleName: -
EventType: CreatePipe
UtcTime: 2024-08-20 22:34:26.546
ProcessGuid: {ca24abc9-19cf-66c5-0c9a-000000001900}
ProcessId: 20284
PipeName: <Anonymous Pipe>
Image: C:\Windows\system32\WindowsPowerShell\v1.0\powershell.exe
User: NT AUTHORITY\SYSTEM"
5383,MY-CAL-WIN10.my-caldera.local,17,"Pipe Created:
RuleName: -
EventType: CreatePipe
UtcTime: 2024-08-20 22:34:26.612
ProcessGuid: {ca24abc9-19cf-66c5-0c9a-000000001900}
ProcessId: 20284
PipeName: <Anonymous Pipe>
Image: C:\Windows\system32\WindowsPowerShell\v1.0\powershell.exe
User: NT AUTHORITY\SYSTEM"
5384,MY-CAL-WIN10.my-caldera.local,17,"Pipe Created:
RuleName: -
EventType: CreatePipe
UtcTime: 2024-08-20 22:34:26.645
ProcessGuid: {ca24abc9-19cf-66c5-0c9a-000000001900}
ProcessId: 20284
PipeName: <Anonymous Pipe>
Image: C:\Windows\system32\WindowsPowerShell\v1.0\powershell.exe
User: NT AUTHORITY\SYSTEM"
5385,MY-CAL-WIN10.my-caldera.local,17,"Pipe Created:
RuleName: -
EventType: CreatePipe
UtcTime: 2024-08-20 22:34:26.680
ProcessGuid: {ca24abc9-19cf-66c5-0c9a-000000001900}
ProcessId: 20284
PipeName: <Anonymous Pipe>
Image: C:\Windows\system32\WindowsPowerShell\v1.0\powershell.exe
User: NT AUTHORITY\SYSTEM"
5386,MY-CAL-WIN10.my-caldera.local,17,"Pipe Created:
RuleName: -
EventType: CreatePipe
UtcTime: 2024-08-20 22:34:27.067
ProcessGuid: {ca24abc9-19cf-66c5-0c9a-000000001900}
ProcessId: 20284
PipeName: <Anonymous Pipe>
Image: C:\Windows\system32\WindowsPowerShell\v1.0\powershell.exe
User: NT AUTHORITY\SYSTEM"
5387,MY-CAL-WIN10.my-caldera.local,17,"Pipe Created:
RuleName: -
EventType: CreatePipe
UtcTime: 2024-08-20 22:34:26.712
ProcessGuid: {ca24abc9-19cf-66c5-0c9a-000000001900}
ProcessId: 20284
PipeName: <Anonymous Pipe>
Image: C:\Windows\system32\WindowsPowerShell\v1.0\powershell.exe
User: NT AUTHORITY\SYSTEM"
5388,MY-CAL-WIN10.my-caldera.local,17,"Pipe Created:
RuleName: -
EventType: CreatePipe
UtcTime: 2024-08-20 22:34:26.745
ProcessGuid: {ca24abc9-19cf-66c5-0c9a-000000001900}
ProcessId: 20284
PipeName: <Anonymous Pipe>
Image: C:\Windows\system32\WindowsPowerShell\v1.0\powershell.exe
User: NT AUTHORITY\SYSTEM"
5389,MY-CAL-WIN10.my-caldera.local,17,"Pipe Created:
RuleName: -
EventType: CreatePipe
UtcTime: 2024-08-20 22:34:26.775
ProcessGuid: {ca24abc9-19cf-66c5-0c9a-000000001900}
ProcessId: 20284
PipeName: <Anonymous Pipe>
Image: C:\Windows\system32\WindowsPowerShell\v1.0\powershell.exe
User: NT AUTHORITY\SYSTEM"
5390,MY-CAL-WIN10.my-caldera.local,17,"Pipe Created:
RuleName: -
EventType: CreatePipe
UtcTime: 2024-08-20 22:34:26.438
ProcessGuid: {ca24abc9-19cf-66c5-0c9a-000000001900}
ProcessId: 20284
PipeName: <Anonymous Pipe>
Image: C:\Windows\system32\WindowsPowerShell\v1.0\powershell.exe
User: NT AUTHORITY\SYSTEM"
5391,MY-CAL-WIN10.my-caldera.local,17,"Pipe Created:
RuleName: -
EventType: CreatePipe
UtcTime: 2024-08-20 22:34:26.511
ProcessGuid: {ca24abc9-19cf-66c5-0c9a-000000001900}
ProcessId: 20284
PipeName: <Anonymous Pipe>
Image: C:\Windows\system32\WindowsPowerShell\v1.0\powershell.exe
User: NT AUTHORITY\SYSTEM"
5392,MY-CAL-WIN10.my-caldera.local,17,"Pipe Created:
RuleName: -
EventType: CreatePipe
UtcTime: 2024-08-20 22:34:46.448
ProcessGuid: {ca24abc9-19cf-66c5-0c9a-000000001900}
ProcessId: 20284
PipeName: <Anonymous Pipe>
Image: C:\Windows\system32\WindowsPowerShell\v1.0\powershell.exe
User: NT AUTHORITY\SYSTEM"
5393,MY-CAL-WIN10.my-caldera.local,17,"Pipe Created:
RuleName: -
EventType: CreatePipe
UtcTime: 2024-08-20 22:34:46.379
ProcessGuid: {ca24abc9-19cf-66c5-0c9a-000000001900}
ProcessId: 20284
PipeName: <Anonymous Pipe>
Image: C:\Windows\system32\WindowsPowerShell\v1.0\powershell.exe
User: NT AUTHORITY\SYSTEM"
5394,MY-CAL-WIN10.my-caldera.local,17,"Pipe Created:
RuleName: -
EventType: CreatePipe
UtcTime: 2024-08-20 22:34:46.482
ProcessGuid: {ca24abc9-19cf-66c5-0c9a-000000001900}
ProcessId: 20284
PipeName: <Anonymous Pipe>
Image: C:\Windows\system32\WindowsPowerShell\v1.0\powershell.exe
User: NT AUTHORITY\SYSTEM"
5395,MY-CAL-WIN10.my-caldera.local,17,"Pipe Created:
RuleName: -
EventType: CreatePipe
UtcTime: 2024-08-20 22:34:46.412
ProcessGuid: {ca24abc9-19cf-66c5-0c9a-000000001900}
ProcessId: 20284
PipeName: <Anonymous Pipe>
Image: C:\Windows\system32\WindowsPowerShell\v1.0\powershell.exe
User: NT AUTHORITY\SYSTEM"
5396,MY-CAL-WIN10.my-caldera.local,17,"Pipe Created:
RuleName: -
EventType: CreatePipe
UtcTime: 2024-08-20 22:34:46.519
ProcessGuid: {ca24abc9-19cf-66c5-0c9a-000000001900}
ProcessId: 20284
PipeName: <Anonymous Pipe>
Image: C:\Windows\system32\WindowsPowerShell\v1.0\powershell.exe
User: NT AUTHORITY\SYSTEM"
5397,MY-CAL-WIN10.my-caldera.local,17,"Pipe Created:
RuleName: -
EventType: CreatePipe
UtcTime: 2024-08-20 22:34:46.552
ProcessGuid: {ca24abc9-19cf-66c5-0c9a-000000001900}
ProcessId: 20284
PipeName: <Anonymous Pipe>
Image: C:\Windows\system32\WindowsPowerShell\v1.0\powershell.exe
User: NT AUTHORITY\SYSTEM"
5398,MY-CAL-WIN10.my-caldera.local,17,"Pipe Created:
RuleName: -
EventType: CreatePipe
UtcTime: 2024-08-20 22:34:46.722
ProcessGuid: {ca24abc9-19cf-66c5-0c9a-000000001900}
ProcessId: 20284
PipeName: <Anonymous Pipe>
Image: C:\Windows\system32\WindowsPowerShell\v1.0\powershell.exe
User: NT AUTHORITY\SYSTEM"
5399,MY-CAL-WIN10.my-caldera.local,17,"Pipe Created:
RuleName: -
EventType: CreatePipe
UtcTime: 2024-08-20 22:34:46.756
ProcessGuid: {ca24abc9-19cf-66c5-0c9a-000000001900}
ProcessId: 20284
PipeName: <Anonymous Pipe>
Image: C:\Windows\system32\WindowsPowerShell\v1.0\powershell.exe
User: NT AUTHORITY\SYSTEM"
5400,MY-CAL-WIN10.my-caldera.local,17,"Pipe Created:
RuleName: -
EventType: CreatePipe
UtcTime: 2024-08-20 22:34:46.791
ProcessGuid: {ca24abc9-19cf-66c5-0c9a-000000001900}
ProcessId: 20284
PipeName: <Anonymous Pipe>
Image: C:\Windows\system32\WindowsPowerShell\v1.0\powershell.exe
User: NT AUTHORITY\SYSTEM"
5401,MY-CAL-WIN10.my-caldera.local,17,"Pipe Created:
RuleName: -
EventType: CreatePipe
UtcTime: 2024-08-20 22:34:46.824
ProcessGuid: {ca24abc9-19cf-66c5-0c9a-000000001900}
ProcessId: 20284
PipeName: <Anonymous Pipe>
Image: C:\Windows\system32\WindowsPowerShell\v1.0\powershell.exe
User: NT AUTHORITY\SYSTEM"
5402,MY-CAL-WIN10.my-caldera.local,17,"Pipe Created:
RuleName: -
EventType: CreatePipe
UtcTime: 2024-08-20 22:34:03.060
ProcessGuid: {ca24abc9-19cf-66c5-0c9a-000000001900}
ProcessId: 20284
PipeName: <Anonymous Pipe>
Image: C:\Windows\system32\WindowsPowerShell\v1.0\powershell.exe
User: NT AUTHORITY\SYSTEM"
5403,MY-CAL-WIN10.my-caldera.local,17,"Pipe Created:
RuleName: -
EventType: CreatePipe
UtcTime: 2024-08-20 22:34:03.169
ProcessGuid: {ca24abc9-19cf-66c5-0c9a-000000001900}
ProcessId: 20284
PipeName: <Anonymous Pipe>
Image: C:\Windows\system32\WindowsPowerShell\v1.0\powershell.exe
User: NT AUTHORITY\SYSTEM"
5404,MY-CAL-WIN10.my-caldera.local,17,"Pipe Created:
RuleName: -
EventType: CreatePipe
UtcTime: 2024-08-20 22:34:03.257
ProcessGuid: {ca24abc9-19cf-66c5-0c9a-000000001900}
ProcessId: 20284
PipeName: <Anonymous Pipe>
Image: C:\Windows\system32\WindowsPowerShell\v1.0\powershell.exe
User: NT AUTHORITY\SYSTEM"
5405,MY-CAL-WIN10.my-caldera.local,17,"Pipe Created:
RuleName: -
EventType: CreatePipe
UtcTime: 2024-08-20 22:34:03.311
ProcessGuid: {ca24abc9-19cf-66c5-0c9a-000000001900}
ProcessId: 20284
PipeName: <Anonymous Pipe>
Image: C:\Windows\system32\WindowsPowerShell\v1.0\powershell.exe
User: NT AUTHORITY\SYSTEM"
5406,MY-CAL-WIN10.my-caldera.local,17,"Pipe Created:
RuleName: -
EventType: CreatePipe
UtcTime: 2024-08-20 22:34:02.504
ProcessGuid: {ca24abc9-19cf-66c5-0c9a-000000001900}
ProcessId: 20284
PipeName: <Anonymous Pipe>
Image: C:\Windows\system32\WindowsPowerShell\v1.0\powershell.exe
User: NT AUTHORITY\SYSTEM"
5407,MY-CAL-WIN10.my-caldera.local,17,"Pipe Created:
RuleName: -
EventType: CreatePipe
UtcTime: 2024-08-20 22:34:05.227
ProcessGuid: {ca24abc9-19cf-66c5-0c9a-000000001900}
ProcessId: 20284
PipeName: <Anonymous Pipe>
Image: C:\Windows\system32\WindowsPowerShell\v1.0\powershell.exe
User: NT AUTHORITY\SYSTEM"
5408,MY-CAL-WIN10.my-caldera.local,17,"Pipe Created:
RuleName: -
EventType: CreatePipe
UtcTime: 2024-08-20 22:34:05.316
ProcessGuid: {ca24abc9-19cf-66c5-0c9a-000000001900}
ProcessId: 20284
PipeName: <Anonymous Pipe>
Image: C:\Windows\system32\WindowsPowerShell\v1.0\powershell.exe
User: NT AUTHORITY\SYSTEM"
5409,MY-CAL-WIN10.my-caldera.local,17,"Pipe Created:
RuleName: -
EventType: CreatePipe
UtcTime: 2024-08-20 22:34:05.350
ProcessGuid: {ca24abc9-19cf-66c5-0c9a-000000001900}
ProcessId: 20284
PipeName: <Anonymous Pipe>
Image: C:\Windows\system32\WindowsPowerShell\v1.0\powershell.exe
User: NT AUTHORITY\SYSTEM"
5410,MY-CAL-WIN10.my-caldera.local,17,"Pipe Created:
RuleName: -
EventType: CreatePipe
UtcTime: 2024-08-20 22:34:05.628
ProcessGuid: {ca24abc9-19cf-66c5-0c9a-000000001900}
ProcessId: 20284
PipeName: <Anonymous Pipe>
Image: C:\Windows\system32\WindowsPowerShell\v1.0\powershell.exe
User: NT AUTHORITY\SYSTEM"
5411,MY-CAL-WIN10.my-caldera.local,17,"Pipe Created:
RuleName: -
EventType: CreatePipe
UtcTime: 2024-08-20 22:34:05.661
ProcessGuid: {ca24abc9-19cf-66c5-0c9a-000000001900}
ProcessId: 20284
PipeName: <Anonymous Pipe>
Image: C:\Windows\system32\WindowsPowerShell\v1.0\powershell.exe
User: NT AUTHORITY\SYSTEM"
5412,MY-CAL-WIN10.my-caldera.local,17,"Pipe Created:
RuleName: -
EventType: CreatePipe
UtcTime: 2024-08-20 22:34:05.692
ProcessGuid: {ca24abc9-19cf-66c5-0c9a-000000001900}
ProcessId: 20284
PipeName: <Anonymous Pipe>
Image: C:\Windows\system32\WindowsPowerShell\v1.0\powershell.exe
User: NT AUTHORITY\SYSTEM"
5413,MY-CAL-WIN10.my-caldera.local,17,"Pipe Created:
