MY-CAL-WIN10.my-caldera.local,11,"File created:
RuleName: DO
UtcTime: 2024-08-20 00:31:43.068
ProcessGuid: {ca24abc9-e3ee-66c3-4606-000000001d00}
ProcessId: 9968
Image: C:\Program Files (x86)\Microsoft Office\Root\Office16\WINWORD.EXE
TargetFilename: C:\Users\johnny.douche\AppData\Local\Microsoft\FontCache\4\CatalogCacheMetaData2.xml
CreationUtcTime: 2024-08-20 00:14:38.197
User: MY-CALDERA\johnny.douche"
MY-CAL-WIN10.my-caldera.local,11,"File created:
RuleName: DO
UtcTime: 2024-08-20 00:31:43.070
ProcessGuid: {ca24abc9-e3ee-66c3-4606-000000001d00}
ProcessId: 9968
Image: C:\Program Files (x86)\Microsoft Office\Root\Office16\WINWORD.EXE
TargetFilename: C:\Users\johnny.douche\AppData\Local\Microsoft\FontCache\4\CatalogCacheMetaData2.xml
CreationUtcTime: 2024-08-20 00:14:38.197
User: MY-CALDERA\johnny.douche"
MY-CAL-WIN10.my-caldera.local,11,"File created:
RuleName: DO
UtcTime: 2024-08-20 00:31:43.072
ProcessGuid: {ca24abc9-e3ee-66c3-4606-000000001d00}
ProcessId: 9968
Image: C:\Program Files (x86)\Microsoft Office\Root\Office16\WINWORD.EXE
TargetFilename: C:\Users\johnny.douche\AppData\Local\Microsoft\FontCache\4\CatalogCacheMetaData2.xml
CreationUtcTime: 2024-08-20 00:14:38.197
User: MY-CALDERA\johnny.douche"
MY-CAL-WIN10.my-caldera.local,11,"File created:
RuleName: DO
UtcTime: 2024-08-20 00:31:43.074
ProcessGuid: {ca24abc9-e3ee-66c3-4606-000000001d00}
ProcessId: 9968
Image: C:\Program Files (x86)\Microsoft Office\Root\Office16\WINWORD.EXE
TargetFilename: C:\Users\johnny.douche\AppData\Local\Microsoft\FontCache\4\CatalogCacheMetaData2.xml
CreationUtcTime: 2024-08-20 00:14:38.197
User: MY-CALDERA\johnny.douche"
MY-CAL-WIN10.my-caldera.local,11,"File created:
RuleName: DO
UtcTime: 2024-08-20 00:31:43.077
ProcessGuid: {ca24abc9-e3ee-66c3-4606-000000001d00}
ProcessId: 9968
Image: C:\Program Files (x86)\Microsoft Office\Root\Office16\WINWORD.EXE
TargetFilename: C:\Users\johnny.douche\AppData\Local\Microsoft\FontCache\4\CatalogCacheMetaData2.xml
CreationUtcTime: 2024-08-20 00:14:38.197
User: MY-CALDERA\johnny.douche"
MY-CAL-WIN10.my-caldera.local,11,"File created:
RuleName: DO
UtcTime: 2024-08-20 00:31:43.079
ProcessGuid: {ca24abc9-e3ee-66c3-4606-000000001d00}
ProcessId: 9968
Image: C:\Program Files (x86)\Microsoft Office\Root\Office16\WINWORD.EXE
TargetFilename: C:\Users\johnny.douche\AppData\Local\Microsoft\FontCache\4\CatalogCacheMetaData2.xml
CreationUtcTime: 2024-08-20 00:14:38.197
User: MY-CALDERA\johnny.douche"
MY-CAL-WIN10.my-caldera.local,11,"File created:
RuleName: DO
UtcTime: 2024-08-20 00:31:43.081
ProcessGuid: {ca24abc9-e3ee-66c3-4606-000000001d00}
ProcessId: 9968
Image: C:\Program Files (x86)\Microsoft Office\Root\Office16\WINWORD.EXE
TargetFilename: C:\Users\johnny.douche\AppData\Local\Microsoft\FontCache\4\CatalogCacheMetaData2.xml
CreationUtcTime: 2024-08-20 00:14:38.197
User: MY-CALDERA\johnny.douche"
MY-CAL-WIN10.my-caldera.local,11,"File created:
RuleName: DO
UtcTime: 2024-08-20 00:31:43.084
ProcessGuid: {ca24abc9-e3ee-66c3-4606-000000001d00}
ProcessId: 9968
Image: C:\Program Files (x86)\Microsoft Office\Root\Office16\WINWORD.EXE
TargetFilename: C:\Users\johnny.douche\AppData\Local\Microsoft\FontCache\4\CatalogCacheMetaData2.xml
CreationUtcTime: 2024-08-20 00:14:38.197
User: MY-CALDERA\johnny.douche"
MY-CAL-WIN10.my-caldera.local,11,"File created:
RuleName: DO
UtcTime: 2024-08-20 00:31:43.087
ProcessGuid: {ca24abc9-e3ee-66c3-4606-000000001d00}
ProcessId: 9968
Image: C:\Program Files (x86)\Microsoft Office\Root\Office16\WINWORD.EXE
TargetFilename: C:\Users\johnny.douche\AppData\Local\Microsoft\FontCache\4\CatalogCacheMetaData2.xml
CreationUtcTime: 2024-08-20 00:14:38.197
User: MY-CALDERA\johnny.douche"
MY-CAL-WIN10.my-caldera.local,11,"File created:
RuleName: DO
UtcTime: 2024-08-20 00:31:43.089
ProcessGuid: {ca24abc9-e3ee-66c3-4606-000000001d00}
ProcessId: 9968
Image: C:\Program Files (x86)\Microsoft Office\Root\Office16\WINWORD.EXE
TargetFilename: C:\Users\johnny.douche\AppData\Local\Microsoft\FontCache\4\CatalogCacheMetaData2.xml
CreationUtcTime: 2024-08-20 00:14:38.197
User: MY-CALDERA\johnny.douche"
MY-CAL-WIN10.my-caldera.local,11,"File created:
RuleName: DO
UtcTime: 2024-08-20 00:31:43.091
ProcessGuid: {ca24abc9-e3ee-66c3-4606-000000001d00}
ProcessId: 9968
Image: C:\Program Files (x86)\Microsoft Office\Root\Office16\WINWORD.EXE
TargetFilename: C:\Users\johnny.douche\AppData\Local\Microsoft\FontCache\4\CatalogCacheMetaData2.xml
CreationUtcTime: 2024-08-20 00:14:38.197
User: MY-CALDERA\johnny.douche"
MY-CAL-WIN10.my-caldera.local,11,"File created:
RuleName: DO
UtcTime: 2024-08-20 00:31:43.093
ProcessGuid: {ca24abc9-e3ee-66c3-4606-000000001d00}
ProcessId: 9968
Image: C:\Program Files (x86)\Microsoft Office\Root\Office16\WINWORD.EXE
TargetFilename: C:\Users\johnny.douche\AppData\Local\Microsoft\FontCache\4\CatalogCacheMetaData2.xml
CreationUtcTime: 2024-08-20 00:14:38.197
User: MY-CALDERA\johnny.douche"
MY-CAL-WIN10.my-caldera.local,11,"File created:
RuleName: DO
UtcTime: 2024-08-20 00:31:43.095
ProcessGuid: {ca24abc9-e3ee-66c3-4606-000000001d00}
ProcessId: 9968
Image: C:\Program Files (x86)\Microsoft Office\Root\Office16\WINWORD.EXE
TargetFilename: C:\Users\johnny.douche\AppData\Local\Microsoft\FontCache\4\CatalogCacheMetaData2.xml
CreationUtcTime: 2024-08-20 00:14:38.197
User: MY-CALDERA\johnny.douche"
MY-CAL-WIN10.my-caldera.local,11,"File created:
RuleName: DO
UtcTime: 2024-08-20 00:31:43.053
ProcessGuid: {ca24abc9-e3ee-66c3-4606-000000001d00}
ProcessId: 9968
Image: C:\Program Files (x86)\Microsoft Office\Root\Office16\WINWORD.EXE
TargetFilename: C:\Users\johnny.douche\AppData\Local\Microsoft\FontCache\4\CatalogCacheMetaData2.xml
CreationUtcTime: 2024-08-20 00:14:38.197
User: MY-CALDERA\johnny.douche"
MY-CAL-WIN10.my-caldera.local,11,"File created:
RuleName: DO
UtcTime: 2024-08-20 00:31:43.051
ProcessGuid: {ca24abc9-e3ee-66c3-4606-000000001d00}
ProcessId: 9968
Image: C:\Program Files (x86)\Microsoft Office\Root\Office16\WINWORD.EXE
TargetFilename: C:\Users\johnny.douche\AppData\Local\Microsoft\FontCache\4\CatalogCacheMetaData2.xml
CreationUtcTime: 2024-08-20 00:14:38.197
User: MY-CALDERA\johnny.douche"
MY-CAL-WIN10.my-caldera.local,11,"File created:
RuleName: DO
UtcTime: 2024-08-20 00:31:43.055
ProcessGuid: {ca24abc9-e3ee-66c3-4606-000000001d00}
ProcessId: 9968
Image: C:\Program Files (x86)\Microsoft Office\Root\Office16\WINWORD.EXE
TargetFilename: C:\Users\johnny.douche\AppData\Local\Microsoft\FontCache\4\CatalogCacheMetaData2.xml
CreationUtcTime: 2024-08-20 00:14:38.197
User: MY-CALDERA\johnny.douche"
MY-CAL-WIN10.my-caldera.local,11,"File created:
RuleName: DO
UtcTime: 2024-08-20 00:31:43.066
ProcessGuid: {ca24abc9-e3ee-66c3-4606-000000001d00}
ProcessId: 9968
Image: C:\Program Files (x86)\Microsoft Office\Root\Office16\WINWORD.EXE
TargetFilename: C:\Users\johnny.douche\AppData\Local\Microsoft\FontCache\4\CatalogCacheMetaData2.xml
CreationUtcTime: 2024-08-20 00:14:38.197
User: MY-CALDERA\johnny.douche"
MY-CAL-WIN10.my-caldera.local,11,"File created:
RuleName: DO
UtcTime: 2024-08-20 00:31:43.049
ProcessGuid: {ca24abc9-e3ee-66c3-4606-000000001d00}
ProcessId: 9968
Image: C:\Program Files (x86)\Microsoft Office\Root\Office16\WINWORD.EXE
TargetFilename: C:\Users\johnny.douche\AppData\Local\Microsoft\FontCache\4\CatalogCacheMetaData2.xml
CreationUtcTime: 2024-08-20 00:14:38.197
User: MY-CALDERA\johnny.douche"
MY-CAL-WIN10.my-caldera.local,11,"File created:
RuleName: DO
UtcTime: 2024-08-20 00:31:43.047
ProcessGuid: {ca24abc9-e3ee-66c3-4606-000000001d00}
ProcessId: 9968
Image: C:\Program Files (x86)\Microsoft Office\Root\Office16\WINWORD.EXE
TargetFilename: C:\Users\johnny.douche\AppData\Local\Microsoft\FontCache\4\CatalogCacheMetaData2.xml
CreationUtcTime: 2024-08-20 00:14:38.197
User: MY-CALDERA\johnny.douche"
MY-CAL-WIN10.my-caldera.local,11,"File created:
RuleName: DO
UtcTime: 2024-08-20 00:31:43.044
ProcessGuid: {ca24abc9-e3ee-66c3-4606-000000001d00}
ProcessId: 9968
Image: C:\Program Files (x86)\Microsoft Office\Root\Office16\WINWORD.EXE
TargetFilename: C:\Users\johnny.douche\AppData\Local\Microsoft\FontCache\4\CatalogCacheMetaData2.xml
CreationUtcTime: 2024-08-20 00:14:38.197
User: MY-CALDERA\johnny.douche"
MY-CAL-WIN10.my-caldera.local,11,"File created:
RuleName: DO
UtcTime: 2024-08-20 00:31:43.064
ProcessGuid: {ca24abc9-e3ee-66c3-4606-000000001d00}
ProcessId: 9968
Image: C:\Program Files (x86)\Microsoft Office\Root\Office16\WINWORD.EXE
TargetFilename: C:\Users\johnny.douche\AppData\Local\Microsoft\FontCache\4\CatalogCacheMetaData2.xml
CreationUtcTime: 2024-08-20 00:14:38.197
User: MY-CALDERA\johnny.douche"
MY-CAL-WIN10.my-caldera.local,11,"File created:
RuleName: DO
UtcTime: 2024-08-20 00:31:43.059
ProcessGuid: {ca24abc9-e3ee-66c3-4606-000000001d00}
ProcessId: 9968
Image: C:\Program Files (x86)\Microsoft Office\Root\Office16\WINWORD.EXE
TargetFilename: C:\Users\johnny.douche\AppData\Local\Microsoft\FontCache\4\CatalogCacheMetaData2.xml
CreationUtcTime: 2024-08-20 00:14:38.197
User: MY-CALDERA\johnny.douche"
MY-CAL-WIN10.my-caldera.local,11,"File created:
RuleName: DO
UtcTime: 2024-08-20 00:31:59.860
ProcessGuid: {ca24abc9-e3ff-66c3-5f06-000000001d00}
ProcessId: 11212
Image: C:\Windows\System32\WindowsPowerShell\v1.0\powershell.exe
TargetFilename: C:\Users\johnny.douche\AppData\Local\Microsoft\Windows\PowerShell\StartupProfileData-NonInteractive
CreationUtcTime: 2024-03-28 01:06:06.420
User: MY-CALDERA\johnny.douche"
MY-CAL-WIN10.my-caldera.local,11,"File created:
RuleName: DO
UtcTime: 2024-08-20 00:32:02.527
ProcessGuid: {ca24abc9-e3ff-66c3-6006-000000001d00}
ProcessId: 8624
Image: C:\Windows\System32\WindowsPowerShell\v1.0\powershell.exe
TargetFilename: C:\Users\johnny.douche\AppData\Local\Microsoft\Windows\PowerShell\StartupProfileData-NonInteractive
CreationUtcTime: 2024-03-28 01:06:06.420
User: MY-CALDERA\johnny.douche"
MY-CAL-WIN10.my-caldera.local,11,"File created:
RuleName: DO
UtcTime: 2024-08-20 00:32:23.222
ProcessGuid: {ca24abc9-e416-66c3-8306-000000001d00}
ProcessId: 11004
Image: C:\Windows\System32\WindowsPowerShell\v1.0\powershell.exe
TargetFilename: C:\Users\johnny.douche\AppData\Local\Microsoft\Windows\PowerShell\StartupProfileData-NonInteractive
CreationUtcTime: 2024-03-28 01:06:06.420
User: MY-CALDERA\johnny.douche"
MY-CAL-WIN10.my-caldera.local,11,"File created:
RuleName: DO
UtcTime: 2024-08-20 00:32:24.073
ProcessGuid: {ca24abc9-e417-66c3-8406-000000001d00}
ProcessId: 10252
Image: C:\Windows\System32\WindowsPowerShell\v1.0\powershell.exe
TargetFilename: C:\Users\johnny.douche\AppData\Local\Temp\wb1lbhxg
CreationUtcTime: 2024-08-20 00:32:24.073
User: MY-CALDERA\johnny.douche"
MY-CAL-WIN10.my-caldera.local,11,"File created:
RuleName: DO
UtcTime: 2024-08-20 00:32:24.074
ProcessGuid: {ca24abc9-e417-66c3-8406-000000001d00}
ProcessId: 10252
Image: C:\Windows\System32\WindowsPowerShell\v1.0\powershell.exe
TargetFilename: C:\Users\johnny.douche\AppData\Local\Temp\wb1lbhxg\wb1lbhxg.tmp
CreationUtcTime: 2024-08-20 00:32:24.074
User: MY-CALDERA\johnny.douche"
MY-CAL-WIN10.my-caldera.local,11,"File created:
RuleName: DO
UtcTime: 2024-08-20 00:32:24.075
ProcessGuid: {ca24abc9-e417-66c3-8406-000000001d00}
ProcessId: 10252
Image: C:\Windows\System32\WindowsPowerShell\v1.0\powershell.exe
TargetFilename: C:\Users\johnny.douche\AppData\Local\Temp\wb1lbhxg\wb1lbhxg.0.cs
CreationUtcTime: 2024-08-20 00:32:24.075
User: MY-CALDERA\johnny.douche"
MY-CAL-WIN10.my-caldera.local,11,"File created:
RuleName: DLL
UtcTime: 2024-08-20 00:32:24.077
ProcessGuid: {ca24abc9-e417-66c3-8406-000000001d00}
ProcessId: 10252
Image: C:\Windows\System32\WindowsPowerShell\v1.0\powershell.exe
TargetFilename: C:\Users\johnny.douche\AppData\Local\Temp\wb1lbhxg\wb1lbhxg.dll
CreationUtcTime: 2024-08-20 00:32:24.076
User: MY-CALDERA\johnny.douche"
MY-CAL-WIN10.my-caldera.local,11,"File created:
RuleName: Sysmonv1514
UtcTime: 2024-08-20 00:32:24.077
ProcessGuid: {ca24abc9-e417-66c3-8406-000000001d00}
ProcessId: 10252
Image: C:\Windows\System32\WindowsPowerShell\v1.0\powershell.exe
TargetFilename: C:\Users\johnny.douche\AppData\Local\Temp\wb1lbhxg\wb1lbhxg.cmdline
CreationUtcTime: 2024-08-20 00:32:24.077
User: MY-CALDERA\johnny.douche"
MY-CAL-WIN10.my-caldera.local,11,"File created:
RuleName: DO
UtcTime: 2024-08-20 00:32:24.082
ProcessGuid: {ca24abc9-e417-66c3-8406-000000001d00}
ProcessId: 10252
Image: C:\Windows\System32\WindowsPowerShell\v1.0\powershell.exe
TargetFilename: C:\Users\johnny.douche\AppData\Local\Temp\wb1lbhxg\wb1lbhxg.out
CreationUtcTime: 2024-08-20 00:32:24.079
User: MY-CALDERA\johnny.douche"
MY-CAL-WIN10.my-caldera.local,11,"File created:
RuleName: DO
UtcTime: 2024-08-20 00:32:24.082
ProcessGuid: {ca24abc9-e417-66c3-8406-000000001d00}
ProcessId: 10252
Image: C:\Windows\System32\WindowsPowerShell\v1.0\powershell.exe
TargetFilename: C:\Users\johnny.douche\AppData\Local\Temp\wb1lbhxg\wb1lbhxg.err
CreationUtcTime: 2024-08-20 00:32:24.082
User: MY-CALDERA\johnny.douche"
MY-CAL-WIN10.my-caldera.local,11,"File created:
RuleName: DO
UtcTime: 2024-08-20 00:32:24.271
ProcessGuid: {ca24abc9-e418-66c3-8606-000000001d00}
ProcessId: 3700
Image: C:\Windows\Microsoft.NET\Framework64\v4.0.30319\csc.exe
TargetFilename: C:\Users\johnny.douche\AppData\Local\Temp\wb1lbhxg\CSC48A29778CDC04865B888EC5C96C6EE86.TMP
CreationUtcTime: 2024-08-20 00:32:24.271
User: MY-CALDERA\johnny.douche"
MY-CAL-WIN10.my-caldera.local,11,"File created:
RuleName: DO
UtcTime: 2024-08-20 00:32:24.274
ProcessGuid: {ca24abc9-e418-66c3-8606-000000001d00}
ProcessId: 3700
Image: C:\Windows\Microsoft.NET\Framework64\v4.0.30319\csc.exe
TargetFilename: C:\Users\JOHNNY~1.DOU\AppData\Local\Temp\RESDEE.tmp
CreationUtcTime: 2024-08-20 00:32:24.273
User: MY-CALDERA\johnny.douche"
MY-CAL-WIN10.my-caldera.local,11,"File created:
RuleName: DO
UtcTime: 2024-08-20 00:32:24.308
ProcessGuid: {ca24abc9-e418-66c3-8706-000000001d00}
ProcessId: 9144
Image: C:\Windows\Microsoft.NET\Framework64\v4.0.30319\cvtres.exe
TargetFilename: C:\Users\JOHNNY~1.DOU\AppData\Local\Temp\RESDEE.tmp
CreationUtcTime: 2024-08-20 00:32:24.273
User: MY-CALDERA\johnny.douche"
MY-CAL-WIN10.my-caldera.local,11,"File created:
RuleName: DLL
UtcTime: 2024-08-20 00:32:24.316
ProcessGuid: {ca24abc9-e418-66c3-8606-000000001d00}
ProcessId: 3700
Image: C:\Windows\Microsoft.NET\Framework64\v4.0.30319\csc.exe
TargetFilename: C:\Users\johnny.douche\AppData\Local\Temp\wb1lbhxg\wb1lbhxg.dll
CreationUtcTime: 2024-08-20 00:32:24.076
User: MY-CALDERA\johnny.douche"
MY-CAL-WIN10.my-caldera.local,11,"File created:
RuleName: Sysmonv1514
UtcTime: 2024-08-20 00:32:36.171
ProcessGuid: {ca24abc9-d6b1-66c3-ba00-000000001d00}
ProcessId: 6760
Image: C:\Program Files\WinlogBeat\winlogbeat.exe
TargetFilename: C:\ProgramData\winlogbeat\.winlogbeat.yml.new
CreationUtcTime: 2024-08-20 00:11:02.025
User: NT AUTHORITY\SYSTEM"
MY-CAL-WIN10.my-caldera.local,11,"File created:
RuleName: DO
UtcTime: 2024-08-20 00:33:24.763
ProcessGuid: {ca24abc9-e454-66c3-a206-000000001d00}
ProcessId: 9512
Image: C:\Windows\System32\WindowsPowerShell\v1.0\powershell.exe
TargetFilename: C:\Users\johnny.douche\AppData\Local\Microsoft\Windows\PowerShell\StartupProfileData-NonInteractive
CreationUtcTime: 2024-03-28 01:06:06.420
User: MY-CALDERA\johnny.douche"
MY-CAL-WIN10.my-caldera.local,11,"File created:
RuleName: Sysmonv1514
UtcTime: 2024-08-20 00:33:24.669
ProcessGuid: {ca24abc9-d6b1-66c3-ba00-000000001d00}
ProcessId: 6760
Image: C:\Program Files\WinlogBeat\winlogbeat.exe
TargetFilename: C:\ProgramData\winlogbeat\.winlogbeat.yml.new
CreationUtcTime: 2024-08-20 00:11:02.025
User: NT AUTHORITY\SYSTEM"
MY-CAL-WIN10.my-caldera.local,11,"File created:
RuleName: DO
UtcTime: 2024-08-20 00:33:24.340
ProcessGuid: {ca24abc9-e453-66c3-a006-000000001d00}
ProcessId: 11252
Image: C:\Windows\System32\WindowsPowerShell\v1.0\powershell.exe
TargetFilename: C:\Users\johnny.douche\AppData\Local\Microsoft\Windows\PowerShell\StartupProfileData-NonInteractive
CreationUtcTime: 2024-03-28 01:06:06.420
User: MY-CALDERA\johnny.douche"
MY-CAL-WIN10.my-caldera.local,11,"File created:
RuleName: DO
UtcTime: 2024-08-20 00:33:28.270
ProcessGuid: {ca24abc9-e454-66c3-a306-000000001d00}
ProcessId: 6004
Image: C:\Windows\System32\WindowsPowerShell\v1.0\powershell.exe
TargetFilename: C:\Users\johnny.douche\AppData\Local\Microsoft\Windows\PowerShell\StartupProfileData-NonInteractive
CreationUtcTime: 2024-03-28 01:06:06.420
User: MY-CALDERA\johnny.douche"
MY-CAL-WIN10.my-caldera.local,11,"File created:
RuleName: DO
UtcTime: 2024-08-20 00:33:28.648
ProcessGuid: {ca24abc9-e458-66c3-aa06-000000001d00}
ProcessId: 7116
Image: C:\Windows\System32\WindowsPowerShell\v1.0\powershell.exe
TargetFilename: C:\Users\johnny.douche\AppData\Local\Microsoft\Windows\PowerShell\StartupProfileData-NonInteractive
CreationUtcTime: 2024-03-28 01:06:06.420
User: MY-CALDERA\johnny.douche"
MY-CAL-WIN10.my-caldera.local,11,"File created:
RuleName: DO
UtcTime: 2024-08-20 00:34:01.426
ProcessGuid: {ca24abc9-e479-66c3-d006-000000001d00}
ProcessId: 10060
Image: C:\Windows\System32\WindowsPowerShell\v1.0\powershell.exe
TargetFilename: C:\Users\johnny.douche\AppData\Local\Microsoft\Windows\PowerShell\StartupProfileData-NonInteractive
CreationUtcTime: 2024-03-28 01:06:06.420
User: MY-CALDERA\johnny.douche"
MY-CAL-WIN10.my-caldera.local,11,"File created:
RuleName: DO
UtcTime: 2024-08-20 00:34:01.879
ProcessGuid: {ca24abc9-e479-66c3-d106-000000001d00}
ProcessId: 8540
Image: C:\Windows\System32\WindowsPowerShell\v1.0\powershell.exe
TargetFilename: C:\Users\johnny.douche\AppData\Local\Microsoft\Windows\PowerShell\StartupProfileData-NonInteractive
CreationUtcTime: 2024-03-28 01:06:06.420
User: MY-CALDERA\johnny.douche"
MY-CAL-WIN10.my-caldera.local,11,"File created:
RuleName: Sysmonv1514
UtcTime: 2024-08-20 00:33:58.735
ProcessGuid: {ca24abc9-d6b1-66c3-ba00-000000001d00}
ProcessId: 6760
Image: C:\Program Files\WinlogBeat\winlogbeat.exe
TargetFilename: C:\ProgramData\winlogbeat\.winlogbeat.yml.new
CreationUtcTime: 2024-08-20 00:11:02.025
User: NT AUTHORITY\SYSTEM"
MY-CAL-WIN10.my-caldera.local,11,"File created:
RuleName: DO
UtcTime: 2024-08-20 00:34:01.044
ProcessGuid: {ca24abc9-e473-66c3-ca06-000000001d00}
ProcessId: 9536
Image: C:\Windows\System32\WindowsPowerShell\v1.0\powershell.exe
TargetFilename: C:\Users\johnny.douche\AppData\Local\Microsoft\Windows\PowerShell\StartupProfileData-NonInteractive
CreationUtcTime: 2024-03-28 01:06:06.420
User: MY-CALDERA\johnny.douche"
MY-CAL-WIN10.my-caldera.local,11,"File created:
RuleName: DO
UtcTime: 2024-08-20 00:34:21.483
ProcessGuid: {ca24abc9-e48d-66c3-f106-000000001d00}
ProcessId: 1988
Image: C:\Windows\System32\WindowsPowerShell\v1.0\powershell.exe
TargetFilename: C:\Users\johnny.douche\AppData\Local\Microsoft\Windows\PowerShell\StartupProfileData-NonInteractive
CreationUtcTime: 2024-03-28 01:06:06.420
User: MY-CALDERA\johnny.douche"
MY-CAL-WIN10.my-caldera.local,11,"File created:
RuleName: DO
UtcTime: 2024-08-20 00:34:21.972
ProcessGuid: {ca24abc9-e48d-66c3-f206-000000001d00}
ProcessId: 7236
Image: C:\Windows\System32\WindowsPowerShell\v1.0\powershell.exe
TargetFilename: C:\Users\johnny.douche\AppData\Local\Microsoft\Windows\PowerShell\StartupProfileData-NonInteractive
CreationUtcTime: 2024-03-28 01:06:06.420
User: MY-CALDERA\johnny.douche"
MY-CAL-WIN10.my-caldera.local,11,"File created:
RuleName: DO
UtcTime: 2024-08-20 00:35:03.718
ProcessGuid: {ca24abc9-e4b7-66c3-2507-000000001d00}
ProcessId: 10744
Image: C:\Windows\System32\WindowsPowerShell\v1.0\powershell.exe
TargetFilename: C:\Users\johnny.douche\AppData\Local\Microsoft\Windows\PowerShell\StartupProfileData-NonInteractive
CreationUtcTime: 2024-03-28 01:06:06.420
User: MY-CALDERA\johnny.douche"
MY-CAL-WIN10.my-caldera.local,11,"File created:
RuleName: DO
UtcTime: 2024-08-20 00:35:04.148
ProcessGuid: {ca24abc9-e4b8-66c3-2707-000000001d00}
ProcessId: 10896
Image: C:\Windows\system32\cmd.exe
TargetFilename: C:\Users\JOHNNY~1.DOU\AppData\Local\Temp\T1222.001_takeown_folder
CreationUtcTime: 2024-08-20 00:35:04.148
User: MY-CALDERA\johnny.douche"
MY-CAL-WIN10.my-caldera.local,11,"File created:
RuleName: DO
UtcTime: 2024-08-20 00:35:04.338
ProcessGuid: {ca24abc9-e4b8-66c3-2b07-000000001d00}
ProcessId: 10080
Image: C:\Windows\system32\cmd.exe
TargetFilename: C:\Users\JOHNNY~1.DOU\AppData\Local\Temp\T1222.001_cacls
CreationUtcTime: 2024-08-20 00:35:04.338
User: MY-CALDERA\johnny.douche"
MY-CAL-WIN10.my-caldera.local,11,"File created:
RuleName: DO
UtcTime: 2024-08-20 00:35:04.339
ProcessGuid: {ca24abc9-e4b8-66c3-2b07-000000001d00}
ProcessId: 10080
Image: C:\Windows\system32\cmd.exe
TargetFilename: C:\Users\JOHNNY~1.DOU\AppData\Local\Temp\T1222.001_cacls\T1222.001_cacls1.txt
CreationUtcTime: 2024-08-20 00:35:04.339
User: MY-CALDERA\johnny.douche"
MY-CAL-WIN10.my-caldera.local,11,"File created:
RuleName: DO
UtcTime: 2024-08-20 00:35:04.341
ProcessGuid: {ca24abc9-e4b8-66c3-2b07-000000001d00}
ProcessId: 10080
Image: C:\Windows\system32\cmd.exe
TargetFilename: C:\Users\JOHNNY~1.DOU\AppData\Local\Temp\T1222.001_cacls\T1222.001_cacls2.txt
CreationUtcTime: 2024-08-20 00:35:04.340
User: MY-CALDERA\johnny.douche"
MY-CAL-WIN10.my-caldera.local,11,"File created:
RuleName: DO
UtcTime: 2024-08-20 00:35:04.149
ProcessGuid: {ca24abc9-e4b8-66c3-2707-000000001d00}
ProcessId: 10896
Image: C:\Windows\system32\cmd.exe
TargetFilename: C:\Users\JOHNNY~1.DOU\AppData\Local\Temp\T1222.001_takeown_folder\T1222.001_takeown1.txt
CreationUtcTime: 2024-08-20 00:35:04.149
User: MY-CALDERA\johnny.douche"
MY-CAL-WIN10.my-caldera.local,11,"File created:
RuleName: DO
UtcTime: 2024-08-20 00:35:04.150
ProcessGuid: {ca24abc9-e4b8-66c3-2707-000000001d00}
ProcessId: 10896
Image: C:\Windows\system32\cmd.exe
TargetFilename: C:\Users\JOHNNY~1.DOU\AppData\Local\Temp\T1222.001_takeown_folder\T1222.001_takeown2.txt
CreationUtcTime: 2024-08-20 00:35:04.150
User: MY-CALDERA\johnny.douche"
MY-CAL-WIN10.my-caldera.local,11,"File created:
RuleName: Sysmonv1514
UtcTime: 2024-08-20 00:35:31.754
ProcessGuid: {ca24abc9-d6b1-66c3-ba00-000000001d00}
ProcessId: 6760
Image: C:\Program Files\WinlogBeat\winlogbeat.exe
TargetFilename: C:\ProgramData\winlogbeat\.winlogbeat.yml.new
CreationUtcTime: 2024-08-20 00:11:02.025
User: NT AUTHORITY\SYSTEM"
MY-CAL-WIN10.my-caldera.local,11,"File created:
RuleName: DO
UtcTime: 2024-08-20 00:35:31.757
ProcessGuid: {ca24abc9-e4c8-66c3-4107-000000001d00}
ProcessId: 9660
Image: C:\Windows\System32\WindowsPowerShell\v1.0\powershell.exe
TargetFilename: C:\Users\johnny.douche\AppData\Local\Microsoft\Windows\PowerShell\StartupProfileData-NonInteractive
CreationUtcTime: 2024-03-28 01:06:06.420
User: MY-CALDERA\johnny.douche"
MY-CAL-WIN10.my-caldera.local,11,"File created:
RuleName: DO
UtcTime: 2024-08-20 00:35:32.137
ProcessGuid: {ca24abc9-e4d3-66c3-4307-000000001d00}
ProcessId: 7212
Image: C:\Windows\System32\WindowsPowerShell\v1.0\powershell.exe
TargetFilename: C:\Users\johnny.douche\AppData\Local\Microsoft\Windows\PowerShell\StartupProfileData-NonInteractive
CreationUtcTime: 2024-03-28 01:06:06.420
User: MY-CALDERA\johnny.douche"
MY-CAL-WIN10.my-caldera.local,11,"File created:
RuleName: DO
UtcTime: 2024-08-20 00:36:14.643
ProcessGuid: {ca24abc9-e4fe-66c3-7107-000000001d00}
ProcessId: 11028
Image: C:\Windows\System32\WindowsPowerShell\v1.0\powershell.exe
TargetFilename: C:\Users\johnny.douche\AppData\Local\Microsoft\Windows\PowerShell\StartupProfileData-NonInteractive
CreationUtcTime: 2024-03-28 01:06:06.420
User: MY-CALDERA\johnny.douche"
MY-CAL-WIN10.my-caldera.local,11,"File created:
RuleName: DO
UtcTime: 2024-08-20 00:36:26.929
ProcessGuid: {ca24abc9-e508-66c3-8207-000000001d00}
ProcessId: 5464
Image: C:\Windows\System32\WindowsPowerShell\v1.0\powershell.exe
TargetFilename: C:\Users\johnny.douche\AppData\Local\Temp\Microsoft.PackageManagement\a3xfkfuq.feb
CreationUtcTime: 2024-08-20 00:36:26.929
User: MY-CALDERA\johnny.douche"
MY-CAL-WIN10.my-caldera.local,11,"File created:
RuleName: DO
UtcTime: 2024-08-20 00:36:28.356
ProcessGuid: {ca24abc9-e508-66c3-8207-000000001d00}
ProcessId: 5464
Image: C:\Windows\System32\WindowsPowerShell\v1.0\powershell.exe
TargetFilename: C:\Users\johnny.douche\AppData\Local\Microsoft\Windows\PowerShell\StartupProfileData-NonInteractive
CreationUtcTime: 2024-03-28 01:06:06.420
User: MY-CALDERA\johnny.douche"
MY-CAL-WIN10.my-caldera.local,11,"File created:
RuleName: Sysmonv1514
UtcTime: 2024-08-20 00:36:30.148
ProcessGuid: {ca24abc9-e50d-66c3-8707-000000001d00}
ProcessId: 9944
Image: C:\Windows\System32\WindowsPowerShell\v1.0\powershell.exe
TargetFilename: C:\AtomicRedTeam\ExternalPayloads\Get-AzurePasswords.ps1
CreationUtcTime: 2024-08-20 00:36:30.145
User: MY-CALDERA\johnny.douche"
MY-CAL-WIN10.my-caldera.local,11,"File created:
RuleName: DO
UtcTime: 2024-08-20 00:36:30.445
ProcessGuid: {ca24abc9-e50d-66c3-8707-000000001d00}
ProcessId: 9944
Image: C:\Windows\System32\WindowsPowerShell\v1.0\powershell.exe
TargetFilename: C:\Users\johnny.douche\AppData\Local\Microsoft\Windows\PowerShell\StartupProfileData-NonInteractive
CreationUtcTime: 2024-03-28 01:06:06.420
User: MY-CALDERA\johnny.douche"
MY-CAL-WIN10.my-caldera.local,11,"File created:
RuleName: DO
UtcTime: 2024-08-20 00:37:02.687
ProcessGuid: {ca24abc9-e52e-66c3-9d07-000000001d00}
ProcessId: 8672
Image: C:\Windows\Microsoft.NET\Framework64\v4.0.30319\csc.exe
TargetFilename: C:\Users\johnny.douche\AppData\Local\Temp\nc0zpw5e\CSC124BFD752EAB4C83B7B6764DAAC32BE0.TMP
CreationUtcTime: 2024-08-20 00:37:02.687
User: MY-CALDERA\johnny.douche"
MY-CAL-WIN10.my-caldera.local,11,"File created:
RuleName: DO
UtcTime: 2024-08-20 00:37:02.689
ProcessGuid: {ca24abc9-e52e-66c3-9d07-000000001d00}
ProcessId: 8672
Image: C:\Windows\Microsoft.NET\Framework64\v4.0.30319\csc.exe
TargetFilename: C:\Users\JOHNNY~1.DOU\AppData\Local\Temp\RES4D84.tmp
CreationUtcTime: 2024-08-20 00:37:02.689
User: MY-CALDERA\johnny.douche"
MY-CAL-WIN10.my-caldera.local,11,"File created:
RuleName: DO
UtcTime: 2024-08-20 00:37:02.713
ProcessGuid: {ca24abc9-e52e-66c3-9e07-000000001d00}
ProcessId: 2420
Image: C:\Windows\Microsoft.NET\Framework64\v4.0.30319\cvtres.exe
TargetFilename: C:\Users\JOHNNY~1.DOU\AppData\Local\Temp\RES4D84.tmp
CreationUtcTime: 2024-08-20 00:37:02.689
User: MY-CALDERA\johnny.douche"
MY-CAL-WIN10.my-caldera.local,11,"File created:
RuleName: DLL
UtcTime: 2024-08-20 00:37:02.723
ProcessGuid: {ca24abc9-e52e-66c3-9d07-000000001d00}
ProcessId: 8672
Image: C:\Windows\Microsoft.NET\Framework64\v4.0.30319\csc.exe
TargetFilename: C:\Users\johnny.douche\AppData\Local\Temp\nc0zpw5e\nc0zpw5e.dll
CreationUtcTime: 2024-08-20 00:37:02.537
User: MY-CALDERA\johnny.douche"
MY-CAL-WIN10.my-caldera.local,11,"File created:
RuleName: DO
UtcTime: 2024-08-20 00:37:03.373
ProcessGuid: {ca24abc9-e52d-66c3-9c07-000000001d00}
ProcessId: 6088
Image: C:\Windows\System32\WindowsPowerShell\v1.0\powershell.exe
TargetFilename: C:\Users\johnny.douche\AppData\Local\Temp\Microsoft.PackageManagement\crnwlpx3.oer
CreationUtcTime: 2024-08-20 00:37:03.373
User: MY-CALDERA\johnny.douche"
MY-CAL-WIN10.my-caldera.local,11,"File created:
RuleName: DO
UtcTime: 2024-08-20 00:37:03.422
ProcessGuid: {ca24abc9-e52d-66c3-9c07-000000001d00}
ProcessId: 6088
Image: C:\Windows\System32\WindowsPowerShell\v1.0\powershell.exe
TargetFilename: C:\Users\johnny.douche\AppData\Local\Temp\Microsoft.PackageManagement\crnwlpx3.oer
CreationUtcTime: 2024-08-20 00:37:03.373
User: MY-CALDERA\johnny.douche"
MY-CAL-WIN10.my-caldera.local,11,"File created:
RuleName: DO
UtcTime: 2024-08-20 00:37:03.431
ProcessGuid: {ca24abc9-e52d-66c3-9c07-000000001d00}
ProcessId: 6088
Image: C:\Windows\System32\WindowsPowerShell\v1.0\powershell.exe
TargetFilename: C:\Users\johnny.douche\AppData\Local\Temp\Microsoft.PackageManagement\crnwlpx3.oer
CreationUtcTime: 2024-08-20 00:37:03.373
User: MY-CALDERA\johnny.douche"
MY-CAL-WIN10.my-caldera.local,11,"File created:
RuleName: DO
UtcTime: 2024-08-20 00:37:33.183
ProcessGuid: {ca24abc9-e54c-66c3-bb07-000000001d00}
ProcessId: 5404
Image: C:\Windows\System32\WindowsPowerShell\v1.0\powershell.exe
TargetFilename: C:\Users\johnny.douche\AppData\Local\Microsoft\Windows\PowerShell\StartupProfileData-NonInteractive
CreationUtcTime: 2024-03-28 01:06:06.420
User: MY-CALDERA\johnny.douche"
MY-CAL-WIN10.my-caldera.local,11,"File created:
RuleName: DO
UtcTime: 2024-08-20 00:37:33.567
ProcessGuid: {ca24abc9-e54d-66c3-bc07-000000001d00}
ProcessId: 9280
Image: C:\Windows\System32\WindowsPowerShell\v1.0\powershell.exe
TargetFilename: C:\Users\johnny.douche\AppData\Local\Microsoft\Windows\PowerShell\StartupProfileData-NonInteractive
CreationUtcTime: 2024-03-28 01:06:06.420
User: MY-CALDERA\johnny.douche"
MY-CAL-WIN10.my-caldera.local,11,"File created:
RuleName: Sysmonv1514
UtcTime: 2024-08-20 00:38:00.649
ProcessGuid: {ca24abc9-d6b1-66c3-ba00-000000001d00}
ProcessId: 6760
Image: C:\Program Files\WinlogBeat\winlogbeat.exe
TargetFilename: C:\ProgramData\winlogbeat\.winlogbeat.yml.new
CreationUtcTime: 2024-08-20 00:11:02.025
User: NT AUTHORITY\SYSTEM"
MY-CAL-WIN10.my-caldera.local,11,"File created:
RuleName: DO
UtcTime: 2024-08-20 00:38:00.682
ProcessGuid: {ca24abc9-e568-66c3-da07-000000001d00}
ProcessId: 10592
Image: C:\Windows\System32\WindowsPowerShell\v1.0\powershell.exe
TargetFilename: C:\Users\johnny.douche\AppData\Local\Microsoft\Windows\PowerShell\StartupProfileData-NonInteractive
CreationUtcTime: 2024-03-28 01:06:06.420
User: MY-CALDERA\johnny.douche"
MY-CAL-WIN10.my-caldera.local,11,"File created:
RuleName: DO
UtcTime: 2024-08-20 00:38:32.355
ProcessGuid: {ca24abc9-e587-66c3-f207-000000001d00}
ProcessId: 9700
Image: C:\Windows\System32\WindowsPowerShell\v1.0\powershell.exe
TargetFilename: C:\Users\johnny.douche\AppData\Local\Microsoft\Windows\PowerShell\StartupProfileData-NonInteractive
CreationUtcTime: 2024-03-28 01:06:06.420
User: MY-CALDERA\johnny.douche"
MY-CAL-WIN10.my-caldera.local,11,"File created:
RuleName: DO
UtcTime: 2024-08-20 00:38:31.762
ProcessGuid: {ca24abc9-e57b-66c3-f007-000000001d00}
ProcessId: 6420
Image: C:\Windows\System32\WindowsPowerShell\v1.0\powershell.exe
TargetFilename: C:\Users\johnny.douche\AppData\Local\Microsoft\Windows\PowerShell\StartupProfileData-NonInteractive
CreationUtcTime: 2024-03-28 01:06:06.420
User: MY-CALDERA\johnny.douche"
MY-CAL-WIN10.my-caldera.local,11,"File created:
RuleName: DO
UtcTime: 2024-08-20 00:38:47.590
ProcessGuid: {ca24abc9-e597-66c3-1f08-000000001d00}
ProcessId: 10228
Image: C:\Windows\System32\WindowsPowerShell\v1.0\powershell.exe
TargetFilename: C:\Users\johnny.douche\AppData\Local\Microsoft\Windows\PowerShell\StartupProfileData-NonInteractive
CreationUtcTime: 2024-03-28 01:06:06.420
User: MY-CALDERA\johnny.douche"
MY-CAL-WIN10.my-caldera.local,11,"File created:
RuleName: DO
UtcTime: 2024-08-20 00:38:47.044
ProcessGuid: {ca24abc9-e595-66c3-1d08-000000001d00}
ProcessId: 8912
Image: C:\Windows\System32\WindowsPowerShell\v1.0\powershell.exe
TargetFilename: C:\Users\johnny.douche\AppData\Local\Microsoft\Windows\PowerShell\StartupProfileData-NonInteractive
CreationUtcTime: 2024-03-28 01:06:06.420
User: MY-CALDERA\johnny.douche"
MY-CAL-WIN10.my-caldera.local,11,"File created:
RuleName: DO
UtcTime: 2024-08-20 00:38:48.154
ProcessGuid: {ca24abc9-e597-66c3-2008-000000001d00}
ProcessId: 8216
Image: C:\Windows\System32\WindowsPowerShell\v1.0\powershell.exe
TargetFilename: C:\Users\johnny.douche\AppData\Local\Microsoft\Windows\PowerShell\StartupProfileData-NonInteractive
CreationUtcTime: 2024-03-28 01:06:06.420
User: MY-CALDERA\johnny.douche"
MY-CAL-WIN10.my-caldera.local,11,"File created:
RuleName: DO
UtcTime: 2024-08-20 00:39:06.304
ProcessGuid: {ca24abc9-e5a9-66c3-2a08-000000001d00}
ProcessId: 1136
Image: C:\Windows\System32\WindowsPowerShell\v1.0\powershell.exe
TargetFilename: C:\Users\johnny.douche\AppData\Local\Temp\gy1ofud2
CreationUtcTime: 2024-08-20 00:39:06.303
User: MY-CALDERA\johnny.douche"
MY-CAL-WIN10.my-caldera.local,11,"File created:
RuleName: DO
UtcTime: 2024-08-20 00:39:06.304
ProcessGuid: {ca24abc9-e5a9-66c3-2a08-000000001d00}
ProcessId: 1136
Image: C:\Windows\System32\WindowsPowerShell\v1.0\powershell.exe
TargetFilename: C:\Users\johnny.douche\AppData\Local\Temp\gy1ofud2\gy1ofud2.tmp
CreationUtcTime: 2024-08-20 00:39:06.304
User: MY-CALDERA\johnny.douche"
MY-CAL-WIN10.my-caldera.local,11,"File created:
RuleName: DO
UtcTime: 2024-08-20 00:39:06.305
ProcessGuid: {ca24abc9-e5a9-66c3-2a08-000000001d00}
ProcessId: 1136
Image: C:\Windows\System32\WindowsPowerShell\v1.0\powershell.exe
TargetFilename: C:\Users\johnny.douche\AppData\Local\Temp\gy1ofud2\gy1ofud2.0.cs
CreationUtcTime: 2024-08-20 00:39:06.305
User: MY-CALDERA\johnny.douche"
MY-CAL-WIN10.my-caldera.local,11,"File created:
RuleName: DLL
UtcTime: 2024-08-20 00:39:06.307
ProcessGuid: {ca24abc9-e5a9-66c3-2a08-000000001d00}
ProcessId: 1136
Image: C:\Windows\System32\WindowsPowerShell\v1.0\powershell.exe
TargetFilename: C:\Users\johnny.douche\AppData\Local\Temp\gy1ofud2\gy1ofud2.dll
CreationUtcTime: 2024-08-20 00:39:06.307
User: MY-CALDERA\johnny.douche"
MY-CAL-WIN10.my-caldera.local,11,"File created:
RuleName: Sysmonv1514
UtcTime: 2024-08-20 00:39:06.309
ProcessGuid: {ca24abc9-e5a9-66c3-2a08-000000001d00}
ProcessId: 1136
Image: C:\Windows\System32\WindowsPowerShell\v1.0\powershell.exe
TargetFilename: C:\Users\johnny.douche\AppData\Local\Temp\gy1ofud2\gy1ofud2.cmdline
CreationUtcTime: 2024-08-20 00:39:06.309
User: MY-CALDERA\johnny.douche"
MY-CAL-WIN10.my-caldera.local,11,"File created:
RuleName: DO
UtcTime: 2024-08-20 00:39:06.314
ProcessGuid: {ca24abc9-e5a9-66c3-2a08-000000001d00}
ProcessId: 1136
Image: C:\Windows\System32\WindowsPowerShell\v1.0\powershell.exe
TargetFilename: C:\Users\johnny.douche\AppData\Local\Temp\gy1ofud2\gy1ofud2.out
CreationUtcTime: 2024-08-20 00:39:06.311
User: MY-CALDERA\johnny.douche"
MY-CAL-WIN10.my-caldera.local,11,"File created:
RuleName: DO
UtcTime: 2024-08-20 00:39:06.315
ProcessGuid: {ca24abc9-e5a9-66c3-2a08-000000001d00}
ProcessId: 1136
Image: C:\Windows\System32\WindowsPowerShell\v1.0\powershell.exe
TargetFilename: C:\Users\johnny.douche\AppData\Local\Temp\gy1ofud2\gy1ofud2.err
CreationUtcTime: 2024-08-20 00:39:06.314
User: MY-CALDERA\johnny.douche"
MY-CAL-WIN10.my-caldera.local,11,"File created:
RuleName: DO
UtcTime: 2024-08-20 00:39:06.558
ProcessGuid: {ca24abc9-e5aa-66c3-2c08-000000001d00}
ProcessId: 3840
Image: C:\Windows\Microsoft.NET\Framework64\v4.0.30319\csc.exe
TargetFilename: C:\Users\johnny.douche\AppData\Local\Temp\gy1ofud2\CSCB4F8CD0CA4E14772AC70ADFF44B17D20.TMP
CreationUtcTime: 2024-08-20 00:39:06.557
User: MY-CALDERA\johnny.douche"
MY-CAL-WIN10.my-caldera.local,11,"File created:
RuleName: DO
UtcTime: 2024-08-20 00:39:06.560
ProcessGuid: {ca24abc9-e5aa-66c3-2c08-000000001d00}
ProcessId: 3840
Image: C:\Windows\Microsoft.NET\Framework64\v4.0.30319\csc.exe
TargetFilename: C:\Users\JOHNNY~1.DOU\AppData\Local\Temp\RES3158.tmp
CreationUtcTime: 2024-08-20 00:39:06.560
User: MY-CALDERA\johnny.douche"
MY-CAL-WIN10.my-caldera.local,11,"File created:
RuleName: DO
UtcTime: 2024-08-20 00:39:06.601
ProcessGuid: {ca24abc9-e5aa-66c3-2d08-000000001d00}
ProcessId: 8576
Image: C:\Windows\Microsoft.NET\Framework64\v4.0.30319\cvtres.exe
TargetFilename: C:\Users\JOHNNY~1.DOU\AppData\Local\Temp\RES3158.tmp
CreationUtcTime: 2024-08-20 00:39:06.560
User: MY-CALDERA\johnny.douche"
MY-CAL-WIN10.my-caldera.local,11,"File created:
RuleName: DLL
UtcTime: 2024-08-20 00:39:06.609
ProcessGuid: {ca24abc9-e5aa-66c3-2c08-000000001d00}
ProcessId: 3840
Image: C:\Windows\Microsoft.NET\Framework64\v4.0.30319\csc.exe
TargetFilename: C:\Users\johnny.douche\AppData\Local\Temp\gy1ofud2\gy1ofud2.dll
CreationUtcTime: 2024-08-20 00:39:06.307
User: MY-CALDERA\johnny.douche"
MY-CAL-WIN10.my-caldera.local,11,"File created:
RuleName: DO
UtcTime: 2024-08-20 00:39:12.068
ProcessGuid: {ca24abc9-e5af-66c3-3408-000000001d00}
ProcessId: 4988
Image: C:\Windows\System32\WindowsPowerShell\v1.0\powershell.exe
TargetFilename: C:\Users\johnny.douche\AppData\Local\Temp\rfrgafak\rfrgafak.tmp
CreationUtcTime: 2024-08-20 00:39:12.068
User: MY-CALDERA\johnny.douche"
MY-CAL-WIN10.my-caldera.local,11,"File created:
RuleName: DO
UtcTime: 2024-08-20 00:39:12.269
ProcessGuid: {ca24abc9-e5b0-66c3-3608-000000001d00}
ProcessId: 11076
Image: C:\Windows\Microsoft.NET\Framework64\v4.0.30319\csc.exe
TargetFilename: C:\Users\JOHNNY~1.DOU\AppData\Local\Temp\RES47AE.tmp
CreationUtcTime: 2024-08-20 00:39:12.268
User: MY-CALDERA\johnny.douche"
MY-CAL-WIN10.my-caldera.local,11,"File created:
RuleName: DO
UtcTime: 2024-08-20 00:39:13.111
ProcessGuid: {ca24abc9-e5af-66c3-3408-000000001d00}
ProcessId: 4988
Image: C:\Windows\System32\WindowsPowerShell\v1.0\powershell.exe
TargetFilename: C:\Users\johnny.douche\AppData\Local\Temp\Microsoft.PackageManagement\5gzard1q.imf
CreationUtcTime: 2024-08-20 00:39:13.059
User: MY-CALDERA\johnny.douche"
MY-CAL-WIN10.my-caldera.local,11,"File created:
RuleName: DLL
UtcTime: 2024-08-20 00:39:12.070
ProcessGuid: {ca24abc9-e5af-66c3-3408-000000001d00}
ProcessId: 4988
Image: C:\Windows\System32\WindowsPowerShell\v1.0\powershell.exe
TargetFilename: C:\Users\johnny.douche\AppData\Local\Temp\rfrgafak\rfrgafak.dll
CreationUtcTime: 2024-08-20 00:39:12.070
User: MY-CALDERA\johnny.douche"
MY-CAL-WIN10.my-caldera.local,11,"File created:
RuleName: DO
UtcTime: 2024-08-20 00:39:12.069
ProcessGuid: {ca24abc9-e5af-66c3-3408-000000001d00}
ProcessId: 4988
Image: C:\Windows\System32\WindowsPowerShell\v1.0\powershell.exe
TargetFilename: C:\Users\johnny.douche\AppData\Local\Temp\rfrgafak\rfrgafak.0.cs
CreationUtcTime: 2024-08-20 00:39:12.069
User: MY-CALDERA\johnny.douche"
MY-CAL-WIN10.my-caldera.local,11,"File created:
RuleName: DO
UtcTime: 2024-08-20 00:39:12.076
ProcessGuid: {ca24abc9-e5af-66c3-3408-000000001d00}
ProcessId: 4988
Image: C:\Windows\System32\WindowsPowerShell\v1.0\powershell.exe
TargetFilename: C:\Users\johnny.douche\AppData\Local\Temp\rfrgafak\rfrgafak.err
CreationUtcTime: 2024-08-20 00:39:12.076
User: MY-CALDERA\johnny.douche"
MY-CAL-WIN10.my-caldera.local,11,"File created:
RuleName: DO
UtcTime: 2024-08-20 00:39:12.076
ProcessGuid: {ca24abc9-e5af-66c3-3408-000000001d00}
ProcessId: 4988
Image: C:\Windows\System32\WindowsPowerShell\v1.0\powershell.exe
TargetFilename: C:\Users\johnny.douche\AppData\Local\Temp\rfrgafak\rfrgafak.out
CreationUtcTime: 2024-08-20 00:39:12.073
User: MY-CALDERA\johnny.douche"
MY-CAL-WIN10.my-caldera.local,11,"File created:
RuleName: DLL
UtcTime: 2024-08-20 00:39:12.313
ProcessGuid: {ca24abc9-e5b0-66c3-3608-000000001d00}
ProcessId: 11076
Image: C:\Windows\Microsoft.NET\Framework64\v4.0.30319\csc.exe
TargetFilename: C:\Users\johnny.douche\AppData\Local\Temp\rfrgafak\rfrgafak.dll
CreationUtcTime: 2024-08-20 00:39:12.070
User: MY-CALDERA\johnny.douche"
MY-CAL-WIN10.my-caldera.local,11,"File created:
RuleName: DO
UtcTime: 2024-08-20 00:39:12.267
ProcessGuid: {ca24abc9-e5b0-66c3-3608-000000001d00}
ProcessId: 11076
Image: C:\Windows\Microsoft.NET\Framework64\v4.0.30319\csc.exe
TargetFilename: C:\Users\johnny.douche\AppData\Local\Temp\rfrgafak\CSCF4C29C2C918C40CB93C9F03C3923F6C8.TMP
CreationUtcTime: 2024-08-20 00:39:12.267
User: MY-CALDERA\johnny.douche"
MY-CAL-WIN10.my-caldera.local,11,"File created:
RuleName: DO
UtcTime: 2024-08-20 00:39:13.102
ProcessGuid: {ca24abc9-e5af-66c3-3408-000000001d00}
ProcessId: 4988
Image: C:\Windows\System32\WindowsPowerShell\v1.0\powershell.exe
TargetFilename: C:\Users\johnny.douche\AppData\Local\Temp\Microsoft.PackageManagement\5gzard1q.imf
CreationUtcTime: 2024-08-20 00:39:13.059
User: MY-CALDERA\johnny.douche"
MY-CAL-WIN10.my-caldera.local,11,"File created:
RuleName: DO
UtcTime: 2024-08-20 00:39:13.059
ProcessGuid: {ca24abc9-e5af-66c3-3408-000000001d00}
ProcessId: 4988
Image: C:\Windows\System32\WindowsPowerShell\v1.0\powershell.exe
TargetFilename: C:\Users\johnny.douche\AppData\Local\Temp\Microsoft.PackageManagement\5gzard1q.imf
CreationUtcTime: 2024-08-20 00:39:13.059
User: MY-CALDERA\johnny.douche"
MY-CAL-WIN10.my-caldera.local,11,"File created:
RuleName: DO
UtcTime: 2024-08-20 00:39:12.305
ProcessGuid: {ca24abc9-e5b0-66c3-3708-000000001d00}
ProcessId: 5140
Image: C:\Windows\Microsoft.NET\Framework64\v4.0.30319\cvtres.exe
TargetFilename: C:\Users\JOHNNY~1.DOU\AppData\Local\Temp\RES47AE.tmp
CreationUtcTime: 2024-08-20 00:39:12.268
User: MY-CALDERA\johnny.douche"
MY-CAL-WIN10.my-caldera.local,11,"File created:
RuleName: DO
UtcTime: 2024-08-20 00:39:12.067
ProcessGuid: {ca24abc9-e5af-66c3-3408-000000001d00}
ProcessId: 4988
Image: C:\Windows\System32\WindowsPowerShell\v1.0\powershell.exe
TargetFilename: C:\Users\johnny.douche\AppData\Local\Temp\rfrgafak
CreationUtcTime: 2024-08-20 00:39:12.067
User: MY-CALDERA\johnny.douche"
MY-CAL-WIN10.my-caldera.local,11,"File created:
RuleName: Sysmonv1514
UtcTime: 2024-08-20 00:39:12.071
ProcessGuid: {ca24abc9-e5af-66c3-3408-000000001d00}
ProcessId: 4988
Image: C:\Windows\System32\WindowsPowerShell\v1.0\powershell.exe
TargetFilename: C:\Users\johnny.douche\AppData\Local\Temp\rfrgafak\rfrgafak.cmdline
CreationUtcTime: 2024-08-20 00:39:12.071
User: MY-CALDERA\johnny.douche"
MY-CAL-WIN10.my-caldera.local,11,"File created:
RuleName: Sysmonv1514
UtcTime: 2024-08-20 00:40:05.493
ProcessGuid: {ca24abc9-d6b1-66c3-ba00-000000001d00}
ProcessId: 6760
Image: C:\Program Files\WinlogBeat\winlogbeat.exe
TargetFilename: C:\ProgramData\winlogbeat\.winlogbeat.yml.new
CreationUtcTime: 2024-08-20 00:11:02.025
User: NT AUTHORITY\SYSTEM"
MY-CAL-WIN10.my-caldera.local,11,"File created:
RuleName: Sysmonv1514
UtcTime: 2024-08-20 00:41:00.635
ProcessGuid: {ca24abc9-d6b1-66c3-ba00-000000001d00}
ProcessId: 6760
Image: C:\Program Files\WinlogBeat\winlogbeat.exe
TargetFilename: C:\ProgramData\winlogbeat\.winlogbeat.yml.new
CreationUtcTime: 2024-08-20 00:11:02.025
User: NT AUTHORITY\SYSTEM"
MY-CAL-WIN10.my-caldera.local,11,"File created:
RuleName: Sysmonv1514
UtcTime: 2024-08-20 00:41:30.711
ProcessGuid: {ca24abc9-d6b1-66c3-ba00-000000001d00}
ProcessId: 6760
Image: C:\Program Files\WinlogBeat\winlogbeat.exe
TargetFilename: C:\ProgramData\winlogbeat\.winlogbeat.yml.new
CreationUtcTime: 2024-08-20 00:11:02.025
User: NT AUTHORITY\SYSTEM"
MY-CAL-WIN10.my-caldera.local,11,"File created:
RuleName: Sysmonv1514
UtcTime: 2024-08-20 00:41:50.766
ProcessGuid: {ca24abc9-d6b1-66c3-ba00-000000001d00}
ProcessId: 6760
Image: C:\Program Files\WinlogBeat\winlogbeat.exe
TargetFilename: C:\ProgramData\winlogbeat\.winlogbeat.yml.new
CreationUtcTime: 2024-08-20 00:11:02.025
User: NT AUTHORITY\SYSTEM"
MY-CAL-WIN10.my-caldera.local,11,"File created:
RuleName: DO
UtcTime: 2024-08-20 00:41:58.035
ProcessGuid: {ca24abc9-e655-66c3-6708-000000001d00}
ProcessId: 1136
Image: C:\Windows\System32\WindowsPowerShell\v1.0\powershell.exe
TargetFilename: C:\Users\johnny.douche\AppData\Local\Microsoft\Windows\PowerShell\StartupProfileData-NonInteractive
CreationUtcTime: 2024-03-28 01:06:06.420
User: MY-CALDERA\johnny.douche"
MY-CAL-WIN10.my-caldera.local,11,"File created:
RuleName: DO
UtcTime: 2024-08-20 00:41:58.555
ProcessGuid: {ca24abc9-e656-66c3-6808-000000001d00}
ProcessId: 984
Image: C:\Windows\System32\WindowsPowerShell\v1.0\powershell.exe
TargetFilename: C:\Users\johnny.douche\AppData\Local\Microsoft\Windows\PowerShell\StartupProfileData-NonInteractive
CreationUtcTime: 2024-03-28 01:06:06.420
User: MY-CALDERA\johnny.douche"
MY-CAL-WIN10.my-caldera.local,11,"File created:
RuleName: Sysmonv1514
UtcTime: 2024-08-20 00:42:30.883
ProcessGuid: {ca24abc9-d6b1-66c3-ba00-000000001d00}
ProcessId: 6760
Image: C:\Program Files\WinlogBeat\winlogbeat.exe
TargetFilename: C:\ProgramData\winlogbeat\.winlogbeat.yml.new
CreationUtcTime: 2024-08-20 00:11:02.025
User: NT AUTHORITY\SYSTEM"
MY-CAL-WIN10.my-caldera.local,11,"File created:
RuleName: Sysmonv1514
UtcTime: 2024-08-20 00:42:45.921
ProcessGuid: {ca24abc9-d6b1-66c3-ba00-000000001d00}
ProcessId: 6760
Image: C:\Program Files\WinlogBeat\winlogbeat.exe
TargetFilename: C:\ProgramData\winlogbeat\.winlogbeat.yml.new
CreationUtcTime: 2024-08-20 00:11:02.025
User: NT AUTHORITY\SYSTEM"
MY-CAL-WIN10.my-caldera.local,11,"File created:
RuleName: DO
UtcTime: 2024-08-20 00:43:13.046
ProcessGuid: {ca24abc9-e6a0-66c3-8008-000000001d00}
ProcessId: 4976
Image: C:\Windows\System32\WindowsPowerShell\v1.0\powershell.exe
TargetFilename: C:\Users\johnny.douche\AppData\Local\Microsoft\Windows\PowerShell\StartupProfileData-NonInteractive
CreationUtcTime: 2024-03-28 01:06:06.420
User: MY-CALDERA\johnny.douche"
MY-CAL-WIN10.my-caldera.local,11,"File created:
RuleName: DO
UtcTime: 2024-08-20 00:43:13.442
ProcessGuid: {ca24abc9-e6a1-66c3-8308-000000001d00}
ProcessId: 10800
Image: C:\Windows\System32\WindowsPowerShell\v1.0\powershell.exe
TargetFilename: C:\Users\johnny.douche\AppData\Local\Microsoft\Windows\PowerShell\StartupProfileData-NonInteractive
CreationUtcTime: 2024-03-28 01:06:06.420
User: MY-CALDERA\johnny.douche"
MY-CAL-WIN10.my-caldera.local,11,"File created:
RuleName: DO
UtcTime: 2024-08-20 00:43:13.829
ProcessGuid: {ca24abc9-e6a1-66c3-8408-000000001d00}
ProcessId: 7236
Image: C:\Windows\System32\WindowsPowerShell\v1.0\powershell.exe
TargetFilename: C:\Users\johnny.douche\AppData\Local\Microsoft\Windows\PowerShell\StartupProfileData-NonInteractive
CreationUtcTime: 2024-03-28 01:06:06.420
User: MY-CALDERA\johnny.douche"
MY-CAL-WIN10.my-caldera.local,11,"File created:
RuleName: Sysmonv1514
UtcTime: 2024-08-20 01:59:51.327
ProcessGuid: {ca24abc9-d6b1-66c3-ba00-000000001d00}
ProcessId: 6760
Image: C:\Program Files\WinlogBeat\winlogbeat.exe
TargetFilename: C:\ProgramData\winlogbeat\.winlogbeat.yml.new
CreationUtcTime: 2024-08-20 01:55:24.500
User: NT AUTHORITY\SYSTEM"
MY-CAL-WIN10.my-caldera.local,11,"File created:
RuleName: DO
UtcTime: 2024-08-20 00:37:36.967
ProcessGuid: {ca24abc9-e550-66c3-c307-000000001d00}
ProcessId: 8728
Image: C:\Windows\System32\WindowsPowerShell\v1.0\powershell.exe
TargetFilename: C:\Users\johnny.douche\AppData\Local\Microsoft\Windows\PowerShell\StartupProfileData-NonInteractive
CreationUtcTime: 2024-03-28 01:06:06.420
User: MY-CALDERA\johnny.douche"
MY-CAL-WIN10.my-caldera.local,11,"File created:
RuleName: DO
UtcTime: 2024-08-20 00:37:36.596
ProcessGuid: {ca24abc9-e54f-66c3-c107-000000001d00}
ProcessId: 9632
Image: C:\Windows\System32\WindowsPowerShell\v1.0\powershell.exe
TargetFilename: C:\Users\johnny.douche\AppData\Local\Microsoft\Windows\PowerShell\StartupProfileData-NonInteractive
CreationUtcTime: 2024-03-28 01:06:06.420
User: MY-CALDERA\johnny.douche"
MY-CAL-WIN10.my-caldera.local,11,"File created:
RuleName: DO
UtcTime: 2024-08-20 00:37:41.676
ProcessGuid: {ca24abc9-e555-66c3-cf07-000000001d00}
ProcessId: 160
Image: C:\Windows\System32\WindowsPowerShell\v1.0\powershell.exe
TargetFilename: C:\Users\johnny.douche\AppData\Local\Microsoft\Windows\PowerShell\StartupProfileData-NonInteractive
CreationUtcTime: 2024-03-28 01:06:06.420
User: MY-CALDERA\johnny.douche"
MY-CAL-WIN10.my-caldera.local,11,"File created:
RuleName: DO
UtcTime: 2024-08-20 00:38:01.776
ProcessGuid: {ca24abc9-e569-66c3-dc07-000000001d00}
ProcessId: 9868
Image: C:\Windows\System32\WindowsPowerShell\v1.0\powershell.exe
TargetFilename: C:\Users\johnny.douche\AppData\Local\Microsoft\Windows\PowerShell\StartupProfileData-NonInteractive
CreationUtcTime: 2024-03-28 01:06:06.420
User: MY-CALDERA\johnny.douche"
MY-CAL-WIN10.my-caldera.local,11,"File created:
RuleName: DO
UtcTime: 2024-08-20 00:38:16.164
ProcessGuid: {ca24abc9-e577-66c3-e707-000000001d00}
ProcessId: 2112
Image: C:\Windows\System32\WindowsPowerShell\v1.0\powershell.exe
TargetFilename: C:\Users\johnny.douche\AppData\Local\Microsoft\Windows\PowerShell\StartupProfileData-NonInteractive
CreationUtcTime: 2024-03-28 01:06:06.420
User: MY-CALDERA\johnny.douche"
MY-CAL-WIN10.my-caldera.local,11,"File created:
RuleName: DO
UtcTime: 2024-08-20 00:38:18.712
ProcessGuid: {ca24abc9-e579-66c3-ea07-000000001d00}
ProcessId: 8372
Image: C:\Windows\System32\WindowsPowerShell\v1.0\powershell.exe
TargetFilename: C:\Users\johnny.douche\AppData\Local\Microsoft\Windows\PowerShell\StartupProfileData-NonInteractive
CreationUtcTime: 2024-03-28 01:06:06.420
User: MY-CALDERA\johnny.douche"
MY-CAL-WIN10.my-caldera.local,11,"File created:
RuleName: DO
UtcTime: 2024-08-20 00:38:17.704
ProcessGuid: {ca24abc9-e579-66c3-e807-000000001d00}
ProcessId: 10624
Image: C:\Windows\System32\WindowsPowerShell\v1.0\powershell.exe
TargetFilename: C:\Users\johnny.douche\AppData\Local\Microsoft\Windows\PowerShell\StartupProfileData-NonInteractive
CreationUtcTime: 2024-03-28 01:06:06.420
User: MY-CALDERA\johnny.douche"
MY-CAL-WIN10.my-caldera.local,11,"File created:
RuleName: DO
UtcTime: 2024-08-20 00:38:45.175
ProcessGuid: {ca24abc9-e594-66c3-1b08-000000001d00}
ProcessId: 11152
Image: C:\Windows\System32\WindowsPowerShell\v1.0\powershell.exe
TargetFilename: C:\Users\johnny.douche\AppData\Local\Microsoft\Windows\PowerShell\StartupProfileData-NonInteractive
CreationUtcTime: 2024-03-28 01:06:06.420
User: MY-CALDERA\johnny.douche"
MY-CAL-WIN10.my-caldera.local,11,"File created:
RuleName: DO
UtcTime: 2024-08-20 00:38:44.730
ProcessGuid: {ca24abc9-e594-66c3-1808-000000001d00}
ProcessId: 3672
Image: C:\Windows\System32\WindowsPowerShell\v1.0\powershell.exe
TargetFilename: C:\Users\johnny.douche\AppData\Local\Microsoft\Windows\PowerShell\StartupProfileData-NonInteractive
CreationUtcTime: 2024-03-28 01:06:06.420
User: MY-CALDERA\johnny.douche"
MY-CAL-WIN10.my-caldera.local,11,"File created:
RuleName: DO
UtcTime: 2024-08-20 00:39:01.600
ProcessGuid: {ca24abc9-e5a4-66c3-2508-000000001d00}
ProcessId: 9704
Image: C:\Windows\System32\WindowsPowerShell\v1.0\powershell.exe
TargetFilename: C:\Users\johnny.douche\AppData\Local\Microsoft\Windows\PowerShell\StartupProfileData-NonInteractive
CreationUtcTime: 2024-03-28 01:06:06.420
User: MY-CALDERA\johnny.douche"
