MY-CAL-WIN10.my-caldera.local,11,"File created:
RuleName: DO
UtcTime: 2024-08-20 00:15:04.122
ProcessGuid: {ca24abc9-e006-66c3-fc02-000000001d00}
ProcessId: 9816
Image: C:\Program Files (x86)\Microsoft Office\Root\Office16\WINWORD.EXE
TargetFilename: C:\Users\johnny.douche\AppData\Local\Microsoft\Office\16.0\winword.exe_Rules\rule68008v4.xml
CreationUtcTime: 2024-08-20 00:14:56.399
User: MY-CALDERA\johnny.douche"
MY-CAL-WIN10.my-caldera.local,11,"File created:
RuleName: DO
UtcTime: 2024-08-20 00:15:04.132
ProcessGuid: {ca24abc9-e006-66c3-fc02-000000001d00}
ProcessId: 9816
Image: C:\Program Files (x86)\Microsoft Office\Root\Office16\WINWORD.EXE
TargetFilename: C:\Users\johnny.douche\AppData\Local\Microsoft\Office\16.0\winword.exe_Rules\rule68015v1.xml
CreationUtcTime: 2024-08-20 00:14:56.409
User: MY-CALDERA\johnny.douche"
MY-CAL-WIN10.my-caldera.local,11,"File created:
RuleName: DO
UtcTime: 2024-08-20 00:15:04.145
ProcessGuid: {ca24abc9-e006-66c3-fc02-000000001d00}
ProcessId: 9816
Image: C:\Program Files (x86)\Microsoft Office\Root\Office16\WINWORD.EXE
TargetFilename: C:\Users\johnny.douche\AppData\Local\Microsoft\Office\16.0\winword.exe_Rules\rule68025v1.xml
CreationUtcTime: 2024-08-20 00:14:56.422
User: MY-CALDERA\johnny.douche"
MY-CAL-WIN10.my-caldera.local,11,"File created:
RuleName: DO
UtcTime: 2024-08-20 00:15:04.153
ProcessGuid: {ca24abc9-e006-66c3-fc02-000000001d00}
ProcessId: 9816
Image: C:\Program Files (x86)\Microsoft Office\Root\Office16\WINWORD.EXE
TargetFilename: C:\Users\johnny.douche\AppData\Local\Microsoft\Office\16.0\winword.exe_Rules\rule68031v0.xml
CreationUtcTime: 2024-08-20 00:14:56.431
User: MY-CALDERA\johnny.douche"
MY-CAL-WIN10.my-caldera.local,11,"File created:
RuleName: DO
UtcTime: 2024-08-20 00:15:04.172
ProcessGuid: {ca24abc9-e006-66c3-fc02-000000001d00}
ProcessId: 9816
Image: C:\Program Files (x86)\Microsoft Office\Root\Office16\WINWORD.EXE
TargetFilename: C:\Users\johnny.douche\AppData\Local\Microsoft\Office\16.0\winword.exe_Rules\rule700051v1.xml
CreationUtcTime: 2024-08-20 00:14:56.449
User: MY-CALDERA\johnny.douche"
MY-CAL-WIN10.my-caldera.local,11,"File created:
RuleName: DO
UtcTime: 2024-08-20 00:15:04.196
ProcessGuid: {ca24abc9-e006-66c3-fc02-000000001d00}
ProcessId: 9816
Image: C:\Program Files (x86)\Microsoft Office\Root\Office16\WINWORD.EXE
TargetFilename: C:\Users\johnny.douche\AppData\Local\Microsoft\Office\16.0\winword.exe_Rules\rule70031v0.xml
CreationUtcTime: 2024-08-20 00:14:56.474
User: MY-CALDERA\johnny.douche"
MY-CAL-WIN10.my-caldera.local,11,"File created:
RuleName: DO
UtcTime: 2024-08-20 00:15:04.218
ProcessGuid: {ca24abc9-e006-66c3-fc02-000000001d00}
ProcessId: 9816
Image: C:\Program Files (x86)\Microsoft Office\Root\Office16\WINWORD.EXE
TargetFilename: C:\Users\johnny.douche\AppData\Local\Microsoft\Office\16.0\winword.exe_Rules\rule700700v1.xml
CreationUtcTime: 2024-08-20 00:14:56.499
User: MY-CALDERA\johnny.douche"
MY-CAL-WIN10.my-caldera.local,11,"File created:
RuleName: DO
UtcTime: 2024-08-20 00:15:04.219
ProcessGuid: {ca24abc9-e006-66c3-fc02-000000001d00}
ProcessId: 9816
Image: C:\Program Files (x86)\Microsoft Office\Root\Office16\WINWORD.EXE
TargetFilename: C:\Users\johnny.douche\AppData\Local\Microsoft\Office\16.0\winword.exe_Rules\rule700701v1.xml
CreationUtcTime: 2024-08-20 00:14:56.500
User: MY-CALDERA\johnny.douche"
MY-CAL-WIN10.my-caldera.local,11,"File created:
RuleName: DO
UtcTime: 2024-08-20 00:15:04.220
ProcessGuid: {ca24abc9-e006-66c3-fc02-000000001d00}
ProcessId: 9816
Image: C:\Program Files (x86)\Microsoft Office\Root\Office16\WINWORD.EXE
TargetFilename: C:\Users\johnny.douche\AppData\Local\Microsoft\Office\16.0\winword.exe_Rules\rule700750v1.xml
CreationUtcTime: 2024-08-20 00:14:56.501
User: MY-CALDERA\johnny.douche"
MY-CAL-WIN10.my-caldera.local,11,"File created:
RuleName: DO
UtcTime: 2024-08-20 00:15:04.222
ProcessGuid: {ca24abc9-e006-66c3-fc02-000000001d00}
ProcessId: 9816
Image: C:\Program Files (x86)\Microsoft Office\Root\Office16\WINWORD.EXE
TargetFilename: C:\Users\johnny.douche\AppData\Local\Microsoft\Office\16.0\winword.exe_Rules\rule700751v1.xml
CreationUtcTime: 2024-08-20 00:14:56.502
User: MY-CALDERA\johnny.douche"
MY-CAL-WIN10.my-caldera.local,11,"File created:
RuleName: DO
UtcTime: 2024-08-20 00:15:04.223
ProcessGuid: {ca24abc9-e006-66c3-fc02-000000001d00}
ProcessId: 9816
Image: C:\Program Files (x86)\Microsoft Office\Root\Office16\WINWORD.EXE
TargetFilename: C:\Users\johnny.douche\AppData\Local\Microsoft\Office\16.0\winword.exe_Rules\rule700850v1.xml
CreationUtcTime: 2024-08-20 00:14:56.504
User: MY-CALDERA\johnny.douche"
MY-CAL-WIN10.my-caldera.local,11,"File created:
RuleName: DO
UtcTime: 2024-08-20 00:15:04.224
ProcessGuid: {ca24abc9-e006-66c3-fc02-000000001d00}
ProcessId: 9816
Image: C:\Program Files (x86)\Microsoft Office\Root\Office16\WINWORD.EXE
TargetFilename: C:\Users\johnny.douche\AppData\Local\Microsoft\Office\16.0\winword.exe_Rules\rule700851v1.xml
CreationUtcTime: 2024-08-20 00:14:56.505
User: MY-CALDERA\johnny.douche"
MY-CAL-WIN10.my-caldera.local,11,"File created:
RuleName: DO
UtcTime: 2024-08-20 00:15:04.226
ProcessGuid: {ca24abc9-e006-66c3-fc02-000000001d00}
ProcessId: 9816
Image: C:\Program Files (x86)\Microsoft Office\Root\Office16\WINWORD.EXE
TargetFilename: C:\Users\johnny.douche\AppData\Local\Microsoft\Office\16.0\winword.exe_Rules\rule700900v1.xml
CreationUtcTime: 2024-08-20 00:14:56.506
User: MY-CALDERA\johnny.douche"
MY-CAL-WIN10.my-caldera.local,11,"File created:
RuleName: DO
UtcTime: 2024-08-20 00:15:04.227
ProcessGuid: {ca24abc9-e006-66c3-fc02-000000001d00}
ProcessId: 9816
Image: C:\Program Files (x86)\Microsoft Office\Root\Office16\WINWORD.EXE
TargetFilename: C:\Users\johnny.douche\AppData\Local\Microsoft\Office\16.0\winword.exe_Rules\rule700901v1.xml
CreationUtcTime: 2024-08-20 00:14:56.507
User: MY-CALDERA\johnny.douche"
MY-CAL-WIN10.my-caldera.local,11,"File created:
RuleName: DO
UtcTime: 2024-08-20 00:15:03.768
ProcessGuid: {ca24abc9-e006-66c3-fc02-000000001d00}
ProcessId: 9816
Image: C:\Program Files (x86)\Microsoft Office\Root\Office16\WINWORD.EXE
TargetFilename: C:\Users\johnny.douche\AppData\Local\Microsoft\Office\16.0\winword.exe_Rules\rule170138v0.xml
CreationUtcTime: 2024-08-20 00:14:56.012
User: MY-CALDERA\johnny.douche"
MY-CAL-WIN10.my-caldera.local,11,"File created:
RuleName: DO
UtcTime: 2024-08-20 00:15:03.792
ProcessGuid: {ca24abc9-e006-66c3-fc02-000000001d00}
ProcessId: 9816
Image: C:\Program Files (x86)\Microsoft Office\Root\Office16\WINWORD.EXE
TargetFilename: C:\Users\johnny.douche\AppData\Local\Microsoft\Office\16.0\winword.exe_Rules\rule222102v1.xml
CreationUtcTime: 2024-08-20 00:14:56.046
User: MY-CALDERA\johnny.douche"
MY-CAL-WIN10.my-caldera.local,11,"File created:
RuleName: DO
UtcTime: 2024-08-20 00:15:03.800
ProcessGuid: {ca24abc9-e006-66c3-fc02-000000001d00}
ProcessId: 9816
Image: C:\Program Files (x86)\Microsoft Office\Root\Office16\WINWORD.EXE
TargetFilename: C:\Users\johnny.douche\AppData\Local\Microsoft\Office\16.0\winword.exe_Rules\rule224013v0.xml
CreationUtcTime: 2024-08-20 00:14:56.057
User: MY-CALDERA\johnny.douche"
MY-CAL-WIN10.my-caldera.local,11,"File created:
RuleName: DO
UtcTime: 2024-08-20 00:15:03.819
ProcessGuid: {ca24abc9-e006-66c3-fc02-000000001d00}
ProcessId: 9816
Image: C:\Program Files (x86)\Microsoft Office\Root\Office16\WINWORD.EXE
TargetFilename: C:\Users\johnny.douche\AppData\Local\Microsoft\Office\16.0\winword.exe_Rules\rule224083v0.xml
CreationUtcTime: 2024-08-20 00:14:56.076
User: MY-CALDERA\johnny.douche"
MY-CAL-WIN10.my-caldera.local,11,"File created:
RuleName: DO
UtcTime: 2024-08-20 00:15:03.833
ProcessGuid: {ca24abc9-e006-66c3-fc02-000000001d00}
ProcessId: 9816
Image: C:\Program Files (x86)\Microsoft Office\Root\Office16\WINWORD.EXE
TargetFilename: C:\Users\johnny.douche\AppData\Local\Microsoft\Office\16.0\winword.exe_Rules\rule224902v2.xml
CreationUtcTime: 2024-08-20 00:14:56.087
User: MY-CALDERA\johnny.douche"
MY-CAL-WIN10.my-caldera.local,11,"File created:
RuleName: DO
UtcTime: 2024-08-20 00:15:03.868
ProcessGuid: {ca24abc9-e006-66c3-fc02-000000001d00}
ProcessId: 9816
Image: C:\Program Files (x86)\Microsoft Office\Root\Office16\WINWORD.EXE
TargetFilename: C:\Users\johnny.douche\AppData\Local\Microsoft\Office\16.0\winword.exe_Rules\rule240014v1.xml
CreationUtcTime: 2024-08-20 00:14:56.122
User: MY-CALDERA\johnny.douche"
MY-CAL-WIN10.my-caldera.local,11,"File created:
RuleName: DO
UtcTime: 2024-08-20 00:15:03.886
ProcessGuid: {ca24abc9-e006-66c3-fc02-000000001d00}
ProcessId: 9816
Image: C:\Program Files (x86)\Microsoft Office\Root\Office16\WINWORD.EXE
TargetFilename: C:\Users\johnny.douche\AppData\Local\Microsoft\Office\16.0\winword.exe_Rules\rule240038v0.xml
CreationUtcTime: 2024-08-20 00:14:56.150
User: MY-CALDERA\johnny.douche"
MY-CAL-WIN10.my-caldera.local,11,"File created:
RuleName: DO
UtcTime: 2024-08-20 00:15:03.895
ProcessGuid: {ca24abc9-e006-66c3-fc02-000000001d00}
ProcessId: 9816
Image: C:\Program Files (x86)\Microsoft Office\Root\Office16\WINWORD.EXE
TargetFilename: C:\Users\johnny.douche\AppData\Local\Microsoft\Office\16.0\winword.exe_Rules\rule320002v5.xml
CreationUtcTime: 2024-08-20 00:14:56.163
User: MY-CALDERA\johnny.douche"
MY-CAL-WIN10.my-caldera.local,11,"File created:
RuleName: DO
UtcTime: 2024-08-20 00:15:03.916
ProcessGuid: {ca24abc9-e006-66c3-fc02-000000001d00}
ProcessId: 9816
Image: C:\Program Files (x86)\Microsoft Office\Root\Office16\WINWORD.EXE
TargetFilename: C:\Users\johnny.douche\AppData\Local\Microsoft\Office\16.0\winword.exe_Rules\rule322001v0.xml
CreationUtcTime: 2024-08-20 00:14:56.187
User: MY-CALDERA\johnny.douche"
MY-CAL-WIN10.my-caldera.local,11,"File created:
RuleName: DO
UtcTime: 2024-08-20 00:15:03.925
ProcessGuid: {ca24abc9-e006-66c3-fc02-000000001d00}
ProcessId: 9816
Image: C:\Program Files (x86)\Microsoft Office\Root\Office16\WINWORD.EXE
TargetFilename: C:\Users\johnny.douche\AppData\Local\Microsoft\Office\16.0\winword.exe_Rules\rule324005v2.xml
CreationUtcTime: 2024-08-20 00:14:56.196
User: MY-CALDERA\johnny.douche"
MY-CAL-WIN10.my-caldera.local,11,"File created:
RuleName: DO
UtcTime: 2024-08-20 00:15:03.955
ProcessGuid: {ca24abc9-e006-66c3-fc02-000000001d00}
ProcessId: 9816
Image: C:\Program Files (x86)\Microsoft Office\Root\Office16\WINWORD.EXE
TargetFilename: C:\Users\johnny.douche\AppData\Local\Microsoft\Office\16.0\winword.exe_Rules\rule326001v0.xml
CreationUtcTime: 2024-08-20 00:14:56.226
User: MY-CALDERA\johnny.douche"
MY-CAL-WIN10.my-caldera.local,11,"File created:
RuleName: DO
UtcTime: 2024-08-20 00:15:03.965
ProcessGuid: {ca24abc9-e006-66c3-fc02-000000001d00}
ProcessId: 9816
Image: C:\Program Files (x86)\Microsoft Office\Root\Office16\WINWORD.EXE
TargetFilename: C:\Users\johnny.douche\AppData\Local\Microsoft\Office\16.0\winword.exe_Rules\rule370002v2.xml
CreationUtcTime: 2024-08-20 00:14:56.237
User: MY-CALDERA\johnny.douche"
MY-CAL-WIN10.my-caldera.local,11,"File created:
RuleName: DO
UtcTime: 2024-08-20 00:15:03.985
ProcessGuid: {ca24abc9-e006-66c3-fc02-000000001d00}
ProcessId: 9816
Image: C:\Program Files (x86)\Microsoft Office\Root\Office16\WINWORD.EXE
TargetFilename: C:\Users\johnny.douche\AppData\Local\Microsoft\Office\16.0\winword.exe_Rules\rule490005v3.xml
CreationUtcTime: 2024-08-20 00:14:56.258
User: MY-CALDERA\johnny.douche"
MY-CAL-WIN10.my-caldera.local,11,"File created:
RuleName: DO
UtcTime: 2024-08-20 00:15:04.016
ProcessGuid: {ca24abc9-e006-66c3-fc02-000000001d00}
ProcessId: 9816
Image: C:\Program Files (x86)\Microsoft Office\Root\Office16\WINWORD.EXE
TargetFilename: C:\Users\johnny.douche\AppData\Local\Microsoft\Office\16.0\winword.exe_Rules\rule500003v2.xml
CreationUtcTime: 2024-08-20 00:14:56.290
User: MY-CALDERA\johnny.douche"
MY-CAL-WIN10.my-caldera.local,11,"File created:
RuleName: DO
UtcTime: 2024-08-20 00:15:04.023
ProcessGuid: {ca24abc9-e006-66c3-fc02-000000001d00}
ProcessId: 9816
Image: C:\Program Files (x86)\Microsoft Office\Root\Office16\WINWORD.EXE
TargetFilename: C:\Users\johnny.douche\AppData\Local\Microsoft\Office\16.0\winword.exe_Rules\rule500008v2.xml
CreationUtcTime: 2024-08-20 00:14:56.297
User: MY-CALDERA\johnny.douche"
MY-CAL-WIN10.my-caldera.local,11,"File created:
RuleName: DO
UtcTime: 2024-08-20 00:15:04.047
ProcessGuid: {ca24abc9-e006-66c3-fc02-000000001d00}
ProcessId: 9816
Image: C:\Program Files (x86)\Microsoft Office\Root\Office16\WINWORD.EXE
TargetFilename: C:\Users\johnny.douche\AppData\Local\Microsoft\Office\16.0\winword.exe_Rules\rule510046v0.xml
CreationUtcTime: 2024-08-20 00:14:56.319
User: MY-CALDERA\johnny.douche"
MY-CAL-WIN10.my-caldera.local,11,"File created:
RuleName: DO
UtcTime: 2024-08-20 00:15:04.066
ProcessGuid: {ca24abc9-e006-66c3-fc02-000000001d00}
ProcessId: 9816
Image: C:\Program Files (x86)\Microsoft Office\Root\Office16\WINWORD.EXE
TargetFilename: C:\Users\johnny.douche\AppData\Local\Microsoft\Office\16.0\winword.exe_Rules\rule63040v2.xml
CreationUtcTime: 2024-08-20 00:14:56.341
User: MY-CALDERA\johnny.douche"
MY-CAL-WIN10.my-caldera.local,11,"File created:
RuleName: DO
UtcTime: 2024-08-20 00:15:04.097
ProcessGuid: {ca24abc9-e006-66c3-fc02-000000001d00}
ProcessId: 9816
Image: C:\Program Files (x86)\Microsoft Office\Root\Office16\WINWORD.EXE
TargetFilename: C:\Users\johnny.douche\AppData\Local\Microsoft\Office\16.0\winword.exe_Rules\rule63078v0.xml
CreationUtcTime: 2024-08-20 00:14:56.377
User: MY-CALDERA\johnny.douche"
MY-CAL-WIN10.my-caldera.local,11,"File created:
RuleName: DO
UtcTime: 2024-08-20 00:15:04.103
ProcessGuid: {ca24abc9-e006-66c3-fc02-000000001d00}
ProcessId: 9816
Image: C:\Program Files (x86)\Microsoft Office\Root\Office16\WINWORD.EXE
TargetFilename: C:\Users\johnny.douche\AppData\Local\Microsoft\Office\16.0\winword.exe_Rules\rule65139v0.xml
CreationUtcTime: 2024-08-20 00:14:56.382
User: MY-CALDERA\johnny.douche"
MY-CAL-WIN10.my-caldera.local,11,"File created:
RuleName: DO
UtcTime: 2024-08-20 00:15:04.109
ProcessGuid: {ca24abc9-e006-66c3-fc02-000000001d00}
ProcessId: 9816
Image: C:\Program Files (x86)\Microsoft Office\Root\Office16\WINWORD.EXE
TargetFilename: C:\Users\johnny.douche\AppData\Local\Microsoft\Office\16.0\winword.exe_Rules\rule680003v1.xml
CreationUtcTime: 2024-08-20 00:14:56.387
User: MY-CALDERA\johnny.douche"
MY-CAL-WIN10.my-caldera.local,11,"File created:
RuleName: DO
UtcTime: 2024-08-20 00:15:04.158
ProcessGuid: {ca24abc9-e006-66c3-fc02-000000001d00}
ProcessId: 9816
Image: C:\Program Files (x86)\Microsoft Office\Root\Office16\WINWORD.EXE
TargetFilename: C:\Users\johnny.douche\AppData\Local\Microsoft\Office\16.0\winword.exe_Rules\rule68040v0.xml
CreationUtcTime: 2024-08-20 00:14:56.435
User: MY-CALDERA\johnny.douche"
MY-CAL-WIN10.my-caldera.local,11,"File created:
RuleName: DO
UtcTime: 2024-08-20 00:15:04.177
ProcessGuid: {ca24abc9-e006-66c3-fc02-000000001d00}
ProcessId: 9816
Image: C:\Program Files (x86)\Microsoft Office\Root\Office16\WINWORD.EXE
TargetFilename: C:\Users\johnny.douche\AppData\Local\Microsoft\Office\16.0\winword.exe_Rules\rule700101v1.xml
CreationUtcTime: 2024-08-20 00:14:56.454
User: MY-CALDERA\johnny.douche"
MY-CAL-WIN10.my-caldera.local,11,"File created:
RuleName: DO
UtcTime: 2024-08-20 00:15:04.190
ProcessGuid: {ca24abc9-e006-66c3-fc02-000000001d00}
ProcessId: 9816
Image: C:\Program Files (x86)\Microsoft Office\Root\Office16\WINWORD.EXE
TargetFilename: C:\Users\johnny.douche\AppData\Local\Microsoft\Office\16.0\winword.exe_Rules\rule70029v0.xml
CreationUtcTime: 2024-08-20 00:14:56.469
User: MY-CALDERA\johnny.douche"
MY-CAL-WIN10.my-caldera.local,11,"File created:
RuleName: DO
UtcTime: 2024-08-20 00:15:04.199
ProcessGuid: {ca24abc9-e006-66c3-fc02-000000001d00}
ProcessId: 9816
Image: C:\Program Files (x86)\Microsoft Office\Root\Office16\WINWORD.EXE
TargetFilename: C:\Users\johnny.douche\AppData\Local\Microsoft\Office\16.0\winword.exe_Rules\rule700351v1.xml
CreationUtcTime: 2024-08-20 00:14:56.477
User: MY-CALDERA\johnny.douche"
MY-CAL-WIN10.my-caldera.local,11,"File created:
RuleName: DO
UtcTime: 2024-08-20 00:15:04.250
ProcessGuid: {ca24abc9-e006-66c3-fc02-000000001d00}
ProcessId: 9816
Image: C:\Program Files (x86)\Microsoft Office\Root\Office16\WINWORD.EXE
TargetFilename: C:\Users\johnny.douche\AppData\Local\Microsoft\Office\16.0\winword.exe_Rules\rule701401v1.xml
CreationUtcTime: 2024-08-20 00:14:56.533
User: MY-CALDERA\johnny.douche"
MY-CAL-WIN10.my-caldera.local,11,"File created:
RuleName: DO
UtcTime: 2024-08-20 00:15:04.425
ProcessGuid: {ca24abc9-e006-66c3-fc02-000000001d00}
ProcessId: 9816
Image: C:\Program Files (x86)\Microsoft Office\Root\Office16\WINWORD.EXE
TargetFilename: C:\Users\johnny.douche\AppData\Local\Microsoft\Office\16.0\winword.exe_Rules\rule703250v1.xml
CreationUtcTime: 2024-08-20 00:14:56.646
User: MY-CALDERA\johnny.douche"
MY-CAL-WIN10.my-caldera.local,11,"File created:
RuleName: DO
UtcTime: 2024-08-20 00:15:03.773
ProcessGuid: {ca24abc9-e006-66c3-fc02-000000001d00}
ProcessId: 9816
Image: C:\Program Files (x86)\Microsoft Office\Root\Office16\WINWORD.EXE
TargetFilename: C:\Users\johnny.douche\AppData\Local\Microsoft\Office\16.0\winword.exe_Rules\rule170142v2.xml
CreationUtcTime: 2024-08-20 00:14:56.022
User: MY-CALDERA\johnny.douche"
MY-CAL-WIN10.my-caldera.local,11,"File created:
RuleName: DO
UtcTime: 2024-08-20 00:15:03.788
ProcessGuid: {ca24abc9-e006-66c3-fc02-000000001d00}
ProcessId: 9816
Image: C:\Program Files (x86)\Microsoft Office\Root\Office16\WINWORD.EXE
TargetFilename: C:\Users\johnny.douche\AppData\Local\Microsoft\Office\16.0\winword.exe_Rules\rule222049v1.xml
CreationUtcTime: 2024-08-20 00:14:56.041
User: MY-CALDERA\johnny.douche"
MY-CAL-WIN10.my-caldera.local,11,"File created:
RuleName: DO
UtcTime: 2024-08-20 00:15:03.804
ProcessGuid: {ca24abc9-e006-66c3-fc02-000000001d00}
ProcessId: 9816
Image: C:\Program Files (x86)\Microsoft Office\Root\Office16\WINWORD.EXE
TargetFilename: C:\Users\johnny.douche\AppData\Local\Microsoft\Office\16.0\winword.exe_Rules\rule224061v0.xml
CreationUtcTime: 2024-08-20 00:14:56.061
User: MY-CALDERA\johnny.douche"
MY-CAL-WIN10.my-caldera.local,11,"File created:
RuleName: DO
UtcTime: 2024-08-20 00:15:03.814
ProcessGuid: {ca24abc9-e006-66c3-fc02-000000001d00}
ProcessId: 9816
Image: C:\Program Files (x86)\Microsoft Office\Root\Office16\WINWORD.EXE
TargetFilename: C:\Users\johnny.douche\AppData\Local\Microsoft\Office\16.0\winword.exe_Rules\rule224074v1.xml
CreationUtcTime: 2024-08-20 00:14:56.071
User: MY-CALDERA\johnny.douche"
MY-CAL-WIN10.my-caldera.local,11,"File created:
RuleName: DO
UtcTime: 2024-08-20 00:15:03.840
ProcessGuid: {ca24abc9-e006-66c3-fc02-000000001d00}
ProcessId: 9816
Image: C:\Program Files (x86)\Microsoft Office\Root\Office16\WINWORD.EXE
TargetFilename: C:\Users\johnny.douche\AppData\Local\Microsoft\Office\16.0\winword.exe_Rules\rule226000v0.xml
CreationUtcTime: 2024-08-20 00:14:56.092
User: MY-CALDERA\johnny.douche"
MY-CAL-WIN10.my-caldera.local,11,"File created:
RuleName: DO
UtcTime: 2024-08-20 00:15:03.871
ProcessGuid: {ca24abc9-e006-66c3-fc02-000000001d00}
ProcessId: 9816
Image: C:\Program Files (x86)\Microsoft Office\Root\Office16\WINWORD.EXE
TargetFilename: C:\Users\johnny.douche\AppData\Local\Microsoft\Office\16.0\winword.exe_Rules\rule240018v0.xml
CreationUtcTime: 2024-08-20 00:14:56.130
User: MY-CALDERA\johnny.douche"
MY-CAL-WIN10.my-caldera.local,11,"File created:
RuleName: DO
UtcTime: 2024-08-20 00:15:03.881
ProcessGuid: {ca24abc9-e006-66c3-fc02-000000001d00}
ProcessId: 9816
Image: C:\Program Files (x86)\Microsoft Office\Root\Office16\WINWORD.EXE
TargetFilename: C:\Users\johnny.douche\AppData\Local\Microsoft\Office\16.0\winword.exe_Rules\rule240031v0.xml
CreationUtcTime: 2024-08-20 00:14:56.143
User: MY-CALDERA\johnny.douche"
MY-CAL-WIN10.my-caldera.local,11,"File created:
RuleName: DO
UtcTime: 2024-08-20 00:15:03.910
ProcessGuid: {ca24abc9-e006-66c3-fc02-000000001d00}
ProcessId: 9816
Image: C:\Program Files (x86)\Microsoft Office\Root\Office16\WINWORD.EXE
TargetFilename: C:\Users\johnny.douche\AppData\Local\Microsoft\Office\16.0\winword.exe_Rules\rule320032v0.xml
CreationUtcTime: 2024-08-20 00:14:56.182
User: MY-CALDERA\johnny.douche"
MY-CAL-WIN10.my-caldera.local,11,"File created:
RuleName: DO
UtcTime: 2024-08-20 00:15:03.920
ProcessGuid: {ca24abc9-e006-66c3-fc02-000000001d00}
ProcessId: 9816
Image: C:\Program Files (x86)\Microsoft Office\Root\Office16\WINWORD.EXE
TargetFilename: C:\Users\johnny.douche\AppData\Local\Microsoft\Office\16.0\winword.exe_Rules\rule324001v6.xml
CreationUtcTime: 2024-08-20 00:14:56.191
User: MY-CALDERA\johnny.douche"
MY-CAL-WIN10.my-caldera.local,11,"File created:
RuleName: DO
UtcTime: 2024-08-20 00:15:03.940
ProcessGuid: {ca24abc9-e006-66c3-fc02-000000001d00}
ProcessId: 9816
Image: C:\Program Files (x86)\Microsoft Office\Root\Office16\WINWORD.EXE
TargetFilename: C:\Users\johnny.douche\AppData\Local\Microsoft\Office\16.0\winword.exe_Rules\rule324010v3.xml
CreationUtcTime: 2024-08-20 00:14:56.211
User: MY-CALDERA\johnny.douche"
MY-CAL-WIN10.my-caldera.local,11,"File created:
RuleName: DO
UtcTime: 2024-08-20 00:15:03.970
ProcessGuid: {ca24abc9-e006-66c3-fc02-000000001d00}
ProcessId: 9816
Image: C:\Program Files (x86)\Microsoft Office\Root\Office16\WINWORD.EXE
TargetFilename: C:\Users\johnny.douche\AppData\Local\Microsoft\Office\16.0\winword.exe_Rules\rule370009v0.xml
CreationUtcTime: 2024-08-20 00:14:56.243
User: MY-CALDERA\johnny.douche"
MY-CAL-WIN10.my-caldera.local,11,"File created:
RuleName: DO
UtcTime: 2024-08-20 00:15:04.019
ProcessGuid: {ca24abc9-e006-66c3-fc02-000000001d00}
ProcessId: 9816
Image: C:\Program Files (x86)\Microsoft Office\Root\Office16\WINWORD.EXE
TargetFilename: C:\Users\johnny.douche\AppData\Local\Microsoft\Office\16.0\winword.exe_Rules\rule500005v2.xml
CreationUtcTime: 2024-08-20 00:14:56.293
User: MY-CALDERA\johnny.douche"
MY-CAL-WIN10.my-caldera.local,11,"File created:
RuleName: DO
UtcTime: 2024-08-20 00:15:04.041
ProcessGuid: {ca24abc9-e006-66c3-fc02-000000001d00}
ProcessId: 9816
Image: C:\Program Files (x86)\Microsoft Office\Root\Office16\WINWORD.EXE
TargetFilename: C:\Users\johnny.douche\AppData\Local\Microsoft\Office\16.0\winword.exe_Rules\rule510015v0.xml
CreationUtcTime: 2024-08-20 00:14:56.314
User: MY-CALDERA\johnny.douche"
MY-CAL-WIN10.my-caldera.local,11,"File created:
RuleName: DO
UtcTime: 2024-08-20 00:15:04.061
ProcessGuid: {ca24abc9-e006-66c3-fc02-000000001d00}
ProcessId: 9816
Image: C:\Program Files (x86)\Microsoft Office\Root\Office16\WINWORD.EXE
TargetFilename: C:\Users\johnny.douche\AppData\Local\Microsoft\Office\16.0\winword.exe_Rules\rule610010v0.xml
CreationUtcTime: 2024-08-20 00:14:56.335
User: MY-CALDERA\johnny.douche"
MY-CAL-WIN10.my-caldera.local,11,"File created:
RuleName: DO
UtcTime: 2024-08-20 00:15:04.070
ProcessGuid: {ca24abc9-e006-66c3-fc02-000000001d00}
ProcessId: 9816
Image: C:\Program Files (x86)\Microsoft Office\Root\Office16\WINWORD.EXE
TargetFilename: C:\Users\johnny.douche\AppData\Local\Microsoft\Office\16.0\winword.exe_Rules\rule63046v10.xml
CreationUtcTime: 2024-08-20 00:14:56.346
User: MY-CALDERA\johnny.douche"
MY-CAL-WIN10.my-caldera.local,11,"File created:
RuleName: DO
UtcTime: 2024-08-20 00:15:04.080
ProcessGuid: {ca24abc9-e006-66c3-fc02-000000001d00}
ProcessId: 9816
Image: C:\Program Files (x86)\Microsoft Office\Root\Office16\WINWORD.EXE
TargetFilename: C:\Users\johnny.douche\AppData\Local\Microsoft\Office\16.0\winword.exe_Rules\rule63056v9.xml
CreationUtcTime: 2024-08-20 00:14:56.362
User: MY-CALDERA\johnny.douche"
MY-CAL-WIN10.my-caldera.local,11,"File created:
RuleName: DO
UtcTime: 2024-08-20 00:15:04.091
ProcessGuid: {ca24abc9-e006-66c3-fc02-000000001d00}
ProcessId: 9816
Image: C:\Program Files (x86)\Microsoft Office\Root\Office16\WINWORD.EXE
TargetFilename: C:\Users\johnny.douche\AppData\Local\Microsoft\Office\16.0\winword.exe_Rules\rule63069v0.xml
CreationUtcTime: 2024-08-20 00:14:56.371
User: MY-CALDERA\johnny.douche"
MY-CAL-WIN10.my-caldera.local,11,"File created:
RuleName: DO
UtcTime: 2024-08-20 00:15:04.099
ProcessGuid: {ca24abc9-e006-66c3-fc02-000000001d00}
ProcessId: 9816
Image: C:\Program Files (x86)\Microsoft Office\Root\Office16\WINWORD.EXE
TargetFilename: C:\Users\johnny.douche\AppData\Local\Microsoft\Office\16.0\winword.exe_Rules\rule65136v1.xml
CreationUtcTime: 2024-08-20 00:14:56.378
User: MY-CALDERA\johnny.douche"
MY-CAL-WIN10.my-caldera.local,11,"File created:
RuleName: DO
UtcTime: 2024-08-20 00:15:04.106
ProcessGuid: {ca24abc9-e006-66c3-fc02-000000001d00}
ProcessId: 9816
Image: C:\Program Files (x86)\Microsoft Office\Root\Office16\WINWORD.EXE
TargetFilename: C:\Users\johnny.douche\AppData\Local\Microsoft\Office\16.0\winword.exe_Rules\rule680001v0.xml
CreationUtcTime: 2024-08-20 00:14:56.385
User: MY-CALDERA\johnny.douche"
MY-CAL-WIN10.my-caldera.local,11,"File created:
RuleName: DO
UtcTime: 2024-08-20 00:15:04.112
ProcessGuid: {ca24abc9-e006-66c3-fc02-000000001d00}
ProcessId: 9816
Image: C:\Program Files (x86)\Microsoft Office\Root\Office16\WINWORD.EXE
TargetFilename: C:\Users\johnny.douche\AppData\Local\Microsoft\Office\16.0\winword.exe_Rules\rule680006v0.xml
CreationUtcTime: 2024-08-20 00:14:56.390
User: MY-CALDERA\johnny.douche"
MY-CAL-WIN10.my-caldera.local,11,"File created:
RuleName: DO
UtcTime: 2024-08-20 00:15:04.120
ProcessGuid: {ca24abc9-e006-66c3-fc02-000000001d00}
ProcessId: 9816
Image: C:\Program Files (x86)\Microsoft Office\Root\Office16\WINWORD.EXE
TargetFilename: C:\Users\johnny.douche\AppData\Local\Microsoft\Office\16.0\winword.exe_Rules\rule68006v0.xml
CreationUtcTime: 2024-08-20 00:14:56.398
User: MY-CALDERA\johnny.douche"
MY-CAL-WIN10.my-caldera.local,11,"File created:
RuleName: DO
UtcTime: 2024-08-20 00:15:04.129
ProcessGuid: {ca24abc9-e006-66c3-fc02-000000001d00}
ProcessId: 9816
Image: C:\Program Files (x86)\Microsoft Office\Root\Office16\WINWORD.EXE
TargetFilename: C:\Users\johnny.douche\AppData\Local\Microsoft\Office\16.0\winword.exe_Rules\rule68013v9.xml
CreationUtcTime: 2024-08-20 00:14:56.407
User: MY-CALDERA\johnny.douche"
MY-CAL-WIN10.my-caldera.local,11,"File created:
RuleName: DO
UtcTime: 2024-08-20 00:15:04.143
ProcessGuid: {ca24abc9-e006-66c3-fc02-000000001d00}
ProcessId: 9816
Image: C:\Program Files (x86)\Microsoft Office\Root\Office16\WINWORD.EXE
TargetFilename: C:\Users\johnny.douche\AppData\Local\Microsoft\Office\16.0\winword.exe_Rules\rule68024v2.xml
CreationUtcTime: 2024-08-20 00:14:56.421
User: MY-CALDERA\johnny.douche"
MY-CAL-WIN10.my-caldera.local,11,"File created:
RuleName: DO
UtcTime: 2024-08-20 00:15:03.772
ProcessGuid: {ca24abc9-e006-66c3-fc02-000000001d00}
ProcessId: 9816
Image: C:\Program Files (x86)\Microsoft Office\Root\Office16\WINWORD.EXE
TargetFilename: C:\Users\johnny.douche\AppData\Local\Microsoft\Office\16.0\winword.exe_Rules\rule170141v0.xml
CreationUtcTime: 2024-08-20 00:14:56.018
User: MY-CALDERA\johnny.douche"
MY-CAL-WIN10.my-caldera.local,11,"File created:
RuleName: DO
UtcTime: 2024-08-20 00:15:04.152
ProcessGuid: {ca24abc9-e006-66c3-fc02-000000001d00}
ProcessId: 9816
Image: C:\Program Files (x86)\Microsoft Office\Root\Office16\WINWORD.EXE
TargetFilename: C:\Users\johnny.douche\AppData\Local\Microsoft\Office\16.0\winword.exe_Rules\rule68030v6.xml
CreationUtcTime: 2024-08-20 00:14:56.430
User: MY-CALDERA\johnny.douche"
MY-CAL-WIN10.my-caldera.local,11,"File created:
RuleName: DO
UtcTime: 2024-08-20 00:15:03.838
ProcessGuid: {ca24abc9-e006-66c3-fc02-000000001d00}
ProcessId: 9816
Image: C:\Program Files (x86)\Microsoft Office\Root\Office16\WINWORD.EXE
TargetFilename: C:\Users\johnny.douche\AppData\Local\Microsoft\Office\16.0\winword.exe_Rules\rule224910v1.xml
CreationUtcTime: 2024-08-20 00:14:56.091
User: MY-CALDERA\johnny.douche"
MY-CAL-WIN10.my-caldera.local,11,"File created:
RuleName: DO
UtcTime: 2024-08-20 00:15:03.870
ProcessGuid: {ca24abc9-e006-66c3-fc02-000000001d00}
ProcessId: 9816
Image: C:\Program Files (x86)\Microsoft Office\Root\Office16\WINWORD.EXE
TargetFilename: C:\Users\johnny.douche\AppData\Local\Microsoft\Office\16.0\winword.exe_Rules\rule240016v0.xml
CreationUtcTime: 2024-08-20 00:14:56.125
User: MY-CALDERA\johnny.douche"
MY-CAL-WIN10.my-caldera.local,11,"File created:
RuleName: DO
UtcTime: 2024-08-20 00:15:03.879
ProcessGuid: {ca24abc9-e006-66c3-fc02-000000001d00}
ProcessId: 9816
Image: C:\Program Files (x86)\Microsoft Office\Root\Office16\WINWORD.EXE
TargetFilename: C:\Users\johnny.douche\AppData\Local\Microsoft\Office\16.0\winword.exe_Rules\rule240030v0.xml
CreationUtcTime: 2024-08-20 00:14:56.142
User: MY-CALDERA\johnny.douche"
MY-CAL-WIN10.my-caldera.local,11,"File created:
RuleName: DO
UtcTime: 2024-08-20 00:15:04.417
ProcessGuid: {ca24abc9-e006-66c3-fc02-000000001d00}
ProcessId: 9816
Image: C:\Program Files (x86)\Microsoft Office\Root\Office16\WINWORD.EXE
TargetFilename: C:\Users\johnny.douche\AppData\Local\Microsoft\Office\16.0\winword.exe_Rules\rule703100v1.xml
CreationUtcTime: 2024-08-20 00:14:56.636
User: MY-CALDERA\johnny.douche"
MY-CAL-WIN10.my-caldera.local,11,"File created:
RuleName: DO
UtcTime: 2024-08-20 00:15:04.429
ProcessGuid: {ca24abc9-e006-66c3-fc02-000000001d00}
ProcessId: 9816
Image: C:\Program Files (x86)\Microsoft Office\Root\Office16\WINWORD.EXE
TargetFilename: C:\Users\johnny.douche\AppData\Local\Microsoft\Office\16.0\winword.exe_Rules\rule703301v0.xml
CreationUtcTime: 2024-08-20 00:14:56.652
User: MY-CALDERA\johnny.douche"
MY-CAL-WIN10.my-caldera.local,11,"File created:
RuleName: DO
UtcTime: 2024-08-20 00:15:03.909
ProcessGuid: {ca24abc9-e006-66c3-fc02-000000001d00}
ProcessId: 9816
Image: C:\Program Files (x86)\Microsoft Office\Root\Office16\WINWORD.EXE
TargetFilename: C:\Users\johnny.douche\AppData\Local\Microsoft\Office\16.0\winword.exe_Rules\rule320029v0.xml
CreationUtcTime: 2024-08-20 00:14:56.180
User: MY-CALDERA\johnny.douche"
MY-CAL-WIN10.my-caldera.local,11,"File created:
RuleName: DO
UtcTime: 2024-08-20 00:15:03.919
ProcessGuid: {ca24abc9-e006-66c3-fc02-000000001d00}
ProcessId: 9816
Image: C:\Program Files (x86)\Microsoft Office\Root\Office16\WINWORD.EXE
TargetFilename: C:\Users\johnny.douche\AppData\Local\Microsoft\Office\16.0\winword.exe_Rules\rule324001v4.xml
CreationUtcTime: 2024-08-20 00:14:56.190
User: MY-CALDERA\johnny.douche"
MY-CAL-WIN10.my-caldera.local,11,"File created:
RuleName: DO
UtcTime: 2024-08-20 00:15:03.939
ProcessGuid: {ca24abc9-e006-66c3-fc02-000000001d00}
ProcessId: 9816
Image: C:\Program Files (x86)\Microsoft Office\Root\Office16\WINWORD.EXE
TargetFilename: C:\Users\johnny.douche\AppData\Local\Microsoft\Office\16.0\winword.exe_Rules\rule324010v2.xml
CreationUtcTime: 2024-08-20 00:14:56.210
User: MY-CALDERA\johnny.douche"
MY-CAL-WIN10.my-caldera.local,11,"File created:
RuleName: DO
UtcTime: 2024-08-20 00:15:03.969
ProcessGuid: {ca24abc9-e006-66c3-fc02-000000001d00}
ProcessId: 9816
Image: C:\Program Files (x86)\Microsoft Office\Root\Office16\WINWORD.EXE
TargetFilename: C:\Users\johnny.douche\AppData\Local\Microsoft\Office\16.0\winword.exe_Rules\rule370007v3.xml
CreationUtcTime: 2024-08-20 00:14:56.240
User: MY-CALDERA\johnny.douche"
MY-CAL-WIN10.my-caldera.local,11,"File created:
RuleName: DO
UtcTime: 2024-08-20 00:15:04.039
ProcessGuid: {ca24abc9-e006-66c3-fc02-000000001d00}
ProcessId: 9816
Image: C:\Program Files (x86)\Microsoft Office\Root\Office16\WINWORD.EXE
TargetFilename: C:\Users\johnny.douche\AppData\Local\Microsoft\Office\16.0\winword.exe_Rules\rule510012v1.xml
CreationUtcTime: 2024-08-20 00:14:56.312
User: MY-CALDERA\johnny.douche"
MY-CAL-WIN10.my-caldera.local,11,"File created:
RuleName: DO
UtcTime: 2024-08-20 00:15:04.059
ProcessGuid: {ca24abc9-e006-66c3-fc02-000000001d00}
ProcessId: 9816
Image: C:\Program Files (x86)\Microsoft Office\Root\Office16\WINWORD.EXE
TargetFilename: C:\Users\johnny.douche\AppData\Local\Microsoft\Office\16.0\winword.exe_Rules\rule610009v0.xml
CreationUtcTime: 2024-08-20 00:14:56.333
User: MY-CALDERA\johnny.douche"
MY-CAL-WIN10.my-caldera.local,11,"File created:
RuleName: DO
UtcTime: 2024-08-20 00:15:04.119
ProcessGuid: {ca24abc9-e006-66c3-fc02-000000001d00}
ProcessId: 9816
Image: C:\Program Files (x86)\Microsoft Office\Root\Office16\WINWORD.EXE
TargetFilename: C:\Users\johnny.douche\AppData\Local\Microsoft\Office\16.0\winword.exe_Rules\rule68004v16.xml
CreationUtcTime: 2024-08-20 00:14:56.397
User: MY-CALDERA\johnny.douche"
MY-CAL-WIN10.my-caldera.local,11,"File created:
RuleName: DO
UtcTime: 2024-08-20 00:15:04.142
ProcessGuid: {ca24abc9-e006-66c3-fc02-000000001d00}
ProcessId: 9816
Image: C:\Program Files (x86)\Microsoft Office\Root\Office16\WINWORD.EXE
TargetFilename: C:\Users\johnny.douche\AppData\Local\Microsoft\Office\16.0\winword.exe_Rules\rule68023v2.xml
CreationUtcTime: 2024-08-20 00:14:56.420
User: MY-CALDERA\johnny.douche"
MY-CAL-WIN10.my-caldera.local,11,"File created:
RuleName: DO
UtcTime: 2024-08-20 00:15:04.151
ProcessGuid: {ca24abc9-e006-66c3-fc02-000000001d00}
ProcessId: 9816
Image: C:\Program Files (x86)\Microsoft Office\Root\Office16\WINWORD.EXE
TargetFilename: C:\Users\johnny.douche\AppData\Local\Microsoft\Office\16.0\winword.exe_Rules\rule68029v2.xml
CreationUtcTime: 2024-08-20 00:14:56.428
User: MY-CALDERA\johnny.douche"
MY-CAL-WIN10.my-caldera.local,11,"File created:
RuleName: DO
UtcTime: 2024-08-20 00:15:04.161
ProcessGuid: {ca24abc9-e006-66c3-fc02-000000001d00}
ProcessId: 9816
Image: C:\Program Files (x86)\Microsoft Office\Root\Office16\WINWORD.EXE
TargetFilename: C:\Users\johnny.douche\AppData\Local\Microsoft\Office\16.0\winword.exe_Rules\rule69700v0.xml
CreationUtcTime: 2024-08-20 00:14:56.438
User: MY-CALDERA\johnny.douche"
MY-CAL-WIN10.my-caldera.local,11,"File created:
RuleName: DO
UtcTime: 2024-08-20 00:15:04.170
ProcessGuid: {ca24abc9-e006-66c3-fc02-000000001d00}
ProcessId: 9816
Image: C:\Program Files (x86)\Microsoft Office\Root\Office16\WINWORD.EXE
TargetFilename: C:\Users\johnny.douche\AppData\Local\Microsoft\Office\16.0\winword.exe_Rules\rule70003v3.xml
CreationUtcTime: 2024-08-20 00:14:56.447
User: MY-CALDERA\johnny.douche"
MY-CAL-WIN10.my-caldera.local,11,"File created:
RuleName: DO
UtcTime: 2024-08-20 00:15:04.180
ProcessGuid: {ca24abc9-e006-66c3-fc02-000000001d00}
ProcessId: 9816
Image: C:\Program Files (x86)\Microsoft Office\Root\Office16\WINWORD.EXE
TargetFilename: C:\Users\johnny.douche\AppData\Local\Microsoft\Office\16.0\winword.exe_Rules\rule700151v1.xml
CreationUtcTime: 2024-08-20 00:14:56.457
User: MY-CALDERA\johnny.douche"
MY-CAL-WIN10.my-caldera.local,11,"File created:
RuleName: DO
UtcTime: 2024-08-20 00:15:04.186
ProcessGuid: {ca24abc9-e006-66c3-fc02-000000001d00}
ProcessId: 9816
Image: C:\Program Files (x86)\Microsoft Office\Root\Office16\WINWORD.EXE
TargetFilename: C:\Users\johnny.douche\AppData\Local\Microsoft\Office\16.0\winword.exe_Rules\rule70025v2.xml
CreationUtcTime: 2024-08-20 00:14:56.465
User: MY-CALDERA\johnny.douche"
MY-CAL-WIN10.my-caldera.local,11,"File created:
RuleName: DO
UtcTime: 2024-08-20 00:15:04.193
ProcessGuid: {ca24abc9-e006-66c3-fc02-000000001d00}
ProcessId: 9816
Image: C:\Program Files (x86)\Microsoft Office\Root\Office16\WINWORD.EXE
TargetFilename: C:\Users\johnny.douche\AppData\Local\Microsoft\Office\16.0\winword.exe_Rules\rule700301v1.xml
CreationUtcTime: 2024-08-20 00:14:56.472
User: MY-CALDERA\johnny.douche"
MY-CAL-WIN10.my-caldera.local,11,"File created:
RuleName: DO
UtcTime: 2024-08-20 00:15:04.201
ProcessGuid: {ca24abc9-e006-66c3-fc02-000000001d00}
ProcessId: 9816
Image: C:\Program Files (x86)\Microsoft Office\Root\Office16\WINWORD.EXE
TargetFilename: C:\Users\johnny.douche\AppData\Local\Microsoft\Office\16.0\winword.exe_Rules\rule70037v1.xml
CreationUtcTime: 2024-08-20 00:14:56.480
User: MY-CALDERA\johnny.douche"
MY-CAL-WIN10.my-caldera.local,11,"File created:
RuleName: DO
UtcTime: 2024-08-20 00:15:04.414
ProcessGuid: {ca24abc9-e006-66c3-fc02-000000001d00}
ProcessId: 9816
Image: C:\Program Files (x86)\Microsoft Office\Root\Office16\WINWORD.EXE
TargetFilename: C:\Users\johnny.douche\AppData\Local\Microsoft\Office\16.0\winword.exe_Rules\rule703050v3.xml
CreationUtcTime: 2024-08-20 00:14:56.631
User: MY-CALDERA\johnny.douche"
MY-CAL-WIN10.my-caldera.local,11,"File created:
RuleName: DO
UtcTime: 2024-08-20 00:15:04.415
ProcessGuid: {ca24abc9-e006-66c3-fc02-000000001d00}
ProcessId: 9816
Image: C:\Program Files (x86)\Microsoft Office\Root\Office16\WINWORD.EXE
TargetFilename: C:\Users\johnny.douche\AppData\Local\Microsoft\Office\16.0\winword.exe_Rules\rule703051v3.xml
CreationUtcTime: 2024-08-20 00:14:56.633
User: MY-CALDERA\johnny.douche"
MY-CAL-WIN10.my-caldera.local,11,"File created:
RuleName: DO
UtcTime: 2024-08-20 00:15:04.428
ProcessGuid: {ca24abc9-e006-66c3-fc02-000000001d00}
ProcessId: 9816
Image: C:\Program Files (x86)\Microsoft Office\Root\Office16\WINWORD.EXE
TargetFilename: C:\Users\johnny.douche\AppData\Local\Microsoft\Office\16.0\winword.exe_Rules\rule703300v0.xml
CreationUtcTime: 2024-08-20 00:14:56.650
User: MY-CALDERA\johnny.douche"
MY-CAL-WIN10.my-caldera.local,11,"File created:
RuleName: DO
UtcTime: 2024-08-20 00:15:04.506
ProcessGuid: {ca24abc9-e006-66c3-fc02-000000001d00}
ProcessId: 9816
Image: C:\Program Files (x86)\Microsoft Office\Root\Office16\WINWORD.EXE
TargetFilename: C:\Users\johnny.douche\AppData\Local\Microsoft\Office\16.0\winword.exe_Rules\rule880011v0.xml
CreationUtcTime: 2024-08-20 00:15:04.505
User: MY-CALDERA\johnny.douche"
MY-CAL-WIN10.my-caldera.local,11,"File created:
RuleName: DO
UtcTime: 2024-08-20 00:15:04.507
ProcessGuid: {ca24abc9-e006-66c3-fc02-000000001d00}
ProcessId: 9816
Image: C:\Program Files (x86)\Microsoft Office\Root\Office16\WINWORD.EXE
TargetFilename: C:\Users\johnny.douche\AppData\Local\Microsoft\Office\16.0\winword.exe_Rules\rule880012v0.xml
CreationUtcTime: 2024-08-20 00:15:04.507
User: MY-CALDERA\johnny.douche"
MY-CAL-WIN10.my-caldera.local,11,"File created:
RuleName: DO
UtcTime: 2024-08-20 00:15:04.508
ProcessGuid: {ca24abc9-e006-66c3-fc02-000000001d00}
ProcessId: 9816
Image: C:\Program Files (x86)\Microsoft Office\Root\Office16\WINWORD.EXE
TargetFilename: C:\Users\johnny.douche\AppData\Local\Microsoft\Office\16.0\winword.exe_Rules\rule880013v0.xml
CreationUtcTime: 2024-08-20 00:15:04.508
User: MY-CALDERA\johnny.douche"
MY-CAL-WIN10.my-caldera.local,11,"File created:
RuleName: DO
UtcTime: 2024-08-20 00:15:04.509
ProcessGuid: {ca24abc9-e006-66c3-fc02-000000001d00}
ProcessId: 9816
Image: C:\Program Files (x86)\Microsoft Office\Root\Office16\WINWORD.EXE
TargetFilename: C:\Users\johnny.douche\AppData\Local\Microsoft\Office\16.0\winword.exe_Rules\rule880014v0.xml
CreationUtcTime: 2024-08-20 00:15:04.509
User: MY-CALDERA\johnny.douche"
MY-CAL-WIN10.my-caldera.local,11,"File created:
RuleName: DO
UtcTime: 2024-08-20 00:15:04.511
ProcessGuid: {ca24abc9-e006-66c3-fc02-000000001d00}
ProcessId: 9816
Image: C:\Program Files (x86)\Microsoft Office\Root\Office16\WINWORD.EXE
TargetFilename: C:\Users\johnny.douche\AppData\Local\Microsoft\Office\16.0\winword.exe_Rules\rule880023v0.xml
CreationUtcTime: 2024-08-20 00:15:04.511
User: MY-CALDERA\johnny.douche"
MY-CAL-WIN10.my-caldera.local,11,"File created:
RuleName: DO
UtcTime: 2024-08-20 00:15:04.512
ProcessGuid: {ca24abc9-e006-66c3-fc02-000000001d00}
ProcessId: 9816
Image: C:\Program Files (x86)\Microsoft Office\Root\Office16\WINWORD.EXE
TargetFilename: C:\Users\johnny.douche\AppData\Local\Microsoft\Office\16.0\winword.exe_Rules\rule880024v0.xml
CreationUtcTime: 2024-08-20 00:15:04.512
User: MY-CALDERA\johnny.douche"
MY-CAL-WIN10.my-caldera.local,11,"File created:
RuleName: DO
UtcTime: 2024-08-20 00:15:04.514
ProcessGuid: {ca24abc9-e006-66c3-fc02-000000001d00}
ProcessId: 9816
Image: C:\Program Files (x86)\Microsoft Office\Root\Office16\WINWORD.EXE
TargetFilename: C:\Users\johnny.douche\AppData\Local\Microsoft\Office\16.0\winword.exe_Rules\rule890000v2.xml
CreationUtcTime: 2024-08-20 00:15:04.513
User: MY-CALDERA\johnny.douche"
MY-CAL-WIN10.my-caldera.local,11,"File created:
RuleName: DO
UtcTime: 2024-08-20 00:15:04.515
ProcessGuid: {ca24abc9-e006-66c3-fc02-000000001d00}
ProcessId: 9816
Image: C:\Program Files (x86)\Microsoft Office\Root\Office16\WINWORD.EXE
TargetFilename: C:\Users\johnny.douche\AppData\Local\Microsoft\Office\16.0\winword.exe_Rules\rule890002v0.xml
CreationUtcTime: 2024-08-20 00:15:04.515
User: MY-CALDERA\johnny.douche"
MY-CAL-WIN10.my-caldera.local,11,"File created:
RuleName: DO
UtcTime: 2024-08-20 00:15:04.517
ProcessGuid: {ca24abc9-e006-66c3-fc02-000000001d00}
ProcessId: 9816
Image: C:\Program Files (x86)\Microsoft Office\Root\Office16\WINWORD.EXE
TargetFilename: C:\Users\johnny.douche\AppData\Local\Microsoft\Office\16.0\winword.exe_Rules\rule890003v1.xml
CreationUtcTime: 2024-08-20 00:15:04.517
User: MY-CALDERA\johnny.douche"
MY-CAL-WIN10.my-caldera.local,11,"File created:
RuleName: DO
UtcTime: 2024-08-20 00:15:04.518
ProcessGuid: {ca24abc9-e006-66c3-fc02-000000001d00}
ProcessId: 9816
Image: C:\Program Files (x86)\Microsoft Office\Root\Office16\WINWORD.EXE
TargetFilename: C:\Users\johnny.douche\AppData\Local\Microsoft\Office\16.0\winword.exe_Rules\rule890004v0.xml
CreationUtcTime: 2024-08-20 00:15:04.518
User: MY-CALDERA\johnny.douche"
MY-CAL-WIN10.my-caldera.local,11,"File created:
RuleName: DO
UtcTime: 2024-08-20 00:15:04.519
ProcessGuid: {ca24abc9-e006-66c3-fc02-000000001d00}
ProcessId: 9816
Image: C:\Program Files (x86)\Microsoft Office\Root\Office16\WINWORD.EXE
TargetFilename: C:\Users\johnny.douche\AppData\Local\Microsoft\Office\16.0\winword.exe_Rules\rule90117v1.xml
CreationUtcTime: 2024-08-20 00:15:04.519
User: MY-CALDERA\johnny.douche"
MY-CAL-WIN10.my-caldera.local,11,"File created:
RuleName: DO
UtcTime: 2024-08-20 00:15:04.520
ProcessGuid: {ca24abc9-e006-66c3-fc02-000000001d00}
ProcessId: 9816
Image: C:\Program Files (x86)\Microsoft Office\Root\Office16\WINWORD.EXE
TargetFilename: C:\Users\johnny.douche\AppData\Local\Microsoft\Office\16.0\winword.exe_Rules\rule90118v1.xml
CreationUtcTime: 2024-08-20 00:15:04.520
User: MY-CALDERA\johnny.douche"
MY-CAL-WIN10.my-caldera.local,11,"File created:
RuleName: DO
UtcTime: 2024-08-20 00:15:04.523
ProcessGuid: {ca24abc9-e006-66c3-fc02-000000001d00}
ProcessId: 9816
Image: C:\Program Files (x86)\Microsoft Office\Root\Office16\WINWORD.EXE
TargetFilename: C:\Users\johnny.douche\AppData\Local\Microsoft\Office\16.0\winword.exe_Rules\rule90119v1.xml
CreationUtcTime: 2024-08-20 00:15:04.523
User: MY-CALDERA\johnny.douche"
MY-CAL-WIN10.my-caldera.local,11,"File created:
RuleName: DO
UtcTime: 2024-08-20 00:15:04.524
ProcessGuid: {ca24abc9-e006-66c3-fc02-000000001d00}
ProcessId: 9816
Image: C:\Program Files (x86)\Microsoft Office\Root\Office16\WINWORD.EXE
TargetFilename: C:\Users\johnny.douche\AppData\Local\Microsoft\Office\16.0\winword.exe_Rules\rule90120v1.xml
CreationUtcTime: 2024-08-20 00:15:04.524
User: MY-CALDERA\johnny.douche"
MY-CAL-WIN10.my-caldera.local,11,"File created:
RuleName: DO
UtcTime: 2024-08-20 00:15:04.525
ProcessGuid: {ca24abc9-e006-66c3-fc02-000000001d00}
ProcessId: 9816
Image: C:\Program Files (x86)\Microsoft Office\Root\Office16\WINWORD.EXE
TargetFilename: C:\Users\johnny.douche\AppData\Local\Microsoft\Office\16.0\winword.exe_Rules\rule90200v4.xml
CreationUtcTime: 2024-08-20 00:15:04.525
User: MY-CALDERA\johnny.douche"
MY-CAL-WIN10.my-caldera.local,11,"File created:
RuleName: DO
UtcTime: 2024-08-20 00:15:04.527
ProcessGuid: {ca24abc9-e006-66c3-fc02-000000001d00}
ProcessId: 9816
Image: C:\Program Files (x86)\Microsoft Office\Root\Office16\WINWORD.EXE
TargetFilename: C:\Users\johnny.douche\AppData\Local\Microsoft\Office\16.0\winword.exe_Rules\rule90201v2.xml
CreationUtcTime: 2024-08-20 00:15:04.526
User: MY-CALDERA\johnny.douche"
MY-CAL-WIN10.my-caldera.local,11,"File created:
RuleName: DO
UtcTime: 2024-08-20 00:15:04.529
ProcessGuid: {ca24abc9-e006-66c3-fc02-000000001d00}
ProcessId: 9816
Image: C:\Program Files (x86)\Microsoft Office\Root\Office16\WINWORD.EXE
TargetFilename: C:\Users\johnny.douche\AppData\Local\Microsoft\Office\16.0\winword.exe_Rules\rule90204v1.xml
CreationUtcTime: 2024-08-20 00:15:04.528
User: MY-CALDERA\johnny.douche"
MY-CAL-WIN10.my-caldera.local,11,"File created:
RuleName: DO
UtcTime: 2024-08-20 00:15:04.530
ProcessGuid: {ca24abc9-e006-66c3-fc02-000000001d00}
ProcessId: 9816
Image: C:\Program Files (x86)\Microsoft Office\Root\Office16\WINWORD.EXE
TargetFilename: C:\Users\johnny.douche\AppData\Local\Microsoft\Office\16.0\winword.exe_Rules\rule90206v2.xml
CreationUtcTime: 2024-08-20 00:15:04.530
User: MY-CALDERA\johnny.douche"
MY-CAL-WIN10.my-caldera.local,11,"File created:
RuleName: DO
UtcTime: 2024-08-20 00:15:04.531
ProcessGuid: {ca24abc9-e006-66c3-fc02-000000001d00}
ProcessId: 9816
Image: C:\Program Files (x86)\Microsoft Office\Root\Office16\WINWORD.EXE
TargetFilename: C:\Users\johnny.douche\AppData\Local\Microsoft\Office\16.0\winword.exe_Rules\rule90207v1.xml
CreationUtcTime: 2024-08-20 00:15:04.531
User: MY-CALDERA\johnny.douche"
MY-CAL-WIN10.my-caldera.local,11,"File created:
RuleName: DO
UtcTime: 2024-08-20 00:15:04.532
ProcessGuid: {ca24abc9-e006-66c3-fc02-000000001d00}
ProcessId: 9816
Image: C:\Program Files (x86)\Microsoft Office\Root\Office16\WINWORD.EXE
TargetFilename: C:\Users\johnny.douche\AppData\Local\Microsoft\Office\16.0\winword.exe_Rules\rule90208v0.xml
CreationUtcTime: 2024-08-20 00:15:04.532
User: MY-CALDERA\johnny.douche"
MY-CAL-WIN10.my-caldera.local,11,"File created:
RuleName: DO
UtcTime: 2024-08-20 00:15:04.534
ProcessGuid: {ca24abc9-e006-66c3-fc02-000000001d00}
ProcessId: 9816
Image: C:\Program Files (x86)\Microsoft Office\Root\Office16\WINWORD.EXE
TargetFilename: C:\Users\johnny.douche\AppData\Local\Microsoft\Office\16.0\winword.exe_Rules\rule90303v1.xml
CreationUtcTime: 2024-08-20 00:15:04.534
User: MY-CALDERA\johnny.douche"
MY-CAL-WIN10.my-caldera.local,11,"File created:
RuleName: DO
UtcTime: 2024-08-20 00:15:04.535
ProcessGuid: {ca24abc9-e006-66c3-fc02-000000001d00}
ProcessId: 9816
Image: C:\Program Files (x86)\Microsoft Office\Root\Office16\WINWORD.EXE
TargetFilename: C:\Users\johnny.douche\AppData\Local\Microsoft\Office\16.0\winword.exe_Rules\rule90401v3.xml
CreationUtcTime: 2024-08-20 00:15:04.535
User: MY-CALDERA\johnny.douche"
MY-CAL-WIN10.my-caldera.local,11,"File created:
RuleName: DO
UtcTime: 2024-08-20 00:15:04.581
ProcessGuid: {ca24abc9-e005-66c3-fb02-000000001d00}
ProcessId: 10264
Image: C:\Windows\System32\WindowsPowerShell\v1.0\powershell.exe
TargetFilename: C:\Users\johnny.douche\AppData\Local\Microsoft\Windows\PowerShell\StartupProfileData-NonInteractive
CreationUtcTime: 2024-03-28 01:06:06.420
User: MY-CALDERA\johnny.douche"
MY-CAL-WIN10.my-caldera.local,11,"File created:
RuleName: DO
UtcTime: 2024-08-20 00:15:03.902
ProcessGuid: {ca24abc9-e006-66c3-fc02-000000001d00}
ProcessId: 9816
Image: C:\Program Files (x86)\Microsoft Office\Root\Office16\WINWORD.EXE
TargetFilename: C:\Users\johnny.douche\AppData\Local\Microsoft\Office\16.0\winword.exe_Rules\rule320007v2.xml
CreationUtcTime: 2024-08-20 00:14:56.171
User: MY-CALDERA\johnny.douche"
MY-CAL-WIN10.my-caldera.local,11,"File created:
RuleName: DO
UtcTime: 2024-08-20 00:15:03.932
ProcessGuid: {ca24abc9-e006-66c3-fc02-000000001d00}
ProcessId: 9816
Image: C:\Program Files (x86)\Microsoft Office\Root\Office16\WINWORD.EXE
TargetFilename: C:\Users\johnny.douche\AppData\Local\Microsoft\Office\16.0\winword.exe_Rules\rule324007v3.xml
CreationUtcTime: 2024-08-20 00:14:56.203
User: MY-CALDERA\johnny.douche"
MY-CAL-WIN10.my-caldera.local,11,"File created:
RuleName: DO
UtcTime: 2024-08-20 00:15:03.963
ProcessGuid: {ca24abc9-e006-66c3-fc02-000000001d00}
ProcessId: 9816
Image: C:\Program Files (x86)\Microsoft Office\Root\Office16\WINWORD.EXE
TargetFilename: C:\Users\johnny.douche\AppData\Local\Microsoft\Office\16.0\winword.exe_Rules\rule370000v1.xml
CreationUtcTime: 2024-08-20 00:14:56.233
User: MY-CALDERA\johnny.douche"
MY-CAL-WIN10.my-caldera.local,11,"File created:
RuleName: DO
UtcTime: 2024-08-20 00:15:04.015
ProcessGuid: {ca24abc9-e006-66c3-fc02-000000001d00}
ProcessId: 9816
Image: C:\Program Files (x86)\Microsoft Office\Root\Office16\WINWORD.EXE
TargetFilename: C:\Users\johnny.douche\AppData\Local\Microsoft\Office\16.0\winword.exe_Rules\rule500002v2.xml
CreationUtcTime: 2024-08-20 00:14:56.289
User: MY-CALDERA\johnny.douche"
MY-CAL-WIN10.my-caldera.local,11,"File created:
RuleName: DO
UtcTime: 2024-08-20 00:15:04.053
ProcessGuid: {ca24abc9-e006-66c3-fc02-000000001d00}
ProcessId: 9816
Image: C:\Program Files (x86)\Microsoft Office\Root\Office16\WINWORD.EXE
TargetFilename: C:\Users\johnny.douche\AppData\Local\Microsoft\Office\16.0\winword.exe_Rules\rule610005v1.xml
CreationUtcTime: 2024-08-20 00:14:56.327
User: MY-CALDERA\johnny.douche"
MY-CAL-WIN10.my-caldera.local,11,"File created:
RuleName: DO
UtcTime: 2024-08-20 00:15:04.063
ProcessGuid: {ca24abc9-e006-66c3-fc02-000000001d00}
ProcessId: 9816
Image: C:\Program Files (x86)\Microsoft Office\Root\Office16\WINWORD.EXE
TargetFilename: C:\Users\johnny.douche\AppData\Local\Microsoft\Office\16.0\winword.exe_Rules\rule63030v2.xml
CreationUtcTime: 2024-08-20 00:14:56.338
User: MY-CALDERA\johnny.douche"
MY-CAL-WIN10.my-caldera.local,11,"File created:
RuleName: DO
UtcTime: 2024-08-20 00:15:04.073
ProcessGuid: {ca24abc9-e006-66c3-fc02-000000001d00}
ProcessId: 9816
Image: C:\Program Files (x86)\Microsoft Office\Root\Office16\WINWORD.EXE
TargetFilename: C:\Users\johnny.douche\AppData\Local\Microsoft\Office\16.0\winword.exe_Rules\rule63049v2.xml
CreationUtcTime: 2024-08-20 00:14:56.349
User: MY-CALDERA\johnny.douche"
MY-CAL-WIN10.my-caldera.local,11,"File created:
RuleName: DO
UtcTime: 2024-08-20 00:15:04.094
ProcessGuid: {ca24abc9-e006-66c3-fc02-000000001d00}
ProcessId: 9816
Image: C:\Program Files (x86)\Microsoft Office\Root\Office16\WINWORD.EXE
TargetFilename: C:\Users\johnny.douche\AppData\Local\Microsoft\Office\16.0\winword.exe_Rules\rule63071v0.xml
CreationUtcTime: 2024-08-20 00:14:56.375
User: MY-CALDERA\johnny.douche"
