MY-CAL-WIN10.my-caldera.local,11,"File created:
RuleName: DO
UtcTime: 2024-08-20 00:14:55.083
ProcessGuid: {ca24abc9-dffc-66c3-ef02-000000001d00}
ProcessId: 11020
Image: C:\Program Files (x86)\Microsoft Office\Root\Office16\WINWORD.EXE
TargetFilename: C:\Users\johnny.douche\AppData\Local\Microsoft\Office\16.0\winword.exe_Rules\rule10627v1.xml
CreationUtcTime: 2024-08-20 00:14:55.083
User: MY-CALDERA\johnny.douche"
MY-CAL-WIN10.my-caldera.local,11,"File created:
RuleName: DO
UtcTime: 2024-08-20 00:14:55.084
ProcessGuid: {ca24abc9-dffc-66c3-ef02-000000001d00}
ProcessId: 11020
Image: C:\Program Files (x86)\Microsoft Office\Root\Office16\WINWORD.EXE
TargetFilename: C:\Users\johnny.douche\AppData\Local\Microsoft\Office\16.0\winword.exe_Rules\rule10781v1.xml
CreationUtcTime: 2024-08-20 00:14:55.084
User: MY-CALDERA\johnny.douche"
MY-CAL-WIN10.my-caldera.local,11,"File created:
RuleName: DO
UtcTime: 2024-08-20 00:14:55.085
ProcessGuid: {ca24abc9-dffc-66c3-ef02-000000001d00}
ProcessId: 11020
Image: C:\Program Files (x86)\Microsoft Office\Root\Office16\WINWORD.EXE
TargetFilename: C:\Users\johnny.douche\AppData\Local\Microsoft\Office\16.0\winword.exe_Rules\rule10784v0.xml
CreationUtcTime: 2024-08-20 00:14:55.085
User: MY-CALDERA\johnny.douche"
MY-CAL-WIN10.my-caldera.local,11,"File created:
RuleName: DO
UtcTime: 2024-08-20 00:14:55.087
ProcessGuid: {ca24abc9-dffc-66c3-ef02-000000001d00}
ProcessId: 11020
Image: C:\Program Files (x86)\Microsoft Office\Root\Office16\WINWORD.EXE
TargetFilename: C:\Users\johnny.douche\AppData\Local\Microsoft\Office\16.0\winword.exe_Rules\rule10800v0.xml
CreationUtcTime: 2024-08-20 00:14:55.086
User: MY-CALDERA\johnny.douche"
MY-CAL-WIN10.my-caldera.local,11,"File created:
RuleName: DO
UtcTime: 2024-08-20 00:14:55.089
ProcessGuid: {ca24abc9-dffc-66c3-ef02-000000001d00}
ProcessId: 11020
Image: C:\Program Files (x86)\Microsoft Office\Root\Office16\WINWORD.EXE
TargetFilename: C:\Users\johnny.douche\AppData\Local\Microsoft\Office\16.0\winword.exe_Rules\rule10801v0.xml
CreationUtcTime: 2024-08-20 00:14:55.088
User: MY-CALDERA\johnny.douche"
MY-CAL-WIN10.my-caldera.local,11,"File created:
RuleName: DO
UtcTime: 2024-08-20 00:14:55.090
ProcessGuid: {ca24abc9-dffc-66c3-ef02-000000001d00}
ProcessId: 11020
Image: C:\Program Files (x86)\Microsoft Office\Root\Office16\WINWORD.EXE
TargetFilename: C:\Users\johnny.douche\AppData\Local\Microsoft\Office\16.0\winword.exe_Rules\rule10802v0.xml
CreationUtcTime: 2024-08-20 00:14:55.090
User: MY-CALDERA\johnny.douche"
MY-CAL-WIN10.my-caldera.local,11,"File created:
RuleName: DO
UtcTime: 2024-08-20 00:14:55.093
ProcessGuid: {ca24abc9-dffc-66c3-ef02-000000001d00}
ProcessId: 11020
Image: C:\Program Files (x86)\Microsoft Office\Root\Office16\WINWORD.EXE
TargetFilename: C:\Users\johnny.douche\AppData\Local\Microsoft\Office\16.0\winword.exe_Rules\rule10803v1.xml
CreationUtcTime: 2024-08-20 00:14:55.092
User: MY-CALDERA\johnny.douche"
MY-CAL-WIN10.my-caldera.local,11,"File created:
RuleName: DO
UtcTime: 2024-08-20 00:14:55.099
ProcessGuid: {ca24abc9-dffc-66c3-ef02-000000001d00}
ProcessId: 11020
Image: C:\Program Files (x86)\Microsoft Office\Root\Office16\WINWORD.EXE
TargetFilename: C:\Users\johnny.douche\AppData\Local\Microsoft\Office\16.0\winword.exe_Rules\rule10807v0.xml
CreationUtcTime: 2024-08-20 00:14:55.094
User: MY-CALDERA\johnny.douche"
MY-CAL-WIN10.my-caldera.local,11,"File created:
RuleName: DO
UtcTime: 2024-08-20 00:14:55.101
ProcessGuid: {ca24abc9-dffc-66c3-ef02-000000001d00}
ProcessId: 11020
Image: C:\Program Files (x86)\Microsoft Office\Root\Office16\WINWORD.EXE
TargetFilename: C:\Users\johnny.douche\AppData\Local\Microsoft\Office\16.0\winword.exe_Rules\rule10808v0.xml
CreationUtcTime: 2024-08-20 00:14:55.101
User: MY-CALDERA\johnny.douche"
MY-CAL-WIN10.my-caldera.local,11,"File created:
RuleName: DO
UtcTime: 2024-08-20 00:14:55.103
ProcessGuid: {ca24abc9-dffc-66c3-ef02-000000001d00}
ProcessId: 11020
Image: C:\Program Files (x86)\Microsoft Office\Root\Office16\WINWORD.EXE
TargetFilename: C:\Users\johnny.douche\AppData\Local\Microsoft\Office\16.0\winword.exe_Rules\rule10818v3.xml
CreationUtcTime: 2024-08-20 00:14:55.102
User: MY-CALDERA\johnny.douche"
MY-CAL-WIN10.my-caldera.local,11,"File created:
RuleName: DO
UtcTime: 2024-08-20 00:14:55.104
ProcessGuid: {ca24abc9-dffc-66c3-ef02-000000001d00}
ProcessId: 11020
Image: C:\Program Files (x86)\Microsoft Office\Root\Office16\WINWORD.EXE
TargetFilename: C:\Users\johnny.douche\AppData\Local\Microsoft\Office\16.0\winword.exe_Rules\rule10819v1.xml
CreationUtcTime: 2024-08-20 00:14:55.104
User: MY-CALDERA\johnny.douche"
MY-CAL-WIN10.my-caldera.local,11,"File created:
RuleName: DO
UtcTime: 2024-08-20 00:14:55.107
ProcessGuid: {ca24abc9-dffc-66c3-ef02-000000001d00}
ProcessId: 11020
Image: C:\Program Files (x86)\Microsoft Office\Root\Office16\WINWORD.EXE
TargetFilename: C:\Users\johnny.douche\AppData\Local\Microsoft\Office\16.0\winword.exe_Rules\rule10820v3.xml
CreationUtcTime: 2024-08-20 00:14:55.106
User: MY-CALDERA\johnny.douche"
MY-CAL-WIN10.my-caldera.local,11,"File created:
RuleName: DO
UtcTime: 2024-08-20 00:14:55.110
ProcessGuid: {ca24abc9-dffc-66c3-ef02-000000001d00}
ProcessId: 11020
Image: C:\Program Files (x86)\Microsoft Office\Root\Office16\WINWORD.EXE
TargetFilename: C:\Users\johnny.douche\AppData\Local\Microsoft\Office\16.0\winword.exe_Rules\rule10821v3.xml
CreationUtcTime: 2024-08-20 00:14:55.110
User: MY-CALDERA\johnny.douche"
MY-CAL-WIN10.my-caldera.local,11,"File created:
RuleName: DO
UtcTime: 2024-08-20 00:14:55.112
ProcessGuid: {ca24abc9-dffc-66c3-ef02-000000001d00}
ProcessId: 11020
Image: C:\Program Files (x86)\Microsoft Office\Root\Office16\WINWORD.EXE
TargetFilename: C:\Users\johnny.douche\AppData\Local\Microsoft\Office\16.0\winword.exe_Rules\rule10822v2.xml
CreationUtcTime: 2024-08-20 00:14:55.112
User: MY-CALDERA\johnny.douche"
MY-CAL-WIN10.my-caldera.local,11,"File created:
RuleName: DO
UtcTime: 2024-08-20 00:14:55.113
ProcessGuid: {ca24abc9-dffc-66c3-ef02-000000001d00}
ProcessId: 11020
Image: C:\Program Files (x86)\Microsoft Office\Root\Office16\WINWORD.EXE
TargetFilename: C:\Users\johnny.douche\AppData\Local\Microsoft\Office\16.0\winword.exe_Rules\rule10829v1.xml
CreationUtcTime: 2024-08-20 00:14:55.113
User: MY-CALDERA\johnny.douche"
MY-CAL-WIN10.my-caldera.local,11,"File created:
RuleName: DO
UtcTime: 2024-08-20 00:14:55.115
ProcessGuid: {ca24abc9-dffc-66c3-ef02-000000001d00}
ProcessId: 11020
Image: C:\Program Files (x86)\Microsoft Office\Root\Office16\WINWORD.EXE
TargetFilename: C:\Users\johnny.douche\AppData\Local\Microsoft\Office\16.0\winword.exe_Rules\rule10879v0.xml
CreationUtcTime: 2024-08-20 00:14:55.115
User: MY-CALDERA\johnny.douche"
MY-CAL-WIN10.my-caldera.local,11,"File created:
RuleName: DO
UtcTime: 2024-08-20 00:14:55.122
ProcessGuid: {ca24abc9-dffc-66c3-ef02-000000001d00}
ProcessId: 11020
Image: C:\Program Files (x86)\Microsoft Office\Root\Office16\WINWORD.EXE
TargetFilename: C:\Users\johnny.douche\AppData\Local\Microsoft\Office\16.0\winword.exe_Rules\rule10880v0.xml
CreationUtcTime: 2024-08-20 00:14:55.122
User: MY-CALDERA\johnny.douche"
MY-CAL-WIN10.my-caldera.local,11,"File created:
RuleName: DO
UtcTime: 2024-08-20 00:14:55.124
ProcessGuid: {ca24abc9-dffc-66c3-ef02-000000001d00}
ProcessId: 11020
Image: C:\Program Files (x86)\Microsoft Office\Root\Office16\WINWORD.EXE
TargetFilename: C:\Users\johnny.douche\AppData\Local\Microsoft\Office\16.0\winword.exe_Rules\rule10881v1.xml
CreationUtcTime: 2024-08-20 00:14:55.123
User: MY-CALDERA\johnny.douche"
MY-CAL-WIN10.my-caldera.local,11,"File created:
RuleName: DO
UtcTime: 2024-08-20 00:14:55.125
ProcessGuid: {ca24abc9-dffc-66c3-ef02-000000001d00}
ProcessId: 11020
Image: C:\Program Files (x86)\Microsoft Office\Root\Office16\WINWORD.EXE
TargetFilename: C:\Users\johnny.douche\AppData\Local\Microsoft\Office\16.0\winword.exe_Rules\rule10882v0.xml
CreationUtcTime: 2024-08-20 00:14:55.125
User: MY-CALDERA\johnny.douche"
MY-CAL-WIN10.my-caldera.local,11,"File created:
RuleName: DO
UtcTime: 2024-08-20 00:14:55.127
ProcessGuid: {ca24abc9-dffc-66c3-ef02-000000001d00}
ProcessId: 11020
Image: C:\Program Files (x86)\Microsoft Office\Root\Office16\WINWORD.EXE
TargetFilename: C:\Users\johnny.douche\AppData\Local\Microsoft\Office\16.0\winword.exe_Rules\rule10902v0.xml
CreationUtcTime: 2024-08-20 00:14:55.127
User: MY-CALDERA\johnny.douche"
MY-CAL-WIN10.my-caldera.local,11,"File created:
RuleName: DO
UtcTime: 2024-08-20 00:14:55.131
ProcessGuid: {ca24abc9-dffc-66c3-ef02-000000001d00}
ProcessId: 11020
Image: C:\Program Files (x86)\Microsoft Office\Root\Office16\WINWORD.EXE
TargetFilename: C:\Users\johnny.douche\AppData\Local\Microsoft\Office\16.0\winword.exe_Rules\rule10906v1.xml
CreationUtcTime: 2024-08-20 00:14:55.129
User: MY-CALDERA\johnny.douche"
MY-CAL-WIN10.my-caldera.local,11,"File created:
RuleName: DO
UtcTime: 2024-08-20 00:14:55.132
ProcessGuid: {ca24abc9-dffc-66c3-ef02-000000001d00}
ProcessId: 11020
Image: C:\Program Files (x86)\Microsoft Office\Root\Office16\WINWORD.EXE
TargetFilename: C:\Users\johnny.douche\AppData\Local\Microsoft\Office\16.0\winword.exe_Rules\rule10907v0.xml
CreationUtcTime: 2024-08-20 00:14:55.132
User: MY-CALDERA\johnny.douche"
MY-CAL-WIN10.my-caldera.local,11,"File created:
RuleName: DO
UtcTime: 2024-08-20 00:14:55.134
ProcessGuid: {ca24abc9-dffc-66c3-ef02-000000001d00}
ProcessId: 11020
Image: C:\Program Files (x86)\Microsoft Office\Root\Office16\WINWORD.EXE
TargetFilename: C:\Users\johnny.douche\AppData\Local\Microsoft\Office\16.0\winword.exe_Rules\rule10924v0.xml
CreationUtcTime: 2024-08-20 00:14:55.134
User: MY-CALDERA\johnny.douche"
MY-CAL-WIN10.my-caldera.local,11,"File created:
RuleName: DO
UtcTime: 2024-08-20 00:14:55.136
ProcessGuid: {ca24abc9-dffc-66c3-ef02-000000001d00}
ProcessId: 11020
Image: C:\Program Files (x86)\Microsoft Office\Root\Office16\WINWORD.EXE
TargetFilename: C:\Users\johnny.douche\AppData\Local\Microsoft\Office\16.0\winword.exe_Rules\rule10925v0.xml
CreationUtcTime: 2024-08-20 00:14:55.135
User: MY-CALDERA\johnny.douche"
MY-CAL-WIN10.my-caldera.local,11,"File created:
RuleName: DO
UtcTime: 2024-08-20 00:14:55.138
ProcessGuid: {ca24abc9-dffc-66c3-ef02-000000001d00}
ProcessId: 11020
Image: C:\Program Files (x86)\Microsoft Office\Root\Office16\WINWORD.EXE
TargetFilename: C:\Users\johnny.douche\AppData\Local\Microsoft\Office\16.0\winword.exe_Rules\rule10940v0.xml
CreationUtcTime: 2024-08-20 00:14:55.138
User: MY-CALDERA\johnny.douche"
MY-CAL-WIN10.my-caldera.local,11,"File created:
RuleName: DO
UtcTime: 2024-08-20 00:14:55.141
ProcessGuid: {ca24abc9-dffc-66c3-ef02-000000001d00}
ProcessId: 11020
Image: C:\Program Files (x86)\Microsoft Office\Root\Office16\WINWORD.EXE
TargetFilename: C:\Users\johnny.douche\AppData\Local\Microsoft\Office\16.0\winword.exe_Rules\rule10952v1.xml
CreationUtcTime: 2024-08-20 00:14:55.139
User: MY-CALDERA\johnny.douche"
MY-CAL-WIN10.my-caldera.local,11,"File created:
RuleName: DO
UtcTime: 2024-08-20 00:14:55.143
ProcessGuid: {ca24abc9-dffc-66c3-ef02-000000001d00}
ProcessId: 11020
Image: C:\Program Files (x86)\Microsoft Office\Root\Office16\WINWORD.EXE
TargetFilename: C:\Users\johnny.douche\AppData\Local\Microsoft\Office\16.0\winword.exe_Rules\rule10955v0.xml
CreationUtcTime: 2024-08-20 00:14:55.142
User: MY-CALDERA\johnny.douche"
MY-CAL-WIN10.my-caldera.local,11,"File created:
RuleName: DO
UtcTime: 2024-08-20 00:14:55.144
ProcessGuid: {ca24abc9-dffc-66c3-ef02-000000001d00}
ProcessId: 11020
Image: C:\Program Files (x86)\Microsoft Office\Root\Office16\WINWORD.EXE
TargetFilename: C:\Users\johnny.douche\AppData\Local\Microsoft\Office\16.0\winword.exe_Rules\rule110008v9.xml
CreationUtcTime: 2024-08-20 00:14:55.144
User: MY-CALDERA\johnny.douche"
MY-CAL-WIN10.my-caldera.local,11,"File created:
RuleName: DO
UtcTime: 2024-08-20 00:14:55.147
ProcessGuid: {ca24abc9-dffc-66c3-ef02-000000001d00}
ProcessId: 11020
Image: C:\Program Files (x86)\Microsoft Office\Root\Office16\WINWORD.EXE
TargetFilename: C:\Users\johnny.douche\AppData\Local\Microsoft\Office\16.0\winword.exe_Rules\rule110009v11.xml
CreationUtcTime: 2024-08-20 00:14:55.146
User: MY-CALDERA\johnny.douche"
MY-CAL-WIN10.my-caldera.local,11,"File created:
RuleName: DO
UtcTime: 2024-08-20 00:14:55.148
ProcessGuid: {ca24abc9-dffc-66c3-ef02-000000001d00}
ProcessId: 11020
Image: C:\Program Files (x86)\Microsoft Office\Root\Office16\WINWORD.EXE
TargetFilename: C:\Users\johnny.douche\AppData\Local\Microsoft\Office\16.0\winword.exe_Rules\rule110013v3.xml
CreationUtcTime: 2024-08-20 00:14:55.148
User: MY-CALDERA\johnny.douche"
MY-CAL-WIN10.my-caldera.local,11,"File created:
RuleName: DO
UtcTime: 2024-08-20 00:14:55.150
ProcessGuid: {ca24abc9-dffc-66c3-ef02-000000001d00}
ProcessId: 11020
Image: C:\Program Files (x86)\Microsoft Office\Root\Office16\WINWORD.EXE
TargetFilename: C:\Users\johnny.douche\AppData\Local\Microsoft\Office\16.0\winword.exe_Rules\rule110014v1.xml
CreationUtcTime: 2024-08-20 00:14:55.150
User: MY-CALDERA\johnny.douche"
MY-CAL-WIN10.my-caldera.local,11,"File created:
RuleName: DO
UtcTime: 2024-08-20 00:14:55.152
ProcessGuid: {ca24abc9-dffc-66c3-ef02-000000001d00}
ProcessId: 11020
Image: C:\Program Files (x86)\Microsoft Office\Root\Office16\WINWORD.EXE
TargetFilename: C:\Users\johnny.douche\AppData\Local\Microsoft\Office\16.0\winword.exe_Rules\rule110035v0.xml
CreationUtcTime: 2024-08-20 00:14:55.151
User: MY-CALDERA\johnny.douche"
MY-CAL-WIN10.my-caldera.local,11,"File created:
RuleName: DO
UtcTime: 2024-08-20 00:14:55.154
ProcessGuid: {ca24abc9-dffc-66c3-ef02-000000001d00}
ProcessId: 11020
Image: C:\Program Files (x86)\Microsoft Office\Root\Office16\WINWORD.EXE
TargetFilename: C:\Users\johnny.douche\AppData\Local\Microsoft\Office\16.0\winword.exe_Rules\rule110036v2.xml
CreationUtcTime: 2024-08-20 00:14:55.154
User: MY-CALDERA\johnny.douche"
MY-CAL-WIN10.my-caldera.local,11,"File created:
RuleName: DO
UtcTime: 2024-08-20 00:14:55.156
ProcessGuid: {ca24abc9-dffc-66c3-ef02-000000001d00}
ProcessId: 11020
Image: C:\Program Files (x86)\Microsoft Office\Root\Office16\WINWORD.EXE
TargetFilename: C:\Users\johnny.douche\AppData\Local\Microsoft\Office\16.0\winword.exe_Rules\rule110047v3.xml
CreationUtcTime: 2024-08-20 00:14:55.156
User: MY-CALDERA\johnny.douche"
MY-CAL-WIN10.my-caldera.local,11,"File created:
RuleName: DO
UtcTime: 2024-08-20 00:14:55.158
ProcessGuid: {ca24abc9-dffc-66c3-ef02-000000001d00}
ProcessId: 11020
Image: C:\Program Files (x86)\Microsoft Office\Root\Office16\WINWORD.EXE
TargetFilename: C:\Users\johnny.douche\AppData\Local\Microsoft\Office\16.0\winword.exe_Rules\rule110048v0.xml
CreationUtcTime: 2024-08-20 00:14:55.157
User: MY-CALDERA\johnny.douche"
MY-CAL-WIN10.my-caldera.local,11,"File created:
RuleName: DO
UtcTime: 2024-08-20 00:14:55.159
ProcessGuid: {ca24abc9-dffc-66c3-ef02-000000001d00}
ProcessId: 11020
Image: C:\Program Files (x86)\Microsoft Office\Root\Office16\WINWORD.EXE
TargetFilename: C:\Users\johnny.douche\AppData\Local\Microsoft\Office\16.0\winword.exe_Rules\rule110074v1.xml
CreationUtcTime: 2024-08-20 00:14:55.159
User: MY-CALDERA\johnny.douche"
MY-CAL-WIN10.my-caldera.local,11,"File created:
RuleName: DO
UtcTime: 2024-08-20 00:14:55.162
ProcessGuid: {ca24abc9-dffc-66c3-ef02-000000001d00}
ProcessId: 11020
Image: C:\Program Files (x86)\Microsoft Office\Root\Office16\WINWORD.EXE
TargetFilename: C:\Users\johnny.douche\AppData\Local\Microsoft\Office\16.0\winword.exe_Rules\rule110080v2.xml
CreationUtcTime: 2024-08-20 00:14:55.162
User: MY-CALDERA\johnny.douche"
MY-CAL-WIN10.my-caldera.local,11,"File created:
RuleName: DO
UtcTime: 2024-08-20 00:14:55.166
ProcessGuid: {ca24abc9-dffc-66c3-ef02-000000001d00}
ProcessId: 11020
Image: C:\Program Files (x86)\Microsoft Office\Root\Office16\WINWORD.EXE
TargetFilename: C:\Users\johnny.douche\AppData\Local\Microsoft\Office\16.0\winword.exe_Rules\rule110081v1.xml
CreationUtcTime: 2024-08-20 00:14:55.163
User: MY-CALDERA\johnny.douche"
MY-CAL-WIN10.my-caldera.local,11,"File created:
RuleName: DO
UtcTime: 2024-08-20 00:14:55.167
ProcessGuid: {ca24abc9-dffc-66c3-ef02-000000001d00}
ProcessId: 11020
Image: C:\Program Files (x86)\Microsoft Office\Root\Office16\WINWORD.EXE
TargetFilename: C:\Users\johnny.douche\AppData\Local\Microsoft\Office\16.0\winword.exe_Rules\rule110082v0.xml
CreationUtcTime: 2024-08-20 00:14:55.167
User: MY-CALDERA\johnny.douche"
MY-CAL-WIN10.my-caldera.local,11,"File created:
RuleName: DO
UtcTime: 2024-08-20 00:14:55.169
ProcessGuid: {ca24abc9-dffc-66c3-ef02-000000001d00}
ProcessId: 11020
Image: C:\Program Files (x86)\Microsoft Office\Root\Office16\WINWORD.EXE
TargetFilename: C:\Users\johnny.douche\AppData\Local\Microsoft\Office\16.0\winword.exe_Rules\rule110083v0.xml
CreationUtcTime: 2024-08-20 00:14:55.169
User: MY-CALDERA\johnny.douche"
MY-CAL-WIN10.my-caldera.local,11,"File created:
RuleName: DO
UtcTime: 2024-08-20 00:14:55.171
ProcessGuid: {ca24abc9-dffc-66c3-ef02-000000001d00}
ProcessId: 11020
Image: C:\Program Files (x86)\Microsoft Office\Root\Office16\WINWORD.EXE
TargetFilename: C:\Users\johnny.douche\AppData\Local\Microsoft\Office\16.0\winword.exe_Rules\rule110084v0.xml
CreationUtcTime: 2024-08-20 00:14:55.171
User: MY-CALDERA\johnny.douche"
MY-CAL-WIN10.my-caldera.local,11,"File created:
RuleName: DO
UtcTime: 2024-08-20 00:14:55.173
ProcessGuid: {ca24abc9-dffc-66c3-ef02-000000001d00}
ProcessId: 11020
Image: C:\Program Files (x86)\Microsoft Office\Root\Office16\WINWORD.EXE
TargetFilename: C:\Users\johnny.douche\AppData\Local\Microsoft\Office\16.0\winword.exe_Rules\rule110092v1.xml
CreationUtcTime: 2024-08-20 00:14:55.172
User: MY-CALDERA\johnny.douche"
MY-CAL-WIN10.my-caldera.local,11,"File created:
RuleName: DO
UtcTime: 2024-08-20 00:14:55.174
ProcessGuid: {ca24abc9-dffc-66c3-ef02-000000001d00}
ProcessId: 11020
Image: C:\Program Files (x86)\Microsoft Office\Root\Office16\WINWORD.EXE
TargetFilename: C:\Users\johnny.douche\AppData\Local\Microsoft\Office\16.0\winword.exe_Rules\rule110093v2.xml
CreationUtcTime: 2024-08-20 00:14:55.174
User: MY-CALDERA\johnny.douche"
MY-CAL-WIN10.my-caldera.local,11,"File created:
RuleName: DO
UtcTime: 2024-08-20 00:14:55.176
ProcessGuid: {ca24abc9-dffc-66c3-ef02-000000001d00}
ProcessId: 11020
Image: C:\Program Files (x86)\Microsoft Office\Root\Office16\WINWORD.EXE
TargetFilename: C:\Users\johnny.douche\AppData\Local\Microsoft\Office\16.0\winword.exe_Rules\rule110097v0.xml
CreationUtcTime: 2024-08-20 00:14:55.176
User: MY-CALDERA\johnny.douche"
MY-CAL-WIN10.my-caldera.local,11,"File created:
RuleName: DO
UtcTime: 2024-08-20 00:14:55.178
ProcessGuid: {ca24abc9-dffc-66c3-ef02-000000001d00}
ProcessId: 11020
Image: C:\Program Files (x86)\Microsoft Office\Root\Office16\WINWORD.EXE
TargetFilename: C:\Users\johnny.douche\AppData\Local\Microsoft\Office\16.0\winword.exe_Rules\rule110104v2.xml
CreationUtcTime: 2024-08-20 00:14:55.178
User: MY-CALDERA\johnny.douche"
MY-CAL-WIN10.my-caldera.local,11,"File created:
RuleName: DO
UtcTime: 2024-08-20 00:14:55.180
ProcessGuid: {ca24abc9-dffc-66c3-ef02-000000001d00}
ProcessId: 11020
Image: C:\Program Files (x86)\Microsoft Office\Root\Office16\WINWORD.EXE
TargetFilename: C:\Users\johnny.douche\AppData\Local\Microsoft\Office\16.0\winword.exe_Rules\rule110105v0.xml
CreationUtcTime: 2024-08-20 00:14:55.180
User: MY-CALDERA\johnny.douche"
MY-CAL-WIN10.my-caldera.local,11,"File created:
RuleName: DO
UtcTime: 2024-08-20 00:14:55.181
ProcessGuid: {ca24abc9-dffc-66c3-ef02-000000001d00}
ProcessId: 11020
Image: C:\Program Files (x86)\Microsoft Office\Root\Office16\WINWORD.EXE
TargetFilename: C:\Users\johnny.douche\AppData\Local\Microsoft\Office\16.0\winword.exe_Rules\rule110108v1.xml
CreationUtcTime: 2024-08-20 00:14:55.181
User: MY-CALDERA\johnny.douche"
MY-CAL-WIN10.my-caldera.local,11,"File created:
RuleName: DO
UtcTime: 2024-08-20 00:14:55.183
ProcessGuid: {ca24abc9-dffc-66c3-ef02-000000001d00}
ProcessId: 11020
Image: C:\Program Files (x86)\Microsoft Office\Root\Office16\WINWORD.EXE
TargetFilename: C:\Users\johnny.douche\AppData\Local\Microsoft\Office\16.0\winword.exe_Rules\rule110110v0.xml
CreationUtcTime: 2024-08-20 00:14:55.182
User: MY-CALDERA\johnny.douche"
MY-CAL-WIN10.my-caldera.local,11,"File created:
RuleName: DO
UtcTime: 2024-08-20 00:14:55.185
ProcessGuid: {ca24abc9-dffc-66c3-ef02-000000001d00}
ProcessId: 11020
Image: C:\Program Files (x86)\Microsoft Office\Root\Office16\WINWORD.EXE
TargetFilename: C:\Users\johnny.douche\AppData\Local\Microsoft\Office\16.0\winword.exe_Rules\rule110111v0.xml
CreationUtcTime: 2024-08-20 00:14:55.184
User: MY-CALDERA\johnny.douche"
MY-CAL-WIN10.my-caldera.local,11,"File created:
RuleName: DO
UtcTime: 2024-08-20 00:14:55.186
ProcessGuid: {ca24abc9-dffc-66c3-ef02-000000001d00}
ProcessId: 11020
Image: C:\Program Files (x86)\Microsoft Office\Root\Office16\WINWORD.EXE
TargetFilename: C:\Users\johnny.douche\AppData\Local\Microsoft\Office\16.0\winword.exe_Rules\rule110120v1.xml
CreationUtcTime: 2024-08-20 00:14:55.186
User: MY-CALDERA\johnny.douche"
MY-CAL-WIN10.my-caldera.local,11,"File created:
RuleName: DO
UtcTime: 2024-08-20 00:14:55.187
ProcessGuid: {ca24abc9-dffc-66c3-ef02-000000001d00}
ProcessId: 11020
Image: C:\Program Files (x86)\Microsoft Office\Root\Office16\WINWORD.EXE
TargetFilename: C:\Users\johnny.douche\AppData\Local\Microsoft\Office\16.0\winword.exe_Rules\rule110133v0.xml
CreationUtcTime: 2024-08-20 00:14:55.187
User: MY-CALDERA\johnny.douche"
MY-CAL-WIN10.my-caldera.local,11,"File created:
RuleName: DO
UtcTime: 2024-08-20 00:14:55.188
ProcessGuid: {ca24abc9-dffc-66c3-ef02-000000001d00}
ProcessId: 11020
Image: C:\Program Files (x86)\Microsoft Office\Root\Office16\WINWORD.EXE
TargetFilename: C:\Users\johnny.douche\AppData\Local\Microsoft\Office\16.0\winword.exe_Rules\rule110134v1.xml
CreationUtcTime: 2024-08-20 00:14:55.188
User: MY-CALDERA\johnny.douche"
MY-CAL-WIN10.my-caldera.local,11,"File created:
RuleName: DO
UtcTime: 2024-08-20 00:14:55.034
ProcessGuid: {ca24abc9-dffc-66c3-ef02-000000001d00}
ProcessId: 11020
Image: C:\Program Files (x86)\Microsoft Office\Root\Office16\WINWORD.EXE
TargetFilename: C:\Users\johnny.douche\AppData\Local\Microsoft\Office\16.0\winword.exe_Rules\rule100083v2.xml
CreationUtcTime: 2024-08-20 00:14:55.034
User: MY-CALDERA\johnny.douche"
MY-CAL-WIN10.my-caldera.local,11,"File created:
RuleName: DO
UtcTime: 2024-08-20 00:14:55.190
ProcessGuid: {ca24abc9-dffc-66c3-ef02-000000001d00}
ProcessId: 11020
Image: C:\Program Files (x86)\Microsoft Office\Root\Office16\WINWORD.EXE
TargetFilename: C:\Users\johnny.douche\AppData\Local\Microsoft\Office\16.0\winword.exe_Rules\rule110135v1.xml
CreationUtcTime: 2024-08-20 00:14:55.190
User: MY-CALDERA\johnny.douche"
MY-CAL-WIN10.my-caldera.local,11,"File created:
RuleName: DO
UtcTime: 2024-08-20 00:14:55.036
ProcessGuid: {ca24abc9-dffc-66c3-ef02-000000001d00}
ProcessId: 11020
Image: C:\Program Files (x86)\Microsoft Office\Root\Office16\WINWORD.EXE
TargetFilename: C:\Users\johnny.douche\AppData\Local\Microsoft\Office\16.0\winword.exe_Rules\rule100084v1.xml
CreationUtcTime: 2024-08-20 00:14:55.036
User: MY-CALDERA\johnny.douche"
MY-CAL-WIN10.my-caldera.local,11,"File created:
RuleName: DO
UtcTime: 2024-08-20 00:14:55.037
ProcessGuid: {ca24abc9-dffc-66c3-ef02-000000001d00}
ProcessId: 11020
Image: C:\Program Files (x86)\Microsoft Office\Root\Office16\WINWORD.EXE
TargetFilename: C:\Users\johnny.douche\AppData\Local\Microsoft\Office\16.0\winword.exe_Rules\rule100085v0.xml
CreationUtcTime: 2024-08-20 00:14:55.037
User: MY-CALDERA\johnny.douche"
MY-CAL-WIN10.my-caldera.local,11,"File created:
RuleName: DO
UtcTime: 2024-08-20 00:14:55.038
ProcessGuid: {ca24abc9-dffc-66c3-ef02-000000001d00}
ProcessId: 11020
Image: C:\Program Files (x86)\Microsoft Office\Root\Office16\WINWORD.EXE
TargetFilename: C:\Users\johnny.douche\AppData\Local\Microsoft\Office\16.0\winword.exe_Rules\rule100094v0.xml
CreationUtcTime: 2024-08-20 00:14:55.038
User: MY-CALDERA\johnny.douche"
MY-CAL-WIN10.my-caldera.local,11,"File created:
RuleName: DO
UtcTime: 2024-08-20 00:14:55.039
ProcessGuid: {ca24abc9-dffc-66c3-ef02-000000001d00}
ProcessId: 11020
Image: C:\Program Files (x86)\Microsoft Office\Root\Office16\WINWORD.EXE
TargetFilename: C:\Users\johnny.douche\AppData\Local\Microsoft\Office\16.0\winword.exe_Rules\rule1000v5.xml
CreationUtcTime: 2024-08-20 00:14:55.039
User: MY-CALDERA\johnny.douche"
MY-CAL-WIN10.my-caldera.local,11,"File created:
RuleName: DO
UtcTime: 2024-08-20 00:14:55.043
ProcessGuid: {ca24abc9-dffc-66c3-ef02-000000001d00}
ProcessId: 11020
Image: C:\Program Files (x86)\Microsoft Office\Root\Office16\WINWORD.EXE
TargetFilename: C:\Users\johnny.douche\AppData\Local\Microsoft\Office\16.0\winword.exe_Rules\rule100104v2.xml
CreationUtcTime: 2024-08-20 00:14:55.041
User: MY-CALDERA\johnny.douche"
MY-CAL-WIN10.my-caldera.local,11,"File created:
RuleName: DO
UtcTime: 2024-08-20 00:14:55.044
ProcessGuid: {ca24abc9-dffc-66c3-ef02-000000001d00}
ProcessId: 11020
Image: C:\Program Files (x86)\Microsoft Office\Root\Office16\WINWORD.EXE
TargetFilename: C:\Users\johnny.douche\AppData\Local\Microsoft\Office\16.0\winword.exe_Rules\rule100105v0.xml
CreationUtcTime: 2024-08-20 00:14:55.044
User: MY-CALDERA\johnny.douche"
MY-CAL-WIN10.my-caldera.local,11,"File created:
RuleName: DO
UtcTime: 2024-08-20 00:14:55.045
ProcessGuid: {ca24abc9-dffc-66c3-ef02-000000001d00}
ProcessId: 11020
Image: C:\Program Files (x86)\Microsoft Office\Root\Office16\WINWORD.EXE
TargetFilename: C:\Users\johnny.douche\AppData\Local\Microsoft\Office\16.0\winword.exe_Rules\rule100106v0.xml
CreationUtcTime: 2024-08-20 00:14:55.045
User: MY-CALDERA\johnny.douche"
MY-CAL-WIN10.my-caldera.local,11,"File created:
RuleName: DO
UtcTime: 2024-08-20 00:14:55.046
ProcessGuid: {ca24abc9-dffc-66c3-ef02-000000001d00}
ProcessId: 11020
Image: C:\Program Files (x86)\Microsoft Office\Root\Office16\WINWORD.EXE
TargetFilename: C:\Users\johnny.douche\AppData\Local\Microsoft\Office\16.0\winword.exe_Rules\rule100109v1.xml
CreationUtcTime: 2024-08-20 00:14:55.046
User: MY-CALDERA\johnny.douche"
MY-CAL-WIN10.my-caldera.local,11,"File created:
RuleName: DO
UtcTime: 2024-08-20 00:14:55.048
ProcessGuid: {ca24abc9-dffc-66c3-ef02-000000001d00}
ProcessId: 11020
Image: C:\Program Files (x86)\Microsoft Office\Root\Office16\WINWORD.EXE
TargetFilename: C:\Users\johnny.douche\AppData\Local\Microsoft\Office\16.0\winword.exe_Rules\rule100110v1.xml
CreationUtcTime: 2024-08-20 00:14:55.048
User: MY-CALDERA\johnny.douche"
MY-CAL-WIN10.my-caldera.local,11,"File created:
RuleName: DO
UtcTime: 2024-08-20 00:14:55.049
ProcessGuid: {ca24abc9-dffc-66c3-ef02-000000001d00}
ProcessId: 11020
Image: C:\Program Files (x86)\Microsoft Office\Root\Office16\WINWORD.EXE
TargetFilename: C:\Users\johnny.douche\AppData\Local\Microsoft\Office\16.0\winword.exe_Rules\rule100113v0.xml
CreationUtcTime: 2024-08-20 00:14:55.049
User: MY-CALDERA\johnny.douche"
MY-CAL-WIN10.my-caldera.local,11,"File created:
RuleName: DO
UtcTime: 2024-08-20 00:14:55.050
ProcessGuid: {ca24abc9-dffc-66c3-ef02-000000001d00}
ProcessId: 11020
Image: C:\Program Files (x86)\Microsoft Office\Root\Office16\WINWORD.EXE
TargetFilename: C:\Users\johnny.douche\AppData\Local\Microsoft\Office\16.0\winword.exe_Rules\rule100114v0.xml
CreationUtcTime: 2024-08-20 00:14:55.050
User: MY-CALDERA\johnny.douche"
MY-CAL-WIN10.my-caldera.local,11,"File created:
RuleName: DO
UtcTime: 2024-08-20 00:14:55.051
ProcessGuid: {ca24abc9-dffc-66c3-ef02-000000001d00}
ProcessId: 11020
Image: C:\Program Files (x86)\Microsoft Office\Root\Office16\WINWORD.EXE
TargetFilename: C:\Users\johnny.douche\AppData\Local\Microsoft\Office\16.0\winword.exe_Rules\rule100115v0.xml
CreationUtcTime: 2024-08-20 00:14:55.051
User: MY-CALDERA\johnny.douche"
MY-CAL-WIN10.my-caldera.local,11,"File created:
RuleName: DO
UtcTime: 2024-08-20 00:14:55.192
ProcessGuid: {ca24abc9-dffc-66c3-ef02-000000001d00}
ProcessId: 11020
Image: C:\Program Files (x86)\Microsoft Office\Root\Office16\WINWORD.EXE
TargetFilename: C:\Users\johnny.douche\AppData\Local\Microsoft\Office\16.0\winword.exe_Rules\rule110150v1.xml
CreationUtcTime: 2024-08-20 00:14:55.191
User: MY-CALDERA\johnny.douche"
MY-CAL-WIN10.my-caldera.local,11,"File created:
RuleName: DO
UtcTime: 2024-08-20 00:14:55.053
ProcessGuid: {ca24abc9-dffc-66c3-ef02-000000001d00}
ProcessId: 11020
Image: C:\Program Files (x86)\Microsoft Office\Root\Office16\WINWORD.EXE
TargetFilename: C:\Users\johnny.douche\AppData\Local\Microsoft\Office\16.0\winword.exe_Rules\rule100116v0.xml
CreationUtcTime: 2024-08-20 00:14:55.053
User: MY-CALDERA\johnny.douche"
MY-CAL-WIN10.my-caldera.local,11,"File created:
RuleName: DO
UtcTime: 2024-08-20 00:14:55.193
ProcessGuid: {ca24abc9-dffc-66c3-ef02-000000001d00}
ProcessId: 11020
Image: C:\Program Files (x86)\Microsoft Office\Root\Office16\WINWORD.EXE
TargetFilename: C:\Users\johnny.douche\AppData\Local\Microsoft\Office\16.0\winword.exe_Rules\rule110152v0.xml
CreationUtcTime: 2024-08-20 00:14:55.192
User: MY-CALDERA\johnny.douche"
MY-CAL-WIN10.my-caldera.local,11,"File created:
RuleName: DO
UtcTime: 2024-08-20 00:14:55.054
ProcessGuid: {ca24abc9-dffc-66c3-ef02-000000001d00}
ProcessId: 11020
Image: C:\Program Files (x86)\Microsoft Office\Root\Office16\WINWORD.EXE
TargetFilename: C:\Users\johnny.douche\AppData\Local\Microsoft\Office\16.0\winword.exe_Rules\rule100117v0.xml
CreationUtcTime: 2024-08-20 00:14:55.054
User: MY-CALDERA\johnny.douche"
MY-CAL-WIN10.my-caldera.local,11,"File created:
RuleName: DO
UtcTime: 2024-08-20 00:14:55.195
ProcessGuid: {ca24abc9-dffc-66c3-ef02-000000001d00}
ProcessId: 11020
Image: C:\Program Files (x86)\Microsoft Office\Root\Office16\WINWORD.EXE
TargetFilename: C:\Users\johnny.douche\AppData\Local\Microsoft\Office\16.0\winword.exe_Rules\rule110153v1.xml
CreationUtcTime: 2024-08-20 00:14:55.194
User: MY-CALDERA\johnny.douche"
MY-CAL-WIN10.my-caldera.local,11,"File created:
RuleName: DO
UtcTime: 2024-08-20 00:14:55.055
ProcessGuid: {ca24abc9-dffc-66c3-ef02-000000001d00}
ProcessId: 11020
Image: C:\Program Files (x86)\Microsoft Office\Root\Office16\WINWORD.EXE
TargetFilename: C:\Users\johnny.douche\AppData\Local\Microsoft\Office\16.0\winword.exe_Rules\rule100118v1.xml
CreationUtcTime: 2024-08-20 00:14:55.055
User: MY-CALDERA\johnny.douche"
MY-CAL-WIN10.my-caldera.local,11,"File created:
RuleName: DO
UtcTime: 2024-08-20 00:14:55.197
ProcessGuid: {ca24abc9-dffc-66c3-ef02-000000001d00}
ProcessId: 11020
Image: C:\Program Files (x86)\Microsoft Office\Root\Office16\WINWORD.EXE
TargetFilename: C:\Users\johnny.douche\AppData\Local\Microsoft\Office\16.0\winword.exe_Rules\rule110154v0.xml
CreationUtcTime: 2024-08-20 00:14:55.197
User: MY-CALDERA\johnny.douche"
MY-CAL-WIN10.my-caldera.local,11,"File created:
RuleName: DO
UtcTime: 2024-08-20 00:14:55.056
ProcessGuid: {ca24abc9-dffc-66c3-ef02-000000001d00}
ProcessId: 11020
Image: C:\Program Files (x86)\Microsoft Office\Root\Office16\WINWORD.EXE
TargetFilename: C:\Users\johnny.douche\AppData\Local\Microsoft\Office\16.0\winword.exe_Rules\rule100119v0.xml
CreationUtcTime: 2024-08-20 00:14:55.056
User: MY-CALDERA\johnny.douche"
MY-CAL-WIN10.my-caldera.local,11,"File created:
RuleName: DO
UtcTime: 2024-08-20 00:14:55.199
ProcessGuid: {ca24abc9-dffc-66c3-ef02-000000001d00}
ProcessId: 11020
Image: C:\Program Files (x86)\Microsoft Office\Root\Office16\WINWORD.EXE
TargetFilename: C:\Users\johnny.douche\AppData\Local\Microsoft\Office\16.0\winword.exe_Rules\rule110155v1.xml
CreationUtcTime: 2024-08-20 00:14:55.198
User: MY-CALDERA\johnny.douche"
MY-CAL-WIN10.my-caldera.local,11,"File created:
RuleName: DO
UtcTime: 2024-08-20 00:14:55.058
ProcessGuid: {ca24abc9-dffc-66c3-ef02-000000001d00}
ProcessId: 11020
Image: C:\Program Files (x86)\Microsoft Office\Root\Office16\WINWORD.EXE
TargetFilename: C:\Users\johnny.douche\AppData\Local\Microsoft\Office\16.0\winword.exe_Rules\rule100124v2.xml
CreationUtcTime: 2024-08-20 00:14:55.058
User: MY-CALDERA\johnny.douche"
MY-CAL-WIN10.my-caldera.local,11,"File created:
RuleName: DO
UtcTime: 2024-08-20 00:14:55.200
ProcessGuid: {ca24abc9-dffc-66c3-ef02-000000001d00}
ProcessId: 11020
Image: C:\Program Files (x86)\Microsoft Office\Root\Office16\WINWORD.EXE
TargetFilename: C:\Users\johnny.douche\AppData\Local\Microsoft\Office\16.0\winword.exe_Rules\rule110161v2.xml
CreationUtcTime: 2024-08-20 00:14:55.200
User: MY-CALDERA\johnny.douche"
MY-CAL-WIN10.my-caldera.local,11,"File created:
RuleName: DO
UtcTime: 2024-08-20 00:14:55.059
ProcessGuid: {ca24abc9-dffc-66c3-ef02-000000001d00}
ProcessId: 11020
Image: C:\Program Files (x86)\Microsoft Office\Root\Office16\WINWORD.EXE
TargetFilename: C:\Users\johnny.douche\AppData\Local\Microsoft\Office\16.0\winword.exe_Rules\rule100125v2.xml
CreationUtcTime: 2024-08-20 00:14:55.059
User: MY-CALDERA\johnny.douche"
MY-CAL-WIN10.my-caldera.local,11,"File created:
RuleName: DO
UtcTime: 2024-08-20 00:14:55.201
ProcessGuid: {ca24abc9-dffc-66c3-ef02-000000001d00}
ProcessId: 11020
Image: C:\Program Files (x86)\Microsoft Office\Root\Office16\WINWORD.EXE
TargetFilename: C:\Users\johnny.douche\AppData\Local\Microsoft\Office\16.0\winword.exe_Rules\rule110170v0.xml
CreationUtcTime: 2024-08-20 00:14:55.201
User: MY-CALDERA\johnny.douche"
MY-CAL-WIN10.my-caldera.local,11,"File created:
RuleName: DO
UtcTime: 2024-08-20 00:14:55.203
ProcessGuid: {ca24abc9-dffc-66c3-ef02-000000001d00}
ProcessId: 11020
Image: C:\Program Files (x86)\Microsoft Office\Root\Office16\WINWORD.EXE
TargetFilename: C:\Users\johnny.douche\AppData\Local\Microsoft\Office\16.0\winword.exe_Rules\rule110175v4.xml
CreationUtcTime: 2024-08-20 00:14:55.203
User: MY-CALDERA\johnny.douche"
MY-CAL-WIN10.my-caldera.local,11,"File created:
RuleName: DO
UtcTime: 2024-08-20 00:14:54.974
ProcessGuid: {ca24abc9-dffc-66c3-ef02-000000001d00}
ProcessId: 11020
Image: C:\Program Files (x86)\Microsoft Office\Root\Office16\WINWORD.EXE
TargetFilename: C:\Users\johnny.douche\AppData\Local\Microsoft\FontCache\4\CatalogCacheMetaData2.xml
CreationUtcTime: 2024-08-20 00:14:38.197
User: MY-CALDERA\johnny.douche"
MY-CAL-WIN10.my-caldera.local,11,"File created:
RuleName: DO
UtcTime: 2024-08-20 00:14:55.207
ProcessGuid: {ca24abc9-dffc-66c3-ef02-000000001d00}
ProcessId: 11020
Image: C:\Program Files (x86)\Microsoft Office\Root\Office16\WINWORD.EXE
TargetFilename: C:\Users\johnny.douche\AppData\Local\Microsoft\Office\16.0\winword.exe_Rules\rule110188v5.xml
CreationUtcTime: 2024-08-20 00:14:55.207
User: MY-CALDERA\johnny.douche"
MY-CAL-WIN10.my-caldera.local,11,"File created:
RuleName: DO
UtcTime: 2024-08-20 00:14:55.209
ProcessGuid: {ca24abc9-dffc-66c3-ef02-000000001d00}
ProcessId: 11020
Image: C:\Program Files (x86)\Microsoft Office\Root\Office16\WINWORD.EXE
TargetFilename: C:\Users\johnny.douche\AppData\Local\Microsoft\Office\16.0\winword.exe_Rules\rule110196v5.xml
CreationUtcTime: 2024-08-20 00:14:55.209
User: MY-CALDERA\johnny.douche"
MY-CAL-WIN10.my-caldera.local,11,"File created:
RuleName: DO
UtcTime: 2024-08-20 00:14:55.060
ProcessGuid: {ca24abc9-dffc-66c3-ef02-000000001d00}
ProcessId: 11020
Image: C:\Program Files (x86)\Microsoft Office\Root\Office16\WINWORD.EXE
TargetFilename: C:\Users\johnny.douche\AppData\Local\Microsoft\Office\16.0\winword.exe_Rules\rule100126v2.xml
CreationUtcTime: 2024-08-20 00:14:55.060
User: MY-CALDERA\johnny.douche"
MY-CAL-WIN10.my-caldera.local,11,"File created:
RuleName: DO
UtcTime: 2024-08-20 00:14:55.204
ProcessGuid: {ca24abc9-dffc-66c3-ef02-000000001d00}
ProcessId: 11020
Image: C:\Program Files (x86)\Microsoft Office\Root\Office16\WINWORD.EXE
TargetFilename: C:\Users\johnny.douche\AppData\Local\Microsoft\Office\16.0\winword.exe_Rules\rule110186v12.xml
CreationUtcTime: 2024-08-20 00:14:55.204
User: MY-CALDERA\johnny.douche"
MY-CAL-WIN10.my-caldera.local,11,"File created:
RuleName: DO
UtcTime: 2024-08-20 00:14:55.210
ProcessGuid: {ca24abc9-dffc-66c3-ef02-000000001d00}
ProcessId: 11020
Image: C:\Program Files (x86)\Microsoft Office\Root\Office16\WINWORD.EXE
TargetFilename: C:\Users\johnny.douche\AppData\Local\Microsoft\Office\16.0\winword.exe_Rules\rule110205v2.xml
CreationUtcTime: 2024-08-20 00:14:55.210
User: MY-CALDERA\johnny.douche"
MY-CAL-WIN10.my-caldera.local,11,"File created:
RuleName: DO
UtcTime: 2024-08-20 00:14:55.211
ProcessGuid: {ca24abc9-dffc-66c3-ef02-000000001d00}
ProcessId: 11020
Image: C:\Program Files (x86)\Microsoft Office\Root\Office16\WINWORD.EXE
TargetFilename: C:\Users\johnny.douche\AppData\Local\Microsoft\Office\16.0\winword.exe_Rules\rule110228v0.xml
CreationUtcTime: 2024-08-20 00:14:55.211
User: MY-CALDERA\johnny.douche"
MY-CAL-WIN10.my-caldera.local,11,"File created:
RuleName: DO
UtcTime: 2024-08-20 00:14:55.061
ProcessGuid: {ca24abc9-dffc-66c3-ef02-000000001d00}
ProcessId: 11020
Image: C:\Program Files (x86)\Microsoft Office\Root\Office16\WINWORD.EXE
TargetFilename: C:\Users\johnny.douche\AppData\Local\Microsoft\Office\16.0\winword.exe_Rules\rule100127v2.xml
CreationUtcTime: 2024-08-20 00:14:55.061
User: MY-CALDERA\johnny.douche"
MY-CAL-WIN10.my-caldera.local,11,"File created:
RuleName: DO
UtcTime: 2024-08-20 00:14:55.063
ProcessGuid: {ca24abc9-dffc-66c3-ef02-000000001d00}
ProcessId: 11020
Image: C:\Program Files (x86)\Microsoft Office\Root\Office16\WINWORD.EXE
TargetFilename: C:\Users\johnny.douche\AppData\Local\Microsoft\Office\16.0\winword.exe_Rules\rule100128v1.xml
CreationUtcTime: 2024-08-20 00:14:55.063
User: MY-CALDERA\johnny.douche"
MY-CAL-WIN10.my-caldera.local,11,"File created:
RuleName: DO
UtcTime: 2024-08-20 00:14:55.066
ProcessGuid: {ca24abc9-dffc-66c3-ef02-000000001d00}
ProcessId: 11020
Image: C:\Program Files (x86)\Microsoft Office\Root\Office16\WINWORD.EXE
TargetFilename: C:\Users\johnny.douche\AppData\Local\Microsoft\Office\16.0\winword.exe_Rules\rule100129v2.xml
CreationUtcTime: 2024-08-20 00:14:55.064
User: MY-CALDERA\johnny.douche"
MY-CAL-WIN10.my-caldera.local,11,"File created:
RuleName: DO
UtcTime: 2024-08-20 00:14:55.206
ProcessGuid: {ca24abc9-dffc-66c3-ef02-000000001d00}
ProcessId: 11020
Image: C:\Program Files (x86)\Microsoft Office\Root\Office16\WINWORD.EXE
TargetFilename: C:\Users\johnny.douche\AppData\Local\Microsoft\Office\16.0\winword.exe_Rules\rule110187v4.xml
CreationUtcTime: 2024-08-20 00:14:55.205
User: MY-CALDERA\johnny.douche"
MY-CAL-WIN10.my-caldera.local,11,"File created:
RuleName: DO
UtcTime: 2024-08-20 00:14:55.212
ProcessGuid: {ca24abc9-dffc-66c3-ef02-000000001d00}
ProcessId: 11020
Image: C:\Program Files (x86)\Microsoft Office\Root\Office16\WINWORD.EXE
TargetFilename: C:\Users\johnny.douche\AppData\Local\Microsoft\Office\16.0\winword.exe_Rules\rule110231v0.xml
CreationUtcTime: 2024-08-20 00:14:55.212
User: MY-CALDERA\johnny.douche"
MY-CAL-WIN10.my-caldera.local,11,"File created:
RuleName: JSPandJSWandJSV
UtcTime: 2024-08-20 00:14:55.067
ProcessGuid: {ca24abc9-dffc-66c3-ef02-000000001d00}
ProcessId: 11020
Image: C:\Program Files (x86)\Microsoft Office\Root\Office16\WINWORD.EXE
TargetFilename: C:\Users\johnny.douche\AppData\Local\Microsoft\Windows\INetCache\IE\482UAV8W\federationprovider[1].json
CreationUtcTime: 2024-08-20 00:14:55.067
User: MY-CALDERA\johnny.douche"
MY-CAL-WIN10.my-caldera.local,11,"File created:
RuleName: DO
UtcTime: 2024-08-20 00:14:55.215
ProcessGuid: {ca24abc9-dffc-66c3-ef02-000000001d00}
ProcessId: 11020
Image: C:\Program Files (x86)\Microsoft Office\Root\Office16\WINWORD.EXE
TargetFilename: C:\Users\johnny.douche\AppData\Local\Microsoft\Office\16.0\winword.exe_Rules\rule110232v0.xml
CreationUtcTime: 2024-08-20 00:14:55.215
User: MY-CALDERA\johnny.douche"
MY-CAL-WIN10.my-caldera.local,11,"File created:
RuleName: DO
UtcTime: 2024-08-20 00:14:55.069
ProcessGuid: {ca24abc9-dffc-66c3-ef02-000000001d00}
ProcessId: 11020
Image: C:\Program Files (x86)\Microsoft Office\Root\Office16\WINWORD.EXE
TargetFilename: C:\Users\johnny.douche\AppData\Local\Microsoft\Office\16.0\winword.exe_Rules\rule100130v0.xml
CreationUtcTime: 2024-08-20 00:14:55.067
User: MY-CALDERA\johnny.douche"
MY-CAL-WIN10.my-caldera.local,11,"File created:
RuleName: DO
UtcTime: 2024-08-20 00:14:55.216
ProcessGuid: {ca24abc9-dffc-66c3-ef02-000000001d00}
ProcessId: 11020
Image: C:\Program Files (x86)\Microsoft Office\Root\Office16\WINWORD.EXE
TargetFilename: C:\Users\johnny.douche\AppData\Local\Microsoft\Office\16.0\winword.exe_Rules\rule110233v14.xml
CreationUtcTime: 2024-08-20 00:14:55.216
User: MY-CALDERA\johnny.douche"
MY-CAL-WIN10.my-caldera.local,11,"File created:
RuleName: JSPandJSWandJSV
UtcTime: 2024-08-20 00:14:55.069
ProcessGuid: {ca24abc9-dffc-66c3-ef02-000000001d00}
ProcessId: 11020
Image: C:\Program Files (x86)\Microsoft Office\Root\Office16\WINWORD.EXE
TargetFilename: C:\Users\johnny.douche\AppData\Local\Microsoft\Windows\INetCache\IE\482UAV8W\federationprovider[2].json
CreationUtcTime: 2024-08-20 00:14:38.133
User: MY-CALDERA\johnny.douche"
MY-CAL-WIN10.my-caldera.local,11,"File created:
RuleName: DO
UtcTime: 2024-08-20 00:14:55.070
ProcessGuid: {ca24abc9-dffc-66c3-ef02-000000001d00}
ProcessId: 11020
Image: C:\Program Files (x86)\Microsoft Office\Root\Office16\WINWORD.EXE
TargetFilename: C:\Users\johnny.douche\AppData\Local\Microsoft\Office\16.0\winword.exe_Rules\rule100131v1.xml
CreationUtcTime: 2024-08-20 00:14:55.070
User: MY-CALDERA\johnny.douche"
MY-CAL-WIN10.my-caldera.local,11,"File created:
RuleName: DO
UtcTime: 2024-08-20 00:14:55.071
ProcessGuid: {ca24abc9-dffc-66c3-ef02-000000001d00}
ProcessId: 11020
Image: C:\Program Files (x86)\Microsoft Office\Root\Office16\WINWORD.EXE
TargetFilename: C:\Users\johnny.douche\AppData\Local\Microsoft\Office\16.0\winword.exe_Rules\rule100132v1.xml
CreationUtcTime: 2024-08-20 00:14:55.071
User: MY-CALDERA\johnny.douche"
MY-CAL-WIN10.my-caldera.local,11,"File created:
RuleName: DO
UtcTime: 2024-08-20 00:14:55.073
ProcessGuid: {ca24abc9-dffc-66c3-ef02-000000001d00}
ProcessId: 11020
Image: C:\Program Files (x86)\Microsoft Office\Root\Office16\WINWORD.EXE
TargetFilename: C:\Users\johnny.douche\AppData\Local\Microsoft\Office\16.0\winword.exe_Rules\rule100133v1.xml
CreationUtcTime: 2024-08-20 00:14:55.072
User: MY-CALDERA\johnny.douche"
MY-CAL-WIN10.my-caldera.local,11,"File created:
RuleName: DO
UtcTime: 2024-08-20 00:14:55.074
ProcessGuid: {ca24abc9-dffc-66c3-ef02-000000001d00}
ProcessId: 11020
Image: C:\Program Files (x86)\Microsoft Office\Root\Office16\WINWORD.EXE
TargetFilename: C:\Users\johnny.douche\AppData\Local\Microsoft\Office\16.0\winword.exe_Rules\rule100134v1.xml
CreationUtcTime: 2024-08-20 00:14:55.074
User: MY-CALDERA\johnny.douche"
MY-CAL-WIN10.my-caldera.local,11,"File created:
RuleName: DO
UtcTime: 2024-08-20 00:14:55.075
ProcessGuid: {ca24abc9-dffc-66c3-ef02-000000001d00}
ProcessId: 11020
Image: C:\Program Files (x86)\Microsoft Office\Root\Office16\WINWORD.EXE
TargetFilename: C:\Users\johnny.douche\AppData\Local\Microsoft\Office\16.0\winword.exe_Rules\rule100201v0.xml
CreationUtcTime: 2024-08-20 00:14:55.075
User: MY-CALDERA\johnny.douche"
MY-CAL-WIN10.my-caldera.local,11,"File created:
RuleName: DO
UtcTime: 2024-08-20 00:14:55.077
ProcessGuid: {ca24abc9-dffc-66c3-ef02-000000001d00}
ProcessId: 11020
Image: C:\Program Files (x86)\Microsoft Office\Root\Office16\WINWORD.EXE
TargetFilename: C:\Users\johnny.douche\AppData\Local\Microsoft\Office\16.0\winword.exe_Rules\rule100202v0.xml
CreationUtcTime: 2024-08-20 00:14:55.077
User: MY-CALDERA\johnny.douche"
MY-CAL-WIN10.my-caldera.local,11,"File created:
RuleName: DO
UtcTime: 2024-08-20 00:14:55.217
ProcessGuid: {ca24abc9-dffc-66c3-ef02-000000001d00}
ProcessId: 11020
Image: C:\Program Files (x86)\Microsoft Office\Root\Office16\WINWORD.EXE
TargetFilename: C:\Users\johnny.douche\AppData\Local\Microsoft\Office\16.0\winword.exe_Rules\rule110234v12.xml
CreationUtcTime: 2024-08-20 00:14:55.217
User: MY-CALDERA\johnny.douche"
MY-CAL-WIN10.my-caldera.local,11,"File created:
RuleName: DO
UtcTime: 2024-08-20 00:14:55.078
ProcessGuid: {ca24abc9-dffc-66c3-ef02-000000001d00}
ProcessId: 11020
Image: C:\Program Files (x86)\Microsoft Office\Root\Office16\WINWORD.EXE
TargetFilename: C:\Users\johnny.douche\AppData\Local\Microsoft\Office\16.0\winword.exe_Rules\rule10450v3.xml
CreationUtcTime: 2024-08-20 00:14:55.078
User: MY-CALDERA\johnny.douche"
MY-CAL-WIN10.my-caldera.local,11,"File created:
RuleName: DO
UtcTime: 2024-08-20 00:14:55.218
ProcessGuid: {ca24abc9-dffc-66c3-ef02-000000001d00}
ProcessId: 11020
Image: C:\Program Files (x86)\Microsoft Office\Root\Office16\WINWORD.EXE
TargetFilename: C:\Users\johnny.douche\AppData\Local\Microsoft\Office\16.0\winword.exe_Rules\rule110240v0.xml
CreationUtcTime: 2024-08-20 00:14:55.218
User: MY-CALDERA\johnny.douche"
MY-CAL-WIN10.my-caldera.local,11,"File created:
RuleName: DO
UtcTime: 2024-08-20 00:14:55.079
ProcessGuid: {ca24abc9-dffc-66c3-ef02-000000001d00}
ProcessId: 11020
Image: C:\Program Files (x86)\Microsoft Office\Root\Office16\WINWORD.EXE
TargetFilename: C:\Users\johnny.douche\AppData\Local\Microsoft\Office\16.0\winword.exe_Rules\rule10625v0.xml
CreationUtcTime: 2024-08-20 00:14:55.079
User: MY-CALDERA\johnny.douche"
MY-CAL-WIN10.my-caldera.local,11,"File created:
RuleName: DO
UtcTime: 2024-08-20 00:14:55.081
ProcessGuid: {ca24abc9-dffc-66c3-ef02-000000001d00}
ProcessId: 11020
Image: C:\Program Files (x86)\Microsoft Office\Root\Office16\WINWORD.EXE
TargetFilename: C:\Users\johnny.douche\AppData\Local\Microsoft\Office\16.0\winword.exe_Rules\rule10626v1.xml
CreationUtcTime: 2024-08-20 00:14:55.080
User: MY-CALDERA\johnny.douche"
MY-CAL-WIN10.my-caldera.local,11,"File created:
RuleName: DO
UtcTime: 2024-08-20 00:14:55.421
ProcessGuid: {ca24abc9-dffc-66c3-ef02-000000001d00}
ProcessId: 11020
Image: C:\Program Files (x86)\Microsoft Office\Root\Office16\WINWORD.EXE
TargetFilename: C:\Users\johnny.douche\AppData\Local\Microsoft\Office\16.0\winword.exe_Rules\rule120619v0.xml
CreationUtcTime: 2024-08-20 00:14:55.421
User: MY-CALDERA\johnny.douche"
MY-CAL-WIN10.my-caldera.local,11,"File created:
RuleName: DO
UtcTime: 2024-08-20 00:14:54.982
ProcessGuid: {ca24abc9-dffc-66c3-ef02-000000001d00}
ProcessId: 11020
Image: C:\Program Files (x86)\Microsoft Office\Root\Office16\WINWORD.EXE
TargetFilename: C:\Users\johnny.douche\AppData\Local\Microsoft\FontCache\4\CatalogCacheMetaData2.xml
CreationUtcTime: 2024-08-20 00:14:38.197
User: MY-CALDERA\johnny.douche"
MY-CAL-WIN10.my-caldera.local,11,"File created:
RuleName: DO
UtcTime: 2024-08-20 00:14:55.223
ProcessGuid: {ca24abc9-dffc-66c3-ef02-000000001d00}
ProcessId: 11020
Image: C:\Program Files (x86)\Microsoft Office\Root\Office16\WINWORD.EXE
TargetFilename: C:\Users\johnny.douche\AppData\Local\Microsoft\Office\16.0\winword.exe_Rules\rule110245v0.xml
CreationUtcTime: 2024-08-20 00:14:55.220
User: MY-CALDERA\johnny.douche"
MY-CAL-WIN10.my-caldera.local,11,"File created:
RuleName: DO
UtcTime: 2024-08-20 00:14:55.422
ProcessGuid: {ca24abc9-dffc-66c3-ef02-000000001d00}
ProcessId: 11020
Image: C:\Program Files (x86)\Microsoft Office\Root\Office16\WINWORD.EXE
TargetFilename: C:\Users\johnny.douche\AppData\Local\Microsoft\Office\16.0\winword.exe_Rules\rule120620v0.xml
CreationUtcTime: 2024-08-20 00:14:55.422
User: MY-CALDERA\johnny.douche"
MY-CAL-WIN10.my-caldera.local,11,"File created:
RuleName: DO
UtcTime: 2024-08-20 00:14:55.430
ProcessGuid: {ca24abc9-dffc-66c3-ef02-000000001d00}
ProcessId: 11020
Image: C:\Program Files (x86)\Microsoft Office\Root\Office16\WINWORD.EXE
TargetFilename: C:\Users\johnny.douche\AppData\Local\Microsoft\Office\16.0\winword.exe_Rules\rule120625v0.xml
CreationUtcTime: 2024-08-20 00:14:55.430
User: MY-CALDERA\johnny.douche"
MY-CAL-WIN10.my-caldera.local,11,"File created:
RuleName: DO
UtcTime: 2024-08-20 00:14:55.224
ProcessGuid: {ca24abc9-dffc-66c3-ef02-000000001d00}
ProcessId: 11020
Image: C:\Program Files (x86)\Microsoft Office\Root\Office16\WINWORD.EXE
TargetFilename: C:\Users\johnny.douche\AppData\Local\Microsoft\Office\16.0\winword.exe_Rules\rule110248v4.xml
CreationUtcTime: 2024-08-20 00:14:55.224
User: MY-CALDERA\johnny.douche"
MY-CAL-WIN10.my-caldera.local,11,"File created:
RuleName: DO
UtcTime: 2024-08-20 00:14:55.431
ProcessGuid: {ca24abc9-dffc-66c3-ef02-000000001d00}
ProcessId: 11020
Image: C:\Program Files (x86)\Microsoft Office\Root\Office16\WINWORD.EXE
TargetFilename: C:\Users\johnny.douche\AppData\Local\Microsoft\Office\16.0\winword.exe_Rules\rule120626v0.xml
CreationUtcTime: 2024-08-20 00:14:55.431
User: MY-CALDERA\johnny.douche"
MY-CAL-WIN10.my-caldera.local,11,"File created:
RuleName: DO
UtcTime: 2024-08-20 00:14:55.326
ProcessGuid: {ca24abc9-dffc-66c3-ef02-000000001d00}
ProcessId: 11020
Image: C:\Program Files (x86)\Microsoft Office\Root\Office16\WINWORD.EXE
TargetFilename: C:\Users\johnny.douche\AppData\Local\Microsoft\Office\16.0\winword.exe_Rules\rule11502v0.xml
CreationUtcTime: 2024-08-20 00:14:55.326
User: MY-CALDERA\johnny.douche"
MY-CAL-WIN10.my-caldera.local,11,"File created:
RuleName: DO
UtcTime: 2024-08-20 00:14:55.424
ProcessGuid: {ca24abc9-dffc-66c3-ef02-000000001d00}
ProcessId: 11020
Image: C:\Program Files (x86)\Microsoft Office\Root\Office16\WINWORD.EXE
TargetFilename: C:\Users\johnny.douche\AppData\Local\Microsoft\Office\16.0\winword.exe_Rules\rule120621v0.xml
CreationUtcTime: 2024-08-20 00:14:55.424
User: MY-CALDERA\johnny.douche"
MY-CAL-WIN10.my-caldera.local,11,"File created:
RuleName: DO
UtcTime: 2024-08-20 00:14:55.225
ProcessGuid: {ca24abc9-dffc-66c3-ef02-000000001d00}
ProcessId: 11020
Image: C:\Program Files (x86)\Microsoft Office\Root\Office16\WINWORD.EXE
TargetFilename: C:\Users\johnny.douche\AppData\Local\Microsoft\Office\16.0\winword.exe_Rules\rule110252v0.xml
CreationUtcTime: 2024-08-20 00:14:55.225
User: MY-CALDERA\johnny.douche"
MY-CAL-WIN10.my-caldera.local,11,"File created:
RuleName: DO
UtcTime: 2024-08-20 00:14:55.240
ProcessGuid: {ca24abc9-dffc-66c3-ef02-000000001d00}
ProcessId: 11020
Image: C:\Program Files (x86)\Microsoft Office\Root\Office16\WINWORD.EXE
TargetFilename: C:\Users\johnny.douche\AppData\Local\Microsoft\Office\16.0\winword.exe_Rules\rule110288v0.xml
CreationUtcTime: 2024-08-20 00:14:55.240
User: MY-CALDERA\johnny.douche"
