MY-CAL-WIN10.my-caldera.local,11,"File created:
RuleName: DO
UtcTime: 2024-08-20 00:52:30.139
ProcessGuid: {ca24abc9-e8c9-66c3-9009-000000001d00}
ProcessId: 1956
Image: C:\Windows\System32\WindowsPowerShell\v1.0\powershell.exe
TargetFilename: C:\Users\johnny.douche\AppData\Local\Microsoft\Windows\PowerShell\StartupProfileData-NonInteractive
CreationUtcTime: 2024-03-28 01:06:06.420
User: MY-CALDERA\johnny.douche"
MY-CAL-WIN10.my-caldera.local,11,"File created:
RuleName: DO
UtcTime: 2024-08-20 00:52:28.319
ProcessGuid: {ca24abc9-e8cb-66c3-9309-000000001d00}
ProcessId: 5528
Image: C:\Program Files (x86)\Microsoft Office\Root\Office16\WINWORD.EXE
TargetFilename: C:\Users\JOHNNY~1.DOU\AppData\Local\Temp\{5434D7A1-8CC2-45EA-BEC3-F9F716B3073B}
CreationUtcTime: 2024-08-20 00:52:28.319
User: MY-CALDERA\johnny.douche"
MY-CAL-WIN10.my-caldera.local,11,"File created:
RuleName: DLL
UtcTime: 2024-08-20 00:52:28.351
ProcessGuid: {ca24abc9-e8b7-66c3-8309-000000001d00}
ProcessId: 804
Image: C:\Windows\system32\msiexec.exe
TargetFilename: C:\Program Files\Oracle\VirtualBox\VBoxDD2.dll
CreationUtcTime: 2024-08-20 00:52:28.350
User: NT AUTHORITY\SYSTEM"
MY-CAL-WIN10.my-caldera.local,11,"File created:
RuleName: DO
UtcTime: 2024-08-20 00:52:28.351
ProcessGuid: {ca24abc9-e8cb-66c3-9309-000000001d00}
ProcessId: 5528
Image: C:\Program Files (x86)\Microsoft Office\Root\Office16\WINWORD.EXE
TargetFilename: C:\Users\JOHNNY~1.DOU\AppData\Local\Temp\Diagnostics\WINWORD\Primary1724115148351193500_ED456B24-3C60-455E-98F6-3573043D995B.log
CreationUtcTime: 2024-08-20 00:52:28.351
User: MY-CALDERA\johnny.douche"
MY-CAL-WIN10.my-caldera.local,11,"File created:
RuleName: DO
UtcTime: 2024-08-20 00:52:28.353
ProcessGuid: {ca24abc9-e8cb-66c3-9309-000000001d00}
ProcessId: 5528
Image: C:\Program Files (x86)\Microsoft Office\Root\Office16\WINWORD.EXE
TargetFilename: C:\Users\JOHNNY~1.DOU\AppData\Local\Temp\Diagnostics\WINWORD\Primary1724115148352547900_ED456B24-3C60-455E-98F6-3573043D995B.log
CreationUtcTime: 2024-08-20 00:52:28.352
User: MY-CALDERA\johnny.douche"
MY-CAL-WIN10.my-caldera.local,11,"File created:
RuleName: DLL
UtcTime: 2024-08-20 00:52:28.436
ProcessGuid: {ca24abc9-e8b7-66c3-8309-000000001d00}
ProcessId: 804
Image: C:\Windows\system32\msiexec.exe
TargetFilename: C:\Program Files\Oracle\VirtualBox\VBoxDDU.dll
CreationUtcTime: 2024-08-20 00:52:28.393
User: NT AUTHORITY\SYSTEM"
MY-CAL-WIN10.my-caldera.local,11,"File created:
RuleName: DO
UtcTime: 2024-08-20 00:52:28.440
ProcessGuid: {ca24abc9-e8cb-66c3-9309-000000001d00}
ProcessId: 5528
Image: C:\Program Files (x86)\Microsoft Office\Root\Office16\WINWORD.EXE
TargetFilename: C:\Users\JOHNNY~1.DOU\AppData\Local\Temp\Diagnostics\WINWORD\Additional\Additional1724115148440799900_ED456B24-3C60-455E-98F6-3573043D995B.log
CreationUtcTime: 2024-08-20 00:52:28.440
User: MY-CALDERA\johnny.douche"
MY-CAL-WIN10.my-caldera.local,11,"File created:
RuleName: DO
UtcTime: 2024-08-20 00:52:28.441
ProcessGuid: {ca24abc9-e8cb-66c3-9309-000000001d00}
ProcessId: 5528
Image: C:\Program Files (x86)\Microsoft Office\Root\Office16\WINWORD.EXE
TargetFilename: C:\Users\JOHNNY~1.DOU\AppData\Local\Temp\Diagnostics\WINWORD\Additional\Additional1724115148441879300_ED456B24-3C60-455E-98F6-3573043D995B.log
CreationUtcTime: 2024-08-20 00:52:28.441
User: MY-CALDERA\johnny.douche"
MY-CAL-WIN10.my-caldera.local,11,"File created:
RuleName: DLL
UtcTime: 2024-08-20 00:52:28.458
ProcessGuid: {ca24abc9-e8b7-66c3-8309-000000001d00}
ProcessId: 804
Image: C:\Windows\system32\msiexec.exe
TargetFilename: C:\Program Files\Oracle\VirtualBox\VBoxDragAndDropSvc.dll
CreationUtcTime: 2024-08-20 00:52:28.458
User: NT AUTHORITY\SYSTEM"
MY-CAL-WIN10.my-caldera.local,11,"File created:
RuleName: Sysmonv1514
UtcTime: 2024-08-20 00:52:28.481
ProcessGuid: {ca24abc9-e8b7-66c3-8309-000000001d00}
ProcessId: 804
Image: C:\Windows\system32\msiexec.exe
TargetFilename: C:\Program Files\Oracle\VirtualBox\drivers\vboxdrv\VBoxDrv.sys
CreationUtcTime: 2024-08-20 00:52:28.480
User: NT AUTHORITY\SYSTEM"
MY-CAL-WIN10.my-caldera.local,11,"File created:
RuleName: DO
UtcTime: 2024-08-20 00:52:28.511
ProcessGuid: {ca24abc9-e8cb-66c3-9309-000000001d00}
ProcessId: 5528
Image: C:\Program Files (x86)\Microsoft Office\Root\Office16\WINWORD.EXE
TargetFilename: C:\Users\johnny.douche\AppData\Local\Microsoft\FontCache\4\CatalogCacheMetaData2.xml
CreationUtcTime: 2024-08-20 00:14:38.197
User: MY-CALDERA\johnny.douche"
MY-CAL-WIN10.my-caldera.local,11,"File created:
RuleName: DO
UtcTime: 2024-08-20 00:52:28.496
ProcessGuid: {ca24abc9-e8cb-66c3-9309-000000001d00}
ProcessId: 5528
Image: C:\Program Files (x86)\Microsoft Office\Root\Office16\WINWORD.EXE
TargetFilename: C:\Users\johnny.douche\AppData\Local\Microsoft\FontCache\4\CatalogCacheMetaData2.xml
CreationUtcTime: 2024-08-20 00:14:38.197
User: MY-CALDERA\johnny.douche"
MY-CAL-WIN10.my-caldera.local,11,"File created:
RuleName: DO
UtcTime: 2024-08-20 00:52:28.514
ProcessGuid: {ca24abc9-e8cb-66c3-9309-000000001d00}
ProcessId: 5528
Image: C:\Program Files (x86)\Microsoft Office\Root\Office16\WINWORD.EXE
TargetFilename: C:\Users\johnny.douche\AppData\Local\Microsoft\FontCache\4\CatalogCacheMetaData2.xml
CreationUtcTime: 2024-08-20 00:14:38.197
User: MY-CALDERA\johnny.douche"
MY-CAL-WIN10.my-caldera.local,11,"File created:
RuleName: DO
UtcTime: 2024-08-20 00:52:28.498
ProcessGuid: {ca24abc9-e8cb-66c3-9309-000000001d00}
ProcessId: 5528
Image: C:\Program Files (x86)\Microsoft Office\Root\Office16\WINWORD.EXE
TargetFilename: C:\Users\johnny.douche\AppData\Local\Microsoft\FontCache\4\CatalogCacheMetaData2.xml
CreationUtcTime: 2024-08-20 00:14:38.197
User: MY-CALDERA\johnny.douche"
MY-CAL-WIN10.my-caldera.local,11,"File created:
RuleName: DO
UtcTime: 2024-08-20 00:52:28.500
ProcessGuid: {ca24abc9-e8cb-66c3-9309-000000001d00}
ProcessId: 5528
Image: C:\Program Files (x86)\Microsoft Office\Root\Office16\WINWORD.EXE
TargetFilename: C:\Users\johnny.douche\AppData\Local\Microsoft\FontCache\4\CatalogCacheMetaData2.xml
CreationUtcTime: 2024-08-20 00:14:38.197
User: MY-CALDERA\johnny.douche"
MY-CAL-WIN10.my-caldera.local,11,"File created:
RuleName: DO
UtcTime: 2024-08-20 00:52:28.503
ProcessGuid: {ca24abc9-e8cb-66c3-9309-000000001d00}
ProcessId: 5528
Image: C:\Program Files (x86)\Microsoft Office\Root\Office16\WINWORD.EXE
TargetFilename: C:\Users\johnny.douche\AppData\Local\Microsoft\FontCache\4\CatalogCacheMetaData2.xml
CreationUtcTime: 2024-08-20 00:14:38.197
User: MY-CALDERA\johnny.douche"
MY-CAL-WIN10.my-caldera.local,11,"File created:
RuleName: DO
UtcTime: 2024-08-20 00:52:28.505
ProcessGuid: {ca24abc9-e8cb-66c3-9309-000000001d00}
ProcessId: 5528
Image: C:\Program Files (x86)\Microsoft Office\Root\Office16\WINWORD.EXE
TargetFilename: C:\Users\johnny.douche\AppData\Local\Microsoft\FontCache\4\CatalogCacheMetaData2.xml
CreationUtcTime: 2024-08-20 00:14:38.197
User: MY-CALDERA\johnny.douche"
MY-CAL-WIN10.my-caldera.local,11,"File created:
RuleName: DO
UtcTime: 2024-08-20 00:52:28.516
ProcessGuid: {ca24abc9-e8cb-66c3-9309-000000001d00}
ProcessId: 5528
Image: C:\Program Files (x86)\Microsoft Office\Root\Office16\WINWORD.EXE
TargetFilename: C:\Users\johnny.douche\AppData\Local\Microsoft\FontCache\4\CatalogCacheMetaData2.xml
CreationUtcTime: 2024-08-20 00:14:38.197
User: MY-CALDERA\johnny.douche"
MY-CAL-WIN10.my-caldera.local,11,"File created:
RuleName: DO
UtcTime: 2024-08-20 00:52:28.519
ProcessGuid: {ca24abc9-e8cb-66c3-9309-000000001d00}
ProcessId: 5528
Image: C:\Program Files (x86)\Microsoft Office\Root\Office16\WINWORD.EXE
TargetFilename: C:\Users\johnny.douche\AppData\Local\Microsoft\FontCache\4\CatalogCacheMetaData2.xml
CreationUtcTime: 2024-08-20 00:14:38.197
User: MY-CALDERA\johnny.douche"
MY-CAL-WIN10.my-caldera.local,11,"File created:
RuleName: DO
UtcTime: 2024-08-20 00:52:28.521
ProcessGuid: {ca24abc9-e8cb-66c3-9309-000000001d00}
ProcessId: 5528
Image: C:\Program Files (x86)\Microsoft Office\Root\Office16\WINWORD.EXE
TargetFilename: C:\Users\johnny.douche\AppData\Local\Microsoft\FontCache\4\CatalogCacheMetaData2.xml
CreationUtcTime: 2024-08-20 00:14:38.197
User: MY-CALDERA\johnny.douche"
MY-CAL-WIN10.my-caldera.local,11,"File created:
RuleName: DO
UtcTime: 2024-08-20 00:52:28.524
ProcessGuid: {ca24abc9-e8cb-66c3-9309-000000001d00}
ProcessId: 5528
Image: C:\Program Files (x86)\Microsoft Office\Root\Office16\WINWORD.EXE
TargetFilename: C:\Users\johnny.douche\AppData\Local\Microsoft\FontCache\4\CatalogCacheMetaData2.xml
CreationUtcTime: 2024-08-20 00:14:38.197
User: MY-CALDERA\johnny.douche"
MY-CAL-WIN10.my-caldera.local,11,"File created:
RuleName: DO
UtcTime: 2024-08-20 00:52:28.526
ProcessGuid: {ca24abc9-e8cb-66c3-9309-000000001d00}
ProcessId: 5528
Image: C:\Program Files (x86)\Microsoft Office\Root\Office16\WINWORD.EXE
TargetFilename: C:\Users\johnny.douche\AppData\Local\Microsoft\FontCache\4\CatalogCacheMetaData2.xml
CreationUtcTime: 2024-08-20 00:14:38.197
User: MY-CALDERA\johnny.douche"
MY-CAL-WIN10.my-caldera.local,11,"File created:
RuleName: EXE
UtcTime: 2024-08-20 00:52:28.527
ProcessGuid: {ca24abc9-e8b7-66c3-8309-000000001d00}
ProcessId: 804
Image: C:\Windows\system32\msiexec.exe
TargetFilename: C:\Program Files\Oracle\VirtualBox\VBoxDTrace.exe
CreationUtcTime: 2024-08-20 00:52:28.527
User: NT AUTHORITY\SYSTEM"
MY-CAL-WIN10.my-caldera.local,11,"File created:
RuleName: DO
UtcTime: 2024-08-20 00:52:28.528
ProcessGuid: {ca24abc9-e8cb-66c3-9309-000000001d00}
ProcessId: 5528
Image: C:\Program Files (x86)\Microsoft Office\Root\Office16\WINWORD.EXE
TargetFilename: C:\Users\johnny.douche\AppData\Local\Microsoft\FontCache\4\CatalogCacheMetaData2.xml
CreationUtcTime: 2024-08-20 00:14:38.197
User: MY-CALDERA\johnny.douche"
MY-CAL-WIN10.my-caldera.local,11,"File created:
RuleName: DO
UtcTime: 2024-08-20 00:52:28.530
ProcessGuid: {ca24abc9-e8cb-66c3-9309-000000001d00}
ProcessId: 5528
Image: C:\Program Files (x86)\Microsoft Office\Root\Office16\WINWORD.EXE
TargetFilename: C:\Users\johnny.douche\AppData\Local\Microsoft\FontCache\4\CatalogCacheMetaData2.xml
CreationUtcTime: 2024-08-20 00:14:38.197
User: MY-CALDERA\johnny.douche"
MY-CAL-WIN10.my-caldera.local,11,"File created:
RuleName: DO
UtcTime: 2024-08-20 00:52:28.533
ProcessGuid: {ca24abc9-e8cb-66c3-9309-000000001d00}
ProcessId: 5528
Image: C:\Program Files (x86)\Microsoft Office\Root\Office16\WINWORD.EXE
TargetFilename: C:\Users\johnny.douche\AppData\Local\Microsoft\FontCache\4\CatalogCacheMetaData2.xml
CreationUtcTime: 2024-08-20 00:14:38.197
User: MY-CALDERA\johnny.douche"
MY-CAL-WIN10.my-caldera.local,11,"File created:
RuleName: EXE
UtcTime: 2024-08-20 00:52:28.612
ProcessGuid: {ca24abc9-e8b7-66c3-8309-000000001d00}
ProcessId: 804
Image: C:\Windows\system32\msiexec.exe
TargetFilename: C:\Program Files\Oracle\VirtualBox\VBoxManage.exe
CreationUtcTime: 2024-08-20 00:52:28.609
User: NT AUTHORITY\SYSTEM"
MY-CAL-WIN10.my-caldera.local,11,"File created:
RuleName: Sysmonv1514
UtcTime: 2024-08-20 00:52:28.684
ProcessGuid: {ca24abc9-e8b7-66c3-8309-000000001d00}
ProcessId: 804
Image: C:\Windows\system32\msiexec.exe
TargetFilename: C:\Program Files\Oracle\VirtualBox\drivers\network\netadp6\VBoxNetAdp6.sys
CreationUtcTime: 2024-08-20 00:52:28.684
User: NT AUTHORITY\SYSTEM"
MY-CAL-WIN10.my-caldera.local,11,"File created:
RuleName: DLL
UtcTime: 2024-08-20 00:52:28.703
ProcessGuid: {ca24abc9-e8b7-66c3-8309-000000001d00}
ProcessId: 804
Image: C:\Windows\system32\msiexec.exe
TargetFilename: C:\Program Files\Oracle\VirtualBox\VBoxNetDHCP.dll
CreationUtcTime: 2024-08-20 00:52:28.703
User: NT AUTHORITY\SYSTEM"
MY-CAL-WIN10.my-caldera.local,11,"File created:
RuleName: DLL
UtcTime: 2024-08-20 00:52:34.597
ProcessGuid: {ca24abc9-e8b7-66c3-8309-000000001d00}
ProcessId: 804
Image: C:\Windows\system32\msiexec.exe
TargetFilename: C:\Program Files\Oracle\VirtualBox\x86\VBoxClient-x86.dll
CreationUtcTime: 2024-08-20 00:52:34.587
User: NT AUTHORITY\SYSTEM"
MY-CAL-WIN10.my-caldera.local,11,"File created:
RuleName: Sysmonv1514
UtcTime: 2024-08-20 00:52:35.078
ProcessGuid: {ca24abc9-d6b1-66c3-ba00-000000001d00}
ProcessId: 6760
Image: C:\Program Files\WinlogBeat\winlogbeat.exe
TargetFilename: C:\ProgramData\winlogbeat\.winlogbeat.yml.new
CreationUtcTime: 2024-08-20 00:11:02.025
User: NT AUTHORITY\SYSTEM"
MY-CAL-WIN10.my-caldera.local,11,"File created:
RuleName: Sysmonv1514
UtcTime: 2024-08-20 00:52:35.150
ProcessGuid: {ca24abc9-e8ca-66c3-9209-000000001d00}
ProcessId: 7444
Image: C:\Windows\System32\MsiExec.exe
TargetFilename: C:\Windows\System32\DRVSTORE\VBoxDrv_08E92DB20505724D7936A1758A64142859446C71\VBoxDrv.sys
CreationUtcTime: 2024-08-20 00:52:35.150
User: NT AUTHORITY\SYSTEM"
MY-CAL-WIN10.my-caldera.local,11,"File created:
RuleName: Sysmonv1514
UtcTime: 2024-08-20 00:52:35.200
ProcessGuid: {ca24abc9-e8ca-66c3-9209-000000001d00}
ProcessId: 7444
Image: C:\Windows\System32\MsiExec.exe
TargetFilename: C:\Windows\System32\drivers\SET8818.tmp
CreationUtcTime: 2024-08-20 00:52:35.200
User: NT AUTHORITY\SYSTEM"
MY-CAL-WIN10.my-caldera.local,11,"File created:
RuleName: Sysmonv1514
UtcTime: 2024-08-20 00:52:35.203
ProcessGuid: {ca24abc9-e8ca-66c3-9209-000000001d00}
ProcessId: 7444
Image: C:\Windows\System32\MsiExec.exe
TargetFilename: C:\Windows\System32\drivers\SET8818.tmp
CreationUtcTime: 2024-08-20 00:52:35.200
User: NT AUTHORITY\SYSTEM"
MY-CAL-WIN10.my-caldera.local,11,"File created:
RuleName: DO
UtcTime: 2024-08-20 00:52:35.431
ProcessGuid: {ca24abc9-e8d2-66c3-9c09-000000001d00}
ProcessId: 7696
Image: C:\Windows\System32\WindowsPowerShell\v1.0\powershell.exe
TargetFilename: C:\Users\johnny.douche\AppData\Local\Microsoft\Windows\PowerShell\StartupProfileData-NonInteractive
CreationUtcTime: 2024-03-28 01:06:06.420
User: MY-CALDERA\johnny.douche"
MY-CAL-WIN10.my-caldera.local,11,"File created:
RuleName: DO
UtcTime: 2024-08-20 00:52:42.690
ProcessGuid: {ca24abc9-e8da-66c3-a409-000000001d00}
ProcessId: 9660
Image: C:\Windows\System32\WindowsPowerShell\v1.0\powershell.exe
TargetFilename: C:\Users\johnny.douche\AppData\Local\Microsoft\Windows\PowerShell\StartupProfileData-NonInteractive
CreationUtcTime: 2024-03-28 01:06:06.420
User: MY-CALDERA\johnny.douche"
MY-CAL-WIN10.my-caldera.local,11,"File created:
RuleName: DO
UtcTime: 2024-08-20 00:52:43.400
ProcessGuid: {ca24abc9-e8db-66c3-a609-000000001d00}
ProcessId: 7536
Image: C:\Windows\System32\WindowsPowerShell\v1.0\powershell.exe
TargetFilename: C:\Users\johnny.douche\AppData\Local\Microsoft\Windows\PowerShell\StartupProfileData-NonInteractive
CreationUtcTime: 2024-03-28 01:06:06.420
User: MY-CALDERA\johnny.douche"
MY-CAL-WIN10.my-caldera.local,11,"File created:
RuleName: Sysmonv1514
UtcTime: 2024-08-20 00:52:51.533
ProcessGuid: {ca24abc9-d6b1-66c3-ba00-000000001d00}
ProcessId: 6760
Image: C:\Program Files\WinlogBeat\winlogbeat.exe
TargetFilename: C:\ProgramData\winlogbeat\.winlogbeat.yml.new
CreationUtcTime: 2024-08-20 00:11:02.025
User: NT AUTHORITY\SYSTEM"
MY-CAL-WIN10.my-caldera.local,11,"File created:
RuleName: DO
UtcTime: 2024-08-20 00:52:52.526
ProcessGuid: {ca24abc9-e8e0-66c3-ba09-000000001d00}
ProcessId: 8828
Image: C:\Windows\System32\WindowsPowerShell\v1.0\powershell.exe
TargetFilename: C:\Users\johnny.douche\AppData\Local\Microsoft\Windows\PowerShell\StartupProfileData-NonInteractive
CreationUtcTime: 2024-03-28 01:06:06.420
User: MY-CALDERA\johnny.douche"
MY-CAL-WIN10.my-caldera.local,11,"File created:
RuleName: Sysmonv1514
UtcTime: 2024-08-20 00:53:01.033
ProcessGuid: {ca24abc9-d6b1-66c3-ba00-000000001d00}
ProcessId: 6760
Image: C:\Program Files\WinlogBeat\winlogbeat.exe
TargetFilename: C:\ProgramData\winlogbeat\.winlogbeat.yml.new
CreationUtcTime: 2024-08-20 00:11:02.025
User: NT AUTHORITY\SYSTEM"
MY-CAL-WIN10.my-caldera.local,11,"File created:
RuleName: Sysmonv1514
UtcTime: 2024-08-20 00:53:26.245
ProcessGuid: {ca24abc9-d6b1-66c3-ba00-000000001d00}
ProcessId: 6760
Image: C:\Program Files\WinlogBeat\winlogbeat.exe
TargetFilename: C:\ProgramData\winlogbeat\.winlogbeat.yml.new
CreationUtcTime: 2024-08-20 00:11:02.025
User: NT AUTHORITY\SYSTEM"
MY-CAL-WIN10.my-caldera.local,11,"File created:
RuleName: Sysmonv1514
UtcTime: 2024-08-20 00:54:21.827
ProcessGuid: {ca24abc9-d6b1-66c3-ba00-000000001d00}
ProcessId: 6760
Image: C:\Program Files\WinlogBeat\winlogbeat.exe
TargetFilename: C:\ProgramData\winlogbeat\.winlogbeat.yml.new
CreationUtcTime: 2024-08-20 00:11:02.025
User: NT AUTHORITY\SYSTEM"
MY-CAL-WIN10.my-caldera.local,11,"File created:
RuleName: Sysmonv1514
UtcTime: 2024-08-20 00:54:27.040
ProcessGuid: {ca24abc9-d6b1-66c3-ba00-000000001d00}
ProcessId: 6760
Image: C:\Program Files\WinlogBeat\winlogbeat.exe
TargetFilename: C:\ProgramData\winlogbeat\.winlogbeat.yml.new
CreationUtcTime: 2024-08-20 00:11:02.025
User: NT AUTHORITY\SYSTEM"
MY-CAL-WIN10.my-caldera.local,11,"File created:
RuleName: Sysmonv1514
UtcTime: 2024-08-20 00:45:32.647
ProcessGuid: {ca24abc9-d6b1-66c3-ba00-000000001d00}
ProcessId: 6760
Image: C:\Program Files\WinlogBeat\winlogbeat.exe
TargetFilename: C:\ProgramData\winlogbeat\.winlogbeat.yml.new
CreationUtcTime: 2024-08-20 00:11:02.025
User: NT AUTHORITY\SYSTEM"
MY-CAL-WIN10.my-caldera.local,11,"File created:
RuleName: Sysmonv1514
UtcTime: 2024-08-20 00:46:22.876
ProcessGuid: {ca24abc9-d6b1-66c3-ba00-000000001d00}
ProcessId: 6760
Image: C:\Program Files\WinlogBeat\winlogbeat.exe
TargetFilename: C:\ProgramData\winlogbeat\.winlogbeat.yml.new
CreationUtcTime: 2024-08-20 00:11:02.025
User: NT AUTHORITY\SYSTEM"
MY-CAL-WIN10.my-caldera.local,11,"File created:
RuleName: Sysmonv1514
UtcTime: 2024-08-20 00:46:58.030
ProcessGuid: {ca24abc9-d6b1-66c3-ba00-000000001d00}
ProcessId: 6760
Image: C:\Program Files\WinlogBeat\winlogbeat.exe
TargetFilename: C:\ProgramData\winlogbeat\.winlogbeat.yml.new
CreationUtcTime: 2024-08-20 00:11:02.025
User: NT AUTHORITY\SYSTEM"
MY-CAL-WIN10.my-caldera.local,11,"File created:
RuleName: Sysmonv1514
UtcTime: 2024-08-20 00:47:23.151
ProcessGuid: {ca24abc9-d6b1-66c3-ba00-000000001d00}
ProcessId: 6760
Image: C:\Program Files\WinlogBeat\winlogbeat.exe
TargetFilename: C:\ProgramData\winlogbeat\.winlogbeat.yml.new
CreationUtcTime: 2024-08-20 00:11:02.025
User: NT AUTHORITY\SYSTEM"
MY-CAL-WIN10.my-caldera.local,11,"File created:
RuleName: Sysmonv1514
UtcTime: 2024-08-20 00:48:23.406
ProcessGuid: {ca24abc9-d6b1-66c3-ba00-000000001d00}
ProcessId: 6760
Image: C:\Program Files\WinlogBeat\winlogbeat.exe
TargetFilename: C:\ProgramData\winlogbeat\.winlogbeat.yml.new
CreationUtcTime: 2024-08-20 00:11:02.025
User: NT AUTHORITY\SYSTEM"
MY-CAL-WIN10.my-caldera.local,11,"File created:
RuleName: Sysmonv1514
UtcTime: 2024-08-20 00:48:38.585
ProcessGuid: {ca24abc9-d6b1-66c3-ba00-000000001d00}
ProcessId: 6760
Image: C:\Program Files\WinlogBeat\winlogbeat.exe
TargetFilename: C:\ProgramData\winlogbeat\.winlogbeat.yml.new
CreationUtcTime: 2024-08-20 00:11:02.025
User: NT AUTHORITY\SYSTEM"
MY-CAL-WIN10.my-caldera.local,11,"File created:
RuleName: DO
UtcTime: 2024-08-20 00:50:20.275
ProcessGuid: {ca24abc9-e84b-66c3-0009-000000001d00}
ProcessId: 10524
Image: C:\Windows\System32\WindowsPowerShell\v1.0\powershell.exe
TargetFilename: C:\Users\johnny.douche\AppData\Local\Microsoft\Windows\PowerShell\StartupProfileData-NonInteractive
CreationUtcTime: 2024-03-28 01:06:06.420
User: MY-CALDERA\johnny.douche"
MY-CAL-WIN10.my-caldera.local,11,"File created:
RuleName: DO
UtcTime: 2024-08-20 00:50:21.278
ProcessGuid: {ca24abc9-e84c-66c3-0309-000000001d00}
ProcessId: 11228
Image: C:\Windows\System32\WindowsPowerShell\v1.0\powershell.exe
TargetFilename: C:\Users\johnny.douche\AppData\Local\Microsoft\Windows\PowerShell\StartupProfileData-NonInteractive
CreationUtcTime: 2024-03-28 01:06:06.420
User: MY-CALDERA\johnny.douche"
MY-CAL-WIN10.my-caldera.local,11,"File created:
RuleName: DLL
UtcTime: 2024-08-20 00:50:23.926
ProcessGuid: {ca24abc9-e84f-66c3-0c09-000000001d00}
ProcessId: 8156
Image: C:\Windows\System32\WindowsPowerShell\v1.0\powershell.exe
TargetFilename: C:\Users\johnny.douche\AppData\Local\Temp\i0zat522\i0zat522.dll
CreationUtcTime: 2024-08-20 00:50:23.926
User: MY-CALDERA\johnny.douche"
MY-CAL-WIN10.my-caldera.local,11,"File created:
RuleName: DO
UtcTime: 2024-08-20 00:50:24.110
ProcessGuid: {ca24abc9-e84f-66c3-0e09-000000001d00}
ProcessId: 8976
Image: C:\Windows\Microsoft.NET\Framework64\v4.0.30319\csc.exe
TargetFilename: C:\Users\johnny.douche\AppData\Local\Temp\i0zat522\CSC1E4DC075AE044D5D98E695B6D1B6F10.TMP
CreationUtcTime: 2024-08-20 00:50:24.110
User: MY-CALDERA\johnny.douche"
MY-CAL-WIN10.my-caldera.local,11,"File created:
RuleName: DO
UtcTime: 2024-08-20 00:50:23.933
ProcessGuid: {ca24abc9-e84f-66c3-0c09-000000001d00}
ProcessId: 8156
Image: C:\Windows\System32\WindowsPowerShell\v1.0\powershell.exe
TargetFilename: C:\Users\johnny.douche\AppData\Local\Temp\i0zat522\i0zat522.err
CreationUtcTime: 2024-08-20 00:50:23.933
User: MY-CALDERA\johnny.douche"
MY-CAL-WIN10.my-caldera.local,11,"File created:
RuleName: DO
UtcTime: 2024-08-20 00:50:23.923
ProcessGuid: {ca24abc9-e84f-66c3-0c09-000000001d00}
ProcessId: 8156
Image: C:\Windows\System32\WindowsPowerShell\v1.0\powershell.exe
TargetFilename: C:\Users\johnny.douche\AppData\Local\Temp\i0zat522\i0zat522.tmp
CreationUtcTime: 2024-08-20 00:50:23.923
User: MY-CALDERA\johnny.douche"
MY-CAL-WIN10.my-caldera.local,11,"File created:
RuleName: DLL
UtcTime: 2024-08-20 00:50:24.145
ProcessGuid: {ca24abc9-e84f-66c3-0e09-000000001d00}
ProcessId: 8976
Image: C:\Windows\Microsoft.NET\Framework64\v4.0.30319\csc.exe
TargetFilename: C:\Users\johnny.douche\AppData\Local\Temp\i0zat522\i0zat522.dll
CreationUtcTime: 2024-08-20 00:50:23.926
User: MY-CALDERA\johnny.douche"
MY-CAL-WIN10.my-caldera.local,11,"File created:
RuleName: Sysmonv1514
UtcTime: 2024-08-20 00:50:23.927
ProcessGuid: {ca24abc9-e84f-66c3-0c09-000000001d00}
ProcessId: 8156
Image: C:\Windows\System32\WindowsPowerShell\v1.0\powershell.exe
TargetFilename: C:\Users\johnny.douche\AppData\Local\Temp\i0zat522\i0zat522.cmdline
CreationUtcTime: 2024-08-20 00:50:23.927
User: MY-CALDERA\johnny.douche"
MY-CAL-WIN10.my-caldera.local,11,"File created:
RuleName: DO
UtcTime: 2024-08-20 00:50:24.112
ProcessGuid: {ca24abc9-e84f-66c3-0e09-000000001d00}
ProcessId: 8976
Image: C:\Windows\Microsoft.NET\Framework64\v4.0.30319\csc.exe
TargetFilename: C:\Users\JOHNNY~1.DOU\AppData\Local\Temp\RES8812.tmp
CreationUtcTime: 2024-08-20 00:50:24.111
User: MY-CALDERA\johnny.douche"
MY-CAL-WIN10.my-caldera.local,11,"File created:
RuleName: DO
UtcTime: 2024-08-20 00:50:24.137
ProcessGuid: {ca24abc9-e850-66c3-0f09-000000001d00}
ProcessId: 6108
Image: C:\Windows\Microsoft.NET\Framework64\v4.0.30319\cvtres.exe
TargetFilename: C:\Users\JOHNNY~1.DOU\AppData\Local\Temp\RES8812.tmp
CreationUtcTime: 2024-08-20 00:50:24.111
User: MY-CALDERA\johnny.douche"
MY-CAL-WIN10.my-caldera.local,11,"File created:
RuleName: DO
UtcTime: 2024-08-20 00:50:23.923
ProcessGuid: {ca24abc9-e84f-66c3-0c09-000000001d00}
ProcessId: 8156
Image: C:\Windows\System32\WindowsPowerShell\v1.0\powershell.exe
TargetFilename: C:\Users\johnny.douche\AppData\Local\Temp\i0zat522
CreationUtcTime: 2024-08-20 00:50:23.923
User: MY-CALDERA\johnny.douche"
MY-CAL-WIN10.my-caldera.local,11,"File created:
RuleName: DO
UtcTime: 2024-08-20 00:50:23.925
ProcessGuid: {ca24abc9-e84f-66c3-0c09-000000001d00}
ProcessId: 8156
Image: C:\Windows\System32\WindowsPowerShell\v1.0\powershell.exe
TargetFilename: C:\Users\johnny.douche\AppData\Local\Temp\i0zat522\i0zat522.0.cs
CreationUtcTime: 2024-08-20 00:50:23.925
User: MY-CALDERA\johnny.douche"
MY-CAL-WIN10.my-caldera.local,11,"File created:
RuleName: DO
UtcTime: 2024-08-20 00:50:23.932
ProcessGuid: {ca24abc9-e84f-66c3-0c09-000000001d00}
ProcessId: 8156
Image: C:\Windows\System32\WindowsPowerShell\v1.0\powershell.exe
TargetFilename: C:\Users\johnny.douche\AppData\Local\Temp\i0zat522\i0zat522.out
CreationUtcTime: 2024-08-20 00:50:23.929
User: MY-CALDERA\johnny.douche"
MY-CAL-WIN10.my-caldera.local,11,"File created:
RuleName: DO
UtcTime: 2024-08-20 00:50:42.047
ProcessGuid: {ca24abc9-e861-66c3-1a09-000000001d00}
ProcessId: 10484
Image: C:\Windows\system32\cmd.exe
TargetFilename: C:\Users\JOHNNY~1.DOU\AppData\Local\Temp\Windows_Defender_Cache_Maintenance.xml
CreationUtcTime: 2024-08-20 00:50:42.047
User: MY-CALDERA\johnny.douche"
MY-CAL-WIN10.my-caldera.local,11,"File created:
RuleName: DO
UtcTime: 2024-08-20 00:50:41.322
ProcessGuid: {ca24abc9-e860-66c3-1809-000000001d00}
ProcessId: 6184
Image: C:\Windows\System32\WindowsPowerShell\v1.0\powershell.exe
TargetFilename: C:\Users\johnny.douche\AppData\Local\Microsoft\Windows\PowerShell\StartupProfileData-NonInteractive
CreationUtcTime: 2024-03-28 01:06:06.420
User: MY-CALDERA\johnny.douche"
MY-CAL-WIN10.my-caldera.local,11,"File created:
RuleName: DO
UtcTime: 2024-08-20 00:50:41.791
ProcessGuid: {ca24abc9-e861-66c3-1a09-000000001d00}
ProcessId: 10484
Image: C:\Windows\system32\cmd.exe
TargetFilename: C:\Users\JOHNNY~1.DOU\AppData\Local\Temp\Windows_Defender_Scheduled_Scan.xml
CreationUtcTime: 2024-08-20 00:50:41.791
User: MY-CALDERA\johnny.douche"
MY-CAL-WIN10.my-caldera.local,11,"File created:
RuleName: DO
UtcTime: 2024-08-20 00:50:41.954
ProcessGuid: {ca24abc9-e861-66c3-1a09-000000001d00}
ProcessId: 10484
Image: C:\Windows\system32\cmd.exe
TargetFilename: C:\Users\JOHNNY~1.DOU\AppData\Local\Temp\Windows_Defender_Cleanup.xml
CreationUtcTime: 2024-08-20 00:50:41.954
User: MY-CALDERA\johnny.douche"
MY-CAL-WIN10.my-caldera.local,11,"File created:
RuleName: DO
UtcTime: 2024-08-20 00:50:40.941
ProcessGuid: {ca24abc9-e860-66c3-1609-000000001d00}
ProcessId: 8728
Image: C:\Windows\System32\WindowsPowerShell\v1.0\powershell.exe
TargetFilename: C:\Users\johnny.douche\AppData\Local\Microsoft\Windows\PowerShell\StartupProfileData-NonInteractive
CreationUtcTime: 2024-03-28 01:06:06.420
User: MY-CALDERA\johnny.douche"
MY-CAL-WIN10.my-caldera.local,11,"File created:
RuleName: DO
UtcTime: 2024-08-20 00:50:42.001
ProcessGuid: {ca24abc9-e861-66c3-1a09-000000001d00}
ProcessId: 10484
Image: C:\Windows\system32\cmd.exe
TargetFilename: C:\Users\JOHNNY~1.DOU\AppData\Local\Temp\Windows_Defender_Verification.xml
CreationUtcTime: 2024-08-20 00:50:42.000
User: MY-CALDERA\johnny.douche"
MY-CAL-WIN10.my-caldera.local,11,"File created:
RuleName: DO
UtcTime: 2024-08-20 00:50:40.295
ProcessGuid: {ca24abc9-e85f-66c3-1509-000000001d00}
ProcessId: 6388
Image: C:\Windows\System32\WindowsPowerShell\v1.0\powershell.exe
TargetFilename: C:\Users\johnny.douche\AppData\Local\Microsoft\Windows\PowerShell\StartupProfileData-NonInteractive
CreationUtcTime: 2024-03-28 01:06:06.420
User: MY-CALDERA\johnny.douche"
MY-CAL-WIN10.my-caldera.local,11,"File created:
RuleName: DO
UtcTime: 2024-08-20 00:50:39.865
ProcessGuid: {ca24abc9-e85f-66c3-1409-000000001d00}
ProcessId: 9252
Image: C:\Windows\System32\WindowsPowerShell\v1.0\powershell.exe
TargetFilename: C:\Users\johnny.douche\AppData\Local\Microsoft\Windows\PowerShell\StartupProfileData-NonInteractive
CreationUtcTime: 2024-03-28 01:06:06.420
User: MY-CALDERA\johnny.douche"
MY-CAL-WIN10.my-caldera.local,11,"File created:
RuleName: Sysmonv1514
UtcTime: 2024-08-20 00:51:15.814
ProcessGuid: {ca24abc9-d6b1-66c3-ba00-000000001d00}
ProcessId: 6760
Image: C:\Program Files\WinlogBeat\winlogbeat.exe
TargetFilename: C:\ProgramData\winlogbeat\.winlogbeat.yml.new
CreationUtcTime: 2024-08-20 00:11:02.025
User: NT AUTHORITY\SYSTEM"
MY-CAL-WIN10.my-caldera.local,11,"File created:
RuleName: DO
UtcTime: 2024-08-20 00:51:16.428
ProcessGuid: {ca24abc9-e877-66c3-4509-000000001d00}
ProcessId: 3716
Image: C:\Windows\System32\WindowsPowerShell\v1.0\powershell.exe
TargetFilename: C:\Users\johnny.douche\AppData\Local\Temp\Microsoft.PackageManagement\st3rfmkt.vb2
CreationUtcTime: 2024-08-20 00:51:05.313
User: MY-CALDERA\johnny.douche"
MY-CAL-WIN10.my-caldera.local,11,"File created:
RuleName: DO
UtcTime: 2024-08-20 00:51:16.437
ProcessGuid: {ca24abc9-e877-66c3-4509-000000001d00}
ProcessId: 3716
Image: C:\Windows\System32\WindowsPowerShell\v1.0\powershell.exe
TargetFilename: C:\Users\johnny.douche\AppData\Local\Temp\Microsoft.PackageManagement\st3rfmkt.vb2
CreationUtcTime: 2024-08-20 00:51:05.313
User: MY-CALDERA\johnny.douche"
MY-CAL-WIN10.my-caldera.local,11,"File created:
RuleName: DO
UtcTime: 2024-08-20 00:51:27.885
ProcessGuid: {ca24abc9-e88c-66c3-5309-000000001d00}
ProcessId: 7444
Image: C:\Windows\System32\WindowsPowerShell\v1.0\powershell.exe
TargetFilename: C:\Users\johnny.douche\AppData\Local\Temp\Microsoft.PackageManagement\4iauwjut.wqj
CreationUtcTime: 2024-08-20 00:51:25.766
User: MY-CALDERA\johnny.douche"
MY-CAL-WIN10.my-caldera.local,11,"File created:
RuleName: DO
UtcTime: 2024-08-20 00:51:27.894
ProcessGuid: {ca24abc9-e88c-66c3-5309-000000001d00}
ProcessId: 7444
Image: C:\Windows\System32\WindowsPowerShell\v1.0\powershell.exe
TargetFilename: C:\Users\johnny.douche\AppData\Local\Temp\Microsoft.PackageManagement\4iauwjut.wqj
CreationUtcTime: 2024-08-20 00:51:25.766
User: MY-CALDERA\johnny.douche"
MY-CAL-WIN10.my-caldera.local,11,"File created:
RuleName: Sysmonv1514
UtcTime: 2024-08-20 00:51:49.140
ProcessGuid: {ca24abc9-d6b1-66c3-ba00-000000001d00}
ProcessId: 6760
Image: C:\Program Files\WinlogBeat\winlogbeat.exe
TargetFilename: C:\ProgramData\winlogbeat\.winlogbeat.yml.new
CreationUtcTime: 2024-08-20 00:11:02.025
User: NT AUTHORITY\SYSTEM"
MY-CAL-WIN10.my-caldera.local,11,"File created:
RuleName: DO
UtcTime: 2024-08-20 00:51:49.558
ProcessGuid: {ca24abc9-e8a0-66c3-6409-000000001d00}
ProcessId: 8992
Image: C:\Windows\System32\WindowsPowerShell\v1.0\powershell.exe
TargetFilename: C:\Users\johnny.douche\AppData\Local\Microsoft\Windows\PowerShell\StartupProfileData-NonInteractive
CreationUtcTime: 2024-03-28 01:06:06.420
User: MY-CALDERA\johnny.douche"
MY-CAL-WIN10.my-caldera.local,11,"File created:
RuleName: DO
UtcTime: 2024-08-20 00:51:50.127
ProcessGuid: {ca24abc9-e8a5-66c3-6709-000000001d00}
ProcessId: 9056
Image: C:\Windows\System32\WindowsPowerShell\v1.0\powershell.exe
TargetFilename: C:\Users\johnny.douche\AppData\Local\Microsoft\Windows\PowerShell\StartupProfileData-NonInteractive
CreationUtcTime: 2024-03-28 01:06:06.420
User: MY-CALDERA\johnny.douche"
MY-CAL-WIN10.my-caldera.local,11,"File created:
RuleName: EXE
UtcTime: 2024-08-20 00:52:20.906
ProcessGuid: {ca24abc9-e8c4-66c3-8909-000000001d00}
ProcessId: 7464
Image: C:\Windows\System32\WindowsPowerShell\v1.0\powershell.exe
TargetFilename: C:\AtomicRedTeam\ExternalPayloads\VirtualBox-6.1.32-149290-Win.exe
CreationUtcTime: 2024-08-20 00:52:08.359
User: MY-CALDERA\johnny.douche"
MY-CAL-WIN10.my-caldera.local,11,"File created:
RuleName: DO
UtcTime: 2024-08-20 00:52:21.183
ProcessGuid: {ca24abc9-e8c4-66c3-8909-000000001d00}
ProcessId: 7464
Image: C:\Windows\System32\WindowsPowerShell\v1.0\powershell.exe
TargetFilename: C:\Users\johnny.douche\AppData\Local\Microsoft\Windows\PowerShell\StartupProfileData-NonInteractive
CreationUtcTime: 2024-03-28 01:06:06.420
User: MY-CALDERA\johnny.douche"
MY-CAL-WIN10.my-caldera.local,11,"File created:
RuleName: EXE
UtcTime: 2024-08-20 00:52:22.684
ProcessGuid: {ca24abc9-e8c5-66c3-8c09-000000001d00}
ProcessId: 9220
Image: C:\Windows\System32\WindowsPowerShell\v1.0\powershell.exe
TargetFilename: C:\Users\JOHNNY~1.DOU\AppData\Local\Temp\FA9C584D-0344-48E7-986B-6E427182D805\DismHost.exe
CreationUtcTime: 2024-08-20 00:52:22.684
User: MY-CALDERA\johnny.douche"
MY-CAL-WIN10.my-caldera.local,11,"File created:
RuleName: DLL
UtcTime: 2024-08-20 00:52:22.693
ProcessGuid: {ca24abc9-e8c5-66c3-8c09-000000001d00}
ProcessId: 9220
Image: C:\Windows\System32\WindowsPowerShell\v1.0\powershell.exe
TargetFilename: C:\Users\JOHNNY~1.DOU\AppData\Local\Temp\FA9C584D-0344-48E7-986B-6E427182D805\DismProv.dll
CreationUtcTime: 2024-08-20 00:52:22.693
User: MY-CALDERA\johnny.douche"
MY-CAL-WIN10.my-caldera.local,11,"File created:
RuleName: DLL
UtcTime: 2024-08-20 00:52:22.703
ProcessGuid: {ca24abc9-e8c5-66c3-8c09-000000001d00}
ProcessId: 9220
Image: C:\Windows\System32\WindowsPowerShell\v1.0\powershell.exe
TargetFilename: C:\Users\JOHNNY~1.DOU\AppData\Local\Temp\FA9C584D-0344-48E7-986B-6E427182D805\DmiProvider.dll
CreationUtcTime: 2024-08-20 00:52:22.703
User: MY-CALDERA\johnny.douche"
MY-CAL-WIN10.my-caldera.local,11,"File created:
RuleName: DO
UtcTime: 2024-08-20 00:52:22.722
ProcessGuid: {ca24abc9-e8c5-66c3-8c09-000000001d00}
ProcessId: 9220
Image: C:\Windows\System32\WindowsPowerShell\v1.0\powershell.exe
TargetFilename: C:\Users\JOHNNY~1.DOU\AppData\Local\Temp\FA9C584D-0344-48E7-986B-6E427182D805\en-US
CreationUtcTime: 2024-08-20 00:52:22.722
User: MY-CALDERA\johnny.douche"
MY-CAL-WIN10.my-caldera.local,11,"File created:
RuleName: DO
UtcTime: 2024-08-20 00:52:22.725
ProcessGuid: {ca24abc9-e8c5-66c3-8c09-000000001d00}
ProcessId: 9220
Image: C:\Windows\System32\WindowsPowerShell\v1.0\powershell.exe
TargetFilename: C:\Users\JOHNNY~1.DOU\AppData\Local\Temp\FA9C584D-0344-48E7-986B-6E427182D805\en-US\AppxProvider.dll.mui
CreationUtcTime: 2024-08-20 00:52:22.725
User: MY-CALDERA\johnny.douche"
MY-CAL-WIN10.my-caldera.local,11,"File created:
RuleName: DO
UtcTime: 2024-08-20 00:52:22.730
ProcessGuid: {ca24abc9-e8c5-66c3-8c09-000000001d00}
ProcessId: 9220
Image: C:\Windows\System32\WindowsPowerShell\v1.0\powershell.exe
TargetFilename: C:\Users\JOHNNY~1.DOU\AppData\Local\Temp\FA9C584D-0344-48E7-986B-6E427182D805\en-US\AssocProvider.dll.mui
CreationUtcTime: 2024-08-20 00:52:22.730
User: MY-CALDERA\johnny.douche"
MY-CAL-WIN10.my-caldera.local,11,"File created:
RuleName: DO
UtcTime: 2024-08-20 00:52:22.737
ProcessGuid: {ca24abc9-e8c5-66c3-8c09-000000001d00}
ProcessId: 9220
Image: C:\Windows\System32\WindowsPowerShell\v1.0\powershell.exe
TargetFilename: C:\Users\JOHNNY~1.DOU\AppData\Local\Temp\FA9C584D-0344-48E7-986B-6E427182D805\en-US\CbsProvider.dll.mui
CreationUtcTime: 2024-08-20 00:52:22.735
User: MY-CALDERA\johnny.douche"
MY-CAL-WIN10.my-caldera.local,11,"File created:
RuleName: DO
UtcTime: 2024-08-20 00:52:22.744
ProcessGuid: {ca24abc9-e8c5-66c3-8c09-000000001d00}
ProcessId: 9220
Image: C:\Windows\System32\WindowsPowerShell\v1.0\powershell.exe
TargetFilename: C:\Users\JOHNNY~1.DOU\AppData\Local\Temp\FA9C584D-0344-48E7-986B-6E427182D805\en-US\DismCore.dll.mui
CreationUtcTime: 2024-08-20 00:52:22.744
User: MY-CALDERA\johnny.douche"
MY-CAL-WIN10.my-caldera.local,11,"File created:
RuleName: DO
UtcTime: 2024-08-20 00:52:22.750
ProcessGuid: {ca24abc9-e8c5-66c3-8c09-000000001d00}
ProcessId: 9220
Image: C:\Windows\System32\WindowsPowerShell\v1.0\powershell.exe
TargetFilename: C:\Users\JOHNNY~1.DOU\AppData\Local\Temp\FA9C584D-0344-48E7-986B-6E427182D805\en-US\DismProv.dll.mui
CreationUtcTime: 2024-08-20 00:52:22.749
User: MY-CALDERA\johnny.douche"
MY-CAL-WIN10.my-caldera.local,11,"File created:
RuleName: DO
UtcTime: 2024-08-20 00:52:22.754
ProcessGuid: {ca24abc9-e8c5-66c3-8c09-000000001d00}
ProcessId: 9220
Image: C:\Windows\System32\WindowsPowerShell\v1.0\powershell.exe
TargetFilename: C:\Users\JOHNNY~1.DOU\AppData\Local\Temp\FA9C584D-0344-48E7-986B-6E427182D805\en-US\DmiProvider.dll.mui
CreationUtcTime: 2024-08-20 00:52:22.753
User: MY-CALDERA\johnny.douche"
MY-CAL-WIN10.my-caldera.local,11,"File created:
RuleName: DO
UtcTime: 2024-08-20 00:52:22.759
ProcessGuid: {ca24abc9-e8c5-66c3-8c09-000000001d00}
ProcessId: 9220
Image: C:\Windows\System32\WindowsPowerShell\v1.0\powershell.exe
TargetFilename: C:\Users\JOHNNY~1.DOU\AppData\Local\Temp\FA9C584D-0344-48E7-986B-6E427182D805\en-US\FfuProvider.dll.mui
CreationUtcTime: 2024-08-20 00:52:22.759
User: MY-CALDERA\johnny.douche"
MY-CAL-WIN10.my-caldera.local,11,"File created:
RuleName: DO
UtcTime: 2024-08-20 00:52:22.763
ProcessGuid: {ca24abc9-e8c5-66c3-8c09-000000001d00}
ProcessId: 9220
Image: C:\Windows\System32\WindowsPowerShell\v1.0\powershell.exe
TargetFilename: C:\Users\JOHNNY~1.DOU\AppData\Local\Temp\FA9C584D-0344-48E7-986B-6E427182D805\en-US\FolderProvider.dll.mui
CreationUtcTime: 2024-08-20 00:52:22.763
User: MY-CALDERA\johnny.douche"
MY-CAL-WIN10.my-caldera.local,11,"File created:
RuleName: DO
UtcTime: 2024-08-20 00:52:22.768
ProcessGuid: {ca24abc9-e8c5-66c3-8c09-000000001d00}
ProcessId: 9220
Image: C:\Windows\System32\WindowsPowerShell\v1.0\powershell.exe
TargetFilename: C:\Users\JOHNNY~1.DOU\AppData\Local\Temp\FA9C584D-0344-48E7-986B-6E427182D805\en-US\GenericProvider.dll.mui
CreationUtcTime: 2024-08-20 00:52:22.768
User: MY-CALDERA\johnny.douche"
MY-CAL-WIN10.my-caldera.local,11,"File created:
RuleName: DO
UtcTime: 2024-08-20 00:52:22.773
ProcessGuid: {ca24abc9-e8c5-66c3-8c09-000000001d00}
ProcessId: 9220
Image: C:\Windows\System32\WindowsPowerShell\v1.0\powershell.exe
TargetFilename: C:\Users\JOHNNY~1.DOU\AppData\Local\Temp\FA9C584D-0344-48E7-986B-6E427182D805\en-US\IBSProvider.dll.mui
CreationUtcTime: 2024-08-20 00:52:22.773
User: MY-CALDERA\johnny.douche"
MY-CAL-WIN10.my-caldera.local,11,"File created:
RuleName: DO
UtcTime: 2024-08-20 00:52:22.574
ProcessGuid: {ca24abc9-e8c5-66c3-8c09-000000001d00}
ProcessId: 9220
Image: C:\Windows\System32\WindowsPowerShell\v1.0\powershell.exe
TargetFilename: C:\Users\JOHNNY~1.DOU\AppData\Local\Temp\FA9C584D-0344-48E7-986B-6E427182D805
CreationUtcTime: 2024-08-20 00:52:22.574
User: MY-CALDERA\johnny.douche"
MY-CAL-WIN10.my-caldera.local,11,"File created:
RuleName: DLL
UtcTime: 2024-08-20 00:52:22.578
ProcessGuid: {ca24abc9-e8c5-66c3-8c09-000000001d00}
ProcessId: 9220
Image: C:\Windows\System32\WindowsPowerShell\v1.0\powershell.exe
TargetFilename: C:\Users\JOHNNY~1.DOU\AppData\Local\Temp\FA9C584D-0344-48E7-986B-6E427182D805\AppxProvider.dll
CreationUtcTime: 2024-08-20 00:52:22.576
User: MY-CALDERA\johnny.douche"
MY-CAL-WIN10.my-caldera.local,11,"File created:
RuleName: DLL
UtcTime: 2024-08-20 00:52:22.611
ProcessGuid: {ca24abc9-e8c5-66c3-8c09-000000001d00}
ProcessId: 9220
Image: C:\Windows\System32\WindowsPowerShell\v1.0\powershell.exe
TargetFilename: C:\Users\JOHNNY~1.DOU\AppData\Local\Temp\FA9C584D-0344-48E7-986B-6E427182D805\AssocProvider.dll
CreationUtcTime: 2024-08-20 00:52:22.610
User: MY-CALDERA\johnny.douche"
MY-CAL-WIN10.my-caldera.local,11,"File created:
RuleName: DLL
UtcTime: 2024-08-20 00:52:22.621
ProcessGuid: {ca24abc9-e8c5-66c3-8c09-000000001d00}
ProcessId: 9220
Image: C:\Windows\System32\WindowsPowerShell\v1.0\powershell.exe
TargetFilename: C:\Users\JOHNNY~1.DOU\AppData\Local\Temp\FA9C584D-0344-48E7-986B-6E427182D805\CbsProvider.dll
CreationUtcTime: 2024-08-20 00:52:22.619
User: MY-CALDERA\johnny.douche"
MY-CAL-WIN10.my-caldera.local,11,"File created:
RuleName: DLL
UtcTime: 2024-08-20 00:52:22.663
ProcessGuid: {ca24abc9-e8c5-66c3-8c09-000000001d00}
ProcessId: 9220
Image: C:\Windows\System32\WindowsPowerShell\v1.0\powershell.exe
TargetFilename: C:\Users\JOHNNY~1.DOU\AppData\Local\Temp\FA9C584D-0344-48E7-986B-6E427182D805\DismCore.dll
CreationUtcTime: 2024-08-20 00:52:22.662
User: MY-CALDERA\johnny.douche"
MY-CAL-WIN10.my-caldera.local,11,"File created:
RuleName: DLL
UtcTime: 2024-08-20 00:52:22.675
ProcessGuid: {ca24abc9-e8c5-66c3-8c09-000000001d00}
ProcessId: 9220
Image: C:\Windows\System32\WindowsPowerShell\v1.0\powershell.exe
TargetFilename: C:\Users\JOHNNY~1.DOU\AppData\Local\Temp\FA9C584D-0344-48E7-986B-6E427182D805\DismCorePS.dll
CreationUtcTime: 2024-08-20 00:52:22.675
User: MY-CALDERA\johnny.douche"
MY-CAL-WIN10.my-caldera.local,11,"File created:
RuleName: DO
UtcTime: 2024-08-20 00:52:21.589
ProcessGuid: {ca24abc9-e8c5-66c3-8b09-000000001d00}
ProcessId: 8436
Image: C:\Windows\System32\WindowsPowerShell\v1.0\powershell.exe
TargetFilename: C:\Users\johnny.douche\AppData\Local\Microsoft\Windows\PowerShell\StartupProfileData-NonInteractive
CreationUtcTime: 2024-03-28 01:06:06.420
User: MY-CALDERA\johnny.douche"
MY-CAL-WIN10.my-caldera.local,11,"File created:
RuleName: DO
UtcTime: 2024-08-20 00:52:22.778
ProcessGuid: {ca24abc9-e8c5-66c3-8c09-000000001d00}
ProcessId: 9220
Image: C:\Windows\System32\WindowsPowerShell\v1.0\powershell.exe
TargetFilename: C:\Users\JOHNNY~1.DOU\AppData\Local\Temp\FA9C584D-0344-48E7-986B-6E427182D805\en-US\ImagingProvider.dll.mui
CreationUtcTime: 2024-08-20 00:52:22.778
User: MY-CALDERA\johnny.douche"
MY-CAL-WIN10.my-caldera.local,11,"File created:
RuleName: DO
UtcTime: 2024-08-20 00:52:22.784
ProcessGuid: {ca24abc9-e8c5-66c3-8c09-000000001d00}
ProcessId: 9220
Image: C:\Windows\System32\WindowsPowerShell\v1.0\powershell.exe
TargetFilename: C:\Users\JOHNNY~1.DOU\AppData\Local\Temp\FA9C584D-0344-48E7-986B-6E427182D805\en-US\IntlProvider.dll.mui
CreationUtcTime: 2024-08-20 00:52:22.783
User: MY-CALDERA\johnny.douche"
MY-CAL-WIN10.my-caldera.local,11,"File created:
RuleName: DO
UtcTime: 2024-08-20 00:52:22.790
ProcessGuid: {ca24abc9-e8c5-66c3-8c09-000000001d00}
ProcessId: 9220
Image: C:\Windows\System32\WindowsPowerShell\v1.0\powershell.exe
TargetFilename: C:\Users\JOHNNY~1.DOU\AppData\Local\Temp\FA9C584D-0344-48E7-986B-6E427182D805\en-US\LogProvider.dll.mui
CreationUtcTime: 2024-08-20 00:52:22.790
User: MY-CALDERA\johnny.douche"
MY-CAL-WIN10.my-caldera.local,11,"File created:
RuleName: DO
UtcTime: 2024-08-20 00:52:22.794
ProcessGuid: {ca24abc9-e8c5-66c3-8c09-000000001d00}
ProcessId: 9220
Image: C:\Windows\System32\WindowsPowerShell\v1.0\powershell.exe
TargetFilename: C:\Users\JOHNNY~1.DOU\AppData\Local\Temp\FA9C584D-0344-48E7-986B-6E427182D805\en-US\MsiProvider.dll.mui
CreationUtcTime: 2024-08-20 00:52:22.794
User: MY-CALDERA\johnny.douche"
MY-CAL-WIN10.my-caldera.local,11,"File created:
RuleName: DO
UtcTime: 2024-08-20 00:52:47.181
ProcessGuid: {ca24abc9-e8de-66c3-af09-000000001d00}
ProcessId: 3180
Image: C:\Windows\System32\WindowsPowerShell\v1.0\powershell.exe
TargetFilename: C:\Users\johnny.douche\AppData\Local\Microsoft\Windows\PowerShell\StartupProfileData-NonInteractive
CreationUtcTime: 2024-03-28 01:06:06.420
User: MY-CALDERA\johnny.douche"
MY-CAL-WIN10.my-caldera.local,11,"File created:
RuleName: DO
UtcTime: 2024-08-20 00:52:47.605
ProcessGuid: {ca24abc9-e8df-66c3-b009-000000001d00}
ProcessId: 7600
Image: C:\Windows\System32\WindowsPowerShell\v1.0\powershell.exe
TargetFilename: C:\Users\johnny.douche\AppData\Local\Microsoft\Windows\PowerShell\StartupProfileData-NonInteractive
CreationUtcTime: 2024-03-28 01:06:06.420
User: MY-CALDERA\johnny.douche"
MY-CAL-WIN10.my-caldera.local,11,"File created:
RuleName: DO
UtcTime: 2024-08-20 00:52:52.997
ProcessGuid: {ca24abc9-e8e4-66c3-c009-000000001d00}
ProcessId: 11048
Image: C:\Windows\System32\WindowsPowerShell\v1.0\powershell.exe
TargetFilename: C:\Users\johnny.douche\AppData\Local\Microsoft\Windows\PowerShell\StartupProfileData-NonInteractive
CreationUtcTime: 2024-03-28 01:06:06.420
User: MY-CALDERA\johnny.douche"
MY-CAL-WIN10.my-caldera.local,11,"File created:
RuleName: DLL
UtcTime: 2024-08-20 00:52:58.522
ProcessGuid: {ca24abc9-e8e9-66c3-c309-000000001d00}
ProcessId: 10176
Image: C:\Windows\System32\WindowsPowerShell\v1.0\powershell.exe
TargetFilename: C:\Users\JOHNNY~1.DOU\AppData\Local\Temp\03E8433F-648F-4273-A0B6-F7EA5771E84D\VhdProvider.dll
CreationUtcTime: 2024-08-20 00:52:58.521
User: MY-CALDERA\johnny.douche"
MY-CAL-WIN10.my-caldera.local,11,"File created:
RuleName: DLL
UtcTime: 2024-08-20 00:52:58.538
ProcessGuid: {ca24abc9-e8e9-66c3-c309-000000001d00}
ProcessId: 10176
Image: C:\Windows\System32\WindowsPowerShell\v1.0\powershell.exe
TargetFilename: C:\Users\JOHNNY~1.DOU\AppData\Local\Temp\03E8433F-648F-4273-A0B6-F7EA5771E84D\WimProvider.dll
CreationUtcTime: 2024-08-20 00:52:58.538
User: MY-CALDERA\johnny.douche"
MY-CAL-WIN10.my-caldera.local,11,"File created:
RuleName: Sysmonv1514
UtcTime: 2024-08-20 00:53:41.293
ProcessGuid: {ca24abc9-d6b1-66c3-ba00-000000001d00}
ProcessId: 6760
Image: C:\Program Files\WinlogBeat\winlogbeat.exe
TargetFilename: C:\ProgramData\winlogbeat\.winlogbeat.yml.new
CreationUtcTime: 2024-08-20 00:11:02.025
User: NT AUTHORITY\SYSTEM"
MY-CAL-WIN10.my-caldera.local,11,"File created:
RuleName: Sysmonv1514
UtcTime: 2024-08-20 00:53:56.337
ProcessGuid: {ca24abc9-d6b1-66c3-ba00-000000001d00}
ProcessId: 6760
Image: C:\Program Files\WinlogBeat\winlogbeat.exe
TargetFilename: C:\ProgramData\winlogbeat\.winlogbeat.yml.new
CreationUtcTime: 2024-08-20 00:11:02.025
User: NT AUTHORITY\SYSTEM"
MY-CAL-WIN10.my-caldera.local,11,"File created:
RuleName: Sysmonv1514
UtcTime: 2024-08-20 00:54:37.067
ProcessGuid: {ca24abc9-d6b1-66c3-ba00-000000001d00}
ProcessId: 6760
Image: C:\Program Files\WinlogBeat\winlogbeat.exe
TargetFilename: C:\ProgramData\winlogbeat\.winlogbeat.yml.new
CreationUtcTime: 2024-08-20 00:11:02.025
User: NT AUTHORITY\SYSTEM"
MY-CAL-WIN10.my-caldera.local,11,"File created:
RuleName: Sysmonv1514
UtcTime: 2024-08-20 00:55:22.259
ProcessGuid: {ca24abc9-d6b1-66c3-ba00-000000001d00}
ProcessId: 6760
Image: C:\Program Files\WinlogBeat\winlogbeat.exe
TargetFilename: C:\ProgramData\winlogbeat\.winlogbeat.yml.new
CreationUtcTime: 2024-08-20 00:11:02.025
User: NT AUTHORITY\SYSTEM"
MY-CAL-WIN10.my-caldera.local,11,"File created:
RuleName: Sysmonv1514
UtcTime: 2024-08-20 00:56:13.076
ProcessGuid: {ca24abc9-d6b1-66c3-ba00-000000001d00}
ProcessId: 6760
Image: C:\Program Files\WinlogBeat\winlogbeat.exe
TargetFilename: C:\ProgramData\winlogbeat\.winlogbeat.yml.new
CreationUtcTime: 2024-08-20 00:11:02.025
User: NT AUTHORITY\SYSTEM"
MY-CAL-WIN10.my-caldera.local,11,"File created:
RuleName: Sysmonv1514
UtcTime: 2024-08-20 00:56:38.539
ProcessGuid: {ca24abc9-d6b1-66c3-ba00-000000001d00}
ProcessId: 6760
Image: C:\Program Files\WinlogBeat\winlogbeat.exe
TargetFilename: C:\ProgramData\winlogbeat\.winlogbeat.yml.new
CreationUtcTime: 2024-08-20 00:11:02.025
User: NT AUTHORITY\SYSTEM"
MY-CAL-WIN10.my-caldera.local,11,"File created:
RuleName: Sysmonv1514
UtcTime: 2024-08-20 00:57:08.614
ProcessGuid: {ca24abc9-d6b1-66c3-ba00-000000001d00}
ProcessId: 6760
Image: C:\Program Files\WinlogBeat\winlogbeat.exe
TargetFilename: C:\ProgramData\winlogbeat\.winlogbeat.yml.new
CreationUtcTime: 2024-08-20 00:11:02.025
User: NT AUTHORITY\SYSTEM"
MY-CAL-WIN10.my-caldera.local,11,"File created:
RuleName: DO
UtcTime: 2024-08-20 00:30:39.846
ProcessGuid: {ca24abc9-e3af-66c3-5305-000000001d00}
ProcessId: 2876
Image: C:\Windows\Microsoft.NET\Framework64\v4.0.30319\csc.exe
TargetFilename: C:\Users\johnny.douche\AppData\Local\Temp\j0xqdjxm\CSCF42B6C4FCBCE4F4184468019F533E4CC.TMP
CreationUtcTime: 2024-08-20 00:30:39.846
User: MY-CALDERA\johnny.douche"
MY-CAL-WIN10.my-caldera.local,11,"File created:
RuleName: DO
UtcTime: 2024-08-20 00:30:39.848
ProcessGuid: {ca24abc9-e3af-66c3-5305-000000001d00}
ProcessId: 2876
Image: C:\Windows\Microsoft.NET\Framework64\v4.0.30319\csc.exe
TargetFilename: C:\Users\JOHNNY~1.DOU\AppData\Local\Temp\RES7609.tmp
CreationUtcTime: 2024-08-20 00:30:39.848
User: MY-CALDERA\johnny.douche"
MY-CAL-WIN10.my-caldera.local,11,"File created:
RuleName: DO
UtcTime: 2024-08-20 00:30:39.884
ProcessGuid: {ca24abc9-e3af-66c3-5405-000000001d00}
ProcessId: 4048
Image: C:\Windows\Microsoft.NET\Framework64\v4.0.30319\cvtres.exe
TargetFilename: C:\Users\JOHNNY~1.DOU\AppData\Local\Temp\RES7609.tmp
CreationUtcTime: 2024-08-20 00:30:39.848
User: MY-CALDERA\johnny.douche"
MY-CAL-WIN10.my-caldera.local,11,"File created:
RuleName: DLL
UtcTime: 2024-08-20 00:30:39.893
ProcessGuid: {ca24abc9-e3af-66c3-5305-000000001d00}
ProcessId: 2876
Image: C:\Windows\Microsoft.NET\Framework64\v4.0.30319\csc.exe
TargetFilename: C:\Users\johnny.douche\AppData\Local\Temp\j0xqdjxm\j0xqdjxm.dll
CreationUtcTime: 2024-08-20 00:30:39.621
User: MY-CALDERA\johnny.douche"
MY-CAL-WIN10.my-caldera.local,11,"File created:
RuleName: DO
UtcTime: 2024-08-20 00:30:40.605
ProcessGuid: {ca24abc9-e3ae-66c3-5105-000000001d00}
ProcessId: 8928
Image: C:\Windows\System32\WindowsPowerShell\v1.0\powershell.exe
TargetFilename: C:\Users\johnny.douche\AppData\Local\Temp\Microsoft.PackageManagement\iek3g1vp.x3d
CreationUtcTime: 2024-08-20 00:30:40.604
User: MY-CALDERA\johnny.douche"
MY-CAL-WIN10.my-caldera.local,11,"File created:
RuleName: DO
UtcTime: 2024-08-20 00:30:48.656
ProcessGuid: {ca24abc9-e3b5-66c3-5f05-000000001d00}
ProcessId: 1552
Image: C:\Windows\System32\WindowsPowerShell\v1.0\powershell.exe
TargetFilename: C:\Users\johnny.douche\AppData\Local\Microsoft\Windows\PowerShell\StartupProfileData-NonInteractive
CreationUtcTime: 2024-03-28 01:06:06.420
User: MY-CALDERA\johnny.douche"
MY-CAL-WIN10.my-caldera.local,11,"File created:
RuleName: DO
UtcTime: 2024-08-20 00:30:49.025
ProcessGuid: {ca24abc9-e3b8-66c3-6605-000000001d00}
ProcessId: 7312
Image: C:\Windows\System32\WindowsPowerShell\v1.0\powershell.exe
TargetFilename: C:\Users\johnny.douche\AppData\Local\Microsoft\Windows\PowerShell\StartupProfileData-NonInteractive
CreationUtcTime: 2024-03-28 01:06:06.420
User: MY-CALDERA\johnny.douche"
MY-CAL-WIN10.my-caldera.local,11,"File created:
RuleName: Sysmonv1514
UtcTime: 2024-08-20 00:30:49.455
ProcessGuid: {ca24abc9-d6b1-66c3-ba00-000000001d00}
ProcessId: 6760
Image: C:\Program Files\WinlogBeat\winlogbeat.exe
TargetFilename: C:\ProgramData\winlogbeat\.winlogbeat.yml.new
CreationUtcTime: 2024-08-20 00:11:02.025
User: NT AUTHORITY\SYSTEM"
MY-CAL-WIN10.my-caldera.local,11,"File created:
RuleName: DO
UtcTime: 2024-08-20 00:30:49.627
ProcessGuid: {ca24abc9-e3b9-66c3-6705-000000001d00}
ProcessId: 10272
Image: C:\Windows\System32\WindowsPowerShell\v1.0\powershell.exe
TargetFilename: C:\Users\johnny.douche\AppData\Local\Microsoft\Windows\PowerShell\StartupProfileData-NonInteractive
CreationUtcTime: 2024-03-28 01:06:06.420
User: MY-CALDERA\johnny.douche"
MY-CAL-WIN10.my-caldera.local,11,"File created:
RuleName: Sysmonv1514
UtcTime: 2024-08-20 00:30:57.847
ProcessGuid: {ca24abc9-d6b1-66c3-ba00-000000001d00}
ProcessId: 6760
Image: C:\Program Files\WinlogBeat\winlogbeat.exe
TargetFilename: C:\ProgramData\winlogbeat\.winlogbeat.yml.new
CreationUtcTime: 2024-08-20 00:11:02.025
User: NT AUTHORITY\SYSTEM"
