RuleName: -
EventType: CreatePipe
UtcTime: 2024-08-20 00:21:44.674
ProcessGuid: {ca24abc9-e198-66c3-bd03-000000001d00}
ProcessId: 10628
PipeName: \PSHost.133685869045011001.10628.DefaultAppDomain.powershell
Image: C:\Windows\System32\WindowsPowerShell\v1.0\powershell.exe
User: MY-CALDERA\johnny.douche"
450,MY-CAL-WIN10.my-caldera.local,17,"Pipe Created:
RuleName: -
EventType: CreatePipe
UtcTime: 2024-08-20 00:21:44.891
ProcessGuid: {ca24abc9-dc4c-66c3-9501-000000001d00}
ProcessId: 8332
PipeName: <Anonymous Pipe>
Image: C:\Windows\System32\WindowsPowerShell\v1.0\powershell.exe
User: MY-CALDERA\johnny.douche"
451,MY-CAL-WIN10.my-caldera.local,17,"Pipe Created:
RuleName: -
EventType: CreatePipe
UtcTime: 2024-08-20 00:21:44.892
ProcessGuid: {ca24abc9-dc4c-66c3-9501-000000001d00}
ProcessId: 8332
PipeName: <Anonymous Pipe>
Image: C:\Windows\System32\WindowsPowerShell\v1.0\powershell.exe
User: MY-CALDERA\johnny.douche"
452,MY-CAL-WIN10.my-caldera.local,17,"Pipe Created:
RuleName: -
EventType: CreatePipe
UtcTime: 2024-08-20 00:21:48.390
ProcessGuid: {ca24abc9-e19c-66c3-c303-000000001d00}
ProcessId: 1144
PipeName: \PSHost.133685869082288571.1144.DefaultAppDomain.powershell
Image: C:\Windows\System32\WindowsPowerShell\v1.0\powershell.exe
User: MY-CALDERA\johnny.douche"
453,MY-CAL-WIN10.my-caldera.local,17,"Pipe Created:
RuleName: -
EventType: CreatePipe
UtcTime: 2024-08-20 00:21:47.959
ProcessGuid: {ca24abc9-e19b-66c3-c203-000000001d00}
ProcessId: 1608
PipeName: \PSHost.133685869077831181.1608.DefaultAppDomain.powershell
Image: C:\Windows\System32\WindowsPowerShell\v1.0\powershell.exe
User: MY-CALDERA\johnny.douche"
454,MY-CAL-WIN10.my-caldera.local,17,"Pipe Created:
RuleName: -
EventType: CreatePipe
UtcTime: 2024-08-20 00:24:41.358
ProcessGuid: {ca24abc9-e249-66c3-1a04-000000001d00}
ProcessId: 32
PipeName: \PSHost.133685870810200960.32.DefaultAppDomain.powershell
Image: C:\Windows\System32\WindowsPowerShell\v1.0\powershell.exe
User: MY-CALDERA\johnny.douche"
455,MY-CAL-WIN10.my-caldera.local,17,"Pipe Created:
RuleName: -
EventType: CreatePipe
UtcTime: 2024-08-20 00:24:41.018
ProcessGuid: {ca24abc9-dc4c-66c3-9501-000000001d00}
ProcessId: 8332
PipeName: <Anonymous Pipe>
Image: C:\Windows\System32\WindowsPowerShell\v1.0\powershell.exe
User: MY-CALDERA\johnny.douche"
456,MY-CAL-WIN10.my-caldera.local,17,"Pipe Created:
RuleName: -
EventType: CreatePipe
UtcTime: 2024-08-20 00:24:41.018
ProcessGuid: {ca24abc9-dc4c-66c3-9501-000000001d00}
ProcessId: 8332
PipeName: <Anonymous Pipe>
Image: C:\Windows\System32\WindowsPowerShell\v1.0\powershell.exe
User: MY-CALDERA\johnny.douche"
457,MY-CAL-WIN10.my-caldera.local,17,"Pipe Created:
RuleName: -
EventType: CreatePipe
UtcTime: 2024-08-20 00:26:04.657
ProcessGuid: {ca24abc9-e29c-66c3-3604-000000001d00}
ProcessId: 10920
PipeName: \PSHost.133685871644526240.10920.DefaultAppDomain.powershell
Image: C:\Windows\System32\WindowsPowerShell\v1.0\powershell.exe
User: MY-CALDERA\johnny.douche"
458,MY-CAL-WIN10.my-caldera.local,17,"Pipe Created:
RuleName: -
EventType: CreatePipe
UtcTime: 2024-08-20 00:26:04.451
ProcessGuid: {ca24abc9-dc4c-66c3-9501-000000001d00}
ProcessId: 8332
PipeName: <Anonymous Pipe>
Image: C:\Windows\System32\WindowsPowerShell\v1.0\powershell.exe
User: MY-CALDERA\johnny.douche"
459,MY-CAL-WIN10.my-caldera.local,17,"Pipe Created:
RuleName: -
EventType: CreatePipe
UtcTime: 2024-08-20 00:26:04.451
ProcessGuid: {ca24abc9-dc4c-66c3-9501-000000001d00}
ProcessId: 8332
PipeName: <Anonymous Pipe>
Image: C:\Windows\System32\WindowsPowerShell\v1.0\powershell.exe
User: MY-CALDERA\johnny.douche"
460,MY-CAL-WIN10.my-caldera.local,17,"Pipe Created:
RuleName: -
EventType: CreatePipe
UtcTime: 2024-08-20 00:26:25.507
ProcessGuid: {ca24abc9-e2b1-66c3-4004-000000001d00}
ProcessId: 3020
PipeName: \PSHost.133685871853036179.3020.DefaultAppDomain.powershell
Image: C:\Windows\System32\WindowsPowerShell\v1.0\powershell.exe
User: MY-CALDERA\johnny.douche"
461,MY-CAL-WIN10.my-caldera.local,17,"Pipe Created:
RuleName: -
EventType: CreatePipe
UtcTime: 2024-08-20 00:26:25.301
ProcessGuid: {ca24abc9-dc4c-66c3-9501-000000001d00}
ProcessId: 8332
PipeName: <Anonymous Pipe>
Image: C:\Windows\System32\WindowsPowerShell\v1.0\powershell.exe
User: MY-CALDERA\johnny.douche"
462,MY-CAL-WIN10.my-caldera.local,17,"Pipe Created:
RuleName: -
EventType: CreatePipe
UtcTime: 2024-08-20 00:26:25.302
ProcessGuid: {ca24abc9-dc4c-66c3-9501-000000001d00}
ProcessId: 8332
PipeName: <Anonymous Pipe>
Image: C:\Windows\System32\WindowsPowerShell\v1.0\powershell.exe
User: MY-CALDERA\johnny.douche"
463,MY-CAL-WIN10.my-caldera.local,17,"Pipe Created:
RuleName: -
EventType: CreatePipe
UtcTime: 2024-08-20 00:27:40.936
ProcessGuid: {ca24abc9-e2fc-66c3-8204-000000001d00}
ProcessId: 7860
PipeName: \PSHost.133685872607719930.7860.DefaultAppDomain.powershell
Image: C:\Windows\System32\WindowsPowerShell\v1.0\powershell.exe
User: MY-CALDERA\johnny.douche"
464,MY-CAL-WIN10.my-caldera.local,17,"Pipe Created:
RuleName: -
EventType: CreatePipe
UtcTime: 2024-08-20 00:28:35.127
ProcessGuid: {ca24abc9-dc4c-66c3-9501-000000001d00}
ProcessId: 8332
PipeName: <Anonymous Pipe>
Image: C:\Windows\System32\WindowsPowerShell\v1.0\powershell.exe
User: MY-CALDERA\johnny.douche"
465,MY-CAL-WIN10.my-caldera.local,17,"Pipe Created:
RuleName: -
EventType: CreatePipe
UtcTime: 2024-08-20 00:28:35.345
ProcessGuid: {ca24abc9-e333-66c3-b704-000000001d00}
ProcessId: 7160
PipeName: \PSHost.133685873151284470.7160.DefaultAppDomain.powershell
Image: C:\Windows\System32\WindowsPowerShell\v1.0\powershell.exe
User: MY-CALDERA\johnny.douche"
466,MY-CAL-WIN10.my-caldera.local,17,"Pipe Created:
RuleName: -
EventType: CreatePipe
UtcTime: 2024-08-20 00:28:34.925
ProcessGuid: {ca24abc9-e332-66c3-b604-000000001d00}
ProcessId: 10280
PipeName: \PSHost.133685873147612038.10280.DefaultAppDomain.powershell
Image: C:\Windows\System32\WindowsPowerShell\v1.0\powershell.exe
User: MY-CALDERA\johnny.douche"
467,MY-CAL-WIN10.my-caldera.local,17,"Pipe Created:
RuleName: -
EventType: CreatePipe
UtcTime: 2024-08-20 00:28:35.127
ProcessGuid: {ca24abc9-dc4c-66c3-9501-000000001d00}
ProcessId: 8332
PipeName: <Anonymous Pipe>
Image: C:\Windows\System32\WindowsPowerShell\v1.0\powershell.exe
User: MY-CALDERA\johnny.douche"
468,MY-CAL-WIN10.my-caldera.local,17,"Pipe Created:
RuleName: -
EventType: CreatePipe
UtcTime: 2024-08-20 00:28:35.585
ProcessGuid: {ca24abc9-e333-66c3-b704-000000001d00}
ProcessId: 7160
PipeName: <Anonymous Pipe>
Image: C:\Windows\System32\WindowsPowerShell\v1.0\powershell.exe
User: MY-CALDERA\johnny.douche"
469,MY-CAL-WIN10.my-caldera.local,17,"Pipe Created:
RuleName: -
EventType: CreatePipe
UtcTime: 2024-08-20 00:28:36.805
ProcessGuid: {ca24abc9-e334-66c3-bd04-000000001d00}
ProcessId: 10992
PipeName: \PSHost.133685873166075790.10992.DefaultAppDomain.powershell
Image: C:\Windows\System32\WindowsPowerShell\v1.0\powershell.exe
User: MY-CALDERA\johnny.douche"
470,MY-CAL-WIN10.my-caldera.local,17,"Pipe Created:
RuleName: -
EventType: CreatePipe
UtcTime: 2024-08-20 00:28:37.722
ProcessGuid: {ca24abc9-e335-66c3-bf04-000000001d00}
ProcessId: 11092
PipeName: \PSHost.133685873175622401.11092.DefaultAppDomain.powershell
Image: C:\Windows\System32\WindowsPowerShell\v1.0\powershell.exe
User: MY-CALDERA\johnny.douche"
471,MY-CAL-WIN10.my-caldera.local,17,"Pipe Created:
RuleName: -
EventType: CreatePipe
UtcTime: 2024-08-20 00:28:54.938
ProcessGuid: {ca24abc9-e346-66c3-d204-000000001d00}
ProcessId: 9388
PipeName: \PSHost.133685873347625594.9388.DefaultAppDomain.powershell
Image: C:\Windows\System32\WindowsPowerShell\v1.0\powershell.exe
User: MY-CALDERA\johnny.douche"
472,MY-CAL-WIN10.my-caldera.local,17,"Pipe Created:
RuleName: -
EventType: CreatePipe
UtcTime: 2024-08-20 00:28:54.124
ProcessGuid: {ca24abc9-e345-66c3-cf04-000000001d00}
ProcessId: 10176
PipeName: \PSHost.133685873339260653.10176.DefaultAppDomain.powershell
Image: C:\Windows\System32\WindowsPowerShell\v1.0\powershell.exe
User: MY-CALDERA\johnny.douche"
473,MY-CAL-WIN10.my-caldera.local,17,"Pipe Created:
RuleName: -
EventType: CreatePipe
UtcTime: 2024-08-20 00:29:36.486
ProcessGuid: {ca24abc9-e370-66c3-f204-000000001d00}
ProcessId: 9236
PipeName: \PSHost.133685873763138807.9236.DefaultAppDomain.powershell
Image: C:\Windows\System32\WindowsPowerShell\v1.0\powershell.exe
User: MY-CALDERA\johnny.douche"
474,MY-CAL-WIN10.my-caldera.local,17,"Pipe Created:
RuleName: -
EventType: CreatePipe
UtcTime: 2024-08-20 00:29:54.507
ProcessGuid: {ca24abc9-e382-66c3-f704-000000001d00}
ProcessId: 9232
PipeName: \PSHost.133685873943441810.9232.DefaultAppDomain.powershell
Image: C:\Windows\System32\WindowsPowerShell\v1.0\powershell.exe
User: MY-CALDERA\johnny.douche"
475,MY-CAL-WIN10.my-caldera.local,17,"Pipe Created:
RuleName: -
EventType: CreatePipe
UtcTime: 2024-08-20 00:29:55.036
ProcessGuid: {ca24abc9-e382-66c3-f804-000000001d00}
ProcessId: 4760
PipeName: \PSHost.133685873948662176.4760.DefaultAppDomain.powershell
Image: C:\Windows\System32\WindowsPowerShell\v1.0\powershell.exe
User: MY-CALDERA\johnny.douche"
476,MY-CAL-WIN10.my-caldera.local,17,"Pipe Created:
RuleName: -
EventType: CreatePipe
UtcTime: 2024-08-20 00:48:13.783
ProcessGuid: {ca24abc9-dc4c-66c3-9501-000000001d00}
ProcessId: 8332
PipeName: <Anonymous Pipe>
Image: C:\Windows\System32\WindowsPowerShell\v1.0\powershell.exe
User: MY-CALDERA\johnny.douche"
477,MY-CAL-WIN10.my-caldera.local,17,"Pipe Created:
RuleName: -
EventType: CreatePipe
UtcTime: 2024-08-20 00:48:13.783
ProcessGuid: {ca24abc9-dc4c-66c3-9501-000000001d00}
ProcessId: 8332
PipeName: <Anonymous Pipe>
Image: C:\Windows\System32\WindowsPowerShell\v1.0\powershell.exe
User: MY-CALDERA\johnny.douche"
478,MY-CAL-WIN10.my-caldera.local,17,"Pipe Created:
RuleName: -
EventType: CreatePipe
UtcTime: 2024-08-20 00:50:38.490
ProcessGuid: {ca24abc9-dc4c-66c3-9501-000000001d00}
ProcessId: 8332
PipeName: <Anonymous Pipe>
Image: C:\Windows\System32\WindowsPowerShell\v1.0\powershell.exe
User: MY-CALDERA\johnny.douche"
479,MY-CAL-WIN10.my-caldera.local,17,"Pipe Created:
RuleName: -
EventType: CreatePipe
UtcTime: 2024-08-20 00:50:38.490
ProcessGuid: {ca24abc9-dc4c-66c3-9501-000000001d00}
ProcessId: 8332
PipeName: <Anonymous Pipe>
Image: C:\Windows\System32\WindowsPowerShell\v1.0\powershell.exe
User: MY-CALDERA\johnny.douche"
480,MY-CAL-WIN10.my-caldera.local,17,"Pipe Created:
RuleName: -
EventType: CreatePipe
UtcTime: 2024-08-20 00:50:38.697
ProcessGuid: {ca24abc9-e85e-66c3-1209-000000001d00}
ProcessId: 10516
PipeName: \PSHost.133685886384921013.10516.DefaultAppDomain.powershell
Image: C:\Windows\System32\WindowsPowerShell\v1.0\powershell.exe
User: MY-CALDERA\johnny.douche"
481,MY-CAL-WIN10.my-caldera.local,17,"Pipe Created:
RuleName: -
EventType: CreatePipe
UtcTime: 2024-08-20 00:50:38.280
ProcessGuid: {ca24abc9-e85e-66c3-1109-000000001d00}
ProcessId: 9668
PipeName: \PSHost.133685886381137566.9668.DefaultAppDomain.powershell
Image: C:\Windows\System32\WindowsPowerShell\v1.0\powershell.exe
User: MY-CALDERA\johnny.douche"
482,MY-CAL-WIN10.my-caldera.local,17,"Pipe Created:
RuleName: -
EventType: CreatePipe
UtcTime: 2024-08-20 00:50:37.841
ProcessGuid: {ca24abc9-e85d-66c3-1009-000000001d00}
ProcessId: 9980
PipeName: \PSHost.133685886376620890.9980.DefaultAppDomain.powershell
Image: C:\Windows\System32\WindowsPowerShell\v1.0\powershell.exe
User: MY-CALDERA\johnny.douche"
483,MY-CAL-WIN10.my-caldera.local,17,"Pipe Created:
RuleName: -
EventType: CreatePipe
UtcTime: 2024-08-20 00:50:43.341
ProcessGuid: {ca24abc9-e863-66c3-2c09-000000001d00}
ProcessId: 1084
PipeName: <Anonymous Pipe>
Image: C:\Windows\System32\WindowsPowerShell\v1.0\powershell.exe
User: MY-CALDERA\johnny.douche"
484,MY-CAL-WIN10.my-caldera.local,17,"Pipe Created:
RuleName: -
EventType: CreatePipe
UtcTime: 2024-08-20 00:50:43.361
ProcessGuid: {ca24abc9-e863-66c3-2d09-000000001d00}
ProcessId: 11176
PipeName: <Anonymous Pipe>
Image: C:\Windows\system32\cmd.exe
User: MY-CALDERA\johnny.douche"
485,MY-CAL-WIN10.my-caldera.local,17,"Pipe Created:
RuleName: -
EventType: CreatePipe
UtcTime: 2024-08-20 00:50:43.235
ProcessGuid: {ca24abc9-e863-66c3-2c09-000000001d00}
ProcessId: 1084
PipeName: \PSHost.133685886430495334.1084.DefaultAppDomain.powershell
Image: C:\Windows\System32\WindowsPowerShell\v1.0\powershell.exe
User: MY-CALDERA\johnny.douche"
486,MY-CAL-WIN10.my-caldera.local,17,"Pipe Created:
RuleName: -
EventType: CreatePipe
UtcTime: 2024-08-20 00:50:43.410
ProcessGuid: {ca24abc9-e863-66c3-2c09-000000001d00}
ProcessId: 1084
PipeName: <Anonymous Pipe>
Image: C:\Windows\System32\WindowsPowerShell\v1.0\powershell.exe
User: MY-CALDERA\johnny.douche"
487,MY-CAL-WIN10.my-caldera.local,17,"Pipe Created:
RuleName: -
EventType: CreatePipe
UtcTime: 2024-08-20 00:50:43.429
ProcessGuid: {ca24abc9-e863-66c3-3009-000000001d00}
ProcessId: 6420
PipeName: <Anonymous Pipe>
Image: C:\Windows\system32\cmd.exe
User: MY-CALDERA\johnny.douche"
488,MY-CAL-WIN10.my-caldera.local,17,"Pipe Created:
RuleName: -
EventType: CreatePipe
UtcTime: 2024-08-20 00:50:43.472
ProcessGuid: {ca24abc9-e863-66c3-2c09-000000001d00}
ProcessId: 1084
PipeName: <Anonymous Pipe>
Image: C:\Windows\System32\WindowsPowerShell\v1.0\powershell.exe
User: MY-CALDERA\johnny.douche"
489,MY-CAL-WIN10.my-caldera.local,17,"Pipe Created:
RuleName: -
EventType: CreatePipe
UtcTime: 2024-08-20 00:50:43.594
ProcessGuid: {ca24abc9-e863-66c3-2c09-000000001d00}
ProcessId: 1084
PipeName: <Anonymous Pipe>
Image: C:\Windows\System32\WindowsPowerShell\v1.0\powershell.exe
User: MY-CALDERA\johnny.douche"
490,MY-CAL-WIN10.my-caldera.local,17,"Pipe Created:
RuleName: -
EventType: CreatePipe
UtcTime: 2024-08-20 00:50:43.613
ProcessGuid: {ca24abc9-e863-66c3-3909-000000001d00}
ProcessId: 2224
PipeName: <Anonymous Pipe>
Image: C:\Windows\system32\cmd.exe
User: MY-CALDERA\johnny.douche"
491,MY-CAL-WIN10.my-caldera.local,17,"Pipe Created:
RuleName: -
EventType: CreatePipe
UtcTime: 2024-08-20 00:50:43.493
ProcessGuid: {ca24abc9-e863-66c3-3309-000000001d00}
ProcessId: 6732
PipeName: <Anonymous Pipe>
Image: C:\Windows\system32\cmd.exe
User: MY-CALDERA\johnny.douche"
492,MY-CAL-WIN10.my-caldera.local,17,"Pipe Created:
RuleName: -
EventType: CreatePipe
UtcTime: 2024-08-20 00:50:43.537
ProcessGuid: {ca24abc9-e863-66c3-2c09-000000001d00}
ProcessId: 1084
PipeName: <Anonymous Pipe>
Image: C:\Windows\System32\WindowsPowerShell\v1.0\powershell.exe
User: MY-CALDERA\johnny.douche"
493,MY-CAL-WIN10.my-caldera.local,17,"Pipe Created:
RuleName: -
EventType: CreatePipe
UtcTime: 2024-08-20 00:50:43.557
ProcessGuid: {ca24abc9-e863-66c3-3609-000000001d00}
ProcessId: 8036
PipeName: <Anonymous Pipe>
Image: C:\Windows\system32\cmd.exe
User: MY-CALDERA\johnny.douche"
494,MY-CAL-WIN10.my-caldera.local,17,"Pipe Created:
RuleName: -
EventType: CreatePipe
UtcTime: 2024-08-20 00:50:59.710
ProcessGuid: {ca24abc9-e873-66c3-4209-000000001d00}
ProcessId: 4080
PipeName: \PSHost.133685886595455116.4080.DefaultAppDomain.powershell
Image: C:\Windows\System32\WindowsPowerShell\v1.0\powershell.exe
User: MY-CALDERA\johnny.douche"
495,MY-CAL-WIN10.my-caldera.local,17,"Pipe Created:
RuleName: -
EventType: CreatePipe
UtcTime: 2024-08-20 00:51:18.160
ProcessGuid: {ca24abc9-e885-66c3-4909-000000001d00}
ProcessId: 7288
PipeName: \PSHost.133685886779846727.7288.DefaultAppDomain.powershell
Image: C:\Windows\System32\WindowsPowerShell\v1.0\powershell.exe
User: MY-CALDERA\johnny.douche"
496,MY-CAL-WIN10.my-caldera.local,17,"Pipe Created:
RuleName: -
EventType: CreatePipe
UtcTime: 2024-08-20 00:51:22.612
ProcessGuid: {ca24abc9-dc4c-66c3-9501-000000001d00}
ProcessId: 8332
PipeName: <Anonymous Pipe>
Image: C:\Windows\System32\WindowsPowerShell\v1.0\powershell.exe
User: MY-CALDERA\johnny.douche"
497,MY-CAL-WIN10.my-caldera.local,17,"Pipe Created:
RuleName: -
EventType: CreatePipe
UtcTime: 2024-08-20 00:51:22.612
ProcessGuid: {ca24abc9-dc4c-66c3-9501-000000001d00}
ProcessId: 8332
PipeName: <Anonymous Pipe>
Image: C:\Windows\System32\WindowsPowerShell\v1.0\powershell.exe
User: MY-CALDERA\johnny.douche"
498,MY-CAL-WIN10.my-caldera.local,17,"Pipe Created:
RuleName: -
EventType: CreatePipe
UtcTime: 2024-08-20 00:51:22.402
ProcessGuid: {ca24abc9-e88a-66c3-4e09-000000001d00}
ProcessId: 10204
PipeName: \PSHost.133685886822428445.10204.DefaultAppDomain.powershell
Image: C:\Windows\System32\WindowsPowerShell\v1.0\powershell.exe
User: MY-CALDERA\johnny.douche"
499,MY-CAL-WIN10.my-caldera.local,17,"Pipe Created:
RuleName: -
EventType: CreatePipe
UtcTime: 2024-08-20 00:51:23.887
ProcessGuid: {ca24abc9-e88b-66c3-5209-000000001d00}
ProcessId: 8548
PipeName: \PSHost.133685886837216509.8548.DefaultAppDomain.powershell
Image: C:\Windows\System32\WindowsPowerShell\v1.0\powershell.exe
User: MY-CALDERA\johnny.douche"
500,MY-CAL-WIN10.my-caldera.local,17,"Pipe Created:
RuleName: -
EventType: CreatePipe
UtcTime: 2024-08-20 00:51:24.057
ProcessGuid: {ca24abc9-dc4c-66c3-9501-000000001d00}
ProcessId: 8332
PipeName: <Anonymous Pipe>
Image: C:\Windows\System32\WindowsPowerShell\v1.0\powershell.exe
User: MY-CALDERA\johnny.douche"
501,MY-CAL-WIN10.my-caldera.local,17,"Pipe Created:
RuleName: -
EventType: CreatePipe
UtcTime: 2024-08-20 00:51:24.057
ProcessGuid: {ca24abc9-dc4c-66c3-9501-000000001d00}
ProcessId: 8332
PipeName: <Anonymous Pipe>
Image: C:\Windows\System32\WindowsPowerShell\v1.0\powershell.exe
User: MY-CALDERA\johnny.douche"
502,MY-CAL-WIN10.my-caldera.local,17,"Pipe Created:
RuleName: -
EventType: CreatePipe
UtcTime: 2024-08-20 00:51:23.465
ProcessGuid: {ca24abc9-e88b-66c3-5109-000000001d00}
ProcessId: 10552
PipeName: \PSHost.133685886833030639.10552.DefaultAppDomain.powershell
Image: C:\Windows\System32\WindowsPowerShell\v1.0\powershell.exe
User: MY-CALDERA\johnny.douche"
503,MY-CAL-WIN10.my-caldera.local,17,"Pipe Created:
RuleName: -
EventType: CreatePipe
UtcTime: 2024-08-20 00:51:24.260
ProcessGuid: {ca24abc9-e88c-66c3-5309-000000001d00}
ProcessId: 7444
PipeName: \PSHost.133685886840597094.7444.DefaultAppDomain.powershell
Image: C:\Windows\System32\WindowsPowerShell\v1.0\powershell.exe
User: MY-CALDERA\johnny.douche"
504,MY-CAL-WIN10.my-caldera.local,17,"Pipe Created:
RuleName: -
EventType: CreatePipe
UtcTime: 2024-08-20 00:51:22.818
ProcessGuid: {ca24abc9-e88a-66c3-4f09-000000001d00}
ProcessId: 5440
PipeName: \PSHost.133685886826140287.5440.DefaultAppDomain.powershell
Image: C:\Windows\System32\WindowsPowerShell\v1.0\powershell.exe
User: MY-CALDERA\johnny.douche"
505,MY-CAL-WIN10.my-caldera.local,17,"Pipe Created:
RuleName: -
EventType: CreatePipe
UtcTime: 2024-08-20 00:52:03.306
ProcessGuid: {ca24abc9-dc4c-66c3-9501-000000001d00}
ProcessId: 8332
PipeName: <Anonymous Pipe>
Image: C:\Windows\System32\WindowsPowerShell\v1.0\powershell.exe
User: MY-CALDERA\johnny.douche"
506,MY-CAL-WIN10.my-caldera.local,17,"Pipe Created:
RuleName: -
EventType: CreatePipe
UtcTime: 2024-08-20 00:52:03.306
ProcessGuid: {ca24abc9-dc4c-66c3-9501-000000001d00}
ProcessId: 8332
PipeName: <Anonymous Pipe>
Image: C:\Windows\System32\WindowsPowerShell\v1.0\powershell.exe
User: MY-CALDERA\johnny.douche"
507,MY-CAL-WIN10.my-caldera.local,17,"Pipe Created:
RuleName: -
EventType: CreatePipe
UtcTime: 2024-08-20 00:52:06.031
ProcessGuid: {ca24abc9-e8b5-66c3-7d09-000000001d00}
ProcessId: 8408
PipeName: \PSHost.133685887258652092.8408.DefaultAppDomain.powershell
Image: C:\Windows\System32\WindowsPowerShell\v1.0\powershell.exe
User: MY-CALDERA\johnny.douche"
508,MY-CAL-WIN10.my-caldera.local,17,"Pipe Created:
RuleName: -
EventType: CreatePipe
UtcTime: 2024-08-20 00:52:04.233
ProcessGuid: {ca24abc9-e8b4-66c3-7809-000000001d00}
ProcessId: 10616
PipeName: \PSHost.133685887240593223.10616.DefaultAppDomain.powershell
Image: C:\Windows\System32\WindowsPowerShell\v1.0\powershell.exe
User: MY-CALDERA\johnny.douche"
509,MY-CAL-WIN10.my-caldera.local,17,"Pipe Created:
RuleName: -
EventType: CreatePipe
UtcTime: 2024-08-20 00:52:04.444
ProcessGuid: {ca24abc9-dc4c-66c3-9501-000000001d00}
ProcessId: 8332
PipeName: <Anonymous Pipe>
Image: C:\Windows\System32\WindowsPowerShell\v1.0\powershell.exe
User: MY-CALDERA\johnny.douche"
510,MY-CAL-WIN10.my-caldera.local,17,"Pipe Created:
RuleName: -
EventType: CreatePipe
UtcTime: 2024-08-20 00:52:06.486
ProcessGuid: {ca24abc9-e8b6-66c3-7e09-000000001d00}
ProcessId: 10712
PipeName: \PSHost.133685887263109585.10712.DefaultAppDomain.powershell
Image: C:\Windows\System32\WindowsPowerShell\v1.0\powershell.exe
User: MY-CALDERA\johnny.douche"
511,MY-CAL-WIN10.my-caldera.local,17,"Pipe Created:
RuleName: -
EventType: CreatePipe
UtcTime: 2024-08-20 00:52:05.646
ProcessGuid: {ca24abc9-e8b5-66c3-7c09-000000001d00}
ProcessId: 10700
PipeName: \PSHost.133685887254723155.10700.DefaultAppDomain.powershell
Image: C:\Windows\System32\WindowsPowerShell\v1.0\powershell.exe
User: MY-CALDERA\johnny.douche"
512,MY-CAL-WIN10.my-caldera.local,17,"Pipe Created:
RuleName: -
EventType: CreatePipe
UtcTime: 2024-08-20 00:52:04.445
ProcessGuid: {ca24abc9-dc4c-66c3-9501-000000001d00}
ProcessId: 8332
PipeName: <Anonymous Pipe>
Image: C:\Windows\System32\WindowsPowerShell\v1.0\powershell.exe
User: MY-CALDERA\johnny.douche"
513,MY-CAL-WIN10.my-caldera.local,17,"Pipe Created:
RuleName: -
EventType: CreatePipe
UtcTime: 2024-08-20 00:52:04.643
ProcessGuid: {ca24abc9-e8b4-66c3-7909-000000001d00}
ProcessId: 4428
PipeName: \PSHost.133685887244475880.4428.DefaultAppDomain.powershell
Image: C:\Windows\System32\WindowsPowerShell\v1.0\powershell.exe
User: MY-CALDERA\johnny.douche"
514,MY-CAL-WIN10.my-caldera.local,17,"Pipe Created:
RuleName: -
EventType: CreatePipe
UtcTime: 2024-08-20 00:52:05.025
ProcessGuid: {ca24abc9-e8b4-66c3-7b09-000000001d00}
ProcessId: 10608
PipeName: \PSHost.133685887248630274.10608.DefaultAppDomain.powershell
Image: C:\Windows\System32\WindowsPowerShell\v1.0\powershell.exe
User: MY-CALDERA\johnny.douche"
515,MY-CAL-WIN10.my-caldera.local,17,"Pipe Created:
RuleName: -
EventType: CreatePipe
UtcTime: 2024-08-20 00:52:20.291
ProcessGuid: {ca24abc9-e8c4-66c3-8809-000000001d00}
ProcessId: 1276
PipeName: \PSHost.133685887401290583.1276.DefaultAppDomain.powershell
Image: C:\Windows\System32\WindowsPowerShell\v1.0\powershell.exe
User: MY-CALDERA\johnny.douche"
516,MY-CAL-WIN10.my-caldera.local,17,"Pipe Created:
RuleName: -
EventType: CreatePipe
UtcTime: 2024-08-20 00:52:20.489
ProcessGuid: {ca24abc9-dc4c-66c3-9501-000000001d00}
ProcessId: 8332
PipeName: <Anonymous Pipe>
Image: C:\Windows\System32\WindowsPowerShell\v1.0\powershell.exe
User: MY-CALDERA\johnny.douche"
517,MY-CAL-WIN10.my-caldera.local,17,"Pipe Created:
RuleName: -
EventType: CreatePipe
UtcTime: 2024-08-20 00:52:20.489
ProcessGuid: {ca24abc9-dc4c-66c3-9501-000000001d00}
ProcessId: 8332
PipeName: <Anonymous Pipe>
Image: C:\Windows\System32\WindowsPowerShell\v1.0\powershell.exe
User: MY-CALDERA\johnny.douche"
518,MY-CAL-WIN10.my-caldera.local,17,"Pipe Created:
RuleName: -
EventType: CreatePipe
UtcTime: 2024-08-20 00:52:20.689
ProcessGuid: {ca24abc9-e8c4-66c3-8909-000000001d00}
ProcessId: 7464
PipeName: \PSHost.133685887404911191.7464.DefaultAppDomain.powershell
Image: C:\Windows\System32\WindowsPowerShell\v1.0\powershell.exe
User: MY-CALDERA\johnny.douche"
519,MY-CAL-WIN10.my-caldera.local,17,"Pipe Created:
RuleName: -
EventType: CreatePipe
UtcTime: 2024-08-20 00:52:34.916
ProcessGuid: {ca24abc9-e8d2-66c3-9c09-000000001d00}
ProcessId: 7696
PipeName: \PSHost.133685887545117487.7696.DefaultAppDomain.powershell
Image: C:\Windows\System32\WindowsPowerShell\v1.0\powershell.exe
User: MY-CALDERA\johnny.douche"
520,MY-CAL-WIN10.my-caldera.local,17,"Pipe Created:
RuleName: -
EventType: CreatePipe
UtcTime: 2024-08-20 00:52:43.204
ProcessGuid: {ca24abc9-e8db-66c3-a609-000000001d00}
ProcessId: 7536
PipeName: \PSHost.133685887630319617.7536.DefaultAppDomain.powershell
Image: C:\Windows\System32\WindowsPowerShell\v1.0\powershell.exe
User: MY-CALDERA\johnny.douche"
521,MY-CAL-WIN10.my-caldera.local,17,"Pipe Created:
RuleName: -
EventType: CreatePipe
UtcTime: 2024-08-20 00:30:08.214
ProcessGuid: {ca24abc9-e390-66c3-fd04-000000001d00}
ProcessId: 3320
PipeName: \PSHost.133685874080393822.3320.DefaultAppDomain.powershell
Image: C:\Windows\System32\WindowsPowerShell\v1.0\powershell.exe
User: MY-CALDERA\johnny.douche"
522,MY-CAL-WIN10.my-caldera.local,17,"Pipe Created:
RuleName: -
EventType: CreatePipe
UtcTime: 2024-08-20 00:30:08.832
ProcessGuid: {ca24abc9-e390-66c3-fe04-000000001d00}
ProcessId: 10976
PipeName: \PSHost.133685874086661157.10976.DefaultAppDomain.powershell
Image: C:\Windows\System32\WindowsPowerShell\v1.0\powershell.exe
User: MY-CALDERA\johnny.douche"
523,MY-CAL-WIN10.my-caldera.local,17,"Pipe Created:
RuleName: -
EventType: CreatePipe
UtcTime: 2024-08-20 00:30:19.715
ProcessGuid: {ca24abc9-e392-66c3-0305-000000001d00}
ProcessId: 6372
PipeName: <Anonymous Pipe>
Image: C:\Windows\system32\WindowsPowerShell\v1.0\powershell.exe
User: NT AUTHORITY\SYSTEM"
524,MY-CAL-WIN10.my-caldera.local,17,"Pipe Created:
RuleName: -
EventType: CreatePipe
UtcTime: 2024-08-20 00:30:19.771
ProcessGuid: {ca24abc9-e392-66c3-0305-000000001d00}
ProcessId: 6372
PipeName: <Anonymous Pipe>
Image: C:\Windows\system32\WindowsPowerShell\v1.0\powershell.exe
User: NT AUTHORITY\SYSTEM"
525,MY-CAL-WIN10.my-caldera.local,17,"Pipe Created:
RuleName: -
EventType: CreatePipe
UtcTime: 2024-08-20 00:30:19.473
ProcessGuid: {ca24abc9-e392-66c3-0305-000000001d00}
ProcessId: 6372
PipeName: <Anonymous Pipe>
Image: C:\Windows\system32\WindowsPowerShell\v1.0\powershell.exe
User: NT AUTHORITY\SYSTEM"
526,MY-CAL-WIN10.my-caldera.local,17,"Pipe Created:
RuleName: -
EventType: CreatePipe
UtcTime: 2024-08-20 00:30:19.663
ProcessGuid: {ca24abc9-e392-66c3-0305-000000001d00}
ProcessId: 6372
PipeName: <Anonymous Pipe>
Image: C:\Windows\system32\WindowsPowerShell\v1.0\powershell.exe
User: NT AUTHORITY\SYSTEM"
527,MY-CAL-WIN10.my-caldera.local,17,"Pipe Created:
RuleName: -
EventType: CreatePipe
UtcTime: 2024-08-20 00:30:28.699
ProcessGuid: {ca24abc9-e3a4-66c3-2905-000000001d00}
ProcessId: 7628
PipeName: \PSHost.133685874284905602.7628.DefaultAppDomain.powershell
Image: C:\Windows\System32\WindowsPowerShell\v1.0\powershell.exe
User: MY-CALDERA\johnny.douche"
528,MY-CAL-WIN10.my-caldera.local,17,"Pipe Created:
RuleName: -
EventType: CreatePipe
UtcTime: 2024-08-20 00:30:28.488
ProcessGuid: {ca24abc9-dc4c-66c3-9501-000000001d00}
ProcessId: 8332
PipeName: <Anonymous Pipe>
Image: C:\Windows\System32\WindowsPowerShell\v1.0\powershell.exe
User: MY-CALDERA\johnny.douche"
529,MY-CAL-WIN10.my-caldera.local,17,"Pipe Created:
RuleName: -
EventType: CreatePipe
UtcTime: 2024-08-20 00:30:28.488
ProcessGuid: {ca24abc9-dc4c-66c3-9501-000000001d00}
ProcessId: 8332
PipeName: <Anonymous Pipe>
Image: C:\Windows\System32\WindowsPowerShell\v1.0\powershell.exe
User: MY-CALDERA\johnny.douche"
530,MY-CAL-WIN10.my-caldera.local,17,"Pipe Created:
RuleName: -
EventType: CreatePipe
UtcTime: 2024-08-20 00:30:50.574
ProcessGuid: {ca24abc9-e392-66c3-0305-000000001d00}
ProcessId: 6372
PipeName: <Anonymous Pipe>
Image: C:\Windows\system32\WindowsPowerShell\v1.0\powershell.exe
User: NT AUTHORITY\SYSTEM"
531,MY-CAL-WIN10.my-caldera.local,17,"Pipe Created:
RuleName: -
EventType: CreatePipe
UtcTime: 2024-08-20 00:30:50.800
ProcessGuid: {ca24abc9-e392-66c3-0305-000000001d00}
ProcessId: 6372
PipeName: <Anonymous Pipe>
Image: C:\Windows\system32\WindowsPowerShell\v1.0\powershell.exe
User: NT AUTHORITY\SYSTEM"
532,MY-CAL-WIN10.my-caldera.local,17,"Pipe Created:
RuleName: -
EventType: CreatePipe
UtcTime: 2024-08-20 00:30:50.831
ProcessGuid: {ca24abc9-e392-66c3-0305-000000001d00}
ProcessId: 6372
PipeName: <Anonymous Pipe>
Image: C:\Windows\system32\WindowsPowerShell\v1.0\powershell.exe
User: NT AUTHORITY\SYSTEM"
533,MY-CAL-WIN10.my-caldera.local,17,"Pipe Created:
RuleName: -
EventType: CreatePipe
UtcTime: 2024-08-20 00:30:50.751
ProcessGuid: {ca24abc9-e392-66c3-0305-000000001d00}
ProcessId: 6372
PipeName: <Anonymous Pipe>
Image: C:\Windows\system32\WindowsPowerShell\v1.0\powershell.exe
User: NT AUTHORITY\SYSTEM"
534,MY-CAL-WIN10.my-caldera.local,17,"Pipe Created:
RuleName: -
EventType: CreatePipe
UtcTime: 2024-08-20 00:30:50.773
ProcessGuid: {ca24abc9-e3ba-66c3-6c05-000000001d00}
ProcessId: 8540
PipeName: \PSHost.133685874505962950.8540.DefaultAppDomain.powershell
Image: C:\Windows\System32\WindowsPowerShell\v1.0\powershell.exe
User: MY-CALDERA\johnny.douche"
535,MY-CAL-WIN10.my-caldera.local,17,"Pipe Created:
RuleName: -
EventType: CreatePipe
UtcTime: 2024-08-20 00:30:51.001
ProcessGuid: {ca24abc9-dc4c-66c3-9501-000000001d00}
ProcessId: 8332
PipeName: <Anonymous Pipe>
Image: C:\Windows\System32\WindowsPowerShell\v1.0\powershell.exe
User: MY-CALDERA\johnny.douche"
536,MY-CAL-WIN10.my-caldera.local,17,"Pipe Created:
RuleName: -
EventType: CreatePipe
UtcTime: 2024-08-20 00:30:51.002
ProcessGuid: {ca24abc9-dc4c-66c3-9501-000000001d00}
ProcessId: 8332
PipeName: <Anonymous Pipe>
Image: C:\Windows\System32\WindowsPowerShell\v1.0\powershell.exe
User: MY-CALDERA\johnny.douche"
537,MY-CAL-WIN10.my-caldera.local,17,"Pipe Created:
RuleName: -
EventType: CreatePipe
UtcTime: 2024-08-20 00:30:50.246
ProcessGuid: {ca24abc9-e3ba-66c3-6905-000000001d00}
ProcessId: 7764
PipeName: \PSHost.133685874500664060.7764.DefaultAppDomain.powershell
Image: C:\Windows\System32\WindowsPowerShell\v1.0\powershell.exe
User: MY-CALDERA\johnny.douche"
538,MY-CAL-WIN10.my-caldera.local,17,"Pipe Created:
RuleName: -
EventType: CreatePipe
UtcTime: 2024-08-20 00:30:51.215
ProcessGuid: {ca24abc9-e3bb-66c3-7105-000000001d00}
ProcessId: 2904
PipeName: \PSHost.133685874510033722.2904.DefaultAppDomain.powershell
Image: C:\Windows\System32\WindowsPowerShell\v1.0\powershell.exe
User: MY-CALDERA\johnny.douche"
539,MY-CAL-WIN10.my-caldera.local,17,"Pipe Created:
RuleName: -
EventType: CreatePipe
UtcTime: 2024-08-20 00:30:52.575
ProcessGuid: {ca24abc9-e3bc-66c3-7605-000000001d00}
ProcessId: 10480
PipeName: \PSHost.133685874523952404.10480.DefaultAppDomain.powershell
Image: C:\Windows\System32\WindowsPowerShell\v1.0\powershell.exe
User: MY-CALDERA\johnny.douche"
540,MY-CAL-WIN10.my-caldera.local,17,"Pipe Created:
RuleName: -
EventType: CreatePipe
UtcTime: 2024-08-20 00:30:52.782
ProcessGuid: {ca24abc9-e392-66c3-0305-000000001d00}
ProcessId: 6372
PipeName: <Anonymous Pipe>
Image: C:\Windows\system32\WindowsPowerShell\v1.0\powershell.exe
User: NT AUTHORITY\SYSTEM"
541,MY-CAL-WIN10.my-caldera.local,17,"Pipe Created:
RuleName: -
EventType: CreatePipe
UtcTime: 2024-08-20 00:30:52.912
ProcessGuid: {ca24abc9-e392-66c3-0305-000000001d00}
ProcessId: 6372
PipeName: <Anonymous Pipe>
Image: C:\Windows\system32\WindowsPowerShell\v1.0\powershell.exe
User: NT AUTHORITY\SYSTEM"
542,MY-CAL-WIN10.my-caldera.local,17,"Pipe Created:
RuleName: -
EventType: CreatePipe
UtcTime: 2024-08-20 00:30:52.944
ProcessGuid: {ca24abc9-e392-66c3-0305-000000001d00}
ProcessId: 6372
PipeName: <Anonymous Pipe>
Image: C:\Windows\system32\WindowsPowerShell\v1.0\powershell.exe
User: NT AUTHORITY\SYSTEM"
543,MY-CAL-WIN10.my-caldera.local,17,"Pipe Created:
RuleName: -
EventType: CreatePipe
UtcTime: 2024-08-20 00:30:52.978
ProcessGuid: {ca24abc9-e392-66c3-0305-000000001d00}
ProcessId: 6372
PipeName: <Anonymous Pipe>
Image: C:\Windows\system32\WindowsPowerShell\v1.0\powershell.exe
User: NT AUTHORITY\SYSTEM"
544,MY-CAL-WIN10.my-caldera.local,17,"Pipe Created:
RuleName: -
EventType: CreatePipe
UtcTime: 2024-08-20 00:30:52.715
ProcessGuid: {ca24abc9-e392-66c3-0305-000000001d00}
ProcessId: 6372
PipeName: <Anonymous Pipe>
Image: C:\Windows\system32\WindowsPowerShell\v1.0\powershell.exe
User: NT AUTHORITY\SYSTEM"
545,MY-CAL-WIN10.my-caldera.local,17,"Pipe Created:
RuleName: -
EventType: CreatePipe
UtcTime: 2024-08-20 00:30:52.746
ProcessGuid: {ca24abc9-e392-66c3-0305-000000001d00}
ProcessId: 6372
PipeName: <Anonymous Pipe>
Image: C:\Windows\system32\WindowsPowerShell\v1.0\powershell.exe
User: NT AUTHORITY\SYSTEM"
546,MY-CAL-WIN10.my-caldera.local,17,"Pipe Created:
RuleName: -
EventType: CreatePipe
UtcTime: 2024-08-20 00:30:53.123
ProcessGuid: {ca24abc9-e392-66c3-0305-000000001d00}
ProcessId: 6372
PipeName: <Anonymous Pipe>
Image: C:\Windows\system32\WindowsPowerShell\v1.0\powershell.exe
User: NT AUTHORITY\SYSTEM"
547,MY-CAL-WIN10.my-caldera.local,17,"Pipe Created:
RuleName: -
EventType: CreatePipe
UtcTime: 2024-08-20 00:30:53.138
ProcessGuid: {ca24abc9-e3bc-66c3-8005-000000001d00}
ProcessId: 3708
PipeName: \PSHost.133685874529591798.3708.DefaultAppDomain.powershell
Image: C:\Windows\System32\WindowsPowerShell\v1.0\powershell.exe
User: MY-CALDERA\johnny.douche"
548,MY-CAL-WIN10.my-caldera.local,17,"Pipe Created:
RuleName: -
EventType: CreatePipe
UtcTime: 2024-08-20 00:30:52.495
ProcessGuid: {ca24abc9-e392-66c3-0305-000000001d00}
ProcessId: 6372
PipeName: <Anonymous Pipe>
Image: C:\Windows\system32\WindowsPowerShell\v1.0\powershell.exe
User: NT AUTHORITY\SYSTEM"
549,MY-CAL-WIN10.my-caldera.local,17,"Pipe Created:
RuleName: -
EventType: CreatePipe
UtcTime: 2024-08-20 00:30:53.367
ProcessGuid: {ca24abc9-dc4c-66c3-9501-000000001d00}
ProcessId: 8332
PipeName: <Anonymous Pipe>
Image: C:\Windows\System32\WindowsPowerShell\v1.0\powershell.exe
User: MY-CALDERA\johnny.douche"
550,MY-CAL-WIN10.my-caldera.local,17,"Pipe Created:
RuleName: -
EventType: CreatePipe
UtcTime: 2024-08-20 00:30:53.367
ProcessGuid: {ca24abc9-dc4c-66c3-9501-000000001d00}
ProcessId: 8332
PipeName: <Anonymous Pipe>
Image: C:\Windows\System32\WindowsPowerShell\v1.0\powershell.exe
User: MY-CALDERA\johnny.douche"
551,MY-CAL-WIN10.my-caldera.local,17,"Pipe Created:
RuleName: -
EventType: CreatePipe
UtcTime: 2024-08-20 00:30:53.177
ProcessGuid: {ca24abc9-e392-66c3-0305-000000001d00}
ProcessId: 6372
PipeName: <Anonymous Pipe>
Image: C:\Windows\system32\WindowsPowerShell\v1.0\powershell.exe
User: NT AUTHORITY\SYSTEM"
552,MY-CAL-WIN10.my-caldera.local,17,"Pipe Created:
RuleName: -
EventType: CreatePipe
UtcTime: 2024-08-20 00:30:53.012
ProcessGuid: {ca24abc9-e392-66c3-0305-000000001d00}
ProcessId: 6372
PipeName: <Anonymous Pipe>
Image: C:\Windows\system32\WindowsPowerShell\v1.0\powershell.exe
User: NT AUTHORITY\SYSTEM"
553,MY-CAL-WIN10.my-caldera.local,17,"Pipe Created:
RuleName: -
EventType: CreatePipe
UtcTime: 2024-08-20 00:30:53.509
ProcessGuid: {ca24abc9-e392-66c3-0305-000000001d00}
ProcessId: 6372
PipeName: <Anonymous Pipe>
Image: C:\Windows\system32\WindowsPowerShell\v1.0\powershell.exe
User: NT AUTHORITY\SYSTEM"
554,MY-CAL-WIN10.my-caldera.local,17,"Pipe Created:
RuleName: -
EventType: CreatePipe
UtcTime: 2024-08-20 00:30:53.541
ProcessGuid: {ca24abc9-e392-66c3-0305-000000001d00}
ProcessId: 6372
PipeName: <Anonymous Pipe>
Image: C:\Windows\system32\WindowsPowerShell\v1.0\powershell.exe
User: NT AUTHORITY\SYSTEM"
555,MY-CAL-WIN10.my-caldera.local,17,"Pipe Created:
RuleName: -
EventType: CreatePipe
UtcTime: 2024-08-20 00:30:53.593
ProcessGuid: {ca24abc9-e3bd-66c3-8c05-000000001d00}
ProcessId: 9248
PipeName: \PSHost.133685874533695166.9248.DefaultAppDomain.powershell
Image: C:\Windows\System32\WindowsPowerShell\v1.0\powershell.exe
User: MY-CALDERA\johnny.douche"
556,MY-CAL-WIN10.my-caldera.local,17,"Pipe Created:
RuleName: -
EventType: CreatePipe
UtcTime: 2024-08-20 00:30:53.630
ProcessGuid: {ca24abc9-e392-66c3-0305-000000001d00}
ProcessId: 6372
PipeName: <Anonymous Pipe>
Image: C:\Windows\system32\WindowsPowerShell\v1.0\powershell.exe
User: NT AUTHORITY\SYSTEM"
557,MY-CAL-WIN10.my-caldera.local,17,"Pipe Created:
RuleName: -
EventType: CreatePipe
UtcTime: 2024-08-20 00:30:53.701
ProcessGuid: {ca24abc9-e392-66c3-0305-000000001d00}
ProcessId: 6372
PipeName: <Anonymous Pipe>
Image: C:\Windows\system32\WindowsPowerShell\v1.0\powershell.exe
User: NT AUTHORITY\SYSTEM"
558,MY-CAL-WIN10.my-caldera.local,17,"Pipe Created:
RuleName: -
EventType: CreatePipe
UtcTime: 2024-08-20 00:30:53.778
ProcessGuid: {ca24abc9-e392-66c3-0305-000000001d00}
ProcessId: 6372
PipeName: <Anonymous Pipe>
Image: C:\Windows\system32\WindowsPowerShell\v1.0\powershell.exe
User: NT AUTHORITY\SYSTEM"
559,MY-CAL-WIN10.my-caldera.local,17,"Pipe Created:
RuleName: -
EventType: CreatePipe
UtcTime: 2024-08-20 00:30:53.227
ProcessGuid: {ca24abc9-e392-66c3-0305-000000001d00}
ProcessId: 6372
PipeName: <Anonymous Pipe>
Image: C:\Windows\system32\WindowsPowerShell\v1.0\powershell.exe
User: NT AUTHORITY\SYSTEM"
560,MY-CAL-WIN10.my-caldera.local,17,"Pipe Created:
RuleName: -
EventType: CreatePipe
UtcTime: 2024-08-20 00:30:53.066
ProcessGuid: {ca24abc9-e392-66c3-0305-000000001d00}
ProcessId: 6372
PipeName: <Anonymous Pipe>
Image: C:\Windows\system32\WindowsPowerShell\v1.0\powershell.exe
User: NT AUTHORITY\SYSTEM"
561,MY-CAL-WIN10.my-caldera.local,17,"Pipe Created:
RuleName: -
EventType: CreatePipe
UtcTime: 2024-08-20 00:30:53.260
ProcessGuid: {ca24abc9-e392-66c3-0305-000000001d00}
ProcessId: 6372
PipeName: <Anonymous Pipe>
Image: C:\Windows\system32\WindowsPowerShell\v1.0\powershell.exe
User: NT AUTHORITY\SYSTEM"
562,MY-CAL-WIN10.my-caldera.local,17,"Pipe Created:
RuleName: -
EventType: CreatePipe
UtcTime: 2024-08-20 00:31:01.165
ProcessGuid: {ca24abc9-e392-66c3-0305-000000001d00}
ProcessId: 6372
PipeName: <Anonymous Pipe>
Image: C:\Windows\system32\WindowsPowerShell\v1.0\powershell.exe
User: NT AUTHORITY\SYSTEM"
563,MY-CAL-WIN10.my-caldera.local,17,"Pipe Created:
RuleName: -
EventType: CreatePipe
UtcTime: 2024-08-20 00:31:01.201
ProcessGuid: {ca24abc9-e392-66c3-0305-000000001d00}
ProcessId: 6372
PipeName: <Anonymous Pipe>
Image: C:\Windows\system32\WindowsPowerShell\v1.0\powershell.exe
User: NT AUTHORITY\SYSTEM"
564,MY-CAL-WIN10.my-caldera.local,17,"Pipe Created:
RuleName: -
EventType: CreatePipe
UtcTime: 2024-08-20 00:31:01.133
ProcessGuid: {ca24abc9-e392-66c3-0305-000000001d00}
ProcessId: 6372
PipeName: <Anonymous Pipe>
Image: C:\Windows\system32\WindowsPowerShell\v1.0\powershell.exe
User: NT AUTHORITY\SYSTEM"
565,MY-CAL-WIN10.my-caldera.local,17,"Pipe Created:
RuleName: -
EventType: CreatePipe
UtcTime: 2024-08-20 00:31:02.133
ProcessGuid: {ca24abc9-e392-66c3-0305-000000001d00}
ProcessId: 6372
PipeName: <Anonymous Pipe>
Image: C:\Windows\system32\WindowsPowerShell\v1.0\powershell.exe
User: NT AUTHORITY\SYSTEM"
566,MY-CAL-WIN10.my-caldera.local,17,"Pipe Created:
RuleName: -
EventType: CreatePipe
UtcTime: 2024-08-20 00:31:02.168
ProcessGuid: {ca24abc9-e392-66c3-0305-000000001d00}
ProcessId: 6372
PipeName: <Anonymous Pipe>
Image: C:\Windows\system32\WindowsPowerShell\v1.0\powershell.exe
User: NT AUTHORITY\SYSTEM"
567,MY-CAL-WIN10.my-caldera.local,17,"Pipe Created:
RuleName: -
EventType: CreatePipe
UtcTime: 2024-08-20 00:31:01.880
ProcessGuid: {ca24abc9-e392-66c3-0305-000000001d00}
ProcessId: 6372
PipeName: <Anonymous Pipe>
Image: C:\Windows\system32\WindowsPowerShell\v1.0\powershell.exe
User: NT AUTHORITY\SYSTEM"
568,MY-CAL-WIN10.my-caldera.local,17,"Pipe Created:
RuleName: -
EventType: CreatePipe
UtcTime: 2024-08-20 00:31:02.201
ProcessGuid: {ca24abc9-e392-66c3-0305-000000001d00}
ProcessId: 6372
PipeName: <Anonymous Pipe>
Image: C:\Windows\system32\WindowsPowerShell\v1.0\powershell.exe
User: NT AUTHORITY\SYSTEM"
569,MY-CAL-WIN10.my-caldera.local,17,"Pipe Created:
RuleName: -
EventType: CreatePipe
UtcTime: 2024-08-20 00:31:02.235
ProcessGuid: {ca24abc9-e392-66c3-0305-000000001d00}
ProcessId: 6372
PipeName: <Anonymous Pipe>
Image: C:\Windows\system32\WindowsPowerShell\v1.0\powershell.exe
User: NT AUTHORITY\SYSTEM"
570,MY-CAL-WIN10.my-caldera.local,17,"Pipe Created:
RuleName: -
EventType: CreatePipe
UtcTime: 2024-08-20 00:31:02.268
ProcessGuid: {ca24abc9-e392-66c3-0305-000000001d00}
ProcessId: 6372
PipeName: <Anonymous Pipe>
Image: C:\Windows\system32\WindowsPowerShell\v1.0\powershell.exe
User: NT AUTHORITY\SYSTEM"
571,MY-CAL-WIN10.my-caldera.local,17,"Pipe Created:
RuleName: -
EventType: CreatePipe
UtcTime: 2024-08-20 00:31:02.489
ProcessGuid: {ca24abc9-e392-66c3-0305-000000001d00}
ProcessId: 6372
PipeName: <Anonymous Pipe>
Image: C:\Windows\system32\WindowsPowerShell\v1.0\powershell.exe
User: NT AUTHORITY\SYSTEM"
572,MY-CAL-WIN10.my-caldera.local,17,"Pipe Created:
RuleName: -
EventType: CreatePipe
UtcTime: 2024-08-20 00:31:02.518
ProcessGuid: {ca24abc9-e392-66c3-0305-000000001d00}
ProcessId: 6372
PipeName: <Anonymous Pipe>
Image: C:\Windows\system32\WindowsPowerShell\v1.0\powershell.exe
User: NT AUTHORITY\SYSTEM"
573,MY-CAL-WIN10.my-caldera.local,17,"Pipe Created:
RuleName: -
EventType: CreatePipe
UtcTime: 2024-08-20 00:31:02.546
ProcessGuid: {ca24abc9-e392-66c3-0305-000000001d00}
ProcessId: 6372
PipeName: <Anonymous Pipe>
Image: C:\Windows\system32\WindowsPowerShell\v1.0\powershell.exe
User: NT AUTHORITY\SYSTEM"
574,MY-CAL-WIN10.my-caldera.local,17,"Pipe Created:
RuleName: -
EventType: CreatePipe
UtcTime: 2024-08-20 00:31:02.010
ProcessGuid: {ca24abc9-e392-66c3-0305-000000001d00}
ProcessId: 6372
PipeName: <Anonymous Pipe>
Image: C:\Windows\system32\WindowsPowerShell\v1.0\powershell.exe
User: NT AUTHORITY\SYSTEM"
575,MY-CAL-WIN10.my-caldera.local,17,"Pipe Created:
RuleName: -
EventType: CreatePipe
UtcTime: 2024-08-20 00:31:01.237
ProcessGuid: {ca24abc9-e392-66c3-0305-000000001d00}
ProcessId: 6372
PipeName: <Anonymous Pipe>
Image: C:\Windows\system32\WindowsPowerShell\v1.0\powershell.exe
User: NT AUTHORITY\SYSTEM"
576,MY-CAL-WIN10.my-caldera.local,17,"Pipe Created:
RuleName: -
EventType: CreatePipe
UtcTime: 2024-08-20 00:31:02.576
ProcessGuid: {ca24abc9-e392-66c3-0305-000000001d00}
ProcessId: 6372
PipeName: <Anonymous Pipe>
Image: C:\Windows\system32\WindowsPowerShell\v1.0\powershell.exe
User: NT AUTHORITY\SYSTEM"
577,MY-CAL-WIN10.my-caldera.local,17,"Pipe Created:
RuleName: -
EventType: CreatePipe
UtcTime: 2024-08-20 00:31:01.914
ProcessGuid: {ca24abc9-e392-66c3-0305-000000001d00}
ProcessId: 6372
PipeName: <Anonymous Pipe>
Image: C:\Windows\system32\WindowsPowerShell\v1.0\powershell.exe
User: NT AUTHORITY\SYSTEM"
578,MY-CAL-WIN10.my-caldera.local,17,"Pipe Created:
RuleName: -
EventType: CreatePipe
UtcTime: 2024-08-20 00:31:01.947
ProcessGuid: {ca24abc9-e392-66c3-0305-000000001d00}
ProcessId: 6372
PipeName: <Anonymous Pipe>
Image: C:\Windows\system32\WindowsPowerShell\v1.0\powershell.exe
User: NT AUTHORITY\SYSTEM"
579,MY-CAL-WIN10.my-caldera.local,17,"Pipe Created:
RuleName: -
EventType: CreatePipe
UtcTime: 2024-08-20 00:31:01.978
ProcessGuid: {ca24abc9-e392-66c3-0305-000000001d00}
ProcessId: 6372
PipeName: <Anonymous Pipe>
Image: C:\Windows\system32\WindowsPowerShell\v1.0\powershell.exe
User: NT AUTHORITY\SYSTEM"
580,MY-CAL-WIN10.my-caldera.local,17,"Pipe Created:
RuleName: -
EventType: CreatePipe
UtcTime: 2024-08-20 00:31:02.040
ProcessGuid: {ca24abc9-e392-66c3-0305-000000001d00}
ProcessId: 6372
PipeName: <Anonymous Pipe>
Image: C:\Windows\system32\WindowsPowerShell\v1.0\powershell.exe
User: NT AUTHORITY\SYSTEM"
581,MY-CAL-WIN10.my-caldera.local,17,"Pipe Created:
RuleName: -
EventType: CreatePipe
UtcTime: 2024-08-20 00:31:02.070
ProcessGuid: {ca24abc9-e392-66c3-0305-000000001d00}
ProcessId: 6372
PipeName: <Anonymous Pipe>
Image: C:\Windows\system32\WindowsPowerShell\v1.0\powershell.exe
User: NT AUTHORITY\SYSTEM"
582,MY-CAL-WIN10.my-caldera.local,17,"Pipe Created:
RuleName: -
EventType: CreatePipe
UtcTime: 2024-08-20 00:31:02.101
ProcessGuid: {ca24abc9-e392-66c3-0305-000000001d00}
ProcessId: 6372
PipeName: <Anonymous Pipe>
Image: C:\Windows\system32\WindowsPowerShell\v1.0\powershell.exe
User: NT AUTHORITY\SYSTEM"
583,MY-CAL-WIN10.my-caldera.local,17,"Pipe Created:
RuleName: -
EventType: CreatePipe
UtcTime: 2024-08-20 00:31:02.335
ProcessGuid: {ca24abc9-e392-66c3-0305-000000001d00}
ProcessId: 6372
PipeName: <Anonymous Pipe>
Image: C:\Windows\system32\WindowsPowerShell\v1.0\powershell.exe
User: NT AUTHORITY\SYSTEM"
584,MY-CAL-WIN10.my-caldera.local,17,"Pipe Created:
RuleName: -
EventType: CreatePipe
UtcTime: 2024-08-20 00:31:02.302
ProcessGuid: {ca24abc9-e392-66c3-0305-000000001d00}
ProcessId: 6372
PipeName: <Anonymous Pipe>
Image: C:\Windows\system32\WindowsPowerShell\v1.0\powershell.exe
User: NT AUTHORITY\SYSTEM"
585,MY-CAL-WIN10.my-caldera.local,17,"Pipe Created:
RuleName: -
EventType: CreatePipe
UtcTime: 2024-08-20 00:31:01.813
ProcessGuid: {ca24abc9-e392-66c3-0305-000000001d00}
ProcessId: 6372
PipeName: <Anonymous Pipe>
Image: C:\Windows\system32\WindowsPowerShell\v1.0\powershell.exe
User: NT AUTHORITY\SYSTEM"
586,MY-CAL-WIN10.my-caldera.local,17,"Pipe Created:
RuleName: -
EventType: CreatePipe
UtcTime: 2024-08-20 00:31:02.638
ProcessGuid: {ca24abc9-e392-66c3-0305-000000001d00}
ProcessId: 6372
PipeName: <Anonymous Pipe>
Image: C:\Windows\system32\WindowsPowerShell\v1.0\powershell.exe
User: NT AUTHORITY\SYSTEM"
587,MY-CAL-WIN10.my-caldera.local,17,"Pipe Created:
RuleName: -
EventType: CreatePipe
UtcTime: 2024-08-20 00:31:02.671
ProcessGuid: {ca24abc9-e392-66c3-0305-000000001d00}
ProcessId: 6372
PipeName: <Anonymous Pipe>
Image: C:\Windows\system32\WindowsPowerShell\v1.0\powershell.exe
User: NT AUTHORITY\SYSTEM"
588,MY-CAL-WIN10.my-caldera.local,17,"Pipe Created:
RuleName: -
EventType: CreatePipe
UtcTime: 2024-08-20 00:31:02.367
ProcessGuid: {ca24abc9-e392-66c3-0305-000000001d00}
ProcessId: 6372
PipeName: <Anonymous Pipe>
Image: C:\Windows\system32\WindowsPowerShell\v1.0\powershell.exe
User: NT AUTHORITY\SYSTEM"
589,MY-CAL-WIN10.my-caldera.local,17,"Pipe Created:
RuleName: -
EventType: CreatePipe
UtcTime: 2024-08-20 00:31:02.605
ProcessGuid: {ca24abc9-e392-66c3-0305-000000001d00}
ProcessId: 6372
PipeName: <Anonymous Pipe>
Image: C:\Windows\system32\WindowsPowerShell\v1.0\powershell.exe
User: NT AUTHORITY\SYSTEM"
590,MY-CAL-WIN10.my-caldera.local,17,"Pipe Created:
RuleName: -
EventType: CreatePipe
UtcTime: 2024-08-20 00:31:01.847
ProcessGuid: {ca24abc9-e392-66c3-0305-000000001d00}
ProcessId: 6372
PipeName: <Anonymous Pipe>
Image: C:\Windows\system32\WindowsPowerShell\v1.0\powershell.exe
User: NT AUTHORITY\SYSTEM"
591,MY-CAL-WIN10.my-caldera.local,17,"Pipe Created:
RuleName: -
EventType: CreatePipe
UtcTime: 2024-08-20 00:31:02.397
ProcessGuid: {ca24abc9-e392-66c3-0305-000000001d00}
ProcessId: 6372
PipeName: <Anonymous Pipe>
Image: C:\Windows\system32\WindowsPowerShell\v1.0\powershell.exe
User: NT AUTHORITY\SYSTEM"
592,MY-CAL-WIN10.my-caldera.local,17,"Pipe Created:
RuleName: -
EventType: CreatePipe
UtcTime: 2024-08-20 00:31:02.428
ProcessGuid: {ca24abc9-e392-66c3-0305-000000001d00}
ProcessId: 6372
PipeName: <Anonymous Pipe>
Image: C:\Windows\system32\WindowsPowerShell\v1.0\powershell.exe
User: NT AUTHORITY\SYSTEM"
593,MY-CAL-WIN10.my-caldera.local,17,"Pipe Created:
RuleName: -
EventType: CreatePipe
UtcTime: 2024-08-20 00:31:02.459
ProcessGuid: {ca24abc9-e392-66c3-0305-000000001d00}
ProcessId: 6372
PipeName: <Anonymous Pipe>
Image: C:\Windows\system32\WindowsPowerShell\v1.0\powershell.exe
User: NT AUTHORITY\SYSTEM"
594,MY-CAL-WIN10.my-caldera.local,17,"Pipe Created:
RuleName: -
EventType: CreatePipe
UtcTime: 2024-08-20 00:31:12.804
ProcessGuid: {ca24abc9-e3d0-66c3-eb05-000000001d00}
ProcessId: 9796
PipeName: \PSHost.133685874726293614.9796.DefaultAppDomain.powershell
Image: C:\Windows\System32\WindowsPowerShell\v1.0\powershell.exe
User: MY-CALDERA\johnny.douche"
595,MY-CAL-WIN10.my-caldera.local,17,"Pipe Created:
RuleName: -
EventType: CreatePipe
UtcTime: 2024-08-20 00:31:19.721
ProcessGuid: {ca24abc9-e3d6-66c3-ee05-000000001d00}
ProcessId: 4728
PipeName: \PSHost.133685874783124592.4728.DefaultAppDomain.powershell
Image: C:\Windows\System32\WindowsPowerShell\v1.0\powershell.exe
User: MY-CALDERA\johnny.douche"
596,MY-CAL-WIN10.my-caldera.local,17,"Pipe Created:
RuleName: -
EventType: CreatePipe
UtcTime: 2024-08-20 00:31:23.233
ProcessGuid: {ca24abc9-e3db-66c3-f205-000000001d00}
ProcessId: 3352
PipeName: \PSHost.133685874830513238.3352.DefaultAppDomain.powershell
Image: C:\Windows\System32\WindowsPowerShell\v1.0\powershell.exe
User: MY-CALDERA\johnny.douche"
597,MY-CAL-WIN10.my-caldera.local,17,"Pipe Created:
RuleName: -
EventType: CreatePipe
UtcTime: 2024-08-20 00:31:28.184
ProcessGuid: {ca24abc9-e392-66c3-0305-000000001d00}
ProcessId: 6372
PipeName: <Anonymous Pipe>
Image: C:\Windows\system32\WindowsPowerShell\v1.0\powershell.exe
User: NT AUTHORITY\SYSTEM"
598,MY-CAL-WIN10.my-caldera.local,17,"Pipe Created:
RuleName: -
EventType: CreatePipe
UtcTime: 2024-08-20 00:31:28.220
ProcessGuid: {ca24abc9-e392-66c3-0305-000000001d00}
ProcessId: 6372
PipeName: <Anonymous Pipe>
Image: C:\Windows\system32\WindowsPowerShell\v1.0\powershell.exe
User: NT AUTHORITY\SYSTEM"
599,MY-CAL-WIN10.my-caldera.local,17,"Pipe Created:
RuleName: -
EventType: CreatePipe
UtcTime: 2024-08-20 00:31:28.256
ProcessGuid: {ca24abc9-e392-66c3-0305-000000001d00}
ProcessId: 6372
PipeName: <Anonymous Pipe>
Image: C:\Windows\system32\WindowsPowerShell\v1.0\powershell.exe
User: NT AUTHORITY\SYSTEM"
600,MY-CAL-WIN10.my-caldera.local,17,"Pipe Created:
RuleName: -
EventType: CreatePipe
UtcTime: 2024-08-20 00:31:28.351
ProcessGuid: {ca24abc9-e392-66c3-0305-000000001d00}
ProcessId: 6372
PipeName: <Anonymous Pipe>
Image: C:\Windows\system32\WindowsPowerShell\v1.0\powershell.exe
User: NT AUTHORITY\SYSTEM"
601,MY-CAL-WIN10.my-caldera.local,17,"Pipe Created:
RuleName: -
EventType: CreatePipe
UtcTime: 2024-08-20 00:31:28.287
ProcessGuid: {ca24abc9-e392-66c3-0305-000000001d00}
ProcessId: 6372
PipeName: <Anonymous Pipe>
Image: C:\Windows\system32\WindowsPowerShell\v1.0\powershell.exe
User: NT AUTHORITY\SYSTEM"
602,MY-CAL-WIN10.my-caldera.local,17,"Pipe Created:
RuleName: -
EventType: CreatePipe
UtcTime: 2024-08-20 00:31:28.320
ProcessGuid: {ca24abc9-e392-66c3-0305-000000001d00}
ProcessId: 6372
PipeName: <Anonymous Pipe>
Image: C:\Windows\system32\WindowsPowerShell\v1.0\powershell.exe
User: NT AUTHORITY\SYSTEM"
603,MY-CAL-WIN10.my-caldera.local,17,"Pipe Created:
RuleName: -
EventType: CreatePipe
UtcTime: 2024-08-20 00:31:36.635
ProcessGuid: {ca24abc9-e3e8-66c3-3c06-000000001d00}
ProcessId: 2904
PipeName: \PSHost.133685874964700766.2904.DefaultAppDomain.powershell
Image: C:\Windows\System32\WindowsPowerShell\v1.0\powershell.exe
User: MY-CALDERA\johnny.douche"
604,MY-CAL-WIN10.my-caldera.local,17,"Pipe Created:
