MY-CAL-WIN10.my-caldera.local,11,"File created:
RuleName: DO
UtcTime: 2024-08-20 00:14:56.024
ProcessGuid: {ca24abc9-dffc-66c3-ef02-000000001d00}
ProcessId: 11020
Image: C:\Program Files (x86)\Microsoft Office\Root\Office16\WINWORD.EXE
TargetFilename: C:\Users\johnny.douche\AppData\Local\Microsoft\Office\16.0\winword.exe_Rules\rule170143v0.xml
CreationUtcTime: 2024-08-20 00:14:56.024
User: MY-CALDERA\johnny.douche"
MY-CAL-WIN10.my-caldera.local,11,"File created:
RuleName: DO
UtcTime: 2024-08-20 00:14:56.026
ProcessGuid: {ca24abc9-dffc-66c3-ef02-000000001d00}
ProcessId: 11020
Image: C:\Program Files (x86)\Microsoft Office\Root\Office16\WINWORD.EXE
TargetFilename: C:\Users\johnny.douche\AppData\Local\Microsoft\Office\16.0\winword.exe_Rules\rule180063v1.xml
CreationUtcTime: 2024-08-20 00:14:56.026
User: MY-CALDERA\johnny.douche"
MY-CAL-WIN10.my-caldera.local,11,"File created:
RuleName: DO
UtcTime: 2024-08-20 00:14:56.029
ProcessGuid: {ca24abc9-dffc-66c3-ef02-000000001d00}
ProcessId: 11020
Image: C:\Program Files (x86)\Microsoft Office\Root\Office16\WINWORD.EXE
TargetFilename: C:\Users\johnny.douche\AppData\Local\Microsoft\Office\16.0\winword.exe_Rules\rule180064v1.xml
CreationUtcTime: 2024-08-20 00:14:56.028
User: MY-CALDERA\johnny.douche"
MY-CAL-WIN10.my-caldera.local,11,"File created:
RuleName: DO
UtcTime: 2024-08-20 00:14:56.032
ProcessGuid: {ca24abc9-dffc-66c3-ef02-000000001d00}
ProcessId: 11020
Image: C:\Program Files (x86)\Microsoft Office\Root\Office16\WINWORD.EXE
TargetFilename: C:\Users\johnny.douche\AppData\Local\Microsoft\Office\16.0\winword.exe_Rules\rule180178v0.xml
CreationUtcTime: 2024-08-20 00:14:56.031
User: MY-CALDERA\johnny.douche"
MY-CAL-WIN10.my-caldera.local,11,"File created:
RuleName: DO
UtcTime: 2024-08-20 00:14:56.033
ProcessGuid: {ca24abc9-dffc-66c3-ef02-000000001d00}
ProcessId: 11020
Image: C:\Program Files (x86)\Microsoft Office\Root\Office16\WINWORD.EXE
TargetFilename: C:\Users\johnny.douche\AppData\Local\Microsoft\Office\16.0\winword.exe_Rules\rule220004v0.xml
CreationUtcTime: 2024-08-20 00:14:56.033
User: MY-CALDERA\johnny.douche"
MY-CAL-WIN10.my-caldera.local,11,"File created:
RuleName: DO
UtcTime: 2024-08-20 00:14:56.034
ProcessGuid: {ca24abc9-dffc-66c3-ef02-000000001d00}
ProcessId: 11020
Image: C:\Program Files (x86)\Microsoft Office\Root\Office16\WINWORD.EXE
TargetFilename: C:\Users\johnny.douche\AppData\Local\Microsoft\Office\16.0\winword.exe_Rules\rule220035v0.xml
CreationUtcTime: 2024-08-20 00:14:56.034
User: MY-CALDERA\johnny.douche"
MY-CAL-WIN10.my-caldera.local,11,"File created:
RuleName: DO
UtcTime: 2024-08-20 00:14:56.035
ProcessGuid: {ca24abc9-dffc-66c3-ef02-000000001d00}
ProcessId: 11020
Image: C:\Program Files (x86)\Microsoft Office\Root\Office16\WINWORD.EXE
TargetFilename: C:\Users\johnny.douche\AppData\Local\Microsoft\Office\16.0\winword.exe_Rules\rule220036v0.xml
CreationUtcTime: 2024-08-20 00:14:56.035
User: MY-CALDERA\johnny.douche"
MY-CAL-WIN10.my-caldera.local,11,"File created:
RuleName: DO
UtcTime: 2024-08-20 00:14:56.037
ProcessGuid: {ca24abc9-dffc-66c3-ef02-000000001d00}
ProcessId: 11020
Image: C:\Program Files (x86)\Microsoft Office\Root\Office16\WINWORD.EXE
TargetFilename: C:\Users\johnny.douche\AppData\Local\Microsoft\Office\16.0\winword.exe_Rules\rule222015v6.xml
CreationUtcTime: 2024-08-20 00:14:56.037
User: MY-CALDERA\johnny.douche"
MY-CAL-WIN10.my-caldera.local,11,"File created:
RuleName: DO
UtcTime: 2024-08-20 00:14:56.039
ProcessGuid: {ca24abc9-dffc-66c3-ef02-000000001d00}
ProcessId: 11020
Image: C:\Program Files (x86)\Microsoft Office\Root\Office16\WINWORD.EXE
TargetFilename: C:\Users\johnny.douche\AppData\Local\Microsoft\Office\16.0\winword.exe_Rules\rule222042v0.xml
CreationUtcTime: 2024-08-20 00:14:56.039
User: MY-CALDERA\johnny.douche"
MY-CAL-WIN10.my-caldera.local,11,"File created:
RuleName: DO
UtcTime: 2024-08-20 00:14:56.040
ProcessGuid: {ca24abc9-dffc-66c3-ef02-000000001d00}
ProcessId: 11020
Image: C:\Program Files (x86)\Microsoft Office\Root\Office16\WINWORD.EXE
TargetFilename: C:\Users\johnny.douche\AppData\Local\Microsoft\Office\16.0\winword.exe_Rules\rule222043v0.xml
CreationUtcTime: 2024-08-20 00:14:56.040
User: MY-CALDERA\johnny.douche"
MY-CAL-WIN10.my-caldera.local,11,"File created:
RuleName: DO
UtcTime: 2024-08-20 00:14:56.041
ProcessGuid: {ca24abc9-dffc-66c3-ef02-000000001d00}
ProcessId: 11020
Image: C:\Program Files (x86)\Microsoft Office\Root\Office16\WINWORD.EXE
TargetFilename: C:\Users\johnny.douche\AppData\Local\Microsoft\Office\16.0\winword.exe_Rules\rule222049v1.xml
CreationUtcTime: 2024-08-20 00:14:56.041
User: MY-CALDERA\johnny.douche"
MY-CAL-WIN10.my-caldera.local,11,"File created:
RuleName: DO
UtcTime: 2024-08-20 00:14:56.043
ProcessGuid: {ca24abc9-dffc-66c3-ef02-000000001d00}
ProcessId: 11020
Image: C:\Program Files (x86)\Microsoft Office\Root\Office16\WINWORD.EXE
TargetFilename: C:\Users\johnny.douche\AppData\Local\Microsoft\Office\16.0\winword.exe_Rules\rule222100v7.xml
CreationUtcTime: 2024-08-20 00:14:56.043
User: MY-CALDERA\johnny.douche"
MY-CAL-WIN10.my-caldera.local,11,"File created:
RuleName: DO
UtcTime: 2024-08-20 00:14:56.045
ProcessGuid: {ca24abc9-dffc-66c3-ef02-000000001d00}
ProcessId: 11020
Image: C:\Program Files (x86)\Microsoft Office\Root\Office16\WINWORD.EXE
TargetFilename: C:\Users\johnny.douche\AppData\Local\Microsoft\Office\16.0\winword.exe_Rules\rule222101v3.xml
CreationUtcTime: 2024-08-20 00:14:56.044
User: MY-CALDERA\johnny.douche"
MY-CAL-WIN10.my-caldera.local,11,"File created:
RuleName: DO
UtcTime: 2024-08-20 00:14:56.046
ProcessGuid: {ca24abc9-dffc-66c3-ef02-000000001d00}
ProcessId: 11020
Image: C:\Program Files (x86)\Microsoft Office\Root\Office16\WINWORD.EXE
TargetFilename: C:\Users\johnny.douche\AppData\Local\Microsoft\Office\16.0\winword.exe_Rules\rule222102v1.xml
CreationUtcTime: 2024-08-20 00:14:56.046
User: MY-CALDERA\johnny.douche"
MY-CAL-WIN10.my-caldera.local,11,"File created:
RuleName: DO
UtcTime: 2024-08-20 00:14:56.048
ProcessGuid: {ca24abc9-dffc-66c3-ef02-000000001d00}
ProcessId: 11020
Image: C:\Program Files (x86)\Microsoft Office\Root\Office16\WINWORD.EXE
TargetFilename: C:\Users\johnny.douche\AppData\Local\Microsoft\Office\16.0\winword.exe_Rules\rule222200v5.xml
CreationUtcTime: 2024-08-20 00:14:56.048
User: MY-CALDERA\johnny.douche"
MY-CAL-WIN10.my-caldera.local,11,"File created:
RuleName: DO
UtcTime: 2024-08-20 00:14:56.050
ProcessGuid: {ca24abc9-dffc-66c3-ef02-000000001d00}
ProcessId: 11020
Image: C:\Program Files (x86)\Microsoft Office\Root\Office16\WINWORD.EXE
TargetFilename: C:\Users\johnny.douche\AppData\Local\Microsoft\Office\16.0\winword.exe_Rules\rule224008v0.xml
CreationUtcTime: 2024-08-20 00:14:56.050
User: MY-CALDERA\johnny.douche"
MY-CAL-WIN10.my-caldera.local,11,"File created:
RuleName: DO
UtcTime: 2024-08-20 00:14:56.052
ProcessGuid: {ca24abc9-dffc-66c3-ef02-000000001d00}
ProcessId: 11020
Image: C:\Program Files (x86)\Microsoft Office\Root\Office16\WINWORD.EXE
TargetFilename: C:\Users\johnny.douche\AppData\Local\Microsoft\Office\16.0\winword.exe_Rules\rule224010v0.xml
CreationUtcTime: 2024-08-20 00:14:56.052
User: MY-CALDERA\johnny.douche"
MY-CAL-WIN10.my-caldera.local,11,"File created:
RuleName: DO
UtcTime: 2024-08-20 00:14:56.053
ProcessGuid: {ca24abc9-dffc-66c3-ef02-000000001d00}
ProcessId: 11020
Image: C:\Program Files (x86)\Microsoft Office\Root\Office16\WINWORD.EXE
TargetFilename: C:\Users\johnny.douche\AppData\Local\Microsoft\Office\16.0\winword.exe_Rules\rule224011v0.xml
CreationUtcTime: 2024-08-20 00:14:56.053
User: MY-CALDERA\johnny.douche"
MY-CAL-WIN10.my-caldera.local,11,"File created:
RuleName: DO
UtcTime: 2024-08-20 00:14:56.055
ProcessGuid: {ca24abc9-dffc-66c3-ef02-000000001d00}
ProcessId: 11020
Image: C:\Program Files (x86)\Microsoft Office\Root\Office16\WINWORD.EXE
TargetFilename: C:\Users\johnny.douche\AppData\Local\Microsoft\Office\16.0\winword.exe_Rules\rule224012v0.xml
CreationUtcTime: 2024-08-20 00:14:56.055
User: MY-CALDERA\johnny.douche"
MY-CAL-WIN10.my-caldera.local,11,"File created:
RuleName: DO
UtcTime: 2024-08-20 00:14:56.057
ProcessGuid: {ca24abc9-dffc-66c3-ef02-000000001d00}
ProcessId: 11020
Image: C:\Program Files (x86)\Microsoft Office\Root\Office16\WINWORD.EXE
TargetFilename: C:\Users\johnny.douche\AppData\Local\Microsoft\Office\16.0\winword.exe_Rules\rule224013v0.xml
CreationUtcTime: 2024-08-20 00:14:56.057
User: MY-CALDERA\johnny.douche"
MY-CAL-WIN10.my-caldera.local,11,"File created:
RuleName: DO
UtcTime: 2024-08-20 00:14:56.059
ProcessGuid: {ca24abc9-dffc-66c3-ef02-000000001d00}
ProcessId: 11020
Image: C:\Program Files (x86)\Microsoft Office\Root\Office16\WINWORD.EXE
TargetFilename: C:\Users\johnny.douche\AppData\Local\Microsoft\Office\16.0\winword.exe_Rules\rule224059v0.xml
CreationUtcTime: 2024-08-20 00:14:56.058
User: MY-CALDERA\johnny.douche"
MY-CAL-WIN10.my-caldera.local,11,"File created:
RuleName: DO
UtcTime: 2024-08-20 00:14:55.460
ProcessGuid: {ca24abc9-dffc-66c3-ef02-000000001d00}
ProcessId: 11020
Image: C:\Program Files (x86)\Microsoft Office\Root\Office16\WINWORD.EXE
TargetFilename: C:\Users\johnny.douche\AppData\Local\Microsoft\Office\16.0\winword.exe_Rules\rule120648v0.xml
CreationUtcTime: 2024-08-20 00:14:55.459
User: MY-CALDERA\johnny.douche"
MY-CAL-WIN10.my-caldera.local,11,"File created:
RuleName: DO
UtcTime: 2024-08-20 00:14:56.060
ProcessGuid: {ca24abc9-dffc-66c3-ef02-000000001d00}
ProcessId: 11020
Image: C:\Program Files (x86)\Microsoft Office\Root\Office16\WINWORD.EXE
TargetFilename: C:\Users\johnny.douche\AppData\Local\Microsoft\Office\16.0\winword.exe_Rules\rule224060v0.xml
CreationUtcTime: 2024-08-20 00:14:56.060
User: MY-CALDERA\johnny.douche"
MY-CAL-WIN10.my-caldera.local,11,"File created:
RuleName: DO
UtcTime: 2024-08-20 00:14:56.062
ProcessGuid: {ca24abc9-dffc-66c3-ef02-000000001d00}
ProcessId: 11020
Image: C:\Program Files (x86)\Microsoft Office\Root\Office16\WINWORD.EXE
TargetFilename: C:\Users\johnny.douche\AppData\Local\Microsoft\Office\16.0\winword.exe_Rules\rule224061v0.xml
CreationUtcTime: 2024-08-20 00:14:56.061
User: MY-CALDERA\johnny.douche"
MY-CAL-WIN10.my-caldera.local,11,"File created:
RuleName: DO
UtcTime: 2024-08-20 00:14:55.478
ProcessGuid: {ca24abc9-dffc-66c3-ef02-000000001d00}
ProcessId: 11020
Image: C:\Program Files (x86)\Microsoft Office\Root\Office16\WINWORD.EXE
TargetFilename: C:\Users\johnny.douche\AppData\Local\Microsoft\Office\16.0\winword.exe_Rules\rule120662v0.xml
CreationUtcTime: 2024-08-20 00:14:55.478
User: MY-CALDERA\johnny.douche"
MY-CAL-WIN10.my-caldera.local,11,"File created:
RuleName: DO
UtcTime: 2024-08-20 00:14:56.064
ProcessGuid: {ca24abc9-dffc-66c3-ef02-000000001d00}
ProcessId: 11020
Image: C:\Program Files (x86)\Microsoft Office\Root\Office16\WINWORD.EXE
TargetFilename: C:\Users\johnny.douche\AppData\Local\Microsoft\Office\16.0\winword.exe_Rules\rule224062v0.xml
CreationUtcTime: 2024-08-20 00:14:56.064
User: MY-CALDERA\johnny.douche"
MY-CAL-WIN10.my-caldera.local,11,"File created:
RuleName: DO
UtcTime: 2024-08-20 00:14:55.499
ProcessGuid: {ca24abc9-dffc-66c3-ef02-000000001d00}
ProcessId: 11020
Image: C:\Program Files (x86)\Microsoft Office\Root\Office16\WINWORD.EXE
TargetFilename: C:\Users\johnny.douche\AppData\Local\Microsoft\Office\16.0\winword.exe_Rules\rule120677v0.xml
CreationUtcTime: 2024-08-20 00:14:55.499
User: MY-CALDERA\johnny.douche"
MY-CAL-WIN10.my-caldera.local,11,"File created:
RuleName: DO
UtcTime: 2024-08-20 00:14:56.066
ProcessGuid: {ca24abc9-dffc-66c3-ef02-000000001d00}
ProcessId: 11020
Image: C:\Program Files (x86)\Microsoft Office\Root\Office16\WINWORD.EXE
TargetFilename: C:\Users\johnny.douche\AppData\Local\Microsoft\Office\16.0\winword.exe_Rules\rule224068v0.xml
CreationUtcTime: 2024-08-20 00:14:56.065
User: MY-CALDERA\johnny.douche"
MY-CAL-WIN10.my-caldera.local,11,"File created:
RuleName: DO
UtcTime: 2024-08-20 00:14:55.517
ProcessGuid: {ca24abc9-dffc-66c3-ef02-000000001d00}
ProcessId: 11020
Image: C:\Program Files (x86)\Microsoft Office\Root\Office16\WINWORD.EXE
TargetFilename: C:\Users\johnny.douche\AppData\Local\Microsoft\Office\16.0\winword.exe_Rules\rule170011v2.xml
CreationUtcTime: 2024-08-20 00:14:55.517
User: MY-CALDERA\johnny.douche"
MY-CAL-WIN10.my-caldera.local,11,"File created:
RuleName: DO
UtcTime: 2024-08-20 00:14:56.067
ProcessGuid: {ca24abc9-dffc-66c3-ef02-000000001d00}
ProcessId: 11020
Image: C:\Program Files (x86)\Microsoft Office\Root\Office16\WINWORD.EXE
TargetFilename: C:\Users\johnny.douche\AppData\Local\Microsoft\Office\16.0\winword.exe_Rules\rule224072v0.xml
CreationUtcTime: 2024-08-20 00:14:56.067
User: MY-CALDERA\johnny.douche"
MY-CAL-WIN10.my-caldera.local,11,"File created:
RuleName: DO
UtcTime: 2024-08-20 00:14:55.535
ProcessGuid: {ca24abc9-dffc-66c3-ef02-000000001d00}
ProcessId: 11020
Image: C:\Program Files (x86)\Microsoft Office\Root\Office16\WINWORD.EXE
TargetFilename: C:\Users\johnny.douche\AppData\Local\Microsoft\Office\16.0\winword.exe_Rules\rule170030v1.xml
CreationUtcTime: 2024-08-20 00:14:55.535
User: MY-CALDERA\johnny.douche"
MY-CAL-WIN10.my-caldera.local,11,"File created:
RuleName: DO
UtcTime: 2024-08-20 00:14:56.069
ProcessGuid: {ca24abc9-dffc-66c3-ef02-000000001d00}
ProcessId: 11020
Image: C:\Program Files (x86)\Microsoft Office\Root\Office16\WINWORD.EXE
TargetFilename: C:\Users\johnny.douche\AppData\Local\Microsoft\Office\16.0\winword.exe_Rules\rule224073v1.xml
CreationUtcTime: 2024-08-20 00:14:56.069
User: MY-CALDERA\johnny.douche"
MY-CAL-WIN10.my-caldera.local,11,"File created:
RuleName: DO
UtcTime: 2024-08-20 00:14:56.071
ProcessGuid: {ca24abc9-dffc-66c3-ef02-000000001d00}
ProcessId: 11020
Image: C:\Program Files (x86)\Microsoft Office\Root\Office16\WINWORD.EXE
TargetFilename: C:\Users\johnny.douche\AppData\Local\Microsoft\Office\16.0\winword.exe_Rules\rule224074v1.xml
CreationUtcTime: 2024-08-20 00:14:56.071
User: MY-CALDERA\johnny.douche"
MY-CAL-WIN10.my-caldera.local,11,"File created:
RuleName: DO
UtcTime: 2024-08-20 00:14:56.073
ProcessGuid: {ca24abc9-dffc-66c3-ef02-000000001d00}
ProcessId: 11020
Image: C:\Program Files (x86)\Microsoft Office\Root\Office16\WINWORD.EXE
TargetFilename: C:\Users\johnny.douche\AppData\Local\Microsoft\Office\16.0\winword.exe_Rules\rule224075v1.xml
CreationUtcTime: 2024-08-20 00:14:56.072
User: MY-CALDERA\johnny.douche"
MY-CAL-WIN10.my-caldera.local,11,"File created:
RuleName: DO
UtcTime: 2024-08-20 00:14:55.569
ProcessGuid: {ca24abc9-dffc-66c3-ef02-000000001d00}
ProcessId: 11020
Image: C:\Program Files (x86)\Microsoft Office\Root\Office16\WINWORD.EXE
TargetFilename: C:\Users\johnny.douche\AppData\Local\Microsoft\Office\16.0\winword.exe_Rules\rule170069v1.xml
CreationUtcTime: 2024-08-20 00:14:55.569
User: MY-CALDERA\johnny.douche"
MY-CAL-WIN10.my-caldera.local,11,"File created:
RuleName: DO
UtcTime: 2024-08-20 00:14:56.074
ProcessGuid: {ca24abc9-dffc-66c3-ef02-000000001d00}
ProcessId: 11020
Image: C:\Program Files (x86)\Microsoft Office\Root\Office16\WINWORD.EXE
TargetFilename: C:\Users\johnny.douche\AppData\Local\Microsoft\Office\16.0\winword.exe_Rules\rule224082v0.xml
CreationUtcTime: 2024-08-20 00:14:56.074
User: MY-CALDERA\johnny.douche"
MY-CAL-WIN10.my-caldera.local,11,"File created:
RuleName: DO
UtcTime: 2024-08-20 00:14:56.076
ProcessGuid: {ca24abc9-dffc-66c3-ef02-000000001d00}
ProcessId: 11020
Image: C:\Program Files (x86)\Microsoft Office\Root\Office16\WINWORD.EXE
TargetFilename: C:\Users\johnny.douche\AppData\Local\Microsoft\Office\16.0\winword.exe_Rules\rule224083v0.xml
CreationUtcTime: 2024-08-20 00:14:56.076
User: MY-CALDERA\johnny.douche"
MY-CAL-WIN10.my-caldera.local,11,"File created:
RuleName: DO
UtcTime: 2024-08-20 00:14:56.078
ProcessGuid: {ca24abc9-dffc-66c3-ef02-000000001d00}
ProcessId: 11020
Image: C:\Program Files (x86)\Microsoft Office\Root\Office16\WINWORD.EXE
TargetFilename: C:\Users\johnny.douche\AppData\Local\Microsoft\Office\16.0\winword.exe_Rules\rule224084v0.xml
CreationUtcTime: 2024-08-20 00:14:56.078
User: MY-CALDERA\johnny.douche"
MY-CAL-WIN10.my-caldera.local,11,"File created:
RuleName: DO
UtcTime: 2024-08-20 00:14:56.080
ProcessGuid: {ca24abc9-dffc-66c3-ef02-000000001d00}
ProcessId: 11020
Image: C:\Program Files (x86)\Microsoft Office\Root\Office16\WINWORD.EXE
TargetFilename: C:\Users\johnny.douche\AppData\Local\Microsoft\Office\16.0\winword.exe_Rules\rule224085v0.xml
CreationUtcTime: 2024-08-20 00:14:56.080
User: MY-CALDERA\johnny.douche"
MY-CAL-WIN10.my-caldera.local,11,"File created:
RuleName: DO
UtcTime: 2024-08-20 00:14:56.081
ProcessGuid: {ca24abc9-dffc-66c3-ef02-000000001d00}
ProcessId: 11020
Image: C:\Program Files (x86)\Microsoft Office\Root\Office16\WINWORD.EXE
TargetFilename: C:\Users\johnny.douche\AppData\Local\Microsoft\Office\16.0\winword.exe_Rules\rule224086v0.xml
CreationUtcTime: 2024-08-20 00:14:56.081
User: MY-CALDERA\johnny.douche"
MY-CAL-WIN10.my-caldera.local,11,"File created:
RuleName: DO
UtcTime: 2024-08-20 00:14:55.580
ProcessGuid: {ca24abc9-dffc-66c3-ef02-000000001d00}
ProcessId: 11020
Image: C:\Program Files (x86)\Microsoft Office\Root\Office16\WINWORD.EXE
TargetFilename: C:\Users\johnny.douche\AppData\Local\Microsoft\Office\16.0\winword.exe_Rules\rule170077v1.xml
CreationUtcTime: 2024-08-20 00:14:55.580
User: MY-CALDERA\johnny.douche"
MY-CAL-WIN10.my-caldera.local,11,"File created:
RuleName: DO
UtcTime: 2024-08-20 00:14:56.083
ProcessGuid: {ca24abc9-dffc-66c3-ef02-000000001d00}
ProcessId: 11020
Image: C:\Program Files (x86)\Microsoft Office\Root\Office16\WINWORD.EXE
TargetFilename: C:\Users\johnny.douche\AppData\Local\Microsoft\Office\16.0\winword.exe_Rules\rule224087v1.xml
CreationUtcTime: 2024-08-20 00:14:56.083
User: MY-CALDERA\johnny.douche"
MY-CAL-WIN10.my-caldera.local,11,"File created:
RuleName: DO
UtcTime: 2024-08-20 00:14:55.946
ProcessGuid: {ca24abc9-dffc-66c3-ef02-000000001d00}
ProcessId: 11020
Image: C:\Program Files (x86)\Microsoft Office\Root\Office16\WINWORD.EXE
TargetFilename: C:\Users\johnny.douche\AppData\Local\Microsoft\Office\16.0\winword.exe_Rules\rule170104v1.xml
CreationUtcTime: 2024-08-20 00:14:55.945
User: MY-CALDERA\johnny.douche"
MY-CAL-WIN10.my-caldera.local,11,"File created:
RuleName: DO
UtcTime: 2024-08-20 00:14:56.085
ProcessGuid: {ca24abc9-dffc-66c3-ef02-000000001d00}
ProcessId: 11020
Image: C:\Program Files (x86)\Microsoft Office\Root\Office16\WINWORD.EXE
TargetFilename: C:\Users\johnny.douche\AppData\Local\Microsoft\Office\16.0\winword.exe_Rules\rule224900v0.xml
CreationUtcTime: 2024-08-20 00:14:56.085
User: MY-CALDERA\johnny.douche"
MY-CAL-WIN10.my-caldera.local,11,"File created:
RuleName: DO
UtcTime: 2024-08-20 00:14:56.136
ProcessGuid: {ca24abc9-dffc-66c3-ef02-000000001d00}
ProcessId: 11020
Image: C:\Program Files (x86)\Microsoft Office\Root\Office16\WINWORD.EXE
TargetFilename: C:\Users\johnny.douche\AppData\Local\Microsoft\Office\16.0\winword.exe_Rules\rule240025v1.xml
CreationUtcTime: 2024-08-20 00:14:56.136
User: MY-CALDERA\johnny.douche"
MY-CAL-WIN10.my-caldera.local,11,"File created:
RuleName: DO
UtcTime: 2024-08-20 00:14:56.086
ProcessGuid: {ca24abc9-dffc-66c3-ef02-000000001d00}
ProcessId: 11020
Image: C:\Program Files (x86)\Microsoft Office\Root\Office16\WINWORD.EXE
TargetFilename: C:\Users\johnny.douche\AppData\Local\Microsoft\Office\16.0\winword.exe_Rules\rule224901v11.xml
CreationUtcTime: 2024-08-20 00:14:56.086
User: MY-CALDERA\johnny.douche"
MY-CAL-WIN10.my-caldera.local,11,"File created:
RuleName: DO
UtcTime: 2024-08-20 00:14:56.087
ProcessGuid: {ca24abc9-dffc-66c3-ef02-000000001d00}
ProcessId: 11020
Image: C:\Program Files (x86)\Microsoft Office\Root\Office16\WINWORD.EXE
TargetFilename: C:\Users\johnny.douche\AppData\Local\Microsoft\Office\16.0\winword.exe_Rules\rule224902v2.xml
CreationUtcTime: 2024-08-20 00:14:56.087
User: MY-CALDERA\johnny.douche"
MY-CAL-WIN10.my-caldera.local,11,"File created:
RuleName: DO
UtcTime: 2024-08-20 00:14:56.088
ProcessGuid: {ca24abc9-dffc-66c3-ef02-000000001d00}
ProcessId: 11020
Image: C:\Program Files (x86)\Microsoft Office\Root\Office16\WINWORD.EXE
TargetFilename: C:\Users\johnny.douche\AppData\Local\Microsoft\Office\16.0\winword.exe_Rules\rule224903v0.xml
CreationUtcTime: 2024-08-20 00:14:56.088
User: MY-CALDERA\johnny.douche"
MY-CAL-WIN10.my-caldera.local,11,"File created:
RuleName: DO
UtcTime: 2024-08-20 00:14:56.090
ProcessGuid: {ca24abc9-dffc-66c3-ef02-000000001d00}
ProcessId: 11020
Image: C:\Program Files (x86)\Microsoft Office\Root\Office16\WINWORD.EXE
TargetFilename: C:\Users\johnny.douche\AppData\Local\Microsoft\Office\16.0\winword.exe_Rules\rule224906v1.xml
CreationUtcTime: 2024-08-20 00:14:56.090
User: MY-CALDERA\johnny.douche"
MY-CAL-WIN10.my-caldera.local,11,"File created:
RuleName: DO
UtcTime: 2024-08-20 00:14:56.091
ProcessGuid: {ca24abc9-dffc-66c3-ef02-000000001d00}
ProcessId: 11020
Image: C:\Program Files (x86)\Microsoft Office\Root\Office16\WINWORD.EXE
TargetFilename: C:\Users\johnny.douche\AppData\Local\Microsoft\Office\16.0\winword.exe_Rules\rule224910v1.xml
CreationUtcTime: 2024-08-20 00:14:56.091
User: MY-CALDERA\johnny.douche"
MY-CAL-WIN10.my-caldera.local,11,"File created:
RuleName: DO
UtcTime: 2024-08-20 00:14:56.093
ProcessGuid: {ca24abc9-dffc-66c3-ef02-000000001d00}
ProcessId: 11020
Image: C:\Program Files (x86)\Microsoft Office\Root\Office16\WINWORD.EXE
TargetFilename: C:\Users\johnny.douche\AppData\Local\Microsoft\Office\16.0\winword.exe_Rules\rule226000v0.xml
CreationUtcTime: 2024-08-20 00:14:56.092
User: MY-CALDERA\johnny.douche"
MY-CAL-WIN10.my-caldera.local,11,"File created:
RuleName: DO
UtcTime: 2024-08-20 00:14:56.094
ProcessGuid: {ca24abc9-dffc-66c3-ef02-000000001d00}
ProcessId: 11020
Image: C:\Program Files (x86)\Microsoft Office\Root\Office16\WINWORD.EXE
TargetFilename: C:\Users\johnny.douche\AppData\Local\Microsoft\Office\16.0\winword.exe_Rules\rule226003v1.xml
CreationUtcTime: 2024-08-20 00:14:56.094
User: MY-CALDERA\johnny.douche"
MY-CAL-WIN10.my-caldera.local,11,"File created:
RuleName: DO
UtcTime: 2024-08-20 00:14:56.096
ProcessGuid: {ca24abc9-dffc-66c3-ef02-000000001d00}
ProcessId: 11020
Image: C:\Program Files (x86)\Microsoft Office\Root\Office16\WINWORD.EXE
TargetFilename: C:\Users\johnny.douche\AppData\Local\Microsoft\Office\16.0\winword.exe_Rules\rule226009v0.xml
CreationUtcTime: 2024-08-20 00:14:56.095
User: MY-CALDERA\johnny.douche"
MY-CAL-WIN10.my-caldera.local,11,"File created:
RuleName: DO
UtcTime: 2024-08-20 00:14:56.175
ProcessGuid: {ca24abc9-dffc-66c3-ef02-000000001d00}
ProcessId: 11020
Image: C:\Program Files (x86)\Microsoft Office\Root\Office16\WINWORD.EXE
TargetFilename: C:\Users\johnny.douche\AppData\Local\Microsoft\Office\16.0\winword.exe_Rules\rule320016v0.xml
CreationUtcTime: 2024-08-20 00:14:56.175
User: MY-CALDERA\johnny.douche"
MY-CAL-WIN10.my-caldera.local,11,"File created:
RuleName: DO
UtcTime: 2024-08-20 00:14:56.097
ProcessGuid: {ca24abc9-dffc-66c3-ef02-000000001d00}
ProcessId: 11020
Image: C:\Program Files (x86)\Microsoft Office\Root\Office16\WINWORD.EXE
TargetFilename: C:\Users\johnny.douche\AppData\Local\Microsoft\Office\16.0\winword.exe_Rules\rule230161v0.xml
CreationUtcTime: 2024-08-20 00:14:56.097
User: MY-CALDERA\johnny.douche"
MY-CAL-WIN10.my-caldera.local,11,"File created:
RuleName: DO
UtcTime: 2024-08-20 00:14:56.183
ProcessGuid: {ca24abc9-dffc-66c3-ef02-000000001d00}
ProcessId: 11020
Image: C:\Program Files (x86)\Microsoft Office\Root\Office16\WINWORD.EXE
TargetFilename: C:\Users\johnny.douche\AppData\Local\Microsoft\Office\16.0\winword.exe_Rules\rule320033v0.xml
CreationUtcTime: 2024-08-20 00:14:56.183
User: MY-CALDERA\johnny.douche"
MY-CAL-WIN10.my-caldera.local,11,"File created:
RuleName: DO
UtcTime: 2024-08-20 00:14:55.450
ProcessGuid: {ca24abc9-dffc-66c3-ef02-000000001d00}
ProcessId: 11020
Image: C:\Program Files (x86)\Microsoft Office\Root\Office16\WINWORD.EXE
TargetFilename: C:\Users\johnny.douche\AppData\Local\Microsoft\Office\16.0\winword.exe_Rules\rule120640v0.xml
CreationUtcTime: 2024-08-20 00:14:55.449
User: MY-CALDERA\johnny.douche"
MY-CAL-WIN10.my-caldera.local,11,"File created:
RuleName: DO
UtcTime: 2024-08-20 00:14:55.459
ProcessGuid: {ca24abc9-dffc-66c3-ef02-000000001d00}
ProcessId: 11020
Image: C:\Program Files (x86)\Microsoft Office\Root\Office16\WINWORD.EXE
TargetFilename: C:\Users\johnny.douche\AppData\Local\Microsoft\Office\16.0\winword.exe_Rules\rule120647v0.xml
CreationUtcTime: 2024-08-20 00:14:55.458
User: MY-CALDERA\johnny.douche"
MY-CAL-WIN10.my-caldera.local,11,"File created:
RuleName: DO
UtcTime: 2024-08-20 00:14:55.477
ProcessGuid: {ca24abc9-dffc-66c3-ef02-000000001d00}
ProcessId: 11020
Image: C:\Program Files (x86)\Microsoft Office\Root\Office16\WINWORD.EXE
TargetFilename: C:\Users\johnny.douche\AppData\Local\Microsoft\Office\16.0\winword.exe_Rules\rule120661v0.xml
CreationUtcTime: 2024-08-20 00:14:55.477
User: MY-CALDERA\johnny.douche"
MY-CAL-WIN10.my-caldera.local,11,"File created:
RuleName: DO
UtcTime: 2024-08-20 00:14:55.498
ProcessGuid: {ca24abc9-dffc-66c3-ef02-000000001d00}
ProcessId: 11020
Image: C:\Program Files (x86)\Microsoft Office\Root\Office16\WINWORD.EXE
TargetFilename: C:\Users\johnny.douche\AppData\Local\Microsoft\Office\16.0\winword.exe_Rules\rule120676v0.xml
CreationUtcTime: 2024-08-20 00:14:55.497
User: MY-CALDERA\johnny.douche"
MY-CAL-WIN10.my-caldera.local,11,"File created:
RuleName: DO
UtcTime: 2024-08-20 00:14:55.516
ProcessGuid: {ca24abc9-dffc-66c3-ef02-000000001d00}
ProcessId: 11020
Image: C:\Program Files (x86)\Microsoft Office\Root\Office16\WINWORD.EXE
TargetFilename: C:\Users\johnny.douche\AppData\Local\Microsoft\Office\16.0\winword.exe_Rules\rule170009v1.xml
CreationUtcTime: 2024-08-20 00:14:55.516
User: MY-CALDERA\johnny.douche"
MY-CAL-WIN10.my-caldera.local,11,"File created:
RuleName: DO
UtcTime: 2024-08-20 00:14:55.551
ProcessGuid: {ca24abc9-dffc-66c3-ef02-000000001d00}
ProcessId: 11020
Image: C:\Program Files (x86)\Microsoft Office\Root\Office16\WINWORD.EXE
TargetFilename: C:\Users\johnny.douche\AppData\Local\Microsoft\Office\16.0\winword.exe_Rules\rule170043v1.xml
CreationUtcTime: 2024-08-20 00:14:55.551
User: MY-CALDERA\johnny.douche"
MY-CAL-WIN10.my-caldera.local,11,"File created:
RuleName: DO
UtcTime: 2024-08-20 00:14:55.561
ProcessGuid: {ca24abc9-dffc-66c3-ef02-000000001d00}
ProcessId: 11020
Image: C:\Program Files (x86)\Microsoft Office\Root\Office16\WINWORD.EXE
TargetFilename: C:\Users\johnny.douche\AppData\Local\Microsoft\Office\16.0\winword.exe_Rules\rule170058v1.xml
CreationUtcTime: 2024-08-20 00:14:55.561
User: MY-CALDERA\johnny.douche"
MY-CAL-WIN10.my-caldera.local,11,"File created:
RuleName: DO
UtcTime: 2024-08-20 00:14:55.757
ProcessGuid: {ca24abc9-dffc-66c3-ef02-000000001d00}
ProcessId: 11020
Image: C:\Program Files (x86)\Microsoft Office\Root\Office16\WINWORD.EXE
TargetFilename: C:\Users\johnny.douche\AppData\Local\Microsoft\Office\16.0\winword.exe_Rules\rule170086v2.xml
CreationUtcTime: 2024-08-20 00:14:55.756
User: MY-CALDERA\johnny.douche"
MY-CAL-WIN10.my-caldera.local,11,"File created:
RuleName: DO
UtcTime: 2024-08-20 00:14:55.936
ProcessGuid: {ca24abc9-dffc-66c3-ef02-000000001d00}
ProcessId: 11020
Image: C:\Program Files (x86)\Microsoft Office\Root\Office16\WINWORD.EXE
TargetFilename: C:\Users\johnny.douche\AppData\Local\Microsoft\Office\16.0\winword.exe_Rules\rule170097v1.xml
CreationUtcTime: 2024-08-20 00:14:55.936
User: MY-CALDERA\johnny.douche"
MY-CAL-WIN10.my-caldera.local,11,"File created:
RuleName: DO
UtcTime: 2024-08-20 00:14:56.149
ProcessGuid: {ca24abc9-dffc-66c3-ef02-000000001d00}
ProcessId: 11020
Image: C:\Program Files (x86)\Microsoft Office\Root\Office16\WINWORD.EXE
TargetFilename: C:\Users\johnny.douche\AppData\Local\Microsoft\Office\16.0\winword.exe_Rules\rule240034v0.xml
CreationUtcTime: 2024-08-20 00:14:56.149
User: MY-CALDERA\johnny.douche"
MY-CAL-WIN10.my-caldera.local,11,"File created:
RuleName: DO
UtcTime: 2024-08-20 00:14:56.163
ProcessGuid: {ca24abc9-dffc-66c3-ef02-000000001d00}
ProcessId: 11020
Image: C:\Program Files (x86)\Microsoft Office\Root\Office16\WINWORD.EXE
TargetFilename: C:\Users\johnny.douche\AppData\Local\Microsoft\Office\16.0\winword.exe_Rules\rule320002v5.xml
CreationUtcTime: 2024-08-20 00:14:56.163
User: MY-CALDERA\johnny.douche"
MY-CAL-WIN10.my-caldera.local,11,"File created:
RuleName: DO
UtcTime: 2024-08-20 00:14:56.196
ProcessGuid: {ca24abc9-dffc-66c3-ef02-000000001d00}
ProcessId: 11020
Image: C:\Program Files (x86)\Microsoft Office\Root\Office16\WINWORD.EXE
TargetFilename: C:\Users\johnny.douche\AppData\Local\Microsoft\Office\16.0\winword.exe_Rules\rule324005v2.xml
CreationUtcTime: 2024-08-20 00:14:56.196
User: MY-CALDERA\johnny.douche"
MY-CAL-WIN10.my-caldera.local,11,"File created:
RuleName: DO
UtcTime: 2024-08-20 00:14:56.222
ProcessGuid: {ca24abc9-dffc-66c3-ef02-000000001d00}
ProcessId: 11020
Image: C:\Program Files (x86)\Microsoft Office\Root\Office16\WINWORD.EXE
TargetFilename: C:\Users\johnny.douche\AppData\Local\Microsoft\Office\16.0\winword.exe_Rules\rule325001v0.xml
CreationUtcTime: 2024-08-20 00:14:56.222
User: MY-CALDERA\johnny.douche"
MY-CAL-WIN10.my-caldera.local,11,"File created:
RuleName: DO
UtcTime: 2024-08-20 00:14:55.451
ProcessGuid: {ca24abc9-dffc-66c3-ef02-000000001d00}
ProcessId: 11020
Image: C:\Program Files (x86)\Microsoft Office\Root\Office16\WINWORD.EXE
TargetFilename: C:\Users\johnny.douche\AppData\Local\Microsoft\Office\16.0\winword.exe_Rules\rule120641v0.xml
CreationUtcTime: 2024-08-20 00:14:55.451
User: MY-CALDERA\johnny.douche"
MY-CAL-WIN10.my-caldera.local,11,"File created:
RuleName: DO
UtcTime: 2024-08-20 00:14:55.462
ProcessGuid: {ca24abc9-dffc-66c3-ef02-000000001d00}
ProcessId: 11020
Image: C:\Program Files (x86)\Microsoft Office\Root\Office16\WINWORD.EXE
TargetFilename: C:\Users\johnny.douche\AppData\Local\Microsoft\Office\16.0\winword.exe_Rules\rule120649v0.xml
CreationUtcTime: 2024-08-20 00:14:55.461
User: MY-CALDERA\johnny.douche"
MY-CAL-WIN10.my-caldera.local,11,"File created:
RuleName: DO
UtcTime: 2024-08-20 00:14:55.479
ProcessGuid: {ca24abc9-dffc-66c3-ef02-000000001d00}
ProcessId: 11020
Image: C:\Program Files (x86)\Microsoft Office\Root\Office16\WINWORD.EXE
TargetFilename: C:\Users\johnny.douche\AppData\Local\Microsoft\Office\16.0\winword.exe_Rules\rule120663v0.xml
CreationUtcTime: 2024-08-20 00:14:55.479
User: MY-CALDERA\johnny.douche"
MY-CAL-WIN10.my-caldera.local,11,"File created:
RuleName: DO
UtcTime: 2024-08-20 00:14:55.500
ProcessGuid: {ca24abc9-dffc-66c3-ef02-000000001d00}
ProcessId: 11020
Image: C:\Program Files (x86)\Microsoft Office\Root\Office16\WINWORD.EXE
TargetFilename: C:\Users\johnny.douche\AppData\Local\Microsoft\Office\16.0\winword.exe_Rules\rule120678v0.xml
CreationUtcTime: 2024-08-20 00:14:55.500
User: MY-CALDERA\johnny.douche"
MY-CAL-WIN10.my-caldera.local,11,"File created:
RuleName: DO
UtcTime: 2024-08-20 00:14:55.518
ProcessGuid: {ca24abc9-dffc-66c3-ef02-000000001d00}
ProcessId: 11020
Image: C:\Program Files (x86)\Microsoft Office\Root\Office16\WINWORD.EXE
TargetFilename: C:\Users\johnny.douche\AppData\Local\Microsoft\Office\16.0\winword.exe_Rules\rule170012v12.xml
CreationUtcTime: 2024-08-20 00:14:55.518
User: MY-CALDERA\johnny.douche"
MY-CAL-WIN10.my-caldera.local,11,"File created:
RuleName: DO
UtcTime: 2024-08-20 00:14:55.552
ProcessGuid: {ca24abc9-dffc-66c3-ef02-000000001d00}
ProcessId: 11020
Image: C:\Program Files (x86)\Microsoft Office\Root\Office16\WINWORD.EXE
TargetFilename: C:\Users\johnny.douche\AppData\Local\Microsoft\Office\16.0\winword.exe_Rules\rule170044v4.xml
CreationUtcTime: 2024-08-20 00:14:55.552
User: MY-CALDERA\johnny.douche"
MY-CAL-WIN10.my-caldera.local,11,"File created:
RuleName: DO
UtcTime: 2024-08-20 00:14:55.759
ProcessGuid: {ca24abc9-dffc-66c3-ef02-000000001d00}
ProcessId: 11020
Image: C:\Program Files (x86)\Microsoft Office\Root\Office16\WINWORD.EXE
TargetFilename: C:\Users\johnny.douche\AppData\Local\Microsoft\Office\16.0\winword.exe_Rules\rule170087v2.xml
CreationUtcTime: 2024-08-20 00:14:55.759
User: MY-CALDERA\johnny.douche"
MY-CAL-WIN10.my-caldera.local,11,"File created:
RuleName: DO
UtcTime: 2024-08-20 00:14:56.129
ProcessGuid: {ca24abc9-dffc-66c3-ef02-000000001d00}
ProcessId: 11020
Image: C:\Program Files (x86)\Microsoft Office\Root\Office16\WINWORD.EXE
TargetFilename: C:\Users\johnny.douche\AppData\Local\Microsoft\Office\16.0\winword.exe_Rules\rule240016v0.xml
CreationUtcTime: 2024-08-20 00:14:56.125
User: MY-CALDERA\johnny.douche"
MY-CAL-WIN10.my-caldera.local,11,"File created:
RuleName: DO
UtcTime: 2024-08-20 00:14:56.165
ProcessGuid: {ca24abc9-dffc-66c3-ef02-000000001d00}
ProcessId: 11020
Image: C:\Program Files (x86)\Microsoft Office\Root\Office16\WINWORD.EXE
TargetFilename: C:\Users\johnny.douche\AppData\Local\Microsoft\Office\16.0\winword.exe_Rules\rule320003v1.xml
CreationUtcTime: 2024-08-20 00:14:56.164
User: MY-CALDERA\johnny.douche"
MY-CAL-WIN10.my-caldera.local,11,"File created:
RuleName: DO
UtcTime: 2024-08-20 00:14:56.205
ProcessGuid: {ca24abc9-dffc-66c3-ef02-000000001d00}
ProcessId: 11020
Image: C:\Program Files (x86)\Microsoft Office\Root\Office16\WINWORD.EXE
TargetFilename: C:\Users\johnny.douche\AppData\Local\Microsoft\Office\16.0\winword.exe_Rules\rule324008v2.xml
CreationUtcTime: 2024-08-20 00:14:56.205
User: MY-CALDERA\johnny.douche"
MY-CAL-WIN10.my-caldera.local,11,"File created:
RuleName: DO
UtcTime: 2024-08-20 00:14:56.210
ProcessGuid: {ca24abc9-dffc-66c3-ef02-000000001d00}
ProcessId: 11020
Image: C:\Program Files (x86)\Microsoft Office\Root\Office16\WINWORD.EXE
TargetFilename: C:\Users\johnny.douche\AppData\Local\Microsoft\Office\16.0\winword.exe_Rules\rule324010v2.xml
CreationUtcTime: 2024-08-20 00:14:56.210
User: MY-CALDERA\johnny.douche"
MY-CAL-WIN10.my-caldera.local,11,"File created:
RuleName: DO
UtcTime: 2024-08-20 00:14:56.223
ProcessGuid: {ca24abc9-dffc-66c3-ef02-000000001d00}
ProcessId: 11020
Image: C:\Program Files (x86)\Microsoft Office\Root\Office16\WINWORD.EXE
TargetFilename: C:\Users\johnny.douche\AppData\Local\Microsoft\Office\16.0\winword.exe_Rules\rule325002v0.xml
CreationUtcTime: 2024-08-20 00:14:56.223
User: MY-CALDERA\johnny.douche"
MY-CAL-WIN10.my-caldera.local,11,"File created:
RuleName: DO
UtcTime: 2024-08-20 00:14:56.226
ProcessGuid: {ca24abc9-dffc-66c3-ef02-000000001d00}
ProcessId: 11020
Image: C:\Program Files (x86)\Microsoft Office\Root\Office16\WINWORD.EXE
TargetFilename: C:\Users\johnny.douche\AppData\Local\Microsoft\Office\16.0\winword.exe_Rules\rule326000v0.xml
CreationUtcTime: 2024-08-20 00:14:56.225
User: MY-CALDERA\johnny.douche"
MY-CAL-WIN10.my-caldera.local,11,"File created:
RuleName: DO
UtcTime: 2024-08-20 00:14:56.227
ProcessGuid: {ca24abc9-dffc-66c3-ef02-000000001d00}
ProcessId: 11020
Image: C:\Program Files (x86)\Microsoft Office\Root\Office16\WINWORD.EXE
TargetFilename: C:\Users\johnny.douche\AppData\Local\Microsoft\Office\16.0\winword.exe_Rules\rule326001v0.xml
CreationUtcTime: 2024-08-20 00:14:56.226
User: MY-CALDERA\johnny.douche"
MY-CAL-WIN10.my-caldera.local,11,"File created:
RuleName: DO
UtcTime: 2024-08-20 00:14:56.228
ProcessGuid: {ca24abc9-dffc-66c3-ef02-000000001d00}
ProcessId: 11020
Image: C:\Program Files (x86)\Microsoft Office\Root\Office16\WINWORD.EXE
TargetFilename: C:\Users\johnny.douche\AppData\Local\Microsoft\Office\16.0\winword.exe_Rules\rule326002v0.xml
CreationUtcTime: 2024-08-20 00:14:56.228
User: MY-CALDERA\johnny.douche"
MY-CAL-WIN10.my-caldera.local,11,"File created:
RuleName: DO
UtcTime: 2024-08-20 00:14:56.229
ProcessGuid: {ca24abc9-dffc-66c3-ef02-000000001d00}
ProcessId: 11020
Image: C:\Program Files (x86)\Microsoft Office\Root\Office16\WINWORD.EXE
TargetFilename: C:\Users\johnny.douche\AppData\Local\Microsoft\Office\16.0\winword.exe_Rules\rule326003v0.xml
CreationUtcTime: 2024-08-20 00:14:56.229
User: MY-CALDERA\johnny.douche"
MY-CAL-WIN10.my-caldera.local,11,"File created:
RuleName: DO
UtcTime: 2024-08-20 00:14:56.231
ProcessGuid: {ca24abc9-dffc-66c3-ef02-000000001d00}
ProcessId: 11020
Image: C:\Program Files (x86)\Microsoft Office\Root\Office16\WINWORD.EXE
TargetFilename: C:\Users\johnny.douche\AppData\Local\Microsoft\Office\16.0\winword.exe_Rules\rule360000v3.xml
CreationUtcTime: 2024-08-20 00:14:56.231
User: MY-CALDERA\johnny.douche"
MY-CAL-WIN10.my-caldera.local,11,"File created:
RuleName: DO
UtcTime: 2024-08-20 00:14:56.232
ProcessGuid: {ca24abc9-dffc-66c3-ef02-000000001d00}
ProcessId: 11020
Image: C:\Program Files (x86)\Microsoft Office\Root\Office16\WINWORD.EXE
TargetFilename: C:\Users\johnny.douche\AppData\Local\Microsoft\Office\16.0\winword.exe_Rules\rule360001v3.xml
CreationUtcTime: 2024-08-20 00:14:56.232
User: MY-CALDERA\johnny.douche"
MY-CAL-WIN10.my-caldera.local,11,"File created:
RuleName: DO
UtcTime: 2024-08-20 00:14:56.234
ProcessGuid: {ca24abc9-dffc-66c3-ef02-000000001d00}
ProcessId: 11020
Image: C:\Program Files (x86)\Microsoft Office\Root\Office16\WINWORD.EXE
TargetFilename: C:\Users\johnny.douche\AppData\Local\Microsoft\Office\16.0\winword.exe_Rules\rule370000v1.xml
CreationUtcTime: 2024-08-20 00:14:56.233
User: MY-CALDERA\johnny.douche"
MY-CAL-WIN10.my-caldera.local,11,"File created:
RuleName: DO
UtcTime: 2024-08-20 00:14:56.235
ProcessGuid: {ca24abc9-dffc-66c3-ef02-000000001d00}
ProcessId: 11020
Image: C:\Program Files (x86)\Microsoft Office\Root\Office16\WINWORD.EXE
TargetFilename: C:\Users\johnny.douche\AppData\Local\Microsoft\Office\16.0\winword.exe_Rules\rule370001v2.xml
CreationUtcTime: 2024-08-20 00:14:56.235
User: MY-CALDERA\johnny.douche"
MY-CAL-WIN10.my-caldera.local,11,"File created:
RuleName: DO
UtcTime: 2024-08-20 00:14:56.237
ProcessGuid: {ca24abc9-dffc-66c3-ef02-000000001d00}
ProcessId: 11020
Image: C:\Program Files (x86)\Microsoft Office\Root\Office16\WINWORD.EXE
TargetFilename: C:\Users\johnny.douche\AppData\Local\Microsoft\Office\16.0\winword.exe_Rules\rule370002v2.xml
CreationUtcTime: 2024-08-20 00:14:56.237
User: MY-CALDERA\johnny.douche"
MY-CAL-WIN10.my-caldera.local,11,"File created:
RuleName: DO
UtcTime: 2024-08-20 00:14:56.238
ProcessGuid: {ca24abc9-dffc-66c3-ef02-000000001d00}
ProcessId: 11020
Image: C:\Program Files (x86)\Microsoft Office\Root\Office16\WINWORD.EXE
TargetFilename: C:\Users\johnny.douche\AppData\Local\Microsoft\Office\16.0\winword.exe_Rules\rule370005v1.xml
CreationUtcTime: 2024-08-20 00:14:56.238
User: MY-CALDERA\johnny.douche"
MY-CAL-WIN10.my-caldera.local,11,"File created:
RuleName: DO
UtcTime: 2024-08-20 00:14:56.239
ProcessGuid: {ca24abc9-dffc-66c3-ef02-000000001d00}
ProcessId: 11020
Image: C:\Program Files (x86)\Microsoft Office\Root\Office16\WINWORD.EXE
TargetFilename: C:\Users\johnny.douche\AppData\Local\Microsoft\Office\16.0\winword.exe_Rules\rule370006v0.xml
CreationUtcTime: 2024-08-20 00:14:56.239
User: MY-CALDERA\johnny.douche"
MY-CAL-WIN10.my-caldera.local,11,"File created:
RuleName: DO
UtcTime: 2024-08-20 00:14:56.241
ProcessGuid: {ca24abc9-dffc-66c3-ef02-000000001d00}
ProcessId: 11020
Image: C:\Program Files (x86)\Microsoft Office\Root\Office16\WINWORD.EXE
TargetFilename: C:\Users\johnny.douche\AppData\Local\Microsoft\Office\16.0\winword.exe_Rules\rule370007v3.xml
CreationUtcTime: 2024-08-20 00:14:56.240
User: MY-CALDERA\johnny.douche"
MY-CAL-WIN10.my-caldera.local,11,"File created:
RuleName: DO
UtcTime: 2024-08-20 00:14:56.243
ProcessGuid: {ca24abc9-dffc-66c3-ef02-000000001d00}
ProcessId: 11020
Image: C:\Program Files (x86)\Microsoft Office\Root\Office16\WINWORD.EXE
TargetFilename: C:\Users\johnny.douche\AppData\Local\Microsoft\Office\16.0\winword.exe_Rules\rule370009v0.xml
CreationUtcTime: 2024-08-20 00:14:56.243
User: MY-CALDERA\johnny.douche"
MY-CAL-WIN10.my-caldera.local,11,"File created:
RuleName: DO
UtcTime: 2024-08-20 00:14:56.245
ProcessGuid: {ca24abc9-dffc-66c3-ef02-000000001d00}
ProcessId: 11020
Image: C:\Program Files (x86)\Microsoft Office\Root\Office16\WINWORD.EXE
TargetFilename: C:\Users\johnny.douche\AppData\Local\Microsoft\Office\16.0\winword.exe_Rules\rule370011v1.xml
CreationUtcTime: 2024-08-20 00:14:56.244
User: MY-CALDERA\johnny.douche"
MY-CAL-WIN10.my-caldera.local,11,"File created:
RuleName: DO
UtcTime: 2024-08-20 00:14:56.246
ProcessGuid: {ca24abc9-dffc-66c3-ef02-000000001d00}
ProcessId: 11020
Image: C:\Program Files (x86)\Microsoft Office\Root\Office16\WINWORD.EXE
TargetFilename: C:\Users\johnny.douche\AppData\Local\Microsoft\Office\16.0\winword.exe_Rules\rule370012v0.xml
CreationUtcTime: 2024-08-20 00:14:56.246
User: MY-CALDERA\johnny.douche"
MY-CAL-WIN10.my-caldera.local,11,"File created:
RuleName: DO
UtcTime: 2024-08-20 00:14:56.247
ProcessGuid: {ca24abc9-dffc-66c3-ef02-000000001d00}
ProcessId: 11020
Image: C:\Program Files (x86)\Microsoft Office\Root\Office16\WINWORD.EXE
TargetFilename: C:\Users\johnny.douche\AppData\Local\Microsoft\Office\16.0\winword.exe_Rules\rule390004v3.xml
CreationUtcTime: 2024-08-20 00:14:56.247
User: MY-CALDERA\johnny.douche"
MY-CAL-WIN10.my-caldera.local,11,"File created:
RuleName: DO
UtcTime: 2024-08-20 00:14:56.249
ProcessGuid: {ca24abc9-dffc-66c3-ef02-000000001d00}
ProcessId: 11020
Image: C:\Program Files (x86)\Microsoft Office\Root\Office16\WINWORD.EXE
TargetFilename: C:\Users\johnny.douche\AppData\Local\Microsoft\Office\16.0\winword.exe_Rules\rule390005v1.xml
CreationUtcTime: 2024-08-20 00:14:56.249
User: MY-CALDERA\johnny.douche"
MY-CAL-WIN10.my-caldera.local,11,"File created:
RuleName: DO
UtcTime: 2024-08-20 00:14:56.250
ProcessGuid: {ca24abc9-dffc-66c3-ef02-000000001d00}
ProcessId: 11020
Image: C:\Program Files (x86)\Microsoft Office\Root\Office16\WINWORD.EXE
TargetFilename: C:\Users\johnny.douche\AppData\Local\Microsoft\Office\16.0\winword.exe_Rules\rule440000v3.xml
CreationUtcTime: 2024-08-20 00:14:56.250
User: MY-CALDERA\johnny.douche"
MY-CAL-WIN10.my-caldera.local,11,"File created:
RuleName: DO
UtcTime: 2024-08-20 00:14:56.251
ProcessGuid: {ca24abc9-dffc-66c3-ef02-000000001d00}
ProcessId: 11020
Image: C:\Program Files (x86)\Microsoft Office\Root\Office16\WINWORD.EXE
TargetFilename: C:\Users\johnny.douche\AppData\Local\Microsoft\Office\16.0\winword.exe_Rules\rule460008v0.xml
CreationUtcTime: 2024-08-20 00:14:56.251
User: MY-CALDERA\johnny.douche"
MY-CAL-WIN10.my-caldera.local,11,"File created:
RuleName: DO
UtcTime: 2024-08-20 00:14:56.252
ProcessGuid: {ca24abc9-dffc-66c3-ef02-000000001d00}
ProcessId: 11020
Image: C:\Program Files (x86)\Microsoft Office\Root\Office16\WINWORD.EXE
TargetFilename: C:\Users\johnny.douche\AppData\Local\Microsoft\Office\16.0\winword.exe_Rules\rule460009v0.xml
CreationUtcTime: 2024-08-20 00:14:56.252
User: MY-CALDERA\johnny.douche"
MY-CAL-WIN10.my-caldera.local,11,"File created:
RuleName: DO
UtcTime: 2024-08-20 00:14:56.254
ProcessGuid: {ca24abc9-dffc-66c3-ef02-000000001d00}
ProcessId: 11020
Image: C:\Program Files (x86)\Microsoft Office\Root\Office16\WINWORD.EXE
TargetFilename: C:\Users\johnny.douche\AppData\Local\Microsoft\Office\16.0\winword.exe_Rules\rule490002v13.xml
CreationUtcTime: 2024-08-20 00:14:56.254
User: MY-CALDERA\johnny.douche"
MY-CAL-WIN10.my-caldera.local,11,"File created:
RuleName: DO
UtcTime: 2024-08-20 00:14:56.256
ProcessGuid: {ca24abc9-dffc-66c3-ef02-000000001d00}
ProcessId: 11020
Image: C:\Program Files (x86)\Microsoft Office\Root\Office16\WINWORD.EXE
TargetFilename: C:\Users\johnny.douche\AppData\Local\Microsoft\Office\16.0\winword.exe_Rules\rule490003v7.xml
CreationUtcTime: 2024-08-20 00:14:56.255
User: MY-CALDERA\johnny.douche"
MY-CAL-WIN10.my-caldera.local,11,"File created:
RuleName: DO
UtcTime: 2024-08-20 00:14:56.257
ProcessGuid: {ca24abc9-dffc-66c3-ef02-000000001d00}
ProcessId: 11020
Image: C:\Program Files (x86)\Microsoft Office\Root\Office16\WINWORD.EXE
TargetFilename: C:\Users\johnny.douche\AppData\Local\Microsoft\Office\16.0\winword.exe_Rules\rule490004v6.xml
CreationUtcTime: 2024-08-20 00:14:56.256
User: MY-CALDERA\johnny.douche"
MY-CAL-WIN10.my-caldera.local,11,"File created:
RuleName: DO
UtcTime: 2024-08-20 00:14:56.258
ProcessGuid: {ca24abc9-dffc-66c3-ef02-000000001d00}
ProcessId: 11020
Image: C:\Program Files (x86)\Microsoft Office\Root\Office16\WINWORD.EXE
TargetFilename: C:\Users\johnny.douche\AppData\Local\Microsoft\Office\16.0\winword.exe_Rules\rule490005v3.xml
CreationUtcTime: 2024-08-20 00:14:56.258
User: MY-CALDERA\johnny.douche"
MY-CAL-WIN10.my-caldera.local,11,"File created:
RuleName: DO
UtcTime: 2024-08-20 00:14:56.260
ProcessGuid: {ca24abc9-dffc-66c3-ef02-000000001d00}
ProcessId: 11020
Image: C:\Program Files (x86)\Microsoft Office\Root\Office16\WINWORD.EXE
TargetFilename: C:\Users\johnny.douche\AppData\Local\Microsoft\Office\16.0\winword.exe_Rules\rule490009v5.xml
CreationUtcTime: 2024-08-20 00:14:56.260
User: MY-CALDERA\johnny.douche"
MY-CAL-WIN10.my-caldera.local,11,"File created:
RuleName: DO
UtcTime: 2024-08-20 00:14:56.261
ProcessGuid: {ca24abc9-dffc-66c3-ef02-000000001d00}
ProcessId: 11020
Image: C:\Program Files (x86)\Microsoft Office\Root\Office16\WINWORD.EXE
TargetFilename: C:\Users\johnny.douche\AppData\Local\Microsoft\Office\16.0\winword.exe_Rules\rule490010v7.xml
CreationUtcTime: 2024-08-20 00:14:56.261
User: MY-CALDERA\johnny.douche"
MY-CAL-WIN10.my-caldera.local,11,"File created:
RuleName: DO
UtcTime: 2024-08-20 00:14:56.262
ProcessGuid: {ca24abc9-dffc-66c3-ef02-000000001d00}
ProcessId: 11020
Image: C:\Program Files (x86)\Microsoft Office\Root\Office16\WINWORD.EXE
TargetFilename: C:\Users\johnny.douche\AppData\Local\Microsoft\Office\16.0\winword.exe_Rules\rule490011v4.xml
CreationUtcTime: 2024-08-20 00:14:56.262
User: MY-CALDERA\johnny.douche"
MY-CAL-WIN10.my-caldera.local,11,"File created:
RuleName: DO
UtcTime: 2024-08-20 00:14:56.263
ProcessGuid: {ca24abc9-dffc-66c3-ef02-000000001d00}
ProcessId: 11020
Image: C:\Program Files (x86)\Microsoft Office\Root\Office16\WINWORD.EXE
TargetFilename: C:\Users\johnny.douche\AppData\Local\Microsoft\Office\16.0\winword.exe_Rules\rule490014v2.xml
CreationUtcTime: 2024-08-20 00:14:56.263
User: MY-CALDERA\johnny.douche"
MY-CAL-WIN10.my-caldera.local,11,"File created:
RuleName: DO
UtcTime: 2024-08-20 00:14:56.266
ProcessGuid: {ca24abc9-dffc-66c3-ef02-000000001d00}
ProcessId: 11020
Image: C:\Program Files (x86)\Microsoft Office\Root\Office16\WINWORD.EXE
TargetFilename: C:\Users\johnny.douche\AppData\Local\Microsoft\Office\16.0\winword.exe_Rules\rule490015v2.xml
CreationUtcTime: 2024-08-20 00:14:56.265
User: MY-CALDERA\johnny.douche"
MY-CAL-WIN10.my-caldera.local,11,"File created:
RuleName: DO
UtcTime: 2024-08-20 00:14:56.267
ProcessGuid: {ca24abc9-dffc-66c3-ef02-000000001d00}
ProcessId: 11020
Image: C:\Program Files (x86)\Microsoft Office\Root\Office16\WINWORD.EXE
TargetFilename: C:\Users\johnny.douche\AppData\Local\Microsoft\Office\16.0\winword.exe_Rules\rule490015v3.xml
CreationUtcTime: 2024-08-20 00:14:56.267
User: MY-CALDERA\johnny.douche"
MY-CAL-WIN10.my-caldera.local,11,"File created:
RuleName: DO
UtcTime: 2024-08-20 00:14:56.268
ProcessGuid: {ca24abc9-dffc-66c3-ef02-000000001d00}
ProcessId: 11020
Image: C:\Program Files (x86)\Microsoft Office\Root\Office16\WINWORD.EXE
TargetFilename: C:\Users\johnny.douche\AppData\Local\Microsoft\Office\16.0\winword.exe_Rules\rule490015v4.xml
CreationUtcTime: 2024-08-20 00:14:56.268
User: MY-CALDERA\johnny.douche"
MY-CAL-WIN10.my-caldera.local,11,"File created:
RuleName: DO
UtcTime: 2024-08-20 00:14:56.269
ProcessGuid: {ca24abc9-dffc-66c3-ef02-000000001d00}
ProcessId: 11020
Image: C:\Program Files (x86)\Microsoft Office\Root\Office16\WINWORD.EXE
TargetFilename: C:\Users\johnny.douche\AppData\Local\Microsoft\Office\16.0\winword.exe_Rules\rule490015v5.xml
CreationUtcTime: 2024-08-20 00:14:56.269
User: MY-CALDERA\johnny.douche"
MY-CAL-WIN10.my-caldera.local,11,"File created:
RuleName: DO
UtcTime: 2024-08-20 00:14:56.271
ProcessGuid: {ca24abc9-dffc-66c3-ef02-000000001d00}
ProcessId: 11020
Image: C:\Program Files (x86)\Microsoft Office\Root\Office16\WINWORD.EXE
TargetFilename: C:\Users\johnny.douche\AppData\Local\Microsoft\Office\16.0\winword.exe_Rules\rule490016v3.xml
CreationUtcTime: 2024-08-20 00:14:56.271
User: MY-CALDERA\johnny.douche"
MY-CAL-WIN10.my-caldera.local,11,"File created:
RuleName: DO
UtcTime: 2024-08-20 00:14:56.272
ProcessGuid: {ca24abc9-dffc-66c3-ef02-000000001d00}
ProcessId: 11020
Image: C:\Program Files (x86)\Microsoft Office\Root\Office16\WINWORD.EXE
TargetFilename: C:\Users\johnny.douche\AppData\Local\Microsoft\Office\16.0\winword.exe_Rules\rule490018v3.xml
CreationUtcTime: 2024-08-20 00:14:56.272
User: MY-CALDERA\johnny.douche"
MY-CAL-WIN10.my-caldera.local,11,"File created:
RuleName: DO
UtcTime: 2024-08-20 00:14:56.274
ProcessGuid: {ca24abc9-dffc-66c3-ef02-000000001d00}
ProcessId: 11020
Image: C:\Program Files (x86)\Microsoft Office\Root\Office16\WINWORD.EXE
TargetFilename: C:\Users\johnny.douche\AppData\Local\Microsoft\Office\16.0\winword.exe_Rules\rule490020v3.xml
CreationUtcTime: 2024-08-20 00:14:56.273
User: MY-CALDERA\johnny.douche"
MY-CAL-WIN10.my-caldera.local,11,"File created:
RuleName: DO
UtcTime: 2024-08-20 00:14:56.275
ProcessGuid: {ca24abc9-dffc-66c3-ef02-000000001d00}
ProcessId: 11020
Image: C:\Program Files (x86)\Microsoft Office\Root\Office16\WINWORD.EXE
TargetFilename: C:\Users\johnny.douche\AppData\Local\Microsoft\Office\16.0\winword.exe_Rules\rule490023v0.xml
CreationUtcTime: 2024-08-20 00:14:56.274
User: MY-CALDERA\johnny.douche"
MY-CAL-WIN10.my-caldera.local,11,"File created:
RuleName: DO
UtcTime: 2024-08-20 00:14:56.277
ProcessGuid: {ca24abc9-dffc-66c3-ef02-000000001d00}
ProcessId: 11020
Image: C:\Program Files (x86)\Microsoft Office\Root\Office16\WINWORD.EXE
TargetFilename: C:\Users\johnny.douche\AppData\Local\Microsoft\Office\16.0\winword.exe_Rules\rule490024v0.xml
CreationUtcTime: 2024-08-20 00:14:56.276
User: MY-CALDERA\johnny.douche"
MY-CAL-WIN10.my-caldera.local,11,"File created:
RuleName: DO
UtcTime: 2024-08-20 00:14:56.278
ProcessGuid: {ca24abc9-dffc-66c3-ef02-000000001d00}
ProcessId: 11020
Image: C:\Program Files (x86)\Microsoft Office\Root\Office16\WINWORD.EXE
TargetFilename: C:\Users\johnny.douche\AppData\Local\Microsoft\Office\16.0\winword.exe_Rules\rule490025v0.xml
CreationUtcTime: 2024-08-20 00:14:56.278
User: MY-CALDERA\johnny.douche"
