MY-CAL-WIN10.my-caldera.local,11,"File created:
RuleName: DO
UtcTime: 2024-08-20 00:20:58.934
ProcessGuid: {ca24abc9-e16a-66c3-a603-000000001d00}
ProcessId: 2076
Image: C:\Windows\Microsoft.NET\Framework64\v4.0.30319\csc.exe
TargetFilename: C:\Users\johnny.douche\AppData\Local\Temp\xbqm2o20\CSCC7F8A3F19D724EF79ED34C2127BB604D.TMP
CreationUtcTime: 2024-08-20 00:20:58.934
User: MY-CALDERA\johnny.douche"
MY-CAL-WIN10.my-caldera.local,11,"File created:
RuleName: DO
UtcTime: 2024-08-20 00:20:58.936
ProcessGuid: {ca24abc9-e16a-66c3-a603-000000001d00}
ProcessId: 2076
Image: C:\Windows\Microsoft.NET\Framework64\v4.0.30319\csc.exe
TargetFilename: C:\Users\JOHNNY~1.DOU\AppData\Local\Temp\RES98CF.tmp
CreationUtcTime: 2024-08-20 00:20:58.936
User: MY-CALDERA\johnny.douche"
MY-CAL-WIN10.my-caldera.local,11,"File created:
RuleName: DO
UtcTime: 2024-08-20 00:20:58.962
ProcessGuid: {ca24abc9-e16a-66c3-a703-000000001d00}
ProcessId: 7636
Image: C:\Windows\Microsoft.NET\Framework64\v4.0.30319\cvtres.exe
TargetFilename: C:\Users\JOHNNY~1.DOU\AppData\Local\Temp\RES98CF.tmp
CreationUtcTime: 2024-08-20 00:20:58.936
User: MY-CALDERA\johnny.douche"
MY-CAL-WIN10.my-caldera.local,11,"File created:
RuleName: DLL
UtcTime: 2024-08-20 00:20:58.971
ProcessGuid: {ca24abc9-e16a-66c3-a603-000000001d00}
ProcessId: 2076
Image: C:\Windows\Microsoft.NET\Framework64\v4.0.30319\csc.exe
TargetFilename: C:\Users\johnny.douche\AppData\Local\Temp\xbqm2o20\xbqm2o20.dll
CreationUtcTime: 2024-08-20 00:20:58.783
User: MY-CALDERA\johnny.douche"
MY-CAL-WIN10.my-caldera.local,11,"File created:
RuleName: DO
UtcTime: 2024-08-20 00:20:58.781
ProcessGuid: {ca24abc9-e169-66c3-a503-000000001d00}
ProcessId: 8720
Image: C:\Windows\System32\WindowsPowerShell\v1.0\powershell.exe
TargetFilename: C:\Users\johnny.douche\AppData\Local\Temp\xbqm2o20
CreationUtcTime: 2024-08-20 00:20:58.779
User: MY-CALDERA\johnny.douche"
MY-CAL-WIN10.my-caldera.local,11,"File created:
RuleName: DO
UtcTime: 2024-08-20 00:20:59.629
ProcessGuid: {ca24abc9-e169-66c3-a503-000000001d00}
ProcessId: 8720
Image: C:\Windows\System32\WindowsPowerShell\v1.0\powershell.exe
TargetFilename: C:\Users\johnny.douche\AppData\Local\Temp\Microsoft.PackageManagement\2noe1thf.p2f
CreationUtcTime: 2024-08-20 00:20:59.629
User: MY-CALDERA\johnny.douche"
MY-CAL-WIN10.my-caldera.local,11,"File created:
RuleName: Sysmonv1514
UtcTime: 2024-08-20 00:21:14.782
ProcessGuid: {ca24abc9-d6b1-66c3-ba00-000000001d00}
ProcessId: 6760
Image: C:\Program Files\WinlogBeat\winlogbeat.exe
TargetFilename: C:\ProgramData\winlogbeat\.winlogbeat.yml.new
CreationUtcTime: 2024-08-20 00:11:02.025
User: NT AUTHORITY\SYSTEM"
MY-CAL-WIN10.my-caldera.local,11,"File created:
RuleName: DO
UtcTime: 2024-08-20 00:21:15.495
ProcessGuid: {ca24abc9-e16d-66c3-a803-000000001d00}
ProcessId: 32
Image: C:\Windows\System32\WindowsPowerShell\v1.0\powershell.exe
TargetFilename: C:\Users\johnny.douche\AppData\Local\Microsoft\Windows\PowerShell\StartupProfileData-NonInteractive
CreationUtcTime: 2024-03-28 01:06:06.420
User: MY-CALDERA\johnny.douche"
MY-CAL-WIN10.my-caldera.local,11,"File created:
RuleName: DO
UtcTime: 2024-08-20 00:21:22.694
ProcessGuid: {ca24abc9-e182-66c3-b403-000000001d00}
ProcessId: 9220
Image: C:\Windows\Microsoft.NET\Framework64\v4.0.30319\csc.exe
TargetFilename: C:\Users\johnny.douche\AppData\Local\Temp\hoid32xi\CSCF7AB3CB47A542B2927AAA30D5D9DB7.TMP
CreationUtcTime: 2024-08-20 00:21:22.693
User: MY-CALDERA\johnny.douche"
MY-CAL-WIN10.my-caldera.local,11,"File created:
RuleName: DO
UtcTime: 2024-08-20 00:21:22.696
ProcessGuid: {ca24abc9-e182-66c3-b403-000000001d00}
ProcessId: 9220
Image: C:\Windows\Microsoft.NET\Framework64\v4.0.30319\csc.exe
TargetFilename: C:\Users\JOHNNY~1.DOU\AppData\Local\Temp\RESF5A4.tmp
CreationUtcTime: 2024-08-20 00:21:22.696
User: MY-CALDERA\johnny.douche"
MY-CAL-WIN10.my-caldera.local,11,"File created:
RuleName: DO
UtcTime: 2024-08-20 00:21:22.751
ProcessGuid: {ca24abc9-e182-66c3-b503-000000001d00}
ProcessId: 9840
Image: C:\Windows\Microsoft.NET\Framework64\v4.0.30319\cvtres.exe
TargetFilename: C:\Users\JOHNNY~1.DOU\AppData\Local\Temp\RESF5A4.tmp
CreationUtcTime: 2024-08-20 00:21:22.696
User: MY-CALDERA\johnny.douche"
MY-CAL-WIN10.my-caldera.local,11,"File created:
RuleName: DLL
UtcTime: 2024-08-20 00:21:22.760
ProcessGuid: {ca24abc9-e182-66c3-b403-000000001d00}
ProcessId: 9220
Image: C:\Windows\Microsoft.NET\Framework64\v4.0.30319\csc.exe
TargetFilename: C:\Users\johnny.douche\AppData\Local\Temp\hoid32xi\hoid32xi.dll
CreationUtcTime: 2024-08-20 00:21:22.504
User: MY-CALDERA\johnny.douche"
MY-CAL-WIN10.my-caldera.local,11,"File created:
RuleName: DO
UtcTime: 2024-08-20 00:21:23.508
ProcessGuid: {ca24abc9-e181-66c3-b203-000000001d00}
ProcessId: 6576
Image: C:\Windows\System32\WindowsPowerShell\v1.0\powershell.exe
TargetFilename: C:\Users\johnny.douche\AppData\Local\Temp\Microsoft.PackageManagement\v03xrvmj.pqg
CreationUtcTime: 2024-08-20 00:21:23.507
User: MY-CALDERA\johnny.douche"
MY-CAL-WIN10.my-caldera.local,11,"File created:
RuleName: Sysmonv1514
UtcTime: 2024-08-20 00:21:24.219
ProcessGuid: {ca24abc9-d6b1-66c3-ba00-000000001d00}
ProcessId: 6760
Image: C:\Program Files\WinlogBeat\winlogbeat.exe
TargetFilename: C:\ProgramData\winlogbeat\.winlogbeat.yml.new
CreationUtcTime: 2024-08-20 00:11:02.025
User: NT AUTHORITY\SYSTEM"
MY-CAL-WIN10.my-caldera.local,11,"File created:
RuleName: DO
UtcTime: 2024-08-20 00:21:28.606
ProcessGuid: {ca24abc9-e186-66c3-b603-000000001d00}
ProcessId: 660
Image: C:\Windows\System32\WindowsPowerShell\v1.0\powershell.exe
TargetFilename: C:\Users\johnny.douche\AppData\Local\Temp\Microsoft.PackageManagement\nz5nzjzy.rbt
CreationUtcTime: 2024-08-20 00:21:28.546
User: MY-CALDERA\johnny.douche"
MY-CAL-WIN10.my-caldera.local,11,"File created:
RuleName: DO
UtcTime: 2024-08-20 00:21:28.547
ProcessGuid: {ca24abc9-e186-66c3-b603-000000001d00}
ProcessId: 660
Image: C:\Windows\System32\WindowsPowerShell\v1.0\powershell.exe
TargetFilename: C:\Users\johnny.douche\AppData\Local\Temp\Microsoft.PackageManagement\nz5nzjzy.rbt
CreationUtcTime: 2024-08-20 00:21:28.546
User: MY-CALDERA\johnny.douche"
MY-CAL-WIN10.my-caldera.local,11,"File created:
RuleName: DO
UtcTime: 2024-08-20 00:21:28.595
ProcessGuid: {ca24abc9-e186-66c3-b603-000000001d00}
ProcessId: 660
Image: C:\Windows\System32\WindowsPowerShell\v1.0\powershell.exe
TargetFilename: C:\Users\johnny.douche\AppData\Local\Temp\Microsoft.PackageManagement\nz5nzjzy.rbt
CreationUtcTime: 2024-08-20 00:21:28.546
User: MY-CALDERA\johnny.douche"
MY-CAL-WIN10.my-caldera.local,11,"File created:
RuleName: Sysmonv1514
UtcTime: 2024-08-20 00:21:29.275
ProcessGuid: {ca24abc9-d6b1-66c3-ba00-000000001d00}
ProcessId: 6760
Image: C:\Program Files\WinlogBeat\winlogbeat.exe
TargetFilename: C:\ProgramData\winlogbeat\.winlogbeat.yml.new
CreationUtcTime: 2024-08-20 00:11:02.025
User: NT AUTHORITY\SYSTEM"
MY-CAL-WIN10.my-caldera.local,11,"File created:
RuleName: Sysmonv1514
UtcTime: 2024-08-20 00:21:40.278
ProcessGuid: {ca24abc9-d6b1-66c3-ba00-000000001d00}
ProcessId: 6760
Image: C:\Program Files\WinlogBeat\winlogbeat.exe
TargetFilename: C:\ProgramData\winlogbeat\.winlogbeat.yml.new
CreationUtcTime: 2024-08-20 00:11:02.025
User: NT AUTHORITY\SYSTEM"
MY-CAL-WIN10.my-caldera.local,11,"File created:
RuleName: Sysmonv1514
UtcTime: 2024-08-20 00:21:45.291
ProcessGuid: {ca24abc9-d6b1-66c3-ba00-000000001d00}
ProcessId: 6760
Image: C:\Program Files\WinlogBeat\winlogbeat.exe
TargetFilename: C:\ProgramData\winlogbeat\.winlogbeat.yml.new
CreationUtcTime: 2024-08-20 00:11:02.025
User: NT AUTHORITY\SYSTEM"
MY-CAL-WIN10.my-caldera.local,11,"File created:
RuleName: DO
UtcTime: 2024-08-20 00:21:44.872
ProcessGuid: {ca24abc9-e198-66c3-bd03-000000001d00}
ProcessId: 10628
Image: C:\Windows\System32\WindowsPowerShell\v1.0\powershell.exe
TargetFilename: C:\Users\johnny.douche\AppData\Local\Microsoft\Windows\PowerShell\StartupProfileData-NonInteractive
CreationUtcTime: 2024-03-28 01:06:06.420
User: MY-CALDERA\johnny.douche"
MY-CAL-WIN10.my-caldera.local,11,"File created:
RuleName: DO
UtcTime: 2024-08-20 00:21:48.575
ProcessGuid: {ca24abc9-e19c-66c3-c303-000000001d00}
ProcessId: 1144
Image: C:\Windows\System32\WindowsPowerShell\v1.0\powershell.exe
TargetFilename: C:\Users\johnny.douche\AppData\Local\Microsoft\Windows\PowerShell\StartupProfileData-NonInteractive
CreationUtcTime: 2024-03-28 01:06:06.420
User: MY-CALDERA\johnny.douche"
MY-CAL-WIN10.my-caldera.local,11,"File created:
RuleName: DO
UtcTime: 2024-08-20 00:21:48.146
ProcessGuid: {ca24abc9-e19b-66c3-c203-000000001d00}
ProcessId: 1608
Image: C:\Windows\System32\WindowsPowerShell\v1.0\powershell.exe
TargetFilename: C:\Users\johnny.douche\AppData\Local\Microsoft\Windows\PowerShell\StartupProfileData-NonInteractive
CreationUtcTime: 2024-03-28 01:06:06.420
User: MY-CALDERA\johnny.douche"
MY-CAL-WIN10.my-caldera.local,11,"File created:
RuleName: Sysmonv1514
UtcTime: 2024-08-20 00:22:53.589
ProcessGuid: {ca24abc9-e1bc-66c3-dc03-000000001d00}
ProcessId: 9396
Image: C:\Windows\System32\WindowsPowerShell\v1.0\powershell.exe
TargetFilename: C:\AtomicRedTeam\ExternalPayloads\T1095\nmap-7.80\nselib\data\psexec\nmap_service.vcproj
CreationUtcTime: 2024-08-20 00:22:53.589
User: MY-CALDERA\johnny.douche"
MY-CAL-WIN10.my-caldera.local,11,"File created:
RuleName: Sysmonv1514
UtcTime: 2024-08-20 00:23:56.347
ProcessGuid: {ca24abc9-e216-66c3-f603-000000001d00}
ProcessId: 7004
Image: C:\Windows\system32\WindowsPowerShell\v1.0\powershell.exe
TargetFilename: C:\ProgramData\Microsoft\Windows Defender Advanced Threat Protection\DataCollection\8764.11253011.0.11253011.11253011-0aa2a9a1d9f4cbae1b8d23d120f639e384c1eb88\OpenHandleCollector.exe
CreationUtcTime: 2024-08-20 00:23:56.346
User: NT AUTHORITY\SYSTEM"
MY-CAL-WIN10.my-caldera.local,11,"File created:
RuleName: Sysmonv1514
UtcTime: 2024-08-20 00:23:57.026
ProcessGuid: {ca24abc9-d6b1-66c3-ba00-000000001d00}
ProcessId: 6760
Image: C:\Program Files\WinlogBeat\winlogbeat.exe
TargetFilename: C:\ProgramData\winlogbeat\.winlogbeat.yml.new
CreationUtcTime: 2024-08-20 00:11:02.025
User: NT AUTHORITY\SYSTEM"
MY-CAL-WIN10.my-caldera.local,11,"File created:
RuleName: DO
UtcTime: 2024-08-20 00:24:33.564
ProcessGuid: {ca24abc9-e240-66c3-1404-000000001d00}
ProcessId: 3496
Image: C:\Windows\System32\WindowsPowerShell\v1.0\powershell.exe
TargetFilename: C:\Users\johnny.douche\AppData\Local\Temp\lnnp4vjm\lnnp4vjm.tmp
CreationUtcTime: 2024-08-20 00:24:33.564
User: MY-CALDERA\johnny.douche"
MY-CAL-WIN10.my-caldera.local,11,"File created:
RuleName: DO
UtcTime: 2024-08-20 00:24:34.052
ProcessGuid: {ca24abc9-e241-66c3-1504-000000001d00}
ProcessId: 1124
Image: C:\Windows\Microsoft.NET\Framework64\v4.0.30319\csc.exe
TargetFilename: C:\Users\johnny.douche\AppData\Local\Temp\lnnp4vjm\CSCADA30E197557444899994396DE866AE7.TMP
CreationUtcTime: 2024-08-20 00:24:34.052
User: MY-CALDERA\johnny.douche"
MY-CAL-WIN10.my-caldera.local,11,"File created:
RuleName: DO
UtcTime: 2024-08-20 00:24:33.563
ProcessGuid: {ca24abc9-e240-66c3-1404-000000001d00}
ProcessId: 3496
Image: C:\Windows\System32\WindowsPowerShell\v1.0\powershell.exe
TargetFilename: C:\Users\johnny.douche\AppData\Local\Temp\lnnp4vjm
CreationUtcTime: 2024-08-20 00:24:33.563
User: MY-CALDERA\johnny.douche"
MY-CAL-WIN10.my-caldera.local,11,"File created:
RuleName: DO
UtcTime: 2024-08-20 00:24:34.091
ProcessGuid: {ca24abc9-e242-66c3-1604-000000001d00}
ProcessId: 3672
Image: C:\Windows\Microsoft.NET\Framework64\v4.0.30319\cvtres.exe
TargetFilename: C:\Users\JOHNNY~1.DOU\AppData\Local\Temp\RESE124.tmp
CreationUtcTime: 2024-08-20 00:24:34.054
User: MY-CALDERA\johnny.douche"
MY-CAL-WIN10.my-caldera.local,11,"File created:
RuleName: DO
UtcTime: 2024-08-20 00:24:33.574
ProcessGuid: {ca24abc9-e240-66c3-1404-000000001d00}
ProcessId: 3496
Image: C:\Windows\System32\WindowsPowerShell\v1.0\powershell.exe
TargetFilename: C:\Users\johnny.douche\AppData\Local\Temp\lnnp4vjm\lnnp4vjm.out
CreationUtcTime: 2024-08-20 00:24:33.571
User: MY-CALDERA\johnny.douche"
MY-CAL-WIN10.my-caldera.local,11,"File created:
RuleName: DO
UtcTime: 2024-08-20 00:24:33.574
ProcessGuid: {ca24abc9-e240-66c3-1404-000000001d00}
ProcessId: 3496
Image: C:\Windows\System32\WindowsPowerShell\v1.0\powershell.exe
TargetFilename: C:\Users\johnny.douche\AppData\Local\Temp\lnnp4vjm\lnnp4vjm.err
CreationUtcTime: 2024-08-20 00:24:33.574
User: MY-CALDERA\johnny.douche"
MY-CAL-WIN10.my-caldera.local,11,"File created:
RuleName: DO
UtcTime: 2024-08-20 00:24:34.054
ProcessGuid: {ca24abc9-e241-66c3-1504-000000001d00}
ProcessId: 1124
Image: C:\Windows\Microsoft.NET\Framework64\v4.0.30319\csc.exe
TargetFilename: C:\Users\JOHNNY~1.DOU\AppData\Local\Temp\RESE124.tmp
CreationUtcTime: 2024-08-20 00:24:34.054
User: MY-CALDERA\johnny.douche"
MY-CAL-WIN10.my-caldera.local,11,"File created:
RuleName: Sysmonv1514
UtcTime: 2024-08-20 00:24:33.568
ProcessGuid: {ca24abc9-e240-66c3-1404-000000001d00}
ProcessId: 3496
Image: C:\Windows\System32\WindowsPowerShell\v1.0\powershell.exe
TargetFilename: C:\Users\johnny.douche\AppData\Local\Temp\lnnp4vjm\lnnp4vjm.cmdline
CreationUtcTime: 2024-08-20 00:24:33.568
User: MY-CALDERA\johnny.douche"
MY-CAL-WIN10.my-caldera.local,11,"File created:
RuleName: DLL
UtcTime: 2024-08-20 00:24:34.100
ProcessGuid: {ca24abc9-e241-66c3-1504-000000001d00}
ProcessId: 1124
Image: C:\Windows\Microsoft.NET\Framework64\v4.0.30319\csc.exe
TargetFilename: C:\Users\johnny.douche\AppData\Local\Temp\lnnp4vjm\lnnp4vjm.dll
CreationUtcTime: 2024-08-20 00:24:33.567
User: MY-CALDERA\johnny.douche"
MY-CAL-WIN10.my-caldera.local,11,"File created:
RuleName: DLL
UtcTime: 2024-08-20 00:24:33.567
ProcessGuid: {ca24abc9-e240-66c3-1404-000000001d00}
ProcessId: 3496
Image: C:\Windows\System32\WindowsPowerShell\v1.0\powershell.exe
TargetFilename: C:\Users\johnny.douche\AppData\Local\Temp\lnnp4vjm\lnnp4vjm.dll
CreationUtcTime: 2024-08-20 00:24:33.567
User: MY-CALDERA\johnny.douche"
MY-CAL-WIN10.my-caldera.local,11,"File created:
RuleName: DO
UtcTime: 2024-08-20 00:24:33.565
ProcessGuid: {ca24abc9-e240-66c3-1404-000000001d00}
ProcessId: 3496
Image: C:\Windows\System32\WindowsPowerShell\v1.0\powershell.exe
TargetFilename: C:\Users\johnny.douche\AppData\Local\Temp\lnnp4vjm\lnnp4vjm.0.cs
CreationUtcTime: 2024-08-20 00:24:33.565
User: MY-CALDERA\johnny.douche"
MY-CAL-WIN10.my-caldera.local,11,"File created:
RuleName: Sysmonv1514
UtcTime: 2024-08-20 00:24:41.317
ProcessGuid: {ca24abc9-d6b1-66c3-ba00-000000001d00}
ProcessId: 6760
Image: C:\Program Files\WinlogBeat\winlogbeat.exe
TargetFilename: C:\ProgramData\winlogbeat\.winlogbeat.yml.new
CreationUtcTime: 2024-08-20 00:11:02.025
User: NT AUTHORITY\SYSTEM"
MY-CAL-WIN10.my-caldera.local,11,"File created:
RuleName: Sysmonv1514
UtcTime: 2024-08-20 00:24:42.086
ProcessGuid: {ca24abc9-e249-66c3-1a04-000000001d00}
ProcessId: 32
Image: C:\Windows\System32\WindowsPowerShell\v1.0\powershell.exe
TargetFilename: C:\Users\johnny.douche\AppData\Local\Temp\fkxlr3wv\fkxlr3wv.cmdline
CreationUtcTime: 2024-08-20 00:24:42.086
User: MY-CALDERA\johnny.douche"
MY-CAL-WIN10.my-caldera.local,11,"File created:
RuleName: DLL
UtcTime: 2024-08-20 00:24:42.086
ProcessGuid: {ca24abc9-e249-66c3-1a04-000000001d00}
ProcessId: 32
Image: C:\Windows\System32\WindowsPowerShell\v1.0\powershell.exe
TargetFilename: C:\Users\johnny.douche\AppData\Local\Temp\fkxlr3wv\fkxlr3wv.dll
CreationUtcTime: 2024-08-20 00:24:42.085
User: MY-CALDERA\johnny.douche"
MY-CAL-WIN10.my-caldera.local,11,"File created:
RuleName: DLL
UtcTime: 2024-08-20 00:24:42.504
ProcessGuid: {ca24abc9-e24a-66c3-1c04-000000001d00}
ProcessId: 2388
Image: C:\Windows\Microsoft.NET\Framework64\v4.0.30319\csc.exe
TargetFilename: C:\Users\johnny.douche\AppData\Local\Temp\fkxlr3wv\fkxlr3wv.dll
CreationUtcTime: 2024-08-20 00:24:42.085
User: MY-CALDERA\johnny.douche"
MY-CAL-WIN10.my-caldera.local,11,"File created:
RuleName: DO
UtcTime: 2024-08-20 00:24:42.084
ProcessGuid: {ca24abc9-e249-66c3-1a04-000000001d00}
ProcessId: 32
Image: C:\Windows\System32\WindowsPowerShell\v1.0\powershell.exe
TargetFilename: C:\Users\johnny.douche\AppData\Local\Temp\fkxlr3wv\fkxlr3wv.0.cs
CreationUtcTime: 2024-08-20 00:24:42.084
User: MY-CALDERA\johnny.douche"
MY-CAL-WIN10.my-caldera.local,11,"File created:
RuleName: DO
UtcTime: 2024-08-20 00:24:42.147
ProcessGuid: {ca24abc9-e249-66c3-1a04-000000001d00}
ProcessId: 32
Image: C:\Windows\System32\WindowsPowerShell\v1.0\powershell.exe
TargetFilename: C:\Users\johnny.douche\AppData\Local\Temp\fkxlr3wv\fkxlr3wv.err
CreationUtcTime: 2024-08-20 00:24:42.147
User: MY-CALDERA\johnny.douche"
MY-CAL-WIN10.my-caldera.local,11,"File created:
RuleName: DO
UtcTime: 2024-08-20 00:24:42.377
ProcessGuid: {ca24abc9-e24a-66c3-1c04-000000001d00}
ProcessId: 2388
Image: C:\Windows\Microsoft.NET\Framework64\v4.0.30319\csc.exe
TargetFilename: C:\Users\johnny.douche\AppData\Local\Temp\fkxlr3wv\CSC1F2742845344A3DB0F4A9D0E8251927.TMP
CreationUtcTime: 2024-08-20 00:24:42.376
User: MY-CALDERA\johnny.douche"
MY-CAL-WIN10.my-caldera.local,11,"File created:
RuleName: DO
UtcTime: 2024-08-20 00:24:42.147
ProcessGuid: {ca24abc9-e249-66c3-1a04-000000001d00}
ProcessId: 32
Image: C:\Windows\System32\WindowsPowerShell\v1.0\powershell.exe
TargetFilename: C:\Users\johnny.douche\AppData\Local\Temp\fkxlr3wv\fkxlr3wv.out
CreationUtcTime: 2024-08-20 00:24:42.088
User: MY-CALDERA\johnny.douche"
MY-CAL-WIN10.my-caldera.local,11,"File created:
RuleName: DO
UtcTime: 2024-08-20 00:24:42.415
ProcessGuid: {ca24abc9-e24a-66c3-1d04-000000001d00}
ProcessId: 3180
Image: C:\Windows\Microsoft.NET\Framework64\v4.0.30319\cvtres.exe
TargetFilename: C:\Users\JOHNNY~1.DOU\AppData\Local\Temp\RES1AC.tmp
CreationUtcTime: 2024-08-20 00:24:42.378
User: MY-CALDERA\johnny.douche"
MY-CAL-WIN10.my-caldera.local,11,"File created:
RuleName: DO
UtcTime: 2024-08-20 00:24:40.979
ProcessGuid: {ca24abc9-e244-66c3-1704-000000001d00}
ProcessId: 1176
Image: C:\Windows\System32\WindowsPowerShell\v1.0\powershell.exe
TargetFilename: C:\Users\johnny.douche\AppData\Local\Microsoft\Windows\PowerShell\StartupProfileData-NonInteractive
CreationUtcTime: 2024-03-28 01:06:06.420
User: MY-CALDERA\johnny.douche"
MY-CAL-WIN10.my-caldera.local,11,"File created:
RuleName: DO
UtcTime: 2024-08-20 00:24:42.083
ProcessGuid: {ca24abc9-e249-66c3-1a04-000000001d00}
ProcessId: 32
Image: C:\Windows\System32\WindowsPowerShell\v1.0\powershell.exe
TargetFilename: C:\Users\johnny.douche\AppData\Local\Temp\fkxlr3wv
CreationUtcTime: 2024-08-20 00:24:42.083
User: MY-CALDERA\johnny.douche"
MY-CAL-WIN10.my-caldera.local,11,"File created:
RuleName: DO
UtcTime: 2024-08-20 00:24:42.084
ProcessGuid: {ca24abc9-e249-66c3-1a04-000000001d00}
ProcessId: 32
Image: C:\Windows\System32\WindowsPowerShell\v1.0\powershell.exe
TargetFilename: C:\Users\johnny.douche\AppData\Local\Temp\fkxlr3wv\fkxlr3wv.tmp
CreationUtcTime: 2024-08-20 00:24:42.083
User: MY-CALDERA\johnny.douche"
MY-CAL-WIN10.my-caldera.local,11,"File created:
RuleName: DO
UtcTime: 2024-08-20 00:24:42.379
ProcessGuid: {ca24abc9-e24a-66c3-1c04-000000001d00}
ProcessId: 2388
Image: C:\Windows\Microsoft.NET\Framework64\v4.0.30319\csc.exe
TargetFilename: C:\Users\JOHNNY~1.DOU\AppData\Local\Temp\RES1AC.tmp
CreationUtcTime: 2024-08-20 00:24:42.378
User: MY-CALDERA\johnny.douche"
MY-CAL-WIN10.my-caldera.local,11,"File created:
RuleName: Sysmonv1514
UtcTime: 2024-08-20 00:24:51.353
ProcessGuid: {ca24abc9-d6b1-66c3-ba00-000000001d00}
ProcessId: 6760
Image: C:\Program Files\WinlogBeat\winlogbeat.exe
TargetFilename: C:\ProgramData\winlogbeat\.winlogbeat.yml.new
CreationUtcTime: 2024-08-20 00:11:02.025
User: NT AUTHORITY\SYSTEM"
MY-CAL-WIN10.my-caldera.local,11,"File created:
RuleName: DO
UtcTime: 2024-08-20 00:25:18.188
ProcessGuid: {ca24abc9-e26d-66c3-2404-000000001d00}
ProcessId: 7448
Image: C:\Program Files\Microsoft OneDrive\24.151.0728.0003\FileCoAuth.exe
TargetFilename: C:\Users\johnny.douche\AppData\Local\Microsoft\OneDrive\logs\Common\FileCoAuth-2024-08-20.0025.7448.1.aodl
CreationUtcTime: 2024-08-20 00:25:18.188
User: MY-CALDERA\johnny.douche"
MY-CAL-WIN10.my-caldera.local,11,"File created:
RuleName: DO
UtcTime: 2024-08-20 00:26:04.417
ProcessGuid: {ca24abc9-e299-66c3-3304-000000001d00}
ProcessId: 7716
Image: C:\Windows\System32\WindowsPowerShell\v1.0\powershell.exe
TargetFilename: C:\Users\johnny.douche\AppData\Local\Microsoft\Windows\PowerShell\StartupProfileData-NonInteractive
CreationUtcTime: 2024-03-28 01:06:06.420
User: MY-CALDERA\johnny.douche"
MY-CAL-WIN10.my-caldera.local,11,"File created:
RuleName: DO
UtcTime: 2024-08-20 00:26:05.279
ProcessGuid: {ca24abc9-e29c-66c3-3604-000000001d00}
ProcessId: 10920
Image: C:\Windows\System32\WindowsPowerShell\v1.0\powershell.exe
TargetFilename: C:\Users\johnny.douche\AppData\Local\Temp\qkvjcmvm\qkvjcmvm.0.cs
CreationUtcTime: 2024-08-20 00:26:05.279
User: MY-CALDERA\johnny.douche"
MY-CAL-WIN10.my-caldera.local,11,"File created:
RuleName: DO
UtcTime: 2024-08-20 00:26:05.285
ProcessGuid: {ca24abc9-e29c-66c3-3604-000000001d00}
ProcessId: 10920
Image: C:\Windows\System32\WindowsPowerShell\v1.0\powershell.exe
TargetFilename: C:\Users\johnny.douche\AppData\Local\Temp\qkvjcmvm\qkvjcmvm.err
CreationUtcTime: 2024-08-20 00:26:05.285
User: MY-CALDERA\johnny.douche"
MY-CAL-WIN10.my-caldera.local,11,"File created:
RuleName: DLL
UtcTime: 2024-08-20 00:26:05.281
ProcessGuid: {ca24abc9-e29c-66c3-3604-000000001d00}
ProcessId: 10920
Image: C:\Windows\System32\WindowsPowerShell\v1.0\powershell.exe
TargetFilename: C:\Users\johnny.douche\AppData\Local\Temp\qkvjcmvm\qkvjcmvm.dll
CreationUtcTime: 2024-08-20 00:26:05.280
User: MY-CALDERA\johnny.douche"
MY-CAL-WIN10.my-caldera.local,11,"File created:
RuleName: DO
UtcTime: 2024-08-20 00:26:05.279
ProcessGuid: {ca24abc9-e29c-66c3-3604-000000001d00}
ProcessId: 10920
Image: C:\Windows\System32\WindowsPowerShell\v1.0\powershell.exe
TargetFilename: C:\Users\johnny.douche\AppData\Local\Temp\qkvjcmvm\qkvjcmvm.tmp
CreationUtcTime: 2024-08-20 00:26:05.278
User: MY-CALDERA\johnny.douche"
MY-CAL-WIN10.my-caldera.local,11,"File created:
RuleName: DO
UtcTime: 2024-08-20 00:26:05.278
ProcessGuid: {ca24abc9-e29c-66c3-3604-000000001d00}
ProcessId: 10920
Image: C:\Windows\System32\WindowsPowerShell\v1.0\powershell.exe
TargetFilename: C:\Users\johnny.douche\AppData\Local\Temp\qkvjcmvm
CreationUtcTime: 2024-08-20 00:26:05.278
User: MY-CALDERA\johnny.douche"
MY-CAL-WIN10.my-caldera.local,11,"File created:
RuleName: Sysmonv1514
UtcTime: 2024-08-20 00:26:05.281
ProcessGuid: {ca24abc9-e29c-66c3-3604-000000001d00}
ProcessId: 10920
Image: C:\Windows\System32\WindowsPowerShell\v1.0\powershell.exe
TargetFilename: C:\Users\johnny.douche\AppData\Local\Temp\qkvjcmvm\qkvjcmvm.cmdline
CreationUtcTime: 2024-08-20 00:26:05.281
User: MY-CALDERA\johnny.douche"
MY-CAL-WIN10.my-caldera.local,11,"File created:
RuleName: DO
UtcTime: 2024-08-20 00:26:05.285
ProcessGuid: {ca24abc9-e29c-66c3-3604-000000001d00}
ProcessId: 10920
Image: C:\Windows\System32\WindowsPowerShell\v1.0\powershell.exe
TargetFilename: C:\Users\johnny.douche\AppData\Local\Temp\qkvjcmvm\qkvjcmvm.out
CreationUtcTime: 2024-08-20 00:26:05.283
User: MY-CALDERA\johnny.douche"
MY-CAL-WIN10.my-caldera.local,11,"File created:
RuleName: Sysmonv1514
UtcTime: 2024-08-20 00:26:15.846
ProcessGuid: {ca24abc9-d6b1-66c3-ba00-000000001d00}
ProcessId: 6760
Image: C:\Program Files\WinlogBeat\winlogbeat.exe
TargetFilename: C:\ProgramData\winlogbeat\.winlogbeat.yml.new
CreationUtcTime: 2024-08-20 00:11:02.025
User: NT AUTHORITY\SYSTEM"
MY-CAL-WIN10.my-caldera.local,11,"File created:
RuleName: DO
UtcTime: 2024-08-20 00:26:23.267
ProcessGuid: {ca24abc9-e2af-66c3-3f04-000000001d00}
ProcessId: 10148
Image: C:\Windows\Microsoft.NET\Framework64\v4.0.30319\cvtres.exe
TargetFilename: C:\Users\JOHNNY~1.DOU\AppData\Local\Temp\RES8BA7.tmp
CreationUtcTime: 2024-08-20 00:26:23.243
User: MY-CALDERA\johnny.douche"
MY-CAL-WIN10.my-caldera.local,11,"File created:
RuleName: DLL
UtcTime: 2024-08-20 00:26:23.276
ProcessGuid: {ca24abc9-e2af-66c3-3e04-000000001d00}
ProcessId: 2824
Image: C:\Windows\Microsoft.NET\Framework64\v4.0.30319\csc.exe
TargetFilename: C:\Users\johnny.douche\AppData\Local\Temp\pu4q3o5i\pu4q3o5i.dll
CreationUtcTime: 2024-08-20 00:26:23.090
User: MY-CALDERA\johnny.douche"
MY-CAL-WIN10.my-caldera.local,11,"File created:
RuleName: DO
UtcTime: 2024-08-20 00:26:23.913
ProcessGuid: {ca24abc9-e2ae-66c3-3d04-000000001d00}
ProcessId: 11188
Image: C:\Windows\System32\WindowsPowerShell\v1.0\powershell.exe
TargetFilename: C:\Users\johnny.douche\AppData\Local\Temp\Microsoft.PackageManagement\sqyv4gny.ie4
CreationUtcTime: 2024-08-20 00:26:23.912
User: MY-CALDERA\johnny.douche"
MY-CAL-WIN10.my-caldera.local,11,"File created:
RuleName: DO
UtcTime: 2024-08-20 00:26:23.242
ProcessGuid: {ca24abc9-e2af-66c3-3e04-000000001d00}
ProcessId: 2824
Image: C:\Windows\Microsoft.NET\Framework64\v4.0.30319\csc.exe
TargetFilename: C:\Users\johnny.douche\AppData\Local\Temp\pu4q3o5i\CSC52384999E8AD40B5A74B2BB6B876C.TMP
CreationUtcTime: 2024-08-20 00:26:23.241
User: MY-CALDERA\johnny.douche"
MY-CAL-WIN10.my-caldera.local,11,"File created:
RuleName: DO
UtcTime: 2024-08-20 00:26:23.244
ProcessGuid: {ca24abc9-e2af-66c3-3e04-000000001d00}
ProcessId: 2824
Image: C:\Windows\Microsoft.NET\Framework64\v4.0.30319\csc.exe
TargetFilename: C:\Users\JOHNNY~1.DOU\AppData\Local\Temp\RES8BA7.tmp
CreationUtcTime: 2024-08-20 00:26:23.243
User: MY-CALDERA\johnny.douche"
MY-CAL-WIN10.my-caldera.local,11,"File created:
RuleName: DO
UtcTime: 2024-08-20 00:26:23.951
ProcessGuid: {ca24abc9-e2ae-66c3-3d04-000000001d00}
ProcessId: 11188
Image: C:\Windows\System32\WindowsPowerShell\v1.0\powershell.exe
TargetFilename: C:\Users\johnny.douche\AppData\Local\Temp\Microsoft.PackageManagement\sqyv4gny.ie4
CreationUtcTime: 2024-08-20 00:26:23.912
User: MY-CALDERA\johnny.douche"
MY-CAL-WIN10.my-caldera.local,11,"File created:
RuleName: DO
UtcTime: 2024-08-20 00:26:23.964
ProcessGuid: {ca24abc9-e2ae-66c3-3d04-000000001d00}
ProcessId: 11188
Image: C:\Windows\System32\WindowsPowerShell\v1.0\powershell.exe
TargetFilename: C:\Users\johnny.douche\AppData\Local\Temp\Microsoft.PackageManagement\sqyv4gny.ie4
CreationUtcTime: 2024-08-20 00:26:23.912
User: MY-CALDERA\johnny.douche"
MY-CAL-WIN10.my-caldera.local,11,"File created:
RuleName: Sysmonv1514
UtcTime: 2024-08-20 00:26:24.738
ProcessGuid: {ca24abc9-d6b1-66c3-ba00-000000001d00}
ProcessId: 6760
Image: C:\Program Files\WinlogBeat\winlogbeat.exe
TargetFilename: C:\ProgramData\winlogbeat\.winlogbeat.yml.new
CreationUtcTime: 2024-08-20 00:11:02.025
User: NT AUTHORITY\SYSTEM"
MY-CAL-WIN10.my-caldera.local,11,"File created:
RuleName: DO
UtcTime: 2024-08-20 00:26:25.269
ProcessGuid: {ca24abc9-e2ae-66c3-3d04-000000001d00}
ProcessId: 11188
Image: C:\Windows\System32\WindowsPowerShell\v1.0\powershell.exe
TargetFilename: C:\Users\johnny.douche\AppData\Local\Microsoft\Windows\PowerShell\StartupProfileData-NonInteractive
CreationUtcTime: 2024-03-28 01:06:06.420
User: MY-CALDERA\johnny.douche"
MY-CAL-WIN10.my-caldera.local,11,"File created:
RuleName: Sysmonv1514
UtcTime: 2024-08-20 00:26:30.325
ProcessGuid: {ca24abc9-d648-66c3-9100-000000001d00}
ProcessId: 6396
Image: C:\Program Files\Windows Defender Advanced Threat Protection\SenseIR.exe
TargetFilename: C:\ProgramData\Microsoft\Windows Defender Advanced Threat Protection\Temp\PSScriptOutputs\PSScript_Stderr_{2AF9EC4E-CC71-49EF-B562-E3B36183E7C8}.txt
CreationUtcTime: 2024-08-20 00:26:30.325
User: NT AUTHORITY\SYSTEM"
MY-CAL-WIN10.my-caldera.local,11,"File created:
RuleName: Sysmonv1514
UtcTime: 2024-08-20 00:26:29.752
ProcessGuid: {ca24abc9-d6b1-66c3-ba00-000000001d00}
ProcessId: 6760
Image: C:\Program Files\WinlogBeat\winlogbeat.exe
TargetFilename: C:\ProgramData\winlogbeat\.winlogbeat.yml.new
CreationUtcTime: 2024-08-20 00:11:02.025
User: NT AUTHORITY\SYSTEM"
MY-CAL-WIN10.my-caldera.local,11,"File created:
RuleName: Sysmonv1514
UtcTime: 2024-08-20 00:26:30.325
ProcessGuid: {ca24abc9-d648-66c3-9100-000000001d00}
ProcessId: 6396
Image: C:\Program Files\Windows Defender Advanced Threat Protection\SenseIR.exe
TargetFilename: C:\ProgramData\Microsoft\Windows Defender Advanced Threat Protection\Temp\PSScriptOutputs\PSScript_Output_{2AF9EC4E-CC71-49EF-B562-E3B36183E7C8}.txt
CreationUtcTime: 2024-08-20 00:26:30.324
User: NT AUTHORITY\SYSTEM"
MY-CAL-WIN10.my-caldera.local,11,"File created:
RuleName: DO
UtcTime: 2024-08-20 00:26:46.684
ProcessGuid: {ca24abc9-e2c6-66c3-5304-000000001d00}
ProcessId: 5744
Image: C:\Windows\Microsoft.NET\Framework64\v4.0.30319\cvtres.exe
TargetFilename: C:\Users\JOHNNY~1.DOU\AppData\Local\Temp\RESE715.tmp
CreationUtcTime: 2024-08-20 00:26:46.645
User: MY-CALDERA\johnny.douche"
MY-CAL-WIN10.my-caldera.local,11,"File created:
RuleName: DLL
UtcTime: 2024-08-20 00:26:46.693
ProcessGuid: {ca24abc9-e2c6-66c3-5204-000000001d00}
ProcessId: 6044
Image: C:\Windows\Microsoft.NET\Framework64\v4.0.30319\csc.exe
TargetFilename: C:\Users\johnny.douche\AppData\Local\Temp\xxacmhyp\xxacmhyp.dll
CreationUtcTime: 2024-08-20 00:26:46.176
User: MY-CALDERA\johnny.douche"
MY-CAL-WIN10.my-caldera.local,11,"File created:
RuleName: DO
UtcTime: 2024-08-20 00:26:46.644
ProcessGuid: {ca24abc9-e2c6-66c3-5204-000000001d00}
ProcessId: 6044
Image: C:\Windows\Microsoft.NET\Framework64\v4.0.30319\csc.exe
TargetFilename: C:\Users\johnny.douche\AppData\Local\Temp\xxacmhyp\CSCFC1280A6D0A040F282CC316452B7992C.TMP
CreationUtcTime: 2024-08-20 00:26:46.643
User: MY-CALDERA\johnny.douche"
MY-CAL-WIN10.my-caldera.local,11,"File created:
RuleName: Sysmonv1514
UtcTime: 2024-08-20 00:26:47.432
ProcessGuid: {ca24abc9-d6b1-66c3-ba00-000000001d00}
ProcessId: 6760
Image: C:\Program Files\WinlogBeat\winlogbeat.exe
TargetFilename: C:\ProgramData\winlogbeat\.winlogbeat.yml.new
CreationUtcTime: 2024-08-20 00:11:02.025
User: NT AUTHORITY\SYSTEM"
MY-CAL-WIN10.my-caldera.local,11,"File created:
RuleName: DO
UtcTime: 2024-08-20 00:26:46.646
ProcessGuid: {ca24abc9-e2c6-66c3-5204-000000001d00}
ProcessId: 6044
Image: C:\Windows\Microsoft.NET\Framework64\v4.0.30319\csc.exe
TargetFilename: C:\Users\JOHNNY~1.DOU\AppData\Local\Temp\RESE715.tmp
CreationUtcTime: 2024-08-20 00:26:46.645
User: MY-CALDERA\johnny.douche"
MY-CAL-WIN10.my-caldera.local,11,"File created:
RuleName: DO
UtcTime: 2024-08-20 00:26:47.466
ProcessGuid: {ca24abc9-e2c5-66c3-5004-000000001d00}
ProcessId: 6260
Image: C:\Windows\System32\WindowsPowerShell\v1.0\powershell.exe
TargetFilename: C:\Users\johnny.douche\AppData\Local\Temp\Microsoft.PackageManagement\t2dkcw2l.mal
CreationUtcTime: 2024-08-20 00:26:47.460
User: MY-CALDERA\johnny.douche"
MY-CAL-WIN10.my-caldera.local,11,"File created:
RuleName: DO
UtcTime: 2024-08-20 00:26:51.568
ProcessGuid: {ca24abc9-e2c9-66c3-5504-000000001d00}
ProcessId: 2060
Image: C:\Windows\System32\WindowsPowerShell\v1.0\powershell.exe
TargetFilename: C:\Users\johnny.douche\AppData\Local\Temp\Microsoft.PackageManagement\nguz2qar.vfk
CreationUtcTime: 2024-08-20 00:26:51.515
User: MY-CALDERA\johnny.douche"
MY-CAL-WIN10.my-caldera.local,11,"File created:
RuleName: DO
UtcTime: 2024-08-20 00:26:51.516
ProcessGuid: {ca24abc9-e2c9-66c3-5504-000000001d00}
ProcessId: 2060
Image: C:\Windows\System32\WindowsPowerShell\v1.0\powershell.exe
TargetFilename: C:\Users\johnny.douche\AppData\Local\Temp\Microsoft.PackageManagement\nguz2qar.vfk
CreationUtcTime: 2024-08-20 00:26:51.515
User: MY-CALDERA\johnny.douche"
MY-CAL-WIN10.my-caldera.local,11,"File created:
RuleName: DO
UtcTime: 2024-08-20 00:26:51.559
ProcessGuid: {ca24abc9-e2c9-66c3-5504-000000001d00}
ProcessId: 2060
Image: C:\Windows\System32\WindowsPowerShell\v1.0\powershell.exe
TargetFilename: C:\Users\johnny.douche\AppData\Local\Temp\Microsoft.PackageManagement\nguz2qar.vfk
CreationUtcTime: 2024-08-20 00:26:51.515
User: MY-CALDERA\johnny.douche"
MY-CAL-WIN10.my-caldera.local,11,"File created:
RuleName: Sysmonv1514
UtcTime: 2024-08-20 00:26:52.080
ProcessGuid: {ca24abc9-d6b1-66c3-ba00-000000001d00}
ProcessId: 6760
Image: C:\Program Files\WinlogBeat\winlogbeat.exe
TargetFilename: C:\ProgramData\winlogbeat\.winlogbeat.yml.new
CreationUtcTime: 2024-08-20 00:11:02.025
User: NT AUTHORITY\SYSTEM"
MY-CAL-WIN10.my-caldera.local,11,"File created:
RuleName: DO
UtcTime: 2024-08-20 00:26:58.584
ProcessGuid: {ca24abc9-e2cc-66c3-5804-000000001d00}
ProcessId: 6256
Image: C:\Windows\System32\WindowsPowerShell\v1.0\powershell.exe
TargetFilename: C:\Users\johnny.douche\AppData\Local\Temp\Microsoft.PackageManagement\gccaj1km.s1o
CreationUtcTime: 2024-08-20 00:26:54.694
User: MY-CALDERA\johnny.douche"
MY-CAL-WIN10.my-caldera.local,11,"File created:
RuleName: DO
UtcTime: 2024-08-20 00:26:58.576
ProcessGuid: {ca24abc9-e2cc-66c3-5804-000000001d00}
ProcessId: 6256
Image: C:\Windows\System32\WindowsPowerShell\v1.0\powershell.exe
TargetFilename: C:\Users\johnny.douche\AppData\Local\Temp\Microsoft.PackageManagement\gccaj1km.s1o
CreationUtcTime: 2024-08-20 00:26:54.694
User: MY-CALDERA\johnny.douche"
MY-CAL-WIN10.my-caldera.local,11,"File created:
RuleName: DO
UtcTime: 2024-08-20 00:27:24.041
ProcessGuid: {ca24abc9-e2eb-66c3-7c04-000000001d00}
ProcessId: 4956
Image: C:\Windows\Microsoft.NET\Framework64\v4.0.30319\csc.exe
TargetFilename: C:\Users\johnny.douche\AppData\Local\Temp\2qmp0v3a\CSC9D59D05DF8E549E89555CC41E4B92B18.TMP
CreationUtcTime: 2024-08-20 00:27:24.041
User: MY-CALDERA\johnny.douche"
MY-CAL-WIN10.my-caldera.local,11,"File created:
RuleName: DO
UtcTime: 2024-08-20 00:27:24.078
ProcessGuid: {ca24abc9-e2ec-66c3-7d04-000000001d00}
ProcessId: 7308
Image: C:\Windows\Microsoft.NET\Framework64\v4.0.30319\cvtres.exe
TargetFilename: C:\Users\JOHNNY~1.DOU\AppData\Local\Temp\RES7924.tmp
CreationUtcTime: 2024-08-20 00:27:24.042
User: MY-CALDERA\johnny.douche"
MY-CAL-WIN10.my-caldera.local,11,"File created:
RuleName: DLL
UtcTime: 2024-08-20 00:27:24.088
ProcessGuid: {ca24abc9-e2eb-66c3-7c04-000000001d00}
ProcessId: 4956
Image: C:\Windows\Microsoft.NET\Framework64\v4.0.30319\csc.exe
TargetFilename: C:\Users\johnny.douche\AppData\Local\Temp\2qmp0v3a\2qmp0v3a.dll
CreationUtcTime: 2024-08-20 00:27:23.812
User: MY-CALDERA\johnny.douche"
MY-CAL-WIN10.my-caldera.local,11,"File created:
RuleName: DO
UtcTime: 2024-08-20 00:27:23.809
ProcessGuid: {ca24abc9-e2ea-66c3-7b04-000000001d00}
ProcessId: 4616
Image: C:\Windows\System32\WindowsPowerShell\v1.0\powershell.exe
TargetFilename: C:\Users\johnny.douche\AppData\Local\Temp\2qmp0v3a
CreationUtcTime: 2024-08-20 00:27:23.808
User: MY-CALDERA\johnny.douche"
MY-CAL-WIN10.my-caldera.local,11,"File created:
RuleName: DO
UtcTime: 2024-08-20 00:27:23.809
ProcessGuid: {ca24abc9-e2ea-66c3-7b04-000000001d00}
ProcessId: 4616
Image: C:\Windows\System32\WindowsPowerShell\v1.0\powershell.exe
TargetFilename: C:\Users\johnny.douche\AppData\Local\Temp\2qmp0v3a\2qmp0v3a.tmp
CreationUtcTime: 2024-08-20 00:27:23.809
User: MY-CALDERA\johnny.douche"
MY-CAL-WIN10.my-caldera.local,11,"File created:
RuleName: DO
UtcTime: 2024-08-20 00:27:23.810
ProcessGuid: {ca24abc9-e2ea-66c3-7b04-000000001d00}
ProcessId: 4616
Image: C:\Windows\System32\WindowsPowerShell\v1.0\powershell.exe
TargetFilename: C:\Users\johnny.douche\AppData\Local\Temp\2qmp0v3a\2qmp0v3a.0.cs
CreationUtcTime: 2024-08-20 00:27:23.810
User: MY-CALDERA\johnny.douche"
MY-CAL-WIN10.my-caldera.local,11,"File created:
RuleName: DLL
UtcTime: 2024-08-20 00:27:23.812
ProcessGuid: {ca24abc9-e2ea-66c3-7b04-000000001d00}
ProcessId: 4616
Image: C:\Windows\System32\WindowsPowerShell\v1.0\powershell.exe
TargetFilename: C:\Users\johnny.douche\AppData\Local\Temp\2qmp0v3a\2qmp0v3a.dll
CreationUtcTime: 2024-08-20 00:27:23.812
User: MY-CALDERA\johnny.douche"
MY-CAL-WIN10.my-caldera.local,11,"File created:
RuleName: Sysmonv1514
UtcTime: 2024-08-20 00:27:23.813
ProcessGuid: {ca24abc9-e2ea-66c3-7b04-000000001d00}
ProcessId: 4616
Image: C:\Windows\System32\WindowsPowerShell\v1.0\powershell.exe
TargetFilename: C:\Users\johnny.douche\AppData\Local\Temp\2qmp0v3a\2qmp0v3a.cmdline
CreationUtcTime: 2024-08-20 00:27:23.812
User: MY-CALDERA\johnny.douche"
MY-CAL-WIN10.my-caldera.local,11,"File created:
RuleName: DO
UtcTime: 2024-08-20 00:27:23.826
ProcessGuid: {ca24abc9-e2ea-66c3-7b04-000000001d00}
ProcessId: 4616
Image: C:\Windows\System32\WindowsPowerShell\v1.0\powershell.exe
TargetFilename: C:\Users\johnny.douche\AppData\Local\Temp\2qmp0v3a\2qmp0v3a.out
CreationUtcTime: 2024-08-20 00:27:23.815
User: MY-CALDERA\johnny.douche"
MY-CAL-WIN10.my-caldera.local,11,"File created:
RuleName: DO
UtcTime: 2024-08-20 00:27:24.043
ProcessGuid: {ca24abc9-e2eb-66c3-7c04-000000001d00}
ProcessId: 4956
Image: C:\Windows\Microsoft.NET\Framework64\v4.0.30319\csc.exe
TargetFilename: C:\Users\JOHNNY~1.DOU\AppData\Local\Temp\RES7924.tmp
CreationUtcTime: 2024-08-20 00:27:24.042
User: MY-CALDERA\johnny.douche"
MY-CAL-WIN10.my-caldera.local,11,"File created:
RuleName: DO
UtcTime: 2024-08-20 00:27:23.827
ProcessGuid: {ca24abc9-e2ea-66c3-7b04-000000001d00}
ProcessId: 4616
Image: C:\Windows\System32\WindowsPowerShell\v1.0\powershell.exe
TargetFilename: C:\Users\johnny.douche\AppData\Local\Temp\2qmp0v3a\2qmp0v3a.err
CreationUtcTime: 2024-08-20 00:27:23.827
User: MY-CALDERA\johnny.douche"
MY-CAL-WIN10.my-caldera.local,11,"File created:
RuleName: Sysmonv1514
UtcTime: 2024-08-20 00:27:40.851
ProcessGuid: {ca24abc9-d6b1-66c3-ba00-000000001d00}
ProcessId: 6760
Image: C:\Program Files\WinlogBeat\winlogbeat.exe
TargetFilename: C:\ProgramData\winlogbeat\.winlogbeat.yml.new
CreationUtcTime: 2024-08-20 00:11:02.025
User: NT AUTHORITY\SYSTEM"
MY-CAL-WIN10.my-caldera.local,11,"File created:
RuleName: DO
UtcTime: 2024-08-20 00:27:41.726
ProcessGuid: {ca24abc9-e2fd-66c3-8304-000000001d00}
ProcessId: 10560
Image: C:\Windows\Microsoft.NET\Framework64\v4.0.30319\csc.exe
TargetFilename: C:\Users\johnny.douche\AppData\Local\Temp\2ymrr0t2\CSC4453CA42A8014BBC8365F40DB8A5A91.TMP
CreationUtcTime: 2024-08-20 00:27:41.726
User: MY-CALDERA\johnny.douche"
MY-CAL-WIN10.my-caldera.local,11,"File created:
RuleName: DO
UtcTime: 2024-08-20 00:27:41.728
ProcessGuid: {ca24abc9-e2fd-66c3-8304-000000001d00}
ProcessId: 10560
Image: C:\Windows\Microsoft.NET\Framework64\v4.0.30319\csc.exe
TargetFilename: C:\Users\JOHNNY~1.DOU\AppData\Local\Temp\RESBE3C.tmp
CreationUtcTime: 2024-08-20 00:27:41.728
User: MY-CALDERA\johnny.douche"
MY-CAL-WIN10.my-caldera.local,11,"File created:
RuleName: DO
UtcTime: 2024-08-20 00:27:41.568
ProcessGuid: {ca24abc9-e2fc-66c3-8204-000000001d00}
ProcessId: 7860
Image: C:\Windows\System32\WindowsPowerShell\v1.0\powershell.exe
TargetFilename: C:\Users\johnny.douche\AppData\Local\Temp\2ymrr0t2\2ymrr0t2.tmp
CreationUtcTime: 2024-08-20 00:27:41.568
User: MY-CALDERA\johnny.douche"
MY-CAL-WIN10.my-caldera.local,11,"File created:
RuleName: DO
UtcTime: 2024-08-20 00:27:41.569
ProcessGuid: {ca24abc9-e2fc-66c3-8204-000000001d00}
ProcessId: 7860
Image: C:\Windows\System32\WindowsPowerShell\v1.0\powershell.exe
TargetFilename: C:\Users\johnny.douche\AppData\Local\Temp\2ymrr0t2\2ymrr0t2.0.cs
CreationUtcTime: 2024-08-20 00:27:41.569
User: MY-CALDERA\johnny.douche"
MY-CAL-WIN10.my-caldera.local,11,"File created:
RuleName: DLL
UtcTime: 2024-08-20 00:27:41.571
ProcessGuid: {ca24abc9-e2fc-66c3-8204-000000001d00}
ProcessId: 7860
Image: C:\Windows\System32\WindowsPowerShell\v1.0\powershell.exe
TargetFilename: C:\Users\johnny.douche\AppData\Local\Temp\2ymrr0t2\2ymrr0t2.dll
CreationUtcTime: 2024-08-20 00:27:41.571
User: MY-CALDERA\johnny.douche"
MY-CAL-WIN10.my-caldera.local,11,"File created:
RuleName: Sysmonv1514
UtcTime: 2024-08-20 00:27:41.572
ProcessGuid: {ca24abc9-e2fc-66c3-8204-000000001d00}
ProcessId: 7860
Image: C:\Windows\System32\WindowsPowerShell\v1.0\powershell.exe
TargetFilename: C:\Users\johnny.douche\AppData\Local\Temp\2ymrr0t2\2ymrr0t2.cmdline
CreationUtcTime: 2024-08-20 00:27:41.572
User: MY-CALDERA\johnny.douche"
MY-CAL-WIN10.my-caldera.local,11,"File created:
RuleName: DO
UtcTime: 2024-08-20 00:27:41.568
ProcessGuid: {ca24abc9-e2fc-66c3-8204-000000001d00}
ProcessId: 7860
Image: C:\Windows\System32\WindowsPowerShell\v1.0\powershell.exe
TargetFilename: C:\Users\johnny.douche\AppData\Local\Temp\2ymrr0t2
CreationUtcTime: 2024-08-20 00:27:41.567
User: MY-CALDERA\johnny.douche"
MY-CAL-WIN10.my-caldera.local,11,"File created:
RuleName: DO
UtcTime: 2024-08-20 00:27:40.728
ProcessGuid: {ca24abc9-e2ee-66c3-7e04-000000001d00}
ProcessId: 2876
Image: C:\Windows\System32\WindowsPowerShell\v1.0\powershell.exe
TargetFilename: C:\Users\johnny.douche\AppData\Local\Microsoft\Windows\PowerShell\StartupProfileData-NonInteractive
CreationUtcTime: 2024-03-28 01:06:06.420
User: MY-CALDERA\johnny.douche"
MY-CAL-WIN10.my-caldera.local,11,"File created:
RuleName: DO
UtcTime: 2024-08-20 00:27:41.576
ProcessGuid: {ca24abc9-e2fc-66c3-8204-000000001d00}
ProcessId: 7860
Image: C:\Windows\System32\WindowsPowerShell\v1.0\powershell.exe
TargetFilename: C:\Users\johnny.douche\AppData\Local\Temp\2ymrr0t2\2ymrr0t2.out
CreationUtcTime: 2024-08-20 00:27:41.574
User: MY-CALDERA\johnny.douche"
MY-CAL-WIN10.my-caldera.local,11,"File created:
RuleName: DO
UtcTime: 2024-08-20 00:27:41.577
ProcessGuid: {ca24abc9-e2fc-66c3-8204-000000001d00}
ProcessId: 7860
Image: C:\Windows\System32\WindowsPowerShell\v1.0\powershell.exe
TargetFilename: C:\Users\johnny.douche\AppData\Local\Temp\2ymrr0t2\2ymrr0t2.err
CreationUtcTime: 2024-08-20 00:27:41.576
User: MY-CALDERA\johnny.douche"
MY-CAL-WIN10.my-caldera.local,11,"File created:
RuleName: Sysmonv1514
UtcTime: 2024-08-20 00:28:19.252
ProcessGuid: {ca24abc9-d6b1-66c3-ba00-000000001d00}
ProcessId: 6760
Image: C:\Program Files\WinlogBeat\winlogbeat.exe
TargetFilename: C:\ProgramData\winlogbeat\.winlogbeat.yml.new
CreationUtcTime: 2024-08-20 00:11:02.025
User: NT AUTHORITY\SYSTEM"
MY-CAL-WIN10.my-caldera.local,11,"File created:
RuleName: DO
UtcTime: 2024-08-20 00:28:34.637
ProcessGuid: {ca24abc9-e32f-66c3-b304-000000001d00}
ProcessId: 8968
Image: C:\Windows\System32\WindowsPowerShell\v1.0\powershell.exe
TargetFilename: C:\Users\johnny.douche\AppData\Local\Microsoft\Windows\PowerShell\StartupProfileData-NonInteractive
CreationUtcTime: 2024-03-28 01:06:06.420
User: MY-CALDERA\johnny.douche"
MY-CAL-WIN10.my-caldera.local,11,"File created:
RuleName: DO
UtcTime: 2024-08-20 00:28:35.108
ProcessGuid: {ca24abc9-e332-66c3-b604-000000001d00}
ProcessId: 10280
Image: C:\Windows\System32\WindowsPowerShell\v1.0\powershell.exe
TargetFilename: C:\Users\johnny.douche\AppData\Local\Microsoft\Windows\PowerShell\StartupProfileData-NonInteractive
CreationUtcTime: 2024-03-28 01:06:06.420
User: MY-CALDERA\johnny.douche"
MY-CAL-WIN10.my-caldera.local,11,"File created:
RuleName: Sysmonv1514
UtcTime: 2024-08-20 00:28:36.820
ProcessGuid: {ca24abc9-d6b1-66c3-ba00-000000001d00}
ProcessId: 6760
Image: C:\Program Files\WinlogBeat\winlogbeat.exe
TargetFilename: C:\ProgramData\winlogbeat\.winlogbeat.yml.new
CreationUtcTime: 2024-08-20 00:11:02.025
User: NT AUTHORITY\SYSTEM"
MY-CAL-WIN10.my-caldera.local,11,"File created:
RuleName: DO
UtcTime: 2024-08-20 00:28:37.535
ProcessGuid: {ca24abc9-e334-66c3-bd04-000000001d00}
ProcessId: 10992
Image: C:\Windows\System32\WindowsPowerShell\v1.0\powershell.exe
TargetFilename: C:\Users\johnny.douche\AppData\Local\Microsoft\Windows\PowerShell\StartupProfileData-NonInteractive
CreationUtcTime: 2024-03-28 01:06:06.420
User: MY-CALDERA\johnny.douche"
MY-CAL-WIN10.my-caldera.local,11,"File created:
RuleName: Sysmonv1514
UtcTime: 2024-08-20 00:28:37.403
ProcessGuid: {ca24abc9-e334-66c3-bd04-000000001d00}
ProcessId: 10992
Image: C:\Windows\System32\WindowsPowerShell\v1.0\powershell.exe
TargetFilename: C:\AtomicRedTeam\ExternalPayloads\MSOLSpray.ps1
CreationUtcTime: 2024-08-20 00:28:37.403
User: MY-CALDERA\johnny.douche"
MY-CAL-WIN10.my-caldera.local,11,"File created:
RuleName: DO
UtcTime: 2024-08-20 00:28:55.122
ProcessGuid: {ca24abc9-e346-66c3-d204-000000001d00}
ProcessId: 9388
Image: C:\Windows\System32\WindowsPowerShell\v1.0\powershell.exe
TargetFilename: C:\Users\johnny.douche\AppData\Local\Microsoft\Windows\PowerShell\StartupProfileData-NonInteractive
CreationUtcTime: 2024-03-28 01:06:06.420
User: MY-CALDERA\johnny.douche"
MY-CAL-WIN10.my-caldera.local,11,"File created:
RuleName: DO
UtcTime: 2024-08-20 00:28:54.731
ProcessGuid: {ca24abc9-e345-66c3-cf04-000000001d00}
ProcessId: 10176
Image: C:\Windows\System32\WindowsPowerShell\v1.0\powershell.exe
TargetFilename: C:\Users\johnny.douche\AppData\Local\Microsoft\Windows\PowerShell\StartupProfileData-NonInteractive
CreationUtcTime: 2024-03-28 01:06:06.420
User: MY-CALDERA\johnny.douche"
MY-CAL-WIN10.my-caldera.local,11,"File created:
RuleName: Sysmonv1514
UtcTime: 2024-08-20 00:28:55.352
ProcessGuid: {ca24abc9-d6b1-66c3-ba00-000000001d00}
ProcessId: 6760
Image: C:\Program Files\WinlogBeat\winlogbeat.exe
TargetFilename: C:\ProgramData\winlogbeat\.winlogbeat.yml.new
CreationUtcTime: 2024-08-20 00:11:02.025
User: NT AUTHORITY\SYSTEM"
MY-CAL-WIN10.my-caldera.local,11,"File created:
RuleName: DLL
UtcTime: 2024-08-20 00:29:33.105
ProcessGuid: {ca24abc9-e36c-66c3-ed04-000000001d00}
ProcessId: 9024
Image: C:\Windows\System32\WindowsPowerShell\v1.0\powershell.exe
TargetFilename: C:\Users\johnny.douche\AppData\Local\Temp\c0gj5jm3\c0gj5jm3.dll
CreationUtcTime: 2024-08-20 00:29:33.105
User: MY-CALDERA\johnny.douche"
MY-CAL-WIN10.my-caldera.local,11,"File created:
RuleName: DO
UtcTime: 2024-08-20 00:29:33.279
ProcessGuid: {ca24abc9-e36d-66c3-f004-000000001d00}
ProcessId: 10912
Image: C:\Windows\Microsoft.NET\Framework64\v4.0.30319\cvtres.exe
TargetFilename: C:\Users\JOHNNY~1.DOU\AppData\Local\Temp\RES71E7.tmp
CreationUtcTime: 2024-08-20 00:29:33.256
User: MY-CALDERA\johnny.douche"
MY-CAL-WIN10.my-caldera.local,11,"File created:
RuleName: DO
UtcTime: 2024-08-20 00:29:33.103
ProcessGuid: {ca24abc9-e36c-66c3-ed04-000000001d00}
ProcessId: 9024
Image: C:\Windows\System32\WindowsPowerShell\v1.0\powershell.exe
TargetFilename: C:\Users\johnny.douche\AppData\Local\Temp\c0gj5jm3\c0gj5jm3.tmp
CreationUtcTime: 2024-08-20 00:29:33.102
User: MY-CALDERA\johnny.douche"
MY-CAL-WIN10.my-caldera.local,11,"File created:
RuleName: DO
UtcTime: 2024-08-20 00:29:33.253
ProcessGuid: {ca24abc9-e36d-66c3-ef04-000000001d00}
ProcessId: 9780
Image: C:\Windows\Microsoft.NET\Framework64\v4.0.30319\csc.exe
TargetFilename: C:\Users\johnny.douche\AppData\Local\Temp\c0gj5jm3\CSC9C8EC4435DE24E01A0E5508E4848F27C.TMP
CreationUtcTime: 2024-08-20 00:29:33.253
User: MY-CALDERA\johnny.douche"
MY-CAL-WIN10.my-caldera.local,11,"File created:
RuleName: DO
UtcTime: 2024-08-20 00:29:33.104
ProcessGuid: {ca24abc9-e36c-66c3-ed04-000000001d00}
ProcessId: 9024
Image: C:\Windows\System32\WindowsPowerShell\v1.0\powershell.exe
TargetFilename: C:\Users\johnny.douche\AppData\Local\Temp\c0gj5jm3\c0gj5jm3.0.cs
CreationUtcTime: 2024-08-20 00:29:33.103
User: MY-CALDERA\johnny.douche"
MY-CAL-WIN10.my-caldera.local,11,"File created:
RuleName: DO
UtcTime: 2024-08-20 00:29:33.110
ProcessGuid: {ca24abc9-e36c-66c3-ed04-000000001d00}
ProcessId: 9024
Image: C:\Windows\System32\WindowsPowerShell\v1.0\powershell.exe
TargetFilename: C:\Users\johnny.douche\AppData\Local\Temp\c0gj5jm3\c0gj5jm3.out
CreationUtcTime: 2024-08-20 00:29:33.108
User: MY-CALDERA\johnny.douche"
MY-CAL-WIN10.my-caldera.local,11,"File created:
RuleName: DO
UtcTime: 2024-08-20 00:29:33.111
ProcessGuid: {ca24abc9-e36c-66c3-ed04-000000001d00}
ProcessId: 9024
Image: C:\Windows\System32\WindowsPowerShell\v1.0\powershell.exe
TargetFilename: C:\Users\johnny.douche\AppData\Local\Temp\c0gj5jm3\c0gj5jm3.err
CreationUtcTime: 2024-08-20 00:29:33.111
User: MY-CALDERA\johnny.douche"
MY-CAL-WIN10.my-caldera.local,11,"File created:
RuleName: Sysmonv1514
UtcTime: 2024-08-20 00:29:33.106
ProcessGuid: {ca24abc9-e36c-66c3-ed04-000000001d00}
ProcessId: 9024
Image: C:\Windows\System32\WindowsPowerShell\v1.0\powershell.exe
TargetFilename: C:\Users\johnny.douche\AppData\Local\Temp\c0gj5jm3\c0gj5jm3.cmdline
CreationUtcTime: 2024-08-20 00:29:33.106
User: MY-CALDERA\johnny.douche"
MY-CAL-WIN10.my-caldera.local,11,"File created:
RuleName: DO
UtcTime: 2024-08-20 00:29:33.256
ProcessGuid: {ca24abc9-e36d-66c3-ef04-000000001d00}
ProcessId: 9780
Image: C:\Windows\Microsoft.NET\Framework64\v4.0.30319\csc.exe
TargetFilename: C:\Users\JOHNNY~1.DOU\AppData\Local\Temp\RES71E7.tmp
CreationUtcTime: 2024-08-20 00:29:33.256
User: MY-CALDERA\johnny.douche"
MY-CAL-WIN10.my-caldera.local,11,"File created:
RuleName: DO
UtcTime: 2024-08-20 00:29:33.102
ProcessGuid: {ca24abc9-e36c-66c3-ed04-000000001d00}
ProcessId: 9024
Image: C:\Windows\System32\WindowsPowerShell\v1.0\powershell.exe
TargetFilename: C:\Users\johnny.douche\AppData\Local\Temp\c0gj5jm3
CreationUtcTime: 2024-08-20 00:29:33.102
User: MY-CALDERA\johnny.douche"
MY-CAL-WIN10.my-caldera.local,11,"File created:
RuleName: DLL
UtcTime: 2024-08-20 00:29:33.288
ProcessGuid: {ca24abc9-e36d-66c3-ef04-000000001d00}
ProcessId: 9780
Image: C:\Windows\Microsoft.NET\Framework64\v4.0.30319\csc.exe
TargetFilename: C:\Users\johnny.douche\AppData\Local\Temp\c0gj5jm3\c0gj5jm3.dll
CreationUtcTime: 2024-08-20 00:29:33.105
User: MY-CALDERA\johnny.douche"
MY-CAL-WIN10.my-caldera.local,11,"File created:
RuleName: DO
UtcTime: 2024-08-20 00:29:36.057
ProcessGuid: {ca24abc9-e36f-66c3-f104-000000001d00}
ProcessId: 2016
Image: C:\Windows\System32\WindowsPowerShell\v1.0\powershell.exe
TargetFilename: C:\Users\johnny.douche\AppData\Local\Microsoft\Windows\PowerShell\StartupProfileData-NonInteractive
CreationUtcTime: 2024-03-28 01:06:06.420
User: MY-CALDERA\johnny.douche"
MY-CAL-WIN10.my-caldera.local,11,"File created:
RuleName: DO
UtcTime: 2024-08-20 00:29:54.690
ProcessGuid: {ca24abc9-e382-66c3-f704-000000001d00}
ProcessId: 9232
Image: C:\Windows\System32\WindowsPowerShell\v1.0\powershell.exe
TargetFilename: C:\Users\johnny.douche\AppData\Local\Microsoft\Windows\PowerShell\StartupProfileData-NonInteractive
CreationUtcTime: 2024-03-28 01:06:06.420
User: MY-CALDERA\johnny.douche"
