RuleName: -
EventType: CreatePipe
UtcTime: 2024-08-20 20:32:27.595
ProcessGuid: {ca24abc9-f379-66c4-d594-000000001900}
ProcessId: 8936
PipeName: <Anonymous Pipe>
Image: C:\Program Files (x86)\Microsoft Visual Studio\Installer\resources\app\ServiceHub\Services\Microsoft.VisualStudio.Setup.Service\VSIXAutoUpdate.exe
User: NT AUTHORITY\SYSTEM"
4935,MY-CAL-WIN10.my-caldera.local,17,"Pipe Created:
RuleName: -
EventType: CreatePipe
UtcTime: 2024-08-20 20:32:46.047
ProcessGuid: {ca24abc9-f379-66c4-d594-000000001900}
ProcessId: 8936
PipeName: <Anonymous Pipe>
Image: C:\Program Files (x86)\Microsoft Visual Studio\Installer\resources\app\ServiceHub\Services\Microsoft.VisualStudio.Setup.Service\VSIXAutoUpdate.exe
User: NT AUTHORITY\SYSTEM"
4936,MY-CAL-WIN10.my-caldera.local,17,"Pipe Created:
RuleName: -
EventType: CreatePipe
UtcTime: 2024-08-20 20:32:46.047
ProcessGuid: {ca24abc9-f379-66c4-d594-000000001900}
ProcessId: 8936
PipeName: <Anonymous Pipe>
Image: C:\Program Files (x86)\Microsoft Visual Studio\Installer\resources\app\ServiceHub\Services\Microsoft.VisualStudio.Setup.Service\VSIXAutoUpdate.exe
User: NT AUTHORITY\SYSTEM"
4937,MY-CAL-WIN10.my-caldera.local,17,"Pipe Created:
RuleName: -
EventType: CreatePipe
UtcTime: 2024-08-20 20:33:10.876
ProcessGuid: {ca24abc9-fd86-66c4-8998-000000001900}
ProcessId: 1060
PipeName: <Anonymous Pipe>
Image: C:\Program Files\Microsoft Visual Studio\2022\Community\common7\ide\VSFinalizer.exe
User: MY-CALDERA\johnny.douche"
4938,MY-CAL-WIN10.my-caldera.local,17,"Pipe Created:
RuleName: -
EventType: CreatePipe
UtcTime: 2024-08-20 20:33:10.876
ProcessGuid: {ca24abc9-fd86-66c4-8998-000000001900}
ProcessId: 1060
PipeName: <Anonymous Pipe>
Image: C:\Program Files\Microsoft Visual Studio\2022\Community\common7\ide\VSFinalizer.exe
User: MY-CALDERA\johnny.douche"
4939,MY-CAL-WIN10.my-caldera.local,17,"Pipe Created:
RuleName: -
EventType: CreatePipe
UtcTime: 2024-08-20 20:35:14.301
ProcessGuid: {ca24abc9-fe02-66c4-9198-000000001900}
ProcessId: 24868
PipeName: <Anonymous Pipe>
Image: C:\Program Files\Microsoft Visual Studio\2022\Community\common7\ide\VSFinalizer.exe
User: MY-CALDERA\johnny.douche"
4940,MY-CAL-WIN10.my-caldera.local,17,"Pipe Created:
RuleName: -
EventType: CreatePipe
UtcTime: 2024-08-20 20:39:09.633
ProcessGuid: {ca24abc9-f379-66c4-d594-000000001900}
ProcessId: 8936
PipeName: <Anonymous Pipe>
Image: C:\Program Files (x86)\Microsoft Visual Studio\Installer\resources\app\ServiceHub\Services\Microsoft.VisualStudio.Setup.Service\VSIXAutoUpdate.exe
User: NT AUTHORITY\SYSTEM"
4941,MY-CAL-WIN10.my-caldera.local,17,"Pipe Created:
RuleName: -
EventType: CreatePipe
UtcTime: 2024-08-20 20:39:09.633
ProcessGuid: {ca24abc9-f379-66c4-d594-000000001900}
ProcessId: 8936
PipeName: <Anonymous Pipe>
Image: C:\Program Files (x86)\Microsoft Visual Studio\Installer\resources\app\ServiceHub\Services\Microsoft.VisualStudio.Setup.Service\VSIXAutoUpdate.exe
User: NT AUTHORITY\SYSTEM"
4942,MY-CAL-WIN10.my-caldera.local,17,"Pipe Created:
RuleName: -
EventType: CreatePipe
UtcTime: 2024-08-20 20:11:15.720
ProcessGuid: {ca24abc9-ee08-66c4-2094-000000001900}
ProcessId: 28596
PipeName: <Anonymous Pipe>
Image: C:\Windows\Microsoft.NET\Framework64\v4.0.30319\ngen.exe
User: NT AUTHORITY\SYSTEM"
4943,MY-CAL-WIN10.my-caldera.local,17,"Pipe Created:
RuleName: -
EventType: CreatePipe
UtcTime: 2024-08-20 20:11:22.898
ProcessGuid: {ca24abc9-ee08-66c4-2094-000000001900}
ProcessId: 28596
PipeName: <Anonymous Pipe>
Image: C:\Windows\Microsoft.NET\Framework64\v4.0.30319\ngen.exe
User: NT AUTHORITY\SYSTEM"
4944,MY-CAL-WIN10.my-caldera.local,17,"Pipe Created:
RuleName: -
EventType: CreatePipe
UtcTime: 2024-08-20 20:11:28.986
ProcessGuid: {ca24abc9-ee08-66c4-2094-000000001900}
ProcessId: 28596
PipeName: <Anonymous Pipe>
Image: C:\Windows\Microsoft.NET\Framework64\v4.0.30319\ngen.exe
User: NT AUTHORITY\SYSTEM"
4945,MY-CAL-WIN10.my-caldera.local,17,"Pipe Created:
RuleName: -
EventType: CreatePipe
UtcTime: 2024-08-20 20:11:45.235
ProcessGuid: {ca24abc9-ee08-66c4-2094-000000001900}
ProcessId: 28596
PipeName: <Anonymous Pipe>
Image: C:\Windows\Microsoft.NET\Framework64\v4.0.30319\ngen.exe
User: NT AUTHORITY\SYSTEM"
4946,MY-CAL-WIN10.my-caldera.local,17,"Pipe Created:
RuleName: -
EventType: CreatePipe
UtcTime: 2024-08-20 20:12:08.042
ProcessGuid: {ca24abc9-ee08-66c4-2094-000000001900}
ProcessId: 28596
PipeName: <Anonymous Pipe>
Image: C:\Windows\Microsoft.NET\Framework64\v4.0.30319\ngen.exe
User: NT AUTHORITY\SYSTEM"
4947,MY-CAL-WIN10.my-caldera.local,17,"Pipe Created:
RuleName: -
EventType: CreatePipe
UtcTime: 2024-08-20 20:12:05.682
ProcessGuid: {ca24abc9-ee08-66c4-2094-000000001900}
ProcessId: 28596
PipeName: <Anonymous Pipe>
Image: C:\Windows\Microsoft.NET\Framework64\v4.0.30319\ngen.exe
User: NT AUTHORITY\SYSTEM"
4948,MY-CAL-WIN10.my-caldera.local,17,"Pipe Created:
RuleName: -
EventType: CreatePipe
UtcTime: 2024-08-20 20:12:10.458
ProcessGuid: {ca24abc9-ee08-66c4-2094-000000001900}
ProcessId: 28596
PipeName: <Anonymous Pipe>
Image: C:\Windows\Microsoft.NET\Framework64\v4.0.30319\ngen.exe
User: NT AUTHORITY\SYSTEM"
4949,MY-CAL-WIN10.my-caldera.local,17,"Pipe Created:
RuleName: -
EventType: CreatePipe
UtcTime: 2024-08-20 20:12:11.208
ProcessGuid: {ca24abc9-ee08-66c4-2094-000000001900}
ProcessId: 28596
PipeName: <Anonymous Pipe>
Image: C:\Windows\Microsoft.NET\Framework64\v4.0.30319\ngen.exe
User: NT AUTHORITY\SYSTEM"
4950,MY-CAL-WIN10.my-caldera.local,17,"Pipe Created:
RuleName: -
EventType: CreatePipe
UtcTime: 2024-08-20 20:13:55.450
ProcessGuid: {ca24abc9-ee08-66c4-2094-000000001900}
ProcessId: 28596
PipeName: <Anonymous Pipe>
Image: C:\Windows\Microsoft.NET\Framework64\v4.0.30319\ngen.exe
User: NT AUTHORITY\SYSTEM"
4951,MY-CAL-WIN10.my-caldera.local,17,"Pipe Created:
RuleName: -
EventType: CreatePipe
UtcTime: 2024-08-20 20:13:53.592
ProcessGuid: {ca24abc9-ee08-66c4-2094-000000001900}
ProcessId: 28596
PipeName: <Anonymous Pipe>
Image: C:\Windows\Microsoft.NET\Framework64\v4.0.30319\ngen.exe
User: NT AUTHORITY\SYSTEM"
4952,MY-CAL-WIN10.my-caldera.local,17,"Pipe Created:
RuleName: -
EventType: CreatePipe
UtcTime: 2024-08-20 20:15:06.602
ProcessGuid: {ca24abc9-ee08-66c4-2094-000000001900}
ProcessId: 28596
PipeName: <Anonymous Pipe>
Image: C:\Windows\Microsoft.NET\Framework64\v4.0.30319\ngen.exe
User: NT AUTHORITY\SYSTEM"
4953,MY-CAL-WIN10.my-caldera.local,17,"Pipe Created:
RuleName: -
EventType: CreatePipe
UtcTime: 2024-08-20 20:00:19.105
ProcessGuid: {ca24abc9-ee08-66c4-2094-000000001900}
ProcessId: 28596
PipeName: <Anonymous Pipe>
Image: C:\Windows\Microsoft.NET\Framework64\v4.0.30319\ngen.exe
User: NT AUTHORITY\SYSTEM"
4954,MY-CAL-WIN10.my-caldera.local,17,"Pipe Created:
RuleName: -
EventType: CreatePipe
UtcTime: 2024-08-20 20:01:48.697
ProcessGuid: {ca24abc9-ee08-66c4-2094-000000001900}
ProcessId: 28596
PipeName: <Anonymous Pipe>
Image: C:\Windows\Microsoft.NET\Framework64\v4.0.30319\ngen.exe
User: NT AUTHORITY\SYSTEM"
4955,MY-CAL-WIN10.my-caldera.local,17,"Pipe Created:
RuleName: -
EventType: CreatePipe
UtcTime: 2024-08-20 20:01:49.669
ProcessGuid: {ca24abc9-ee08-66c4-2094-000000001900}
ProcessId: 28596
PipeName: <Anonymous Pipe>
Image: C:\Windows\Microsoft.NET\Framework64\v4.0.30319\ngen.exe
User: NT AUTHORITY\SYSTEM"
4956,MY-CAL-WIN10.my-caldera.local,17,"Pipe Created:
RuleName: -
EventType: CreatePipe
UtcTime: 2024-08-20 20:02:39.121
ProcessGuid: {ca24abc9-ee08-66c4-2094-000000001900}
ProcessId: 28596
PipeName: <Anonymous Pipe>
Image: C:\Windows\Microsoft.NET\Framework64\v4.0.30319\ngen.exe
User: NT AUTHORITY\SYSTEM"
4957,MY-CAL-WIN10.my-caldera.local,17,"Pipe Created:
RuleName: -
EventType: CreatePipe
UtcTime: 2024-08-20 20:07:36.745
ProcessGuid: {ca24abc9-ee08-66c4-2094-000000001900}
ProcessId: 28596
PipeName: <Anonymous Pipe>
Image: C:\Windows\Microsoft.NET\Framework64\v4.0.30319\ngen.exe
User: NT AUTHORITY\SYSTEM"
4958,MY-CAL-WIN10.my-caldera.local,17,"Pipe Created:
RuleName: -
EventType: CreatePipe
UtcTime: 2024-08-20 20:07:36.847
ProcessGuid: {ca24abc9-ee08-66c4-2094-000000001900}
ProcessId: 28596
PipeName: <Anonymous Pipe>
Image: C:\Windows\Microsoft.NET\Framework64\v4.0.30319\ngen.exe
User: NT AUTHORITY\SYSTEM"
4959,MY-CAL-WIN10.my-caldera.local,17,"Pipe Created:
RuleName: -
EventType: CreatePipe
UtcTime: 2024-08-20 20:07:36.584
ProcessGuid: {ca24abc9-ee08-66c4-2094-000000001900}
ProcessId: 28596
PipeName: <Anonymous Pipe>
Image: C:\Windows\Microsoft.NET\Framework64\v4.0.30319\ngen.exe
User: NT AUTHORITY\SYSTEM"
4960,MY-CAL-WIN10.my-caldera.local,17,"Pipe Created:
RuleName: -
EventType: CreatePipe
UtcTime: 2024-08-20 20:07:37.004
ProcessGuid: {ca24abc9-ee08-66c4-2094-000000001900}
ProcessId: 28596
PipeName: <Anonymous Pipe>
Image: C:\Windows\Microsoft.NET\Framework64\v4.0.30319\ngen.exe
User: NT AUTHORITY\SYSTEM"
4961,MY-CAL-WIN10.my-caldera.local,17,"Pipe Created:
RuleName: -
EventType: CreatePipe
UtcTime: 2024-08-20 20:08:21.209
ProcessGuid: {ca24abc9-ee08-66c4-2094-000000001900}
ProcessId: 28596
PipeName: <Anonymous Pipe>
Image: C:\Windows\Microsoft.NET\Framework64\v4.0.30319\ngen.exe
User: NT AUTHORITY\SYSTEM"
4962,MY-CAL-WIN10.my-caldera.local,17,"Pipe Created:
RuleName: -
EventType: CreatePipe
UtcTime: 2024-08-20 20:09:35.127
ProcessGuid: {ca24abc9-ee08-66c4-2094-000000001900}
ProcessId: 28596
PipeName: <Anonymous Pipe>
Image: C:\Windows\Microsoft.NET\Framework64\v4.0.30319\ngen.exe
User: NT AUTHORITY\SYSTEM"
4963,MY-CAL-WIN10.my-caldera.local,17,"Pipe Created:
RuleName: -
EventType: CreatePipe
UtcTime: 2024-08-20 20:09:57.652
ProcessGuid: {ca24abc9-ee08-66c4-2094-000000001900}
ProcessId: 28596
PipeName: <Anonymous Pipe>
Image: C:\Windows\Microsoft.NET\Framework64\v4.0.30319\ngen.exe
User: NT AUTHORITY\SYSTEM"
4964,MY-CAL-WIN10.my-caldera.local,17,"Pipe Created:
RuleName: -
EventType: CreatePipe
UtcTime: 2024-08-20 20:10:47.749
ProcessGuid: {ca24abc9-ee08-66c4-2094-000000001900}
ProcessId: 28596
PipeName: <Anonymous Pipe>
Image: C:\Windows\Microsoft.NET\Framework64\v4.0.30319\ngen.exe
User: NT AUTHORITY\SYSTEM"
4965,MY-CAL-WIN10.my-caldera.local,17,"Pipe Created:
RuleName: -
EventType: CreatePipe
UtcTime: 2024-08-20 20:11:06.175
ProcessGuid: {ca24abc9-ee08-66c4-2094-000000001900}
ProcessId: 28596
PipeName: <Anonymous Pipe>
Image: C:\Windows\Microsoft.NET\Framework64\v4.0.30319\ngen.exe
User: NT AUTHORITY\SYSTEM"
4966,MY-CAL-WIN10.my-caldera.local,17,"Pipe Created:
RuleName: -
EventType: CreatePipe
UtcTime: 2024-08-20 20:12:02.526
ProcessGuid: {ca24abc9-ee08-66c4-2094-000000001900}
ProcessId: 28596
PipeName: <Anonymous Pipe>
Image: C:\Windows\Microsoft.NET\Framework64\v4.0.30319\ngen.exe
User: NT AUTHORITY\SYSTEM"
4967,MY-CAL-WIN10.my-caldera.local,17,"Pipe Created:
RuleName: -
EventType: CreatePipe
UtcTime: 2024-08-20 20:14:30.629
ProcessGuid: {ca24abc9-ee08-66c4-2094-000000001900}
ProcessId: 28596
PipeName: <Anonymous Pipe>
Image: C:\Windows\Microsoft.NET\Framework64\v4.0.30319\ngen.exe
User: NT AUTHORITY\SYSTEM"
4968,MY-CAL-WIN10.my-caldera.local,17,"Pipe Created:
RuleName: -
EventType: CreatePipe
UtcTime: 2024-08-20 20:01:08.012
ProcessGuid: {ca24abc9-ee08-66c4-2094-000000001900}
ProcessId: 28596
PipeName: <Anonymous Pipe>
Image: C:\Windows\Microsoft.NET\Framework64\v4.0.30319\ngen.exe
User: NT AUTHORITY\SYSTEM"
4969,MY-CAL-WIN10.my-caldera.local,17,"Pipe Created:
RuleName: -
EventType: CreatePipe
UtcTime: 2024-08-20 20:03:57.648
ProcessGuid: {ca24abc9-ee08-66c4-2094-000000001900}
ProcessId: 28596
PipeName: <Anonymous Pipe>
Image: C:\Windows\Microsoft.NET\Framework64\v4.0.30319\ngen.exe
User: NT AUTHORITY\SYSTEM"
4970,MY-CAL-WIN10.my-caldera.local,17,"Pipe Created:
RuleName: -
EventType: CreatePipe
UtcTime: 2024-08-20 20:04:32.925
ProcessGuid: {ca24abc9-ee08-66c4-2094-000000001900}
ProcessId: 28596
PipeName: <Anonymous Pipe>
Image: C:\Windows\Microsoft.NET\Framework64\v4.0.30319\ngen.exe
User: NT AUTHORITY\SYSTEM"
4971,MY-CAL-WIN10.my-caldera.local,17,"Pipe Created:
RuleName: -
EventType: CreatePipe
UtcTime: 2024-08-20 20:04:33.942
ProcessGuid: {ca24abc9-ee08-66c4-2094-000000001900}
ProcessId: 28596
PipeName: <Anonymous Pipe>
Image: C:\Windows\Microsoft.NET\Framework64\v4.0.30319\ngen.exe
User: NT AUTHORITY\SYSTEM"
4972,MY-CAL-WIN10.my-caldera.local,17,"Pipe Created:
RuleName: -
EventType: CreatePipe
UtcTime: 2024-08-20 20:04:34.491
ProcessGuid: {ca24abc9-ee08-66c4-2094-000000001900}
ProcessId: 28596
PipeName: <Anonymous Pipe>
Image: C:\Windows\Microsoft.NET\Framework64\v4.0.30319\ngen.exe
User: NT AUTHORITY\SYSTEM"
4973,MY-CAL-WIN10.my-caldera.local,17,"Pipe Created:
RuleName: -
EventType: CreatePipe
UtcTime: 2024-08-20 20:05:03.361
ProcessGuid: {ca24abc9-ee08-66c4-2094-000000001900}
ProcessId: 28596
PipeName: <Anonymous Pipe>
Image: C:\Windows\Microsoft.NET\Framework64\v4.0.30319\ngen.exe
User: NT AUTHORITY\SYSTEM"
4974,MY-CAL-WIN10.my-caldera.local,17,"Pipe Created:
RuleName: -
EventType: CreatePipe
UtcTime: 2024-08-20 20:05:31.004
ProcessGuid: {ca24abc9-ee08-66c4-2094-000000001900}
ProcessId: 28596
PipeName: <Anonymous Pipe>
Image: C:\Windows\Microsoft.NET\Framework64\v4.0.30319\ngen.exe
User: NT AUTHORITY\SYSTEM"
4975,MY-CAL-WIN10.my-caldera.local,17,"Pipe Created:
RuleName: -
EventType: CreatePipe
UtcTime: 2024-08-20 20:06:01.756
ProcessGuid: {ca24abc9-ee08-66c4-2094-000000001900}
ProcessId: 28596
PipeName: <Anonymous Pipe>
Image: C:\Windows\Microsoft.NET\Framework64\v4.0.30319\ngen.exe
User: NT AUTHORITY\SYSTEM"
4976,MY-CAL-WIN10.my-caldera.local,17,"Pipe Created:
RuleName: -
EventType: CreatePipe
UtcTime: 2024-08-20 20:07:06.309
ProcessGuid: {ca24abc9-ee08-66c4-2094-000000001900}
ProcessId: 28596
PipeName: <Anonymous Pipe>
Image: C:\Windows\Microsoft.NET\Framework64\v4.0.30319\ngen.exe
User: NT AUTHORITY\SYSTEM"
4977,MY-CAL-WIN10.my-caldera.local,17,"Pipe Created:
RuleName: -
EventType: CreatePipe
UtcTime: 2024-08-20 20:07:07.115
ProcessGuid: {ca24abc9-ee08-66c4-2094-000000001900}
ProcessId: 28596
PipeName: <Anonymous Pipe>
Image: C:\Windows\Microsoft.NET\Framework64\v4.0.30319\ngen.exe
User: NT AUTHORITY\SYSTEM"
4978,MY-CAL-WIN10.my-caldera.local,17,"Pipe Created:
RuleName: -
EventType: CreatePipe
UtcTime: 2024-08-20 20:07:28.558
ProcessGuid: {ca24abc9-ee08-66c4-2094-000000001900}
ProcessId: 28596
PipeName: <Anonymous Pipe>
Image: C:\Windows\Microsoft.NET\Framework64\v4.0.30319\ngen.exe
User: NT AUTHORITY\SYSTEM"
4979,MY-CAL-WIN10.my-caldera.local,17,"Pipe Created:
RuleName: -
EventType: CreatePipe
UtcTime: 2024-08-20 20:07:29.707
ProcessGuid: {ca24abc9-ee08-66c4-2094-000000001900}
ProcessId: 28596
PipeName: <Anonymous Pipe>
Image: C:\Windows\Microsoft.NET\Framework64\v4.0.30319\ngen.exe
User: NT AUTHORITY\SYSTEM"
4980,MY-CAL-WIN10.my-caldera.local,17,"Pipe Created:
RuleName: -
EventType: CreatePipe
UtcTime: 2024-08-20 20:07:49.939
ProcessGuid: {ca24abc9-ee08-66c4-2094-000000001900}
ProcessId: 28596
PipeName: <Anonymous Pipe>
Image: C:\Windows\Microsoft.NET\Framework64\v4.0.30319\ngen.exe
User: NT AUTHORITY\SYSTEM"
4981,MY-CAL-WIN10.my-caldera.local,17,"Pipe Created:
RuleName: -
EventType: CreatePipe
UtcTime: 2024-08-20 20:07:50.692
ProcessGuid: {ca24abc9-ee08-66c4-2094-000000001900}
ProcessId: 28596
PipeName: <Anonymous Pipe>
Image: C:\Windows\Microsoft.NET\Framework64\v4.0.30319\ngen.exe
User: NT AUTHORITY\SYSTEM"
4982,MY-CAL-WIN10.my-caldera.local,17,"Pipe Created:
RuleName: -
EventType: CreatePipe
UtcTime: 2024-08-20 20:08:39.058
ProcessGuid: {ca24abc9-ee08-66c4-2094-000000001900}
ProcessId: 28596
PipeName: <Anonymous Pipe>
Image: C:\Windows\Microsoft.NET\Framework64\v4.0.30319\ngen.exe
User: NT AUTHORITY\SYSTEM"
4983,MY-CAL-WIN10.my-caldera.local,17,"Pipe Created:
RuleName: -
EventType: CreatePipe
UtcTime: 2024-08-20 20:09:51.310
ProcessGuid: {ca24abc9-ee08-66c4-2094-000000001900}
ProcessId: 28596
PipeName: <Anonymous Pipe>
Image: C:\Windows\Microsoft.NET\Framework64\v4.0.30319\ngen.exe
User: NT AUTHORITY\SYSTEM"
4984,MY-CAL-WIN10.my-caldera.local,17,"Pipe Created:
RuleName: -
EventType: CreatePipe
UtcTime: 2024-08-20 20:10:14.973
ProcessGuid: {ca24abc9-ee08-66c4-2094-000000001900}
ProcessId: 28596
PipeName: <Anonymous Pipe>
Image: C:\Windows\Microsoft.NET\Framework64\v4.0.30319\ngen.exe
User: NT AUTHORITY\SYSTEM"
4985,MY-CAL-WIN10.my-caldera.local,17,"Pipe Created:
RuleName: -
EventType: CreatePipe
UtcTime: 2024-08-20 20:10:15.344
ProcessGuid: {ca24abc9-ee08-66c4-2094-000000001900}
ProcessId: 28596
PipeName: <Anonymous Pipe>
Image: C:\Windows\Microsoft.NET\Framework64\v4.0.30319\ngen.exe
User: NT AUTHORITY\SYSTEM"
4986,MY-CAL-WIN10.my-caldera.local,17,"Pipe Created:
RuleName: -
EventType: CreatePipe
UtcTime: 2024-08-20 20:10:15.788
ProcessGuid: {ca24abc9-ee08-66c4-2094-000000001900}
ProcessId: 28596
PipeName: <Anonymous Pipe>
Image: C:\Windows\Microsoft.NET\Framework64\v4.0.30319\ngen.exe
User: NT AUTHORITY\SYSTEM"
4987,MY-CAL-WIN10.my-caldera.local,17,"Pipe Created:
RuleName: -
EventType: CreatePipe
UtcTime: 2024-08-20 20:10:16.645
ProcessGuid: {ca24abc9-ee08-66c4-2094-000000001900}
ProcessId: 28596
PipeName: <Anonymous Pipe>
Image: C:\Windows\Microsoft.NET\Framework64\v4.0.30319\ngen.exe
User: NT AUTHORITY\SYSTEM"
4988,MY-CAL-WIN10.my-caldera.local,17,"Pipe Created:
RuleName: -
EventType: CreatePipe
UtcTime: 2024-08-20 20:10:16.264
ProcessGuid: {ca24abc9-ee08-66c4-2094-000000001900}
ProcessId: 28596
PipeName: <Anonymous Pipe>
Image: C:\Windows\Microsoft.NET\Framework64\v4.0.30319\ngen.exe
User: NT AUTHORITY\SYSTEM"
4989,MY-CAL-WIN10.my-caldera.local,17,"Pipe Created:
RuleName: -
EventType: CreatePipe
UtcTime: 2024-08-20 20:10:42.813
ProcessGuid: {ca24abc9-ee08-66c4-2094-000000001900}
ProcessId: 28596
PipeName: <Anonymous Pipe>
Image: C:\Windows\Microsoft.NET\Framework64\v4.0.30319\ngen.exe
User: NT AUTHORITY\SYSTEM"
4990,MY-CAL-WIN10.my-caldera.local,17,"Pipe Created:
RuleName: -
EventType: CreatePipe
UtcTime: 2024-08-20 20:10:59.307
ProcessGuid: {ca24abc9-ee08-66c4-2094-000000001900}
ProcessId: 28596
PipeName: <Anonymous Pipe>
Image: C:\Windows\Microsoft.NET\Framework64\v4.0.30319\ngen.exe
User: NT AUTHORITY\SYSTEM"
4991,MY-CAL-WIN10.my-caldera.local,17,"Pipe Created:
RuleName: -
EventType: CreatePipe
UtcTime: 2024-08-20 20:11:16.708
ProcessGuid: {ca24abc9-ee08-66c4-2094-000000001900}
ProcessId: 28596
PipeName: <Anonymous Pipe>
Image: C:\Windows\Microsoft.NET\Framework64\v4.0.30319\ngen.exe
User: NT AUTHORITY\SYSTEM"
4992,MY-CAL-WIN10.my-caldera.local,17,"Pipe Created:
RuleName: -
EventType: CreatePipe
UtcTime: 2024-08-20 20:11:16.880
ProcessGuid: {ca24abc9-ee08-66c4-2094-000000001900}
ProcessId: 28596
PipeName: <Anonymous Pipe>
Image: C:\Windows\Microsoft.NET\Framework64\v4.0.30319\ngen.exe
User: NT AUTHORITY\SYSTEM"
4993,MY-CAL-WIN10.my-caldera.local,17,"Pipe Created:
RuleName: -
EventType: CreatePipe
UtcTime: 2024-08-20 20:11:56.413
ProcessGuid: {ca24abc9-ee08-66c4-2094-000000001900}
ProcessId: 28596
PipeName: <Anonymous Pipe>
Image: C:\Windows\Microsoft.NET\Framework64\v4.0.30319\ngen.exe
User: NT AUTHORITY\SYSTEM"
4994,MY-CAL-WIN10.my-caldera.local,17,"Pipe Created:
RuleName: -
EventType: CreatePipe
UtcTime: 2024-08-20 20:11:56.914
ProcessGuid: {ca24abc9-ee08-66c4-2094-000000001900}
ProcessId: 28596
PipeName: <Anonymous Pipe>
Image: C:\Windows\Microsoft.NET\Framework64\v4.0.30319\ngen.exe
User: NT AUTHORITY\SYSTEM"
4995,MY-CAL-WIN10.my-caldera.local,17,"Pipe Created:
RuleName: -
EventType: CreatePipe
UtcTime: 2024-08-20 20:12:13.749
ProcessGuid: {ca24abc9-ee08-66c4-2094-000000001900}
ProcessId: 28596
PipeName: <Anonymous Pipe>
Image: C:\Windows\Microsoft.NET\Framework64\v4.0.30319\ngen.exe
User: NT AUTHORITY\SYSTEM"
4996,MY-CAL-WIN10.my-caldera.local,17,"Pipe Created:
RuleName: -
EventType: CreatePipe
UtcTime: 2024-08-20 20:30:24.894
ProcessGuid: {ca24abc9-ee08-66c4-2094-000000001900}
ProcessId: 28596
PipeName: <Anonymous Pipe>
Image: C:\Windows\Microsoft.NET\Framework64\v4.0.30319\ngen.exe
User: NT AUTHORITY\SYSTEM"
4997,MY-CAL-WIN10.my-caldera.local,17,"Pipe Created:
RuleName: -
EventType: CreatePipe
UtcTime: 2024-08-20 20:30:36.875
ProcessGuid: {ca24abc9-ee08-66c4-2094-000000001900}
ProcessId: 28596
PipeName: <Anonymous Pipe>
Image: C:\Windows\Microsoft.NET\Framework64\v4.0.30319\ngen.exe
User: NT AUTHORITY\SYSTEM"
4998,MY-CAL-WIN10.my-caldera.local,17,"Pipe Created:
RuleName: -
EventType: CreatePipe
UtcTime: 2024-08-20 20:30:37.517
ProcessGuid: {ca24abc9-ee08-66c4-2094-000000001900}
ProcessId: 28596
PipeName: <Anonymous Pipe>
Image: C:\Windows\Microsoft.NET\Framework64\v4.0.30319\ngen.exe
User: NT AUTHORITY\SYSTEM"
4999,MY-CAL-WIN10.my-caldera.local,17,"Pipe Created:
RuleName: -
EventType: CreatePipe
UtcTime: 2024-08-20 20:30:37.894
ProcessGuid: {ca24abc9-ee08-66c4-2094-000000001900}
ProcessId: 28596
PipeName: <Anonymous Pipe>
Image: C:\Windows\Microsoft.NET\Framework64\v4.0.30319\ngen.exe
User: NT AUTHORITY\SYSTEM"
5000,MY-CAL-WIN10.my-caldera.local,17,"Pipe Created:
RuleName: -
EventType: CreatePipe
UtcTime: 2024-08-20 20:30:37.248
ProcessGuid: {ca24abc9-ee08-66c4-2094-000000001900}
ProcessId: 28596
PipeName: <Anonymous Pipe>
Image: C:\Windows\Microsoft.NET\Framework64\v4.0.30319\ngen.exe
User: NT AUTHORITY\SYSTEM"
5001,MY-CAL-WIN10.my-caldera.local,17,"Pipe Created:
RuleName: -
EventType: CreatePipe
UtcTime: 2024-08-20 20:30:36.499
ProcessGuid: {ca24abc9-ee08-66c4-2094-000000001900}
ProcessId: 28596
PipeName: <Anonymous Pipe>
Image: C:\Windows\Microsoft.NET\Framework64\v4.0.30319\ngen.exe
User: NT AUTHORITY\SYSTEM"
5002,MY-CAL-WIN10.my-caldera.local,17,"Pipe Created:
RuleName: -
EventType: CreatePipe
UtcTime: 2024-08-20 20:30:36.137
ProcessGuid: {ca24abc9-ee08-66c4-2094-000000001900}
ProcessId: 28596
PipeName: <Anonymous Pipe>
Image: C:\Windows\Microsoft.NET\Framework64\v4.0.30319\ngen.exe
User: NT AUTHORITY\SYSTEM"
5003,MY-CAL-WIN10.my-caldera.local,17,"Pipe Created:
RuleName: -
EventType: CreatePipe
UtcTime: 2024-08-20 20:30:54.148
ProcessGuid: {ca24abc9-ee08-66c4-2094-000000001900}
ProcessId: 28596
PipeName: <Anonymous Pipe>
Image: C:\Windows\Microsoft.NET\Framework64\v4.0.30319\ngen.exe
User: NT AUTHORITY\SYSTEM"
5004,MY-CAL-WIN10.my-caldera.local,17,"Pipe Created:
RuleName: -
EventType: CreatePipe
UtcTime: 2024-08-20 20:30:54.267
ProcessGuid: {ca24abc9-ee08-66c4-2094-000000001900}
ProcessId: 28596
PipeName: <Anonymous Pipe>
Image: C:\Windows\Microsoft.NET\Framework64\v4.0.30319\ngen.exe
User: NT AUTHORITY\SYSTEM"
5005,MY-CAL-WIN10.my-caldera.local,17,"Pipe Created:
RuleName: -
EventType: CreatePipe
UtcTime: 2024-08-20 20:30:54.455
ProcessGuid: {ca24abc9-ee08-66c4-2094-000000001900}
ProcessId: 28596
PipeName: <Anonymous Pipe>
Image: C:\Windows\Microsoft.NET\Framework64\v4.0.30319\ngen.exe
User: NT AUTHORITY\SYSTEM"
5006,MY-CAL-WIN10.my-caldera.local,17,"Pipe Created:
RuleName: -
EventType: CreatePipe
UtcTime: 2024-08-20 20:30:54.705
ProcessGuid: {ca24abc9-ee08-66c4-2094-000000001900}
ProcessId: 28596
PipeName: <Anonymous Pipe>
Image: C:\Windows\Microsoft.NET\Framework64\v4.0.30319\ngen.exe
User: NT AUTHORITY\SYSTEM"
5007,MY-CAL-WIN10.my-caldera.local,17,"Pipe Created:
RuleName: -
EventType: CreatePipe
UtcTime: 2024-08-20 20:30:54.973
ProcessGuid: {ca24abc9-ee08-66c4-2094-000000001900}
ProcessId: 28596
PipeName: <Anonymous Pipe>
Image: C:\Windows\Microsoft.NET\Framework64\v4.0.30319\ngen.exe
User: NT AUTHORITY\SYSTEM"
5008,MY-CAL-WIN10.my-caldera.local,17,"Pipe Created:
RuleName: -
EventType: CreatePipe
UtcTime: 2024-08-20 20:30:54.858
ProcessGuid: {ca24abc9-ee08-66c4-2094-000000001900}
ProcessId: 28596
PipeName: <Anonymous Pipe>
Image: C:\Windows\Microsoft.NET\Framework64\v4.0.30319\ngen.exe
User: NT AUTHORITY\SYSTEM"
5009,MY-CAL-WIN10.my-caldera.local,17,"Pipe Created:
RuleName: -
EventType: CreatePipe
UtcTime: 2024-08-20 20:31:08.567
ProcessGuid: {ca24abc9-ee08-66c4-2094-000000001900}
ProcessId: 28596
PipeName: <Anonymous Pipe>
Image: C:\Windows\Microsoft.NET\Framework64\v4.0.30319\ngen.exe
User: NT AUTHORITY\SYSTEM"
5010,MY-CAL-WIN10.my-caldera.local,17,"Pipe Created:
RuleName: -
EventType: CreatePipe
UtcTime: 2024-08-20 20:31:08.774
ProcessGuid: {ca24abc9-ee08-66c4-2094-000000001900}
ProcessId: 28596
PipeName: <Anonymous Pipe>
Image: C:\Windows\Microsoft.NET\Framework64\v4.0.30319\ngen.exe
User: NT AUTHORITY\SYSTEM"
5011,MY-CAL-WIN10.my-caldera.local,17,"Pipe Created:
RuleName: -
EventType: CreatePipe
UtcTime: 2024-08-20 20:31:09.107
ProcessGuid: {ca24abc9-ee08-66c4-2094-000000001900}
ProcessId: 28596
PipeName: <Anonymous Pipe>
Image: C:\Windows\Microsoft.NET\Framework64\v4.0.30319\ngen.exe
User: NT AUTHORITY\SYSTEM"
5012,MY-CAL-WIN10.my-caldera.local,17,"Pipe Created:
RuleName: -
EventType: CreatePipe
UtcTime: 2024-08-20 20:31:09.210
ProcessGuid: {ca24abc9-ee08-66c4-2094-000000001900}
ProcessId: 28596
PipeName: <Anonymous Pipe>
Image: C:\Windows\Microsoft.NET\Framework64\v4.0.30319\ngen.exe
User: NT AUTHORITY\SYSTEM"
5013,MY-CAL-WIN10.my-caldera.local,17,"Pipe Created:
RuleName: -
EventType: CreatePipe
UtcTime: 2024-08-20 20:31:11.324
ProcessGuid: {ca24abc9-ee08-66c4-2094-000000001900}
ProcessId: 28596
PipeName: <Anonymous Pipe>
Image: C:\Windows\Microsoft.NET\Framework64\v4.0.30319\ngen.exe
User: NT AUTHORITY\SYSTEM"
5014,MY-CAL-WIN10.my-caldera.local,17,"Pipe Created:
RuleName: -
EventType: CreatePipe
UtcTime: 2024-08-20 20:31:11.828
ProcessGuid: {ca24abc9-ee08-66c4-2094-000000001900}
ProcessId: 28596
PipeName: <Anonymous Pipe>
Image: C:\Windows\Microsoft.NET\Framework64\v4.0.30319\ngen.exe
User: NT AUTHORITY\SYSTEM"
5015,MY-CAL-WIN10.my-caldera.local,17,"Pipe Created:
RuleName: -
EventType: CreatePipe
UtcTime: 2024-08-20 20:31:11.970
ProcessGuid: {ca24abc9-ee08-66c4-2094-000000001900}
ProcessId: 28596
PipeName: <Anonymous Pipe>
Image: C:\Windows\Microsoft.NET\Framework64\v4.0.30319\ngen.exe
User: NT AUTHORITY\SYSTEM"
5016,MY-CAL-WIN10.my-caldera.local,17,"Pipe Created:
RuleName: -
EventType: CreatePipe
UtcTime: 2024-08-20 20:31:12.602
ProcessGuid: {ca24abc9-ee08-66c4-2094-000000001900}
ProcessId: 28596
PipeName: <Anonymous Pipe>
Image: C:\Windows\Microsoft.NET\Framework64\v4.0.30319\ngen.exe
User: NT AUTHORITY\SYSTEM"
5017,MY-CAL-WIN10.my-caldera.local,17,"Pipe Created:
RuleName: -
EventType: CreatePipe
UtcTime: 2024-08-20 20:31:12.843
ProcessGuid: {ca24abc9-ee08-66c4-2094-000000001900}
ProcessId: 28596
PipeName: <Anonymous Pipe>
Image: C:\Windows\Microsoft.NET\Framework64\v4.0.30319\ngen.exe
User: NT AUTHORITY\SYSTEM"
5018,MY-CAL-WIN10.my-caldera.local,17,"Pipe Created:
RuleName: -
EventType: CreatePipe
UtcTime: 2024-08-20 20:31:12.959
ProcessGuid: {ca24abc9-ee08-66c4-2094-000000001900}
ProcessId: 28596
PipeName: <Anonymous Pipe>
Image: C:\Windows\Microsoft.NET\Framework64\v4.0.30319\ngen.exe
User: NT AUTHORITY\SYSTEM"
5019,MY-CAL-WIN10.my-caldera.local,17,"Pipe Created:
RuleName: -
EventType: CreatePipe
UtcTime: 2024-08-20 20:31:12.281
ProcessGuid: {ca24abc9-ee08-66c4-2094-000000001900}
ProcessId: 28596
PipeName: <Anonymous Pipe>
Image: C:\Windows\Microsoft.NET\Framework64\v4.0.30319\ngen.exe
User: NT AUTHORITY\SYSTEM"
5020,MY-CAL-WIN10.my-caldera.local,17,"Pipe Created:
RuleName: -
EventType: CreatePipe
UtcTime: 2024-08-20 20:31:13.165
ProcessGuid: {ca24abc9-ee08-66c4-2094-000000001900}
ProcessId: 28596
PipeName: <Anonymous Pipe>
Image: C:\Windows\Microsoft.NET\Framework64\v4.0.30319\ngen.exe
User: NT AUTHORITY\SYSTEM"
5021,MY-CAL-WIN10.my-caldera.local,17,"Pipe Created:
RuleName: -
EventType: CreatePipe
UtcTime: 2024-08-20 20:31:25.001
ProcessGuid: {ca24abc9-ee08-66c4-2094-000000001900}
ProcessId: 28596
PipeName: <Anonymous Pipe>
Image: C:\Windows\Microsoft.NET\Framework64\v4.0.30319\ngen.exe
User: NT AUTHORITY\SYSTEM"
5022,MY-CAL-WIN10.my-caldera.local,17,"Pipe Created:
RuleName: -
EventType: CreatePipe
UtcTime: 2024-08-20 20:31:25.247
ProcessGuid: {ca24abc9-ee08-66c4-2094-000000001900}
ProcessId: 28596
PipeName: <Anonymous Pipe>
Image: C:\Windows\Microsoft.NET\Framework64\v4.0.30319\ngen.exe
User: NT AUTHORITY\SYSTEM"
5023,MY-CAL-WIN10.my-caldera.local,17,"Pipe Created:
RuleName: -
EventType: CreatePipe
UtcTime: 2024-08-20 20:31:25.691
ProcessGuid: {ca24abc9-ee08-66c4-2094-000000001900}
ProcessId: 28596
PipeName: <Anonymous Pipe>
Image: C:\Windows\Microsoft.NET\Framework64\v4.0.30319\ngen.exe
User: NT AUTHORITY\SYSTEM"
5024,MY-CAL-WIN10.my-caldera.local,17,"Pipe Created:
RuleName: -
EventType: CreatePipe
UtcTime: 2024-08-20 20:31:26.820
ProcessGuid: {ca24abc9-ee08-66c4-2094-000000001900}
ProcessId: 28596
PipeName: <Anonymous Pipe>
Image: C:\Windows\Microsoft.NET\Framework64\v4.0.30319\ngen.exe
User: NT AUTHORITY\SYSTEM"
5025,MY-CAL-WIN10.my-caldera.local,17,"Pipe Created:
RuleName: -
EventType: CreatePipe
UtcTime: 2024-08-20 20:31:27.563
ProcessGuid: {ca24abc9-ee08-66c4-2094-000000001900}
ProcessId: 28596
PipeName: <Anonymous Pipe>
Image: C:\Windows\Microsoft.NET\Framework64\v4.0.30319\ngen.exe
User: NT AUTHORITY\SYSTEM"
5026,MY-CAL-WIN10.my-caldera.local,17,"Pipe Created:
RuleName: -
EventType: CreatePipe
UtcTime: 2024-08-20 20:31:27.060
ProcessGuid: {ca24abc9-ee08-66c4-2094-000000001900}
ProcessId: 28596
PipeName: <Anonymous Pipe>
Image: C:\Windows\Microsoft.NET\Framework64\v4.0.30319\ngen.exe
User: NT AUTHORITY\SYSTEM"
5027,MY-CAL-WIN10.my-caldera.local,17,"Pipe Created:
RuleName: -
EventType: CreatePipe
UtcTime: 2024-08-20 20:31:27.717
ProcessGuid: {ca24abc9-ee08-66c4-2094-000000001900}
ProcessId: 28596
PipeName: <Anonymous Pipe>
Image: C:\Windows\Microsoft.NET\Framework64\v4.0.30319\ngen.exe
User: NT AUTHORITY\SYSTEM"
5028,MY-CAL-WIN10.my-caldera.local,17,"Pipe Created:
RuleName: -
EventType: CreatePipe
UtcTime: 2024-08-20 20:31:27.962
ProcessGuid: {ca24abc9-ee08-66c4-2094-000000001900}
ProcessId: 28596
PipeName: <Anonymous Pipe>
Image: C:\Windows\Microsoft.NET\Framework64\v4.0.30319\ngen.exe
User: NT AUTHORITY\SYSTEM"
5029,MY-CAL-WIN10.my-caldera.local,17,"Pipe Created:
RuleName: -
EventType: CreatePipe
UtcTime: 2024-08-20 20:31:28.352
ProcessGuid: {ca24abc9-ee08-66c4-2094-000000001900}
ProcessId: 28596
PipeName: <Anonymous Pipe>
Image: C:\Windows\Microsoft.NET\Framework64\v4.0.30319\ngen.exe
User: NT AUTHORITY\SYSTEM"
5030,MY-CAL-WIN10.my-caldera.local,17,"Pipe Created:
RuleName: -
EventType: CreatePipe
UtcTime: 2024-08-20 20:31:26.697
ProcessGuid: {ca24abc9-ee08-66c4-2094-000000001900}
ProcessId: 28596
PipeName: <Anonymous Pipe>
Image: C:\Windows\Microsoft.NET\Framework64\v4.0.30319\ngen.exe
User: NT AUTHORITY\SYSTEM"
5031,MY-CAL-WIN10.my-caldera.local,17,"Pipe Created:
RuleName: -
EventType: CreatePipe
UtcTime: 2024-08-20 20:31:27.251
ProcessGuid: {ca24abc9-ee08-66c4-2094-000000001900}
ProcessId: 28596
PipeName: <Anonymous Pipe>
Image: C:\Windows\Microsoft.NET\Framework64\v4.0.30319\ngen.exe
User: NT AUTHORITY\SYSTEM"
5032,MY-CAL-WIN10.my-caldera.local,17,"Pipe Created:
RuleName: -
EventType: CreatePipe
UtcTime: 2024-08-20 20:31:27.383
ProcessGuid: {ca24abc9-ee08-66c4-2094-000000001900}
ProcessId: 28596
PipeName: <Anonymous Pipe>
Image: C:\Windows\Microsoft.NET\Framework64\v4.0.30319\ngen.exe
User: NT AUTHORITY\SYSTEM"
5033,MY-CAL-WIN10.my-caldera.local,17,"Pipe Created:
RuleName: -
EventType: CreatePipe
UtcTime: 2024-08-20 20:31:26.092
ProcessGuid: {ca24abc9-ee08-66c4-2094-000000001900}
ProcessId: 28596
PipeName: <Anonymous Pipe>
Image: C:\Windows\Microsoft.NET\Framework64\v4.0.30319\ngen.exe
User: NT AUTHORITY\SYSTEM"
5034,MY-CAL-WIN10.my-caldera.local,17,"Pipe Created:
RuleName: -
EventType: CreatePipe
UtcTime: 2024-08-20 20:31:26.484
ProcessGuid: {ca24abc9-ee08-66c4-2094-000000001900}
ProcessId: 28596
PipeName: <Anonymous Pipe>
Image: C:\Windows\Microsoft.NET\Framework64\v4.0.30319\ngen.exe
User: NT AUTHORITY\SYSTEM"
5035,MY-CAL-WIN10.my-caldera.local,17,"Pipe Created:
RuleName: -
EventType: CreatePipe
UtcTime: 2024-08-20 20:31:28.675
ProcessGuid: {ca24abc9-ee08-66c4-2094-000000001900}
ProcessId: 28596
PipeName: <Anonymous Pipe>
Image: C:\Windows\Microsoft.NET\Framework64\v4.0.30319\ngen.exe
User: NT AUTHORITY\SYSTEM"
5036,MY-CAL-WIN10.my-caldera.local,17,"Pipe Created:
RuleName: -
EventType: CreatePipe
UtcTime: 2024-08-20 20:31:40.907
ProcessGuid: {ca24abc9-ee08-66c4-2094-000000001900}
ProcessId: 28596
PipeName: <Anonymous Pipe>
Image: C:\Windows\Microsoft.NET\Framework64\v4.0.30319\ngen.exe
User: NT AUTHORITY\SYSTEM"
5037,MY-CAL-WIN10.my-caldera.local,17,"Pipe Created:
RuleName: -
EventType: CreatePipe
UtcTime: 2024-08-20 20:31:41.120
ProcessGuid: {ca24abc9-ee08-66c4-2094-000000001900}
ProcessId: 28596
PipeName: <Anonymous Pipe>
Image: C:\Windows\Microsoft.NET\Framework64\v4.0.30319\ngen.exe
User: NT AUTHORITY\SYSTEM"
5038,MY-CAL-WIN10.my-caldera.local,17,"Pipe Created:
RuleName: -
EventType: CreatePipe
UtcTime: 2024-08-20 20:31:42.785
ProcessGuid: {ca24abc9-ee08-66c4-2094-000000001900}
ProcessId: 28596
PipeName: <Anonymous Pipe>
Image: C:\Windows\Microsoft.NET\Framework64\v4.0.30319\ngen.exe
User: NT AUTHORITY\SYSTEM"
5039,MY-CAL-WIN10.my-caldera.local,17,"Pipe Created:
RuleName: -
EventType: CreatePipe
UtcTime: 2024-08-20 20:31:43.146
ProcessGuid: {ca24abc9-ee08-66c4-2094-000000001900}
ProcessId: 28596
PipeName: <Anonymous Pipe>
Image: C:\Windows\Microsoft.NET\Framework64\v4.0.30319\ngen.exe
User: NT AUTHORITY\SYSTEM"
5040,MY-CAL-WIN10.my-caldera.local,17,"Pipe Created:
RuleName: -
EventType: CreatePipe
UtcTime: 2024-08-20 20:31:40.738
ProcessGuid: {ca24abc9-ee08-66c4-2094-000000001900}
ProcessId: 28596
PipeName: <Anonymous Pipe>
Image: C:\Windows\Microsoft.NET\Framework64\v4.0.30319\ngen.exe
User: NT AUTHORITY\SYSTEM"
5041,MY-CAL-WIN10.my-caldera.local,17,"Pipe Created:
RuleName: -
EventType: CreatePipe
UtcTime: 2024-08-20 20:31:43.359
ProcessGuid: {ca24abc9-ee08-66c4-2094-000000001900}
ProcessId: 28596
PipeName: <Anonymous Pipe>
Image: C:\Windows\Microsoft.NET\Framework64\v4.0.30319\ngen.exe
User: NT AUTHORITY\SYSTEM"
5042,MY-CAL-WIN10.my-caldera.local,17,"Pipe Created:
RuleName: -
EventType: CreatePipe
UtcTime: 2024-08-20 20:31:55.759
ProcessGuid: {ca24abc9-ee08-66c4-2094-000000001900}
ProcessId: 28596
PipeName: <Anonymous Pipe>
Image: C:\Windows\Microsoft.NET\Framework64\v4.0.30319\ngen.exe
User: NT AUTHORITY\SYSTEM"
5043,MY-CAL-WIN10.my-caldera.local,17,"Pipe Created:
RuleName: -
EventType: CreatePipe
UtcTime: 2024-08-20 20:31:55.887
ProcessGuid: {ca24abc9-ee08-66c4-2094-000000001900}
ProcessId: 28596
PipeName: <Anonymous Pipe>
Image: C:\Windows\Microsoft.NET\Framework64\v4.0.30319\ngen.exe
User: NT AUTHORITY\SYSTEM"
5044,MY-CAL-WIN10.my-caldera.local,17,"Pipe Created:
RuleName: -
EventType: CreatePipe
UtcTime: 2024-08-20 20:31:56.008
ProcessGuid: {ca24abc9-ee08-66c4-2094-000000001900}
ProcessId: 28596
PipeName: <Anonymous Pipe>
Image: C:\Windows\Microsoft.NET\Framework64\v4.0.30319\ngen.exe
User: NT AUTHORITY\SYSTEM"
5045,MY-CAL-WIN10.my-caldera.local,17,"Pipe Created:
RuleName: -
EventType: CreatePipe
UtcTime: 2024-08-20 20:31:57.385
ProcessGuid: {ca24abc9-ee08-66c4-2094-000000001900}
ProcessId: 28596
PipeName: <Anonymous Pipe>
Image: C:\Windows\Microsoft.NET\Framework64\v4.0.30319\ngen.exe
User: NT AUTHORITY\SYSTEM"
5046,MY-CAL-WIN10.my-caldera.local,17,"Pipe Created:
RuleName: -
EventType: CreatePipe
UtcTime: 2024-08-20 20:31:57.541
ProcessGuid: {ca24abc9-ee08-66c4-2094-000000001900}
ProcessId: 28596
PipeName: <Anonymous Pipe>
Image: C:\Windows\Microsoft.NET\Framework64\v4.0.30319\ngen.exe
User: NT AUTHORITY\SYSTEM"
5047,MY-CAL-WIN10.my-caldera.local,17,"Pipe Created:
RuleName: -
EventType: CreatePipe
UtcTime: 2024-08-20 20:31:57.672
ProcessGuid: {ca24abc9-ee08-66c4-2094-000000001900}
ProcessId: 28596
PipeName: <Anonymous Pipe>
Image: C:\Windows\Microsoft.NET\Framework64\v4.0.30319\ngen.exe
User: NT AUTHORITY\SYSTEM"
5048,MY-CAL-WIN10.my-caldera.local,17,"Pipe Created:
RuleName: -
EventType: CreatePipe
UtcTime: 2024-08-20 20:31:56.159
ProcessGuid: {ca24abc9-ee08-66c4-2094-000000001900}
ProcessId: 28596
PipeName: <Anonymous Pipe>
Image: C:\Windows\Microsoft.NET\Framework64\v4.0.30319\ngen.exe
User: NT AUTHORITY\SYSTEM"
5049,MY-CAL-WIN10.my-caldera.local,17,"Pipe Created:
RuleName: -
EventType: CreatePipe
UtcTime: 2024-08-20 20:31:57.029
ProcessGuid: {ca24abc9-ee08-66c4-2094-000000001900}
ProcessId: 28596
PipeName: <Anonymous Pipe>
Image: C:\Windows\Microsoft.NET\Framework64\v4.0.30319\ngen.exe
User: NT AUTHORITY\SYSTEM"
5050,MY-CAL-WIN10.my-caldera.local,17,"Pipe Created:
RuleName: -
EventType: CreatePipe
UtcTime: 2024-08-20 20:31:58.664
ProcessGuid: {ca24abc9-ee08-66c4-2094-000000001900}
ProcessId: 28596
PipeName: <Anonymous Pipe>
Image: C:\Windows\Microsoft.NET\Framework64\v4.0.30319\ngen.exe
User: NT AUTHORITY\SYSTEM"
5051,MY-CAL-WIN10.my-caldera.local,17,"Pipe Created:
RuleName: -
EventType: CreatePipe
UtcTime: 2024-08-20 20:31:56.576
ProcessGuid: {ca24abc9-ee08-66c4-2094-000000001900}
ProcessId: 28596
PipeName: <Anonymous Pipe>
Image: C:\Windows\Microsoft.NET\Framework64\v4.0.30319\ngen.exe
User: NT AUTHORITY\SYSTEM"
5052,MY-CAL-WIN10.my-caldera.local,17,"Pipe Created:
RuleName: -
EventType: CreatePipe
UtcTime: 2024-08-20 20:31:56.280
ProcessGuid: {ca24abc9-ee08-66c4-2094-000000001900}
ProcessId: 28596
PipeName: <Anonymous Pipe>
Image: C:\Windows\Microsoft.NET\Framework64\v4.0.30319\ngen.exe
User: NT AUTHORITY\SYSTEM"
5053,MY-CAL-WIN10.my-caldera.local,17,"Pipe Created:
RuleName: -
EventType: CreatePipe
UtcTime: 2024-08-20 20:31:56.700
ProcessGuid: {ca24abc9-ee08-66c4-2094-000000001900}
ProcessId: 28596
PipeName: <Anonymous Pipe>
Image: C:\Windows\Microsoft.NET\Framework64\v4.0.30319\ngen.exe
User: NT AUTHORITY\SYSTEM"
5054,MY-CAL-WIN10.my-caldera.local,17,"Pipe Created:
RuleName: -
EventType: CreatePipe
UtcTime: 2024-08-20 20:31:56.847
ProcessGuid: {ca24abc9-ee08-66c4-2094-000000001900}
ProcessId: 28596
PipeName: <Anonymous Pipe>
Image: C:\Windows\Microsoft.NET\Framework64\v4.0.30319\ngen.exe
User: NT AUTHORITY\SYSTEM"
5055,MY-CAL-WIN10.my-caldera.local,17,"Pipe Created:
RuleName: -
EventType: CreatePipe
UtcTime: 2024-08-20 20:31:59.161
ProcessGuid: {ca24abc9-ee08-66c4-2094-000000001900}
ProcessId: 28596
PipeName: <Anonymous Pipe>
Image: C:\Windows\Microsoft.NET\Framework64\v4.0.30319\ngen.exe
User: NT AUTHORITY\SYSTEM"
5056,MY-CAL-WIN10.my-caldera.local,17,"Pipe Created:
RuleName: -
EventType: CreatePipe
UtcTime: 2024-08-20 20:31:55.484
ProcessGuid: {ca24abc9-ee08-66c4-2094-000000001900}
ProcessId: 28596
PipeName: <Anonymous Pipe>
Image: C:\Windows\Microsoft.NET\Framework64\v4.0.30319\ngen.exe
User: NT AUTHORITY\SYSTEM"
5057,MY-CAL-WIN10.my-caldera.local,17,"Pipe Created:
RuleName: -
EventType: CreatePipe
UtcTime: 2024-08-20 20:31:58.859
ProcessGuid: {ca24abc9-ee08-66c4-2094-000000001900}
ProcessId: 28596
PipeName: <Anonymous Pipe>
Image: C:\Windows\Microsoft.NET\Framework64\v4.0.30319\ngen.exe
User: NT AUTHORITY\SYSTEM"
5058,MY-CAL-WIN10.my-caldera.local,17,"Pipe Created:
RuleName: -
EventType: CreatePipe
UtcTime: 2024-08-20 20:31:57.174
ProcessGuid: {ca24abc9-ee08-66c4-2094-000000001900}
ProcessId: 28596
PipeName: <Anonymous Pipe>
Image: C:\Windows\Microsoft.NET\Framework64\v4.0.30319\ngen.exe
User: NT AUTHORITY\SYSTEM"
5059,MY-CAL-WIN10.my-caldera.local,17,"Pipe Created:
RuleName: -
EventType: CreatePipe
UtcTime: 2024-08-20 20:31:56.431
ProcessGuid: {ca24abc9-ee08-66c4-2094-000000001900}
ProcessId: 28596
PipeName: <Anonymous Pipe>
Image: C:\Windows\Microsoft.NET\Framework64\v4.0.30319\ngen.exe
User: NT AUTHORITY\SYSTEM"
5060,MY-CAL-WIN10.my-caldera.local,17,"Pipe Created:
RuleName: -
EventType: CreatePipe
UtcTime: 2024-08-20 20:31:59.036
ProcessGuid: {ca24abc9-ee08-66c4-2094-000000001900}
ProcessId: 28596
PipeName: <Anonymous Pipe>
Image: C:\Windows\Microsoft.NET\Framework64\v4.0.30319\ngen.exe
User: NT AUTHORITY\SYSTEM"
5061,MY-CAL-WIN10.my-caldera.local,17,"Pipe Created:
RuleName: -
EventType: CreatePipe
UtcTime: 2024-08-20 20:31:58.345
ProcessGuid: {ca24abc9-ee08-66c4-2094-000000001900}
ProcessId: 28596
PipeName: <Anonymous Pipe>
Image: C:\Windows\Microsoft.NET\Framework64\v4.0.30319\ngen.exe
User: NT AUTHORITY\SYSTEM"
5062,MY-CAL-WIN10.my-caldera.local,17,"Pipe Created:
RuleName: -
EventType: CreatePipe
UtcTime: 2024-08-20 20:31:58.536
ProcessGuid: {ca24abc9-ee08-66c4-2094-000000001900}
ProcessId: 28596
PipeName: <Anonymous Pipe>
Image: C:\Windows\Microsoft.NET\Framework64\v4.0.30319\ngen.exe
User: NT AUTHORITY\SYSTEM"
5063,MY-CAL-WIN10.my-caldera.local,17,"Pipe Created:
RuleName: -
EventType: CreatePipe
UtcTime: 2024-08-20 20:33:07.604
ProcessGuid: {ca24abc9-f379-66c4-d594-000000001900}
ProcessId: 8936
PipeName: <Anonymous Pipe>
Image: C:\Program Files (x86)\Microsoft Visual Studio\Installer\resources\app\ServiceHub\Services\Microsoft.VisualStudio.Setup.Service\VSIXAutoUpdate.exe
User: NT AUTHORITY\SYSTEM"
5064,MY-CAL-WIN10.my-caldera.local,17,"Pipe Created:
RuleName: -
EventType: CreatePipe
UtcTime: 2024-08-20 20:33:07.605
ProcessGuid: {ca24abc9-f379-66c4-d594-000000001900}
ProcessId: 8936
PipeName: <Anonymous Pipe>
Image: C:\Program Files (x86)\Microsoft Visual Studio\Installer\resources\app\ServiceHub\Services\Microsoft.VisualStudio.Setup.Service\VSIXAutoUpdate.exe
User: NT AUTHORITY\SYSTEM"
5065,MY-CAL-WIN10.my-caldera.local,17,"Pipe Created:
RuleName: -
EventType: CreatePipe
UtcTime: 2024-08-20 20:33:08.924
ProcessGuid: {ca24abc9-fd83-66c4-8498-000000001900}
ProcessId: 20184
PipeName: <Anonymous Pipe>
Image: C:\Program Files\Microsoft Visual Studio\2022\Community\common7\ide\vsfinalizer.exe
User: NT AUTHORITY\SYSTEM"
5066,MY-CAL-WIN10.my-caldera.local,17,"Pipe Created:
RuleName: -
EventType: CreatePipe
UtcTime: 2024-08-20 20:33:08.925
ProcessGuid: {ca24abc9-fd83-66c4-8498-000000001900}
ProcessId: 20184
PipeName: <Anonymous Pipe>
Image: C:\Program Files\Microsoft Visual Studio\2022\Community\common7\ide\vsfinalizer.exe
User: NT AUTHORITY\SYSTEM"
5067,MY-CAL-WIN10.my-caldera.local,17,"Pipe Created:
RuleName: -
EventType: CreatePipe
UtcTime: 2024-08-20 20:26:51.850
ProcessGuid: {ca24abc9-ee08-66c4-2094-000000001900}
ProcessId: 28596
PipeName: <Anonymous Pipe>
Image: C:\Windows\Microsoft.NET\Framework64\v4.0.30319\ngen.exe
User: NT AUTHORITY\SYSTEM"
5068,MY-CAL-WIN10.my-caldera.local,17,"Pipe Created:
RuleName: -
EventType: CreatePipe
UtcTime: 2024-08-20 20:27:22.106
ProcessGuid: {ca24abc9-ee08-66c4-2094-000000001900}
ProcessId: 28596
PipeName: <Anonymous Pipe>
Image: C:\Windows\Microsoft.NET\Framework64\v4.0.30319\ngen.exe
User: NT AUTHORITY\SYSTEM"
5069,MY-CAL-WIN10.my-caldera.local,17,"Pipe Created:
RuleName: -
EventType: CreatePipe
UtcTime: 2024-08-20 20:27:23.036
ProcessGuid: {ca24abc9-ee08-66c4-2094-000000001900}
ProcessId: 28596
PipeName: <Anonymous Pipe>
Image: C:\Windows\Microsoft.NET\Framework64\v4.0.30319\ngen.exe
User: NT AUTHORITY\SYSTEM"
5070,MY-CAL-WIN10.my-caldera.local,17,"Pipe Created:
RuleName: -
EventType: CreatePipe
UtcTime: 2024-08-20 20:27:37.193
ProcessGuid: {ca24abc9-ee08-66c4-2094-000000001900}
ProcessId: 28596
PipeName: <Anonymous Pipe>
Image: C:\Windows\Microsoft.NET\Framework64\v4.0.30319\ngen.exe
User: NT AUTHORITY\SYSTEM"
5071,MY-CAL-WIN10.my-caldera.local,17,"Pipe Created:
RuleName: -
EventType: CreatePipe
UtcTime: 2024-08-20 20:28:08.787
ProcessGuid: {ca24abc9-f379-66c4-d594-000000001900}
ProcessId: 8936
PipeName: <Anonymous Pipe>
Image: C:\Program Files (x86)\Microsoft Visual Studio\Installer\resources\app\ServiceHub\Services\Microsoft.VisualStudio.Setup.Service\VSIXAutoUpdate.exe
User: NT AUTHORITY\SYSTEM"
5072,MY-CAL-WIN10.my-caldera.local,17,"Pipe Created:
RuleName: -
EventType: CreatePipe
UtcTime: 2024-08-20 20:28:08.516
ProcessGuid: {ca24abc9-ee08-66c4-2094-000000001900}
ProcessId: 28596
PipeName: <Anonymous Pipe>
Image: C:\Windows\Microsoft.NET\Framework64\v4.0.30319\ngen.exe
User: NT AUTHORITY\SYSTEM"
5073,MY-CAL-WIN10.my-caldera.local,17,"Pipe Created:
RuleName: -
EventType: CreatePipe
UtcTime: 2024-08-20 20:28:08.792
ProcessGuid: {ca24abc9-f379-66c4-d594-000000001900}
ProcessId: 8936
PipeName: <Anonymous Pipe>
Image: C:\Program Files (x86)\Microsoft Visual Studio\Installer\resources\app\ServiceHub\Services\Microsoft.VisualStudio.Setup.Service\VSIXAutoUpdate.exe
User: NT AUTHORITY\SYSTEM"
5074,MY-CAL-WIN10.my-caldera.local,17,"Pipe Created:
RuleName: -
EventType: CreatePipe
UtcTime: 2024-08-20 20:28:08.793
ProcessGuid: {ca24abc9-f379-66c4-d594-000000001900}
ProcessId: 8936
PipeName: <Anonymous Pipe>
Image: C:\Program Files (x86)\Microsoft Visual Studio\Installer\resources\app\ServiceHub\Services\Microsoft.VisualStudio.Setup.Service\VSIXAutoUpdate.exe
User: NT AUTHORITY\SYSTEM"
5075,MY-CAL-WIN10.my-caldera.local,17,"Pipe Created:
RuleName: -
EventType: CreatePipe
UtcTime: 2024-08-20 20:28:17.461
ProcessGuid: {ca24abc9-ee08-66c4-2094-000000001900}
ProcessId: 28596
PipeName: <Anonymous Pipe>
Image: C:\Windows\Microsoft.NET\Framework64\v4.0.30319\ngen.exe
User: NT AUTHORITY\SYSTEM"
5076,MY-CAL-WIN10.my-caldera.local,17,"Pipe Created:
RuleName: -
EventType: CreatePipe
UtcTime: 2024-08-20 20:28:38.925
ProcessGuid: {ca24abc9-ee08-66c4-2094-000000001900}
ProcessId: 28596
PipeName: <Anonymous Pipe>
Image: C:\Windows\Microsoft.NET\Framework64\v4.0.30319\ngen.exe
User: NT AUTHORITY\SYSTEM"
5077,MY-CAL-WIN10.my-caldera.local,17,"Pipe Created:
RuleName: -
EventType: CreatePipe
UtcTime: 2024-08-20 20:28:39.321
ProcessGuid: {ca24abc9-ee08-66c4-2094-000000001900}
ProcessId: 28596
PipeName: <Anonymous Pipe>
Image: C:\Windows\Microsoft.NET\Framework64\v4.0.30319\ngen.exe
User: NT AUTHORITY\SYSTEM"
5078,MY-CAL-WIN10.my-caldera.local,17,"Pipe Created:
RuleName: -
EventType: CreatePipe
UtcTime: 2024-08-20 20:28:39.608
ProcessGuid: {ca24abc9-ee08-66c4-2094-000000001900}
ProcessId: 28596
PipeName: <Anonymous Pipe>
Image: C:\Windows\Microsoft.NET\Framework64\v4.0.30319\ngen.exe
User: NT AUTHORITY\SYSTEM"
5079,MY-CAL-WIN10.my-caldera.local,17,"Pipe Created:
RuleName: -
EventType: CreatePipe
UtcTime: 2024-08-20 20:28:39.990
ProcessGuid: {ca24abc9-ee08-66c4-2094-000000001900}
ProcessId: 28596
PipeName: <Anonymous Pipe>
Image: C:\Windows\Microsoft.NET\Framework64\v4.0.30319\ngen.exe
User: NT AUTHORITY\SYSTEM"
5080,MY-CAL-WIN10.my-caldera.local,17,"Pipe Created:
RuleName: -
EventType: CreatePipe
UtcTime: 2024-08-20 20:28:52.889
ProcessGuid: {ca24abc9-ee08-66c4-2094-000000001900}
ProcessId: 28596
PipeName: <Anonymous Pipe>
Image: C:\Windows\Microsoft.NET\Framework64\v4.0.30319\ngen.exe
User: NT AUTHORITY\SYSTEM"
5081,MY-CAL-WIN10.my-caldera.local,17,"Pipe Created:
RuleName: -
EventType: CreatePipe
UtcTime: 2024-08-20 20:29:16.436
ProcessGuid: {ca24abc9-ee08-66c4-2094-000000001900}
ProcessId: 28596
PipeName: <Anonymous Pipe>
Image: C:\Windows\Microsoft.NET\Framework64\v4.0.30319\ngen.exe
User: NT AUTHORITY\SYSTEM"
5082,MY-CAL-WIN10.my-caldera.local,17,"Pipe Created:
RuleName: -
EventType: CreatePipe
UtcTime: 2024-08-20 20:29:16.822
ProcessGuid: {ca24abc9-ee08-66c4-2094-000000001900}
ProcessId: 28596
PipeName: <Anonymous Pipe>
Image: C:\Windows\Microsoft.NET\Framework64\v4.0.30319\ngen.exe
User: NT AUTHORITY\SYSTEM"
5083,MY-CAL-WIN10.my-caldera.local,17,"Pipe Created:
RuleName: -
EventType: CreatePipe
UtcTime: 2024-08-20 20:29:20.936
ProcessGuid: {ca24abc9-ee08-66c4-2094-000000001900}
ProcessId: 28596
PipeName: <Anonymous Pipe>
Image: C:\Windows\Microsoft.NET\Framework64\v4.0.30319\ngen.exe
User: NT AUTHORITY\SYSTEM"
5084,MY-CAL-WIN10.my-caldera.local,17,"Pipe Created:
RuleName: -
EventType: CreatePipe
UtcTime: 2024-08-20 20:29:28.856
ProcessGuid: {ca24abc9-ee08-66c4-2094-000000001900}
ProcessId: 28596
PipeName: <Anonymous Pipe>
Image: C:\Windows\Microsoft.NET\Framework64\v4.0.30319\ngen.exe
User: NT AUTHORITY\SYSTEM"
5085,MY-CAL-WIN10.my-caldera.local,17,"Pipe Created:
RuleName: -
EventType: CreatePipe
UtcTime: 2024-08-20 20:29:29.152
ProcessGuid: {ca24abc9-ee08-66c4-2094-000000001900}
ProcessId: 28596
PipeName: <Anonymous Pipe>
Image: C:\Windows\Microsoft.NET\Framework64\v4.0.30319\ngen.exe
User: NT AUTHORITY\SYSTEM"
5086,MY-CAL-WIN10.my-caldera.local,17,"Pipe Created:
RuleName: -
EventType: CreatePipe
UtcTime: 2024-08-20 20:29:38.165
ProcessGuid: {ca24abc9-ee08-66c4-2094-000000001900}
ProcessId: 28596
PipeName: <Anonymous Pipe>
Image: C:\Windows\Microsoft.NET\Framework64\v4.0.30319\ngen.exe
User: NT AUTHORITY\SYSTEM"
5087,MY-CAL-WIN10.my-caldera.local,17,"Pipe Created:
RuleName: -
EventType: CreatePipe
UtcTime: 2024-08-20 20:29:43.159
ProcessGuid: {ca24abc9-ee08-66c4-2094-000000001900}
ProcessId: 28596
PipeName: <Anonymous Pipe>
Image: C:\Windows\Microsoft.NET\Framework64\v4.0.30319\ngen.exe
User: NT AUTHORITY\SYSTEM"
5088,MY-CAL-WIN10.my-caldera.local,17,"Pipe Created:
RuleName: -
EventType: CreatePipe
UtcTime: 2024-08-20 20:29:42.850
ProcessGuid: {ca24abc9-ee08-66c4-2094-000000001900}
ProcessId: 28596
PipeName: <Anonymous Pipe>
Image: C:\Windows\Microsoft.NET\Framework64\v4.0.30319\ngen.exe
User: NT AUTHORITY\SYSTEM"
5089,MY-CAL-WIN10.my-caldera.local,17,"Pipe Created:
RuleName: -
EventType: CreatePipe
UtcTime: 2024-08-20 20:29:53.130
ProcessGuid: {ca24abc9-ee08-66c4-2094-000000001900}
ProcessId: 28596
PipeName: <Anonymous Pipe>
Image: C:\Windows\Microsoft.NET\Framework64\v4.0.30319\ngen.exe
User: NT AUTHORITY\SYSTEM"
5090,MY-CAL-WIN10.my-caldera.local,17,"Pipe Created:
RuleName: -
EventType: CreatePipe
UtcTime: 2024-08-20 20:29:53.377
ProcessGuid: {ca24abc9-ee08-66c4-2094-000000001900}
ProcessId: 28596
PipeName: <Anonymous Pipe>
Image: C:\Windows\Microsoft.NET\Framework64\v4.0.30319\ngen.exe
User: NT AUTHORITY\SYSTEM"
5091,MY-CAL-WIN10.my-caldera.local,17,"Pipe Created:
RuleName: -
EventType: CreatePipe
UtcTime: 2024-08-20 20:29:57.885
ProcessGuid: {ca24abc9-ee08-66c4-2094-000000001900}
ProcessId: 28596
PipeName: <Anonymous Pipe>
Image: C:\Windows\Microsoft.NET\Framework64\v4.0.30319\ngen.exe
User: NT AUTHORITY\SYSTEM"
5092,MY-CAL-WIN10.my-caldera.local,17,"Pipe Created:
RuleName: -
EventType: CreatePipe
UtcTime: 2024-08-20 20:29:58.663
ProcessGuid: {ca24abc9-ee08-66c4-2094-000000001900}
ProcessId: 28596
PipeName: <Anonymous Pipe>
Image: C:\Windows\Microsoft.NET\Framework64\v4.0.30319\ngen.exe
User: NT AUTHORITY\SYSTEM"
5093,MY-CAL-WIN10.my-caldera.local,17,"Pipe Created:
