RuleName: -
EventType: CreatePipe
UtcTime: 2024-08-20 00:11:28.269
ProcessGuid: {ca24abc9-df30-66c3-5902-000000001d00}
ProcessId: 3676
PipeName: \PSHost.133685862880571699.3676.DefaultAppDomain.powershell
Image: C:\Windows\System32\WindowsPowerShell\v1.0\powershell.exe
User: MY-CALDERA\johnny.douche"
1052,MY-CAL-WIN10.my-caldera.local,17,"Pipe Created:
RuleName: -
EventType: CreatePipe
UtcTime: 2024-08-20 00:11:27.434
ProcessGuid: {ca24abc9-df2b-66c3-5702-000000001d00}
ProcessId: 9008
PipeName: \PSHost.133685862835521305.9008.DefaultAppDomain.powershell
Image: C:\Windows\System32\WindowsPowerShell\v1.0\powershell.exe
User: MY-CALDERA\johnny.douche"
1053,MY-CAL-WIN10.my-caldera.local,17,"Pipe Created:
RuleName: -
EventType: CreatePipe
UtcTime: 2024-08-20 00:11:50.232
ProcessGuid: {ca24abc9-df33-66c3-5d02-000000001d00}
ProcessId: 9500
PipeName: <Anonymous Pipe>
Image: C:\AtomicRedTeam\ExternalPayloads\npcap_installer.exe
User: MY-CALDERA\johnny.douche"
1054,MY-CAL-WIN10.my-caldera.local,17,"Pipe Created:
RuleName: -
EventType: CreatePipe
UtcTime: 2024-08-20 00:11:50.232
ProcessGuid: {ca24abc9-df33-66c3-5d02-000000001d00}
ProcessId: 9500
PipeName: <Anonymous Pipe>
Image: C:\AtomicRedTeam\ExternalPayloads\npcap_installer.exe
User: MY-CALDERA\johnny.douche"
1055,MY-CAL-WIN10.my-caldera.local,17,"Pipe Created:
RuleName: -
EventType: CreatePipe
UtcTime: 2024-08-20 00:11:50.424
ProcessGuid: {ca24abc9-df46-66c3-6702-000000001d00}
ProcessId: 9624
PipeName: <Anonymous Pipe>
Image: C:\Program Files\Npcap\NPFInstall.exe
User: MY-CALDERA\johnny.douche"
1056,MY-CAL-WIN10.my-caldera.local,17,"Pipe Created:
RuleName: -
EventType: CreatePipe
UtcTime: 2024-08-20 00:11:57.966
ProcessGuid: {ca24abc9-d62f-66c3-4800-000000001d00}
ProcessId: 3432
PipeName: <Anonymous Pipe>
Image: C:\Program Files\Windows Defender Advanced Threat Protection\MsSense.exe
User: NT AUTHORITY\SYSTEM"
1057,MY-CAL-WIN10.my-caldera.local,17,"Pipe Created:
RuleName: -
EventType: CreatePipe
UtcTime: 2024-08-20 00:13:21.815
ProcessGuid: {ca24abc9-dfa0-66c3-c302-000000001d00}
ProcessId: 7564
PipeName: \PSHost.133685864009070752.7564.DefaultAppDomain.powershell
Image: C:\Windows\System32\WindowsPowerShell\v1.0\powershell.exe
User: MY-CALDERA\johnny.douche"
1058,MY-CAL-WIN10.my-caldera.local,17,"Pipe Created:
RuleName: -
EventType: CreatePipe
UtcTime: 2024-08-20 01:56:18.554
ProcessGuid: {ca24abc9-f7c1-66c3-1112-000000001d00}
ProcessId: 14376
PipeName: \PSHost.133685925770740703.14376.DefaultAppDomain.powershell
Image: C:\Windows\System32\WindowsPowerShell\v1.0\powershell.exe
User: MY-CALDERA\johnny.douche"
1059,MY-CAL-WIN10.my-caldera.local,17,"Pipe Created:
RuleName: -
EventType: CreatePipe
UtcTime: 2024-08-20 01:58:20.527
ProcessGuid: {ca24abc9-f83a-66c3-1a12-000000001d00}
ProcessId: 14308
PipeName: \PSHost.133685926986479176.14308.DefaultAppDomain.powershell
Image: C:\Windows\System32\WindowsPowerShell\v1.0\powershell.exe
User: MY-CALDERA\johnny.douche"
1060,MY-CAL-WIN10.my-caldera.local,17,"Pipe Created:
RuleName: -
EventType: CreatePipe
UtcTime: 2024-08-20 00:17:14.834
ProcessGuid: {ca24abc9-e08a-66c3-0b03-000000001d00}
ProcessId: 10764
PipeName: \PSHost.133685866346601030.10764.DefaultAppDomain.powershell
Image: C:\Windows\System32\WindowsPowerShell\v1.0\powershell.exe
User: MY-CALDERA\johnny.douche"
1061,MY-CAL-WIN10.my-caldera.local,17,"Pipe Created:
RuleName: -
EventType: CreatePipe
UtcTime: 2024-08-20 00:17:14.071
ProcessGuid: {ca24abc9-e089-66c3-0a03-000000001d00}
ProcessId: 7468
PipeName: \PSHost.133685866339060529.7468.DefaultAppDomain.powershell
Image: C:\Windows\System32\WindowsPowerShell\v1.0\powershell.exe
User: MY-CALDERA\johnny.douche"
1062,MY-CAL-WIN10.my-caldera.local,17,"Pipe Created:
RuleName: -
EventType: CreatePipe
UtcTime: 2024-08-20 00:19:32.670
ProcessGuid: {ca24abc9-e114-66c3-5003-000000001d00}
ProcessId: 9552
PipeName: \PSHost.133685867724900422.9552.DefaultAppDomain.powershell
Image: C:\Windows\System32\WindowsPowerShell\v1.0\powershell.exe
User: MY-CALDERA\johnny.douche"
1063,MY-CAL-WIN10.my-caldera.local,17,"Pipe Created:
RuleName: -
EventType: CreatePipe
UtcTime: 2024-08-20 00:19:44.235
ProcessGuid: {ca24abc9-e120-66c3-6303-000000001d00}
ProcessId: 10784
PipeName: \PSHost.133685867840679457.10784.DefaultAppDomain.powershell
Image: C:\Windows\System32\WindowsPowerShell\v1.0\powershell.exe
User: MY-CALDERA\johnny.douche"
1064,MY-CAL-WIN10.my-caldera.local,17,"Pipe Created:
RuleName: -
EventType: CreatePipe
UtcTime: 2024-08-20 00:19:43.839
ProcessGuid: {ca24abc9-e11f-66c3-6103-000000001d00}
ProcessId: 11016
PipeName: \PSHost.133685867836348806.11016.DefaultAppDomain.powershell
Image: C:\Windows\System32\WindowsPowerShell\v1.0\powershell.exe
User: MY-CALDERA\johnny.douche"
1065,MY-CAL-WIN10.my-caldera.local,17,"Pipe Created:
RuleName: -
EventType: CreatePipe
UtcTime: 2024-08-20 00:19:43.632
ProcessGuid: {ca24abc9-dc4c-66c3-9501-000000001d00}
ProcessId: 8332
PipeName: <Anonymous Pipe>
Image: C:\Windows\System32\WindowsPowerShell\v1.0\powershell.exe
User: MY-CALDERA\johnny.douche"
1066,MY-CAL-WIN10.my-caldera.local,17,"Pipe Created:
RuleName: -
EventType: CreatePipe
UtcTime: 2024-08-20 00:19:43.633
ProcessGuid: {ca24abc9-dc4c-66c3-9501-000000001d00}
ProcessId: 8332
PipeName: <Anonymous Pipe>
Image: C:\Windows\System32\WindowsPowerShell\v1.0\powershell.exe
User: MY-CALDERA\johnny.douche"
1067,MY-CAL-WIN10.my-caldera.local,17,"Pipe Created:
RuleName: -
EventType: CreatePipe
UtcTime: 2024-08-20 00:19:50.519
ProcessGuid: {ca24abc9-e126-66c3-7203-000000001d00}
ProcessId: 7528
PipeName: \PSHost.133685867903522414.7528.DefaultAppDomain.powershell
Image: C:\Windows\System32\WindowsPowerShell\v1.0\powershell.exe
User: MY-CALDERA\johnny.douche"
1068,MY-CAL-WIN10.my-caldera.local,17,"Pipe Created:
RuleName: -
EventType: CreatePipe
UtcTime: 2024-08-20 00:20:39.333
ProcessGuid: {ca24abc9-e157-66c3-8b03-000000001d00}
ProcessId: 6240
PipeName: \PSHost.133685868391322556.6240.DefaultAppDomain.powershell
Image: C:\Windows\System32\WindowsPowerShell\v1.0\powershell.exe
User: MY-CALDERA\johnny.douche"
1069,MY-CAL-WIN10.my-caldera.local,17,"Pipe Created:
RuleName: -
EventType: CreatePipe
UtcTime: 2024-08-20 00:20:45.970
ProcessGuid: {ca24abc9-dc4c-66c3-9501-000000001d00}
ProcessId: 8332
PipeName: <Anonymous Pipe>
Image: C:\Windows\System32\WindowsPowerShell\v1.0\powershell.exe
User: MY-CALDERA\johnny.douche"
1070,MY-CAL-WIN10.my-caldera.local,17,"Pipe Created:
RuleName: -
EventType: CreatePipe
UtcTime: 2024-08-20 00:20:45.970
ProcessGuid: {ca24abc9-dc4c-66c3-9501-000000001d00}
ProcessId: 8332
PipeName: <Anonymous Pipe>
Image: C:\Windows\System32\WindowsPowerShell\v1.0\powershell.exe
User: MY-CALDERA\johnny.douche"
1071,MY-CAL-WIN10.my-caldera.local,17,"Pipe Created:
RuleName: -
EventType: CreatePipe
UtcTime: 2024-08-20 00:20:46.172
ProcessGuid: {ca24abc9-e15d-66c3-9403-000000001d00}
ProcessId: 9512
PipeName: \PSHost.133685868459723875.9512.DefaultAppDomain.powershell
Image: C:\Windows\System32\WindowsPowerShell\v1.0\powershell.exe
User: MY-CALDERA\johnny.douche"
1072,MY-CAL-WIN10.my-caldera.local,17,"Pipe Created:
RuleName: -
EventType: CreatePipe
UtcTime: 2024-08-20 00:20:56.059
ProcessGuid: {ca24abc9-e167-66c3-a103-000000001d00}
ProcessId: 8936
PipeName: \PSHost.133685868558760861.8936.DefaultAppDomain.powershell
Image: C:\Windows\System32\WindowsPowerShell\v1.0\powershell.exe
User: MY-CALDERA\johnny.douche"
1073,MY-CAL-WIN10.my-caldera.local,17,"Pipe Created:
RuleName: -
EventType: CreatePipe
UtcTime: 2024-08-20 00:20:56.269
ProcessGuid: {ca24abc9-dc4c-66c3-9501-000000001d00}
ProcessId: 8332
PipeName: <Anonymous Pipe>
Image: C:\Windows\System32\WindowsPowerShell\v1.0\powershell.exe
User: MY-CALDERA\johnny.douche"
1074,MY-CAL-WIN10.my-caldera.local,17,"Pipe Created:
RuleName: -
EventType: CreatePipe
UtcTime: 2024-08-20 00:20:56.270
ProcessGuid: {ca24abc9-dc4c-66c3-9501-000000001d00}
ProcessId: 8332
PipeName: <Anonymous Pipe>
Image: C:\Windows\System32\WindowsPowerShell\v1.0\powershell.exe
User: MY-CALDERA\johnny.douche"
1075,MY-CAL-WIN10.my-caldera.local,17,"Pipe Created:
RuleName: -
EventType: CreatePipe
UtcTime: 2024-08-20 00:20:57.733
ProcessGuid: {ca24abc9-e169-66c3-a403-000000001d00}
ProcessId: 5568
PipeName: \PSHost.133685868575534970.5568.DefaultAppDomain.powershell
Image: C:\Windows\System32\WindowsPowerShell\v1.0\powershell.exe
User: MY-CALDERA\johnny.douche"
1076,MY-CAL-WIN10.my-caldera.local,17,"Pipe Created:
RuleName: -
EventType: CreatePipe
UtcTime: 2024-08-20 00:20:55.152
ProcessGuid: {ca24abc9-e166-66c3-a003-000000001d00}
ProcessId: 10616
PipeName: \PSHost.133685868549859844.10616.DefaultAppDomain.powershell
Image: C:\Windows\System32\WindowsPowerShell\v1.0\powershell.exe
User: MY-CALDERA\johnny.douche"
1077,MY-CAL-WIN10.my-caldera.local,17,"Pipe Created:
RuleName: -
EventType: CreatePipe
UtcTime: 2024-08-20 00:20:56.464
ProcessGuid: {ca24abc9-e168-66c3-a203-000000001d00}
ProcessId: 9880
PipeName: \PSHost.133685868562715430.9880.DefaultAppDomain.powershell
Image: C:\Windows\System32\WindowsPowerShell\v1.0\powershell.exe
User: MY-CALDERA\johnny.douche"
1078,MY-CAL-WIN10.my-caldera.local,17,"Pipe Created:
RuleName: -
EventType: CreatePipe
UtcTime: 2024-08-20 00:21:01.322
ProcessGuid: {ca24abc9-e16d-66c3-a803-000000001d00}
ProcessId: 32
PipeName: \PSHost.133685868611208654.32.DefaultAppDomain.powershell
Image: C:\Windows\System32\WindowsPowerShell\v1.0\powershell.exe
User: MY-CALDERA\johnny.douche"
1079,MY-CAL-WIN10.my-caldera.local,17,"Pipe Created:
RuleName: -
EventType: CreatePipe
UtcTime: 2024-08-20 00:21:01.118
ProcessGuid: {ca24abc9-dc4c-66c3-9501-000000001d00}
ProcessId: 8332
PipeName: <Anonymous Pipe>
Image: C:\Windows\System32\WindowsPowerShell\v1.0\powershell.exe
User: MY-CALDERA\johnny.douche"
1080,MY-CAL-WIN10.my-caldera.local,17,"Pipe Created:
RuleName: -
EventType: CreatePipe
UtcTime: 2024-08-20 00:21:01.118
ProcessGuid: {ca24abc9-dc4c-66c3-9501-000000001d00}
ProcessId: 8332
PipeName: <Anonymous Pipe>
Image: C:\Windows\System32\WindowsPowerShell\v1.0\powershell.exe
User: MY-CALDERA\johnny.douche"
1081,MY-CAL-WIN10.my-caldera.local,17,"Pipe Created:
RuleName: -
EventType: CreatePipe
UtcTime: 2024-08-20 00:21:26.910
ProcessGuid: {ca24abc9-e186-66c3-b603-000000001d00}
ProcessId: 660
PipeName: \PSHost.133685868866324588.660.DefaultAppDomain.powershell
Image: C:\Windows\System32\WindowsPowerShell\v1.0\powershell.exe
User: MY-CALDERA\johnny.douche"
1082,MY-CAL-WIN10.my-caldera.local,17,"Pipe Created:
RuleName: -
EventType: CreatePipe
UtcTime: 2024-08-20 00:21:30.840
ProcessGuid: {ca24abc9-e18a-66c3-b903-000000001d00}
ProcessId: 10844
PipeName: \PSHost.133685868906441480.10844.DefaultAppDomain.powershell
Image: C:\Windows\System32\WindowsPowerShell\v1.0\powershell.exe
User: MY-CALDERA\johnny.douche"
1083,MY-CAL-WIN10.my-caldera.local,17,"Pipe Created:
RuleName: -
EventType: CreatePipe
UtcTime: 2024-08-20 00:22:18.773
ProcessGuid: {ca24abc9-e1ba-66c3-d703-000000001d00}
ProcessId: 9636
PipeName: \PSHost.133685869385938072.9636.DefaultAppDomain.powershell
Image: C:\Windows\System32\WindowsPowerShell\v1.0\powershell.exe
User: MY-CALDERA\johnny.douche"
1084,MY-CAL-WIN10.my-caldera.local,17,"Pipe Created:
RuleName: -
EventType: CreatePipe
UtcTime: 2024-08-20 00:22:18.973
ProcessGuid: {ca24abc9-dc4c-66c3-9501-000000001d00}
ProcessId: 8332
PipeName: <Anonymous Pipe>
Image: C:\Windows\System32\WindowsPowerShell\v1.0\powershell.exe
User: MY-CALDERA\johnny.douche"
1085,MY-CAL-WIN10.my-caldera.local,17,"Pipe Created:
RuleName: -
EventType: CreatePipe
UtcTime: 2024-08-20 00:22:18.973
ProcessGuid: {ca24abc9-dc4c-66c3-9501-000000001d00}
ProcessId: 8332
PipeName: <Anonymous Pipe>
Image: C:\Windows\System32\WindowsPowerShell\v1.0\powershell.exe
User: MY-CALDERA\johnny.douche"
1086,MY-CAL-WIN10.my-caldera.local,17,"Pipe Created:
RuleName: -
EventType: CreatePipe
UtcTime: 2024-08-20 00:22:19.180
ProcessGuid: {ca24abc9-e1ba-66c3-d803-000000001d00}
ProcessId: 6356
PipeName: \PSHost.133685869389751532.6356.DefaultAppDomain.powershell
Image: C:\Windows\System32\WindowsPowerShell\v1.0\powershell.exe
User: MY-CALDERA\johnny.douche"
1087,MY-CAL-WIN10.my-caldera.local,17,"Pipe Created:
RuleName: -
EventType: CreatePipe
UtcTime: 2024-08-20 00:23:27.405
ProcessGuid: {ca24abc9-e1ff-66c3-e303-000000001d00}
ProcessId: 10904
PipeName: \PSHost.133685870071119334.10904.DefaultAppDomain.powershell
Image: C:\Windows\System32\WindowsPowerShell\v1.0\powershell.exe
User: MY-CALDERA\johnny.douche"
1088,MY-CAL-WIN10.my-caldera.local,17,"Pipe Created:
RuleName: -
EventType: CreatePipe
UtcTime: 2024-08-20 00:23:37.045
ProcessGuid: {ca24abc9-e206-66c3-ea03-000000001d00}
ProcessId: 4776
PipeName: \PSHost.133685870140367079.4776.DefaultAppDomain.powershell
Image: C:\Windows\System32\WindowsPowerShell\v1.0\powershell.exe
User: MY-CALDERA\johnny.douche"
1089,MY-CAL-WIN10.my-caldera.local,17,"Pipe Created:
RuleName: -
EventType: CreatePipe
UtcTime: 2024-08-20 00:24:37.919
ProcessGuid: {ca24abc9-e244-66c3-1704-000000001d00}
ProcessId: 1176
PipeName: \PSHost.133685870762053981.1176.DefaultAppDomain.powershell
Image: C:\Windows\System32\WindowsPowerShell\v1.0\powershell.exe
User: MY-CALDERA\johnny.douche"
1090,MY-CAL-WIN10.my-caldera.local,17,"Pipe Created:
RuleName: -
EventType: CreatePipe
UtcTime: 2024-08-20 00:24:45.272
ProcessGuid: {ca24abc9-e24c-66c3-1e04-000000001d00}
ProcessId: 3260
PipeName: \PSHost.133685870849159507.3260.DefaultAppDomain.powershell
Image: C:\Windows\System32\WindowsPowerShell\v1.0\powershell.exe
User: MY-CALDERA\johnny.douche"
1091,MY-CAL-WIN10.my-caldera.local,17,"Pipe Created:
RuleName: -
EventType: CreatePipe
UtcTime: 2024-08-20 00:25:58.211
ProcessGuid: {ca24abc9-e296-66c3-2c04-000000001d00}
ProcessId: 4444
PipeName: \PSHost.133685871580344845.4444.DefaultAppDomain.powershell
Image: C:\Windows\System32\WindowsPowerShell\v1.0\powershell.exe
User: MY-CALDERA\johnny.douche"
1092,MY-CAL-WIN10.my-caldera.local,17,"Pipe Created:
RuleName: -
EventType: CreatePipe
UtcTime: 2024-08-20 00:25:58.656
ProcessGuid: {ca24abc9-e296-66c3-2d04-000000001d00}
ProcessId: 5352
PipeName: \PSHost.133685871584881354.5352.DefaultAppDomain.powershell
Image: C:\Windows\System32\WindowsPowerShell\v1.0\powershell.exe
User: MY-CALDERA\johnny.douche"
1093,MY-CAL-WIN10.my-caldera.local,17,"Pipe Created:
RuleName: -
EventType: CreatePipe
UtcTime: 2024-08-20 00:26:19.321
ProcessGuid: {ca24abc9-e2ab-66c3-3a04-000000001d00}
ProcessId: 7540
PipeName: \PSHost.133685871790182719.7540.DefaultAppDomain.powershell
Image: C:\Windows\System32\WindowsPowerShell\v1.0\powershell.exe
User: MY-CALDERA\johnny.douche"
1094,MY-CAL-WIN10.my-caldera.local,17,"Pipe Created:
RuleName: -
EventType: CreatePipe
UtcTime: 2024-08-20 00:26:45.321
ProcessGuid: {ca24abc9-dc4c-66c3-9501-000000001d00}
ProcessId: 8332
PipeName: <Anonymous Pipe>
Image: C:\Windows\System32\WindowsPowerShell\v1.0\powershell.exe
User: MY-CALDERA\johnny.douche"
1095,MY-CAL-WIN10.my-caldera.local,17,"Pipe Created:
RuleName: -
EventType: CreatePipe
UtcTime: 2024-08-20 00:26:45.322
ProcessGuid: {ca24abc9-dc4c-66c3-9501-000000001d00}
ProcessId: 8332
PipeName: <Anonymous Pipe>
Image: C:\Windows\System32\WindowsPowerShell\v1.0\powershell.exe
User: MY-CALDERA\johnny.douche"
1096,MY-CAL-WIN10.my-caldera.local,17,"Pipe Created:
RuleName: -
EventType: CreatePipe
UtcTime: 2024-08-20 00:26:45.542
ProcessGuid: {ca24abc9-e2c5-66c3-5004-000000001d00}
ProcessId: 6260
PipeName: \PSHost.133685872053239308.6260.DefaultAppDomain.powershell
Image: C:\Windows\System32\WindowsPowerShell\v1.0\powershell.exe
User: MY-CALDERA\johnny.douche"
1097,MY-CAL-WIN10.my-caldera.local,17,"Pipe Created:
RuleName: -
EventType: CreatePipe
UtcTime: 2024-08-20 00:27:00.294
ProcessGuid: {ca24abc9-e2d4-66c3-5c04-000000001d00}
ProcessId: 9384
PipeName: \PSHost.133685872201282930.9384.DefaultAppDomain.powershell
Image: C:\Windows\System32\WindowsPowerShell\v1.0\powershell.exe
User: MY-CALDERA\johnny.douche"
1098,MY-CAL-WIN10.my-caldera.local,17,"Pipe Created:
RuleName: -
EventType: CreatePipe
UtcTime: 2024-08-20 00:27:03.940
ProcessGuid: {ca24abc9-e2d7-66c3-5f04-000000001d00}
ProcessId: 8036
PipeName: \PSHost.133685872237657902.8036.DefaultAppDomain.powershell
Image: C:\Windows\System32\WindowsPowerShell\v1.0\powershell.exe
User: MY-CALDERA\johnny.douche"
1099,MY-CAL-WIN10.my-caldera.local,17,"Pipe Created:
RuleName: -
EventType: CreatePipe
UtcTime: 2024-08-20 00:27:04.245
ProcessGuid: {ca24abc9-dc4c-66c3-9501-000000001d00}
ProcessId: 8332
PipeName: <Anonymous Pipe>
Image: C:\Windows\System32\WindowsPowerShell\v1.0\powershell.exe
User: MY-CALDERA\johnny.douche"
1100,MY-CAL-WIN10.my-caldera.local,17,"Pipe Created:
RuleName: -
EventType: CreatePipe
UtcTime: 2024-08-20 00:27:04.245
ProcessGuid: {ca24abc9-dc4c-66c3-9501-000000001d00}
ProcessId: 8332
PipeName: <Anonymous Pipe>
Image: C:\Windows\System32\WindowsPowerShell\v1.0\powershell.exe
User: MY-CALDERA\johnny.douche"
1101,MY-CAL-WIN10.my-caldera.local,17,"Pipe Created:
RuleName: -
EventType: CreatePipe
UtcTime: 2024-08-20 00:27:14.863
ProcessGuid: {ca24abc9-e2e2-66c3-6804-000000001d00}
ProcessId: 8608
PipeName: \PSHost.133685872346917801.8608.DefaultAppDomain.powershell
Image: C:\Windows\System32\WindowsPowerShell\v1.0\powershell.exe
User: MY-CALDERA\johnny.douche"
1102,MY-CAL-WIN10.my-caldera.local,17,"Pipe Created:
RuleName: -
EventType: CreatePipe
UtcTime: 2024-08-20 00:27:20.231
ProcessGuid: {ca24abc9-e2e8-66c3-7604-000000001d00}
ProcessId: 2108
PipeName: \PSHost.133685872400253248.2108.DefaultAppDomain.powershell
Image: C:\Windows\System32\WindowsPowerShell\v1.0\powershell.exe
User: MY-CALDERA\johnny.douche"
1103,MY-CAL-WIN10.my-caldera.local,17,"Pipe Created:
RuleName: -
EventType: CreatePipe
UtcTime: 2024-08-20 00:05:02.428
ProcessGuid: {ca24abc9-dc4c-66c3-9501-000000001d00}
ProcessId: 8332
PipeName: <Anonymous Pipe>
Image: C:\Windows\System32\WindowsPowerShell\v1.0\powershell.exe
User: MY-CALDERA\johnny.douche"
1104,MY-CAL-WIN10.my-caldera.local,17,"Pipe Created:
RuleName: -
EventType: CreatePipe
UtcTime: 2024-08-20 00:07:40.095
ProcessGuid: {ca24abc9-de4b-66c3-b601-000000001d00}
ProcessId: 1076
PipeName: \PSHost.133685860599208991.1076.DefaultAppDomain.powershell
Image: C:\Windows\System32\WindowsPowerShell\v1.0\powershell.exe
User: MY-CALDERA\johnny.douche"
1105,MY-CAL-WIN10.my-caldera.local,17,"Pipe Created:
RuleName: -
EventType: CreatePipe
UtcTime: 2024-08-20 00:07:52.552
ProcessGuid: {ca24abc9-de58-66c3-d101-000000001d00}
ProcessId: 7528
PipeName: \PSHost.133685860723899530.7528.DefaultAppDomain.powershell
Image: C:\Windows\System32\WindowsPowerShell\v1.0\powershell.exe
User: MY-CALDERA\johnny.douche"
1106,MY-CAL-WIN10.my-caldera.local,17,"Pipe Created:
RuleName: -
EventType: CreatePipe
UtcTime: 2024-08-20 00:07:52.757
ProcessGuid: {ca24abc9-dc4c-66c3-9501-000000001d00}
ProcessId: 8332
PipeName: <Anonymous Pipe>
Image: C:\Windows\System32\WindowsPowerShell\v1.0\powershell.exe
User: MY-CALDERA\johnny.douche"
1107,MY-CAL-WIN10.my-caldera.local,17,"Pipe Created:
RuleName: -
EventType: CreatePipe
UtcTime: 2024-08-20 00:07:52.958
ProcessGuid: {ca24abc9-de58-66c3-d201-000000001d00}
ProcessId: 2036
PipeName: \PSHost.133685860727590565.2036.DefaultAppDomain.powershell
Image: C:\Windows\System32\WindowsPowerShell\v1.0\powershell.exe
User: MY-CALDERA\johnny.douche"
1108,MY-CAL-WIN10.my-caldera.local,17,"Pipe Created:
RuleName: -
EventType: CreatePipe
UtcTime: 2024-08-20 00:07:53.347
ProcessGuid: {ca24abc9-de59-66c3-d501-000000001d00}
ProcessId: 8580
PipeName: \PSHost.133685860731700628.8580.DefaultAppDomain.powershell
Image: C:\Windows\System32\WindowsPowerShell\v1.0\powershell.exe
User: MY-CALDERA\johnny.douche"
1109,MY-CAL-WIN10.my-caldera.local,17,"Pipe Created:
RuleName: -
EventType: CreatePipe
UtcTime: 2024-08-20 00:07:52.757
ProcessGuid: {ca24abc9-dc4c-66c3-9501-000000001d00}
ProcessId: 8332
PipeName: <Anonymous Pipe>
Image: C:\Windows\System32\WindowsPowerShell\v1.0\powershell.exe
User: MY-CALDERA\johnny.douche"
1110,MY-CAL-WIN10.my-caldera.local,17,"Pipe Created:
RuleName: -
EventType: CreatePipe
UtcTime: 2024-08-20 00:08:42.506
ProcessGuid: {ca24abc9-de8a-66c3-2e02-000000001d00}
ProcessId: 1128
PipeName: \PSHost.133685861221952168.1128.DefaultAppDomain.powershell
Image: C:\Windows\System32\WindowsPowerShell\v1.0\powershell.exe
User: MY-CALDERA\johnny.douche"
1111,MY-CAL-WIN10.my-caldera.local,17,"Pipe Created:
RuleName: -
EventType: CreatePipe
UtcTime: 2024-08-20 00:08:41.778
ProcessGuid: {ca24abc9-de87-66c3-2d02-000000001d00}
ProcessId: 6748
PipeName: \PSHost.133685861198656978.6748.DefaultAppDomain.powershell
Image: C:\Windows\System32\WindowsPowerShell\v1.0\powershell.exe
User: MY-CALDERA\johnny.douche"
1112,MY-CAL-WIN10.my-caldera.local,17,"Pipe Created:
RuleName: -
EventType: CreatePipe
UtcTime: 2024-08-20 00:08:42.193
ProcessGuid: {ca24abc9-dc4c-66c3-9501-000000001d00}
ProcessId: 8332
PipeName: <Anonymous Pipe>
Image: C:\Windows\System32\WindowsPowerShell\v1.0\powershell.exe
User: MY-CALDERA\johnny.douche"
1113,MY-CAL-WIN10.my-caldera.local,17,"Pipe Created:
RuleName: -
EventType: CreatePipe
UtcTime: 2024-08-20 00:08:42.193
ProcessGuid: {ca24abc9-dc4c-66c3-9501-000000001d00}
ProcessId: 8332
PipeName: <Anonymous Pipe>
Image: C:\Windows\System32\WindowsPowerShell\v1.0\powershell.exe
User: MY-CALDERA\johnny.douche"
1114,MY-CAL-WIN10.my-caldera.local,17,"Pipe Created:
RuleName: -
EventType: CreatePipe
UtcTime: 2024-08-20 00:11:58.629
ProcessGuid: {ca24abc9-df33-66c3-5d02-000000001d00}
ProcessId: 9500
PipeName: <Anonymous Pipe>
Image: C:\AtomicRedTeam\ExternalPayloads\npcap_installer.exe
User: MY-CALDERA\johnny.douche"
1115,MY-CAL-WIN10.my-caldera.local,17,"Pipe Created:
RuleName: -
EventType: CreatePipe
UtcTime: 2024-08-20 00:11:58.629
ProcessGuid: {ca24abc9-df33-66c3-5d02-000000001d00}
ProcessId: 9500
PipeName: <Anonymous Pipe>
Image: C:\AtomicRedTeam\ExternalPayloads\npcap_installer.exe
User: MY-CALDERA\johnny.douche"
1116,MY-CAL-WIN10.my-caldera.local,17,"Pipe Created:
RuleName: -
EventType: CreatePipe
UtcTime: 2024-08-20 00:12:40.722
ProcessGuid: {ca24abc9-df78-66c3-8302-000000001d00}
ProcessId: 9280
PipeName: \PSHost.133685863604470695.9280.DefaultAppDomain.powershell
Image: C:\Windows\System32\WindowsPowerShell\v1.0\powershell.exe
User: MY-CALDERA\johnny.douche"
1117,MY-CAL-WIN10.my-caldera.local,17,"Pipe Created:
RuleName: -
EventType: CreatePipe
UtcTime: 2024-08-20 00:12:48.443
ProcessGuid: {ca24abc9-df80-66c3-8802-000000001d00}
ProcessId: 280
PipeName: \BurnPipe.{4C2C6AA4-2613-47C6-B4E6-1EB61AB561F8}
Image: C:\Users\JOHNNY~1.DOU\AppData\Local\Temp\nskF158.tmp\vcredist_x86.exe
User: MY-CALDERA\johnny.douche"
1118,MY-CAL-WIN10.my-caldera.local,17,"Pipe Created:
RuleName: -
EventType: CreatePipe
UtcTime: 2024-08-20 00:12:48.444
ProcessGuid: {ca24abc9-df80-66c3-8802-000000001d00}
ProcessId: 280
PipeName: \BurnPipe.{4C2C6AA4-2613-47C6-B4E6-1EB61AB561F8}.Cache
Image: C:\Users\JOHNNY~1.DOU\AppData\Local\Temp\nskF158.tmp\vcredist_x86.exe
User: MY-CALDERA\johnny.douche"
1119,MY-CAL-WIN10.my-caldera.local,17,"Pipe Created:
RuleName: -
EventType: CreatePipe
UtcTime: 2024-08-20 00:13:06.933
ProcessGuid: {ca24abc9-df92-66c3-9802-000000001d00}
ProcessId: 6904
PipeName: <Anonymous Pipe>
Image: C:\Program Files\Npcap\NPFInstall.exe
User: MY-CALDERA\johnny.douche"
1120,MY-CAL-WIN10.my-caldera.local,17,"Pipe Created:
RuleName: -
EventType: CreatePipe
UtcTime: 2024-08-20 00:13:07.234
ProcessGuid: {ca24abc9-df92-66c3-9802-000000001d00}
ProcessId: 6904
PipeName: <Anonymous Pipe>
Image: C:\Program Files\Npcap\NPFInstall.exe
User: MY-CALDERA\johnny.douche"
1121,MY-CAL-WIN10.my-caldera.local,17,"Pipe Created:
RuleName: -
EventType: CreatePipe
UtcTime: 2024-08-20 00:13:06.811
ProcessGuid: {ca24abc9-df8d-66c3-8e02-000000001d00}
ProcessId: 5036
PipeName: <Anonymous Pipe>
Image: C:\Program Files\Npcap\uninstall.exe
User: MY-CALDERA\johnny.douche"
1122,MY-CAL-WIN10.my-caldera.local,17,"Pipe Created:
RuleName: -
EventType: CreatePipe
UtcTime: 2024-08-20 00:13:06.811
ProcessGuid: {ca24abc9-df8d-66c3-8e02-000000001d00}
ProcessId: 5036
PipeName: <Anonymous Pipe>
Image: C:\Program Files\Npcap\uninstall.exe
User: MY-CALDERA\johnny.douche"
1123,MY-CAL-WIN10.my-caldera.local,17,"Pipe Created:
RuleName: -
EventType: CreatePipe
UtcTime: 2024-08-20 00:13:06.476
ProcessGuid: {ca24abc9-df8d-66c3-8e02-000000001d00}
ProcessId: 5036
PipeName: <Anonymous Pipe>
Image: C:\Program Files\Npcap\uninstall.exe
User: MY-CALDERA\johnny.douche"
1124,MY-CAL-WIN10.my-caldera.local,17,"Pipe Created:
RuleName: -
EventType: CreatePipe
UtcTime: 2024-08-20 00:13:06.476
ProcessGuid: {ca24abc9-df8d-66c3-8e02-000000001d00}
ProcessId: 5036
PipeName: <Anonymous Pipe>
Image: C:\Program Files\Npcap\uninstall.exe
User: MY-CALDERA\johnny.douche"
1125,MY-CAL-WIN10.my-caldera.local,17,"Pipe Created:
RuleName: -
EventType: CreatePipe
UtcTime: 2024-08-20 00:13:38.538
ProcessGuid: {ca24abc9-dfac-66c3-d102-000000001d00}
ProcessId: 10904
PipeName: \PSHost.133685864128893010.10904.DefaultAppDomain.powershell
Image: C:\Windows\System32\WindowsPowerShell\v1.0\powershell.exe
User: MY-CALDERA\johnny.douche"
1126,MY-CAL-WIN10.my-caldera.local,17,"Pipe Created:
RuleName: -
EventType: CreatePipe
UtcTime: 2024-08-20 00:37:31.400
ProcessGuid: {ca24abc9-e54b-66c3-b907-000000001d00}
ProcessId: 1596
PipeName: \PSHost.133685878512279120.1596.DefaultAppDomain.powershell
Image: C:\Windows\System32\WindowsPowerShell\v1.0\powershell.exe
User: MY-CALDERA\johnny.douche"
1127,MY-CAL-WIN10.my-caldera.local,17,"Pipe Created:
RuleName: -
EventType: CreatePipe
UtcTime: 2024-08-20 00:37:34.872
ProcessGuid: {ca24abc9-e54e-66c3-be07-000000001d00}
ProcessId: 9832
PipeName: \PSHost.133685878546964323.9832.DefaultAppDomain.powershell
Image: C:\Windows\System32\WindowsPowerShell\v1.0\powershell.exe
User: MY-CALDERA\johnny.douche"
1128,MY-CAL-WIN10.my-caldera.local,17,"Pipe Created:
RuleName: -
EventType: CreatePipe
UtcTime: 2024-08-20 00:37:34.118
ProcessGuid: {ca24abc9-e54d-66c3-bd07-000000001d00}
ProcessId: 4080
PipeName: \PSHost.133685878539333828.4080.DefaultAppDomain.powershell
Image: C:\Windows\System32\WindowsPowerShell\v1.0\powershell.exe
User: MY-CALDERA\johnny.douche"
1129,MY-CAL-WIN10.my-caldera.local,17,"Pipe Created:
RuleName: -
EventType: CreatePipe
UtcTime: 2024-08-20 00:38:38.334
ProcessGuid: {ca24abc9-e58e-66c3-0608-000000001d00}
ProcessId: 8220
PipeName: \PSHost.133685879181678283.8220.DefaultAppDomain.powershell
Image: C:\Windows\System32\WindowsPowerShell\v1.0\powershell.exe
User: MY-CALDERA\johnny.douche"
1130,MY-CAL-WIN10.my-caldera.local,17,"Pipe Created:
RuleName: -
EventType: CreatePipe
UtcTime: 2024-08-20 00:38:38.576
ProcessGuid: {ca24abc9-dc4c-66c3-9501-000000001d00}
ProcessId: 8332
PipeName: <Anonymous Pipe>
Image: C:\Windows\System32\WindowsPowerShell\v1.0\powershell.exe
User: MY-CALDERA\johnny.douche"
1131,MY-CAL-WIN10.my-caldera.local,17,"Pipe Created:
RuleName: -
EventType: CreatePipe
UtcTime: 2024-08-20 00:38:38.775
ProcessGuid: {ca24abc9-e58e-66c3-0808-000000001d00}
ProcessId: 11204
PipeName: \PSHost.133685879185783932.11204.DefaultAppDomain.powershell
Image: C:\Windows\System32\WindowsPowerShell\v1.0\powershell.exe
User: MY-CALDERA\johnny.douche"
1132,MY-CAL-WIN10.my-caldera.local,17,"Pipe Created:
RuleName: -
EventType: CreatePipe
UtcTime: 2024-08-20 00:38:38.444
ProcessGuid: {ca24abc9-e58e-66c3-0608-000000001d00}
ProcessId: 8220
PipeName: <Anonymous Pipe>
Image: C:\Windows\System32\WindowsPowerShell\v1.0\powershell.exe
User: MY-CALDERA\johnny.douche"
1133,MY-CAL-WIN10.my-caldera.local,17,"Pipe Created:
RuleName: -
EventType: CreatePipe
UtcTime: 2024-08-20 00:38:37.990
ProcessGuid: {ca24abc9-e58d-66c3-0408-000000001d00}
ProcessId: 10684
PipeName: <Anonymous Pipe>
Image: C:\Windows\System32\WindowsPowerShell\v1.0\powershell.exe
User: MY-CALDERA\johnny.douche"
1134,MY-CAL-WIN10.my-caldera.local,17,"Pipe Created:
RuleName: -
EventType: CreatePipe
UtcTime: 2024-08-20 00:38:38.576
ProcessGuid: {ca24abc9-dc4c-66c3-9501-000000001d00}
ProcessId: 8332
PipeName: <Anonymous Pipe>
Image: C:\Windows\System32\WindowsPowerShell\v1.0\powershell.exe
User: MY-CALDERA\johnny.douche"
1135,MY-CAL-WIN10.my-caldera.local,17,"Pipe Created:
RuleName: -
EventType: CreatePipe
UtcTime: 2024-08-20 00:39:05.132
ProcessGuid: {ca24abc9-e5a8-66c3-2908-000000001d00}
ProcessId: 5200
PipeName: \PSHost.133685879449651419.5200.DefaultAppDomain.powershell
Image: C:\Windows\System32\WindowsPowerShell\v1.0\powershell.exe
User: MY-CALDERA\johnny.douche"
1136,MY-CAL-WIN10.my-caldera.local,17,"Pipe Created:
RuleName: -
EventType: CreatePipe
UtcTime: 2024-08-20 00:39:05.267
ProcessGuid: {ca24abc9-dc4c-66c3-9501-000000001d00}
ProcessId: 8332
PipeName: <Anonymous Pipe>
Image: C:\Windows\System32\WindowsPowerShell\v1.0\powershell.exe
User: MY-CALDERA\johnny.douche"
1137,MY-CAL-WIN10.my-caldera.local,17,"Pipe Created:
RuleName: -
EventType: CreatePipe
UtcTime: 2024-08-20 00:39:05.267
ProcessGuid: {ca24abc9-dc4c-66c3-9501-000000001d00}
ProcessId: 8332
PipeName: <Anonymous Pipe>
Image: C:\Windows\System32\WindowsPowerShell\v1.0\powershell.exe
User: MY-CALDERA\johnny.douche"
1138,MY-CAL-WIN10.my-caldera.local,17,"Pipe Created:
RuleName: -
EventType: CreatePipe
UtcTime: 2024-08-20 00:39:05.467
ProcessGuid: {ca24abc9-e5a9-66c3-2a08-000000001d00}
ProcessId: 1136
PipeName: \PSHost.133685879452688641.1136.DefaultAppDomain.powershell
Image: C:\Windows\System32\WindowsPowerShell\v1.0\powershell.exe
User: MY-CALDERA\johnny.douche"
1139,MY-CAL-WIN10.my-caldera.local,17,"Pipe Created:
RuleName: -
EventType: CreatePipe
UtcTime: 2024-08-20 00:39:22.314
ProcessGuid: {ca24abc9-e5ba-66c3-3c08-000000001d00}
ProcessId: 10884
PipeName: \PSHost.133685879621103427.10884.DefaultAppDomain.powershell
Image: C:\Windows\System32\WindowsPowerShell\v1.0\powershell.exe
User: MY-CALDERA\johnny.douche"
1140,MY-CAL-WIN10.my-caldera.local,17,"Pipe Created:
RuleName: -
EventType: CreatePipe
UtcTime: 2024-08-20 00:39:21.909
ProcessGuid: {ca24abc9-e5b9-66c3-3b08-000000001d00}
ProcessId: 7300
PipeName: \PSHost.133685879617435513.7300.DefaultAppDomain.powershell
Image: C:\Windows\System32\WindowsPowerShell\v1.0\powershell.exe
User: MY-CALDERA\johnny.douche"
1141,MY-CAL-WIN10.my-caldera.local,17,"Pipe Created:
RuleName: -
EventType: CreatePipe
UtcTime: 2024-08-20 00:39:22.108
ProcessGuid: {ca24abc9-dc4c-66c3-9501-000000001d00}
ProcessId: 8332
PipeName: <Anonymous Pipe>
Image: C:\Windows\System32\WindowsPowerShell\v1.0\powershell.exe
User: MY-CALDERA\johnny.douche"
1142,MY-CAL-WIN10.my-caldera.local,17,"Pipe Created:
RuleName: -
EventType: CreatePipe
UtcTime: 2024-08-20 00:39:22.109
ProcessGuid: {ca24abc9-dc4c-66c3-9501-000000001d00}
ProcessId: 8332
PipeName: <Anonymous Pipe>
Image: C:\Windows\System32\WindowsPowerShell\v1.0\powershell.exe
User: MY-CALDERA\johnny.douche"
1143,MY-CAL-WIN10.my-caldera.local,17,"Pipe Created:
RuleName: -
EventType: CreatePipe
UtcTime: 2024-08-20 00:39:23.167
ProcessGuid: {ca24abc9-e5bb-66c3-3e08-000000001d00}
ProcessId: 9580
PipeName: \PSHost.133685879630028466.9580.DefaultAppDomain.powershell
Image: C:\Windows\System32\WindowsPowerShell\v1.0\powershell.exe
User: MY-CALDERA\johnny.douche"
1144,MY-CAL-WIN10.my-caldera.local,17,"Pipe Created:
RuleName: -
EventType: CreatePipe
UtcTime: 2024-08-20 00:39:25.041
ProcessGuid: {ca24abc9-e5bc-66c3-4108-000000001d00}
ProcessId: 3052
PipeName: \PSHost.133685879648786181.3052.DefaultAppDomain.powershell
Image: C:\Windows\System32\WindowsPowerShell\v1.0\powershell.exe
User: MY-CALDERA\johnny.douche"
1145,MY-CAL-WIN10.my-caldera.local,17,"Pipe Created:
RuleName: -
EventType: CreatePipe
UtcTime: 2024-08-20 00:39:25.459
ProcessGuid: {ca24abc9-e5bd-66c3-4208-000000001d00}
ProcessId: 9828
PipeName: \PSHost.133685879652458387.9828.DefaultAppDomain.powershell
Image: C:\Windows\System32\WindowsPowerShell\v1.0\powershell.exe
User: MY-CALDERA\johnny.douche"
1146,MY-CAL-WIN10.my-caldera.local,17,"Pipe Created:
RuleName: -
EventType: CreatePipe
UtcTime: 2024-08-20 00:39:25.243
ProcessGuid: {ca24abc9-dc4c-66c3-9501-000000001d00}
ProcessId: 8332
PipeName: <Anonymous Pipe>
Image: C:\Windows\System32\WindowsPowerShell\v1.0\powershell.exe
User: MY-CALDERA\johnny.douche"
1147,MY-CAL-WIN10.my-caldera.local,17,"Pipe Created:
RuleName: -
EventType: CreatePipe
UtcTime: 2024-08-20 00:39:25.244
ProcessGuid: {ca24abc9-dc4c-66c3-9501-000000001d00}
ProcessId: 8332
PipeName: <Anonymous Pipe>
Image: C:\Windows\System32\WindowsPowerShell\v1.0\powershell.exe
User: MY-CALDERA\johnny.douche"
1148,MY-CAL-WIN10.my-caldera.local,17,"Pipe Created:
RuleName: -
EventType: CreatePipe
UtcTime: 2024-08-20 00:39:27.128
ProcessGuid: {ca24abc9-e5be-66c3-4508-000000001d00}
ProcessId: 9424
PipeName: \PSHost.133685879669631488.9424.DefaultAppDomain.powershell
Image: C:\Windows\System32\WindowsPowerShell\v1.0\powershell.exe
User: MY-CALDERA\johnny.douche"
1149,MY-CAL-WIN10.my-caldera.local,17,"Pipe Created:
RuleName: -
EventType: CreatePipe
UtcTime: 2024-08-20 00:39:30.893
ProcessGuid: {ca24abc9-e5c2-66c3-4d08-000000001d00}
ProcessId: 9704
PipeName: \PSHost.133685879706834438.9704.DefaultAppDomain.powershell
Image: C:\Windows\System32\WindowsPowerShell\v1.0\powershell.exe
User: MY-CALDERA\johnny.douche"
1150,MY-CAL-WIN10.my-caldera.local,17,"Pipe Created:
RuleName: -
EventType: CreatePipe
UtcTime: 2024-08-20 00:39:32.058
ProcessGuid: {ca24abc9-e5c3-66c3-5008-000000001d00}
ProcessId: 9744
PipeName: \PSHost.133685879718747436.9744.DefaultAppDomain.powershell
Image: C:\Windows\System32\WindowsPowerShell\v1.0\powershell.exe
User: MY-CALDERA\johnny.douche"
1151,MY-CAL-WIN10.my-caldera.local,17,"Pipe Created:
RuleName: -
EventType: CreatePipe
UtcTime: 2024-08-20 00:39:31.597
ProcessGuid: {ca24abc9-e5c3-66c3-4f08-000000001d00}
ProcessId: 4052
PipeName: \PSHost.133685879714299938.4052.DefaultAppDomain.powershell
Image: C:\Windows\System32\WindowsPowerShell\v1.0\powershell.exe
User: MY-CALDERA\johnny.douche"
1152,MY-CAL-WIN10.my-caldera.local,17,"Pipe Created:
RuleName: -
EventType: CreatePipe
UtcTime: 2024-08-20 00:39:32.624
ProcessGuid: {ca24abc9-e5c4-66c3-5108-000000001d00}
ProcessId: 5304
PipeName: \PSHost.133685879724553823.5304.DefaultAppDomain.powershell
Image: C:\Windows\System32\WindowsPowerShell\v1.0\powershell.exe
User: MY-CALDERA\johnny.douche"
1153,MY-CAL-WIN10.my-caldera.local,17,"Pipe Created:
RuleName: -
EventType: CreatePipe
UtcTime: 2024-08-20 00:39:42.549
ProcessGuid: {ca24abc9-e5ce-66c3-5908-000000001d00}
ProcessId: 6164
PipeName: \PSHost.133685879823412374.6164.DefaultAppDomain.powershell
Image: C:\Windows\System32\WindowsPowerShell\v1.0\powershell.exe
User: MY-CALDERA\johnny.douche"
1154,MY-CAL-WIN10.my-caldera.local,17,"Pipe Created:
RuleName: -
EventType: CreatePipe
UtcTime: 2024-08-20 00:39:41.698
ProcessGuid: {ca24abc9-e5cd-66c3-5708-000000001d00}
ProcessId: 9144
PipeName: \PSHost.133685879815390673.9144.DefaultAppDomain.powershell
Image: C:\Windows\System32\WindowsPowerShell\v1.0\powershell.exe
User: MY-CALDERA\johnny.douche"
1155,MY-CAL-WIN10.my-caldera.local,17,"Pipe Created:
RuleName: -
EventType: CreatePipe
UtcTime: 2024-08-20 00:39:42.127
ProcessGuid: {ca24abc9-e5cd-66c3-5808-000000001d00}
ProcessId: 8636
PipeName: \PSHost.133685879819544751.8636.DefaultAppDomain.powershell
Image: C:\Windows\System32\WindowsPowerShell\v1.0\powershell.exe
User: MY-CALDERA\johnny.douche"
1156,MY-CAL-WIN10.my-caldera.local,17,"Pipe Created:
RuleName: -
EventType: CreatePipe
UtcTime: 2024-08-20 00:39:42.338
ProcessGuid: {ca24abc9-dc4c-66c3-9501-000000001d00}
ProcessId: 8332
PipeName: <Anonymous Pipe>
Image: C:\Windows\System32\WindowsPowerShell\v1.0\powershell.exe
User: MY-CALDERA\johnny.douche"
1157,MY-CAL-WIN10.my-caldera.local,17,"Pipe Created:
RuleName: -
EventType: CreatePipe
UtcTime: 2024-08-20 00:39:42.338
ProcessGuid: {ca24abc9-dc4c-66c3-9501-000000001d00}
ProcessId: 8332
PipeName: <Anonymous Pipe>
Image: C:\Windows\System32\WindowsPowerShell\v1.0\powershell.exe
User: MY-CALDERA\johnny.douche"
1158,MY-CAL-WIN10.my-caldera.local,17,"Pipe Created:
RuleName: -
EventType: CreatePipe
UtcTime: 2024-08-20 00:41:57.450
ProcessGuid: {ca24abc9-e655-66c3-6608-000000001d00}
ProcessId: 2388
PipeName: \PSHost.133685881172682961.2388.DefaultAppDomain.powershell
Image: C:\Windows\System32\WindowsPowerShell\v1.0\powershell.exe
User: MY-CALDERA\johnny.douche"
1159,MY-CAL-WIN10.my-caldera.local,17,"Pipe Created:
RuleName: -
EventType: CreatePipe
UtcTime: 2024-08-20 00:42:00.305
ProcessGuid: {ca24abc9-e658-66c3-6e08-000000001d00}
ProcessId: 4372
PipeName: \PSHost.133685881201339448.4372.DefaultAppDomain.powershell
Image: C:\Windows\System32\WindowsPowerShell\v1.0\powershell.exe
User: MY-CALDERA\johnny.douche"
1160,MY-CAL-WIN10.my-caldera.local,17,"Pipe Created:
RuleName: -
EventType: CreatePipe
UtcTime: 2024-08-20 00:41:59.593
ProcessGuid: {ca24abc9-e657-66c3-6c08-000000001d00}
ProcessId: 6928
PipeName: \PSHost.133685881193823700.6928.DefaultAppDomain.powershell
Image: C:\Windows\System32\WindowsPowerShell\v1.0\powershell.exe
User: MY-CALDERA\johnny.douche"
1161,MY-CAL-WIN10.my-caldera.local,17,"Pipe Created:
RuleName: -
EventType: CreatePipe
UtcTime: 2024-08-20 00:42:22.535
ProcessGuid: {ca24abc9-e66e-66c3-7408-000000001d00}
ProcessId: 6324
PipeName: \PSHost.133685881423698486.6324.DefaultAppDomain.powershell
Image: C:\Windows\System32\WindowsPowerShell\v1.0\powershell.exe
User: MY-CALDERA\johnny.douche"
1162,MY-CAL-WIN10.my-caldera.local,17,"Pipe Created:
RuleName: -
EventType: CreatePipe
UtcTime: 2024-08-20 00:42:22.964
ProcessGuid: {ca24abc9-e66e-66c3-7508-000000001d00}
ProcessId: 4360
PipeName: \PSHost.133685881428026700.4360.DefaultAppDomain.powershell
Image: C:\Windows\System32\WindowsPowerShell\v1.0\powershell.exe
User: MY-CALDERA\johnny.douche"
1163,MY-CAL-WIN10.my-caldera.local,17,"Pipe Created:
RuleName: -
EventType: CreatePipe
UtcTime: 2024-08-20 00:42:22.141
ProcessGuid: {ca24abc9-e66d-66c3-7308-000000001d00}
ProcessId: 1548
PipeName: \PSHost.133685881419694692.1548.DefaultAppDomain.powershell
Image: C:\Windows\System32\WindowsPowerShell\v1.0\powershell.exe
User: MY-CALDERA\johnny.douche"
1164,MY-CAL-WIN10.my-caldera.local,17,"Pipe Created:
RuleName: -
EventType: CreatePipe
UtcTime: 2024-08-20 00:42:23.365
ProcessGuid: {ca24abc9-e66f-66c3-7608-000000001d00}
ProcessId: 11152
PipeName: \PSHost.133685881431703340.11152.DefaultAppDomain.powershell
Image: C:\Windows\System32\WindowsPowerShell\v1.0\powershell.exe
User: MY-CALDERA\johnny.douche"
1165,MY-CAL-WIN10.my-caldera.local,17,"Pipe Created:
RuleName: -
EventType: CreatePipe
UtcTime: 2024-08-20 00:42:23.168
ProcessGuid: {ca24abc9-dc4c-66c3-9501-000000001d00}
ProcessId: 8332
PipeName: <Anonymous Pipe>
Image: C:\Windows\System32\WindowsPowerShell\v1.0\powershell.exe
User: MY-CALDERA\johnny.douche"
1166,MY-CAL-WIN10.my-caldera.local,17,"Pipe Created:
RuleName: -
EventType: CreatePipe
UtcTime: 2024-08-20 00:42:23.168
ProcessGuid: {ca24abc9-dc4c-66c3-9501-000000001d00}
ProcessId: 8332
PipeName: <Anonymous Pipe>
Image: C:\Windows\System32\WindowsPowerShell\v1.0\powershell.exe
User: MY-CALDERA\johnny.douche"
1167,MY-CAL-WIN10.my-caldera.local,17,"Pipe Created:
RuleName: -
EventType: CreatePipe
UtcTime: 2024-08-20 00:43:14.679
ProcessGuid: {ca24abc9-e6a2-66c3-8708-000000001d00}
ProcessId: 5956
PipeName: \PSHost.133685881945018424.5956.DefaultAppDomain.powershell
Image: C:\Windows\System32\WindowsPowerShell\v1.0\powershell.exe
User: MY-CALDERA\johnny.douche"
1168,MY-CAL-WIN10.my-caldera.local,17,"Pipe Created:
RuleName: -
EventType: CreatePipe
UtcTime: 2024-08-20 00:43:14.051
ProcessGuid: {ca24abc9-e6a1-66c3-8508-000000001d00}
ProcessId: 9380
PipeName: \PSHost.133685881938508648.9380.DefaultAppDomain.powershell
Image: C:\Windows\System32\WindowsPowerShell\v1.0\powershell.exe
User: MY-CALDERA\johnny.douche"
1169,MY-CAL-WIN10.my-caldera.local,17,"Pipe Created:
RuleName: -
EventType: CreatePipe
UtcTime: 2024-08-20 00:43:41.769
ProcessGuid: {ca24abc9-e6bd-66c3-a608-000000001d00}
ProcessId: 10168
PipeName: \PSHost.133685882216021450.10168.DefaultAppDomain.powershell
Image: C:\Windows\System32\WindowsPowerShell\v1.0\powershell.exe
User: MY-CALDERA\johnny.douche"
1170,MY-CAL-WIN10.my-caldera.local,17,"Pipe Created:
RuleName: -
EventType: CreatePipe
UtcTime: 2024-08-20 00:43:41.880
ProcessGuid: {ca24abc9-e6bd-66c3-a608-000000001d00}
ProcessId: 10168
PipeName: <Anonymous Pipe>
Image: C:\Windows\System32\WindowsPowerShell\v1.0\powershell.exe
User: MY-CALDERA\johnny.douche"
1171,MY-CAL-WIN10.my-caldera.local,17,"Pipe Created:
RuleName: -
EventType: CreatePipe
UtcTime: 2024-08-20 00:43:42.971
ProcessGuid: {ca24abc9-e6be-66c3-a908-000000001d00}
ProcessId: 1848
PipeName: \PSHost.133685882228135518.1848.DefaultAppDomain.powershell
Image: C:\Windows\System32\WindowsPowerShell\v1.0\powershell.exe
User: MY-CALDERA\johnny.douche"
1172,MY-CAL-WIN10.my-caldera.local,17,"Pipe Created:
RuleName: -
EventType: CreatePipe
UtcTime: 2024-08-20 00:43:42.386
ProcessGuid: {ca24abc9-e6be-66c3-a808-000000001d00}
ProcessId: 6196
PipeName: \PSHost.133685882222199017.6196.DefaultAppDomain.powershell
Image: C:\Windows\System32\WindowsPowerShell\v1.0\powershell.exe
User: MY-CALDERA\johnny.douche"
1173,MY-CAL-WIN10.my-caldera.local,17,"Pipe Created:
RuleName: -
EventType: CreatePipe
UtcTime: 2024-08-20 00:43:41.245
ProcessGuid: {ca24abc9-e6bd-66c3-a508-000000001d00}
ProcessId: 9948
PipeName: \PSHost.133685882210817413.9948.DefaultAppDomain.powershell
Image: C:\Windows\System32\WindowsPowerShell\v1.0\powershell.exe
User: MY-CALDERA\johnny.douche"
1174,MY-CAL-WIN10.my-caldera.local,17,"Pipe Created:
RuleName: -
EventType: CreatePipe
UtcTime: 2024-08-20 00:28:13.764
ProcessGuid: {ca24abc9-e312-66c3-9c04-000000001d00}
ProcessId: 992
PipeName: <Anonymous Pipe>
Image: C:\Windows\system32\cmd.exe
User: MY-CALDERA\johnny.douche"
1175,MY-CAL-WIN10.my-caldera.local,17,"Pipe Created:
RuleName: -
EventType: CreatePipe
UtcTime: 2024-08-20 00:28:13.783
ProcessGuid: {ca24abc9-e31d-66c3-a204-000000001d00}
ProcessId: 7300
PipeName: <Anonymous Pipe>
Image: C:\Windows\system32\cmd.exe
User: MY-CALDERA\johnny.douche"
1176,MY-CAL-WIN10.my-caldera.local,17,"Pipe Created:
RuleName: -
EventType: CreatePipe
UtcTime: 2024-08-20 00:28:38.352
ProcessGuid: {ca24abc9-dc4c-66c3-9501-000000001d00}
ProcessId: 8332
PipeName: <Anonymous Pipe>
Image: C:\Windows\System32\WindowsPowerShell\v1.0\powershell.exe
User: MY-CALDERA\johnny.douche"
1177,MY-CAL-WIN10.my-caldera.local,17,"Pipe Created:
RuleName: -
EventType: CreatePipe
UtcTime: 2024-08-20 00:28:38.352
ProcessGuid: {ca24abc9-dc4c-66c3-9501-000000001d00}
ProcessId: 8332
PipeName: <Anonymous Pipe>
Image: C:\Windows\System32\WindowsPowerShell\v1.0\powershell.exe
User: MY-CALDERA\johnny.douche"
1178,MY-CAL-WIN10.my-caldera.local,17,"Pipe Created:
RuleName: -
EventType: CreatePipe
UtcTime: 2024-08-20 00:28:38.553
ProcessGuid: {ca24abc9-e336-66c3-c104-000000001d00}
ProcessId: 10228
PipeName: \PSHost.133685873183540006.10228.DefaultAppDomain.powershell
Image: C:\Windows\System32\WindowsPowerShell\v1.0\powershell.exe
User: MY-CALDERA\johnny.douche"
1179,MY-CAL-WIN10.my-caldera.local,17,"Pipe Created:
RuleName: -
EventType: CreatePipe
UtcTime: 2024-08-20 00:28:38.144
ProcessGuid: {ca24abc9-e335-66c3-c004-000000001d00}
ProcessId: 9948
PipeName: \PSHost.133685873179737770.9948.DefaultAppDomain.powershell
Image: C:\Windows\System32\WindowsPowerShell\v1.0\powershell.exe
User: MY-CALDERA\johnny.douche"
1180,MY-CAL-WIN10.my-caldera.local,17,"Pipe Created:
RuleName: -
EventType: CreatePipe
UtcTime: 2024-08-20 00:29:01.089
ProcessGuid: {ca24abc9-e34c-66c3-d704-000000001d00}
ProcessId: 9788
PipeName: \PSHost.133685873409088657.9788.DefaultAppDomain.powershell
Image: C:\Windows\System32\WindowsPowerShell\v1.0\powershell.exe
User: MY-CALDERA\johnny.douche"
1181,MY-CAL-WIN10.my-caldera.local,17,"Pipe Created:
RuleName: -
EventType: CreatePipe
UtcTime: 2024-08-20 00:29:04.710
ProcessGuid: {ca24abc9-dc4c-66c3-9501-000000001d00}
ProcessId: 8332
PipeName: <Anonymous Pipe>
Image: C:\Windows\System32\WindowsPowerShell\v1.0\powershell.exe
User: MY-CALDERA\johnny.douche"
1182,MY-CAL-WIN10.my-caldera.local,17,"Pipe Created:
RuleName: -
EventType: CreatePipe
UtcTime: 2024-08-20 00:29:04.711
ProcessGuid: {ca24abc9-dc4c-66c3-9501-000000001d00}
ProcessId: 8332
PipeName: <Anonymous Pipe>
Image: C:\Windows\System32\WindowsPowerShell\v1.0\powershell.exe
User: MY-CALDERA\johnny.douche"
1183,MY-CAL-WIN10.my-caldera.local,17,"Pipe Created:
RuleName: -
EventType: CreatePipe
UtcTime: 2024-08-20 00:29:04.912
ProcessGuid: {ca24abc9-e350-66c3-db04-000000001d00}
ProcessId: 5440
PipeName: \PSHost.133685873447123957.5440.DefaultAppDomain.powershell
Image: C:\Windows\System32\WindowsPowerShell\v1.0\powershell.exe
User: MY-CALDERA\johnny.douche"
1184,MY-CAL-WIN10.my-caldera.local,17,"Pipe Created:
RuleName: -
EventType: CreatePipe
UtcTime: 2024-08-20 00:29:28.865
ProcessGuid: {ca24abc9-e368-66c3-e904-000000001d00}
ProcessId: 6688
PipeName: \PSHost.133685873687016578.6688.DefaultAppDomain.powershell
Image: C:\Windows\System32\WindowsPowerShell\v1.0\powershell.exe
User: MY-CALDERA\johnny.douche"
1185,MY-CAL-WIN10.my-caldera.local,17,"Pipe Created:
RuleName: -
EventType: CreatePipe
UtcTime: 2024-08-20 01:30:39.017
ProcessGuid: {ca24abc9-dc4c-66c3-9501-000000001d00}
ProcessId: 8332
PipeName: <Anonymous Pipe>
Image: C:\Windows\System32\WindowsPowerShell\v1.0\powershell.exe
User: MY-CALDERA\johnny.douche"
1186,MY-CAL-WIN10.my-caldera.local,17,"Pipe Created:
RuleName: -
EventType: CreatePipe
UtcTime: 2024-08-20 01:30:39.017
ProcessGuid: {ca24abc9-dc4c-66c3-9501-000000001d00}
ProcessId: 8332
PipeName: <Anonymous Pipe>
Image: C:\Windows\System32\WindowsPowerShell\v1.0\powershell.exe
User: MY-CALDERA\johnny.douche"
1187,MY-CAL-WIN10.my-caldera.local,17,"Pipe Created:
RuleName: -
EventType: CreatePipe
UtcTime: 2024-08-20 01:30:43.743
ProcessGuid: {ca24abc9-dc4c-66c3-9501-000000001d00}
ProcessId: 8332
PipeName: <Anonymous Pipe>
Image: C:\Windows\System32\WindowsPowerShell\v1.0\powershell.exe
User: MY-CALDERA\johnny.douche"
1188,MY-CAL-WIN10.my-caldera.local,17,"Pipe Created:
RuleName: -
EventType: CreatePipe
UtcTime: 2024-08-20 01:30:43.743
ProcessGuid: {ca24abc9-dc4c-66c3-9501-000000001d00}
ProcessId: 8332
PipeName: <Anonymous Pipe>
Image: C:\Windows\System32\WindowsPowerShell\v1.0\powershell.exe
User: MY-CALDERA\johnny.douche"
1189,MY-CAL-WIN10.my-caldera.local,17,"Pipe Created:
RuleName: -
EventType: CreatePipe
UtcTime: 2024-08-20 01:33:27.503
ProcessGuid: {ca24abc9-d62f-66c3-4800-000000001d00}
ProcessId: 3432
PipeName: <Anonymous Pipe>
Image: C:\Program Files\Windows Defender Advanced Threat Protection\MsSense.exe
User: NT AUTHORITY\SYSTEM"
1190,MY-CAL-WIN10.my-caldera.local,17,"Pipe Created:
RuleName: -
EventType: CreatePipe
UtcTime: 2024-08-20 01:34:50.298
ProcessGuid: {ca24abc9-dc4c-66c3-9501-000000001d00}
ProcessId: 8332
PipeName: <Anonymous Pipe>
Image: C:\Windows\System32\WindowsPowerShell\v1.0\powershell.exe
User: MY-CALDERA\johnny.douche"
1191,MY-CAL-WIN10.my-caldera.local,17,"Pipe Created:
RuleName: -
EventType: CreatePipe
UtcTime: 2024-08-20 01:34:50.299
ProcessGuid: {ca24abc9-dc4c-66c3-9501-000000001d00}
ProcessId: 8332
PipeName: <Anonymous Pipe>
Image: C:\Windows\System32\WindowsPowerShell\v1.0\powershell.exe
User: MY-CALDERA\johnny.douche"
1192,MY-CAL-WIN10.my-caldera.local,17,"Pipe Created:
RuleName: -
EventType: CreatePipe
UtcTime: 2024-08-20 01:37:43.821
ProcessGuid: {ca24abc9-dc4c-66c3-9501-000000001d00}
ProcessId: 8332
PipeName: <Anonymous Pipe>
Image: C:\Windows\System32\WindowsPowerShell\v1.0\powershell.exe
User: MY-CALDERA\johnny.douche"
1193,MY-CAL-WIN10.my-caldera.local,17,"Pipe Created:
RuleName: -
EventType: CreatePipe
UtcTime: 2024-08-20 01:37:43.820
ProcessGuid: {ca24abc9-dc4c-66c3-9501-000000001d00}
ProcessId: 8332
PipeName: <Anonymous Pipe>
Image: C:\Windows\System32\WindowsPowerShell\v1.0\powershell.exe
User: MY-CALDERA\johnny.douche"
1194,MY-CAL-WIN10.my-caldera.local,17,"Pipe Created:
RuleName: -
EventType: CreatePipe
UtcTime: 2024-08-20 00:31:06.994
ProcessGuid: {ca24abc9-e3ca-66c3-d105-000000001d00}
ProcessId: 11132
PipeName: \PSHost.133685874668153075.11132.DefaultAppDomain.powershell
Image: C:\Windows\System32\WindowsPowerShell\v1.0\powershell.exe
User: MY-CALDERA\johnny.douche"
1195,MY-CAL-WIN10.my-caldera.local,17,"Pipe Created:
RuleName: -
EventType: CreatePipe
UtcTime: 2024-08-20 00:31:10.351
ProcessGuid: {ca24abc9-e3ce-66c3-e705-000000001d00}
ProcessId: 11240
PipeName: \PSHost.133685874701877630.11240.DefaultAppDomain.powershell
Image: C:\Windows\System32\WindowsPowerShell\v1.0\powershell.exe
User: MY-CALDERA\johnny.douche"
1196,MY-CAL-WIN10.my-caldera.local,17,"Pipe Created:
RuleName: -
EventType: CreatePipe
UtcTime: 2024-08-20 00:31:10.927
ProcessGuid: {ca24abc9-e3ce-66c3-e805-000000001d00}
ProcessId: 7600
PipeName: \PSHost.133685874707607851.7600.DefaultAppDomain.powershell
Image: C:\Windows\System32\WindowsPowerShell\v1.0\powershell.exe
User: MY-CALDERA\johnny.douche"
1197,MY-CAL-WIN10.my-caldera.local,17,"Pipe Created:
RuleName: -
EventType: CreatePipe
UtcTime: 2024-08-20 00:31:33.680
ProcessGuid: {ca24abc9-e3e5-66c3-3806-000000001d00}
ProcessId: 7000
PipeName: \PSHost.133685874935091379.7000.DefaultAppDomain.powershell
Image: C:\Windows\System32\WindowsPowerShell\v1.0\powershell.exe
User: MY-CALDERA\johnny.douche"
1198,MY-CAL-WIN10.my-caldera.local,17,"Pipe Created:
RuleName: -
EventType: CreatePipe
UtcTime: 2024-08-20 00:32:06.368
ProcessGuid: {ca24abc9-e406-66c3-6d06-000000001d00}
ProcessId: 7244
PipeName: \PSHost.133685875262076081.7244.DefaultAppDomain.powershell
Image: C:\Windows\System32\WindowsPowerShell\v1.0\powershell.exe
User: MY-CALDERA\johnny.douche"
1199,MY-CAL-WIN10.my-caldera.local,17,"Pipe Created:
