RuleName: -
UtcTime: 2024-08-20 02:05:44.803
ProcessGuid: {ca24abc9-f9e3-66c3-7d12-000000001d00}
ProcessId: 12716
QueryName: _ldap._tcp.Default-First-Site-Name._sites.MY-CALDERA.
QueryStatus: 1460
QueryResults: -
Image: C:\Windows\System32\cscript.exe
User: MY-CALDERA\johnny.douche"
705,MY-CAL-WIN10.my-caldera.local,22,"Dns query:
RuleName: -
UtcTime: 2024-08-20 02:06:52.166
ProcessGuid: {ca24abc9-d624-66c3-0c00-000000001d00}
ProcessId: 788
QueryName: _ldap._tcp.Default-First-Site-Name._sites.MY-CAL-WIN10
QueryStatus: 1460
QueryResults: -
Image: C:\Windows\System32\lsass.exe
User: NT AUTHORITY\SYSTEM"
706,MY-CAL-WIN10.my-caldera.local,22,"Dns query:
RuleName: -
UtcTime: 2024-08-20 02:07:10.025
ProcessGuid: {ca24abc9-fa2c-66c3-8112-000000001d00}
ProcessId: 16136
QueryName: MY-CAL-WIN10
QueryStatus: 0
QueryResults: fe80::b523:a2e6:d54c:210a;fe80::e780:23dd:6c8c:c7a8;fe80::3a82:bcc3:184c:5cc2;::ffff:192.168.56.1;::ffff:169.254.132.157;::ffff:172.16.26.234;
Image: C:\Windows\System32\WindowsPowerShell\v1.0\powershell.exe
User: MY-CALDERA\johnny.douche"
707,MY-CAL-WIN10.my-caldera.local,22,"Dns query:
RuleName: -
UtcTime: 2024-08-20 02:07:10.025
ProcessGuid: {ca24abc9-fa2c-66c3-8112-000000001d00}
ProcessId: 16136
QueryName: _ldap._tcp.Default-First-Site-Name._sites.MY-CAL-WIN10.
QueryStatus: 1460
QueryResults: -
Image: C:\Windows\System32\WindowsPowerShell\v1.0\powershell.exe
User: MY-CALDERA\johnny.douche"
708,MY-CAL-WIN10.my-caldera.local,22,"Dns query:
RuleName: -
UtcTime: 2024-08-20 02:11:18.078
ProcessGuid: {ca24abc9-fb45-66c3-a213-000000001d00}
ProcessId: 12668
QueryName: raw.githubusercontent.com
QueryStatus: 0
QueryResults: ::ffff:185.199.108.133;::ffff:185.199.110.133;::ffff:185.199.111.133;::ffff:185.199.109.133;
Image: C:\Windows\System32\WindowsPowerShell\v1.0\powershell.exe
User: MY-CALDERA\johnny.douche"
709,MY-CAL-WIN10.my-caldera.local,22,"Dns query:
RuleName: -
UtcTime: 2024-08-20 02:55:03.338
ProcessGuid: {ca24abc9-d62b-66c3-2600-000000001d00}
ProcessId: 1808
QueryName: augloop.office.com
QueryStatus: 1460
QueryResults: -
Image: C:\Windows\System32\svchost.exe
User: NT AUTHORITY\NETWORK SERVICE"
710,MY-CAL-WIN10.my-caldera.local,22,"Dns query:
RuleName: -
UtcTime: 2024-08-20 02:57:18.828
ProcessGuid: {ca24abc9-05ff-66c4-a918-000000001d00}
ProcessId: 8064
QueryName: MY-CAL-WIN10
QueryStatus: 0
QueryResults: fe80::b523:a2e6:d54c:210a;fe80::e780:23dd:6c8c:c7a8;fe80::3a82:bcc3:184c:5cc2;::ffff:192.168.56.1;::ffff:169.254.132.157;::ffff:172.16.26.234;
Image: C:\Program Files (x86)\Microsoft Office\root\Office16\EXCEL.EXE
User: MY-CALDERA\johnny.douche"
711,MY-CAL-WIN10.my-caldera.local,22,"Dns query:
RuleName: -
UtcTime: 2024-08-20 02:57:34.012
ProcessGuid: {ca24abc9-061a-66c4-b518-000000001d00}
ProcessId: 12968
QueryName: support.content.office.net
QueryStatus: 1460
QueryResults: -
Image: C:\Program Files (x86)\Microsoft Office\root\Office16\POWERPNT.EXE
User: MY-CALDERA\johnny.douche"
712,MY-CAL-WIN10.my-caldera.local,22,"Dns query:
RuleName: -
UtcTime: 2024-08-20 03:59:40.096
ProcessGuid: {ca24abc9-14a3-66c4-731d-000000001d00}
ProcessId: 19124
QueryName: hrsecure.blob.core.windows.net
QueryStatus: 9003
QueryResults: type:  6 ns1-64.azure-dns.com;
Image: C:\Windows\System32\WindowsPowerShell\v1.0\powershell.exe
User: MY-CALDERA\johnny.douche"
713,MY-CAL-WIN10.my-caldera.local,22,"Dns query:
RuleName: -
UtcTime: 2024-08-20 03:59:40.134
ProcessGuid: {ca24abc9-14a3-66c4-731d-000000001d00}
ProcessId: 19124
QueryName: securehr.blob.core.windows.net
QueryStatus: 9003
QueryResults: type:  6 ns1-64.azure-dns.com;
Image: C:\Windows\System32\WindowsPowerShell\v1.0\powershell.exe
User: MY-CALDERA\johnny.douche"
714,MY-CAL-WIN10.my-caldera.local,22,"Dns query:
RuleName: -
UtcTime: 2024-08-20 03:59:40.185
ProcessGuid: {ca24abc9-14a3-66c4-731d-000000001d00}
ProcessId: 19124
QueryName: imagessecure.blob.core.windows.net
QueryStatus: 9003
QueryResults: type:  6 ns1-64.azure-dns.com;
Image: C:\Windows\System32\WindowsPowerShell\v1.0\powershell.exe
User: MY-CALDERA\johnny.douche"
715,MY-CAL-WIN10.my-caldera.local,22,"Dns query:
RuleName: -
UtcTime: 2024-08-20 03:59:40.249
ProcessGuid: {ca24abc9-14a3-66c4-731d-000000001d00}
ProcessId: 19124
QueryName: secureimages.blob.core.windows.net
QueryStatus: 0
QueryResults: type:  5 blob.by5prdstr09a.store.core.windows.net;::ffff:20.150.35.4;type:  6 ns1-05.azure-dns.com;
Image: C:\Windows\System32\WindowsPowerShell\v1.0\powershell.exe
User: MY-CALDERA\johnny.douche"
716,MY-CAL-WIN10.my-caldera.local,22,"Dns query:
RuleName: -
UtcTime: 2024-08-20 03:59:41.086
ProcessGuid: {ca24abc9-d62f-66c3-4800-000000001d00}
ProcessId: 3432
QueryName: securedata.blob.core.windows.net
QueryStatus: 0
QueryResults: type:  5 blob.dm2prdstr07a.store.core.windows.net;20.60.178.4;
Image: C:\Program Files\Windows Defender Advanced Threat Protection\MsSense.exe
User: NT AUTHORITY\SYSTEM"
717,MY-CAL-WIN10.my-caldera.local,22,"Dns query:
RuleName: -
UtcTime: 2024-08-20 03:59:40.769
ProcessGuid: {ca24abc9-14a3-66c4-731d-000000001d00}
ProcessId: 19124
QueryName: securejenkins.blob.core.windows.net
QueryStatus: 9003
QueryResults: type:  6 ns1-64.azure-dns.com;
Image: C:\Windows\System32\WindowsPowerShell\v1.0\powershell.exe
User: MY-CALDERA\johnny.douche"
718,MY-CAL-WIN10.my-caldera.local,22,"Dns query:
RuleName: -
UtcTime: 2024-08-20 03:59:41.118
ProcessGuid: {ca24abc9-14a3-66c4-731d-000000001d00}
ProcessId: 19124
QueryName: securelogs.blob.core.windows.net
QueryStatus: 0
QueryResults: type:  5 blob.syd27prdstr05c.store.core.windows.net;::ffff:20.60.183.11;type:  6 ns1-05.azure-dns.com;
Image: C:\Windows\System32\WindowsPowerShell\v1.0\powershell.exe
User: MY-CALDERA\johnny.douche"
719,MY-CAL-WIN10.my-caldera.local,22,"Dns query:
RuleName: -
UtcTime: 2024-08-20 03:59:41.502
ProcessGuid: {ca24abc9-14a3-66c4-731d-000000001d00}
ProcessId: 19124
QueryName: secureprivate.blob.core.windows.net
QueryStatus: 9003
QueryResults: type:  6 ns1-64.azure-dns.com;
Image: C:\Windows\System32\WindowsPowerShell\v1.0\powershell.exe
User: MY-CALDERA\johnny.douche"
720,MY-CAL-WIN10.my-caldera.local,22,"Dns query:
RuleName: -
UtcTime: 2024-08-20 03:59:41.086
ProcessGuid: {ca24abc9-d62f-66c3-4800-000000001d00}
ProcessId: 3432
QueryName: securedata.blob.core.windows.net
QueryStatus: 0
QueryResults: type:  5 blob.dm2prdstr07a.store.core.windows.net;
Image: C:\Program Files\Windows Defender Advanced Threat Protection\MsSense.exe
User: NT AUTHORITY\SYSTEM"
721,MY-CAL-WIN10.my-caldera.local,22,"Dns query:
RuleName: -
UtcTime: 2024-08-20 03:59:40.727
ProcessGuid: {ca24abc9-14a3-66c4-731d-000000001d00}
ProcessId: 19124
QueryName: jenkinssecure.blob.core.windows.net
QueryStatus: 9003
QueryResults: type:  6 ns1-64.azure-dns.com;
Image: C:\Windows\System32\WindowsPowerShell\v1.0\powershell.exe
User: MY-CALDERA\johnny.douche"
722,MY-CAL-WIN10.my-caldera.local,22,"Dns query:
RuleName: -
UtcTime: 2024-08-20 03:59:41.086
ProcessGuid: {ca24abc9-d62f-66c3-4800-000000001d00}
ProcessId: 3432
QueryName: clientsecure.blob.core.windows.net
QueryStatus: 0
QueryResults: type:  5 blob.blz21prdstr02a.store.core.windows.net;
Image: C:\Program Files\Windows Defender Advanced Threat Protection\MsSense.exe
User: NT AUTHORITY\SYSTEM"
723,MY-CAL-WIN10.my-caldera.local,22,"Dns query:
RuleName: -
UtcTime: 2024-08-20 03:59:41.395
ProcessGuid: {ca24abc9-14a3-66c4-731d-000000001d00}
ProcessId: 19124
QueryName: securephotos.blob.core.windows.net
QueryStatus: 9003
QueryResults: type:  6 ns1-64.azure-dns.com;
Image: C:\Windows\System32\WindowsPowerShell\v1.0\powershell.exe
User: MY-CALDERA\johnny.douche"
724,MY-CAL-WIN10.my-caldera.local,22,"Dns query:
RuleName: -
UtcTime: 2024-08-20 03:59:41.362
ProcessGuid: {ca24abc9-14a3-66c4-731d-000000001d00}
ProcessId: 19124
QueryName: photossecure.blob.core.windows.net
QueryStatus: 9003
QueryResults: type:  6 ns1-64.azure-dns.com;
Image: C:\Windows\System32\WindowsPowerShell\v1.0\powershell.exe
User: MY-CALDERA\johnny.douche"
725,MY-CAL-WIN10.my-caldera.local,22,"Dns query:
RuleName: -
UtcTime: 2024-08-20 03:59:40.318
ProcessGuid: {ca24abc9-14a3-66c4-731d-000000001d00}
ProcessId: 19124
QueryName: internalsecure.blob.core.windows.net
QueryStatus: 9003
QueryResults: type:  6 ns1-64.azure-dns.com;
Image: C:\Windows\System32\WindowsPowerShell\v1.0\powershell.exe
User: MY-CALDERA\johnny.douche"
726,MY-CAL-WIN10.my-caldera.local,22,"Dns query:
RuleName: -
UtcTime: 2024-08-20 03:59:40.360
ProcessGuid: {ca24abc9-14a3-66c4-731d-000000001d00}
ProcessId: 19124
QueryName: secureinternal.blob.core.windows.net
QueryStatus: 9003
QueryResults: type:  6 ns1-64.azure-dns.com;
Image: C:\Windows\System32\WindowsPowerShell\v1.0\powershell.exe
User: MY-CALDERA\johnny.douche"
727,MY-CAL-WIN10.my-caldera.local,22,"Dns query:
RuleName: -
UtcTime: 2024-08-20 03:59:40.420
ProcessGuid: {ca24abc9-14a3-66c4-731d-000000001d00}
ProcessId: 19124
QueryName: internal-distsecure.blob.core.windows.net
QueryStatus: 9003
QueryResults: type:  6 ns1-64.azure-dns.com;
Image: C:\Windows\System32\WindowsPowerShell\v1.0\powershell.exe
User: MY-CALDERA\johnny.douche"
728,MY-CAL-WIN10.my-caldera.local,22,"Dns query:
RuleName: -
UtcTime: 2024-08-20 03:59:40.453
ProcessGuid: {ca24abc9-14a3-66c4-731d-000000001d00}
ProcessId: 19124
QueryName: secureinternal-dist.blob.core.windows.net
QueryStatus: 9003
QueryResults: type:  6 ns1-64.azure-dns.com;
Image: C:\Windows\System32\WindowsPowerShell\v1.0\powershell.exe
User: MY-CALDERA\johnny.douche"
729,MY-CAL-WIN10.my-caldera.local,22,"Dns query:
RuleName: -
UtcTime: 2024-08-20 03:59:40.517
ProcessGuid: {ca24abc9-14a3-66c4-731d-000000001d00}
ProcessId: 19124
QueryName: internal-reposecure.blob.core.windows.net
QueryStatus: 9003
QueryResults: type:  6 ns1-64.azure-dns.com;
Image: C:\Windows\System32\WindowsPowerShell\v1.0\powershell.exe
User: MY-CALDERA\johnny.douche"
730,MY-CAL-WIN10.my-caldera.local,22,"Dns query:
RuleName: -
UtcTime: 2024-08-20 03:59:40.559
ProcessGuid: {ca24abc9-14a3-66c4-731d-000000001d00}
ProcessId: 19124
QueryName: secureinternal-repo.blob.core.windows.net
QueryStatus: 9003
QueryResults: type:  6 ns1-64.azure-dns.com;
Image: C:\Windows\System32\WindowsPowerShell\v1.0\powershell.exe
User: MY-CALDERA\johnny.douche"
731,MY-CAL-WIN10.my-caldera.local,22,"Dns query:
RuleName: -
UtcTime: 2024-08-20 03:59:40.624
ProcessGuid: {ca24abc9-14a3-66c4-731d-000000001d00}
ProcessId: 19124
QueryName: itsecure.blob.core.windows.net
QueryStatus: 9003
QueryResults: type:  6 ns1-64.azure-dns.com;
Image: C:\Windows\System32\WindowsPowerShell\v1.0\powershell.exe
User: MY-CALDERA\johnny.douche"
732,MY-CAL-WIN10.my-caldera.local,22,"Dns query:
RuleName: -
UtcTime: 2024-08-20 03:59:40.664
ProcessGuid: {ca24abc9-14a3-66c4-731d-000000001d00}
ProcessId: 19124
QueryName: secureit.blob.core.windows.net
QueryStatus: 9003
QueryResults: type:  6 ns1-64.azure-dns.com;
Image: C:\Windows\System32\WindowsPowerShell\v1.0\powershell.exe
User: MY-CALDERA\johnny.douche"
733,MY-CAL-WIN10.my-caldera.local,22,"Dns query:
RuleName: -
UtcTime: 2024-08-20 03:59:40.861
ProcessGuid: {ca24abc9-14a3-66c4-731d-000000001d00}
ProcessId: 19124
QueryName: securekey.blob.core.windows.net
QueryStatus: 9003
QueryResults: type:  6 ns1-64.azure-dns.com;
Image: C:\Windows\System32\WindowsPowerShell\v1.0\powershell.exe
User: MY-CALDERA\johnny.douche"
734,MY-CAL-WIN10.my-caldera.local,22,"Dns query:
RuleName: -
UtcTime: 2024-08-20 03:59:41.088
ProcessGuid: {ca24abc9-d62f-66c3-4800-000000001d00}
ProcessId: 3432
QueryName: secureapi.blob.core.windows.net
QueryStatus: 0
QueryResults: type:  5 blob.blz21prdstr01a.store.core.windows.net;
Image: C:\Program Files\Windows Defender Advanced Threat Protection\MsSense.exe
User: NT AUTHORITY\SYSTEM"
735,MY-CAL-WIN10.my-caldera.local,22,"Dns query:
RuleName: -
UtcTime: 2024-08-20 03:59:41.087
ProcessGuid: {ca24abc9-d62f-66c3-4800-000000001d00}
ProcessId: 3432
QueryName: securedev.blob.core.windows.net
QueryStatus: 0
QueryResults: type:  5 blob.sjc20prdstr24a.store.core.windows.net;
Image: C:\Program Files\Windows Defender Advanced Threat Protection\MsSense.exe
User: NT AUTHORITY\SYSTEM"
736,MY-CAL-WIN10.my-caldera.local,22,"Dns query:
RuleName: -
UtcTime: 2024-08-20 03:59:41.571
ProcessGuid: {ca24abc9-14a3-66c4-731d-000000001d00}
ProcessId: 19124
QueryName: processedsecure.blob.core.windows.net
QueryStatus: 9003
QueryResults: type:  6 ns1-64.azure-dns.com;
Image: C:\Windows\System32\WindowsPowerShell\v1.0\powershell.exe
User: MY-CALDERA\johnny.douche"
737,MY-CAL-WIN10.my-caldera.local,22,"Dns query:
RuleName: -
UtcTime: 2024-08-20 03:59:41.088
ProcessGuid: {ca24abc9-d62f-66c3-4800-000000001d00}
ProcessId: 3432
QueryName: securedev.blob.core.windows.net
QueryStatus: 0
QueryResults: type:  5 blob.sjc20prdstr24a.store.core.windows.net;20.60.168.1;
Image: C:\Program Files\Windows Defender Advanced Threat Protection\MsSense.exe
User: NT AUTHORITY\SYSTEM"
738,MY-CAL-WIN10.my-caldera.local,22,"Dns query:
RuleName: -
UtcTime: 2024-08-20 03:59:41.259
ProcessGuid: {ca24abc9-14a3-66c4-731d-000000001d00}
ProcessId: 19124
QueryName: mysecure.blob.core.windows.net
QueryStatus: 0
QueryResults: type:  5 blob.cpq21prdstrz02a.store.core.windows.net;type:  5 blob.cpq21prdstrz02a.trafficmanager.net;::ffff:191.233.128.164;::ffff:20.60.37.43;::ffff:191.235.249.161;type:  6 tm1.dns-tm.com;
Image: C:\Windows\System32\WindowsPowerShell\v1.0\powershell.exe
User: MY-CALDERA\johnny.douche"
739,MY-CAL-WIN10.my-caldera.local,22,"Dns query:
RuleName: -
UtcTime: 2024-08-20 03:59:40.935
ProcessGuid: {ca24abc9-14a3-66c4-731d-000000001d00}
ProcessId: 19124
QueryName: keyssecure.blob.core.windows.net
QueryStatus: 9003
QueryResults: type:  6 ns1-64.azure-dns.com;
Image: C:\Windows\System32\WindowsPowerShell\v1.0\powershell.exe
User: MY-CALDERA\johnny.douche"
740,MY-CAL-WIN10.my-caldera.local,22,"Dns query:
RuleName: -
UtcTime: 2024-08-20 03:59:40.963
ProcessGuid: {ca24abc9-14a3-66c4-731d-000000001d00}
ProcessId: 19124
QueryName: securekeys.blob.core.windows.net
QueryStatus: 9003
QueryResults: type:  6 ns1-64.azure-dns.com;
Image: C:\Windows\System32\WindowsPowerShell\v1.0\powershell.exe
User: MY-CALDERA\johnny.douche"
741,MY-CAL-WIN10.my-caldera.local,22,"Dns query:
RuleName: -
UtcTime: 2024-08-20 03:59:41.037
ProcessGuid: {ca24abc9-14a3-66c4-731d-000000001d00}
ProcessId: 19124
QueryName: logssecure.blob.core.windows.net
QueryStatus: 9003
QueryResults: type:  6 ns1-64.azure-dns.com;
Image: C:\Windows\System32\WindowsPowerShell\v1.0\powershell.exe
User: MY-CALDERA\johnny.douche"
742,MY-CAL-WIN10.my-caldera.local,22,"Dns query:
RuleName: -
UtcTime: 2024-08-20 03:59:41.461
ProcessGuid: {ca24abc9-14a3-66c4-731d-000000001d00}
ProcessId: 19124
QueryName: privatesecure.blob.core.windows.net
QueryStatus: 9003
QueryResults: type:  6 ns1-64.azure-dns.com;
Image: C:\Windows\System32\WindowsPowerShell\v1.0\powershell.exe
User: MY-CALDERA\johnny.douche"
743,MY-CAL-WIN10.my-caldera.local,22,"Dns query:
RuleName: -
UtcTime: 2024-08-20 03:59:41.306
ProcessGuid: {ca24abc9-14a3-66c4-731d-000000001d00}
ProcessId: 19124
QueryName: securemy.blob.core.windows.net
QueryStatus: 9003
QueryResults: type:  6 ns1-64.azure-dns.com;
Image: C:\Windows\System32\WindowsPowerShell\v1.0\powershell.exe
User: MY-CALDERA\johnny.douche"
744,MY-CAL-WIN10.my-caldera.local,22,"Dns query:
RuleName: -
UtcTime: 2024-08-20 03:59:40.823
ProcessGuid: {ca24abc9-14a3-66c4-731d-000000001d00}
ProcessId: 19124
QueryName: keysecure.blob.core.windows.net
QueryStatus: 9003
QueryResults: type:  6 ns1-64.azure-dns.com;
Image: C:\Windows\System32\WindowsPowerShell\v1.0\powershell.exe
User: MY-CALDERA\johnny.douche"
745,MY-CAL-WIN10.my-caldera.local,22,"Dns query:
RuleName: -
UtcTime: 2024-08-20 03:59:41.605
ProcessGuid: {ca24abc9-14a3-66c4-731d-000000001d00}
ProcessId: 19124
QueryName: secureprocessed.blob.core.windows.net
QueryStatus: 9003
QueryResults: type:  6 ns1-64.azure-dns.com;
Image: C:\Windows\System32\WindowsPowerShell\v1.0\powershell.exe
User: MY-CALDERA\johnny.douche"
746,MY-CAL-WIN10.my-caldera.local,22,"Dns query:
RuleName: -
UtcTime: 2024-08-20 03:59:41.087
ProcessGuid: {ca24abc9-d62f-66c3-4800-000000001d00}
ProcessId: 3432
QueryName: clientsecure.blob.core.windows.net
QueryStatus: 0
QueryResults: type:  5 blob.blz21prdstr02a.store.core.windows.net;52.239.169.4;
Image: C:\Program Files\Windows Defender Advanced Threat Protection\MsSense.exe
User: NT AUTHORITY\SYSTEM"
747,MY-CAL-WIN10.my-caldera.local,22,"Dns query:
RuleName: -
UtcTime: 2024-08-20 03:59:41.088
ProcessGuid: {ca24abc9-d62f-66c3-4800-000000001d00}
ProcessId: 3432
QueryName: secureapi.blob.core.windows.net
QueryStatus: 0
QueryResults: type:  5 blob.blz21prdstr01a.store.core.windows.net;52.239.155.228;
Image: C:\Program Files\Windows Defender Advanced Threat Protection\MsSense.exe
User: NT AUTHORITY\SYSTEM"
748,MY-CAL-WIN10.my-caldera.local,22,"Dns query:
RuleName: -
UtcTime: 2024-08-20 03:17:28.812
ProcessGuid: {ca24abc9-0ac7-66c4-d41a-000000001d00}
ProcessId: 14240
QueryName: raw.githubusercontent.com
QueryStatus: 0
QueryResults: ::ffff:185.199.108.133;::ffff:185.199.110.133;::ffff:185.199.109.133;::ffff:185.199.111.133;
Image: C:\Windows\System32\cmstp.exe
User: MY-CALDERA\johnny.douche"
749,MY-CAL-WIN10.my-caldera.local,22,"Dns query:
RuleName: -
UtcTime: 2024-08-20 03:20:29.307
ProcessGuid: {ca24abc9-0b7b-66c4-2a1b-000000001d00}
ProcessId: 13620
QueryName: raw.githubusercontent.com
QueryStatus: 0
QueryResults: ::ffff:185.199.108.133;::ffff:185.199.110.133;::ffff:185.199.109.133;::ffff:185.199.111.133;
Image: C:\Windows\System32\WindowsPowerShell\v1.0\powershell.exe
User: MY-CALDERA\johnny.douche"
750,MY-CAL-WIN10.my-caldera.local,22,"Dns query:
RuleName: -
UtcTime: 2024-08-20 03:21:22.864
ProcessGuid: {ca24abc9-0b97-66c4-461b-000000001d00}
ProcessId: 17320
QueryName: raw.githubusercontent.com
QueryStatus: 0
QueryResults: ::ffff:185.199.108.133;::ffff:185.199.110.133;::ffff:185.199.109.133;::ffff:185.199.111.133;
Image: C:\Windows\System32\msiexec.exe
User: NT AUTHORITY\SYSTEM"
751,MY-CAL-WIN10.my-caldera.local,22,"Dns query:
RuleName: -
UtcTime: 2024-08-20 03:23:40.331
ProcessGuid: {ca24abc9-0c39-66c4-991b-000000001d00}
ProcessId: 17000
QueryName: MY-CAL-WIN10
QueryStatus: 0
QueryResults: 192.168.56.1;169.254.132.157;172.16.26.234;
Image: C:\Windows\Microsoft.NET\Framework\v4.0.30319\RegSvcs.exe
User: MY-CALDERA\johnny.douche"
752,MY-CAL-WIN10.my-caldera.local,22,"Dns query:
RuleName: -
UtcTime: 2024-08-20 03:25:43.238
ProcessGuid: {ca24abc9-d62f-66c3-4800-000000001d00}
ProcessId: 3432
QueryName: ceuswatcab01.blob.core.windows.net
QueryStatus: 9701
QueryResults: -
Image: C:\Program Files\Windows Defender Advanced Threat Protection\MsSense.exe
User: NT AUTHORITY\SYSTEM"
753,MY-CAL-WIN10.my-caldera.local,22,"Dns query:
RuleName: -
UtcTime: 2024-08-20 02:06:52.166
ProcessGuid: {ca24abc9-d62b-66c3-2600-000000001d00}
ProcessId: 1808
QueryName: _ldap._tcp.Default-First-Site-Name._sites.MY-CAL-WIN10.my-caldera.local
QueryStatus: 123
QueryResults: -
Image: C:\Windows\System32\svchost.exe
User: NT AUTHORITY\NETWORK SERVICE"
754,MY-CAL-WIN10.my-caldera.local,22,"Dns query:
RuleName: -
UtcTime: 2024-08-20 03:23:42.344
ProcessGuid: {ca24abc9-0c3d-66c4-9b1b-000000001d00}
ProcessId: 17572
QueryName: MY-CAL-WIN10
QueryStatus: 0
QueryResults: 192.168.56.1;169.254.132.157;172.16.26.234;
Image: C:\Windows\System32\dllhost.exe
User: NT AUTHORITY\SYSTEM"
755,MY-CAL-WIN10.my-caldera.local,22,"Dns query:
RuleName: -
UtcTime: 2024-08-20 03:23:49.418
ProcessGuid: {ca24abc9-0c44-66c4-a21b-000000001d00}
ProcessId: 3912
QueryName: raw.githubusercontent.com
QueryStatus: 0
QueryResults: ::ffff:185.199.108.133;::ffff:185.199.110.133;::ffff:185.199.109.133;::ffff:185.199.111.133;
Image: C:\Windows\System32\regsvr32.exe
User: MY-CALDERA\johnny.douche"
756,MY-CAL-WIN10.my-caldera.local,22,"Dns query:
RuleName: -
UtcTime: 2024-08-20 03:30:10.417
ProcessGuid: {ca24abc9-0620-66c4-b718-000000001d00}
ProcessId: 11256
QueryName: otelrules.svc.static.microsoft
QueryStatus: 0
QueryResults: type:  5 otelrules.azureedge.net;type:  5 otelrules.afd.azureedge.net;type:  5 azureedge-t-prod.trafficmanager.net;type:  5 shed.dual-low.s-part-0007.t-0009.t-msedge.net;type:  5 s-part-0007.t-0009.t-msedge.net;::ffff:13.107.246.35;
Image: C:\Program Files (x86)\Microsoft Office\root\Office16\POWERPNT.EXE
User: MY-CALDERA\johnny.douche"
757,MY-CAL-WIN10.my-caldera.local,22,"Dns query:
RuleName: -
UtcTime: 2024-08-20 03:38:48.220
ProcessGuid: {ca24abc9-0fc1-66c4-1d1c-000000001d00}
ProcessId: 17192
QueryName: download.teamviewer.com
QueryStatus: 0
QueryResults: type:  5 download.teamviewer.com.cdn.cloudflare.net;::ffff:104.16.63.16;::ffff:104.16.62.16;
Image: C:\Windows\System32\WindowsPowerShell\v1.0\powershell.exe
User: MY-CALDERA\johnny.douche"
758,MY-CAL-WIN10.my-caldera.local,22,"Dns query:
RuleName: -
UtcTime: 2024-08-20 03:38:48.308
ProcessGuid: {ca24abc9-d62f-66c3-4800-000000001d00}
ProcessId: 3432
QueryName: download.teamviewer.com
QueryStatus: 0
QueryResults: type:  5 download.teamviewer.com.cdn.cloudflare.net;104.16.63.16;104.16.62.16;
Image: C:\Program Files\Windows Defender Advanced Threat Protection\MsSense.exe
User: NT AUTHORITY\SYSTEM"
759,MY-CAL-WIN10.my-caldera.local,22,"Dns query:
RuleName: -
UtcTime: 2024-08-20 03:38:48.464
ProcessGuid: {ca24abc9-0fc1-66c4-1d1c-000000001d00}
ProcessId: 17192
QueryName: dl.teamviewer.com
QueryStatus: 0
QueryResults: type:  5 dl.teamviewer.com.cdn.cloudflare.net;::ffff:104.16.62.16;::ffff:104.16.63.16;
Image: C:\Windows\System32\WindowsPowerShell\v1.0\powershell.exe
User: MY-CALDERA\johnny.douche"
760,MY-CAL-WIN10.my-caldera.local,22,"Dns query:
RuleName: -
UtcTime: 2024-08-20 03:42:35.385
ProcessGuid: {ca24abc9-10a5-66c4-3c1c-000000001d00}
ProcessId: 20108
QueryName: builds.cdn.getgo.com
QueryStatus: 0
QueryResults: ::ffff:3.161.213.109;::ffff:3.161.213.89;::ffff:3.161.213.64;::ffff:3.161.213.42;
Image: C:\Users\johnny.douche\Downloads\GoToAssist.exe
User: MY-CALDERA\johnny.douche"
761,MY-CAL-WIN10.my-caldera.local,22,"Dns query:
RuleName: -
UtcTime: 2024-08-20 03:42:35.526
ProcessGuid: {ca24abc9-10a5-66c4-3c1c-000000001d00}
ProcessId: 20108
QueryName: o.ss2.us
QueryStatus: 0
QueryResults: ::ffff:3.161.210.43;::ffff:3.161.210.151;::ffff:3.161.210.220;::ffff:3.161.210.28;
Image: C:\Users\johnny.douche\Downloads\GoToAssist.exe
User: MY-CALDERA\johnny.douche"
762,MY-CAL-WIN10.my-caldera.local,22,"Dns query:
RuleName: -
UtcTime: 2024-08-20 03:44:01.439
ProcessGuid: {ca24abc9-d62f-66c3-4800-000000001d00}
ProcessId: 3432
QueryName: egw1.express.gotoassist.com
QueryStatus: 9701
QueryResults: -
Image: C:\Program Files\Windows Defender Advanced Threat Protection\MsSense.exe
User: NT AUTHORITY\SYSTEM"
763,MY-CAL-WIN10.my-caldera.local,22,"Dns query:
RuleName: -
UtcTime: 2024-08-20 03:44:21.172
ProcessGuid: {ca24abc9-1110-66c4-741c-000000001d00}
ProcessId: 15772
QueryName: github.com
QueryStatus: 0
QueryResults: ::ffff:140.82.113.3;
Image: C:\Users\johnny.douche\AppData\Local\rustdesk\rustdesk.exe
User: MY-CALDERA\johnny.douche"
764,MY-CAL-WIN10.my-caldera.local,22,"Dns query:
RuleName: -
UtcTime: 2024-08-20 03:03:44.936
ProcessGuid: {ca24abc9-d624-66c3-0c00-000000001d00}
ProcessId: 788
QueryName: _gc._tcp.my-caldera.local.
QueryStatus: 9003
QueryResults: -
Image: C:\Windows\System32\lsass.exe
User: NT AUTHORITY\SYSTEM"
765,MY-CAL-WIN10.my-caldera.local,22,"Dns query:
RuleName: -
UtcTime: 2024-08-20 03:03:44.938
ProcessGuid: {ca24abc9-077f-66c4-8d19-000000001d00}
ProcessId: 15296
QueryName: MY-CAL-WIN10
QueryStatus: 0
QueryResults: fe80::b523:a2e6:d54c:210a;fe80::e780:23dd:6c8c:c7a8;fe80::3a82:bcc3:184c:5cc2;::ffff:192.168.56.1;::ffff:169.254.132.157;::ffff:172.16.26.234;
Image: C:\Program Files (x86)\Microsoft Office\root\Office16\EXCEL.EXE
User: MY-CALDERA\johnny.douche"
766,MY-CAL-WIN10.my-caldera.local,22,"Dns query:
RuleName: -
UtcTime: 2024-08-20 03:03:44.816
ProcessGuid: {ca24abc9-d624-66c3-0c00-000000001d00}
ProcessId: 788
QueryName: _gc._tcp.Default-First-Site-Name._sites.my-caldera.local.
QueryStatus: 9003
QueryResults: -
Image: C:\Windows\System32\lsass.exe
User: NT AUTHORITY\SYSTEM"
767,MY-CAL-WIN10.my-caldera.local,22,"Dns query:
RuleName: -
UtcTime: 2024-08-20 03:04:36.107
ProcessGuid: {ca24abc9-07a4-66c4-9919-000000001d00}
ProcessId: 14412
QueryName: augloop.office.com
QueryStatus: 0
QueryResults: type:  5 augloop-prod.trafficmanager.net;type:  5 augloop-prod-pa00.centralus.cloudapp.azure.com;::ffff:52.111.227.6;
Image: C:\Program Files (x86)\Microsoft Office\root\Office16\WINWORD.EXE
User: MY-CALDERA\johnny.douche"
768,MY-CAL-WIN10.my-caldera.local,22,"Dns query:
RuleName: -
UtcTime: 2024-08-20 03:04:37.208
ProcessGuid: {ca24abc9-d62f-66c3-4800-000000001d00}
ProcessId: 3432
QueryName: augloop.office.com
QueryStatus: 0
QueryResults: type:  5 augloop-prod.trafficmanager.net;type:  5 augloop-prod-pa00.centralus.cloudapp.azure.com;52.111.227.6;
Image: C:\Program Files\Windows Defender Advanced Threat Protection\MsSense.exe
User: NT AUTHORITY\SYSTEM"
769,MY-CAL-WIN10.my-caldera.local,22,"Dns query:
RuleName: -
UtcTime: 2024-08-20 03:08:03.920
ProcessGuid: {ca24abc9-0833-66c4-ec19-000000001d00}
ProcessId: 15576
QueryName: wsus2eastprod.blob.core.windows.net
QueryStatus: 0
QueryResults: type:  5 blob.mnz26prdstr03a.store.core.windows.net;::ffff:20.209.75.10;
Image: C:\Program Files\Windows Defender Advanced Threat Protection\SenseIR.exe
User: NT AUTHORITY\SYSTEM"
770,MY-CAL-WIN10.my-caldera.local,22,"Dns query:
RuleName: -
UtcTime: 2024-08-20 03:08:33.144
ProcessGuid: {ca24abc9-0891-66c4-f319-000000001d00}
ProcessId: 6660
QueryName: augloop.office.com
QueryStatus: 0
QueryResults: type:  5 augloop-prod.trafficmanager.net;type:  5 augloop-prod-pa00.centralus.cloudapp.azure.com;::ffff:52.111.227.6;
Image: C:\Program Files (x86)\Microsoft Office\root\Office16\WINWORD.EXE
User: MY-CALDERA\johnny.douche"
771,MY-CAL-WIN10.my-caldera.local,22,"Dns query:
RuleName: -
UtcTime: 2024-08-20 03:08:51.097
ProcessGuid: {ca24abc9-08b9-66c4-211a-000000001d00}
ProcessId: 6188
QueryName: raw.githubusercontent.com
QueryStatus: 0
QueryResults: ::ffff:185.199.108.133;::ffff:185.199.110.133;::ffff:185.199.109.133;::ffff:185.199.111.133;
Image: C:\Windows\System32\WindowsPowerShell\v1.0\powershell.exe
User: MY-CALDERA\johnny.douche"
772,MY-CAL-WIN10.my-caldera.local,22,"Dns query:
RuleName: -
UtcTime: 2024-08-20 03:12:30.188
ProcessGuid: {ca24abc9-099c-66c4-8d1a-000000001d00}
ProcessId: 16776
QueryName: raw.githubusercontent.com
QueryStatus: 0
QueryResults: ::ffff:185.199.108.133;::ffff:185.199.110.133;::ffff:185.199.109.133;::ffff:185.199.111.133;
Image: C:\Users\JOHNNY~1.DOU\AppData\Local\Temp\ie4uinit.exe
User: MY-CALDERA\johnny.douche"
773,MY-CAL-WIN10.my-caldera.local,22,"Dns query:
RuleName: -
UtcTime: 2024-08-20 01:40:39.894
ProcessGuid: {ca24abc9-f417-66c3-a810-000000001d00}
ProcessId: 9508
QueryName: MY-CAL-win10
QueryStatus: 0
QueryResults: fe80::b523:a2e6:d54c:210a;fe80::e780:23dd:6c8c:c7a8;fe80::3a82:bcc3:184c:5cc2;::ffff:192.168.56.1;::ffff:169.254.132.157;::ffff:172.16.26.234;
Image: C:\Windows\System32\WindowsPowerShell\v1.0\powershell.exe
User: MY-CALDERA\johnny.douche"
774,MY-CAL-WIN10.my-caldera.local,22,"Dns query:
RuleName: -
UtcTime: 2024-08-20 03:00:16.202
ProcessGuid: {ca24abc9-d62f-66c3-4800-000000001d00}
ProcessId: 3432
QueryName: raw.githubusercontent.com
QueryStatus: 0
QueryResults: 185.199.108.133;185.199.110.133;185.199.109.133;185.199.111.133;
Image: C:\Program Files\Windows Defender Advanced Threat Protection\MsSense.exe
User: NT AUTHORITY\SYSTEM"
775,MY-CAL-WIN10.my-caldera.local,22,"Dns query:
RuleName: -
UtcTime: 2024-08-20 03:00:15.305
ProcessGuid: {ca24abc9-063b-66c4-d118-000000001d00}
ProcessId: 2816
QueryName: raw.githubusercontent.com
QueryStatus: 0
QueryResults: ::ffff:185.199.108.133;::ffff:185.199.110.133;::ffff:185.199.109.133;::ffff:185.199.111.133;
Image: C:\Windows\System32\svchost.exe
User: NT AUTHORITY\SYSTEM"
776,MY-CAL-WIN10.my-caldera.local,22,"Dns query:
RuleName: -
UtcTime: 2024-08-20 03:00:23.944
ProcessGuid: {ca24abc9-06c7-66c4-ec18-000000001d00}
ProcessId: 12704
QueryName: raw.githubusercontent.com
QueryStatus: 0
QueryResults: ::ffff:185.199.108.133;::ffff:185.199.110.133;::ffff:185.199.109.133;::ffff:185.199.111.133;
Image: C:\Windows\System32\WindowsPowerShell\v1.0\powershell.exe
User: MY-CALDERA\johnny.douche"
777,MY-CAL-WIN10.my-caldera.local,22,"Dns query:
RuleName: -
UtcTime: 2024-08-20 03:01:37.273
ProcessGuid: {ca24abc9-06ff-66c4-2019-000000001d00}
ProcessId: 12084
QueryName: support.content.office.net
QueryStatus: 0
QueryResults: type:  5 support.content.office.net.edgekey.net;type:  5 e12627.g.akamaiedge.net;::ffff:23.204.12.219;
Image: C:\Program Files (x86)\Microsoft Office\root\Office16\WINWORD.EXE
User: MY-CALDERA\johnny.douche"
778,MY-CAL-WIN10.my-caldera.local,22,"Dns query:
RuleName: -
UtcTime: 2024-08-20 03:03:41.113
ProcessGuid: {ca24abc9-077f-66c4-8d19-000000001d00}
ProcessId: 15296
QueryName: support.content.office.net
QueryStatus: 0
QueryResults: type:  5 support.content.office.net.edgekey.net;type:  5 e12627.g.akamaiedge.net;::ffff:23.204.12.219;
Image: C:\Program Files (x86)\Microsoft Office\root\Office16\EXCEL.EXE
User: MY-CALDERA\johnny.douche"
779,MY-CAL-WIN10.my-caldera.local,22,"Dns query:
RuleName: -
UtcTime: 2024-08-20 03:09:00.073
ProcessGuid: {ca24abc9-d62f-66c3-4800-000000001d00}
ProcessId: 3432
QueryName: the.earth.li
QueryStatus: 0
QueryResults: 93.93.131.124;
Image: C:\Program Files\Windows Defender Advanced Threat Protection\MsSense.exe
User: NT AUTHORITY\SYSTEM"
780,MY-CAL-WIN10.my-caldera.local,22,"Dns query:
RuleName: -
UtcTime: 2024-08-20 03:08:59.066
ProcessGuid: {ca24abc9-08c8-66c4-231a-000000001d00}
ProcessId: 9720
QueryName: the.earth.li
QueryStatus: 0
QueryResults: ::ffff:93.93.131.124;
Image: C:\Windows\System32\WindowsPowerShell\v1.0\powershell.exe
User: MY-CALDERA\johnny.douche"
781,MY-CAL-WIN10.my-caldera.local,22,"Dns query:
RuleName: -
UtcTime: 2024-08-20 03:10:38.062
ProcessGuid: {ca24abc9-092b-66c4-5e1a-000000001d00}
ProcessId: 11388
QueryName: raw.githubusercontent.com
QueryStatus: 0
QueryResults: ::ffff:185.199.108.133;::ffff:185.199.110.133;::ffff:185.199.109.133;::ffff:185.199.111.133;
Image: C:\Windows\System32\InfDefaultInstall.exe
User: MY-CALDERA\johnny.douche"
782,MY-CAL-WIN10.my-caldera.local,22,"Dns query:
RuleName: -
UtcTime: 2024-08-20 03:41:00.244
ProcessGuid: {ca24abc9-104a-66c4-291c-000000001d00}
ProcessId: 9752
QueryName: secure.logmein.com
QueryStatus: 0
QueryResults: type:  5 secure.logmein.com.akadns.net;::ffff:158.120.16.205;
Image: C:\Windows\System32\WindowsPowerShell\v1.0\powershell.exe
User: MY-CALDERA\johnny.douche"
783,MY-CAL-WIN10.my-caldera.local,22,"Dns query:
RuleName: -
UtcTime: 2024-08-20 03:41:07.860
ProcessGuid: {ca24abc9-104d-66c4-2b1c-000000001d00}
ProcessId: 18068
QueryName: S
QueryStatus: 9003
QueryResults: -
Image: C:\Users\johnny.douche\Desktop\AnyDesk.exe
User: MY-CALDERA\johnny.douche"
784,MY-CAL-WIN10.my-caldera.local,22,"Dns query:
RuleName: -
UtcTime: 2024-08-20 03:43:56.277
ProcessGuid: {ca24abc9-d62f-66c3-4800-000000001d00}
ProcessId: 3432
QueryName: launch.getgo.com
QueryStatus: 9701
QueryResults: -
Image: C:\Program Files\Windows Defender Advanced Threat Protection\MsSense.exe
User: NT AUTHORITY\SYSTEM"
785,MY-CAL-WIN10.my-caldera.local,22,"Dns query:
RuleName: -
UtcTime: 2024-08-20 03:43:56.277
ProcessGuid: {ca24abc9-d62f-66c3-4800-000000001d00}
ProcessId: 3432
QueryName: d1kuyuqowve5id.cloudfront.net
QueryStatus: 9701
QueryResults: -
Image: C:\Program Files\Windows Defender Advanced Threat Protection\MsSense.exe
User: NT AUTHORITY\SYSTEM"
786,MY-CAL-WIN10.my-caldera.local,22,"Dns query:
RuleName: -
UtcTime: 2024-08-20 03:43:56.281
ProcessGuid: {ca24abc9-d62f-66c3-4800-000000001d00}
ProcessId: 3432
QueryName: objects.githubusercontent.com
QueryStatus: 0
QueryResults: 185.199.109.133;185.199.108.133;185.199.111.133;185.199.110.133;
Image: C:\Program Files\Windows Defender Advanced Threat Protection\MsSense.exe
User: NT AUTHORITY\SYSTEM"
787,MY-CAL-WIN10.my-caldera.local,22,"Dns query:
RuleName: -
UtcTime: 2024-08-20 03:43:56.281
ProcessGuid: {ca24abc9-d62f-66c3-4800-000000001d00}
ProcessId: 3432
QueryName: builds.cdn.getgo.com
QueryStatus: 9701
QueryResults: -
Image: C:\Program Files\Windows Defender Advanced Threat Protection\MsSense.exe
User: NT AUTHORITY\SYSTEM"
788,MY-CAL-WIN10.my-caldera.local,22,"Dns query:
RuleName: -
UtcTime: 2024-08-20 03:43:56.282
ProcessGuid: {ca24abc9-d62f-66c3-4800-000000001d00}
ProcessId: 3432
QueryName: dl.teamviewer.com
QueryStatus: 9701
QueryResults: -
Image: C:\Program Files\Windows Defender Advanced Threat Protection\MsSense.exe
User: NT AUTHORITY\SYSTEM"
789,MY-CAL-WIN10.my-caldera.local,22,"Dns query:
RuleName: -
UtcTime: 2024-08-20 03:21:22.568
ProcessGuid: {ca24abc9-0b97-66c4-461b-000000001d00}
ProcessId: 17320
QueryName: github.com
QueryStatus: 0
QueryResults: ::ffff:140.82.113.4;
Image: C:\Windows\System32\msiexec.exe
User: NT AUTHORITY\SYSTEM"
790,MY-CAL-WIN10.my-caldera.local,22,"Dns query:
RuleName: -
UtcTime: 2024-08-20 03:29:10.851
ProcessGuid: {ca24abc9-05ff-66c4-a918-000000001d00}
ProcessId: 8064
QueryName: otelrules.svc.static.microsoft
QueryStatus: 0
QueryResults: type:  5 otelrules.azureedge.net;type:  5 otelrules.afd.azureedge.net;type:  5 azureedge-t-prod.trafficmanager.net;type:  5 shed.dual-low.s-part-0007.t-0009.t-msedge.net;type:  5 s-part-0007.t-0009.t-msedge.net;::ffff:13.107.246.35;
Image: C:\Program Files (x86)\Microsoft Office\root\Office16\EXCEL.EXE
User: MY-CALDERA\johnny.douche"
791,MY-CAL-WIN10.my-caldera.local,22,"Dns query:
RuleName: -
UtcTime: 2024-08-20 03:26:10.665
ProcessGuid: {ca24abc9-0cc8-66c4-c21b-000000001d00}
ProcessId: 12992
QueryName: raw.githubusercontent.com
QueryStatus: 0
QueryResults: ::ffff:185.199.108.133;::ffff:185.199.110.133;::ffff:185.199.109.133;::ffff:185.199.111.133;
Image: C:\Windows\System32\rundll32.exe
User: MY-CALDERA\johnny.douche"
792,MY-CAL-WIN10.my-caldera.local,22,"Dns query:
RuleName: -
UtcTime: 2024-08-20 03:20:15.873
ProcessGuid: {ca24abc9-0b6e-66c4-221b-000000001d00}
ProcessId: 9020
QueryName: raw.githubusercontent.com
QueryStatus: 0
QueryResults: ::ffff:185.199.108.133;::ffff:185.199.110.133;::ffff:185.199.109.133;::ffff:185.199.111.133;
Image: C:\Windows\System32\mshta.exe
User: MY-CALDERA\johnny.douche"
793,MY-CAL-WIN10.my-caldera.local,22,"Dns query:
RuleName: -
UtcTime: 2024-08-20 03:23:10.880
ProcessGuid: {ca24abc9-fa86-66c3-8412-000000001d00}
ProcessId: 14056
QueryName: ceuswatcab01.blob.core.windows.net
QueryStatus: 0
QueryResults: type:  5 blob.dsm11prdstr10c.store.core.windows.net;::ffff:20.209.184.65;
Image: C:\Windows\System32\taskhostw.exe
User: MY-CALDERA\johnny.douche"
794,MY-CAL-WIN10.my-caldera.local,22,"Dns query:
RuleName: -
UtcTime: 2024-08-20 03:23:11.544
ProcessGuid: {ca24abc9-d62f-66c3-4800-000000001d00}
ProcessId: 3432
QueryName: ceuswatcab01.blob.core.windows.net
QueryStatus: 0
QueryResults: type:  5 blob.dsm11prdstr10c.store.core.windows.net;20.209.184.65;
Image: C:\Program Files\Windows Defender Advanced Threat Protection\MsSense.exe
User: NT AUTHORITY\SYSTEM"
795,MY-CAL-WIN10.my-caldera.local,22,"Dns query:
RuleName: -
UtcTime: 2024-08-20 03:00:28.241
ProcessGuid: {ca24abc9-06c7-66c4-ec18-000000001d00}
ProcessId: 12704
QueryName: _ldap._tcp.Default-First-Site-Name._sites.MY-CAL-DC.MY-CALDERA.LOCAL.
QueryStatus: 9003
QueryResults: -
Image: C:\Windows\System32\WindowsPowerShell\v1.0\powershell.exe
User: MY-CALDERA\johnny.douche"
796,MY-CAL-WIN10.my-caldera.local,22,"Dns query:
RuleName: -
UtcTime: 2024-08-20 03:00:28.241
ProcessGuid: {ca24abc9-06c7-66c4-ec18-000000001d00}
ProcessId: 12704
QueryName: _ldap._tcp.MY-CAL-DC.MY-CALDERA.LOCAL.
QueryStatus: 9003
QueryResults: -
Image: C:\Windows\System32\WindowsPowerShell\v1.0\powershell.exe
User: MY-CALDERA\johnny.douche"
797,MY-CAL-WIN10.my-caldera.local,22,"Dns query:
RuleName: -
UtcTime: 2024-08-20 03:00:28.355
ProcessGuid: {ca24abc9-06c7-66c4-ec18-000000001d00}
ProcessId: 12704
QueryName: MY-CAL-DC.MY-CALDERA.LOCAL
QueryStatus: 9003
QueryResults: -
Image: C:\Windows\System32\WindowsPowerShell\v1.0\powershell.exe
User: MY-CALDERA\johnny.douche"
798,MY-CAL-WIN10.my-caldera.local,22,"Dns query:
RuleName: -
UtcTime: 2024-08-20 03:00:43.935
ProcessGuid: {ca24abc9-06d9-66c4-0419-000000001d00}
ProcessId: 5792
QueryName: raw.githubusercontent.com
QueryStatus: 0
QueryResults: ::ffff:185.199.108.133;::ffff:185.199.110.133;::ffff:185.199.109.133;::ffff:185.199.111.133;
Image: C:\Windows\System32\WindowsPowerShell\v1.0\powershell.exe
User: MY-CALDERA\johnny.douche"
799,MY-CAL-WIN10.my-caldera.local,22,"Dns query:
RuleName: -
UtcTime: 2024-08-20 03:01:17.445
ProcessGuid: {ca24abc9-06f7-66c4-1e19-000000001d00}
ProcessId: 12960
QueryName: raw.githubusercontent.com
QueryStatus: 0
QueryResults: ::ffff:185.199.108.133;::ffff:185.199.110.133;::ffff:185.199.109.133;::ffff:185.199.111.133;
Image: C:\Windows\System32\WindowsPowerShell\v1.0\powershell.exe
User: MY-CALDERA\johnny.douche"
800,MY-CAL-WIN10.my-caldera.local,22,"Dns query:
RuleName: -
UtcTime: 2024-08-20 03:06:03.772
ProcessGuid: {ca24abc9-d62f-66c3-4800-000000001d00}
ProcessId: 3432
QueryName: amtso.eicar.org
QueryStatus: 0
QueryResults: 81.7.7.163;
Image: C:\Program Files\Windows Defender Advanced Threat Protection\MsSense.exe
User: NT AUTHORITY\SYSTEM"
801,MY-CAL-WIN10.my-caldera.local,22,"Dns query:
RuleName: -
UtcTime: 2024-08-20 03:06:03.189
ProcessGuid: {ca24abc9-0815-66c4-ea19-000000001d00}
ProcessId: 14768
QueryName: amtso.eicar.org
QueryStatus: 0
QueryResults: ::ffff:81.7.7.163;
Image: C:\Windows\System32\WindowsPowerShell\v1.0\powershell.exe
User: MY-CALDERA\johnny.douche"
802,MY-CAL-WIN10.my-caldera.local,22,"Dns query:
RuleName: -
UtcTime: 2024-08-20 03:44:58.148
ProcessGuid: {ca24abc9-1139-66c4-a11c-000000001d00}
ProcessId: 11380
QueryName: raw.githubusercontent.com
QueryStatus: 0
QueryResults: ::ffff:185.199.108.133;::ffff:185.199.110.133;::ffff:185.199.109.133;::ffff:185.199.111.133;
Image: C:\Windows\System32\WindowsPowerShell\v1.0\powershell.exe
User: MY-CALDERA\johnny.douche"
803,MY-CAL-WIN10.my-caldera.local,22,"Dns query:
RuleName: -
UtcTime: 2024-08-20 03:48:16.633
ProcessGuid: {ca24abc9-d62f-66c3-4800-000000001d00}
ProcessId: 3432
QueryName: download.anydesk.com
QueryStatus: 9701
QueryResults: -
Image: C:\Program Files\Windows Defender Advanced Threat Protection\MsSense.exe
User: NT AUTHORITY\SYSTEM"
804,MY-CAL-WIN10.my-caldera.local,22,"Dns query:
RuleName: -
UtcTime: 2024-08-20 03:48:16.634
ProcessGuid: {ca24abc9-d62f-66c3-4800-000000001d00}
ProcessId: 3432
QueryName: boot.net.anydesk.com
QueryStatus: 9701
QueryResults: -
Image: C:\Program Files\Windows Defender Advanced Threat Protection\MsSense.exe
User: NT AUTHORITY\SYSTEM"
805,MY-CAL-WIN10.my-caldera.local,22,"Dns query:
RuleName: -
UtcTime: 2024-08-20 03:52:43.991
ProcessGuid: {ca24abc9-1039-66c4-211c-000000001d00}
ProcessId: 16124
QueryName: MY-CAL-WIN10
QueryStatus: 0
QueryResults: fe80::b523:a2e6:d54c:210a;fe80::e780:23dd:6c8c:c7a8;fe80::3a82:bcc3:184c:5cc2;::ffff:192.168.56.1;::ffff:169.254.132.157;::ffff:172.16.26.234;
Image: C:\Windows\System32\wbem\WmiPrvSE.exe
User: NT AUTHORITY\NETWORK SERVICE"
806,MY-CAL-WIN10.my-caldera.local,22,"Dns query:
RuleName: -
UtcTime: 2024-08-20 03:57:29.897
ProcessGuid: {ca24abc9-1426-66c4-611d-000000001d00}
ProcessId: 17096
QueryName: www.powershellgallery.com
QueryStatus: 0
QueryResults: type:  5 frontdoor-powershellgallery-cthqd0epb9c7c8fe.z01.azurefd.net;type:  5 star-azurefd-prod.trafficmanager.net;type:  5 shed.dual-low.s-part-0007.t-0009.t-msedge.net;type:  5 s-part-0007.t-0009.t-msedge.net;::ffff:13.107.246.35;
Image: C:\Windows\System32\WindowsPowerShell\v1.0\powershell.exe
User: MY-CALDERA\johnny.douche"
807,MY-CAL-WIN10.my-caldera.local,22,"Dns query:
RuleName: -
UtcTime: 2024-08-20 03:59:37.584
ProcessGuid: {ca24abc9-14a3-66c4-731d-000000001d00}
ProcessId: 19124
QueryName: clientsecure.blob.core.windows.net
QueryStatus: 0
QueryResults: type:  5 blob.blz21prdstr02a.store.core.windows.net;::ffff:52.239.169.4;type:  6 ns1-05.azure-dns.com;
Image: C:\Windows\System32\WindowsPowerShell\v1.0\powershell.exe
User: MY-CALDERA\johnny.douche"
808,MY-CAL-WIN10.my-caldera.local,22,"Dns query:
RuleName: -
UtcTime: 2024-08-20 03:59:37.895
ProcessGuid: {ca24abc9-14a3-66c4-731d-000000001d00}
ProcessId: 19124
QueryName: configsecure.blob.core.windows.net
QueryStatus: 9003
QueryResults: type:  6 ns1-64.azure-dns.com;
Image: C:\Windows\System32\WindowsPowerShell\v1.0\powershell.exe
User: MY-CALDERA\johnny.douche"
809,MY-CAL-WIN10.my-caldera.local,22,"Dns query:
RuleName: -
UtcTime: 2024-08-20 03:59:37.074
ProcessGuid: {ca24abc9-14a3-66c4-731d-000000001d00}
ProcessId: 19124
QueryName: assetssecure.blob.core.windows.net
QueryStatus: 9003
QueryResults: type:  6 ns1-64.azure-dns.com;
Image: C:\Windows\System32\WindowsPowerShell\v1.0\powershell.exe
User: MY-CALDERA\johnny.douche"
810,MY-CAL-WIN10.my-caldera.local,22,"Dns query:
RuleName: -
UtcTime: 2024-08-20 03:59:37.935
ProcessGuid: {ca24abc9-14a3-66c4-731d-000000001d00}
ProcessId: 19124
QueryName: secureconfig.blob.core.windows.net
QueryStatus: 9003
QueryResults: type:  6 ns1-64.azure-dns.com;
Image: C:\Windows\System32\WindowsPowerShell\v1.0\powershell.exe
User: MY-CALDERA\johnny.douche"
811,MY-CAL-WIN10.my-caldera.local,22,"Dns query:
RuleName: -
UtcTime: 2024-08-20 03:59:37.699
ProcessGuid: {ca24abc9-14a3-66c4-731d-000000001d00}
ProcessId: 19124
QueryName: confsecure.blob.core.windows.net
QueryStatus: 9003
QueryResults: type:  6 ns1-64.azure-dns.com;
Image: C:\Windows\System32\WindowsPowerShell\v1.0\powershell.exe
User: MY-CALDERA\johnny.douche"
812,MY-CAL-WIN10.my-caldera.local,22,"Dns query:
RuleName: -
UtcTime: 2024-08-20 03:59:37.233
ProcessGuid: {ca24abc9-14a3-66c4-731d-000000001d00}
ProcessId: 19124
QueryName: azuresecure.blob.core.windows.net
QueryStatus: 0
QueryResults: type:  5 blob.iad01prdstr12a.store.core.windows.net;::ffff:20.60.220.97;type:  6 ns1-05.azure-dns.com;
Image: C:\Windows\System32\WindowsPowerShell\v1.0\powershell.exe
User: MY-CALDERA\johnny.douche"
813,MY-CAL-WIN10.my-caldera.local,22,"Dns query:
RuleName: -
UtcTime: 2024-08-20 03:59:38.034
ProcessGuid: {ca24abc9-14a3-66c4-731d-000000001d00}
ProcessId: 19124
QueryName: secureconfiguration.blob.core.windows.net
QueryStatus: 9003
QueryResults: type:  6 ns1-64.azure-dns.com;
Image: C:\Windows\System32\WindowsPowerShell\v1.0\powershell.exe
User: MY-CALDERA\johnny.douche"
814,MY-CAL-WIN10.my-caldera.local,22,"Dns query:
RuleName: -
UtcTime: 2024-08-20 03:59:37.490
ProcessGuid: {ca24abc9-14a3-66c4-731d-000000001d00}
ProcessId: 19124
QueryName: securechef.blob.core.windows.net
QueryStatus: 9003
QueryResults: type:  6 ns1-64.azure-dns.com;
Image: C:\Windows\System32\WindowsPowerShell\v1.0\powershell.exe
User: MY-CALDERA\johnny.douche"
815,MY-CAL-WIN10.my-caldera.local,22,"Dns query:
RuleName: -
UtcTime: 2024-08-20 03:59:37.833
ProcessGuid: {ca24abc9-14a3-66c4-731d-000000001d00}
ProcessId: 19124
QueryName: secureconfidential.blob.core.windows.net
QueryStatus: 9003
QueryResults: type:  6 ns1-64.azure-dns.com;
Image: C:\Windows\System32\WindowsPowerShell\v1.0\powershell.exe
User: MY-CALDERA\johnny.douche"
816,MY-CAL-WIN10.my-caldera.local,22,"Dns query:
RuleName: -
UtcTime: 2024-08-20 03:59:37.729
ProcessGuid: {ca24abc9-14a3-66c4-731d-000000001d00}
ProcessId: 19124
QueryName: secureconf.blob.core.windows.net
QueryStatus: 9003
QueryResults: type:  6 ns1-64.azure-dns.com;
Image: C:\Windows\System32\WindowsPowerShell\v1.0\powershell.exe
User: MY-CALDERA\johnny.douche"
817,MY-CAL-WIN10.my-caldera.local,22,"Dns query:
RuleName: -
UtcTime: 2024-08-20 03:59:37.129
ProcessGuid: {ca24abc9-14a3-66c4-731d-000000001d00}
ProcessId: 19124
QueryName: secureassets.blob.core.windows.net
QueryStatus: 9003
QueryResults: type:  6 ns1-64.azure-dns.com;
Image: C:\Windows\System32\WindowsPowerShell\v1.0\powershell.exe
User: MY-CALDERA\johnny.douche"
818,MY-CAL-WIN10.my-caldera.local,22,"Dns query:
RuleName: -
UtcTime: 2024-08-20 03:59:37.998
ProcessGuid: {ca24abc9-14a3-66c4-731d-000000001d00}
ProcessId: 19124
QueryName: configurationsecure.blob.core.windows.net
QueryStatus: 9003
QueryResults: type:  6 ns1-64.azure-dns.com;
Image: C:\Windows\System32\WindowsPowerShell\v1.0\powershell.exe
User: MY-CALDERA\johnny.douche"
819,MY-CAL-WIN10.my-caldera.local,22,"Dns query:
RuleName: -
UtcTime: 2024-08-20 03:59:37.794
ProcessGuid: {ca24abc9-14a3-66c4-731d-000000001d00}
ProcessId: 19124
QueryName: confidentialsecure.blob.core.windows.net
QueryStatus: 9003
QueryResults: type:  6 ns1-64.azure-dns.com;
Image: C:\Windows\System32\WindowsPowerShell\v1.0\powershell.exe
User: MY-CALDERA\johnny.douche"
820,MY-CAL-WIN10.my-caldera.local,22,"Dns query:
RuleName: -
UtcTime: 2024-08-20 03:59:37.451
ProcessGuid: {ca24abc9-14a3-66c4-731d-000000001d00}
ProcessId: 19124
QueryName: chefsecure.blob.core.windows.net
QueryStatus: 9003
QueryResults: type:  6 ns1-64.azure-dns.com;
Image: C:\Windows\System32\WindowsPowerShell\v1.0\powershell.exe
User: MY-CALDERA\johnny.douche"
821,MY-CAL-WIN10.my-caldera.local,22,"Dns query:
RuleName: -
UtcTime: 2024-08-20 03:59:37.285
ProcessGuid: {ca24abc9-14a3-66c4-731d-000000001d00}
ProcessId: 19124
QueryName: secureazure.blob.core.windows.net
QueryStatus: 9003
QueryResults: type:  6 ns1-64.azure-dns.com;
Image: C:\Windows\System32\WindowsPowerShell\v1.0\powershell.exe
User: MY-CALDERA\johnny.douche"
822,MY-CAL-WIN10.my-caldera.local,22,"Dns query:
RuleName: -
UtcTime: 2024-08-20 03:59:38.084
ProcessGuid: {ca24abc9-14a3-66c4-731d-000000001d00}
ProcessId: 19124
QueryName: contentsecure.blob.core.windows.net
QueryStatus: 9003
QueryResults: type:  6 ns1-64.azure-dns.com;
Image: C:\Windows\System32\WindowsPowerShell\v1.0\powershell.exe
User: MY-CALDERA\johnny.douche"
823,MY-CAL-WIN10.my-caldera.local,22,"Dns query:
RuleName: -
UtcTime: 2024-08-20 03:59:37.348
ProcessGuid: {ca24abc9-14a3-66c4-731d-000000001d00}
ProcessId: 19124
QueryName: azure-logssecure.blob.core.windows.net
QueryStatus: 9003
QueryResults: type:  6 ns1-64.azure-dns.com;
Image: C:\Windows\System32\WindowsPowerShell\v1.0\powershell.exe
User: MY-CALDERA\johnny.douche"
824,MY-CAL-WIN10.my-caldera.local,22,"Dns query:
RuleName: -
UtcTime: 2024-08-20 03:59:38.125
ProcessGuid: {ca24abc9-14a3-66c4-731d-000000001d00}
ProcessId: 19124
QueryName: securecontent.blob.core.windows.net
QueryStatus: 9003
QueryResults: type:  6 ns1-64.azure-dns.com;
Image: C:\Windows\System32\WindowsPowerShell\v1.0\powershell.exe
User: MY-CALDERA\johnny.douche"
825,MY-CAL-WIN10.my-caldera.local,22,"Dns query:
RuleName: -
UtcTime: 2024-08-20 03:59:37.632
ProcessGuid: {ca24abc9-14a3-66c4-731d-000000001d00}
ProcessId: 19124
QueryName: secureclient.blob.core.windows.net
QueryStatus: 9003
QueryResults: type:  6 ns1-64.azure-dns.com;
Image: C:\Windows\System32\WindowsPowerShell\v1.0\powershell.exe
User: MY-CALDERA\johnny.douche"
826,MY-CAL-WIN10.my-caldera.local,22,"Dns query:
RuleName: -
UtcTime: 2024-08-20 03:59:37.386
ProcessGuid: {ca24abc9-14a3-66c4-731d-000000001d00}
ProcessId: 19124
QueryName: secureazure-logs.blob.core.windows.net
QueryStatus: 9003
QueryResults: type:  6 ns1-64.azure-dns.com;
Image: C:\Windows\System32\WindowsPowerShell\v1.0\powershell.exe
User: MY-CALDERA\johnny.douche"
827,MY-CAL-WIN10.my-caldera.local,22,"Dns query:
RuleName: -
UtcTime: 2024-08-20 03:59:38.192
ProcessGuid: {ca24abc9-14a3-66c4-731d-000000001d00}
ProcessId: 19124
QueryName: customersecure.blob.core.windows.net
QueryStatus: 9003
QueryResults: type:  6 ns1-64.azure-dns.com;
Image: C:\Windows\System32\WindowsPowerShell\v1.0\powershell.exe
User: MY-CALDERA\johnny.douche"
828,MY-CAL-WIN10.my-caldera.local,22,"Dns query:
RuleName: -
UtcTime: 2024-08-20 03:01:06.334
ProcessGuid: {ca24abc9-06dc-66c4-0619-000000001d00}
ProcessId: 16308
QueryName: augloop.office.com
QueryStatus: 0
QueryResults: type:  5 augloop-prod.trafficmanager.net;type:  5 augloop-prod-pd00.westus2.cloudapp.azure.com;::ffff:52.111.246.8;
Image: C:\Program Files (x86)\Microsoft Office\root\Office16\WINWORD.EXE
User: MY-CALDERA\johnny.douche"
829,MY-CAL-WIN10.my-caldera.local,22,"Dns query:
RuleName: -
UtcTime: 2024-08-20 03:01:50.015
ProcessGuid: {ca24abc9-06ff-66c4-2019-000000001d00}
ProcessId: 12084
QueryName: augloop.office.com
QueryStatus: 0
QueryResults: type:  5 augloop-prod.trafficmanager.net;type:  5 augloop-prod-pd01.centralus.cloudapp.azure.com;::ffff:52.111.227.3;
Image: C:\Program Files (x86)\Microsoft Office\root\Office16\WINWORD.EXE
User: MY-CALDERA\johnny.douche"
830,MY-CAL-WIN10.my-caldera.local,22,"Dns query:
RuleName: -
UtcTime: 2024-08-20 03:01:50.800
ProcessGuid: {ca24abc9-d62f-66c3-4800-000000001d00}
ProcessId: 3432
QueryName: augloop.office.com
QueryStatus: 0
QueryResults: type:  5 augloop-prod.trafficmanager.net;type:  5 augloop-prod-pd01.centralus.cloudapp.azure.com;52.111.227.3;
Image: C:\Program Files\Windows Defender Advanced Threat Protection\MsSense.exe
User: NT AUTHORITY\SYSTEM"
831,MY-CAL-WIN10.my-caldera.local,22,"Dns query:
RuleName: -
UtcTime: 2024-08-20 03:02:04.485
ProcessGuid: {ca24abc9-0722-66c4-4119-000000001d00}
ProcessId: 12712
QueryName: raw.githubusercontent.com
QueryStatus: 0
QueryResults: ::ffff:185.199.108.133;::ffff:185.199.110.133;::ffff:185.199.109.133;::ffff:185.199.111.133;
Image: C:\Windows\System32\WindowsPowerShell\v1.0\powershell.exe
User: MY-CALDERA\johnny.douche"
832,MY-CAL-WIN10.my-caldera.local,22,"Dns query:
RuleName: -
UtcTime: 2024-08-20 03:02:18.994
ProcessGuid: {ca24abc9-072d-66c4-4419-000000001d00}
ProcessId: 244
QueryName: support.content.office.net
QueryStatus: 0
QueryResults: type:  5 support.content.office.net.edgekey.net;type:  5 e12627.g.akamaiedge.net;::ffff:23.204.12.219;
Image: C:\Program Files (x86)\Microsoft Office\root\Office16\WINWORD.EXE
User: MY-CALDERA\johnny.douche"
833,MY-CAL-WIN10.my-caldera.local,22,"Dns query:
