RuleName: -
UtcTime: 2024-08-20 00:29:18.874
ProcessGuid: {ca24abc9-e350-66c3-db04-000000001d00}
ProcessId: 5440
QueryName: www.powershellgallery.com
QueryStatus: 1460
QueryResults: -
Image: C:\Windows\System32\WindowsPowerShell\v1.0\powershell.exe
User: MY-CALDERA\johnny.douche"
285,MY-CAL-WIN10.my-caldera.local,22,"Dns query:
RuleName: -
UtcTime: 2024-08-20 00:29:18.921
ProcessGuid: {ca24abc9-e350-66c3-db04-000000001d00}
ProcessId: 5440
QueryName: www.powershellgallery.com
QueryStatus: 9701
QueryResults: -
Image: C:\Windows\System32\WindowsPowerShell\v1.0\powershell.exe
User: MY-CALDERA\johnny.douche"
286,MY-CAL-WIN10.my-caldera.local,22,"Dns query:
RuleName: -
UtcTime: 2024-08-20 01:03:17.665
ProcessGuid: {ca24abc9-d62f-66c3-4800-000000001d00}
ProcessId: 3432
QueryName: objects.githubusercontent.com
QueryStatus: 9701
QueryResults: -
Image: C:\Program Files\Windows Defender Advanced Threat Protection\MsSense.exe
User: NT AUTHORITY\SYSTEM"
287,MY-CAL-WIN10.my-caldera.local,22,"Dns query:
RuleName: -
UtcTime: 2024-08-20 01:47:29.100
ProcessGuid: {ca24abc9-f5a7-66c3-4f11-000000001d00}
ProcessId: 4272
QueryName: support.content.office.net
QueryStatus: 0
QueryResults: type:  5 support.content.office.net.edgekey.net;type:  5 e12627.g.akamaiedge.net;::ffff:23.204.12.219;
Image: C:\Program Files (x86)\Microsoft Office\root\Office16\WINWORD.EXE
User: MY-CALDERA\johnny.douche"
288,MY-CAL-WIN10.my-caldera.local,22,"Dns query:
RuleName: -
UtcTime: 2024-08-20 01:50:30.338
ProcessGuid: {ca24abc9-f664-66c3-8d11-000000001d00}
ProcessId: 7556
QueryName: raw.githubusercontent.com
QueryStatus: 0
QueryResults: ::ffff:185.199.108.133;::ffff:185.199.110.133;::ffff:185.199.111.133;::ffff:185.199.109.133;
Image: C:\Windows\System32\WindowsPowerShell\v1.0\powershell.exe
User: MY-CALDERA\johnny.douche"
289,MY-CAL-WIN10.my-caldera.local,22,"Dns query:
RuleName: -
UtcTime: 2024-08-20 01:50:57.517
ProcessGuid: {ca24abc9-f67e-66c3-a011-000000001d00}
ProcessId: 12228
QueryName: MY-CAL-DC.MY-CALDERA.LOCAL
QueryStatus: 9003
QueryResults: -
Image: C:\Windows\System32\WindowsPowerShell\v1.0\powershell.exe
User: MY-CALDERA\johnny.douche"
290,MY-CAL-WIN10.my-caldera.local,22,"Dns query:
RuleName: -
UtcTime: 2024-08-20 01:55:39.292
ProcessGuid: {ca24abc9-d62b-66c3-2600-000000001d00}
ProcessId: 1808
QueryName: test
QueryStatus: 9003
QueryResults: -
Image: C:\Windows\System32\svchost.exe
User: NT AUTHORITY\NETWORK SERVICE"
291,MY-CAL-WIN10.my-caldera.local,22,"Dns query:
RuleName: -
UtcTime: 2024-08-20 01:57:29.813
ProcessGuid: {ca24abc9-f7c1-66c3-1112-000000001d00}
ProcessId: 14376
QueryName: atomicredteam-303113.127.0.0.1.nip.io
QueryStatus: 1460
QueryResults: -
Image: C:\Windows\System32\WindowsPowerShell\v1.0\powershell.exe
User: MY-CALDERA\johnny.douche"
292,MY-CAL-WIN10.my-caldera.local,22,"Dns query:
RuleName: -
UtcTime: 2024-08-20 01:57:43.907
ProcessGuid: {ca24abc9-f7c1-66c3-1112-000000001d00}
ProcessId: 14376
QueryName: atomicredteam-267158.127.0.0.1.nip.io
QueryStatus: 1460
QueryResults: -
Image: C:\Windows\System32\WindowsPowerShell\v1.0\powershell.exe
User: MY-CALDERA\johnny.douche"
293,MY-CAL-WIN10.my-caldera.local,22,"Dns query:
RuleName: -
UtcTime: 2024-08-20 01:56:40.538
ProcessGuid: {ca24abc9-f7c1-66c3-1112-000000001d00}
ProcessId: 14376
QueryName: atomicredteam-209007.127.0.0.1.nip.io
QueryStatus: 1460
QueryResults: -
Image: C:\Windows\System32\WindowsPowerShell\v1.0\powershell.exe
User: MY-CALDERA\johnny.douche"
294,MY-CAL-WIN10.my-caldera.local,22,"Dns query:
RuleName: -
UtcTime: 2024-08-20 01:57:57.983
ProcessGuid: {ca24abc9-f7c1-66c3-1112-000000001d00}
ProcessId: 14376
QueryName: atomicredteam-476183.127.0.0.1.nip.io
QueryStatus: 1460
QueryResults: -
Image: C:\Windows\System32\WindowsPowerShell\v1.0\powershell.exe
User: MY-CALDERA\johnny.douche"
295,MY-CAL-WIN10.my-caldera.local,22,"Dns query:
RuleName: -
UtcTime: 2024-08-20 00:15:08.126
ProcessGuid: {ca24abc9-e00b-66c3-0203-000000001d00}
ProcessId: 9856
QueryName: www.autoitscript.com
QueryStatus: 0
QueryResults: ::ffff:212.227.91.231;
Image: C:\Windows\System32\WindowsPowerShell\v1.0\powershell.exe
User: MY-CALDERA\johnny.douche"
296,MY-CAL-WIN10.my-caldera.local,22,"Dns query:
RuleName: -
UtcTime: 2024-08-20 00:15:08.773
ProcessGuid: {ca24abc9-d62f-66c3-4800-000000001d00}
ProcessId: 3432
QueryName: www.autoitscript.com
QueryStatus: 0
QueryResults: 212.227.91.231;
Image: C:\Program Files\Windows Defender Advanced Threat Protection\MsSense.exe
User: NT AUTHORITY\SYSTEM"
297,MY-CAL-WIN10.my-caldera.local,22,"Dns query:
RuleName: -
UtcTime: 2024-08-20 00:18:32.417
ProcessGuid: {ca24abc9-e0cd-66c3-1703-000000001d00}
ProcessId: 9648
QueryName: MY-CAL-win10
QueryStatus: 0
QueryResults: fe80::e780:23dd:6c8c:c7a8;fe80::3a82:bcc3:184c:5cc2;::ffff:169.254.132.157;::ffff:172.16.26.234;
Image: C:\Windows\System32\WindowsPowerShell\v1.0\powershell.exe
User: MY-CALDERA\johnny.douche"
298,MY-CAL-WIN10.my-caldera.local,22,"Dns query:
RuleName: -
UtcTime: 2024-08-20 00:18:31.407
ProcessGuid: {ca24abc9-d624-66c3-0c00-000000001d00}
ProcessId: 788
QueryName: _ldap._tcp.Default-First-Site-Name._sites.gc._msdcs.my-caldera.local.
QueryStatus: 1460
QueryResults: -
Image: C:\Windows\System32\lsass.exe
User: NT AUTHORITY\SYSTEM"
299,MY-CAL-WIN10.my-caldera.local,22,"Dns query:
RuleName: -
UtcTime: 2024-08-20 00:18:36.360
ProcessGuid: {ca24abc9-e0d8-66c3-1c03-000000001d00}
ProcessId: 8008
QueryName: www.powershellgallery.com
QueryStatus: 9701
QueryResults: -
Image: C:\Windows\System32\WindowsPowerShell\v1.0\powershell.exe
User: MY-CALDERA\johnny.douche"
300,MY-CAL-WIN10.my-caldera.local,22,"Dns query:
RuleName: -
UtcTime: 2024-08-20 00:19:11.103
ProcessGuid: {ca24abc9-e0f0-66c3-2f03-000000001d00}
ProcessId: 11172
QueryName: www.powershellgallery.com
QueryStatus: 1460
QueryResults: -
Image: C:\Windows\System32\WindowsPowerShell\v1.0\powershell.exe
User: MY-CALDERA\johnny.douche"
301,MY-CAL-WIN10.my-caldera.local,22,"Dns query:
RuleName: -
UtcTime: 2024-08-20 00:19:11.112
ProcessGuid: {ca24abc9-e0f0-66c3-2f03-000000001d00}
ProcessId: 11172
QueryName: www.powershellgallery.com
QueryStatus: 9701
QueryResults: -
Image: C:\Windows\System32\WindowsPowerShell\v1.0\powershell.exe
User: MY-CALDERA\johnny.douche"
302,MY-CAL-WIN10.my-caldera.local,22,"Dns query:
RuleName: -
UtcTime: 2024-08-20 00:19:27.311
ProcessGuid: {ca24abc9-e10e-66c3-4803-000000001d00}
ProcessId: 10424
QueryName: support.content.office.net
QueryStatus: 9701
QueryResults: -
Image: C:\Program Files (x86)\Microsoft Office\root\Office16\WINWORD.EXE
User: MY-CALDERA\johnny.douche"
303,MY-CAL-WIN10.my-caldera.local,22,"Dns query:
RuleName: -
UtcTime: 2024-08-20 00:20:35.437
ProcessGuid: {ca24abc9-e152-66c3-8103-000000001d00}
ProcessId: 4448
QueryName: www.radmin.com
QueryStatus: 9701
QueryResults: -
Image: C:\Windows\System32\WindowsPowerShell\v1.0\powershell.exe
User: MY-CALDERA\johnny.douche"
304,MY-CAL-WIN10.my-caldera.local,22,"Dns query:
RuleName: -
UtcTime: 2024-08-20 00:20:38.043
ProcessGuid: {ca24abc9-e155-66c3-8703-000000001d00}
ProcessId: 1264
QueryName: download.pdq.com
QueryStatus: 9701
QueryResults: -
Image: C:\Windows\System32\WindowsPowerShell\v1.0\powershell.exe
User: MY-CALDERA\johnny.douche"
305,MY-CAL-WIN10.my-caldera.local,22,"Dns query:
RuleName: -
UtcTime: 2024-08-20 00:21:42.634
ProcessGuid: {ca24abc9-e18b-66c3-ba03-000000001d00}
ProcessId: 9440
QueryName: github.com
QueryStatus: 1460
QueryResults: -
Image: C:\Windows\System32\WindowsPowerShell\v1.0\powershell.exe
User: MY-CALDERA\johnny.douche"
306,MY-CAL-WIN10.my-caldera.local,22,"Dns query:
RuleName: -
UtcTime: 2024-08-20 01:30:44.983
ProcessGuid: {ca24abc9-f1c3-66c3-340f-000000001d00}
ProcessId: 9504
QueryName: U2VjcmV0RGF0YVRvRXhmaWx0cmF0ZQ==.dns.example.com
QueryStatus: 9560
QueryResults: -
Image: C:\Windows\System32\WindowsPowerShell\v1.0\powershell.exe
User: MY-CALDERA\johnny.douche"
307,MY-CAL-WIN10.my-caldera.local,22,"Dns query:
RuleName: -
UtcTime: 2024-08-20 01:30:53.398
ProcessGuid: {ca24abc9-f1cc-66c3-410f-000000001d00}
ProcessId: 8064
QueryName: raw.githubusercontent.com
QueryStatus: 0
QueryResults: ::ffff:185.199.108.133;::ffff:185.199.110.133;::ffff:185.199.111.133;::ffff:185.199.109.133;
Image: C:\Windows\System32\WindowsPowerShell\v1.0\powershell.exe
User: MY-CALDERA\johnny.douche"
308,MY-CAL-WIN10.my-caldera.local,22,"Dns query:
RuleName: -
UtcTime: 2024-08-20 01:30:58.844
ProcessGuid: {ca24abc9-f1d2-66c3-460f-000000001d00}
ProcessId: 7236
QueryName: raw.githubusercontent.com
QueryStatus: 0
QueryResults: ::ffff:185.199.108.133;::ffff:185.199.110.133;::ffff:185.199.111.133;::ffff:185.199.109.133;
Image: C:\Windows\System32\WindowsPowerShell\v1.0\powershell.exe
User: MY-CALDERA\johnny.douche"
309,MY-CAL-WIN10.my-caldera.local,22,"Dns query:
RuleName: -
UtcTime: 2024-08-20 01:30:57.877
ProcessGuid: {ca24abc9-f1cf-66c3-430f-000000001d00}
ProcessId: 10592
QueryName: MY-CAL-DC.MY-CALDERA.LOCAL
QueryStatus: 9003
QueryResults: -
Image: C:\Windows\System32\WindowsPowerShell\v1.0\powershell.exe
User: MY-CALDERA\johnny.douche"
310,MY-CAL-WIN10.my-caldera.local,22,"Dns query:
RuleName: -
UtcTime: 2024-08-20 01:30:57.858
ProcessGuid: {ca24abc9-f1cf-66c3-430f-000000001d00}
ProcessId: 10592
QueryName: _ldap._tcp.MY-CAL-DC.MY-CALDERA.LOCAL.
QueryStatus: 9003
QueryResults: -
Image: C:\Windows\System32\WindowsPowerShell\v1.0\powershell.exe
User: MY-CALDERA\johnny.douche"
311,MY-CAL-WIN10.my-caldera.local,22,"Dns query:
RuleName: -
UtcTime: 2024-08-20 01:30:57.858
ProcessGuid: {ca24abc9-f1cf-66c3-430f-000000001d00}
ProcessId: 10592
QueryName: _ldap._tcp.Default-First-Site-Name._sites.MY-CAL-DC.MY-CALDERA.LOCAL.
QueryStatus: 9003
QueryResults: -
Image: C:\Windows\System32\WindowsPowerShell\v1.0\powershell.exe
User: MY-CALDERA\johnny.douche"
312,MY-CAL-WIN10.my-caldera.local,22,"Dns query:
RuleName: -
UtcTime: 2024-08-20 01:37:13.984
ProcessGuid: {ca24abc9-f346-66c3-c90f-000000001d00}
ProcessId: 11248
QueryName: augloop.office.com
QueryStatus: 0
QueryResults: type:  5 augloop-prod.trafficmanager.net;type:  5 augloop-prod-pa00.centralus.cloudapp.azure.com;::ffff:52.111.227.6;
Image: C:\Program Files (x86)\Microsoft Office\root\Office16\WINWORD.EXE
User: MY-CALDERA\johnny.douche"
313,MY-CAL-WIN10.my-caldera.local,22,"Dns query:
RuleName: -
UtcTime: 2024-08-20 01:37:45.611
ProcessGuid: {ca24abc9-f368-66c3-0b10-000000001d00}
ProcessId: 7700
QueryName: raw.githubusercontent.com
QueryStatus: 0
QueryResults: ::ffff:185.199.108.133;::ffff:185.199.110.133;::ffff:185.199.111.133;::ffff:185.199.109.133;
Image: C:\Windows\System32\WindowsPowerShell\v1.0\powershell.exe
User: MY-CALDERA\johnny.douche"
314,MY-CAL-WIN10.my-caldera.local,22,"Dns query:
RuleName: -
UtcTime: 2024-08-20 01:29:51.075
ProcessGuid: {ca24abc9-d62f-66c3-4800-000000001d00}
ProcessId: 3432
QueryName: omex.cdn.office.net
QueryStatus: 9701
QueryResults: -
Image: C:\Program Files\Windows Defender Advanced Threat Protection\MsSense.exe
User: NT AUTHORITY\SYSTEM"
315,MY-CAL-WIN10.my-caldera.local,22,"Dns query:
RuleName: -
UtcTime: 2024-08-20 01:38:44.026
ProcessGuid: {ca24abc9-f38e-66c3-4e10-000000001d00}
ProcessId: 5612
QueryName: augloop.office.com
QueryStatus: 0
QueryResults: type:  5 augloop-prod.trafficmanager.net;type:  5 augloop-prod-pa00.centralus.cloudapp.azure.com;::ffff:52.111.227.6;
Image: C:\Program Files (x86)\Microsoft Office\root\Office16\WINWORD.EXE
User: MY-CALDERA\johnny.douche"
316,MY-CAL-WIN10.my-caldera.local,22,"Dns query:
RuleName: -
UtcTime: 2024-08-20 01:30:41.480
ProcessGuid: {ca24abc9-f1bf-66c3-320f-000000001d00}
ProcessId: 5364
QueryName: example.com
QueryStatus: 0
QueryResults: ::ffff:93.184.215.14;
Image: C:\Windows\System32\WindowsPowerShell\v1.0\powershell.exe
User: MY-CALDERA\johnny.douche"
317,MY-CAL-WIN10.my-caldera.local,22,"Dns query:
RuleName: -
UtcTime: 2024-08-20 01:36:06.440
ProcessGuid: {ca24abc9-f306-66c3-8a0f-000000001d00}
ProcessId: 1392
QueryName: file.io
QueryStatus: 0
QueryResults: ::ffff:45.55.107.24;
Image: C:\Windows\System32\curl.exe
User: MY-CALDERA\johnny.douche"
318,MY-CAL-WIN10.my-caldera.local,22,"Dns query:
RuleName: -
UtcTime: 2024-08-20 01:36:05.346
ProcessGuid: {ca24abc9-d62f-66c3-4800-000000001d00}
ProcessId: 3432
QueryName: dns.google.com
QueryStatus: 0
QueryResults: 8.8.4.4;8.8.8.8;
Image: C:\Program Files\Windows Defender Advanced Threat Protection\MsSense.exe
User: NT AUTHORITY\SYSTEM"
319,MY-CAL-WIN10.my-caldera.local,22,"Dns query:
RuleName: -
UtcTime: 2024-08-20 01:37:11.990
ProcessGuid: {ca24abc9-f346-66c3-c90f-000000001d00}
ProcessId: 11248
QueryName: support.content.office.net
QueryStatus: 0
QueryResults: type:  5 support.content.office.net.edgekey.net;type:  5 e12627.g.akamaiedge.net;::ffff:23.204.12.219;
Image: C:\Program Files (x86)\Microsoft Office\root\Office16\WINWORD.EXE
User: MY-CALDERA\johnny.douche"
320,MY-CAL-WIN10.my-caldera.local,22,"Dns query:
RuleName: -
UtcTime: 2024-08-20 01:37:12.134
ProcessGuid: {ca24abc9-d62f-66c3-4800-000000001d00}
ProcessId: 3432
QueryName: augloop.office.com
QueryStatus: 9701
QueryResults: -
Image: C:\Program Files\Windows Defender Advanced Threat Protection\MsSense.exe
User: NT AUTHORITY\SYSTEM"
321,MY-CAL-WIN10.my-caldera.local,22,"Dns query:
RuleName: -
UtcTime: 2024-08-20 01:38:21.791
ProcessGuid: {ca24abc9-f38d-66c3-4c10-000000001d00}
ProcessId: 11436
QueryName: raw.githubusercontent.com
QueryStatus: 0
QueryResults: ::ffff:185.199.108.133;::ffff:185.199.110.133;::ffff:185.199.111.133;::ffff:185.199.109.133;
Image: C:\Windows\System32\WindowsPowerShell\v1.0\powershell.exe
User: MY-CALDERA\johnny.douche"
322,MY-CAL-WIN10.my-caldera.local,22,"Dns query:
RuleName: -
UtcTime: 2024-08-20 01:24:37.986
ProcessGuid: {ca24abc9-f052-66c3-4d0e-000000001d00}
ProcessId: 10064
QueryName: MY-CAL-DC
QueryStatus: 0
QueryResults: fe80::d0df:4cbf:efa5:4c1d;::ffff:172.16.26.226;
Image: C:\Windows\System32\mstsc.exe
User: MY-CALDERA\johnny.douche"
323,MY-CAL-WIN10.my-caldera.local,22,"Dns query:
RuleName: -
UtcTime: 2024-08-20 01:24:38.128
ProcessGuid: {ca24abc9-d62f-66c3-4800-000000001d00}
ProcessId: 3432
QueryName: google.com
QueryStatus: 9701
QueryResults: -
Image: C:\Program Files\Windows Defender Advanced Threat Protection\MsSense.exe
User: NT AUTHORITY\SYSTEM"
324,MY-CAL-WIN10.my-caldera.local,22,"Dns query:
RuleName: -
UtcTime: 2024-08-20 01:24:45.526
ProcessGuid: {ca24abc9-f058-66c3-5c0e-000000001d00}
ProcessId: 2920
QueryName: target
QueryStatus: 9003
QueryResults: -
Image: C:\Windows\System32\net.exe
User: MY-CALDERA\johnny.douche"
325,MY-CAL-WIN10.my-caldera.local,22,"Dns query:
RuleName: -
UtcTime: 2024-08-20 01:25:56.762
ProcessGuid: {ca24abc9-d624-66c3-0c00-000000001d00}
ProcessId: 788
QueryName: _ldap._tcp.Default-First-Site-Name._sites.MY-CAL-DC.MY-CALDERA.LOCAL.
QueryStatus: 9003
QueryResults: -
Image: C:\Windows\System32\lsass.exe
User: NT AUTHORITY\SYSTEM"
326,MY-CAL-WIN10.my-caldera.local,22,"Dns query:
RuleName: -
UtcTime: 2024-08-20 01:25:56.777
ProcessGuid: {ca24abc9-d624-66c3-0c00-000000001d00}
ProcessId: 788
QueryName: _ldap._tcp.MY-CAL-DC.MY-CALDERA.LOCAL.
QueryStatus: 9003
QueryResults: -
Image: C:\Windows\System32\lsass.exe
User: NT AUTHORITY\SYSTEM"
327,MY-CAL-WIN10.my-caldera.local,22,"Dns query:
RuleName: -
UtcTime: 2024-08-20 01:56:26.332
ProcessGuid: {ca24abc9-f7c1-66c3-1112-000000001d00}
ProcessId: 14376
QueryName: atomicredteam-52534.127.0.0.1.nip.io
QueryStatus: 1460
QueryResults: -
Image: C:\Windows\System32\WindowsPowerShell\v1.0\powershell.exe
User: MY-CALDERA\johnny.douche"
328,MY-CAL-WIN10.my-caldera.local,22,"Dns query:
RuleName: -
UtcTime: 2024-08-20 01:57:50.938
ProcessGuid: {ca24abc9-f7c1-66c3-1112-000000001d00}
ProcessId: 14376
QueryName: atomicredteam-141247.127.0.0.1.nip.io
QueryStatus: 1460
QueryResults: -
Image: C:\Windows\System32\WindowsPowerShell\v1.0\powershell.exe
User: MY-CALDERA\johnny.douche"
329,MY-CAL-WIN10.my-caldera.local,22,"Dns query:
RuleName: -
UtcTime: 2024-08-20 01:17:13.857
ProcessGuid: {ca24abc9-d62b-66c3-2600-000000001d00}
ProcessId: 1808
QueryName: _ldap._tcp.Default-First-Site-Name._sites.dc._msdcs.my-caldera.local.
QueryStatus: 1460
QueryResults: -
Image: C:\Windows\System32\svchost.exe
User: NT AUTHORITY\NETWORK SERVICE"
330,MY-CAL-WIN10.my-caldera.local,22,"Dns query:
RuleName: -
UtcTime: 2024-08-20 01:22:24.483
ProcessGuid: {ca24abc9-efcf-66c3-380e-000000001d00}
ProcessId: 8996
QueryName: raw.githubusercontent.com
QueryStatus: 0
QueryResults: ::ffff:185.199.108.133;::ffff:185.199.110.133;::ffff:185.199.111.133;::ffff:185.199.109.133;
Image: C:\Windows\System32\WindowsPowerShell\v1.0\powershell.exe
User: MY-CALDERA\johnny.douche"
331,MY-CAL-WIN10.my-caldera.local,22,"Dns query:
RuleName: -
UtcTime: 2024-08-20 01:22:25.470
ProcessGuid: {ca24abc9-d62f-66c3-4800-000000001d00}
ProcessId: 3432
QueryName: wsus1westprod.blob.core.windows.net
QueryStatus: 9701
QueryResults: -
Image: C:\Program Files\Windows Defender Advanced Threat Protection\MsSense.exe
User: NT AUTHORITY\SYSTEM"
332,MY-CAL-WIN10.my-caldera.local,22,"Dns query:
RuleName: -
UtcTime: 2024-08-20 01:22:25.470
ProcessGuid: {ca24abc9-d62f-66c3-4800-000000001d00}
ProcessId: 3432
QueryName: raw.githubusercontent.com
QueryStatus: 0
QueryResults: 185.199.108.133;185.199.110.133;185.199.111.133;185.199.109.133;
Image: C:\Program Files\Windows Defender Advanced Threat Protection\MsSense.exe
User: NT AUTHORITY\SYSTEM"
333,MY-CAL-WIN10.my-caldera.local,22,"Dns query:
RuleName: -
UtcTime: 2024-08-20 01:22:30.730
ProcessGuid: {ca24abc9-d62f-66c3-4800-000000001d00}
ProcessId: 3432
QueryName: google.com
QueryStatus: 0
QueryResults: 142.251.41.46;
Image: C:\Program Files\Windows Defender Advanced Threat Protection\MsSense.exe
User: NT AUTHORITY\SYSTEM"
334,MY-CAL-WIN10.my-caldera.local,22,"Dns query:
RuleName: -
UtcTime: 2024-08-20 01:25:51.425
ProcessGuid: {ca24abc9-f09f-66c3-bb0e-000000001d00}
ProcessId: 10952
QueryName: johnny.douche
QueryStatus: 9003
QueryResults: -
Image: C:\Windows\System32\qwinsta.exe
User: MY-CALDERA\johnny.douche"
335,MY-CAL-WIN10.my-caldera.local,22,"Dns query:
RuleName: -
UtcTime: 2024-08-20 01:25:51.430
ProcessGuid: {ca24abc9-d62b-66c3-2600-000000001d00}
ProcessId: 1808
QueryName: johnny.douche
QueryStatus: 9003
QueryResults: -
Image: C:\Windows\System32\svchost.exe
User: NT AUTHORITY\NETWORK SERVICE"
336,MY-CAL-WIN10.my-caldera.local,22,"Dns query:
RuleName: -
UtcTime: 2024-08-20 01:27:00.791
ProcessGuid: {ca24abc9-ef66-66c3-110b-000000001d00}
ProcessId: 3696
QueryName: wsus2eastprod.blob.core.windows.net
QueryStatus: 0
QueryResults: type:  5 blob.mnz26prdstr03a.store.core.windows.net;::ffff:20.209.75.10;
Image: C:\Program Files\Windows Defender Advanced Threat Protection\SenseIR.exe
User: NT AUTHORITY\SYSTEM"
337,MY-CAL-WIN10.my-caldera.local,22,"Dns query:
RuleName: -
UtcTime: 2024-08-20 01:27:01.013
ProcessGuid: {ca24abc9-d62f-66c3-4800-000000001d00}
ProcessId: 3432
QueryName: wsus1eastprod.blob.core.windows.net
QueryStatus: 9701
QueryResults: -
Image: C:\Program Files\Windows Defender Advanced Threat Protection\MsSense.exe
User: NT AUTHORITY\SYSTEM"
338,MY-CAL-WIN10.my-caldera.local,22,"Dns query:
RuleName: -
UtcTime: 2024-08-20 01:27:01.013
ProcessGuid: {ca24abc9-d62f-66c3-4800-000000001d00}
ProcessId: 3432
QueryName: wsus2eastprod.blob.core.windows.net
QueryStatus: 0
QueryResults: type:  5 blob.mnz26prdstr03a.store.core.windows.net;20.209.75.10;
Image: C:\Program Files\Windows Defender Advanced Threat Protection\MsSense.exe
User: NT AUTHORITY\SYSTEM"
339,MY-CAL-WIN10.my-caldera.local,22,"Dns query:
RuleName: -
UtcTime: 2024-08-20 01:28:20.506
ProcessGuid: {ca24abc9-d62f-66c3-4800-000000001d00}
ProcessId: 3432
QueryName: wsus2eastprod.blob.core.windows.net
QueryStatus: 9701
QueryResults: -
Image: C:\Program Files\Windows Defender Advanced Threat Protection\MsSense.exe
User: NT AUTHORITY\SYSTEM"
340,MY-CAL-WIN10.my-caldera.local,22,"Dns query:
RuleName: -
UtcTime: 2024-08-20 00:37:07.873
ProcessGuid: {ca24abc9-e533-66c3-a407-000000001d00}
ProcessId: 4020
QueryName: raw.githubusercontent.com
QueryStatus: 0
QueryResults: ::ffff:185.199.110.133;::ffff:185.199.108.133;::ffff:185.199.109.133;::ffff:185.199.111.133;
Image: C:\Windows\System32\WindowsPowerShell\v1.0\powershell.exe
User: MY-CALDERA\johnny.douche"
341,MY-CAL-WIN10.my-caldera.local,22,"Dns query:
RuleName: -
UtcTime: 2024-08-20 00:37:27.057
ProcessGuid: {ca24abc9-e53b-66c3-b007-000000001d00}
ProcessId: 5092
QueryName: www.sqlite.org
QueryStatus: 1460
QueryResults: -
Image: C:\Windows\System32\WindowsPowerShell\v1.0\powershell.exe
User: MY-CALDERA\johnny.douche"
342,MY-CAL-WIN10.my-caldera.local,22,"Dns query:
RuleName: -
UtcTime: 2024-08-20 00:37:47.538
ProcessGuid: {ca24abc9-e555-66c3-d007-000000001d00}
ProcessId: 10112
QueryName: github.com
QueryStatus: 1460
QueryResults: -
Image: C:\Windows\System32\WindowsPowerShell\v1.0\powershell.exe
User: MY-CALDERA\johnny.douche"
343,MY-CAL-WIN10.my-caldera.local,22,"Dns query:
RuleName: -
UtcTime: 2024-08-20 00:37:49.088
ProcessGuid: {ca24abc9-e55c-66c3-d407-000000001d00}
ProcessId: 8720
QueryName: github.com
QueryStatus: 9701
QueryResults: -
Image: C:\Windows\System32\WindowsPowerShell\v1.0\powershell.exe
User: MY-CALDERA\johnny.douche"
344,MY-CAL-WIN10.my-caldera.local,22,"Dns query:
RuleName: -
UtcTime: 2024-08-20 00:38:18.254
ProcessGuid: {ca24abc9-e579-66c3-ea07-000000001d00}
ProcessId: 8372
QueryName: github.com
QueryStatus: 9701
QueryResults: -
Image: C:\Windows\System32\WindowsPowerShell\v1.0\powershell.exe
User: MY-CALDERA\johnny.douche"
345,MY-CAL-WIN10.my-caldera.local,22,"Dns query:
RuleName: -
UtcTime: 2024-08-20 00:38:48.734
ProcessGuid: {ca24abc9-e598-66c3-2108-000000001d00}
ProcessId: 8968
QueryName: raw.githubusercontent.com
QueryStatus: 0
QueryResults: ::ffff:185.199.110.133;::ffff:185.199.108.133;::ffff:185.199.109.133;::ffff:185.199.111.133;
Image: C:\Windows\System32\WindowsPowerShell\v1.0\powershell.exe
User: MY-CALDERA\johnny.douche"
346,MY-CAL-WIN10.my-caldera.local,22,"Dns query:
RuleName: -
UtcTime: 2024-08-20 01:16:29.844
ProcessGuid: {ca24abc9-ee69-66c3-c30a-000000001d00}
ProcessId: 2300
QueryName: support.content.office.net
QueryStatus: 1460
QueryResults: -
Image: C:\Program Files (x86)\Microsoft Office\root\Office16\WINWORD.EXE
User: MY-CALDERA\johnny.douche"
347,MY-CAL-WIN10.my-caldera.local,22,"Dns query:
RuleName: -
UtcTime: 2024-08-20 01:16:30.627
ProcessGuid: {ca24abc9-ee62-66c3-c00a-000000001d00}
ProcessId: 5064
QueryName: support.content.office.net
QueryStatus: 1460
QueryResults: -
Image: C:\Program Files (x86)\Microsoft Office\root\Office16\EXCEL.EXE
User: MY-CALDERA\johnny.douche"
348,MY-CAL-WIN10.my-caldera.local,22,"Dns query:
RuleName: -
UtcTime: 2024-08-20 01:17:05.929
ProcessGuid: {ca24abc9-ee8c-66c3-d80a-000000001d00}
ProcessId: 5568
QueryName: support.content.office.net
QueryStatus: 1460
QueryResults: -
Image: C:\Program Files (x86)\Microsoft Office\root\Office16\OUTLOOK.EXE
User: MY-CALDERA\johnny.douche"
349,MY-CAL-WIN10.my-caldera.local,22,"Dns query:
RuleName: -
UtcTime: 2024-08-20 01:20:42.157
ProcessGuid: {ca24abc9-ef66-66c3-110b-000000001d00}
ProcessId: 3696
QueryName: automatedirstrprdcus3.blob.core.windows.net
QueryStatus: 0
QueryResults: type:  5 blob.dsm07prdstr03a.store.core.windows.net;::ffff:20.150.77.36;
Image: C:\Program Files\Windows Defender Advanced Threat Protection\SenseIR.exe
User: NT AUTHORITY\SYSTEM"
350,MY-CAL-WIN10.my-caldera.local,22,"Dns query:
RuleName: -
UtcTime: 2024-08-20 01:20:42.907
ProcessGuid: {ca24abc9-d62f-66c3-4800-000000001d00}
ProcessId: 3432
QueryName: automatedirstrprdcus3.blob.core.windows.net
QueryStatus: 0
QueryResults: type:  5 blob.dsm07prdstr03a.store.core.windows.net;20.150.77.36;
Image: C:\Program Files\Windows Defender Advanced Threat Protection\MsSense.exe
User: NT AUTHORITY\SYSTEM"
351,MY-CAL-WIN10.my-caldera.local,22,"Dns query:
RuleName: -
UtcTime: 2024-08-20 01:21:19.118
ProcessGuid: {ca24abc9-d62f-66c3-4800-000000001d00}
ProcessId: 3432
QueryName: automatedirstrprdcus3.blob.core.windows.net
QueryStatus: 9701
QueryResults: -
Image: C:\Program Files\Windows Defender Advanced Threat Protection\MsSense.exe
User: NT AUTHORITY\SYSTEM"
352,MY-CAL-WIN10.my-caldera.local,22,"Dns query:
RuleName: -
UtcTime: 2024-08-20 01:22:29.924
ProcessGuid: {ca24abc9-efd5-66c3-400e-000000001d00}
ProcessId: 7144
QueryName: google.com
QueryStatus: 0
QueryResults: ::ffff:142.251.41.46;
Image: C:\Windows\System32\WindowsPowerShell\v1.0\powershell.exe
User: MY-CALDERA\johnny.douche"
353,MY-CAL-WIN10.my-caldera.local,22,"Dns query:
RuleName: -
UtcTime: 2024-08-20 01:16:01.683
ProcessGuid: {ca24abc9-ee4d-66c3-ba0a-000000001d00}
ProcessId: 9900
QueryName: otelrules.svc.static.microsoft
QueryStatus: 1460
QueryResults: -
Image: C:\Program Files (x86)\Microsoft Office\root\Office16\EXCEL.EXE
User: MY-CALDERA\johnny.douche"
354,MY-CAL-WIN10.my-caldera.local,22,"Dns query:
RuleName: -
UtcTime: 2024-08-20 01:17:04.957
ProcessGuid: {ca24abc9-d62f-66c3-4800-000000001d00}
ProcessId: 3432
QueryName: www.autoitscript.com
QueryStatus: 9701
QueryResults: -
Image: C:\Program Files\Windows Defender Advanced Threat Protection\MsSense.exe
User: NT AUTHORITY\SYSTEM"
355,MY-CAL-WIN10.my-caldera.local,22,"Dns query:
RuleName: -
UtcTime: 2024-08-20 01:19:01.616
ProcessGuid: {ca24abc9-d62b-66c3-2600-000000001d00}
ProcessId: 1808
QueryName: _kerberos._tcp.Default-First-Site-Name._sites.dc._msdcs.MY-CALDERA.LOCAL.
QueryStatus: 1460
QueryResults: -
Image: C:\Windows\System32\svchost.exe
User: NT AUTHORITY\NETWORK SERVICE"
356,MY-CAL-WIN10.my-caldera.local,22,"Dns query:
RuleName: -
UtcTime: 2024-08-20 01:25:53.821
ProcessGuid: {ca24abc9-f09f-66c3-bd0e-000000001d00}
ProcessId: 1552
QueryName: raw.githubusercontent.com
QueryStatus: 0
QueryResults: ::ffff:185.199.108.133;::ffff:185.199.110.133;::ffff:185.199.111.133;::ffff:185.199.109.133;
Image: C:\Windows\System32\WindowsPowerShell\v1.0\powershell.exe
User: MY-CALDERA\johnny.douche"
357,MY-CAL-WIN10.my-caldera.local,22,"Dns query:
RuleName: -
UtcTime: 2024-08-20 01:30:42.376
ProcessGuid: {ca24abc9-d62f-66c3-4800-000000001d00}
ProcessId: 3432
QueryName: example.com
QueryStatus: 0
QueryResults: 93.184.215.14;
Image: C:\Program Files\Windows Defender Advanced Threat Protection\MsSense.exe
User: NT AUTHORITY\SYSTEM"
358,MY-CAL-WIN10.my-caldera.local,22,"Dns query:
RuleName: -
UtcTime: 2024-08-20 01:30:56.362
ProcessGuid: {ca24abc9-f1cf-66c3-430f-000000001d00}
ProcessId: 10592
QueryName: raw.githubusercontent.com
QueryStatus: 0
QueryResults: ::ffff:185.199.108.133;::ffff:185.199.110.133;::ffff:185.199.111.133;::ffff:185.199.109.133;
Image: C:\Windows\System32\WindowsPowerShell\v1.0\powershell.exe
User: MY-CALDERA\johnny.douche"
359,MY-CAL-WIN10.my-caldera.local,22,"Dns query:
RuleName: -
UtcTime: 2024-08-20 01:36:56.288
ProcessGuid: {ca24abc9-f331-66c3-b80f-000000001d00}
ProcessId: 5404
QueryName: support.content.office.net
QueryStatus: 0
QueryResults: type:  5 support.content.office.net.edgekey.net;type:  5 e12627.g.akamaiedge.net;::ffff:23.204.12.219;
Image: C:\Program Files (x86)\Microsoft Office\root\Office16\WINWORD.EXE
User: MY-CALDERA\johnny.douche"
360,MY-CAL-WIN10.my-caldera.local,22,"Dns query:
RuleName: -
UtcTime: 2024-08-20 01:16:16.319
ProcessGuid: {ca24abc9-ee5f-66c3-bf0a-000000001d00}
ProcessId: 6096
QueryName: support.content.office.net
QueryStatus: 1460
QueryResults: -
Image: C:\Program Files (x86)\Microsoft Office\root\Office16\EXCEL.EXE
User: MY-CALDERA\johnny.douche"
361,MY-CAL-WIN10.my-caldera.local,22,"Dns query:
RuleName: -
UtcTime: 2024-08-20 01:16:56.958
ProcessGuid: {ca24abc9-ee69-66c3-c30a-000000001d00}
ProcessId: 2300
QueryName: metadata.templates.cdn.office.net
QueryStatus: 1460
QueryResults: -
Image: C:\Program Files (x86)\Microsoft Office\root\Office16\WINWORD.EXE
User: MY-CALDERA\johnny.douche"
362,MY-CAL-WIN10.my-caldera.local,22,"Dns query:
RuleName: -
UtcTime: 2024-08-20 01:17:02.785
ProcessGuid: {ca24abc9-ee73-66c3-c70a-000000001d00}
ProcessId: 9220
QueryName: MY-CAL-WIN10
QueryStatus: 0
QueryResults: fe80::b523:a2e6:d54c:210a;fe80::e780:23dd:6c8c:c7a8;fe80::3a82:bcc3:184c:5cc2;::ffff:192.168.56.1;::ffff:169.254.132.157;::ffff:172.16.26.234;
Image: C:\Program Files (x86)\Microsoft Office\root\Office16\MSPUB.EXE
User: MY-CALDERA\johnny.douche"
363,MY-CAL-WIN10.my-caldera.local,22,"Dns query:
RuleName: -
UtcTime: 2024-08-20 01:18:44.491
ProcessGuid: {ca24abc9-d62b-66c3-2600-000000001d00}
ProcessId: 1808
QueryName: allports.exposed
QueryStatus: 1460
QueryResults: -
Image: C:\Windows\System32\svchost.exe
User: NT AUTHORITY\NETWORK SERVICE"
364,MY-CAL-WIN10.my-caldera.local,22,"Dns query:
RuleName: -
UtcTime: 2024-08-20 01:24:43.151
ProcessGuid: {ca24abc9-d62b-66c3-2600-000000001d00}
ProcessId: 1808
QueryName: Target
QueryStatus: 9003
QueryResults: -
Image: C:\Windows\System32\svchost.exe
User: NT AUTHORITY\NETWORK SERVICE"
365,MY-CAL-WIN10.my-caldera.local,22,"Dns query:
RuleName: -
UtcTime: 2024-08-20 01:40:34.145
ProcessGuid: {ca24abc9-f411-66c3-9910-000000001d00}
ProcessId: 11520
QueryName: raw.githubusercontent.com
QueryStatus: 0
QueryResults: ::ffff:185.199.108.133;::ffff:185.199.110.133;::ffff:185.199.111.133;::ffff:185.199.109.133;
Image: C:\Windows\System32\WindowsPowerShell\v1.0\powershell.exe
User: MY-CALDERA\johnny.douche"
366,MY-CAL-WIN10.my-caldera.local,22,"Dns query:
RuleName: -
UtcTime: 2024-08-20 01:30:49.439
ProcessGuid: {ca24abc9-d62f-66c3-4800-000000001d00}
ProcessId: 3432
QueryName: wsus2westprod.blob.core.windows.net
QueryStatus: 9701
QueryResults: -
Image: C:\Program Files\Windows Defender Advanced Threat Protection\MsSense.exe
User: NT AUTHORITY\SYSTEM"
367,MY-CAL-WIN10.my-caldera.local,22,"Dns query:
RuleName: -
UtcTime: 2024-08-20 01:31:01.054
ProcessGuid: {ca24abc9-f1d4-66c3-480f-000000001d00}
ProcessId: 8368
QueryName: raw.githubusercontent.com
QueryStatus: 0
QueryResults: ::ffff:185.199.108.133;::ffff:185.199.110.133;::ffff:185.199.111.133;::ffff:185.199.109.133;
Image: C:\Windows\System32\WindowsPowerShell\v1.0\powershell.exe
User: MY-CALDERA\johnny.douche"
368,MY-CAL-WIN10.my-caldera.local,22,"Dns query:
RuleName: -
UtcTime: 2024-08-20 01:36:05.143
ProcessGuid: {ca24abc9-f300-66c3-860f-000000001d00}
ProcessId: 6576
QueryName: dns.google.com
QueryStatus: 0
QueryResults: ::ffff:8.8.4.4;::ffff:8.8.8.8;
Image: C:\Windows\System32\WindowsPowerShell\v1.0\powershell.exe
User: MY-CALDERA\johnny.douche"
369,MY-CAL-WIN10.my-caldera.local,22,"Dns query:
RuleName: -
UtcTime: 2024-08-20 01:45:54.240
ProcessGuid: {ca24abc9-d62f-66c3-4800-000000001d00}
ProcessId: 3432
QueryName: binaries.templates.cdn.office.net
QueryStatus: 0
QueryResults: type:  5 binaries.templates.cdn.office.net.edgesuite.net;type:  5 a1847.dscg2.akamai.net;23.201.34.169;23.201.34.166;
Image: C:\Program Files\Windows Defender Advanced Threat Protection\MsSense.exe
User: NT AUTHORITY\SYSTEM"
370,MY-CAL-WIN10.my-caldera.local,22,"Dns query:
RuleName: -
UtcTime: 2024-08-20 01:47:18.827
ProcessGuid: {ca24abc9-f59c-66c3-4d11-000000001d00}
ProcessId: 9612
QueryName: raw.githubusercontent.com
QueryStatus: 0
QueryResults: ::ffff:185.199.108.133;::ffff:185.199.110.133;::ffff:185.199.111.133;::ffff:185.199.109.133;
Image: C:\Windows\System32\WindowsPowerShell\v1.0\powershell.exe
User: MY-CALDERA\johnny.douche"
371,MY-CAL-WIN10.my-caldera.local,22,"Dns query:
RuleName: -
UtcTime: 2024-08-20 01:47:38.952
ProcessGuid: {ca24abc9-f5a7-66c3-4f11-000000001d00}
ProcessId: 4272
QueryName: augloop.office.com
QueryStatus: 0
QueryResults: type:  5 augloop-prod.trafficmanager.net;type:  5 augloop-prod-pa01.centralus.cloudapp.azure.com;::ffff:52.111.227.12;
Image: C:\Program Files (x86)\Microsoft Office\root\Office16\WINWORD.EXE
User: MY-CALDERA\johnny.douche"
372,MY-CAL-WIN10.my-caldera.local,22,"Dns query:
RuleName: -
UtcTime: 2024-08-20 01:50:24.043
ProcessGuid: {ca24abc9-f65e-66c3-8a11-000000001d00}
ProcessId: 16364
QueryName: raw.githubusercontent.com
QueryStatus: 0
QueryResults: ::ffff:185.199.108.133;::ffff:185.199.110.133;::ffff:185.199.111.133;::ffff:185.199.109.133;
Image: C:\Windows\System32\WindowsPowerShell\v1.0\powershell.exe
User: MY-CALDERA\johnny.douche"
373,MY-CAL-WIN10.my-caldera.local,22,"Dns query:
RuleName: -
UtcTime: 2024-08-20 01:10:33.244
ProcessGuid: {ca24abc9-d62b-66c3-2600-000000001d00}
ProcessId: 1808
QueryName: wpad.my-caldera.local
QueryStatus: 1223
QueryResults: -
Image: C:\Windows\System32\svchost.exe
User: NT AUTHORITY\NETWORK SERVICE"
374,MY-CAL-WIN10.my-caldera.local,22,"Dns query:
RuleName: -
UtcTime: 2024-08-20 01:10:33.294
ProcessGuid: {ca24abc9-d624-66c3-0c00-000000001d00}
ProcessId: 788
QueryName: MY-CAL-WIN10
QueryStatus: 0
QueryResults: 192.168.56.1;169.254.132.157;172.16.26.234;
Image: C:\Windows\System32\lsass.exe
User: NT AUTHORITY\SYSTEM"
375,MY-CAL-WIN10.my-caldera.local,22,"Dns query:
RuleName: -
UtcTime: 2024-08-20 01:12:25.624
ProcessGuid: {ca24abc9-ed6e-66c3-550a-000000001d00}
ProcessId: 7072
QueryName: raw.githubusercontent.com
QueryStatus: 1460
QueryResults: -
Image: <unknown process>
User: MY-CALDERA\johnny.douche"
376,MY-CAL-WIN10.my-caldera.local,22,"Dns query:
RuleName: -
UtcTime: 2024-08-20 01:13:13.213
ProcessGuid: {ca24abc9-eda7-66c3-7e0a-000000001d00}
ProcessId: 8864
QueryName: MY-CAL-DC
QueryStatus: 0
QueryResults: fe80::d0df:4cbf:efa5:4c1d;::ffff:172.16.26.226;
Image: C:\Windows\System32\WindowsPowerShell\v1.0\powershell.exe
User: MY-CALDERA\johnny.douche"
377,MY-CAL-WIN10.my-caldera.local,22,"Dns query:
RuleName: -
UtcTime: 2024-08-20 00:36:16.587
ProcessGuid: {ca24abc9-e500-66c3-7307-000000001d00}
ProcessId: 5812
QueryName: raw.githubusercontent.com
QueryStatus: 0
QueryResults: ::ffff:185.199.110.133;::ffff:185.199.108.133;::ffff:185.199.109.133;::ffff:185.199.111.133;
Image: C:\Windows\System32\WindowsPowerShell\v1.0\powershell.exe
User: MY-CALDERA\johnny.douche"
378,MY-CAL-WIN10.my-caldera.local,22,"Dns query:
RuleName: -
UtcTime: 2024-08-20 00:36:39.114
ProcessGuid: {ca24abc9-e512-66c3-8d07-000000001d00}
ProcessId: 8888
QueryName: www.powershellgallery.com
QueryStatus: 9701
QueryResults: -
Image: C:\Windows\System32\WindowsPowerShell\v1.0\powershell.exe
User: MY-CALDERA\johnny.douche"
379,MY-CAL-WIN10.my-caldera.local,22,"Dns query:
RuleName: -
UtcTime: 2024-08-20 00:37:36.472
ProcessGuid: {ca24abc9-e54f-66c3-c107-000000001d00}
ProcessId: 9632
QueryName: github.com
QueryStatus: 9701
QueryResults: -
Image: C:\Windows\System32\WindowsPowerShell\v1.0\powershell.exe
User: MY-CALDERA\johnny.douche"
380,MY-CAL-WIN10.my-caldera.local,22,"Dns query:
RuleName: -
UtcTime: 2024-08-20 00:38:33.360
ProcessGuid: {ca24abc9-e588-66c3-f607-000000001d00}
ProcessId: 9284
QueryName: github.com
QueryStatus: 9701
QueryResults: -
Image: C:\Windows\System32\WindowsPowerShell\v1.0\powershell.exe
User: MY-CALDERA\johnny.douche"
381,MY-CAL-WIN10.my-caldera.local,22,"Dns query:
RuleName: -
UtcTime: 2024-08-20 00:38:39.079
ProcessGuid: {ca24abc9-e58e-66c3-0808-000000001d00}
ProcessId: 11204
QueryName: github.com
QueryStatus: 9701
QueryResults: -
Image: C:\Windows\System32\WindowsPowerShell\v1.0\powershell.exe
User: MY-CALDERA\johnny.douche"
382,MY-CAL-WIN10.my-caldera.local,22,"Dns query:
RuleName: -
UtcTime: 2024-08-20 02:38:39.294
ProcessGuid: {ca24abc9-01af-66c4-a516-000000001d00}
ProcessId: 15464
QueryName: MY-CAL-dc
QueryStatus: 0
QueryResults: fe80::d0df:4cbf:efa5:4c1d;::ffff:172.16.26.226;
Image: C:\Windows\System32\net.exe
User: MY-CALDERA\johnny.douche"
383,MY-CAL-WIN10.my-caldera.local,22,"Dns query:
RuleName: -
UtcTime: 2024-08-20 02:38:56.628
ProcessGuid: {ca24abc9-01b3-66c4-a616-000000001d00}
ProcessId: 7712
QueryName: MY-CALDERA.LOCAL
QueryStatus: 1460
QueryResults: -
Image: C:\Windows\System32\WindowsPowerShell\v1.0\powershell.exe
User: MY-CALDERA\johnny.douche"
384,MY-CAL-WIN10.my-caldera.local,22,"Dns query:
RuleName: -
UtcTime: 2024-08-20 02:15:46.956
ProcessGuid: {ca24abc9-fc51-66c3-c613-000000001d00}
ProcessId: 5628
QueryName: raw.githubusercontent.com
QueryStatus: 0
QueryResults: ::ffff:185.199.108.133;::ffff:185.199.110.133;::ffff:185.199.111.133;::ffff:185.199.109.133;
Image: C:\Windows\System32\WindowsPowerShell\v1.0\powershell.exe
User: MY-CALDERA\johnny.douche"
385,MY-CAL-WIN10.my-caldera.local,22,"Dns query:
RuleName: -
UtcTime: 2024-08-20 02:23:37.731
ProcessGuid: {ca24abc9-fe28-66c3-c915-000000001d00}
ProcessId: 16036
QueryName: raw.githubusercontent.com
QueryStatus: 1460
QueryResults: -
Image: C:\Windows\System32\WindowsPowerShell\v1.0\powershell.exe
User: MY-CALDERA\johnny.douche"
386,MY-CAL-WIN10.my-caldera.local,22,"Dns query:
RuleName: -
UtcTime: 2024-08-20 02:23:57.779
ProcessGuid: {ca24abc9-fe32-66c3-e015-000000001d00}
ProcessId: 11152
QueryName: _ldap._tcp.Default-First-Site-Name._sites.MY-CALDERA.
QueryStatus: 1460
QueryResults: -
Image: C:\AtomicRedTeam\ExternalPayloads\AdFind.exe
User: MY-CALDERA\johnny.douche"
387,MY-CAL-WIN10.my-caldera.local,22,"Dns query:
RuleName: -
UtcTime: 2024-08-20 00:39:55.379
ProcessGuid: {ca24abc9-e5cf-66c3-5d08-000000001d00}
ProcessId: 5360
QueryName: dl.google.com
QueryStatus: 1460
QueryResults: -
Image: C:\Windows\System32\WindowsPowerShell\v1.0\powershell.exe
User: MY-CALDERA\johnny.douche"
388,MY-CAL-WIN10.my-caldera.local,22,"Dns query:
RuleName: -
UtcTime: 2024-08-20 00:39:57.296
ProcessGuid: {ca24abc9-e5dc-66c3-6308-000000001d00}
ProcessId: 5756
QueryName: get.geo.opera.com
QueryStatus: 9701
QueryResults: -
Image: C:\Windows\System32\WindowsPowerShell\v1.0\powershell.exe
User: MY-CALDERA\johnny.douche"
389,MY-CAL-WIN10.my-caldera.local,22,"Dns query:
RuleName: -
UtcTime: 2024-08-20 00:43:22.315
ProcessGuid: {ca24abc9-d62b-66c3-2600-000000001d00}
ProcessId: 1808
QueryName: aka.ms
QueryStatus: 1460
QueryResults: -
Image: C:\Windows\System32\svchost.exe
User: NT AUTHORITY\NETWORK SERVICE"
390,MY-CAL-WIN10.my-caldera.local,22,"Dns query:
RuleName: -
UtcTime: 2024-08-20 00:44:09.561
ProcessGuid: {ca24abc9-e6d9-66c3-c708-000000001d00}
ProcessId: 11092
QueryName: raw.githubusercontent.com
QueryStatus: 9701
QueryResults: -
Image: C:\Windows\System32\WindowsPowerShell\v1.0\powershell.exe
User: MY-CALDERA\johnny.douche"
391,MY-CAL-WIN10.my-caldera.local,22,"Dns query:
RuleName: -
UtcTime: 2024-08-20 00:44:08.003
ProcessGuid: {ca24abc9-d62b-66c3-2600-000000001d00}
ProcessId: 1808
QueryName: raw.githubusercontent.com
QueryStatus: 1460
QueryResults: -
Image: C:\Windows\System32\svchost.exe
User: NT AUTHORITY\NETWORK SERVICE"
392,MY-CAL-WIN10.my-caldera.local,22,"Dns query:
RuleName: -
UtcTime: 2024-08-20 00:44:08.004
ProcessGuid: {ca24abc9-e6d1-66c3-c308-000000001d00}
ProcessId: 9616
QueryName: raw.githubusercontent.com
QueryStatus: 1460
QueryResults: -
Image: C:\Windows\System32\WindowsPowerShell\v1.0\powershell.exe
User: MY-CALDERA\johnny.douche"
393,MY-CAL-WIN10.my-caldera.local,22,"Dns query:
RuleName: -
UtcTime: 2024-08-20 02:18:33.016
ProcessGuid: {ca24abc9-d624-66c3-0c00-000000001d00}
ProcessId: 788
QueryName: _ldap._tcp.Default-First-Site-Name._sites.dc._msdcs.MY-CAL-WIN10
QueryStatus: 1460
QueryResults: -
Image: C:\Windows\System32\lsass.exe
User: NT AUTHORITY\SYSTEM"
394,MY-CAL-WIN10.my-caldera.local,22,"Dns query:
RuleName: -
UtcTime: 2024-08-20 02:20:11.198
ProcessGuid: {ca24abc9-fd5a-66c3-7815-000000001d00}
ProcessId: 11800
QueryName: bing.com
QueryStatus: 1460
QueryResults: -
Image: C:\Windows\System32\PING.EXE
User: MY-CALDERA\johnny.douche"
395,MY-CAL-WIN10.my-caldera.local,22,"Dns query:
RuleName: -
UtcTime: 2024-08-20 02:23:23.807
ProcessGuid: {ca24abc9-fe19-66c3-c515-000000001d00}
ProcessId: 15680
QueryName: my-caldera.local
QueryStatus: 1460
QueryResults: -
Image: C:\Windows\System32\WindowsPowerShell\v1.0\powershell.exe
User: MY-CALDERA\johnny.douche"
396,MY-CAL-WIN10.my-caldera.local,22,"Dns query:
RuleName: -
UtcTime: 2024-08-20 02:30:41.489
ProcessGuid: {ca24abc9-ffc5-66c3-3916-000000001d00}
ProcessId: 13004
QueryName: raw.githubusercontent.com
QueryStatus: 1460
QueryResults: -
Image: C:\Windows\System32\WindowsPowerShell\v1.0\powershell.exe
User: MY-CALDERA\johnny.douche"
397,MY-CAL-WIN10.my-caldera.local,22,"Dns query:
RuleName: -
UtcTime: 2024-08-20 02:38:23.922
ProcessGuid: {ca24abc9-d62b-66c3-2600-000000001d00}
ProcessId: 1808
QueryName: MY-CAL-DC.my-caldera.local
QueryStatus: 1460
QueryResults: -
Image: C:\Windows\System32\svchost.exe
User: NT AUTHORITY\NETWORK SERVICE"
398,MY-CAL-WIN10.my-caldera.local,22,"Dns query:
RuleName: -
UtcTime: 2024-08-20 02:38:23.990
ProcessGuid: {ca24abc9-0199-66c4-a216-000000001d00}
ProcessId: 11660
QueryName: MY-CAL-dc
QueryStatus: 0
QueryResults: fe80::d0df:4cbf:efa5:4c1d;::ffff:172.16.26.226;
Image: C:\Windows\System32\net.exe
User: MY-CALDERA\johnny.douche"
399,MY-CAL-WIN10.my-caldera.local,22,"Dns query:
RuleName: -
UtcTime: 2024-08-20 02:38:55.604
ProcessGuid: {ca24abc9-01b3-66c4-a616-000000001d00}
ProcessId: 7712
QueryName: _ldap._tcp.Default-First-Site-Name._sites.MY-CALDERA.LOCAL.
QueryStatus: 1460
QueryResults: -
Image: C:\Windows\System32\WindowsPowerShell\v1.0\powershell.exe
User: MY-CALDERA\johnny.douche"
400,MY-CAL-WIN10.my-caldera.local,22,"Dns query:
RuleName: -
UtcTime: 2024-08-20 02:40:54.483
ProcessGuid: {ca24abc9-0235-66c4-b716-000000001d00}
ProcessId: 4488
QueryName: raw.githubusercontent.com
QueryStatus: 1460
QueryResults: -
Image: C:\Windows\System32\WindowsPowerShell\v1.0\powershell.exe
User: MY-CALDERA\johnny.douche"
401,MY-CAL-WIN10.my-caldera.local,22,"Dns query:
RuleName: -
UtcTime: 2024-08-20 02:42:25.421
ProcessGuid: {ca24abc9-d6a6-66c3-9d00-000000001d00}
ProcessId: 3324
QueryName: cdn.onenote.net
QueryStatus: 1460
QueryResults: -
Image: C:\Windows\System32\svchost.exe
User: MY-CALDERA\johnny.douche"
402,MY-CAL-WIN10.my-caldera.local,22,"Dns query:
RuleName: -
UtcTime: 2024-08-20 02:37:57.777
ProcessGuid: {ca24abc9-0178-66c4-9016-000000001d00}
ProcessId: 14788
QueryName: raw.githubusercontent.com
QueryStatus: 1460
QueryResults: -
Image: C:\Windows\System32\WindowsPowerShell\v1.0\powershell.exe
User: MY-CALDERA\johnny.douche"
403,MY-CAL-WIN10.my-caldera.local,22,"Dns query:
RuleName: -
UtcTime: 2024-08-20 02:37:58.852
ProcessGuid: {ca24abc9-0186-66c4-9616-000000001d00}
ProcessId: 11992
QueryName: raw.githubusercontent.com
QueryStatus: 1460
QueryResults: -
Image: C:\Windows\System32\WindowsPowerShell\v1.0\powershell.exe
User: MY-CALDERA\johnny.douche"
404,MY-CAL-WIN10.my-caldera.local,22,"Dns query:
RuleName: -
UtcTime: 2024-08-20 02:37:59.746
ProcessGuid: {ca24abc9-0187-66c4-9816-000000001d00}
ProcessId: 13376
QueryName: raw.githubusercontent.com
QueryStatus: 1460
QueryResults: -
Image: C:\Windows\System32\WindowsPowerShell\v1.0\powershell.exe
User: MY-CALDERA\johnny.douche"
405,MY-CAL-WIN10.my-caldera.local,22,"Dns query:
RuleName: -
UtcTime: 2024-08-20 02:38:12.912
ProcessGuid: {ca24abc9-0189-66c4-a116-000000001d00}
ProcessId: 10424
QueryName: MY-CAL-dc
QueryStatus: 0
QueryResults: fe80::d0df:4cbf:efa5:4c1d;::ffff:172.16.26.226;
Image: C:\Windows\System32\net.exe
User: MY-CALDERA\johnny.douche"
406,MY-CAL-WIN10.my-caldera.local,22,"Dns query:
RuleName: -
UtcTime: 2024-08-20 02:38:28.210
ProcessGuid: {ca24abc9-01a4-66c4-a316-000000001d00}
ProcessId: 11184
QueryName: MY-CAL-dc
QueryStatus: 0
QueryResults: fe80::d0df:4cbf:efa5:4c1d;::ffff:172.16.26.226;
Image: C:\Windows\System32\net.exe
User: MY-CALDERA\johnny.douche"
407,MY-CAL-WIN10.my-caldera.local,22,"Dns query:
RuleName: -
UtcTime: 2024-08-20 02:41:21.216
ProcessGuid: {ca24abc9-0236-66c4-b916-000000001d00}
ProcessId: 9992
QueryName: _ldap._tcp.Default-First-Site-Name._sites.MY-CALDERA.LOCAL.
QueryStatus: 1460
QueryResults: -
Image: C:\Windows\System32\WindowsPowerShell\v1.0\powershell.exe
User: MY-CALDERA\johnny.douche"
408,MY-CAL-WIN10.my-caldera.local,22,"Dns query:
RuleName: -
UtcTime: 2024-08-20 02:31:16.754
ProcessGuid: {ca24abc9-fff4-66c3-5616-000000001d00}
ProcessId: 12332
QueryName: www.example.com
QueryStatus: 1460
QueryResults: -
Image: C:\Windows\System32\curl.exe
User: MY-CALDERA\johnny.douche"
409,MY-CAL-WIN10.my-caldera.local,22,"Dns query:
RuleName: -
UtcTime: 2024-08-20 02:31:17.244
ProcessGuid: {ca24abc9-fff5-66c3-5a16-000000001d00}
ProcessId: 12428
QueryName: github.com
QueryStatus: 1460
QueryResults: -
Image: C:\Windows\System32\cmdl32.exe
User: MY-CALDERA\johnny.douche"
410,MY-CAL-WIN10.my-caldera.local,22,"Dns query:
RuleName: -
UtcTime: 2024-08-20 01:17:02.780
ProcessGuid: {ca24abc9-d624-66c3-0c00-000000001d00}
ProcessId: 788
QueryName: _gc._tcp.Default-First-Site-Name._sites.my-caldera.local.
QueryStatus: 1460
QueryResults: -
Image: C:\Windows\System32\lsass.exe
User: NT AUTHORITY\SYSTEM"
411,MY-CAL-WIN10.my-caldera.local,22,"Dns query:
RuleName: -
UtcTime: 2024-08-20 01:17:07.925
ProcessGuid: {ca24abc9-ee8c-66c3-d80a-000000001d00}
ProcessId: 5568
QueryName: omex.cdn.office.net
QueryStatus: 1460
QueryResults: -
Image: C:\Program Files (x86)\Microsoft Office\root\Office16\OUTLOOK.EXE
User: MY-CALDERA\johnny.douche"
412,MY-CAL-WIN10.my-caldera.local,22,"Dns query:
RuleName: -
UtcTime: 2024-08-20 01:21:25.691
ProcessGuid: {ca24abc9-ef66-66c3-110b-000000001d00}
ProcessId: 3696
QueryName: wsus1westprod.blob.core.windows.net
QueryStatus: 0
QueryResults: type:  5 blob.sjc22prdstr07c.store.core.windows.net;::ffff:20.60.232.193;
Image: C:\Program Files\Windows Defender Advanced Threat Protection\SenseIR.exe
User: NT AUTHORITY\SYSTEM"
413,MY-CAL-WIN10.my-caldera.local,22,"Dns query:
RuleName: -
UtcTime: 2024-08-20 01:21:26.169
ProcessGuid: {ca24abc9-d62f-66c3-4800-000000001d00}
ProcessId: 3432
QueryName: wsus1westprod.blob.core.windows.net
QueryStatus: 0
QueryResults: type:  5 blob.sjc22prdstr07c.store.core.windows.net;20.60.232.193;
Image: C:\Program Files\Windows Defender Advanced Threat Protection\MsSense.exe
User: NT AUTHORITY\SYSTEM"
414,MY-CAL-WIN10.my-caldera.local,22,"Dns query:
RuleName: -
UtcTime: 2024-08-20 02:02:24.594
ProcessGuid: {ca24abc9-f92d-66c3-2712-000000001d00}
ProcessId: 14592
QueryName: raw.githubusercontent.com
QueryStatus: 0
QueryResults: ::ffff:185.199.108.133;::ffff:185.199.110.133;::ffff:185.199.111.133;::ffff:185.199.109.133;
Image: C:\Windows\System32\WindowsPowerShell\v1.0\powershell.exe
User: MY-CALDERA\johnny.douche"
415,MY-CAL-WIN10.my-caldera.local,22,"Dns query:
RuleName: -
UtcTime: 2024-08-20 02:05:55.874
ProcessGuid: {ca24abc9-d62b-66c3-2600-000000001d00}
ProcessId: 1808
QueryName: _ldap._tcp.Default-First-Site-Name._sites.MY-CALDERA.
QueryStatus: 1460
QueryResults: -
Image: C:\Windows\System32\svchost.exe
User: NT AUTHORITY\NETWORK SERVICE"
416,MY-CAL-WIN10.my-caldera.local,22,"Dns query:
RuleName: -
UtcTime: 2024-08-20 02:07:21.092
ProcessGuid: {ca24abc9-d62b-66c3-2600-000000001d00}
ProcessId: 1808
QueryName: _ldap._tcp.Default-First-Site-Name._sites.MY-CAL-WIN10.my-caldera.local
QueryStatus: 1460
QueryResults: -
Image: C:\Windows\System32\svchost.exe
User: NT AUTHORITY\NETWORK SERVICE"
417,MY-CAL-WIN10.my-caldera.local,22,"Dns query:
RuleName: -
UtcTime: 2024-08-20 02:13:19.472
ProcessGuid: {ca24abc9-d62f-66c3-4800-000000001d00}
ProcessId: 3432
QueryName: www.example.com
QueryStatus: 9701
QueryResults: -
Image: C:\Program Files\Windows Defender Advanced Threat Protection\MsSense.exe
User: NT AUTHORITY\SYSTEM"
418,MY-CAL-WIN10.my-caldera.local,22,"Dns query:
RuleName: -
UtcTime: 2024-08-20 02:46:42.425
ProcessGuid: {ca24abc9-0385-66c4-e017-000000001d00}
ProcessId: 15204
QueryName: raw.githubusercontent.com
QueryStatus: 1460
QueryResults: -
Image: C:\Windows\System32\WindowsPowerShell\v1.0\powershell.exe
User: MY-CALDERA\johnny.douche"
419,MY-CAL-WIN10.my-caldera.local,22,"Dns query:
RuleName: -
UtcTime: 2024-08-20 02:53:45.716
ProcessGuid: {ca24abc9-0532-66c4-7218-000000001d00}
ProcessId: 2224
QueryName: raw.githubusercontent.com
QueryStatus: 1460
QueryResults: -
Image: C:\Windows\System32\WindowsPowerShell\v1.0\powershell.exe
User: MY-CALDERA\johnny.douche"
420,MY-CAL-WIN10.my-caldera.local,22,"Dns query:
RuleName: -
UtcTime: 2024-08-20 02:56:57.158
ProcessGuid: {ca24abc9-05e0-66c4-a418-000000001d00}
ProcessId: 13332
QueryName: otelrules.svc.static.microsoft
QueryStatus: 1460
QueryResults: -
Image: C:\Program Files (x86)\Microsoft Office\root\Office16\EXCEL.EXE
User: MY-CALDERA\johnny.douche"
421,MY-CAL-WIN10.my-caldera.local,22,"Dns query:
RuleName: -
UtcTime: 2024-08-20 02:57:58.215
ProcessGuid: {ca24abc9-0620-66c4-b718-000000001d00}
ProcessId: 11256
QueryName: uci.edog.cdn.office.net
QueryStatus: 1460
QueryResults: -
Image: C:\Program Files (x86)\Microsoft Office\root\Office16\POWERPNT.EXE
User: MY-CALDERA\johnny.douche"
422,MY-CAL-WIN10.my-caldera.local,22,"Dns query:
RuleName: -
UtcTime: 2024-08-20 02:58:16.152
ProcessGuid: {ca24abc9-063b-66c4-d118-000000001d00}
ProcessId: 2816
QueryName: raw.githubusercontent.com
QueryStatus: 1460
QueryResults: -
Image: C:\Windows\System32\svchost.exe
User: NT AUTHORITY\SYSTEM"
423,MY-CAL-WIN10.my-caldera.local,22,"Dns query:
RuleName: -
UtcTime: 2024-08-20 01:10:29.178
ProcessGuid: {ca24abc9-d62c-66c3-3b00-000000001d00}
ProcessId: 2964
QueryName: MY-CAL-WIN10
QueryStatus: 0
QueryResults: 169.254.132.157;172.16.26.234;
Image: C:\Windows\System32\spoolsv.exe
User: NT AUTHORITY\SYSTEM"
424,MY-CAL-WIN10.my-caldera.local,22,"Dns query:
RuleName: -
UtcTime: 2024-08-20 01:10:29.178
ProcessGuid: {ca24abc9-d62c-66c3-3b00-000000001d00}
ProcessId: 2964
QueryName: MY-CAL-WIN10
QueryStatus: 0
QueryResults: fe80::b523:a2e6:d54c:210a;fe80::e780:23dd:6c8c:c7a8;fe80::3a82:bcc3:184c:5cc2;
Image: C:\Windows\System32\spoolsv.exe
User: NT AUTHORITY\SYSTEM"
425,MY-CAL-WIN10.my-caldera.local,22,"Dns query:
RuleName: -
UtcTime: 2024-08-20 01:11:38.540
ProcessGuid: {ca24abc9-ed49-66c3-260a-000000001d00}
ProcessId: 7844
QueryName: raw.githubusercontent.com
QueryStatus: 1460
QueryResults: -
Image: C:\Windows\System32\WindowsPowerShell\v1.0\powershell.exe
User: MY-CALDERA\johnny.douche"
426,MY-CAL-WIN10.my-caldera.local,22,"Dns query:
