RuleName: -
UtcTime: 2024-08-20 02:41:35.845
ProcessGuid: {ca24abc9-0254-66c4-bd16-000000001d00}
ProcessId: 12840
QueryName: raw.githubusercontent.com
QueryStatus: 1460
QueryResults: -
Image: C:\Windows\System32\WindowsPowerShell\v1.0\powershell.exe
User: MY-CALDERA\johnny.douche"
571,MY-CAL-WIN10.my-caldera.local,22,"Dns query:
RuleName: -
UtcTime: 2024-08-20 01:36:40.956
ProcessGuid: {ca24abc9-f328-66c3-a60f-000000001d00}
ProcessId: 5544
QueryName: MY-CAL-DC.MY-CALDERA.LOCAL
QueryStatus: 9003
QueryResults: -
Image: C:\AtomicRedTeam\ExternalPayloads\SharpView.exe
User: MY-CALDERA\johnny.douche"
572,MY-CAL-WIN10.my-caldera.local,22,"Dns query:
RuleName: -
UtcTime: 2024-08-20 01:36:59.350
ProcessGuid: {ca24abc9-f331-66c3-b80f-000000001d00}
ProcessId: 5404
QueryName: augloop.office.com
QueryStatus: 0
QueryResults: type:  5 augloop-prod.trafficmanager.net;type:  5 augloop-prod-pc03.northcentralus.cloudapp.azure.com;::ffff:52.109.16.87;
Image: C:\Program Files (x86)\Microsoft Office\root\Office16\WINWORD.EXE
User: MY-CALDERA\johnny.douche"
573,MY-CAL-WIN10.my-caldera.local,22,"Dns query:
RuleName: -
UtcTime: 2024-08-20 01:36:59.669
ProcessGuid: {ca24abc9-d62f-66c3-4800-000000001d00}
ProcessId: 3432
QueryName: augloop.office.com
QueryStatus: 0
QueryResults: type:  5 augloop-prod.trafficmanager.net;type:  5 augloop-prod-pc03.northcentralus.cloudapp.azure.com;52.109.16.87;
Image: C:\Program Files\Windows Defender Advanced Threat Protection\MsSense.exe
User: NT AUTHORITY\SYSTEM"
574,MY-CAL-WIN10.my-caldera.local,22,"Dns query:
RuleName: -
UtcTime: 2024-08-20 01:39:09.389
ProcessGuid: {ca24abc9-d624-66c3-0c00-000000001d00}
ProcessId: 788
QueryName: MY-CALDERA
QueryStatus: 9003
QueryResults: -
Image: C:\Windows\System32\lsass.exe
User: NT AUTHORITY\SYSTEM"
575,MY-CAL-WIN10.my-caldera.local,22,"Dns query:
RuleName: -
UtcTime: 2024-08-20 01:39:19.936
ProcessGuid: {ca24abc9-f3c5-66c3-7210-000000001d00}
ProcessId: 3700
QueryName: www.example.com
QueryStatus: 0
QueryResults: ::ffff:93.184.215.14;
Image: C:\Windows\System32\WindowsPowerShell\v1.0\powershell.exe
User: MY-CALDERA\johnny.douche"
576,MY-CAL-WIN10.my-caldera.local,22,"Dns query:
RuleName: -
UtcTime: 2024-08-20 01:39:31.628
ProcessGuid: {ca24abc9-d62f-66c3-4800-000000001d00}
ProcessId: 3432
QueryName: www.example.com
QueryStatus: 0
QueryResults: 93.184.215.14;
Image: C:\Program Files\Windows Defender Advanced Threat Protection\MsSense.exe
User: NT AUTHORITY\SYSTEM"
577,MY-CAL-WIN10.my-caldera.local,22,"Dns query:
RuleName: -
UtcTime: 2024-08-20 01:39:55.909
ProcessGuid: {ca24abc9-f3eb-66c3-8810-000000001d00}
ProcessId: 1556
QueryName: raw.githubusercontent.com
QueryStatus: 0
QueryResults: ::ffff:185.199.108.133;::ffff:185.199.110.133;::ffff:185.199.111.133;::ffff:185.199.109.133;
Image: C:\Windows\System32\WindowsPowerShell\v1.0\powershell.exe
User: MY-CALDERA\johnny.douche"
578,MY-CAL-WIN10.my-caldera.local,22,"Dns query:
RuleName: -
UtcTime: 2024-08-20 01:40:12.811
ProcessGuid: {ca24abc9-f3fc-66c3-8b10-000000001d00}
ProcessId: 9460
QueryName: raw.githubusercontent.com
QueryStatus: 0
QueryResults: ::ffff:185.199.108.133;::ffff:185.199.110.133;::ffff:185.199.111.133;::ffff:185.199.109.133;
Image: C:\Windows\System32\WindowsPowerShell\v1.0\powershell.exe
User: MY-CALDERA\johnny.douche"
579,MY-CAL-WIN10.my-caldera.local,22,"Dns query:
RuleName: -
UtcTime: 2024-08-20 01:40:26.870
ProcessGuid: {ca24abc9-f40a-66c3-9210-000000001d00}
ProcessId: 11628
QueryName: raw.githubusercontent.com
QueryStatus: 0
QueryResults: ::ffff:185.199.108.133;::ffff:185.199.110.133;::ffff:185.199.111.133;::ffff:185.199.109.133;
Image: C:\Windows\System32\WindowsPowerShell\v1.0\powershell.exe
User: MY-CALDERA\johnny.douche"
580,MY-CAL-WIN10.my-caldera.local,22,"Dns query:
RuleName: -
UtcTime: 2024-08-20 01:40:49.432
ProcessGuid: {ca24abc9-f420-66c3-b710-000000001d00}
ProcessId: 6924
QueryName: raw.githubusercontent.com
QueryStatus: 0
QueryResults: ::ffff:185.199.108.133;::ffff:185.199.110.133;::ffff:185.199.111.133;::ffff:185.199.109.133;
Image: C:\Windows\System32\WindowsPowerShell\v1.0\powershell.exe
User: MY-CALDERA\johnny.douche"
581,MY-CAL-WIN10.my-caldera.local,22,"Dns query:
RuleName: -
UtcTime: 2024-08-20 02:53:21.121
ProcessGuid: {ca24abc9-051f-66c4-5918-000000001d00}
ProcessId: 3836
QueryName: raw.githubusercontent.com
QueryStatus: 1460
QueryResults: -
Image: C:\Windows\System32\WindowsPowerShell\v1.0\powershell.exe
User: MY-CALDERA\johnny.douche"
582,MY-CAL-WIN10.my-caldera.local,22,"Dns query:
RuleName: -
UtcTime: 2024-08-20 02:54:10.697
ProcessGuid: {ca24abc9-054a-66c4-8a18-000000001d00}
ProcessId: 9256
QueryName: support.content.office.net
QueryStatus: 1460
QueryResults: -
Image: C:\Program Files (x86)\Microsoft Office\root\Office16\WINWORD.EXE
User: MY-CALDERA\johnny.douche"
583,MY-CAL-WIN10.my-caldera.local,22,"Dns query:
RuleName: -
UtcTime: 2024-08-20 03:55:28.361
ProcessGuid: {ca24abc9-13ad-66c4-5c1d-000000001d00}
ProcessId: 19092
QueryName: onegetcdn.azureedge.net
QueryStatus: 0
QueryResults: type:  5 onegetcdn.ec.azureedge.net;type:  5 cs9.wpc.v0cdn.net;::ffff:72.21.81.200;
Image: C:\Windows\System32\WindowsPowerShell\v1.0\powershell.exe
User: MY-CALDERA\johnny.douche"
584,MY-CAL-WIN10.my-caldera.local,22,"Dns query:
RuleName: -
UtcTime: 2024-08-20 03:59:41.853
ProcessGuid: {ca24abc9-14a3-66c4-731d-000000001d00}
ProcessId: 19124
QueryName: secureproduction.blob.core.windows.net
QueryStatus: 9003
QueryResults: type:  6 ns1-64.azure-dns.com;
Image: C:\Windows\System32\WindowsPowerShell\v1.0\powershell.exe
User: MY-CALDERA\johnny.douche"
585,MY-CAL-WIN10.my-caldera.local,22,"Dns query:
RuleName: -
UtcTime: 2024-08-20 03:59:41.669
ProcessGuid: {ca24abc9-14a3-66c4-731d-000000001d00}
ProcessId: 19124
QueryName: prodsecure.blob.core.windows.net
QueryStatus: 9003
QueryResults: type:  6 ns1-64.azure-dns.com;
Image: C:\Windows\System32\WindowsPowerShell\v1.0\powershell.exe
User: MY-CALDERA\johnny.douche"
586,MY-CAL-WIN10.my-caldera.local,22,"Dns query:
RuleName: -
UtcTime: 2024-08-20 03:59:42.063
ProcessGuid: {ca24abc9-14a3-66c4-731d-000000001d00}
ProcessId: 19124
QueryName: secureproduct.blob.core.windows.net
QueryStatus: 9003
QueryResults: type:  6 ns1-64.azure-dns.com;
Image: C:\Windows\System32\WindowsPowerShell\v1.0\powershell.exe
User: MY-CALDERA\johnny.douche"
587,MY-CAL-WIN10.my-caldera.local,22,"Dns query:
RuleName: -
UtcTime: 2024-08-20 03:59:42.527
ProcessGuid: {ca24abc9-14a3-66c4-731d-000000001d00}
ProcessId: 19124
QueryName: rootsecure.blob.core.windows.net
QueryStatus: 9003
QueryResults: type:  6 ns1-64.azure-dns.com;
Image: C:\Windows\System32\WindowsPowerShell\v1.0\powershell.exe
User: MY-CALDERA\johnny.douche"
588,MY-CAL-WIN10.my-caldera.local,22,"Dns query:
RuleName: -
UtcTime: 2024-08-20 03:59:42.777
ProcessGuid: {ca24abc9-14a3-66c4-731d-000000001d00}
ProcessId: 19124
QueryName: securesecrets.blob.core.windows.net
QueryStatus: 9003
QueryResults: type:  6 ns1-64.azure-dns.com;
Image: C:\Windows\System32\WindowsPowerShell\v1.0\powershell.exe
User: MY-CALDERA\johnny.douche"
589,MY-CAL-WIN10.my-caldera.local,22,"Dns query:
RuleName: -
UtcTime: 2024-08-20 03:59:42.025
ProcessGuid: {ca24abc9-14a3-66c4-731d-000000001d00}
ProcessId: 19124
QueryName: productsecure.blob.core.windows.net
QueryStatus: 9003
QueryResults: type:  6 ns1-64.azure-dns.com;
Image: C:\Windows\System32\WindowsPowerShell\v1.0\powershell.exe
User: MY-CALDERA\johnny.douche"
590,MY-CAL-WIN10.my-caldera.local,22,"Dns query:
RuleName: -
UtcTime: 2024-08-20 03:59:42.217
ProcessGuid: {ca24abc9-14a3-66c4-731d-000000001d00}
ProcessId: 19124
QueryName: qasecure.blob.core.windows.net
QueryStatus: 9003
QueryResults: type:  6 ns1-64.azure-dns.com;
Image: C:\Windows\System32\WindowsPowerShell\v1.0\powershell.exe
User: MY-CALDERA\johnny.douche"
591,MY-CAL-WIN10.my-caldera.local,22,"Dns query:
RuleName: -
UtcTime: 2024-08-20 03:59:42.673
ProcessGuid: {ca24abc9-14a3-66c4-731d-000000001d00}
ProcessId: 19124
QueryName: securesecret.blob.core.windows.net
QueryStatus: 9003
QueryResults: type:  6 ns1-64.azure-dns.com;
Image: C:\Windows\System32\WindowsPowerShell\v1.0\powershell.exe
User: MY-CALDERA\johnny.douche"
592,MY-CAL-WIN10.my-caldera.local,22,"Dns query:
RuleName: -
UtcTime: 2024-08-20 03:59:41.810
ProcessGuid: {ca24abc9-14a3-66c4-731d-000000001d00}
ProcessId: 19124
QueryName: productionsecure.blob.core.windows.net
QueryStatus: 9003
QueryResults: type:  6 ns1-64.azure-dns.com;
Image: C:\Windows\System32\WindowsPowerShell\v1.0\powershell.exe
User: MY-CALDERA\johnny.douche"
593,MY-CAL-WIN10.my-caldera.local,22,"Dns query:
RuleName: -
UtcTime: 2024-08-20 03:59:42.166
ProcessGuid: {ca24abc9-14a3-66c4-731d-000000001d00}
ProcessId: 19124
QueryName: securepublic.blob.core.windows.net
QueryStatus: 9003
QueryResults: type:  6 ns1-64.azure-dns.com;
Image: C:\Windows\System32\WindowsPowerShell\v1.0\powershell.exe
User: MY-CALDERA\johnny.douche"
594,MY-CAL-WIN10.my-caldera.local,22,"Dns query:
RuleName: -
UtcTime: 2024-08-20 03:59:42.633
ProcessGuid: {ca24abc9-14a3-66c4-731d-000000001d00}
ProcessId: 19124
QueryName: secretsecure.blob.core.windows.net
QueryStatus: 9003
QueryResults: type:  6 ns1-64.azure-dns.com;
Image: C:\Windows\System32\WindowsPowerShell\v1.0\powershell.exe
User: MY-CALDERA\johnny.douche"
595,MY-CAL-WIN10.my-caldera.local,22,"Dns query:
RuleName: -
UtcTime: 2024-08-20 03:59:41.920
ProcessGuid: {ca24abc9-14a3-66c4-731d-000000001d00}
ProcessId: 19124
QueryName: productcontentsecure.blob.core.windows.net
QueryStatus: 9003
QueryResults: type:  6 ns1-64.azure-dns.com;
Image: C:\Windows\System32\WindowsPowerShell\v1.0\powershell.exe
User: MY-CALDERA\johnny.douche"
596,MY-CAL-WIN10.my-caldera.local,22,"Dns query:
RuleName: -
UtcTime: 2024-08-20 03:59:42.257
ProcessGuid: {ca24abc9-14a3-66c4-731d-000000001d00}
ProcessId: 19124
QueryName: secureqa.blob.core.windows.net
QueryStatus: 9003
QueryResults: type:  6 ns1-64.azure-dns.com;
Image: C:\Windows\System32\WindowsPowerShell\v1.0\powershell.exe
User: MY-CALDERA\johnny.douche"
597,MY-CAL-WIN10.my-caldera.local,22,"Dns query:
RuleName: -
UtcTime: 2024-08-20 03:59:42.321
ProcessGuid: {ca24abc9-14a3-66c4-731d-000000001d00}
ProcessId: 19124
QueryName: reposecure.blob.core.windows.net
QueryStatus: 9003
QueryResults: type:  6 ns1-64.azure-dns.com;
Image: C:\Windows\System32\WindowsPowerShell\v1.0\powershell.exe
User: MY-CALDERA\johnny.douche"
598,MY-CAL-WIN10.my-caldera.local,22,"Dns query:
RuleName: -
UtcTime: 2024-08-20 03:59:41.740
ProcessGuid: {ca24abc9-14a3-66c4-731d-000000001d00}
ProcessId: 19124
QueryName: secureprod.blob.core.windows.net
QueryStatus: 0
QueryResults: type:  5 blob.ams22prdstr03a.store.core.windows.net;::ffff:20.150.83.196;type:  6 ns1-05.azure-dns.com;
Image: C:\Windows\System32\WindowsPowerShell\v1.0\powershell.exe
User: MY-CALDERA\johnny.douche"
599,MY-CAL-WIN10.my-caldera.local,22,"Dns query:
RuleName: -
UtcTime: 2024-08-20 03:59:42.127
ProcessGuid: {ca24abc9-14a3-66c4-731d-000000001d00}
ProcessId: 19124
QueryName: publicsecure.blob.core.windows.net
QueryStatus: 9003
QueryResults: type:  6 ns1-64.azure-dns.com;
Image: C:\Windows\System32\WindowsPowerShell\v1.0\powershell.exe
User: MY-CALDERA\johnny.douche"
600,MY-CAL-WIN10.my-caldera.local,22,"Dns query:
RuleName: -
UtcTime: 2024-08-20 03:59:42.568
ProcessGuid: {ca24abc9-14a3-66c4-731d-000000001d00}
ProcessId: 19124
QueryName: secureroot.blob.core.windows.net
QueryStatus: 9003
QueryResults: type:  6 ns1-64.azure-dns.com;
Image: C:\Windows\System32\WindowsPowerShell\v1.0\powershell.exe
User: MY-CALDERA\johnny.douche"
601,MY-CAL-WIN10.my-caldera.local,22,"Dns query:
RuleName: -
UtcTime: 2024-08-20 03:59:41.956
ProcessGuid: {ca24abc9-14a3-66c4-731d-000000001d00}
ProcessId: 19124
QueryName: secureproductcontent.blob.core.windows.net
QueryStatus: 9003
QueryResults: type:  6 ns1-64.azure-dns.com;
Image: C:\Windows\System32\WindowsPowerShell\v1.0\powershell.exe
User: MY-CALDERA\johnny.douche"
602,MY-CAL-WIN10.my-caldera.local,22,"Dns query:
RuleName: -
UtcTime: 2024-08-20 03:59:42.735
ProcessGuid: {ca24abc9-14a3-66c4-731d-000000001d00}
ProcessId: 19124
QueryName: secretssecure.blob.core.windows.net
QueryStatus: 9003
QueryResults: type:  6 ns1-64.azure-dns.com;
Image: C:\Windows\System32\WindowsPowerShell\v1.0\powershell.exe
User: MY-CALDERA\johnny.douche"
603,MY-CAL-WIN10.my-caldera.local,22,"Dns query:
RuleName: -
UtcTime: 2024-08-20 03:59:42.361
ProcessGuid: {ca24abc9-14a3-66c4-731d-000000001d00}
ProcessId: 19124
QueryName: securerepo.blob.core.windows.net
QueryStatus: 9003
QueryResults: type:  6 ns1-64.azure-dns.com;
Image: C:\Windows\System32\WindowsPowerShell\v1.0\powershell.exe
User: MY-CALDERA\johnny.douche"
604,MY-CAL-WIN10.my-caldera.local,22,"Dns query:
RuleName: -
UtcTime: 2024-08-20 03:59:45.361
ProcessGuid: {ca24abc9-14a3-66c4-731d-000000001d00}
ProcessId: 19124
QueryName: securenorthcentralus.blob.core.windows.net
QueryStatus: 9003
QueryResults: type:  6 ns1-64.azure-dns.com;
Image: C:\Windows\System32\WindowsPowerShell\v1.0\powershell.exe
User: MY-CALDERA\johnny.douche"
605,MY-CAL-WIN10.my-caldera.local,22,"Dns query:
RuleName: -
UtcTime: 2024-08-20 03:59:45.623
ProcessGuid: {ca24abc9-14a3-66c4-731d-000000001d00}
ProcessId: 19124
QueryName: westus2secure.blob.core.windows.net
QueryStatus: 9003
QueryResults: type:  6 ns1-64.azure-dns.com;
Image: C:\Windows\System32\WindowsPowerShell\v1.0\powershell.exe
User: MY-CALDERA\johnny.douche"
606,MY-CAL-WIN10.my-caldera.local,22,"Dns query:
RuleName: -
UtcTime: 2024-08-20 03:59:45.429
ProcessGuid: {ca24abc9-14a3-66c4-731d-000000001d00}
ProcessId: 19124
QueryName: westcentralussecure.blob.core.windows.net
QueryStatus: 9003
QueryResults: type:  6 ns1-64.azure-dns.com;
Image: C:\Windows\System32\WindowsPowerShell\v1.0\powershell.exe
User: MY-CALDERA\johnny.douche"
607,MY-CAL-WIN10.my-caldera.local,22,"Dns query:
RuleName: -
UtcTime: 2024-08-20 03:59:45.568
ProcessGuid: {ca24abc9-14a3-66c4-731d-000000001d00}
ProcessId: 19124
QueryName: securewestus.blob.core.windows.net
QueryStatus: 9003
QueryResults: type:  6 ns1-64.azure-dns.com;
Image: C:\Windows\System32\WindowsPowerShell\v1.0\powershell.exe
User: MY-CALDERA\johnny.douche"
608,MY-CAL-WIN10.my-caldera.local,22,"Dns query:
RuleName: -
UtcTime: 2024-08-20 03:59:45.217
ProcessGuid: {ca24abc9-14a3-66c4-731d-000000001d00}
ProcessId: 19124
QueryName: centralussecure.blob.core.windows.net
QueryStatus: 9003
QueryResults: type:  6 ns1-64.azure-dns.com;
Image: C:\Windows\System32\WindowsPowerShell\v1.0\powershell.exe
User: MY-CALDERA\johnny.douche"
609,MY-CAL-WIN10.my-caldera.local,22,"Dns query:
RuleName: -
UtcTime: 2024-08-20 03:59:46.009
ProcessGuid: {ca24abc9-14a3-66c4-731d-000000001d00}
ProcessId: 19124
QueryName: secureattachments.blob.core.windows.net
QueryStatus: 9003
QueryResults: type:  6 ns1-64.azure-dns.com;
Image: C:\Windows\System32\WindowsPowerShell\v1.0\powershell.exe
User: MY-CALDERA\johnny.douche"
610,MY-CAL-WIN10.my-caldera.local,22,"Dns query:
RuleName: -
UtcTime: 2024-08-20 03:59:45.033
ProcessGuid: {ca24abc9-14a3-66c4-731d-000000001d00}
ProcessId: 19124
QueryName: useastsecure.blob.core.windows.net
QueryStatus: 9003
QueryResults: type:  6 ns1-64.azure-dns.com;
Image: C:\Windows\System32\WindowsPowerShell\v1.0\powershell.exe
User: MY-CALDERA\johnny.douche"
611,MY-CAL-WIN10.my-caldera.local,22,"Dns query:
RuleName: -
UtcTime: 2024-08-20 03:59:45.762
ProcessGuid: {ca24abc9-14a3-66c4-731d-000000001d00}
ProcessId: 19124
QueryName: secureuserfiles.blob.core.windows.net
QueryStatus: 9003
QueryResults: type:  6 ns1-64.azure-dns.com;
Image: C:\Windows\System32\WindowsPowerShell\v1.0\powershell.exe
User: MY-CALDERA\johnny.douche"
612,MY-CAL-WIN10.my-caldera.local,22,"Dns query:
RuleName: -
UtcTime: 2024-08-20 03:59:44.978
ProcessGuid: {ca24abc9-14a3-66c4-731d-000000001d00}
ProcessId: 19124
QueryName: securethemes.blob.core.windows.net
QueryStatus: 9003
QueryResults: type:  6 ns1-64.azure-dns.com;
Image: C:\Windows\System32\WindowsPowerShell\v1.0\powershell.exe
User: MY-CALDERA\johnny.douche"
613,MY-CAL-WIN10.my-caldera.local,22,"Dns query:
RuleName: -
UtcTime: 2024-08-20 03:59:45.723
ProcessGuid: {ca24abc9-14a3-66c4-731d-000000001d00}
ProcessId: 19124
QueryName: userfilessecure.blob.core.windows.net
QueryStatus: 9003
QueryResults: type:  6 ns1-64.azure-dns.com;
Image: C:\Windows\System32\WindowsPowerShell\v1.0\powershell.exe
User: MY-CALDERA\johnny.douche"
614,MY-CAL-WIN10.my-caldera.local,22,"Dns query:
RuleName: -
UtcTime: 2024-08-20 03:59:45.063
ProcessGuid: {ca24abc9-14a3-66c4-731d-000000001d00}
ProcessId: 19124
QueryName: secureuseast.blob.core.windows.net
QueryStatus: 9003
QueryResults: type:  6 ns1-64.azure-dns.com;
Image: C:\Windows\System32\WindowsPowerShell\v1.0\powershell.exe
User: MY-CALDERA\johnny.douche"
615,MY-CAL-WIN10.my-caldera.local,22,"Dns query:
RuleName: -
UtcTime: 2024-08-20 03:59:45.870
ProcessGuid: {ca24abc9-14a3-66c4-731d-000000001d00}
ProcessId: 19124
QueryName: websecure.blob.core.windows.net
QueryStatus: 0
QueryResults: type:  5 blob.pnq21prdstr01c.store.core.windows.net;::ffff:20.150.114.33;type:  6 ns1-05.azure-dns.com;
Image: C:\Windows\System32\WindowsPowerShell\v1.0\powershell.exe
User: MY-CALDERA\johnny.douche"
616,MY-CAL-WIN10.my-caldera.local,22,"Dns query:
RuleName: -
UtcTime: 2024-08-20 03:59:45.530
ProcessGuid: {ca24abc9-14a3-66c4-731d-000000001d00}
ProcessId: 19124
QueryName: westussecure.blob.core.windows.net
QueryStatus: 9003
QueryResults: type:  6 ns1-64.azure-dns.com;
Image: C:\Windows\System32\WindowsPowerShell\v1.0\powershell.exe
User: MY-CALDERA\johnny.douche"
617,MY-CAL-WIN10.my-caldera.local,22,"Dns query:
RuleName: -
UtcTime: 2024-08-20 03:59:45.470
ProcessGuid: {ca24abc9-14a3-66c4-731d-000000001d00}
ProcessId: 19124
QueryName: securewestcentralus.blob.core.windows.net
QueryStatus: 9003
QueryResults: type:  6 ns1-64.azure-dns.com;
Image: C:\Windows\System32\WindowsPowerShell\v1.0\powershell.exe
User: MY-CALDERA\johnny.douche"
618,MY-CAL-WIN10.my-caldera.local,22,"Dns query:
RuleName: -
UtcTime: 2024-08-20 03:59:45.125
ProcessGuid: {ca24abc9-14a3-66c4-731d-000000001d00}
ProcessId: 19124
QueryName: useast2secure.blob.core.windows.net
QueryStatus: 9003
QueryResults: type:  6 ns1-64.azure-dns.com;
Image: C:\Windows\System32\WindowsPowerShell\v1.0\powershell.exe
User: MY-CALDERA\johnny.douche"
619,MY-CAL-WIN10.my-caldera.local,22,"Dns query:
RuleName: -
UtcTime: 2024-08-20 03:59:45.914
ProcessGuid: {ca24abc9-14a3-66c4-731d-000000001d00}
ProcessId: 19124
QueryName: secureweb.blob.core.windows.net
QueryStatus: 9003
QueryResults: type:  6 ns1-64.azure-dns.com;
Image: C:\Windows\System32\WindowsPowerShell\v1.0\powershell.exe
User: MY-CALDERA\johnny.douche"
620,MY-CAL-WIN10.my-caldera.local,22,"Dns query:
RuleName: -
UtcTime: 2024-08-20 03:59:45.159
ProcessGuid: {ca24abc9-14a3-66c4-731d-000000001d00}
ProcessId: 19124
QueryName: secureuseast2.blob.core.windows.net
QueryStatus: 9003
QueryResults: type:  6 ns1-64.azure-dns.com;
Image: C:\Windows\System32\WindowsPowerShell\v1.0\powershell.exe
User: MY-CALDERA\johnny.douche"
621,MY-CAL-WIN10.my-caldera.local,22,"Dns query:
RuleName: -
UtcTime: 2024-08-20 03:59:45.980
ProcessGuid: {ca24abc9-14a3-66c4-731d-000000001d00}
ProcessId: 19124
QueryName: attachmentssecure.blob.core.windows.net
QueryStatus: 9003
QueryResults: type:  6 ns1-64.azure-dns.com;
Image: C:\Windows\System32\WindowsPowerShell\v1.0\powershell.exe
User: MY-CALDERA\johnny.douche"
622,MY-CAL-WIN10.my-caldera.local,22,"Dns query:
RuleName: -
UtcTime: 2024-08-20 03:59:45.253
ProcessGuid: {ca24abc9-14a3-66c4-731d-000000001d00}
ProcessId: 19124
QueryName: securecentralus.blob.core.windows.net
QueryStatus: 9003
QueryResults: type:  6 ns1-64.azure-dns.com;
Image: C:\Windows\System32\WindowsPowerShell\v1.0\powershell.exe
User: MY-CALDERA\johnny.douche"
623,MY-CAL-WIN10.my-caldera.local,22,"Dns query:
RuleName: -
UtcTime: 2024-08-20 03:59:46.078
ProcessGuid: {ca24abc9-14a3-66c4-731d-000000001d00}
ProcessId: 19124
QueryName: imgsecure.blob.core.windows.net
QueryStatus: 9003
QueryResults: type:  6 ns1-64.azure-dns.com;
Image: C:\Windows\System32\WindowsPowerShell\v1.0\powershell.exe
User: MY-CALDERA\johnny.douche"
624,MY-CAL-WIN10.my-caldera.local,22,"Dns query:
RuleName: -
UtcTime: 2024-08-20 03:59:45.325
ProcessGuid: {ca24abc9-14a3-66c4-731d-000000001d00}
ProcessId: 19124
QueryName: northcentralussecure.blob.core.windows.net
QueryStatus: 9003
QueryResults: type:  6 ns1-64.azure-dns.com;
Image: C:\Windows\System32\WindowsPowerShell\v1.0\powershell.exe
User: MY-CALDERA\johnny.douche"
625,MY-CAL-WIN10.my-caldera.local,22,"Dns query:
RuleName: -
UtcTime: 2024-08-20 03:59:46.121
ProcessGuid: {ca24abc9-14a3-66c4-731d-000000001d00}
ProcessId: 19124
QueryName: secureimg.blob.core.windows.net
QueryStatus: 9003
QueryResults: type:  6 ns1-64.azure-dns.com;
Image: C:\Windows\System32\WindowsPowerShell\v1.0\powershell.exe
User: MY-CALDERA\johnny.douche"
626,MY-CAL-WIN10.my-caldera.local,22,"Dns query:
RuleName: -
UtcTime: 2024-08-20 03:59:44.938
ProcessGuid: {ca24abc9-14a3-66c4-731d-000000001d00}
ProcessId: 19124
QueryName: themessecure.blob.core.windows.net
QueryStatus: 9003
QueryResults: type:  6 ns1-64.azure-dns.com;
Image: C:\Windows\System32\WindowsPowerShell\v1.0\powershell.exe
User: MY-CALDERA\johnny.douche"
627,MY-CAL-WIN10.my-caldera.local,22,"Dns query:
RuleName: -
UtcTime: 2024-08-20 03:59:45.662
ProcessGuid: {ca24abc9-14a3-66c4-731d-000000001d00}
ProcessId: 19124
QueryName: securewestus2.blob.core.windows.net
QueryStatus: 9003
QueryResults: type:  6 ns1-64.azure-dns.com;
Image: C:\Windows\System32\WindowsPowerShell\v1.0\powershell.exe
User: MY-CALDERA\johnny.douche"
628,MY-CAL-WIN10.my-caldera.local,22,"Dns query:
RuleName: -
UtcTime: 2024-08-20 03:59:56.329
ProcessGuid: {ca24abc9-d62f-66c3-4800-000000001d00}
ProcessId: 3432
QueryName: websecure.blob.core.windows.net
QueryStatus: 9701
QueryResults: -
Image: C:\Program Files\Windows Defender Advanced Threat Protection\MsSense.exe
User: NT AUTHORITY\SYSTEM"
629,MY-CAL-WIN10.my-caldera.local,22,"Dns query:
RuleName: -
UtcTime: 2024-08-20 03:59:56.327
ProcessGuid: {ca24abc9-d62f-66c3-4800-000000001d00}
ProcessId: 3432
QueryName: secure.blob.core.windows.net
QueryStatus: 9701
QueryResults: -
Image: C:\Program Files\Windows Defender Advanced Threat Protection\MsSense.exe
User: NT AUTHORITY\SYSTEM"
630,MY-CAL-WIN10.my-caldera.local,22,"Dns query:
RuleName: -
UtcTime: 2024-08-20 03:59:56.331
ProcessGuid: {ca24abc9-d62f-66c3-4800-000000001d00}
ProcessId: 3432
QueryName: securefiles.blob.core.windows.net
QueryStatus: 0
QueryResults: type:  5 blob.dub27prdstr03a.store.core.windows.net;20.209.105.139;
Image: C:\Program Files\Windows Defender Advanced Threat Protection\MsSense.exe
User: NT AUTHORITY\SYSTEM"
631,MY-CAL-WIN10.my-caldera.local,22,"Dns query:
RuleName: -
UtcTime: 2024-08-20 03:59:56.329
ProcessGuid: {ca24abc9-d62f-66c3-4800-000000001d00}
ProcessId: 3432
QueryName: websecure.blob.core.windows.net
QueryStatus: 0
QueryResults: type:  5 blob.pnq21prdstr01c.store.core.windows.net;20.150.114.33;
Image: C:\Program Files\Windows Defender Advanced Threat Protection\MsSense.exe
User: NT AUTHORITY\SYSTEM"
632,MY-CAL-WIN10.my-caldera.local,22,"Dns query:
RuleName: -
UtcTime: 2024-08-20 03:59:56.330
ProcessGuid: {ca24abc9-d62f-66c3-4800-000000001d00}
ProcessId: 3432
QueryName: securesite.blob.core.windows.net
QueryStatus: 9701
QueryResults: -
Image: C:\Program Files\Windows Defender Advanced Threat Protection\MsSense.exe
User: NT AUTHORITY\SYSTEM"
633,MY-CAL-WIN10.my-caldera.local,22,"Dns query:
RuleName: -
UtcTime: 2024-08-20 03:59:56.331
ProcessGuid: {ca24abc9-d62f-66c3-4800-000000001d00}
ProcessId: 3432
QueryName: securefiles.blob.core.windows.net
QueryStatus: 9701
QueryResults: -
Image: C:\Program Files\Windows Defender Advanced Threat Protection\MsSense.exe
User: NT AUTHORITY\SYSTEM"
634,MY-CAL-WIN10.my-caldera.local,22,"Dns query:
RuleName: -
UtcTime: 2024-08-20 03:59:56.326
ProcessGuid: {ca24abc9-d62f-66c3-4800-000000001d00}
ProcessId: 3432
QueryName: securestorageaccount.blob.core.windows.net
QueryStatus: 9701
QueryResults: -
Image: C:\Program Files\Windows Defender Advanced Threat Protection\MsSense.exe
User: NT AUTHORITY\SYSTEM"
635,MY-CAL-WIN10.my-caldera.local,22,"Dns query:
RuleName: -
UtcTime: 2024-08-20 03:59:56.331
ProcessGuid: {ca24abc9-d62f-66c3-4800-000000001d00}
ProcessId: 3432
QueryName: securesite.blob.core.windows.net
QueryStatus: 0
QueryResults: type:  5 blob.lon26prdstr05a.store.core.windows.net;20.60.166.129;
Image: C:\Program Files\Windows Defender Advanced Threat Protection\MsSense.exe
User: NT AUTHORITY\SYSTEM"
636,MY-CAL-WIN10.my-caldera.local,22,"Dns query:
RuleName: -
UtcTime: 2024-08-20 03:59:56.329
ProcessGuid: {ca24abc9-d62f-66c3-4800-000000001d00}
ProcessId: 3432
QueryName: raw.githubusercontent.com
QueryStatus: 9701
QueryResults: -
Image: C:\Program Files\Windows Defender Advanced Threat Protection\MsSense.exe
User: NT AUTHORITY\SYSTEM"
637,MY-CAL-WIN10.my-caldera.local,22,"Dns query:
RuleName: -
UtcTime: 2024-08-20 01:25:03.169
ProcessGuid: {ca24abc9-f064-66c3-6b0e-000000001d00}
ProcessId: 8680
QueryName: my-caldera.local
QueryStatus: 9003
QueryResults: -
Image: C:\Program Files (x86)\Microsoft Office\root\Office16\EXCEL.EXE
User: MY-CALDERA\johnny.douche"
638,MY-CAL-WIN10.my-caldera.local,22,"Dns query:
RuleName: -
UtcTime: 2024-08-20 01:25:03.199
ProcessGuid: {ca24abc9-f064-66c3-6b0e-000000001d00}
ProcessId: 8680
QueryName: autodiscover.my-caldera.local
QueryStatus: 9003
QueryResults: -
Image: C:\Program Files (x86)\Microsoft Office\root\Office16\EXCEL.EXE
User: MY-CALDERA\johnny.douche"
639,MY-CAL-WIN10.my-caldera.local,22,"Dns query:
RuleName: -
UtcTime: 2024-08-20 01:25:06.834
ProcessGuid: {ca24abc9-ef47-66c3-090b-000000001d00}
ProcessId: 11220
QueryName: MY-CAL-WIN10
QueryStatus: 0
QueryResults: fe80::b523:a2e6:d54c:210a;fe80::e780:23dd:6c8c:c7a8;fe80::3a82:bcc3:184c:5cc2;::ffff:192.168.56.1;::ffff:169.254.132.157;::ffff:172.16.26.234;
Image: C:\Windows\System32\wbem\WmiPrvSE.exe
User: NT AUTHORITY\NETWORK SERVICE"
640,MY-CAL-WIN10.my-caldera.local,22,"Dns query:
RuleName: -
UtcTime: 2024-08-20 01:26:42.859
ProcessGuid: {ca24abc9-ef66-66c3-110b-000000001d00}
ProcessId: 3696
QueryName: wsus2westprod.blob.core.windows.net
QueryStatus: 0
QueryResults: type:  5 blob.sjc20prdstr02a.store.core.windows.net;::ffff:52.239.228.68;
Image: C:\Program Files\Windows Defender Advanced Threat Protection\SenseIR.exe
User: NT AUTHORITY\SYSTEM"
641,MY-CAL-WIN10.my-caldera.local,22,"Dns query:
RuleName: -
UtcTime: 2024-08-20 01:26:42.965
ProcessGuid: {ca24abc9-ef66-66c3-110b-000000001d00}
ProcessId: 3696
QueryName: wsus1eastprod.blob.core.windows.net
QueryStatus: 0
QueryResults: type:  5 blob.iad20prdstr09a.store.core.windows.net;::ffff:20.209.1.107;
Image: C:\Program Files\Windows Defender Advanced Threat Protection\SenseIR.exe
User: NT AUTHORITY\SYSTEM"
642,MY-CAL-WIN10.my-caldera.local,22,"Dns query:
RuleName: -
UtcTime: 2024-08-20 01:26:43.598
ProcessGuid: {ca24abc9-d62f-66c3-4800-000000001d00}
ProcessId: 3432
QueryName: wsus1eastprod.blob.core.windows.net
QueryStatus: 0
QueryResults: type:  5 blob.iad20prdstr09a.store.core.windows.net;20.209.1.107;
Image: C:\Program Files\Windows Defender Advanced Threat Protection\MsSense.exe
User: NT AUTHORITY\SYSTEM"
643,MY-CAL-WIN10.my-caldera.local,22,"Dns query:
RuleName: -
UtcTime: 2024-08-20 01:26:43.600
ProcessGuid: {ca24abc9-d62f-66c3-4800-000000001d00}
ProcessId: 3432
QueryName: wsus2westprod.blob.core.windows.net
QueryStatus: 0
QueryResults: type:  5 blob.sjc20prdstr02a.store.core.windows.net;52.239.228.68;
Image: C:\Program Files\Windows Defender Advanced Threat Protection\MsSense.exe
User: NT AUTHORITY\SYSTEM"
644,MY-CAL-WIN10.my-caldera.local,22,"Dns query:
RuleName: -
UtcTime: 2024-08-20 03:49:56.932
ProcessGuid: {ca24abc9-1263-66c4-fd1c-000000001d00}
ProcessId: 8924
QueryName: redcanary.com
QueryStatus: 0
QueryResults: ::ffff:104.198.136.223;
Image: C:\Windows\System32\WindowsPowerShell\v1.0\powershell.exe
User: MY-CALDERA\johnny.douche"
645,MY-CAL-WIN10.my-caldera.local,22,"Dns query:
RuleName: -
UtcTime: 2024-08-20 03:49:57.373
ProcessGuid: {ca24abc9-d62f-66c3-4800-000000001d00}
ProcessId: 3432
QueryName: redcanary.com
QueryStatus: 0
QueryResults: 104.198.136.223;
Image: C:\Program Files\Windows Defender Advanced Threat Protection\MsSense.exe
User: NT AUTHORITY\SYSTEM"
646,MY-CAL-WIN10.my-caldera.local,22,"Dns query:
RuleName: -
UtcTime: 2024-08-20 03:51:09.459
ProcessGuid: {ca24abc9-d62f-66c3-4800-000000001d00}
ProcessId: 3432
QueryName: redcanary.com
QueryStatus: 9701
QueryResults: -
Image: C:\Program Files\Windows Defender Advanced Threat Protection\MsSense.exe
User: NT AUTHORITY\SYSTEM"
647,MY-CAL-WIN10.my-caldera.local,22,"Dns query:
RuleName: -
UtcTime: 2024-08-20 03:59:38.899
ProcessGuid: {ca24abc9-14a3-66c4-731d-000000001d00}
ProcessId: 19124
QueryName: securedev.blob.core.windows.net
QueryStatus: 0
QueryResults: type:  5 blob.sjc20prdstr24a.store.core.windows.net;::ffff:20.60.168.1;type:  6 ns1-05.azure-dns.com;
Image: C:\Windows\System32\WindowsPowerShell\v1.0\powershell.exe
User: MY-CALDERA\johnny.douche"
648,MY-CAL-WIN10.my-caldera.local,22,"Dns query:
RuleName: -
UtcTime: 2024-08-20 03:59:38.234
ProcessGuid: {ca24abc9-14a3-66c4-731d-000000001d00}
ProcessId: 19124
QueryName: securecustomer.blob.core.windows.net
QueryStatus: 9003
QueryResults: type:  6 ns1-64.azure-dns.com;
Image: C:\Windows\System32\WindowsPowerShell\v1.0\powershell.exe
User: MY-CALDERA\johnny.douche"
649,MY-CAL-WIN10.my-caldera.local,22,"Dns query:
RuleName: -
UtcTime: 2024-08-20 03:59:38.301
ProcessGuid: {ca24abc9-14a3-66c4-731d-000000001d00}
ProcessId: 19124
QueryName: datasecure.blob.core.windows.net
QueryStatus: 9003
QueryResults: type:  6 ns1-64.azure-dns.com;
Image: C:\Windows\System32\WindowsPowerShell\v1.0\powershell.exe
User: MY-CALDERA\johnny.douche"
650,MY-CAL-WIN10.my-caldera.local,22,"Dns query:
RuleName: -
UtcTime: 2024-08-20 03:59:38.365
ProcessGuid: {ca24abc9-14a3-66c4-731d-000000001d00}
ProcessId: 19124
QueryName: securedata.blob.core.windows.net
QueryStatus: 0
QueryResults: type:  5 blob.dm2prdstr07a.store.core.windows.net;::ffff:20.60.178.4;type:  6 ns1-05.azure-dns.com;
Image: C:\Windows\System32\WindowsPowerShell\v1.0\powershell.exe
User: MY-CALDERA\johnny.douche"
651,MY-CAL-WIN10.my-caldera.local,22,"Dns query:
RuleName: -
UtcTime: 2024-08-20 03:59:38.534
ProcessGuid: {ca24abc9-14a3-66c4-731d-000000001d00}
ProcessId: 19124
QueryName: databasesecure.blob.core.windows.net
QueryStatus: 9003
QueryResults: type:  6 ns1-64.azure-dns.com;
Image: C:\Windows\System32\WindowsPowerShell\v1.0\powershell.exe
User: MY-CALDERA\johnny.douche"
652,MY-CAL-WIN10.my-caldera.local,22,"Dns query:
RuleName: -
UtcTime: 2024-08-20 03:59:38.573
ProcessGuid: {ca24abc9-14a3-66c4-731d-000000001d00}
ProcessId: 19124
QueryName: securedatabase.blob.core.windows.net
QueryStatus: 9003
QueryResults: type:  6 ns1-64.azure-dns.com;
Image: C:\Windows\System32\WindowsPowerShell\v1.0\powershell.exe
User: MY-CALDERA\johnny.douche"
653,MY-CAL-WIN10.my-caldera.local,22,"Dns query:
RuleName: -
UtcTime: 2024-08-20 03:59:38.637
ProcessGuid: {ca24abc9-14a3-66c4-731d-000000001d00}
ProcessId: 19124
QueryName: data-privatesecure.blob.core.windows.net
QueryStatus: 9003
QueryResults: type:  6 ns1-64.azure-dns.com;
Image: C:\Windows\System32\WindowsPowerShell\v1.0\powershell.exe
User: MY-CALDERA\johnny.douche"
654,MY-CAL-WIN10.my-caldera.local,22,"Dns query:
RuleName: -
UtcTime: 2024-08-20 03:59:38.675
ProcessGuid: {ca24abc9-14a3-66c4-731d-000000001d00}
ProcessId: 19124
QueryName: securedata-private.blob.core.windows.net
QueryStatus: 9003
QueryResults: type:  6 ns1-64.azure-dns.com;
Image: C:\Windows\System32\WindowsPowerShell\v1.0\powershell.exe
User: MY-CALDERA\johnny.douche"
655,MY-CAL-WIN10.my-caldera.local,22,"Dns query:
RuleName: -
UtcTime: 2024-08-20 03:59:38.732
ProcessGuid: {ca24abc9-14a3-66c4-731d-000000001d00}
ProcessId: 19124
QueryName: data-publicsecure.blob.core.windows.net
QueryStatus: 9003
QueryResults: type:  6 ns1-64.azure-dns.com;
Image: C:\Windows\System32\WindowsPowerShell\v1.0\powershell.exe
User: MY-CALDERA\johnny.douche"
656,MY-CAL-WIN10.my-caldera.local,22,"Dns query:
RuleName: -
UtcTime: 2024-08-20 03:59:38.963
ProcessGuid: {ca24abc9-14a3-66c4-731d-000000001d00}
ProcessId: 19124
QueryName: developmentsecure.blob.core.windows.net
QueryStatus: 9003
QueryResults: type:  6 ns1-64.azure-dns.com;
Image: C:\Windows\System32\WindowsPowerShell\v1.0\powershell.exe
User: MY-CALDERA\johnny.douche"
657,MY-CAL-WIN10.my-caldera.local,22,"Dns query:
RuleName: -
UtcTime: 2024-08-20 03:59:39.004
ProcessGuid: {ca24abc9-14a3-66c4-731d-000000001d00}
ProcessId: 19124
QueryName: securedevelopment.blob.core.windows.net
QueryStatus: 9003
QueryResults: type:  6 ns1-64.azure-dns.com;
Image: C:\Windows\System32\WindowsPowerShell\v1.0\powershell.exe
User: MY-CALDERA\johnny.douche"
658,MY-CAL-WIN10.my-caldera.local,22,"Dns query:
RuleName: -
UtcTime: 2024-08-20 03:59:38.833
ProcessGuid: {ca24abc9-14a3-66c4-731d-000000001d00}
ProcessId: 19124
QueryName: devsecure.blob.core.windows.net
QueryStatus: 9003
QueryResults: type:  6 ns1-64.azure-dns.com;
Image: C:\Windows\System32\WindowsPowerShell\v1.0\powershell.exe
User: MY-CALDERA\johnny.douche"
659,MY-CAL-WIN10.my-caldera.local,22,"Dns query:
RuleName: -
UtcTime: 2024-08-20 03:59:39.112
ProcessGuid: {ca24abc9-14a3-66c4-731d-000000001d00}
ProcessId: 19124
QueryName: securedemo.blob.core.windows.net
QueryStatus: 9003
QueryResults: type:  6 ns1-64.azure-dns.com;
Image: C:\Windows\System32\WindowsPowerShell\v1.0\powershell.exe
User: MY-CALDERA\johnny.douche"
660,MY-CAL-WIN10.my-caldera.local,22,"Dns query:
RuleName: -
UtcTime: 2024-08-20 03:59:38.773
ProcessGuid: {ca24abc9-14a3-66c4-731d-000000001d00}
ProcessId: 19124
QueryName: securedata-public.blob.core.windows.net
QueryStatus: 9003
QueryResults: type:  6 ns1-64.azure-dns.com;
Image: C:\Windows\System32\WindowsPowerShell\v1.0\powershell.exe
User: MY-CALDERA\johnny.douche"
661,MY-CAL-WIN10.my-caldera.local,22,"Dns query:
RuleName: -
UtcTime: 2024-08-20 03:59:39.067
ProcessGuid: {ca24abc9-14a3-66c4-731d-000000001d00}
ProcessId: 19124
QueryName: demosecure.blob.core.windows.net
QueryStatus: 9003
QueryResults: type:  6 ns1-64.azure-dns.com;
Image: C:\Windows\System32\WindowsPowerShell\v1.0\powershell.exe
User: MY-CALDERA\johnny.douche"
662,MY-CAL-WIN10.my-caldera.local,22,"Dns query:
RuleName: -
UtcTime: 2024-08-20 03:59:44.122
ProcessGuid: {ca24abc9-14a3-66c4-731d-000000001d00}
ProcessId: 19124
QueryName: securessh.blob.core.windows.net
QueryStatus: 9003
QueryResults: type:  6 ns1-64.azure-dns.com;
Image: C:\Windows\System32\WindowsPowerShell\v1.0\powershell.exe
User: MY-CALDERA\johnny.douche"
663,MY-CAL-WIN10.my-caldera.local,22,"Dns query:
RuleName: -
UtcTime: 2024-08-20 03:59:44.179
ProcessGuid: {ca24abc9-14a3-66c4-731d-000000001d00}
ProcessId: 19124
QueryName: stagingsecure.blob.core.windows.net
QueryStatus: 9003
QueryResults: type:  6 ns1-64.azure-dns.com;
Image: C:\Windows\System32\WindowsPowerShell\v1.0\powershell.exe
User: MY-CALDERA\johnny.douche"
664,MY-CAL-WIN10.my-caldera.local,22,"Dns query:
RuleName: -
UtcTime: 2024-08-20 03:59:44.213
ProcessGuid: {ca24abc9-14a3-66c4-731d-000000001d00}
ProcessId: 19124
QueryName: securestaging.blob.core.windows.net
QueryStatus: 9003
QueryResults: type:  6 ns1-64.azure-dns.com;
Image: C:\Windows\System32\WindowsPowerShell\v1.0\powershell.exe
User: MY-CALDERA\johnny.douche"
665,MY-CAL-WIN10.my-caldera.local,22,"Dns query:
RuleName: -
UtcTime: 2024-08-20 03:59:44.275
ProcessGuid: {ca24abc9-14a3-66c4-731d-000000001d00}
ProcessId: 19124
QueryName: storagesecure.blob.core.windows.net
QueryStatus: 9003
QueryResults: type:  6 ns1-64.azure-dns.com;
Image: C:\Windows\System32\WindowsPowerShell\v1.0\powershell.exe
User: MY-CALDERA\johnny.douche"
666,MY-CAL-WIN10.my-caldera.local,22,"Dns query:
RuleName: -
UtcTime: 2024-08-20 03:59:44.539
ProcessGuid: {ca24abc9-14a3-66c4-731d-000000001d00}
ProcessId: 19124
QueryName: securestorageaccount.blob.core.windows.net
QueryStatus: 0
QueryResults: type:  5 blob.lvl02prdstr14a.store.core.windows.net;::ffff:20.60.225.1;type:  6 ns1-05.azure-dns.com;
Image: C:\Windows\System32\WindowsPowerShell\v1.0\powershell.exe
User: MY-CALDERA\johnny.douche"
667,MY-CAL-WIN10.my-caldera.local,22,"Dns query:
RuleName: -
UtcTime: 2024-08-20 03:59:44.605
ProcessGuid: {ca24abc9-14a3-66c4-731d-000000001d00}
ProcessId: 19124
QueryName: testsecure.blob.core.windows.net
QueryStatus: 9003
QueryResults: type:  6 ns1-64.azure-dns.com;
Image: C:\Windows\System32\WindowsPowerShell\v1.0\powershell.exe
User: MY-CALDERA\johnny.douche"
668,MY-CAL-WIN10.my-caldera.local,22,"Dns query:
RuleName: -
UtcTime: 2024-08-20 03:59:44.643
ProcessGuid: {ca24abc9-14a3-66c4-731d-000000001d00}
ProcessId: 19124
QueryName: securetest.blob.core.windows.net
QueryStatus: 9003
QueryResults: type:  6 ns1-64.azure-dns.com;
Image: C:\Windows\System32\WindowsPowerShell\v1.0\powershell.exe
User: MY-CALDERA\johnny.douche"
669,MY-CAL-WIN10.my-caldera.local,22,"Dns query:
RuleName: -
UtcTime: 2024-08-20 03:59:44.710
ProcessGuid: {ca24abc9-14a3-66c4-731d-000000001d00}
ProcessId: 19124
QueryName: tmpsecure.blob.core.windows.net
QueryStatus: 9003
QueryResults: type:  6 ns1-64.azure-dns.com;
Image: C:\Windows\System32\WindowsPowerShell\v1.0\powershell.exe
User: MY-CALDERA\johnny.douche"
670,MY-CAL-WIN10.my-caldera.local,22,"Dns query:
RuleName: -
UtcTime: 2024-08-20 03:59:44.774
ProcessGuid: {ca24abc9-14a3-66c4-731d-000000001d00}
ProcessId: 19124
QueryName: securetmp.blob.core.windows.net
QueryStatus: 0
QueryResults: type:  5 blob.sat20prdstr03a.store.core.windows.net;::ffff:20.60.140.36;type:  6 ns1-05.azure-dns.com;
Image: C:\Windows\System32\WindowsPowerShell\v1.0\powershell.exe
User: MY-CALDERA\johnny.douche"
671,MY-CAL-WIN10.my-caldera.local,22,"Dns query:
RuleName: -
UtcTime: 2024-08-20 03:59:44.836
ProcessGuid: {ca24abc9-14a3-66c4-731d-000000001d00}
ProcessId: 19124
QueryName: tmp-logssecure.blob.core.windows.net
QueryStatus: 9003
QueryResults: type:  6 ns1-64.azure-dns.com;
Image: C:\Windows\System32\WindowsPowerShell\v1.0\powershell.exe
User: MY-CALDERA\johnny.douche"
672,MY-CAL-WIN10.my-caldera.local,22,"Dns query:
RuleName: -
UtcTime: 2024-08-20 03:59:44.875
ProcessGuid: {ca24abc9-14a3-66c4-731d-000000001d00}
ProcessId: 19124
QueryName: securetmp-logs.blob.core.windows.net
QueryStatus: 9003
QueryResults: type:  6 ns1-64.azure-dns.com;
Image: C:\Windows\System32\WindowsPowerShell\v1.0\powershell.exe
User: MY-CALDERA\johnny.douche"
673,MY-CAL-WIN10.my-caldera.local,22,"Dns query:
RuleName: -
UtcTime: 2024-08-20 03:59:44.345
ProcessGuid: {ca24abc9-14a3-66c4-731d-000000001d00}
ProcessId: 19124
QueryName: securestorage.blob.core.windows.net
QueryStatus: 0
QueryResults: type:  5 blob.blaprdstr05a.store.core.windows.net;::ffff:52.239.154.100;type:  6 ns1-05.azure-dns.com;
Image: C:\Windows\System32\WindowsPowerShell\v1.0\powershell.exe
User: MY-CALDERA\johnny.douche"
674,MY-CAL-WIN10.my-caldera.local,22,"Dns query:
RuleName: -
UtcTime: 2024-08-20 03:59:44.441
ProcessGuid: {ca24abc9-14a3-66c4-731d-000000001d00}
ProcessId: 19124
QueryName: storageaccountsecure.blob.core.windows.net
QueryStatus: 0
QueryResults: type:  5 blob.ch2prdstr03a.store.core.windows.net;::ffff:20.150.126.4;type:  6 ns1-05.azure-dns.com;
Image: C:\Windows\System32\WindowsPowerShell\v1.0\powershell.exe
User: MY-CALDERA\johnny.douche"
675,MY-CAL-WIN10.my-caldera.local,22,"Dns query:
RuleName: -
UtcTime: 2024-08-20 03:59:48.487
ProcessGuid: {ca24abc9-d62f-66c3-4800-000000001d00}
ProcessId: 3432
QueryName: secure.blob.core.windows.net
QueryStatus: 0
QueryResults: type:  5 blob.lon26prdstr09c.store.core.windows.net;20.209.30.1;
Image: C:\Program Files\Windows Defender Advanced Threat Protection\MsSense.exe
User: NT AUTHORITY\SYSTEM"
676,MY-CAL-WIN10.my-caldera.local,22,"Dns query:
RuleName: -
UtcTime: 2024-08-20 02:00:42.641
ProcessGuid: {ca24abc9-f8b3-66c3-2212-000000001d00}
ProcessId: 13012
QueryName: 030.ato.a.a.a.127.0.0.1.nip.io
QueryStatus: 1460
QueryResults: -
Image: C:\Windows\System32\WindowsPowerShell\v1.0\powershell.exe
User: MY-CALDERA\johnny.douche"
677,MY-CAL-WIN10.my-caldera.local,22,"Dns query:
RuleName: -
UtcTime: 2024-08-20 02:00:56.690
ProcessGuid: {ca24abc9-f8b3-66c3-2212-000000001d00}
ProcessId: 13012
QueryName: 032.atomi.a.a.a.127.0.0.1.nip.io
QueryStatus: 1460
QueryResults: -
Image: C:\Windows\System32\WindowsPowerShell\v1.0\powershell.exe
User: MY-CALDERA\johnny.douche"
678,MY-CAL-WIN10.my-caldera.local,22,"Dns query:
RuleName: -
UtcTime: 2024-08-20 02:01:31.877
ProcessGuid: {ca24abc9-f8b3-66c3-2212-000000001d00}
ProcessId: 13012
QueryName: 037.atomicredt.a.a.a.127.0.0.1.nip.io
QueryStatus: 1460
QueryResults: -
Image: C:\Windows\System32\WindowsPowerShell\v1.0\powershell.exe
User: MY-CALDERA\johnny.douche"
679,MY-CAL-WIN10.my-caldera.local,22,"Dns query:
RuleName: -
UtcTime: 2024-08-20 02:01:53.001
ProcessGuid: {ca24abc9-f8b3-66c3-2212-000000001d00}
ProcessId: 13012
QueryName: 040.atomicredteam.a.a.a.127.0.0.1.nip.io
QueryStatus: 1460
QueryResults: -
Image: C:\Windows\System32\WindowsPowerShell\v1.0\powershell.exe
User: MY-CALDERA\johnny.douche"
680,MY-CAL-WIN10.my-caldera.local,22,"Dns query:
RuleName: -
UtcTime: 2024-08-20 02:02:41.386
ProcessGuid: {ca24abc9-f940-66c3-3512-000000001d00}
ProcessId: 9392
QueryName: raw.githubusercontent.com
QueryStatus: 0
QueryResults: ::ffff:185.199.108.133;::ffff:185.199.110.133;::ffff:185.199.111.133;::ffff:185.199.109.133;
Image: C:\Windows\System32\WindowsPowerShell\v1.0\powershell.exe
User: MY-CALDERA\johnny.douche"
681,MY-CAL-WIN10.my-caldera.local,22,"Dns query:
RuleName: -
UtcTime: 2024-08-20 02:06:39.273
ProcessGuid: {ca24abc9-fa2c-66c3-8112-000000001d00}
ProcessId: 16136
QueryName: raw.githubusercontent.com
QueryStatus: 0
QueryResults: ::ffff:185.199.108.133;::ffff:185.199.110.133;::ffff:185.199.111.133;::ffff:185.199.109.133;
Image: C:\Windows\System32\WindowsPowerShell\v1.0\powershell.exe
User: MY-CALDERA\johnny.douche"
682,MY-CAL-WIN10.my-caldera.local,22,"Dns query:
RuleName: -
UtcTime: 2024-08-20 01:30:12.895
ProcessGuid: {ca24abc9-f1a2-66c3-f10e-000000001d00}
ProcessId: 7888
QueryName: MY-CAL-WIN10
QueryStatus: 0
QueryResults: fe80::b523:a2e6:d54c:210a;fe80::e780:23dd:6c8c:c7a8;fe80::3a82:bcc3:184c:5cc2;::ffff:192.168.56.1;::ffff:169.254.132.157;::ffff:172.16.26.234;
Image: C:\Windows\System32\wbem\WmiPrvSE.exe
User: NT AUTHORITY\NETWORK SERVICE"
683,MY-CAL-WIN10.my-caldera.local,22,"Dns query:
RuleName: -
UtcTime: 2024-08-20 01:34:53.838
ProcessGuid: {ca24abc9-f24c-66c3-530f-000000001d00}
ProcessId: 10320
QueryName: MY-CAL-WIN10
QueryStatus: 0
QueryResults: fe80::b523:a2e6:d54c:210a;fe80::e780:23dd:6c8c:c7a8;fe80::3a82:bcc3:184c:5cc2;::ffff:192.168.56.1;::ffff:169.254.132.157;::ffff:172.16.26.234;
Image: C:\Windows\System32\wbem\WmiPrvSE.exe
User: NT AUTHORITY\NETWORK SERVICE"
684,MY-CAL-WIN10.my-caldera.local,22,"Dns query:
RuleName: -
UtcTime: 2024-08-20 01:36:06.846
ProcessGuid: {ca24abc9-d62f-66c3-4800-000000001d00}
ProcessId: 3432
QueryName: file.io
QueryStatus: 0
QueryResults: 45.55.107.24;
Image: C:\Program Files\Windows Defender Advanced Threat Protection\MsSense.exe
User: NT AUTHORITY\SYSTEM"
685,MY-CAL-WIN10.my-caldera.local,22,"Dns query:
RuleName: -
UtcTime: 2024-08-20 01:36:48.768
ProcessGuid: {ca24abc9-f330-66c3-b60f-000000001d00}
ProcessId: 10408
QueryName: raw.githubusercontent.com
QueryStatus: 0
QueryResults: ::ffff:185.199.108.133;::ffff:185.199.110.133;::ffff:185.199.111.133;::ffff:185.199.109.133;
Image: C:\Windows\System32\WindowsPowerShell\v1.0\powershell.exe
User: MY-CALDERA\johnny.douche"
686,MY-CAL-WIN10.my-caldera.local,22,"Dns query:
RuleName: -
UtcTime: 2024-08-20 03:01:07.517
ProcessGuid: {ca24abc9-d62f-66c3-4800-000000001d00}
ProcessId: 3432
QueryName: augloop.office.com
QueryStatus: 0
QueryResults: type:  5 augloop-prod.trafficmanager.net;type:  5 augloop-prod-pd00.westus2.cloudapp.azure.com;52.111.246.8;
Image: C:\Program Files\Windows Defender Advanced Threat Protection\MsSense.exe
User: NT AUTHORITY\SYSTEM"
687,MY-CAL-WIN10.my-caldera.local,22,"Dns query:
RuleName: -
UtcTime: 2024-08-20 03:09:10.952
ProcessGuid: {ca24abc9-08d6-66c4-2a1a-000000001d00}
ProcessId: 4684
QueryName: raw.githubusercontent.com
QueryStatus: 0
QueryResults: ::ffff:185.199.108.133;::ffff:185.199.110.133;::ffff:185.199.109.133;::ffff:185.199.111.133;
Image: C:\Windows\System32\WindowsPowerShell\v1.0\powershell.exe
User: MY-CALDERA\johnny.douche"
688,MY-CAL-WIN10.my-caldera.local,22,"Dns query:
RuleName: -
UtcTime: 2024-08-20 02:31:16.151
ProcessGuid: {ca24abc9-ffe9-66c3-4d16-000000001d00}
ProcessId: 14632
QueryName: github.com
QueryStatus: 1460
QueryResults: -
Image: C:\Windows\System32\curl.exe
User: MY-CALDERA\johnny.douche"
689,MY-CAL-WIN10.my-caldera.local,22,"Dns query:
RuleName: -
UtcTime: 2024-08-20 02:31:16.196
ProcessGuid: {ca24abc9-fff4-66c3-4e16-000000001d00}
ProcessId: 8996
QueryName: github.com
QueryStatus: 1460
QueryResults: -
Image: C:\Windows\System32\curl.exe
User: MY-CALDERA\johnny.douche"
690,MY-CAL-WIN10.my-caldera.local,22,"Dns query:
RuleName: -
UtcTime: 2024-08-20 02:31:16.708
ProcessGuid: {ca24abc9-fff4-66c3-5516-000000001d00}
ProcessId: 7872
QueryName: www.example.com
QueryStatus: 1460
QueryResults: -
Image: C:\Windows\System32\curl.exe
User: MY-CALDERA\johnny.douche"
691,MY-CAL-WIN10.my-caldera.local,22,"Dns query:
RuleName: -
UtcTime: 2024-08-20 02:31:15.883
ProcessGuid: {ca24abc9-ffe8-66c3-4a16-000000001d00}
ProcessId: 13288
QueryName: raw.githubusercontent.com
QueryStatus: 1460
QueryResults: -
Image: C:\Windows\System32\IME\SHARED\IMEWDBLD.EXE
User: MY-CALDERA\johnny.douche"
692,MY-CAL-WIN10.my-caldera.local,22,"Dns query:
RuleName: -
UtcTime: 2024-08-20 02:31:16.283
ProcessGuid: {ca24abc9-fff4-66c3-5016-000000001d00}
ProcessId: 1332
QueryName: github.com
QueryStatus: 1460
QueryResults: -
Image: C:\Windows\System32\curl.exe
User: MY-CALDERA\johnny.douche"
693,MY-CAL-WIN10.my-caldera.local,22,"Dns query:
RuleName: -
UtcTime: 2024-08-20 02:31:16.239
ProcessGuid: {ca24abc9-fff4-66c3-4f16-000000001d00}
ProcessId: 10756
QueryName: github.com
QueryStatus: 1460
QueryResults: -
Image: C:\Windows\System32\curl.exe
User: MY-CALDERA\johnny.douche"
694,MY-CAL-WIN10.my-caldera.local,22,"Dns query:
RuleName: -
UtcTime: 2024-08-20 02:35:34.092
ProcessGuid: {ca24abc9-00ea-66c4-7916-000000001d00}
ProcessId: 15100
QueryName: raw.githubusercontent.com
QueryStatus: 1460
QueryResults: -
Image: C:\Windows\System32\wscript.exe
User: MY-CALDERA\johnny.douche"
695,MY-CAL-WIN10.my-caldera.local,22,"Dns query:
RuleName: -
UtcTime: 2024-08-20 02:37:40.846
ProcessGuid: {ca24abc9-0174-66c4-8516-000000001d00}
ProcessId: 15104
QueryName: getsamplefiles.com
QueryStatus: 1460
QueryResults: -
Image: C:\AtomicRedTeam\atomics\T1105\bin\GUP.exe
User: MY-CALDERA\johnny.douche"
696,MY-CAL-WIN10.my-caldera.local,22,"Dns query:
RuleName: -
UtcTime: 2024-08-20 02:38:01.702
ProcessGuid: {ca24abc9-d62b-66c3-2600-000000001d00}
ProcessId: 1808
QueryName: MY-CAL-DC
QueryStatus: 0
QueryResults: fe80::d0df:4cbf:efa5:4c1d;::ffff:172.16.26.226;
Image: C:\Windows\System32\svchost.exe
User: NT AUTHORITY\NETWORK SERVICE"
697,MY-CAL-WIN10.my-caldera.local,22,"Dns query:
RuleName: -
UtcTime: 2024-08-20 02:38:35.080
ProcessGuid: {ca24abc9-01a8-66c4-a416-000000001d00}
ProcessId: 13932
QueryName: MY-CAL-dc
QueryStatus: 0
QueryResults: fe80::d0df:4cbf:efa5:4c1d;::ffff:172.16.26.226;
Image: C:\Windows\System32\net.exe
User: MY-CALDERA\johnny.douche"
698,MY-CAL-WIN10.my-caldera.local,22,"Dns query:
RuleName: -
UtcTime: 2024-08-20 02:41:08.895
ProcessGuid: {ca24abc9-0236-66c4-b916-000000001d00}
ProcessId: 9992
QueryName: my-caldera.local
QueryStatus: 1460
QueryResults: -
Image: C:\Windows\System32\WindowsPowerShell\v1.0\powershell.exe
User: MY-CALDERA\johnny.douche"
699,MY-CAL-WIN10.my-caldera.local,22,"Dns query:
RuleName: -
UtcTime: 2024-08-20 02:00:35.609
ProcessGuid: {ca24abc9-f8b3-66c3-2212-000000001d00}
ProcessId: 13012
QueryName: 029.at.a.a.a.127.0.0.1.nip.io
QueryStatus: 1460
QueryResults: -
Image: C:\Windows\System32\WindowsPowerShell\v1.0\powershell.exe
User: MY-CALDERA\johnny.douche"
700,MY-CAL-WIN10.my-caldera.local,22,"Dns query:
RuleName: -
UtcTime: 2024-08-20 02:01:10.770
ProcessGuid: {ca24abc9-f8b3-66c3-2212-000000001d00}
ProcessId: 13012
QueryName: 034.atomicr.a.a.a.127.0.0.1.nip.io
QueryStatus: 1460
QueryResults: -
Image: C:\Windows\System32\WindowsPowerShell\v1.0\powershell.exe
User: MY-CALDERA\johnny.douche"
701,MY-CAL-WIN10.my-caldera.local,22,"Dns query:
RuleName: -
UtcTime: 2024-08-20 02:01:24.832
ProcessGuid: {ca24abc9-f8b3-66c3-2212-000000001d00}
ProcessId: 13012
QueryName: 036.atomicred.a.a.a.127.0.0.1.nip.io
QueryStatus: 1460
QueryResults: -
Image: C:\Windows\System32\WindowsPowerShell\v1.0\powershell.exe
User: MY-CALDERA\johnny.douche"
702,MY-CAL-WIN10.my-caldera.local,22,"Dns query:
RuleName: -
UtcTime: 2024-08-20 02:01:45.969
ProcessGuid: {ca24abc9-f8b3-66c3-2212-000000001d00}
ProcessId: 13012
QueryName: 039.atomicredtea.a.a.a.127.0.0.1.nip.io
QueryStatus: 1460
QueryResults: -
Image: C:\Windows\System32\WindowsPowerShell\v1.0\powershell.exe
User: MY-CALDERA\johnny.douche"
703,MY-CAL-WIN10.my-caldera.local,22,"Dns query:
RuleName: -
UtcTime: 2024-08-20 02:03:04.959
ProcessGuid: {ca24abc9-f958-66c3-5312-000000001d00}
ProcessId: 13136
QueryName: raw.githubusercontent.com
QueryStatus: 0
QueryResults: ::ffff:185.199.108.133;::ffff:185.199.110.133;::ffff:185.199.111.133;::ffff:185.199.109.133;
Image: C:\Windows\System32\WindowsPowerShell\v1.0\powershell.exe
User: MY-CALDERA\johnny.douche"
704,MY-CAL-WIN10.my-caldera.local,22,"Dns query:
