RuleName: -
UtcTime: 2024-08-20 03:03:53.014
ProcessGuid: {ca24abc9-0798-66c4-9119-000000001d00}
ProcessId: 5672
QueryName: live.sysinternals.com
QueryStatus: 0
QueryResults: type:  5 sysinternalvmss.trafficmanager.net;type:  5 sysazlive.westus2.cloudapp.azure.com;::ffff:52.247.214.114;
Image: C:\Windows\System32\wscript.exe
User: MY-CALDERA\johnny.douche"
834,MY-CAL-WIN10.my-caldera.local,22,"Dns query:
RuleName: -
UtcTime: 2024-08-20 03:03:53.818
ProcessGuid: {ca24abc9-d62f-66c3-4800-000000001d00}
ProcessId: 3432
QueryName: live.sysinternals.com
QueryStatus: 0
QueryResults: type:  5 sysinternalvmss.trafficmanager.net;type:  5 sysazlive.westus2.cloudapp.azure.com;52.247.214.114;
Image: C:\Program Files\Windows Defender Advanced Threat Protection\MsSense.exe
User: NT AUTHORITY\SYSTEM"
835,MY-CAL-WIN10.my-caldera.local,22,"Dns query:
RuleName: -
UtcTime: 2024-08-20 03:08:00.348
ProcessGuid: {ca24abc9-088e-66c4-f119-000000001d00}
ProcessId: 11828
QueryName: raw.githubusercontent.com
QueryStatus: 0
QueryResults: ::ffff:185.199.108.133;::ffff:185.199.110.133;::ffff:185.199.109.133;::ffff:185.199.111.133;
Image: C:\Windows\System32\WindowsPowerShell\v1.0\powershell.exe
User: MY-CALDERA\johnny.douche"
836,MY-CAL-WIN10.my-caldera.local,22,"Dns query:
RuleName: -
UtcTime: 2024-08-20 02:11:00.440
ProcessGuid: {ca24abc9-d62b-66c3-2600-000000001d00}
ProcessId: 1808
QueryName: MY-CALDERA.LOCAL
QueryStatus: 1460
QueryResults: -
Image: C:\Windows\System32\svchost.exe
User: NT AUTHORITY\NETWORK SERVICE"
837,MY-CAL-WIN10.my-caldera.local,22,"Dns query:
RuleName: -
UtcTime: 2024-08-20 02:11:00.699
ProcessGuid: {ca24abc9-f92b-66c3-2612-000000001d00}
ProcessId: 8324
QueryName: MY-CAL-WIN10
QueryStatus: 0
QueryResults: fe80::b523:a2e6:d54c:210a;fe80::e780:23dd:6c8c:c7a8;fe80::3a82:bcc3:184c:5cc2;::ffff:192.168.56.1;::ffff:169.254.132.157;::ffff:172.16.26.234;
Image: C:\Windows\System32\wbem\WmiPrvSE.exe
User: NT AUTHORITY\NETWORK SERVICE"
838,MY-CAL-WIN10.my-caldera.local,22,"Dns query:
RuleName: -
UtcTime: 2024-08-20 03:00:58.841
ProcessGuid: {ca24abc9-06dc-66c4-0619-000000001d00}
ProcessId: 16308
QueryName: support.content.office.net
QueryStatus: 0
QueryResults: type:  5 support.content.office.net.edgekey.net;type:  5 e12627.g.akamaiedge.net;::ffff:23.204.12.219;
Image: C:\Program Files (x86)\Microsoft Office\root\Office16\WINWORD.EXE
User: MY-CALDERA\johnny.douche"
839,MY-CAL-WIN10.my-caldera.local,22,"Dns query:
RuleName: -
UtcTime: 2024-08-20 03:01:10.740
ProcessGuid: {ca24abc9-06f5-66c4-1d19-000000001d00}
ProcessId: 16136
QueryName: raw.githubusercontent.com
QueryStatus: 0
QueryResults: ::ffff:185.199.108.133;::ffff:185.199.110.133;::ffff:185.199.109.133;::ffff:185.199.111.133;
Image: C:\Windows\System32\cscript.exe
User: MY-CALDERA\johnny.douche"
840,MY-CAL-WIN10.my-caldera.local,22,"Dns query:
RuleName: -
UtcTime: 2024-08-20 03:02:40.111
ProcessGuid: {ca24abc9-0747-66c4-6119-000000001d00}
ProcessId: 6616
QueryName: raw.githubusercontent.com
QueryStatus: 0
QueryResults: ::ffff:185.199.108.133;::ffff:185.199.110.133;::ffff:185.199.109.133;::ffff:185.199.111.133;
Image: C:\Windows\System32\WindowsPowerShell\v1.0\powershell.exe
User: MY-CALDERA\johnny.douche"
841,MY-CAL-WIN10.my-caldera.local,22,"Dns query:
RuleName: -
UtcTime: 2024-08-20 03:02:55.589
ProcessGuid: {ca24abc9-0751-66c4-6319-000000001d00}
ProcessId: 1360
QueryName: support.content.office.net
QueryStatus: 0
QueryResults: type:  5 support.content.office.net.edgekey.net;type:  5 e12627.g.akamaiedge.net;::ffff:23.204.12.219;
Image: C:\Program Files (x86)\Microsoft Office\root\Office16\WINWORD.EXE
User: MY-CALDERA\johnny.douche"
842,MY-CAL-WIN10.my-caldera.local,22,"Dns query:
RuleName: -
UtcTime: 2024-08-20 03:03:08.526
ProcessGuid: {ca24abc9-0751-66c4-6319-000000001d00}
ProcessId: 1360
QueryName: augloop.office.com
QueryStatus: 0
QueryResults: type:  5 augloop-prod.trafficmanager.net;type:  5 augloop-prod-pc03.northcentralus.cloudapp.azure.com;::ffff:52.109.16.87;
Image: C:\Program Files (x86)\Microsoft Office\root\Office16\WINWORD.EXE
User: MY-CALDERA\johnny.douche"
843,MY-CAL-WIN10.my-caldera.local,22,"Dns query:
RuleName: -
UtcTime: 2024-08-20 03:04:04.196
ProcessGuid: {ca24abc9-079b-66c4-9419-000000001d00}
ProcessId: 14776
QueryName: raw.githubusercontent.com
QueryStatus: 0
QueryResults: ::ffff:185.199.108.133;::ffff:185.199.110.133;::ffff:185.199.109.133;::ffff:185.199.111.133;
Image: C:\Windows\System32\WindowsPowerShell\v1.0\powershell.exe
User: MY-CALDERA\johnny.douche"
844,MY-CAL-WIN10.my-caldera.local,22,"Dns query:
RuleName: -
UtcTime: 2024-08-20 03:04:04.502
ProcessGuid: {ca24abc9-d62f-66c3-4800-000000001d00}
ProcessId: 3432
QueryName: live.sysinternals.com
QueryStatus: 9701
QueryResults: -
Image: C:\Program Files\Windows Defender Advanced Threat Protection\MsSense.exe
User: NT AUTHORITY\SYSTEM"
845,MY-CAL-WIN10.my-caldera.local,22,"Dns query:
RuleName: -
UtcTime: 2024-08-20 03:06:33.708
ProcessGuid: {ca24abc9-0833-66c4-ec19-000000001d00}
ProcessId: 15576
QueryName: automatedirstrprdcus3.blob.core.windows.net
QueryStatus: 0
QueryResults: type:  5 blob.dsm07prdstr03a.store.core.windows.net;::ffff:20.150.77.36;
Image: C:\Program Files\Windows Defender Advanced Threat Protection\SenseIR.exe
User: NT AUTHORITY\SYSTEM"
846,MY-CAL-WIN10.my-caldera.local,22,"Dns query:
RuleName: -
UtcTime: 2024-08-20 03:08:17.384
ProcessGuid: {ca24abc9-0891-66c4-f319-000000001d00}
ProcessId: 6660
QueryName: support.content.office.net
QueryStatus: 0
QueryResults: type:  5 support.content.office.net.edgekey.net;type:  5 e12627.g.akamaiedge.net;::ffff:23.204.12.219;
Image: C:\Program Files (x86)\Microsoft Office\root\Office16\WINWORD.EXE
User: MY-CALDERA\johnny.douche"
847,MY-CAL-WIN10.my-caldera.local,22,"Dns query:
RuleName: -
UtcTime: 2024-08-20 03:52:41.552
ProcessGuid: {ca24abc9-12fe-66c4-251d-000000001d00}
ProcessId: 7240
QueryName: raw.githubusercontent.com
QueryStatus: 0
QueryResults: ::ffff:185.199.108.133;::ffff:185.199.110.133;::ffff:185.199.109.133;::ffff:185.199.111.133;
Image: C:\Windows\System32\WindowsPowerShell\v1.0\powershell.exe
User: MY-CALDERA\johnny.douche"
848,MY-CAL-WIN10.my-caldera.local,22,"Dns query:
RuleName: -
UtcTime: 2024-08-20 03:57:28.419
ProcessGuid: {ca24abc9-1426-66c4-611d-000000001d00}
ProcessId: 17096
QueryName: onegetcdn.azureedge.net
QueryStatus: 0
QueryResults: type:  5 onegetcdn.ec.azureedge.net;type:  5 cs9.wpc.v0cdn.net;::ffff:72.21.81.200;
Image: C:\Windows\System32\WindowsPowerShell\v1.0\powershell.exe
User: MY-CALDERA\johnny.douche"
849,MY-CAL-WIN10.my-caldera.local,22,"Dns query:
RuleName: -
UtcTime: 2024-08-20 03:30:16.680
ProcessGuid: {ca24abc9-0dc8-66c4-d81b-000000001d00}
ProcessId: 15752
QueryName: raw.githubusercontent.com
QueryStatus: 0
QueryResults: ::ffff:185.199.108.133;::ffff:185.199.110.133;::ffff:185.199.109.133;::ffff:185.199.111.133;
Image: C:\Windows\System32\rundll32.exe
User: MY-CALDERA\johnny.douche"
850,MY-CAL-WIN10.my-caldera.local,22,"Dns query:
RuleName: -
UtcTime: 2024-08-20 03:30:17.814
ProcessGuid: {ca24abc9-0dc9-66c4-dc1b-000000001d00}
ProcessId: 10316
QueryName: raw.githubusercontent.com
QueryStatus: 0
QueryResults: ::ffff:185.199.108.133;::ffff:185.199.110.133;::ffff:185.199.109.133;::ffff:185.199.111.133;
Image: C:\Windows\System32\rundll32.exe
User: MY-CALDERA\johnny.douche"
851,MY-CAL-WIN10.my-caldera.local,22,"Dns query:
RuleName: -
UtcTime: 2024-08-20 03:44:50.566
ProcessGuid: {ca24abc9-1130-66c4-9f1c-000000001d00}
ProcessId: 14220
QueryName: raw.githubusercontent.com
QueryStatus: 0
QueryResults: ::ffff:185.199.108.133;::ffff:185.199.110.133;::ffff:185.199.109.133;::ffff:185.199.111.133;
Image: C:\Windows\System32\WindowsPowerShell\v1.0\powershell.exe
User: MY-CALDERA\johnny.douche"
852,MY-CAL-WIN10.my-caldera.local,22,"Dns query:
RuleName: -
UtcTime: 2024-08-20 03:44:56.793
ProcessGuid: {ca24abc9-1130-66c4-9f1c-000000001d00}
ProcessId: 14220
QueryName: MY-CAL-DC.MY-CALDERA.LOCAL
QueryStatus: 9003
QueryResults: -
Image: C:\Windows\System32\WindowsPowerShell\v1.0\powershell.exe
User: MY-CALDERA\johnny.douche"
853,MY-CAL-WIN10.my-caldera.local,22,"Dns query:
RuleName: -
UtcTime: 2024-08-20 03:50:29.127
ProcessGuid: {ca24abc9-1284-66c4-1b1d-000000001d00}
ProcessId: 14684
QueryName: raw.githubusercontent.com
QueryStatus: 0
QueryResults: ::ffff:185.199.108.133;::ffff:185.199.110.133;::ffff:185.199.109.133;::ffff:185.199.111.133;
Image: C:\Windows\System32\WindowsPowerShell\v1.0\powershell.exe
User: MY-CALDERA\johnny.douche"
854,MY-CAL-WIN10.my-caldera.local,22,"Dns query:
RuleName: -
UtcTime: 2024-08-20 03:54:32.345
ProcessGuid: {ca24abc9-1376-66c4-2f1d-000000001d00}
ProcessId: 19824
QueryName: raw.githubusercontent.com
QueryStatus: 0
QueryResults: ::ffff:185.199.108.133;::ffff:185.199.110.133;::ffff:185.199.109.133;::ffff:185.199.111.133;
Image: C:\Windows\System32\WindowsPowerShell\v1.0\powershell.exe
User: MY-CALDERA\johnny.douche"
855,MY-CAL-WIN10.my-caldera.local,22,"Dns query:
RuleName: -
UtcTime: 2024-08-20 03:54:35.353
ProcessGuid: {ca24abc9-1376-66c4-2f1d-000000001d00}
ProcessId: 19824
QueryName: MY-CAL-WIN10
QueryStatus: 0
QueryResults: fe80::b523:a2e6:d54c:210a;fe80::e780:23dd:6c8c:c7a8;fe80::3a82:bcc3:184c:5cc2;::ffff:192.168.56.1;::ffff:169.254.132.157;::ffff:172.16.26.234;
Image: C:\Windows\System32\WindowsPowerShell\v1.0\powershell.exe
User: MY-CALDERA\johnny.douche"
856,MY-CAL-WIN10.my-caldera.local,22,"Dns query:
RuleName: -
UtcTime: 2024-08-20 03:41:00.953
ProcessGuid: {ca24abc9-d62f-66c3-4800-000000001d00}
ProcessId: 3432
QueryName: secure.logmein.com
QueryStatus: 0
QueryResults: type:  5 secure.logmein.com.akadns.net;158.120.16.205;
Image: C:\Program Files\Windows Defender Advanced Threat Protection\MsSense.exe
User: NT AUTHORITY\SYSTEM"
857,MY-CAL-WIN10.my-caldera.local,22,"Dns query:
RuleName: -
UtcTime: 2024-08-20 03:41:53.433
ProcessGuid: {ca24abc9-d62f-66c3-4800-000000001d00}
ProcessId: 3432
QueryName: secure.logmein.com
QueryStatus: 9701
QueryResults: -
Image: C:\Program Files\Windows Defender Advanced Threat Protection\MsSense.exe
User: NT AUTHORITY\SYSTEM"
858,MY-CAL-WIN10.my-caldera.local,22,"Dns query:
RuleName: -
UtcTime: 2024-08-20 03:42:53.402
ProcessGuid: {ca24abc9-d62f-66c3-4800-000000001d00}
ProcessId: 3432
QueryName: download.teamviewer.com
QueryStatus: 9701
QueryResults: -
Image: C:\Program Files\Windows Defender Advanced Threat Protection\MsSense.exe
User: NT AUTHORITY\SYSTEM"
859,MY-CAL-WIN10.my-caldera.local,22,"Dns query:
RuleName: -
UtcTime: 2024-08-20 03:42:53.444
ProcessGuid: {ca24abc9-d62f-66c3-4800-000000001d00}
ProcessId: 3432
QueryName: builds.cdn.getgo.com
QueryStatus: 0
QueryResults: 3.161.213.109;3.161.213.89;3.161.213.64;3.161.213.42;
Image: C:\Program Files\Windows Defender Advanced Threat Protection\MsSense.exe
User: NT AUTHORITY\SYSTEM"
860,MY-CAL-WIN10.my-caldera.local,22,"Dns query:
RuleName: -
UtcTime: 2024-08-20 03:43:00.407
ProcessGuid: {ca24abc9-10c1-66c4-4c1c-000000001d00}
ProcessId: 17200
QueryName: egw1.express.gotoassist.com
QueryStatus: 0
QueryResults: type:  5 egw.classic.gotoassist.com;type:  5 g2ars-prd-ava-egw-lb-26-f1bceb0ee1485bfe.elb.us-east-1.amazonaws.com;::ffff:3.218.246.74;::ffff:52.55.102.23;::ffff:34.192.90.95;
Image: C:\Program Files (x86)\GoToAssist Remote Support Expert\1702\g2ax_comm_expert.exe
User: MY-CALDERA\johnny.douche"
861,MY-CAL-WIN10.my-caldera.local,22,"Dns query:
RuleName: -
UtcTime: 2024-08-20 03:43:00.474
ProcessGuid: {ca24abc9-10c1-66c4-4c1c-000000001d00}
ProcessId: 17200
QueryName: wpad
QueryStatus: 9003
QueryResults: -
Image: C:\Program Files (x86)\GoToAssist Remote Support Expert\1702\g2ax_comm_expert.exe
User: MY-CALDERA\johnny.douche"
862,MY-CAL-WIN10.my-caldera.local,22,"Dns query:
RuleName: -
UtcTime: 2024-08-20 03:43:08.726
ProcessGuid: {ca24abc9-10c2-66c4-4d1c-000000001d00}
ProcessId: 10956
QueryName: authentication.logmeininc.com
QueryStatus: 0
QueryResults: ::ffff:54.88.122.166;::ffff:18.213.171.73;::ffff:3.226.149.88;
Image: C:\Program Files (x86)\GoToAssist Remote Support Expert\1702\g2ax_user_expert.exe
User: MY-CALDERA\johnny.douche"
863,MY-CAL-WIN10.my-caldera.local,22,"Dns query:
RuleName: -
UtcTime: 2024-08-20 03:43:19.685
ProcessGuid: {ca24abc9-d62f-66c3-4800-000000001d00}
ProcessId: 3432
QueryName: o.ss2.us
QueryStatus: 9701
QueryResults: -
Image: C:\Program Files\Windows Defender Advanced Threat Protection\MsSense.exe
User: NT AUTHORITY\SYSTEM"
864,MY-CAL-WIN10.my-caldera.local,22,"Dns query:
RuleName: -
UtcTime: 2024-08-20 03:40:45.960
ProcessGuid: {ca24abc9-d62f-66c3-4800-000000001d00}
ProcessId: 3432
QueryName: download.anydesk.com
QueryStatus: 0
QueryResults: 188.40.104.135;
Image: C:\Program Files\Windows Defender Advanced Threat Protection\MsSense.exe
User: NT AUTHORITY\SYSTEM"
865,MY-CAL-WIN10.my-caldera.local,22,"Dns query:
RuleName: -
UtcTime: 2024-08-20 03:40:45.605
ProcessGuid: {ca24abc9-103c-66c4-221c-000000001d00}
ProcessId: 18828
QueryName: download.anydesk.com
QueryStatus: 0
QueryResults: ::ffff:188.40.104.135;
Image: C:\Windows\System32\WindowsPowerShell\v1.0\powershell.exe
User: MY-CALDERA\johnny.douche"
866,MY-CAL-WIN10.my-caldera.local,22,"Dns query:
RuleName: -
UtcTime: 2024-08-20 03:42:24.729
ProcessGuid: {ca24abc9-108f-66c4-371c-000000001d00}
ProcessId: 12872
QueryName: webservice.logmein.com
QueryStatus: 0
QueryResults: type:  5 secure.logmein.com.akadns.net;::ffff:158.120.29.233;
Image: C:\Program Files (x86)\LogMeIn Ignition\LMIIgnition.exe
User: MY-CALDERA\johnny.douche"
867,MY-CAL-WIN10.my-caldera.local,22,"Dns query:
RuleName: -
UtcTime: 2024-08-20 03:43:00.856
ProcessGuid: {ca24abc9-d62f-66c3-4800-000000001d00}
ProcessId: 3432
QueryName: egw1.express.gotoassist.com
QueryStatus: 0
QueryResults: type:  5 egw.classic.gotoassist.com;type:  5 g2ars-prd-ava-egw-lb-26-f1bceb0ee1485bfe.elb.us-east-1.amazonaws.com;3.218.246.74;52.55.102.23;34.192.90.95;
Image: C:\Program Files\Windows Defender Advanced Threat Protection\MsSense.exe
User: NT AUTHORITY\SYSTEM"
868,MY-CAL-WIN10.my-caldera.local,22,"Dns query:
RuleName: -
UtcTime: 2024-08-20 03:43:00.854
ProcessGuid: {ca24abc9-d62f-66c3-4800-000000001d00}
ProcessId: 3432
QueryName: asterisk.webservice.logmein.com
QueryStatus: 9701
QueryResults: -
Image: C:\Program Files\Windows Defender Advanced Threat Protection\MsSense.exe
User: NT AUTHORITY\SYSTEM"
869,MY-CAL-WIN10.my-caldera.local,22,"Dns query:
RuleName: -
UtcTime: 2024-08-20 03:43:00.857
ProcessGuid: {ca24abc9-d62f-66c3-4800-000000001d00}
ProcessId: 3432
QueryName: o.ss2.us
QueryStatus: 0
QueryResults: 3.161.210.43;3.161.210.151;3.161.210.220;3.161.210.28;
Image: C:\Program Files\Windows Defender Advanced Threat Protection\MsSense.exe
User: NT AUTHORITY\SYSTEM"
870,MY-CAL-WIN10.my-caldera.local,22,"Dns query:
RuleName: -
UtcTime: 2024-08-20 03:43:00.740
ProcessGuid: {ca24abc9-d62f-66c3-4800-000000001d00}
ProcessId: 3432
QueryName: webservice.logmein.com
QueryStatus: 9701
QueryResults: -
Image: C:\Program Files\Windows Defender Advanced Threat Protection\MsSense.exe
User: NT AUTHORITY\SYSTEM"
871,MY-CAL-WIN10.my-caldera.local,22,"Dns query:
RuleName: -
UtcTime: 2024-08-20 02:01:17.796
ProcessGuid: {ca24abc9-f8b3-66c3-2212-000000001d00}
ProcessId: 13012
QueryName: 035.atomicre.a.a.a.127.0.0.1.nip.io
QueryStatus: 1460
QueryResults: -
Image: C:\Windows\System32\WindowsPowerShell\v1.0\powershell.exe
User: MY-CALDERA\johnny.douche"
872,MY-CAL-WIN10.my-caldera.local,22,"Dns query:
RuleName: -
UtcTime: 2024-08-20 02:01:38.923
ProcessGuid: {ca24abc9-f8b3-66c3-2212-000000001d00}
ProcessId: 13012
QueryName: 038.atomicredte.a.a.a.127.0.0.1.nip.io
QueryStatus: 1460
QueryResults: -
Image: C:\Windows\System32\WindowsPowerShell\v1.0\powershell.exe
User: MY-CALDERA\johnny.douche"
873,MY-CAL-WIN10.my-caldera.local,22,"Dns query:
RuleName: -
UtcTime: 2024-08-20 02:02:21.148
ProcessGuid: {ca24abc9-f8b3-66c3-2212-000000001d00}
ProcessId: 13012
QueryName: 044.atomicredteamatom.a.a.a.127.0.0.1.nip.io
QueryStatus: 1460
QueryResults: -
Image: C:\Windows\System32\WindowsPowerShell\v1.0\powershell.exe
User: MY-CALDERA\johnny.douche"
874,MY-CAL-WIN10.my-caldera.local,22,"Dns query:
RuleName: -
UtcTime: 2024-08-20 03:02:26.918
ProcessGuid: {ca24abc9-072d-66c4-4419-000000001d00}
ProcessId: 244
QueryName: augloop.office.com
QueryStatus: 0
QueryResults: type:  5 augloop-prod.trafficmanager.net;type:  5 augloop-prod-pa00.eastus2.cloudapp.azure.com;::ffff:52.111.230.11;
Image: C:\Program Files (x86)\Microsoft Office\root\Office16\WINWORD.EXE
User: MY-CALDERA\johnny.douche"
875,MY-CAL-WIN10.my-caldera.local,22,"Dns query:
RuleName: -
UtcTime: 2024-08-20 03:02:27.148
ProcessGuid: {ca24abc9-d62f-66c3-4800-000000001d00}
ProcessId: 3432
QueryName: augloop.office.com
QueryStatus: 0
QueryResults: type:  5 augloop-prod.trafficmanager.net;type:  5 augloop-prod-pa00.eastus2.cloudapp.azure.com;52.111.230.11;
Image: C:\Program Files\Windows Defender Advanced Threat Protection\MsSense.exe
User: NT AUTHORITY\SYSTEM"
876,MY-CAL-WIN10.my-caldera.local,22,"Dns query:
RuleName: -
UtcTime: 2024-08-20 03:04:20.391
ProcessGuid: {ca24abc9-07a4-66c4-9919-000000001d00}
ProcessId: 14412
QueryName: support.content.office.net
QueryStatus: 0
QueryResults: type:  5 support.content.office.net.edgekey.net;type:  5 e12627.g.akamaiedge.net;::ffff:23.204.12.219;
Image: C:\Program Files (x86)\Microsoft Office\root\Office16\WINWORD.EXE
User: MY-CALDERA\johnny.douche"
877,MY-CAL-WIN10.my-caldera.local,22,"Dns query:
RuleName: -
UtcTime: 2024-08-20 03:07:59.417
ProcessGuid: {ca24abc9-0833-66c4-ec19-000000001d00}
ProcessId: 15576
QueryName: wsus1eastprod.blob.core.windows.net
QueryStatus: 0
QueryResults: type:  5 blob.iad20prdstr09a.store.core.windows.net;::ffff:20.209.1.107;
Image: C:\Program Files\Windows Defender Advanced Threat Protection\SenseIR.exe
User: NT AUTHORITY\SYSTEM"
878,MY-CAL-WIN10.my-caldera.local,22,"Dns query:
RuleName: -
UtcTime: 2024-08-20 03:41:04.435
ProcessGuid: {ca24abc9-104d-66c4-2b1c-000000001d00}
ProcessId: 18068
QueryName: boot.net.anydesk.com
QueryStatus: 0
QueryResults: ::ffff:57.129.37.75;
Image: C:\Users\johnny.douche\Desktop\AnyDesk.exe
User: MY-CALDERA\johnny.douche"
879,MY-CAL-WIN10.my-caldera.local,22,"Dns query:
RuleName: -
UtcTime: 2024-08-20 03:41:05.022
ProcessGuid: {ca24abc9-104d-66c4-2b1c-000000001d00}
ProcessId: 18068
QueryName: relay-dc7501e7.net.anydesk.com
QueryStatus: 0
QueryResults: ::ffff:92.38.177.14;
Image: C:\Users\johnny.douche\Desktop\AnyDesk.exe
User: MY-CALDERA\johnny.douche"
880,MY-CAL-WIN10.my-caldera.local,22,"Dns query:
RuleName: -
UtcTime: 2024-08-20 03:41:05.602
ProcessGuid: {ca24abc9-104d-66c4-2b1c-000000001d00}
ProcessId: 18068
QueryName: MY-CAL-WIN10
QueryStatus: 0
QueryResults: 192.168.56.1;169.254.132.157;172.16.26.234;
Image: C:\Users\johnny.douche\Desktop\AnyDesk.exe
User: MY-CALDERA\johnny.douche"
881,MY-CAL-WIN10.my-caldera.local,22,"Dns query:
RuleName: -
UtcTime: 2024-08-20 03:42:33.265
ProcessGuid: {ca24abc9-d62f-66c3-4800-000000001d00}
ProcessId: 3432
QueryName: accounts.logme.in
QueryStatus: 9701
QueryResults: -
Image: C:\Program Files\Windows Defender Advanced Threat Protection\MsSense.exe
User: NT AUTHORITY\SYSTEM"
882,MY-CAL-WIN10.my-caldera.local,22,"Dns query:
RuleName: -
UtcTime: 2024-08-20 03:42:33.266
ProcessGuid: {ca24abc9-d62f-66c3-4800-000000001d00}
ProcessId: 3432
QueryName: d1kuyuqowve5id.cloudfront.net
QueryStatus: 0
QueryResults: 13.33.163.170;13.33.163.211;13.33.163.123;13.33.163.40;
Image: C:\Program Files\Windows Defender Advanced Threat Protection\MsSense.exe
User: NT AUTHORITY\SYSTEM"
883,MY-CAL-WIN10.my-caldera.local,22,"Dns query:
RuleName: -
UtcTime: 2024-08-20 03:42:32.714
ProcessGuid: {ca24abc9-10a6-66c4-3d1c-000000001d00}
ProcessId: 20160
QueryName: d1kuyuqowve5id.cloudfront.net
QueryStatus: 0
QueryResults: ::ffff:13.33.163.170;::ffff:13.33.163.211;::ffff:13.33.163.123;::ffff:13.33.163.40;
Image: C:\Windows\System32\WindowsPowerShell\v1.0\powershell.exe
User: MY-CALDERA\johnny.douche"
884,MY-CAL-WIN10.my-caldera.local,22,"Dns query:
RuleName: -
UtcTime: 2024-08-20 03:43:16.728
ProcessGuid: {ca24abc9-d62f-66c3-4800-000000001d00}
ProcessId: 3432
QueryName: authentication.logmeininc.com
QueryStatus: 0
QueryResults: 54.88.122.166;18.213.171.73;3.226.149.88;
Image: C:\Program Files\Windows Defender Advanced Threat Protection\MsSense.exe
User: NT AUTHORITY\SYSTEM"
885,MY-CAL-WIN10.my-caldera.local,22,"Dns query:
RuleName: -
UtcTime: 2024-08-20 03:44:56.759
ProcessGuid: {ca24abc9-1130-66c4-9f1c-000000001d00}
ProcessId: 14220
QueryName: _ldap._tcp.Default-First-Site-Name._sites.MY-CAL-DC.MY-CALDERA.LOCAL.
QueryStatus: 9003
QueryResults: -
Image: C:\Windows\System32\WindowsPowerShell\v1.0\powershell.exe
User: MY-CALDERA\johnny.douche"
886,MY-CAL-WIN10.my-caldera.local,22,"Dns query:
RuleName: -
UtcTime: 2024-08-20 03:44:56.759
ProcessGuid: {ca24abc9-1130-66c4-9f1c-000000001d00}
ProcessId: 14220
QueryName: _ldap._tcp.MY-CAL-DC.MY-CALDERA.LOCAL.
QueryStatus: 9003
QueryResults: -
Image: C:\Windows\System32\WindowsPowerShell\v1.0\powershell.exe
User: MY-CALDERA\johnny.douche"
887,MY-CAL-WIN10.my-caldera.local,22,"Dns query:
RuleName: -
UtcTime: 2024-08-20 03:59:35.653
ProcessGuid: {ca24abc9-14a3-66c4-731d-000000001d00}
ProcessId: 19124
QueryName: secure.blob.core.windows.net
QueryStatus: 0
QueryResults: type:  5 blob.lon26prdstr09c.store.core.windows.net;::ffff:20.209.30.1;type:  6 ns1-05.azure-dns.com;
Image: C:\Windows\System32\WindowsPowerShell\v1.0\powershell.exe
User: MY-CALDERA\johnny.douche"
888,MY-CAL-WIN10.my-caldera.local,22,"Dns query:
RuleName: -
UtcTime: 2024-08-20 03:59:36.533
ProcessGuid: {ca24abc9-14a3-66c4-731d-000000001d00}
ProcessId: 19124
QueryName: $rootsecure.blob.core.windows.net
QueryStatus: 9560
QueryResults: -
Image: C:\Windows\System32\WindowsPowerShell\v1.0\powershell.exe
User: MY-CALDERA\johnny.douche"
889,MY-CAL-WIN10.my-caldera.local,22,"Dns query:
RuleName: -
UtcTime: 2024-08-20 03:59:36.649
ProcessGuid: {ca24abc9-14a3-66c4-731d-000000001d00}
ProcessId: 19124
QueryName: secure$root.blob.core.windows.net
QueryStatus: 9560
QueryResults: -
Image: C:\Windows\System32\WindowsPowerShell\v1.0\powershell.exe
User: MY-CALDERA\johnny.douche"
890,MY-CAL-WIN10.my-caldera.local,22,"Dns query:
RuleName: -
UtcTime: 2024-08-20 03:59:36.675
ProcessGuid: {ca24abc9-14a3-66c4-731d-000000001d00}
ProcessId: 19124
QueryName: $websecure.blob.core.windows.net
QueryStatus: 9560
QueryResults: -
Image: C:\Windows\System32\WindowsPowerShell\v1.0\powershell.exe
User: MY-CALDERA\johnny.douche"
891,MY-CAL-WIN10.my-caldera.local,22,"Dns query:
RuleName: -
UtcTime: 2024-08-20 03:59:36.676
ProcessGuid: {ca24abc9-14a3-66c4-731d-000000001d00}
ProcessId: 19124
QueryName: secure$web.blob.core.windows.net
QueryStatus: 9560
QueryResults: -
Image: C:\Windows\System32\WindowsPowerShell\v1.0\powershell.exe
User: MY-CALDERA\johnny.douche"
892,MY-CAL-WIN10.my-caldera.local,22,"Dns query:
RuleName: -
UtcTime: 2024-08-20 03:59:36.740
ProcessGuid: {ca24abc9-14a3-66c4-731d-000000001d00}
ProcessId: 19124
QueryName: access-logssecure.blob.core.windows.net
QueryStatus: 9003
QueryResults: type:  6 ns1-64.azure-dns.com;
Image: C:\Windows\System32\WindowsPowerShell\v1.0\powershell.exe
User: MY-CALDERA\johnny.douche"
893,MY-CAL-WIN10.my-caldera.local,22,"Dns query:
RuleName: -
UtcTime: 2024-08-20 03:59:36.779
ProcessGuid: {ca24abc9-14a3-66c4-731d-000000001d00}
ProcessId: 19124
QueryName: secureaccess-logs.blob.core.windows.net
QueryStatus: 9003
QueryResults: type:  6 ns1-64.azure-dns.com;
Image: C:\Windows\System32\WindowsPowerShell\v1.0\powershell.exe
User: MY-CALDERA\johnny.douche"
894,MY-CAL-WIN10.my-caldera.local,22,"Dns query:
RuleName: -
UtcTime: 2024-08-20 03:59:36.835
ProcessGuid: {ca24abc9-14a3-66c4-731d-000000001d00}
ProcessId: 19124
QueryName: accountingsecure.blob.core.windows.net
QueryStatus: 9003
QueryResults: type:  6 ns1-64.azure-dns.com;
Image: C:\Windows\System32\WindowsPowerShell\v1.0\powershell.exe
User: MY-CALDERA\johnny.douche"
895,MY-CAL-WIN10.my-caldera.local,22,"Dns query:
RuleName: -
UtcTime: 2024-08-20 03:59:36.871
ProcessGuid: {ca24abc9-14a3-66c4-731d-000000001d00}
ProcessId: 19124
QueryName: secureaccounting.blob.core.windows.net
QueryStatus: 9003
QueryResults: type:  6 ns1-64.azure-dns.com;
Image: C:\Windows\System32\WindowsPowerShell\v1.0\powershell.exe
User: MY-CALDERA\johnny.douche"
896,MY-CAL-WIN10.my-caldera.local,22,"Dns query:
RuleName: -
UtcTime: 2024-08-20 03:59:36.934
ProcessGuid: {ca24abc9-14a3-66c4-731d-000000001d00}
ProcessId: 19124
QueryName: apisecure.blob.core.windows.net
QueryStatus: 9003
QueryResults: type:  6 ns1-64.azure-dns.com;
Image: C:\Windows\System32\WindowsPowerShell\v1.0\powershell.exe
User: MY-CALDERA\johnny.douche"
897,MY-CAL-WIN10.my-caldera.local,22,"Dns query:
RuleName: -
UtcTime: 2024-08-20 03:59:36.999
ProcessGuid: {ca24abc9-14a3-66c4-731d-000000001d00}
ProcessId: 19124
QueryName: secureapi.blob.core.windows.net
QueryStatus: 0
QueryResults: type:  5 blob.blz21prdstr01a.store.core.windows.net;::ffff:52.239.155.228;type:  6 ns1-05.azure-dns.com;
Image: C:\Windows\System32\WindowsPowerShell\v1.0\powershell.exe
User: MY-CALDERA\johnny.douche"
898,MY-CAL-WIN10.my-caldera.local,22,"Dns query:
RuleName: -
UtcTime: 2024-08-20 03:59:39.173
ProcessGuid: {ca24abc9-14a3-66c4-731d-000000001d00}
ProcessId: 19124
QueryName: dnssecure.blob.core.windows.net
QueryStatus: 9003
QueryResults: type:  6 ns1-64.azure-dns.com;
Image: C:\Windows\System32\WindowsPowerShell\v1.0\powershell.exe
User: MY-CALDERA\johnny.douche"
899,MY-CAL-WIN10.my-caldera.local,22,"Dns query:
RuleName: -
UtcTime: 2024-08-20 03:59:39.209
ProcessGuid: {ca24abc9-14a3-66c4-731d-000000001d00}
ProcessId: 19124
QueryName: securedns.blob.core.windows.net
QueryStatus: 9003
QueryResults: type:  6 ns1-64.azure-dns.com;
Image: C:\Windows\System32\WindowsPowerShell\v1.0\powershell.exe
User: MY-CALDERA\johnny.douche"
900,MY-CAL-WIN10.my-caldera.local,22,"Dns query:
RuleName: -
UtcTime: 2024-08-20 03:59:39.271
ProcessGuid: {ca24abc9-14a3-66c4-731d-000000001d00}
ProcessId: 19124
QueryName: dockersecure.blob.core.windows.net
QueryStatus: 9003
QueryResults: type:  6 ns1-64.azure-dns.com;
Image: C:\Windows\System32\WindowsPowerShell\v1.0\powershell.exe
User: MY-CALDERA\johnny.douche"
901,MY-CAL-WIN10.my-caldera.local,22,"Dns query:
RuleName: -
UtcTime: 2024-08-20 03:59:39.313
ProcessGuid: {ca24abc9-14a3-66c4-731d-000000001d00}
ProcessId: 19124
QueryName: securedocker.blob.core.windows.net
QueryStatus: 9003
QueryResults: type:  6 ns1-64.azure-dns.com;
Image: C:\Windows\System32\WindowsPowerShell\v1.0\powershell.exe
User: MY-CALDERA\johnny.douche"
902,MY-CAL-WIN10.my-caldera.local,22,"Dns query:
RuleName: -
UtcTime: 2024-08-20 03:59:39.378
ProcessGuid: {ca24abc9-14a3-66c4-731d-000000001d00}
ProcessId: 19124
QueryName: exesecure.blob.core.windows.net
QueryStatus: 9003
QueryResults: type:  6 ns1-64.azure-dns.com;
Image: C:\Windows\System32\WindowsPowerShell\v1.0\powershell.exe
User: MY-CALDERA\johnny.douche"
903,MY-CAL-WIN10.my-caldera.local,22,"Dns query:
RuleName: -
UtcTime: 2024-08-20 03:59:39.411
ProcessGuid: {ca24abc9-14a3-66c4-731d-000000001d00}
ProcessId: 19124
QueryName: secureexe.blob.core.windows.net
QueryStatus: 9003
QueryResults: type:  6 ns1-64.azure-dns.com;
Image: C:\Windows\System32\WindowsPowerShell\v1.0\powershell.exe
User: MY-CALDERA\johnny.douche"
904,MY-CAL-WIN10.my-caldera.local,22,"Dns query:
RuleName: -
UtcTime: 2024-08-20 03:59:39.469
ProcessGuid: {ca24abc9-14a3-66c4-731d-000000001d00}
ProcessId: 19124
QueryName: filessecure.blob.core.windows.net
QueryStatus: 9003
QueryResults: type:  6 ns1-64.azure-dns.com;
Image: C:\Windows\System32\WindowsPowerShell\v1.0\powershell.exe
User: MY-CALDERA\johnny.douche"
905,MY-CAL-WIN10.my-caldera.local,22,"Dns query:
RuleName: -
UtcTime: 2024-08-20 03:59:39.541
ProcessGuid: {ca24abc9-14a3-66c4-731d-000000001d00}
ProcessId: 19124
QueryName: securefiles.blob.core.windows.net
QueryStatus: 0
QueryResults: type:  5 blob.dub27prdstr03a.store.core.windows.net;::ffff:20.209.105.139;type:  6 ns1-05.azure-dns.com;
Image: C:\Windows\System32\WindowsPowerShell\v1.0\powershell.exe
User: MY-CALDERA\johnny.douche"
906,MY-CAL-WIN10.my-caldera.local,22,"Dns query:
RuleName: -
UtcTime: 2024-08-20 03:59:39.602
ProcessGuid: {ca24abc9-14a3-66c4-731d-000000001d00}
ProcessId: 19124
QueryName: filestoragesecure.blob.core.windows.net
QueryStatus: 9003
QueryResults: type:  6 ns1-64.azure-dns.com;
Image: C:\Windows\System32\WindowsPowerShell\v1.0\powershell.exe
User: MY-CALDERA\johnny.douche"
907,MY-CAL-WIN10.my-caldera.local,22,"Dns query:
RuleName: -
UtcTime: 2024-08-20 03:59:39.643
ProcessGuid: {ca24abc9-14a3-66c4-731d-000000001d00}
ProcessId: 19124
QueryName: securefilestorage.blob.core.windows.net
QueryStatus: 9003
QueryResults: type:  6 ns1-64.azure-dns.com;
Image: C:\Windows\System32\WindowsPowerShell\v1.0\powershell.exe
User: MY-CALDERA\johnny.douche"
908,MY-CAL-WIN10.my-caldera.local,22,"Dns query:
RuleName: -
UtcTime: 2024-08-20 03:59:39.699
ProcessGuid: {ca24abc9-14a3-66c4-731d-000000001d00}
ProcessId: 19124
QueryName: financesecure.blob.core.windows.net
QueryStatus: 9003
QueryResults: type:  6 ns1-64.azure-dns.com;
Image: C:\Windows\System32\WindowsPowerShell\v1.0\powershell.exe
User: MY-CALDERA\johnny.douche"
909,MY-CAL-WIN10.my-caldera.local,22,"Dns query:
RuleName: -
UtcTime: 2024-08-20 03:59:39.734
ProcessGuid: {ca24abc9-14a3-66c4-731d-000000001d00}
ProcessId: 19124
QueryName: securefinance.blob.core.windows.net
QueryStatus: 9003
QueryResults: type:  6 ns1-64.azure-dns.com;
Image: C:\Windows\System32\WindowsPowerShell\v1.0\powershell.exe
User: MY-CALDERA\johnny.douche"
910,MY-CAL-WIN10.my-caldera.local,22,"Dns query:
RuleName: -
UtcTime: 2024-08-20 03:59:39.797
ProcessGuid: {ca24abc9-14a3-66c4-731d-000000001d00}
ProcessId: 19124
QueryName: githubsecure.blob.core.windows.net
QueryStatus: 9003
QueryResults: type:  6 ns1-64.azure-dns.com;
Image: C:\Windows\System32\WindowsPowerShell\v1.0\powershell.exe
User: MY-CALDERA\johnny.douche"
911,MY-CAL-WIN10.my-caldera.local,22,"Dns query:
RuleName: -
UtcTime: 2024-08-20 03:59:39.834
ProcessGuid: {ca24abc9-14a3-66c4-731d-000000001d00}
ProcessId: 19124
QueryName: securegithub.blob.core.windows.net
QueryStatus: 9003
QueryResults: type:  6 ns1-64.azure-dns.com;
Image: C:\Windows\System32\WindowsPowerShell\v1.0\powershell.exe
User: MY-CALDERA\johnny.douche"
912,MY-CAL-WIN10.my-caldera.local,22,"Dns query:
RuleName: -
UtcTime: 2024-08-20 03:59:39.897
ProcessGuid: {ca24abc9-14a3-66c4-731d-000000001d00}
ProcessId: 19124
QueryName: gitlabsecure.blob.core.windows.net
QueryStatus: 9003
QueryResults: type:  6 ns1-64.azure-dns.com;
Image: C:\Windows\System32\WindowsPowerShell\v1.0\powershell.exe
User: MY-CALDERA\johnny.douche"
913,MY-CAL-WIN10.my-caldera.local,22,"Dns query:
RuleName: -
UtcTime: 2024-08-20 03:59:39.934
ProcessGuid: {ca24abc9-14a3-66c4-731d-000000001d00}
ProcessId: 19124
QueryName: securegitlab.blob.core.windows.net
QueryStatus: 9003
QueryResults: type:  6 ns1-64.azure-dns.com;
Image: C:\Windows\System32\WindowsPowerShell\v1.0\powershell.exe
User: MY-CALDERA\johnny.douche"
914,MY-CAL-WIN10.my-caldera.local,22,"Dns query:
RuleName: -
UtcTime: 2024-08-20 03:59:40.000
ProcessGuid: {ca24abc9-14a3-66c4-731d-000000001d00}
ProcessId: 19124
QueryName: hiddensecure.blob.core.windows.net
QueryStatus: 9003
QueryResults: type:  6 ns1-64.azure-dns.com;
Image: C:\Windows\System32\WindowsPowerShell\v1.0\powershell.exe
User: MY-CALDERA\johnny.douche"
915,MY-CAL-WIN10.my-caldera.local,22,"Dns query:
RuleName: -
UtcTime: 2024-08-20 03:59:40.033
ProcessGuid: {ca24abc9-14a3-66c4-731d-000000001d00}
ProcessId: 19124
QueryName: securehidden.blob.core.windows.net
QueryStatus: 9003
QueryResults: type:  6 ns1-64.azure-dns.com;
Image: C:\Windows\System32\WindowsPowerShell\v1.0\powershell.exe
User: MY-CALDERA\johnny.douche"
916,MY-CAL-WIN10.my-caldera.local,22,"Dns query:
RuleName: -
UtcTime: 2024-08-20 03:59:42.842
ProcessGuid: {ca24abc9-14a3-66c4-731d-000000001d00}
ProcessId: 19124
QueryName: servicesecure.blob.core.windows.net
QueryStatus: 9003
QueryResults: type:  6 ns1-64.azure-dns.com;
Image: C:\Windows\System32\WindowsPowerShell\v1.0\powershell.exe
User: MY-CALDERA\johnny.douche"
917,MY-CAL-WIN10.my-caldera.local,22,"Dns query:
RuleName: -
UtcTime: 2024-08-20 03:59:42.880
ProcessGuid: {ca24abc9-14a3-66c4-731d-000000001d00}
ProcessId: 19124
QueryName: secureservice.blob.core.windows.net
QueryStatus: 9003
QueryResults: type:  6 ns1-64.azure-dns.com;
Image: C:\Windows\System32\WindowsPowerShell\v1.0\powershell.exe
User: MY-CALDERA\johnny.douche"
918,MY-CAL-WIN10.my-caldera.local,22,"Dns query:
RuleName: -
UtcTime: 2024-08-20 03:59:42.942
ProcessGuid: {ca24abc9-14a3-66c4-731d-000000001d00}
ProcessId: 19124
QueryName: servicessecure.blob.core.windows.net
QueryStatus: 9003
QueryResults: type:  6 ns1-64.azure-dns.com;
Image: C:\Windows\System32\WindowsPowerShell\v1.0\powershell.exe
User: MY-CALDERA\johnny.douche"
919,MY-CAL-WIN10.my-caldera.local,22,"Dns query:
RuleName: -
UtcTime: 2024-08-20 03:59:42.983
ProcessGuid: {ca24abc9-14a3-66c4-731d-000000001d00}
ProcessId: 19124
QueryName: secureservices.blob.core.windows.net
QueryStatus: 9003
QueryResults: type:  6 ns1-64.azure-dns.com;
Image: C:\Windows\System32\WindowsPowerShell\v1.0\powershell.exe
User: MY-CALDERA\johnny.douche"
920,MY-CAL-WIN10.my-caldera.local,22,"Dns query:
RuleName: -
UtcTime: 2024-08-20 03:59:43.051
ProcessGuid: {ca24abc9-14a3-66c4-731d-000000001d00}
ProcessId: 19124
QueryName: sitesecure.blob.core.windows.net
QueryStatus: 9003
QueryResults: type:  6 ns1-64.azure-dns.com;
Image: C:\Windows\System32\WindowsPowerShell\v1.0\powershell.exe
User: MY-CALDERA\johnny.douche"
921,MY-CAL-WIN10.my-caldera.local,22,"Dns query:
RuleName: -
UtcTime: 2024-08-20 04:00:23.667
ProcessGuid: {ca24abc9-07a4-66c4-9919-000000001d00}
ProcessId: 14412
QueryName: MY-CAL-WIN10
QueryStatus: 0
QueryResults: fe80::b523:a2e6:d54c:210a;fe80::e780:23dd:6c8c:c7a8;fe80::3a82:bcc3:184c:5cc2;::ffff:192.168.56.1;::ffff:169.254.132.157;::ffff:172.16.26.234;
Image: C:\Program Files (x86)\Microsoft Office\root\Office16\WINWORD.EXE
User: MY-CALDERA\johnny.douche"
922,MY-CAL-WIN10.my-caldera.local,22,"Dns query:
RuleName: -
UtcTime: 2024-08-20 04:00:39.559
ProcessGuid: {ca24abc9-d62f-66c3-4800-000000001d00}
ProcessId: 3432
QueryName: omex.cdn.office.net
QueryStatus: 0
QueryResults: type:  5 omex.cdn.office.net.akamaized.net;type:  5 a1864.dscd.akamai.net;23.43.242.145;23.43.242.144;
Image: C:\Program Files\Windows Defender Advanced Threat Protection\MsSense.exe
User: NT AUTHORITY\SYSTEM"
923,MY-CAL-WIN10.my-caldera.local,22,"Dns query:
RuleName: -
UtcTime: 2024-08-20 02:10:44.591
ProcessGuid: {ca24abc9-fb23-66c3-8e12-000000001d00}
ProcessId: 164
QueryName: raw.githubusercontent.com
QueryStatus: 0
QueryResults: ::ffff:185.199.108.133;::ffff:185.199.110.133;::ffff:185.199.111.133;::ffff:185.199.109.133;
Image: C:\Windows\System32\WindowsPowerShell\v1.0\powershell.exe
User: MY-CALDERA\johnny.douche"
924,MY-CAL-WIN10.my-caldera.local,22,"Dns query:
RuleName: -
UtcTime: 2024-08-20 03:55:29.800
ProcessGuid: {ca24abc9-13ad-66c4-5c1d-000000001d00}
ProcessId: 19092
QueryName: www.powershellgallery.com
QueryStatus: 0
QueryResults: type:  5 frontdoor-powershellgallery-cthqd0epb9c7c8fe.z01.azurefd.net;type:  5 star-azurefd-prod.trafficmanager.net;type:  5 shed.dual-low.s-part-0007.t-0009.t-msedge.net;type:  5 s-part-0007.t-0009.t-msedge.net;::ffff:13.107.246.35;
Image: C:\Windows\System32\WindowsPowerShell\v1.0\powershell.exe
User: MY-CALDERA\johnny.douche"
925,MY-CAL-WIN10.my-caldera.local,22,"Dns query:
RuleName: -
UtcTime: 2024-08-20 03:41:05.996
ProcessGuid: {ca24abc9-104d-66c4-2b1c-000000001d00}
ProcessId: 18068
QueryName: api.playanext.com
QueryStatus: 0
QueryResults: type:  5 d1atxff5avezsq.cloudfront.net;::ffff:3.161.213.75;::ffff:3.161.213.82;::ffff:3.161.213.83;::ffff:3.161.213.99;
Image: C:\Users\johnny.douche\Desktop\AnyDesk.exe
User: MY-CALDERA\johnny.douche"
926,MY-CAL-WIN10.my-caldera.local,22,"Dns query:
RuleName: -
UtcTime: 2024-08-20 03:41:06.688
ProcessGuid: {ca24abc9-d62f-66c3-4800-000000001d00}
ProcessId: 3432
QueryName: api.playanext.com
QueryStatus: 9701
QueryResults: -
Image: C:\Program Files\Windows Defender Advanced Threat Protection\MsSense.exe
User: NT AUTHORITY\SYSTEM"
927,MY-CAL-WIN10.my-caldera.local,22,"Dns query:
RuleName: -
UtcTime: 2024-08-20 03:41:06.690
ProcessGuid: {ca24abc9-d62f-66c3-4800-000000001d00}
ProcessId: 3432
QueryName: boot.net.anydesk.com
QueryStatus: 0
QueryResults: 57.129.37.75;
Image: C:\Program Files\Windows Defender Advanced Threat Protection\MsSense.exe
User: NT AUTHORITY\SYSTEM"
928,MY-CAL-WIN10.my-caldera.local,22,"Dns query:
RuleName: -
UtcTime: 2024-08-20 03:41:06.700
ProcessGuid: {ca24abc9-d62f-66c3-4800-000000001d00}
ProcessId: 3432
QueryName: relay-dc7501e7.net.anydesk.com
QueryStatus: 0
QueryResults: 92.38.177.14;
Image: C:\Program Files\Windows Defender Advanced Threat Protection\MsSense.exe
User: NT AUTHORITY\SYSTEM"
929,MY-CAL-WIN10.my-caldera.local,22,"Dns query:
RuleName: -
UtcTime: 2024-08-20 03:42:29.520
ProcessGuid: {ca24abc9-d62f-66c3-4800-000000001d00}
ProcessId: 3432
QueryName: launch.getgo.com
QueryStatus: 0
QueryResults: type:  5 launch.services.goto.com;type:  5 launcher-rest-new.live.corecollab.ucc-prod.eva.goto.com;23.239.230.239;
Image: C:\Program Files\Windows Defender Advanced Threat Protection\MsSense.exe
User: NT AUTHORITY\SYSTEM"
930,MY-CAL-WIN10.my-caldera.local,22,"Dns query:
RuleName: -
UtcTime: 2024-08-20 03:42:29.521
ProcessGuid: {ca24abc9-d62f-66c3-4800-000000001d00}
ProcessId: 3432
QueryName: accounts.logme.in
QueryStatus: 0
QueryResults: type:  5 wildcard-san.accounts.logme.in.edgekey.net;type:  5 e7489.b.akamaiedge.net;184.84.37.127;
Image: C:\Program Files\Windows Defender Advanced Threat Protection\MsSense.exe
User: NT AUTHORITY\SYSTEM"
931,MY-CAL-WIN10.my-caldera.local,22,"Dns query:
RuleName: -
UtcTime: 2024-08-20 03:42:29.521
ProcessGuid: {ca24abc9-d62f-66c3-4800-000000001d00}
ProcessId: 3432
QueryName: webservice.logmein.com
QueryStatus: 0
QueryResults: type:  5 secure.logmein.com.akadns.net;158.120.29.233;
Image: C:\Program Files\Windows Defender Advanced Threat Protection\MsSense.exe
User: NT AUTHORITY\SYSTEM"
932,MY-CAL-WIN10.my-caldera.local,22,"Dns query:
RuleName: -
UtcTime: 2024-08-20 03:42:29.522
ProcessGuid: {ca24abc9-d62f-66c3-4800-000000001d00}
ProcessId: 3432
QueryName: asterisk.webservice.logmein.com
QueryStatus: 0
QueryResults: type:  5 secure.logmein.com.akadns.net;158.120.29.154;
Image: C:\Program Files\Windows Defender Advanced Threat Protection\MsSense.exe
User: NT AUTHORITY\SYSTEM"
933,MY-CAL-WIN10.my-caldera.local,22,"Dns query:
RuleName: -
UtcTime: 2024-08-20 03:42:34.208
ProcessGuid: {ca24abc9-10a5-66c4-3c1c-000000001d00}
ProcessId: 20108
QueryName: launch.getgo.com
QueryStatus: 0
QueryResults: type:  5 launch.services.goto.com;type:  5 launcher-rest-new.live.corecollab.ucc-prod.eva.goto.com;::ffff:23.239.230.239;
Image: C:\Users\johnny.douche\Downloads\GoToAssist.exe
User: MY-CALDERA\johnny.douche"
934,MY-CAL-WIN10.my-caldera.local,22,"Dns query:
RuleName: -
UtcTime: 2024-08-20 03:44:24.194
ProcessGuid: {ca24abc9-1116-66c4-791c-000000001d00}
ProcessId: 8384
QueryName: raw.githubusercontent.com
QueryStatus: 0
QueryResults: ::ffff:185.199.108.133;::ffff:185.199.110.133;::ffff:185.199.109.133;::ffff:185.199.111.133;
Image: C:\Windows\System32\wbem\WMIC.exe
User: MY-CALDERA\johnny.douche"
935,MY-CAL-WIN10.my-caldera.local,22,"Dns query:
RuleName: -
UtcTime: 2024-08-20 03:44:24.344
ProcessGuid: {ca24abc9-d62f-66c3-4800-000000001d00}
ProcessId: 3432
QueryName: authentication.logmeininc.com
QueryStatus: 9701
QueryResults: -
Image: C:\Program Files\Windows Defender Advanced Threat Protection\MsSense.exe
User: NT AUTHORITY\SYSTEM"
936,MY-CAL-WIN10.my-caldera.local,22,"Dns query:
RuleName: -
UtcTime: 2024-08-20 04:00:11.922
ProcessGuid: {ca24abc9-14a3-66c4-731d-000000001d00}
ProcessId: 19124
QueryName: azuresecure.blob.core.windows.net
QueryStatus: 0
QueryResults: type:  5 blob.iad01prdstr12a.store.core.windows.net;::ffff:20.60.220.97;
Image: C:\Windows\System32\WindowsPowerShell\v1.0\powershell.exe
User: MY-CALDERA\johnny.douche"
937,MY-CAL-WIN10.my-caldera.local,22,"Dns query:
RuleName: -
UtcTime: 2024-08-20 04:00:12.088
ProcessGuid: {ca24abc9-d62f-66c3-4800-000000001d00}
ProcessId: 3432
QueryName: azuresecure.blob.core.windows.net
QueryStatus: 0
QueryResults: type:  5 blob.iad01prdstr12a.store.core.windows.net;20.60.220.97;
Image: C:\Program Files\Windows Defender Advanced Threat Protection\MsSense.exe
User: NT AUTHORITY\SYSTEM"
938,MY-CAL-WIN10.my-caldera.local,22,"Dns query:
RuleName: -
UtcTime: 2024-08-20 04:00:03.320
ProcessGuid: {ca24abc9-14a3-66c4-731d-000000001d00}
ProcessId: 19124
QueryName: secureapi.blob.core.windows.net
QueryStatus: 0
QueryResults: type:  5 blob.blz21prdstr01a.store.core.windows.net;::ffff:52.239.155.228;
Image: C:\Windows\System32\WindowsPowerShell\v1.0\powershell.exe
User: MY-CALDERA\johnny.douche"
939,MY-CAL-WIN10.my-caldera.local,22,"Dns query:
RuleName: -
UtcTime: 2024-08-20 04:00:26.279
ProcessGuid: {ca24abc9-d62f-66c3-4800-000000001d00}
ProcessId: 3432
QueryName: azuresecure.blob.core.windows.net
QueryStatus: 9701
QueryResults: -
Image: C:\Program Files\Windows Defender Advanced Threat Protection\MsSense.exe
User: NT AUTHORITY\SYSTEM"
940,MY-CAL-WIN10.my-caldera.local,22,"Dns query:
RuleName: -
UtcTime: 2024-08-20 04:00:26.279
ProcessGuid: {ca24abc9-d62f-66c3-4800-000000001d00}
ProcessId: 3432
QueryName: secureimages.blob.core.windows.net
QueryStatus: 9701
QueryResults: -
Image: C:\Program Files\Windows Defender Advanced Threat Protection\MsSense.exe
User: NT AUTHORITY\SYSTEM"
941,MY-CAL-WIN10.my-caldera.local,22,"Dns query:
RuleName: -
UtcTime: 2024-08-20 04:00:26.279
ProcessGuid: {ca24abc9-d62f-66c3-4800-000000001d00}
ProcessId: 3432
QueryName: secureimages.blob.core.windows.net
QueryStatus: 0
QueryResults: type:  5 blob.by5prdstr09a.store.core.windows.net;20.150.35.4;
Image: C:\Program Files\Windows Defender Advanced Threat Protection\MsSense.exe
User: NT AUTHORITY\SYSTEM"
942,MY-CAL-WIN10.my-caldera.local,22,"Dns query:
RuleName: -
UtcTime: 2024-08-20 04:00:26.279
ProcessGuid: {ca24abc9-d62f-66c3-4800-000000001d00}
ProcessId: 3432
QueryName: securelogs.blob.core.windows.net
QueryStatus: 9701
QueryResults: -
Image: C:\Program Files\Windows Defender Advanced Threat Protection\MsSense.exe
User: NT AUTHORITY\SYSTEM"
943,MY-CAL-WIN10.my-caldera.local,22,"Dns query:
RuleName: -
UtcTime: 2024-08-20 04:00:26.279
ProcessGuid: {ca24abc9-d62f-66c3-4800-000000001d00}
ProcessId: 3432
QueryName: securelogs.blob.core.windows.net
QueryStatus: 0
QueryResults: type:  5 blob.syd27prdstr05c.store.core.windows.net;20.60.183.11;
Image: C:\Program Files\Windows Defender Advanced Threat Protection\MsSense.exe
User: NT AUTHORITY\SYSTEM"
944,MY-CAL-WIN10.my-caldera.local,22,"Dns query:
RuleName: -
UtcTime: 2024-08-20 04:00:26.280
ProcessGuid: {ca24abc9-d62f-66c3-4800-000000001d00}
ProcessId: 3432
QueryName: securetmp.blob.core.windows.net
QueryStatus: 9701
QueryResults: -
Image: C:\Program Files\Windows Defender Advanced Threat Protection\MsSense.exe
User: NT AUTHORITY\SYSTEM"
945,MY-CAL-WIN10.my-caldera.local,22,"Dns query:
RuleName: -
UtcTime: 2024-08-20 04:00:26.280
ProcessGuid: {ca24abc9-d62f-66c3-4800-000000001d00}
ProcessId: 3432
QueryName: securetmp.blob.core.windows.net
QueryStatus: 0
QueryResults: type:  5 blob.sat20prdstr03a.store.core.windows.net;20.60.140.36;
Image: C:\Program Files\Windows Defender Advanced Threat Protection\MsSense.exe
User: NT AUTHORITY\SYSTEM"
946,MY-CAL-WIN10.my-caldera.local,22,"Dns query:
RuleName: -
UtcTime: 2024-08-20 04:00:26.280
ProcessGuid: {ca24abc9-d62f-66c3-4800-000000001d00}
ProcessId: 3432
QueryName: mysecure.blob.core.windows.net
QueryStatus: 9701
QueryResults: -
Image: C:\Program Files\Windows Defender Advanced Threat Protection\MsSense.exe
User: NT AUTHORITY\SYSTEM"
947,MY-CAL-WIN10.my-caldera.local,22,"Dns query:
RuleName: -
UtcTime: 2024-08-20 04:00:26.280
ProcessGuid: {ca24abc9-d62f-66c3-4800-000000001d00}
ProcessId: 3432
QueryName: mysecure.blob.core.windows.net
QueryStatus: 0
QueryResults: type:  5 blob.cpq21prdstrz02a.store.core.windows.net;type:  5 blob.cpq21prdstrz02a.trafficmanager.net;191.233.128.164;20.60.37.43;191.235.249.161;
Image: C:\Program Files\Windows Defender Advanced Threat Protection\MsSense.exe
User: NT AUTHORITY\SYSTEM"
948,MY-CAL-WIN10.my-caldera.local,22,"Dns query:
RuleName: -
UtcTime: 2024-08-20 04:00:26.281
ProcessGuid: {ca24abc9-d62f-66c3-4800-000000001d00}
ProcessId: 3432
QueryName: secureprod.blob.core.windows.net
QueryStatus: 9701
QueryResults: -
Image: C:\Program Files\Windows Defender Advanced Threat Protection\MsSense.exe
User: NT AUTHORITY\SYSTEM"
949,MY-CAL-WIN10.my-caldera.local,22,"Dns query:
RuleName: -
UtcTime: 2024-08-20 04:00:26.281
ProcessGuid: {ca24abc9-d62f-66c3-4800-000000001d00}
ProcessId: 3432
QueryName: secureprod.blob.core.windows.net
QueryStatus: 0
QueryResults: type:  5 blob.ams22prdstr03a.store.core.windows.net;20.150.83.196;
Image: C:\Program Files\Windows Defender Advanced Threat Protection\MsSense.exe
User: NT AUTHORITY\SYSTEM"
950,MY-CAL-WIN10.my-caldera.local,22,"Dns query:
RuleName: -
UtcTime: 2024-08-20 04:00:26.281
ProcessGuid: {ca24abc9-d62f-66c3-4800-000000001d00}
ProcessId: 3432
QueryName: storageaccountsecure.blob.core.windows.net
QueryStatus: 9701
QueryResults: -
Image: C:\Program Files\Windows Defender Advanced Threat Protection\MsSense.exe
User: NT AUTHORITY\SYSTEM"
951,MY-CAL-WIN10.my-caldera.local,22,"Dns query:
RuleName: -
UtcTime: 2024-08-20 04:00:26.281
ProcessGuid: {ca24abc9-d62f-66c3-4800-000000001d00}
ProcessId: 3432
QueryName: storageaccountsecure.blob.core.windows.net
QueryStatus: 0
QueryResults: type:  5 blob.ch2prdstr03a.store.core.windows.net;20.150.126.4;
Image: C:\Program Files\Windows Defender Advanced Threat Protection\MsSense.exe
User: NT AUTHORITY\SYSTEM"
952,MY-CAL-WIN10.my-caldera.local,22,"Dns query:
RuleName: -
UtcTime: 2024-08-20 04:00:26.281
ProcessGuid: {ca24abc9-d62f-66c3-4800-000000001d00}
ProcessId: 3432
QueryName: securestorage.blob.core.windows.net
QueryStatus: 9701
QueryResults: -
Image: C:\Program Files\Windows Defender Advanced Threat Protection\MsSense.exe
User: NT AUTHORITY\SYSTEM"
953,MY-CAL-WIN10.my-caldera.local,22,"Dns query:
RuleName: -
UtcTime: 2024-08-20 04:00:26.282
ProcessGuid: {ca24abc9-d62f-66c3-4800-000000001d00}
ProcessId: 3432
QueryName: securestorage.blob.core.windows.net
QueryStatus: 0
QueryResults: type:  5 blob.blaprdstr05a.store.core.windows.net;52.239.154.100;
Image: C:\Program Files\Windows Defender Advanced Threat Protection\MsSense.exe
User: NT AUTHORITY\SYSTEM"
954,MY-CAL-WIN10.my-caldera.local,22,"Dns query:
RuleName: -
UtcTime: 2024-05-23 20:53:27.977
ProcessGuid: {ca24abc9-bf60-66c4-f08d-000000001900}
ProcessId: 10988
QueryName: www.xboxab.com
QueryStatus: 0
QueryResults: type:  5 www-xboxab-com.e-0012.e-msedge.net;type:  5 e-0012.e-msedge.net;::ffff:13.107.5.91;
Image: C:\Program Files\WindowsApps\Microsoft.XboxGamingOverlay_7.124.3191.0_x64__8wekyb3d8bbwe\GameBar.exe
User: MY-CALDERA\johnny.douche"
955,MY-CAL-WIN10.my-caldera.local,22,"Dns query:
RuleName: -
UtcTime: 2024-05-23 21:17:47.903
ProcessGuid: {ca24abc9-c517-66c4-fe8e-000000001900}
ProcessId: 16232
QueryName: MY-CAL-DC.my-caldera.local
QueryStatus: 0
QueryResults: ::ffff:172.16.26.226;
Image: C:\Windows\system32\BackgroundTaskHost.exe
User: MY-CALDERA\johnny.douche"
956,MY-CAL-WIN10.my-caldera.local,22,"Dns query:
RuleName: -
UtcTime: 2024-05-23 21:17:47.925
ProcessGuid: {ca24abc9-c517-66c4-fe8e-000000001900}
ProcessId: 16232
QueryName: MY-CAL-DC.my-caldera.local
QueryStatus: 0
QueryResults: ::ffff:172.16.26.226;
Image: C:\Windows\system32\BackgroundTaskHost.exe
User: MY-CALDERA\johnny.douche"
957,MY-CAL-WIN10.my-caldera.local,22,"Dns query:
RuleName: -
UtcTime: 2024-05-23 21:17:48.357
ProcessGuid: {ca24abc9-c517-66c4-fe8e-000000001900}
ProcessId: 16232
QueryName: MY-CAL-DC.my-caldera.local
QueryStatus: 0
QueryResults: ::ffff:172.16.26.226;
Image: C:\Windows\system32\BackgroundTaskHost.exe
User: MY-CALDERA\johnny.douche"
958,MY-CAL-WIN10.my-caldera.local,22,"Dns query:
RuleName: -
UtcTime: 2024-05-23 21:20:07.630
ProcessGuid: {ca24abc9-c58e-66c4-258f-000000001900}
ProcessId: 20616
QueryName: MY-CAL-WIN10
QueryStatus: 0
QueryResults: fe80::3a82:bcc3:184c:5cc2;::ffff:172.16.26.234;
Image: C:\Windows\system32\wbem\wmiprvse.exe
User: NT AUTHORITY\NETWORK SERVICE"
959,MY-CAL-WIN10.my-caldera.local,22,"Dns query:
RuleName: -
UtcTime: 2024-05-23 21:20:12.494
ProcessGuid: {ca24abc9-c58e-66c4-258f-000000001900}
ProcessId: 20616
QueryName: MY-CAL-WIN10
QueryStatus: 0
QueryResults: fe80::3a82:bcc3:184c:5cc2;::ffff:172.16.26.234;
Image: C:\Windows\system32\wbem\wmiprvse.exe
User: NT AUTHORITY\NETWORK SERVICE"
960,MY-CAL-WIN10.my-caldera.local,22,"Dns query:
RuleName: -
UtcTime: 2024-05-23 21:00:33.202
ProcessGuid: {ca24abc9-bf34-66c4-e08d-000000001900}
ProcessId: 8768
QueryName: oneclient.sfx.ms
QueryStatus: 0
QueryResults: type:  5 oneclient.sfx.ms.edgekey.net;type:  5 e9659.dspg.akamaiedge.net;::ffff:23.199.49.81;
Image: C:\Program Files\Microsoft OneDrive\Update\OneDriveSetup.exe
User: NT AUTHORITY\SYSTEM"
961,MY-CAL-WIN10.my-caldera.local,22,"Dns query:
RuleName: -
UtcTime: 2024-05-23 21:00:55.676
ProcessGuid: {ca24abc9-ac5b-664f-a98d-000000001900}
ProcessId: 3332
QueryName: oneclient.sfx.ms
QueryStatus: 0
QueryResults: type:  5 oneclient.sfx.ms.edgekey.net;type:  5 e9659.dspg.akamaiedge.net;::ffff:23.199.49.81;
Image: C:\Windows\System32\svchost.exe
User: NT AUTHORITY\SYSTEM"
962,MY-CAL-WIN10.my-caldera.local,22,"Dns query:
