RuleName: -
UtcTime: 2024-08-20 02:15:24.447
ProcessGuid: {ca24abc9-fc38-66c3-be13-000000001d00}
ProcessId: 6004
QueryName: raw.githubusercontent.com
QueryStatus: 0
QueryResults: ::ffff:185.199.108.133;::ffff:185.199.110.133;::ffff:185.199.111.133;::ffff:185.199.109.133;
Image: C:\Windows\System32\WindowsPowerShell\v1.0\powershell.exe
User: MY-CALDERA\johnny.douche"
427,MY-CAL-WIN10.my-caldera.local,22,"Dns query:
RuleName: -
UtcTime: 2024-08-20 02:15:48.284
ProcessGuid: {ca24abc9-fc53-66c3-c813-000000001d00}
ProcessId: 11868
QueryName: raw.githubusercontent.com
QueryStatus: 0
QueryResults: ::ffff:185.199.108.133;::ffff:185.199.110.133;::ffff:185.199.111.133;::ffff:185.199.109.133;
Image: C:\Windows\System32\WindowsPowerShell\v1.0\powershell.exe
User: MY-CALDERA\johnny.douche"
428,MY-CAL-WIN10.my-caldera.local,22,"Dns query:
RuleName: -
UtcTime: 2024-08-20 02:20:10.136
ProcessGuid: {ca24abc9-fd41-66c3-7415-000000001d00}
ProcessId: 15644
QueryName: bing.com
QueryStatus: 1460
QueryResults: -
Image: C:\Windows\System32\WindowsPowerShell\v1.0\powershell.exe
User: MY-CALDERA\johnny.douche"
429,MY-CAL-WIN10.my-caldera.local,22,"Dns query:
RuleName: -
UtcTime: 2024-08-20 02:20:22.274
ProcessGuid: {ca24abc9-d62b-66c3-2600-000000001d00}
ProcessId: 1808
QueryName: bing.com
QueryStatus: 1460
QueryResults: -
Image: C:\Windows\System32\svchost.exe
User: NT AUTHORITY\NETWORK SERVICE"
430,MY-CAL-WIN10.my-caldera.local,22,"Dns query:
RuleName: -
UtcTime: 2024-08-20 02:23:40.935
ProcessGuid: {ca24abc9-fe2c-66c3-d115-000000001d00}
ProcessId: 14196
QueryName: raw.githubusercontent.com
QueryStatus: 1460
QueryResults: -
Image: C:\Windows\System32\WindowsPowerShell\v1.0\powershell.exe
User: MY-CALDERA\johnny.douche"
431,MY-CAL-WIN10.my-caldera.local,22,"Dns query:
RuleName: -
UtcTime: 2024-08-20 02:23:42.679
ProcessGuid: {ca24abc9-fe2e-66c3-d515-000000001d00}
ProcessId: 9604
QueryName: MY-CAL-DC
QueryStatus: 0
QueryResults: fe80::d0df:4cbf:efa5:4c1d;::ffff:172.16.26.226;
Image: C:\Windows\System32\WindowsPowerShell\v1.0\powershell.exe
User: MY-CALDERA\johnny.douche"
432,MY-CAL-WIN10.my-caldera.local,22,"Dns query:
RuleName: -
UtcTime: 2024-08-20 02:24:11.569
ProcessGuid: {ca24abc9-fe3f-66c3-e415-000000001d00}
ProcessId: 15036
QueryName: MY-CALDERA
QueryStatus: 1460
QueryResults: -
Image: C:\AtomicRedTeam\ExternalPayloads\AdFind.exe
User: MY-CALDERA\johnny.douche"
433,MY-CAL-WIN10.my-caldera.local,22,"Dns query:
RuleName: -
UtcTime: 2024-08-20 01:50:28.307
ProcessGuid: {ca24abc9-f65e-66c3-8a11-000000001d00}
ProcessId: 16364
QueryName: _ldap._tcp.Default-First-Site-Name._sites.MY-CAL-DC.MY-CALDERA.LOCAL.
QueryStatus: 9003
QueryResults: -
Image: C:\Windows\System32\WindowsPowerShell\v1.0\powershell.exe
User: MY-CALDERA\johnny.douche"
434,MY-CAL-WIN10.my-caldera.local,22,"Dns query:
RuleName: -
UtcTime: 2024-08-20 01:50:28.307
ProcessGuid: {ca24abc9-f65e-66c3-8a11-000000001d00}
ProcessId: 16364
QueryName: _ldap._tcp.MY-CAL-DC.MY-CALDERA.LOCAL.
QueryStatus: 9003
QueryResults: -
Image: C:\Windows\System32\WindowsPowerShell\v1.0\powershell.exe
User: MY-CALDERA\johnny.douche"
435,MY-CAL-WIN10.my-caldera.local,22,"Dns query:
RuleName: -
UtcTime: 2024-08-20 01:50:28.369
ProcessGuid: {ca24abc9-f65e-66c3-8a11-000000001d00}
ProcessId: 16364
QueryName: MY-CAL-DC.MY-CALDERA.LOCAL
QueryStatus: 9003
QueryResults: -
Image: C:\Windows\System32\WindowsPowerShell\v1.0\powershell.exe
User: MY-CALDERA\johnny.douche"
436,MY-CAL-WIN10.my-caldera.local,22,"Dns query:
RuleName: -
UtcTime: 2024-08-20 01:57:36.865
ProcessGuid: {ca24abc9-f7c1-66c3-1112-000000001d00}
ProcessId: 14376
QueryName: atomicredteam-962976.127.0.0.1.nip.io
QueryStatus: 1460
QueryResults: -
Image: C:\Windows\System32\WindowsPowerShell\v1.0\powershell.exe
User: MY-CALDERA\johnny.douche"
437,MY-CAL-WIN10.my-caldera.local,22,"Dns query:
RuleName: -
UtcTime: 2024-08-20 01:58:05.016
ProcessGuid: {ca24abc9-f7c1-66c3-1112-000000001d00}
ProcessId: 14376
QueryName: atomicredteam-876048.127.0.0.1.nip.io
QueryStatus: 1460
QueryResults: -
Image: C:\Windows\System32\WindowsPowerShell\v1.0\powershell.exe
User: MY-CALDERA\johnny.douche"
438,MY-CAL-WIN10.my-caldera.local,22,"Dns query:
RuleName: -
UtcTime: 2024-08-20 01:58:28.928
ProcessGuid: {ca24abc9-f83a-66c3-1a12-000000001d00}
ProcessId: 14308
QueryName: atomicredteam.176150.127.0.0.1.nip.io
QueryStatus: 1460
QueryResults: -
Image: C:\Windows\System32\WindowsPowerShell\v1.0\powershell.exe
User: MY-CALDERA\johnny.douche"
439,MY-CAL-WIN10.my-caldera.local,22,"Dns query:
RuleName: -
UtcTime: 2024-08-20 02:51:42.818
ProcessGuid: {ca24abc9-04b1-66c4-2e18-000000001d00}
ProcessId: 15904
QueryName: example.com
QueryStatus: 1460
QueryResults: -
Image: C:\Windows\System32\WindowsPowerShell\v1.0\powershell.exe
User: MY-CALDERA\johnny.douche"
440,MY-CAL-WIN10.my-caldera.local,22,"Dns query:
RuleName: -
UtcTime: 2024-08-20 02:57:20.283
ProcessGuid: {ca24abc9-05ff-66c4-a918-000000001d00}
ProcessId: 8064
QueryName: uci.cdn.office.net
QueryStatus: 1460
QueryResults: -
Image: C:\Program Files (x86)\Microsoft Office\root\Office16\EXCEL.EXE
User: MY-CALDERA\johnny.douche"
441,MY-CAL-WIN10.my-caldera.local,22,"Dns query:
RuleName: -
UtcTime: 2024-08-20 02:57:41.476
ProcessGuid: {ca24abc9-0620-66c4-b718-000000001d00}
ProcessId: 11256
QueryName: otelrules.svc.static.microsoft
QueryStatus: 1460
QueryResults: -
Image: C:\Program Files (x86)\Microsoft Office\root\Office16\POWERPNT.EXE
User: MY-CALDERA\johnny.douche"
442,MY-CAL-WIN10.my-caldera.local,22,"Dns query:
RuleName: -
UtcTime: 2024-08-20 02:57:59.076
ProcessGuid: {ca24abc9-0636-66c4-c618-000000001d00}
ProcessId: 3044
QueryName: raw.githubusercontent.com
QueryStatus: 1460
QueryResults: -
Image: C:\Windows\System32\WindowsPowerShell\v1.0\powershell.exe
User: MY-CALDERA\johnny.douche"
443,MY-CAL-WIN10.my-caldera.local,22,"Dns query:
RuleName: -
UtcTime: 2024-08-20 02:27:49.885
ProcessGuid: {ca24abc9-ff19-66c3-ff15-000000001d00}
ProcessId: 160
QueryName: raw.githubusercontent.com
QueryStatus: 1460
QueryResults: -
Image: C:\Windows\System32\WindowsPowerShell\v1.0\powershell.exe
User: MY-CALDERA\johnny.douche"
444,MY-CAL-WIN10.my-caldera.local,22,"Dns query:
RuleName: -
UtcTime: 2024-08-20 02:28:30.072
ProcessGuid: {ca24abc9-ff4c-66c3-3416-000000001d00}
ProcessId: 14896
QueryName: raw.githubusercontent.com
QueryStatus: 1460
QueryResults: -
Image: C:\Windows\System32\svchost.exe
User: NT AUTHORITY\SYSTEM"
445,MY-CAL-WIN10.my-caldera.local,22,"Dns query:
RuleName: -
UtcTime: 2024-08-20 00:22:21.526
ProcessGuid: {ca24abc9-e1bc-66c3-dc03-000000001d00}
ProcessId: 9396
QueryName: nmap.org
QueryStatus: 0
QueryResults: ::ffff:50.116.1.184;
Image: C:\Windows\System32\WindowsPowerShell\v1.0\powershell.exe
User: MY-CALDERA\johnny.douche"
446,MY-CAL-WIN10.my-caldera.local,22,"Dns query:
RuleName: -
UtcTime: 2024-08-20 00:23:57.930
ProcessGuid: {ca24abc9-d62f-66c3-4800-000000001d00}
ProcessId: 3432
QueryName: downloads.rclone.org
QueryStatus: 9701
QueryResults: -
Image: C:\Program Files\Windows Defender Advanced Threat Protection\MsSense.exe
User: NT AUTHORITY\SYSTEM"
447,MY-CAL-WIN10.my-caldera.local,22,"Dns query:
RuleName: -
UtcTime: 2024-08-20 00:23:59.227
ProcessGuid: {ca24abc9-e20f-66c3-f203-000000001d00}
ProcessId: 7656
QueryName: www.powershellgallery.com
QueryStatus: 1460
QueryResults: -
Image: C:\Windows\System32\WindowsPowerShell\v1.0\powershell.exe
User: MY-CALDERA\johnny.douche"
448,MY-CAL-WIN10.my-caldera.local,22,"Dns query:
RuleName: -
UtcTime: 2024-08-20 00:23:59.237
ProcessGuid: {ca24abc9-e20f-66c3-f203-000000001d00}
ProcessId: 7656
QueryName: www.powershellgallery.com
QueryStatus: 9701
QueryResults: -
Image: C:\Windows\System32\WindowsPowerShell\v1.0\powershell.exe
User: MY-CALDERA\johnny.douche"
449,MY-CAL-WIN10.my-caldera.local,22,"Dns query:
RuleName: -
UtcTime: 2024-08-20 00:24:59.859
ProcessGuid: {ca24abc9-d62c-66c3-3900-000000001d00}
ProcessId: 2796
QueryName: wpad
QueryStatus: 9701
QueryResults: -
Image: C:\Windows\System32\svchost.exe
User: NT AUTHORITY\LOCAL SERVICE"
450,MY-CAL-WIN10.my-caldera.local,22,"Dns query:
RuleName: -
UtcTime: 2024-08-20 00:25:25.914
ProcessGuid: {ca24abc9-d62b-66c3-2600-000000001d00}
ProcessId: 1808
QueryName: wpad.my-caldera.local
QueryStatus: 1460
QueryResults: -
Image: C:\Windows\System32\svchost.exe
User: NT AUTHORITY\NETWORK SERVICE"
451,MY-CAL-WIN10.my-caldera.local,22,"Dns query:
RuleName: -
UtcTime: 2024-08-20 00:27:20.540
ProcessGuid: {ca24abc9-e2e8-66c3-7604-000000001d00}
ProcessId: 2108
QueryName: nim-lang.org
QueryStatus: 9701
QueryResults: -
Image: C:\Windows\System32\WindowsPowerShell\v1.0\powershell.exe
User: MY-CALDERA\johnny.douche"
452,MY-CAL-WIN10.my-caldera.local,22,"Dns query:
RuleName: -
UtcTime: 2024-08-20 00:27:40.610
ProcessGuid: {ca24abc9-e2ee-66c3-7e04-000000001d00}
ProcessId: 2876
QueryName: www.powershellgallery.com
QueryStatus: 1460
QueryResults: -
Image: C:\Windows\System32\WindowsPowerShell\v1.0\powershell.exe
User: MY-CALDERA\johnny.douche"
453,MY-CAL-WIN10.my-caldera.local,22,"Dns query:
RuleName: -
UtcTime: 2024-08-20 00:27:40.618
ProcessGuid: {ca24abc9-e2ee-66c3-7e04-000000001d00}
ProcessId: 2876
QueryName: www.powershellgallery.com
QueryStatus: 9701
QueryResults: -
Image: C:\Windows\System32\WindowsPowerShell\v1.0\powershell.exe
User: MY-CALDERA\johnny.douche"
454,MY-CAL-WIN10.my-caldera.local,22,"Dns query:
RuleName: -
UtcTime: 2024-08-20 00:27:44.705
ProcessGuid: {ca24abc9-e300-66c3-8604-000000001d00}
ProcessId: 9508
QueryName: github.com
QueryStatus: 9701
QueryResults: -
Image: C:\Windows\System32\WindowsPowerShell\v1.0\powershell.exe
User: MY-CALDERA\johnny.douche"
455,MY-CAL-WIN10.my-caldera.local,22,"Dns query:
RuleName: -
UtcTime: 2024-08-20 00:28:31.377
ProcessGuid: {ca24abc9-e321-66c3-a904-000000001d00}
ProcessId: 4932
QueryName: www.powershellgallery.com
QueryStatus: 1460
QueryResults: -
Image: C:\Windows\System32\WindowsPowerShell\v1.0\powershell.exe
User: MY-CALDERA\johnny.douche"
456,MY-CAL-WIN10.my-caldera.local,22,"Dns query:
RuleName: -
UtcTime: 2024-08-20 00:28:31.385
ProcessGuid: {ca24abc9-e321-66c3-a904-000000001d00}
ProcessId: 4932
QueryName: www.powershellgallery.com
QueryStatus: 9701
QueryResults: -
Image: C:\Windows\System32\WindowsPowerShell\v1.0\powershell.exe
User: MY-CALDERA\johnny.douche"
457,MY-CAL-WIN10.my-caldera.local,22,"Dns query:
RuleName: -
UtcTime: 2024-08-20 00:29:28.447
ProcessGuid: {ca24abc9-e365-66c3-e504-000000001d00}
ProcessId: 4444
QueryName: www.powershellgallery.com
QueryStatus: 9701
QueryResults: -
Image: C:\Windows\System32\WindowsPowerShell\v1.0\powershell.exe
User: MY-CALDERA\johnny.douche"
458,MY-CAL-WIN10.my-caldera.local,22,"Dns query:
RuleName: -
UtcTime: 2024-08-20 01:10:05.934
ProcessGuid: {ca24abc9-d62f-66c3-4800-000000001d00}
ProcessId: 3432
QueryName: nmap.org
QueryStatus: 9701
QueryResults: -
Image: C:\Program Files\Windows Defender Advanced Threat Protection\MsSense.exe
User: NT AUTHORITY\SYSTEM"
459,MY-CAL-WIN10.my-caldera.local,22,"Dns query:
RuleName: -
UtcTime: 2024-08-20 02:23:32.030
ProcessGuid: {ca24abc9-d62b-66c3-2600-000000001d00}
ProcessId: 1808
QueryName: _gc._tcp.Default-First-Site-Name._sites.my-caldera.local.
QueryStatus: 1460
QueryResults: -
Image: C:\Windows\System32\svchost.exe
User: NT AUTHORITY\NETWORK SERVICE"
460,MY-CAL-WIN10.my-caldera.local,22,"Dns query:
RuleName: -
UtcTime: 2024-08-20 02:17:49.569
ProcessGuid: {ca24abc9-fccc-66c3-ca13-000000001d00}
ProcessId: 14212
QueryName: raw.githubusercontent.com
QueryStatus: 1460
QueryResults: -
Image: C:\Windows\System32\WindowsPowerShell\v1.0\powershell.exe
User: MY-CALDERA\johnny.douche"
461,MY-CAL-WIN10.my-caldera.local,22,"Dns query:
RuleName: -
UtcTime: 2024-08-20 02:23:59.471
ProcessGuid: {ca24abc9-fe3f-66c3-e415-000000001d00}
ProcessId: 15036
QueryName: _ldap._tcp.Default-First-Site-Name._sites.MY-CALDERA.
QueryStatus: 1460
QueryResults: -
Image: C:\AtomicRedTeam\ExternalPayloads\AdFind.exe
User: MY-CALDERA\johnny.douche"
462,MY-CAL-WIN10.my-caldera.local,22,"Dns query:
RuleName: -
UtcTime: 2024-08-20 02:23:58.806
ProcessGuid: {ca24abc9-fe32-66c3-e015-000000001d00}
ProcessId: 11152
QueryName: MY-CALDERA
QueryStatus: 1460
QueryResults: -
Image: C:\AtomicRedTeam\ExternalPayloads\AdFind.exe
User: MY-CALDERA\johnny.douche"
463,MY-CAL-WIN10.my-caldera.local,22,"Dns query:
RuleName: -
UtcTime: 2024-08-20 02:27:33.006
ProcessGuid: {ca24abc9-ff09-66c3-f915-000000001d00}
ProcessId: 1860
QueryName: raw.githubusercontent.com
QueryStatus: 1460
QueryResults: -
Image: C:\Windows\System32\WindowsPowerShell\v1.0\powershell.exe
User: MY-CALDERA\johnny.douche"
464,MY-CAL-WIN10.my-caldera.local,22,"Dns query:
RuleName: -
UtcTime: 2024-08-20 02:57:02.303
ProcessGuid: {ca24abc9-05fd-66c4-a818-000000001d00}
ProcessId: 11540
QueryName: support.content.office.net
QueryStatus: 1460
QueryResults: -
Image: C:\Program Files (x86)\Microsoft Office\root\Office16\EXCEL.EXE
User: MY-CALDERA\johnny.douche"
465,MY-CAL-WIN10.my-caldera.local,22,"Dns query:
RuleName: -
UtcTime: 2024-08-20 02:44:30.098
ProcessGuid: {ca24abc9-0301-66c4-c917-000000001d00}
ProcessId: 2072
QueryName: support.content.office.net
QueryStatus: 1460
QueryResults: -
Image: C:\Program Files (x86)\Microsoft Office\root\Office16\OUTLOOK.EXE
User: MY-CALDERA\johnny.douche"
466,MY-CAL-WIN10.my-caldera.local,22,"Dns query:
RuleName: -
UtcTime: 2024-08-20 02:44:30.396
ProcessGuid: {ca24abc9-0301-66c4-c917-000000001d00}
ProcessId: 2072
QueryName: omex.cdn.office.net
QueryStatus: 1460
QueryResults: -
Image: C:\Program Files (x86)\Microsoft Office\root\Office16\OUTLOOK.EXE
User: MY-CALDERA\johnny.douche"
467,MY-CAL-WIN10.my-caldera.local,22,"Dns query:
RuleName: -
UtcTime: 2024-08-20 01:40:36.072
ProcessGuid: {ca24abc9-f413-66c3-9f10-000000001d00}
ProcessId: 11960
QueryName: raw.githubusercontent.com
QueryStatus: 0
QueryResults: ::ffff:185.199.108.133;::ffff:185.199.110.133;::ffff:185.199.111.133;::ffff:185.199.109.133;
Image: C:\Windows\System32\mshta.exe
User: MY-CALDERA\johnny.douche"
468,MY-CAL-WIN10.my-caldera.local,22,"Dns query:
RuleName: -
UtcTime: 2024-08-20 01:42:26.416
ProcessGuid: {ca24abc9-d62f-66c3-4800-000000001d00}
ProcessId: 3432
QueryName: dns.google.com
QueryStatus: 9701
QueryResults: -
Image: C:\Program Files\Windows Defender Advanced Threat Protection\MsSense.exe
User: NT AUTHORITY\SYSTEM"
469,MY-CAL-WIN10.my-caldera.local,22,"Dns query:
RuleName: -
UtcTime: 2024-08-20 01:42:26.418
ProcessGuid: {ca24abc9-d62f-66c3-4800-000000001d00}
ProcessId: 3432
QueryName: file.io
QueryStatus: 9701
QueryResults: -
Image: C:\Program Files\Windows Defender Advanced Threat Protection\MsSense.exe
User: NT AUTHORITY\SYSTEM"
470,MY-CAL-WIN10.my-caldera.local,22,"Dns query:
RuleName: -
UtcTime: 2024-08-20 02:49:05.849
ProcessGuid: {ca24abc9-0421-66c4-f717-000000001d00}
ProcessId: 15708
QueryName: raw.githubusercontent.com
QueryStatus: 1460
QueryResults: -
Image: C:\Windows\System32\WindowsPowerShell\v1.0\powershell.exe
User: MY-CALDERA\johnny.douche"
471,MY-CAL-WIN10.my-caldera.local,22,"Dns query:
RuleName: -
UtcTime: 2024-08-20 02:52:27.303
ProcessGuid: {ca24abc9-04ea-66c4-3418-000000001d00}
ProcessId: 9316
QueryName: raw.githubusercontent.com
QueryStatus: 1460
QueryResults: -
Image: C:\Windows\System32\WindowsPowerShell\v1.0\powershell.exe
User: MY-CALDERA\johnny.douche"
472,MY-CAL-WIN10.my-caldera.local,22,"Dns query:
RuleName: -
UtcTime: 2024-08-20 02:52:26.333
ProcessGuid: {ca24abc9-04de-66c4-3218-000000001d00}
ProcessId: 4048
QueryName: raw.githubusercontent.com
QueryStatus: 1460
QueryResults: -
Image: C:\Windows\System32\WindowsPowerShell\v1.0\powershell.exe
User: MY-CALDERA\johnny.douche"
473,MY-CAL-WIN10.my-caldera.local,22,"Dns query:
RuleName: -
UtcTime: 2024-08-20 02:56:52.413
ProcessGuid: {ca24abc9-05e0-66c4-a418-000000001d00}
ProcessId: 13332
QueryName: support.content.office.net
QueryStatus: 1460
QueryResults: -
Image: C:\Program Files (x86)\Microsoft Office\root\Office16\EXCEL.EXE
User: MY-CALDERA\johnny.douche"
474,MY-CAL-WIN10.my-caldera.local,22,"Dns query:
RuleName: -
UtcTime: 2024-08-20 02:57:17.251
ProcessGuid: {ca24abc9-05ff-66c4-a918-000000001d00}
ProcessId: 8064
QueryName: metadata.templates.cdn.office.net
QueryStatus: 1460
QueryResults: -
Image: C:\Program Files (x86)\Microsoft Office\root\Office16\EXCEL.EXE
User: MY-CALDERA\johnny.douche"
475,MY-CAL-WIN10.my-caldera.local,22,"Dns query:
RuleName: -
UtcTime: 2024-08-20 02:57:17.378
ProcessGuid: {ca24abc9-05ff-66c4-a918-000000001d00}
ProcessId: 8064
QueryName: support.content.office.net
QueryStatus: 1460
QueryResults: -
Image: C:\Program Files (x86)\Microsoft Office\root\Office16\EXCEL.EXE
User: MY-CALDERA\johnny.douche"
476,MY-CAL-WIN10.my-caldera.local,22,"Dns query:
RuleName: -
UtcTime: 2024-08-20 02:57:53.955
ProcessGuid: {ca24abc9-0625-66c4-c218-000000001d00}
ProcessId: 11208
QueryName: commondatastorage.googleapis.com
QueryStatus: 1460
QueryResults: -
Image: C:\Windows\System32\WindowsPowerShell\v1.0\powershell.exe
User: MY-CALDERA\johnny.douche"
477,MY-CAL-WIN10.my-caldera.local,22,"Dns query:
RuleName: -
UtcTime: 2024-08-20 02:57:54.146
ProcessGuid: {ca24abc9-0625-66c4-c218-000000001d00}
ProcessId: 11208
QueryName: github.com
QueryStatus: 1460
QueryResults: -
Image: C:\Windows\System32\WindowsPowerShell\v1.0\powershell.exe
User: MY-CALDERA\johnny.douche"
478,MY-CAL-WIN10.my-caldera.local,22,"Dns query:
RuleName: -
UtcTime: 2024-08-20 02:00:28.420
ProcessGuid: {ca24abc9-f8b3-66c3-2212-000000001d00}
ProcessId: 13012
QueryName: 028.a.a.a.a.127.0.0.1.nip.io
QueryStatus: 1460
QueryResults: -
Image: C:\Windows\System32\WindowsPowerShell\v1.0\powershell.exe
User: MY-CALDERA\johnny.douche"
479,MY-CAL-WIN10.my-caldera.local,22,"Dns query:
RuleName: -
UtcTime: 2024-08-20 02:00:49.675
ProcessGuid: {ca24abc9-f8b3-66c3-2212-000000001d00}
ProcessId: 13012
QueryName: 031.atom.a.a.a.127.0.0.1.nip.io
QueryStatus: 1460
QueryResults: -
Image: C:\Windows\System32\WindowsPowerShell\v1.0\powershell.exe
User: MY-CALDERA\johnny.douche"
480,MY-CAL-WIN10.my-caldera.local,22,"Dns query:
RuleName: -
UtcTime: 2024-08-20 02:01:03.722
ProcessGuid: {ca24abc9-f8b3-66c3-2212-000000001d00}
ProcessId: 13012
QueryName: 033.atomic.a.a.a.127.0.0.1.nip.io
QueryStatus: 1460
QueryResults: -
Image: C:\Windows\System32\WindowsPowerShell\v1.0\powershell.exe
User: MY-CALDERA\johnny.douche"
481,MY-CAL-WIN10.my-caldera.local,22,"Dns query:
RuleName: -
UtcTime: 2024-08-20 02:02:00.032
ProcessGuid: {ca24abc9-f8b3-66c3-2212-000000001d00}
ProcessId: 13012
QueryName: 041.atomicredteama.a.a.a.127.0.0.1.nip.io
QueryStatus: 1460
QueryResults: -
Image: C:\Windows\System32\WindowsPowerShell\v1.0\powershell.exe
User: MY-CALDERA\johnny.douche"
482,MY-CAL-WIN10.my-caldera.local,22,"Dns query:
RuleName: -
UtcTime: 2024-08-20 02:03:09.250
ProcessGuid: {ca24abc9-f958-66c3-5312-000000001d00}
ProcessId: 13136
QueryName: MY-CAL-WIN10
QueryStatus: 0
QueryResults: 192.168.56.1;169.254.132.157;172.16.26.234;
Image: C:\Windows\System32\WindowsPowerShell\v1.0\powershell.exe
User: MY-CALDERA\johnny.douche"
483,MY-CAL-WIN10.my-caldera.local,22,"Dns query:
RuleName: -
UtcTime: 2024-08-20 01:11:36.364
ProcessGuid: {ca24abc9-ed3c-66c3-200a-000000001d00}
ProcessId: 1072
QueryName: github.com
QueryStatus: 1460
QueryResults: -
Image: C:\Windows\System32\WindowsPowerShell\v1.0\powershell.exe
User: MY-CALDERA\johnny.douche"
484,MY-CAL-WIN10.my-caldera.local,22,"Dns query:
RuleName: -
UtcTime: 2024-08-20 01:13:10.183
ProcessGuid: {ca24abc9-eda5-66c3-760a-000000001d00}
ProcessId: 8220
QueryName: MY-CAL-WIN10
QueryStatus: 0
QueryResults: 192.168.56.1;169.254.132.157;172.16.26.234;
Image: C:\AtomicRedTeam\ExternalPayloads\T1003.004\bin\PsExec.exe
User: MY-CALDERA\johnny.douche"
485,MY-CAL-WIN10.my-caldera.local,22,"Dns query:
RuleName: -
UtcTime: 2024-08-20 01:13:10.399
ProcessGuid: {ca24abc9-d62b-66c3-2600-000000001d00}
ProcessId: 1808
QueryName: MY-CAL-WIN10
QueryStatus: 0
QueryResults: fe80::b523:a2e6:d54c:210a;fe80::e780:23dd:6c8c:c7a8;fe80::3a82:bcc3:184c:5cc2;::ffff:192.168.56.1;::ffff:169.254.132.157;::ffff:172.16.26.234;
Image: C:\Windows\System32\svchost.exe
User: NT AUTHORITY\NETWORK SERVICE"
486,MY-CAL-WIN10.my-caldera.local,22,"Dns query:
RuleName: -
UtcTime: 2024-08-20 01:13:10.545
ProcessGuid: {ca24abc9-d62f-66c3-4800-000000001d00}
ProcessId: 3432
QueryName: www.tightvnc.com
QueryStatus: 9701
QueryResults: -
Image: C:\Program Files\Windows Defender Advanced Threat Protection\MsSense.exe
User: NT AUTHORITY\SYSTEM"
487,MY-CAL-WIN10.my-caldera.local,22,"Dns query:
RuleName: -
UtcTime: 2024-08-20 01:13:10.545
ProcessGuid: {ca24abc9-d62f-66c3-4800-000000001d00}
ProcessId: 3432
QueryName: npcap.com
QueryStatus: 9701
QueryResults: -
Image: C:\Program Files\Windows Defender Advanced Threat Protection\MsSense.exe
User: NT AUTHORITY\SYSTEM"
488,MY-CAL-WIN10.my-caldera.local,22,"Dns query:
RuleName: -
UtcTime: 2024-08-20 03:40:37.645
ProcessGuid: {ca24abc9-d62f-66c3-4800-000000001d00}
ProcessId: 3432
QueryName: dl.teamviewer.com
QueryStatus: 0
QueryResults: type:  5 dl.teamviewer.com.cdn.cloudflare.net;104.16.62.16;104.16.63.16;
Image: C:\Program Files\Windows Defender Advanced Threat Protection\MsSense.exe
User: NT AUTHORITY\SYSTEM"
489,MY-CAL-WIN10.my-caldera.local,22,"Dns query:
RuleName: -
UtcTime: 2024-08-20 03:42:25.613
ProcessGuid: {ca24abc9-108f-66c4-371c-000000001d00}
ProcessId: 12872
QueryName: asterisk.webservice.logmein.com
QueryStatus: 0
QueryResults: type:  5 secure.logmein.com.akadns.net;::ffff:158.120.29.154;
Image: C:\Program Files (x86)\LogMeIn Ignition\LMIIgnition.exe
User: MY-CALDERA\johnny.douche"
490,MY-CAL-WIN10.my-caldera.local,22,"Dns query:
RuleName: -
UtcTime: 2024-08-20 03:42:26.053
ProcessGuid: {ca24abc9-108f-66c4-371c-000000001d00}
ProcessId: 12872
QueryName: accounts.logme.in
QueryStatus: 0
QueryResults: type:  5 wildcard-san.accounts.logme.in.edgekey.net;type:  5 e7489.b.akamaiedge.net;::ffff:184.84.37.127;
Image: C:\Program Files (x86)\LogMeIn Ignition\LMIIgnition.exe
User: MY-CALDERA\johnny.douche"
491,MY-CAL-WIN10.my-caldera.local,22,"Dns query:
RuleName: -
UtcTime: 2024-08-20 03:42:26.451
ProcessGuid: {ca24abc9-1092-66c4-381c-000000001d00}
ProcessId: 19464
QueryName: launch.getgo.com
QueryStatus: 0
QueryResults: type:  5 launch.services.goto.com;type:  5 launcher-rest-new.live.corecollab.ucc-prod.eva.goto.com;::ffff:23.239.230.239;
Image: C:\Windows\System32\WindowsPowerShell\v1.0\powershell.exe
User: MY-CALDERA\johnny.douche"
492,MY-CAL-WIN10.my-caldera.local,22,"Dns query:
RuleName: -
UtcTime: 2024-08-20 03:43:22.345
ProcessGuid: {ca24abc9-10d8-66c4-5b1c-000000001d00}
ProcessId: 12488
QueryName: github.com
QueryStatus: 0
QueryResults: ::ffff:140.82.112.4;
Image: C:\Windows\System32\WindowsPowerShell\v1.0\powershell.exe
User: MY-CALDERA\johnny.douche"
493,MY-CAL-WIN10.my-caldera.local,22,"Dns query:
RuleName: -
UtcTime: 2024-08-20 03:43:22.440
ProcessGuid: {ca24abc9-d62f-66c3-4800-000000001d00}
ProcessId: 3432
QueryName: github.com
QueryStatus: 0
QueryResults: 140.82.112.4;
Image: C:\Program Files\Windows Defender Advanced Threat Protection\MsSense.exe
User: NT AUTHORITY\SYSTEM"
494,MY-CAL-WIN10.my-caldera.local,22,"Dns query:
RuleName: -
UtcTime: 2024-08-20 03:43:22.722
ProcessGuid: {ca24abc9-10d8-66c4-5b1c-000000001d00}
ProcessId: 12488
QueryName: objects.githubusercontent.com
QueryStatus: 0
QueryResults: ::ffff:185.199.109.133;::ffff:185.199.108.133;::ffff:185.199.111.133;::ffff:185.199.110.133;
Image: C:\Windows\System32\WindowsPowerShell\v1.0\powershell.exe
User: MY-CALDERA\johnny.douche"
495,MY-CAL-WIN10.my-caldera.local,22,"Dns query:
RuleName: -
UtcTime: 2024-08-20 02:02:07.082
ProcessGuid: {ca24abc9-f8b3-66c3-2212-000000001d00}
ProcessId: 13012
QueryName: 042.atomicredteamat.a.a.a.127.0.0.1.nip.io
QueryStatus: 1460
QueryResults: -
Image: C:\Windows\System32\WindowsPowerShell\v1.0\powershell.exe
User: MY-CALDERA\johnny.douche"
496,MY-CAL-WIN10.my-caldera.local,22,"Dns query:
RuleName: -
UtcTime: 2024-08-20 02:04:02.857
ProcessGuid: {ca24abc9-f982-66c3-5912-000000001d00}
ProcessId: 14244
QueryName: raw.githubusercontent.com
QueryStatus: 0
QueryResults: ::ffff:185.199.108.133;::ffff:185.199.110.133;::ffff:185.199.111.133;::ffff:185.199.109.133;
Image: C:\Windows\System32\WindowsPowerShell\v1.0\powershell.exe
User: MY-CALDERA\johnny.douche"
497,MY-CAL-WIN10.my-caldera.local,22,"Dns query:
RuleName: -
UtcTime: 2024-08-20 02:04:30.464
ProcessGuid: {ca24abc9-f982-66c3-5912-000000001d00}
ProcessId: 14244
QueryName: github.com
QueryStatus: 1460
QueryResults: -
Image: C:\Windows\System32\WindowsPowerShell\v1.0\powershell.exe
User: MY-CALDERA\johnny.douche"
498,MY-CAL-WIN10.my-caldera.local,22,"Dns query:
RuleName: -
UtcTime: 2024-08-20 02:07:36.418
ProcessGuid: {ca24abc9-d62b-66c3-2600-000000001d00}
ProcessId: 1808
QueryName: _ldap._tcp.Default-First-Site-Name._sites.MY-CAL-WIN10.
QueryStatus: 1460
QueryResults: -
Image: C:\Windows\System32\svchost.exe
User: NT AUTHORITY\NETWORK SERVICE"
499,MY-CAL-WIN10.my-caldera.local,22,"Dns query:
RuleName: -
UtcTime: 2024-08-20 02:08:43.549
ProcessGuid: {ca24abc9-faaa-66c3-8812-000000001d00}
ProcessId: 6316
QueryName: raw.githubusercontent.com
QueryStatus: 0
QueryResults: ::ffff:185.199.108.133;::ffff:185.199.110.133;::ffff:185.199.111.133;::ffff:185.199.109.133;
Image: C:\Windows\System32\WindowsPowerShell\v1.0\powershell.exe
User: MY-CALDERA\johnny.douche"
500,MY-CAL-WIN10.my-caldera.local,22,"Dns query:
RuleName: -
UtcTime: 2024-08-20 02:02:14.113
ProcessGuid: {ca24abc9-f8b3-66c3-2212-000000001d00}
ProcessId: 13012
QueryName: 043.atomicredteamato.a.a.a.127.0.0.1.nip.io
QueryStatus: 1460
QueryResults: -
Image: C:\Windows\System32\WindowsPowerShell\v1.0\powershell.exe
User: MY-CALDERA\johnny.douche"
501,MY-CAL-WIN10.my-caldera.local,22,"Dns query:
RuleName: -
UtcTime: 2024-08-20 02:05:47.452
ProcessGuid: {ca24abc9-f9e3-66c3-7d12-000000001d00}
ProcessId: 12716
QueryName: MY-CALDERA
QueryStatus: 1460
QueryResults: -
Image: C:\Windows\System32\cscript.exe
User: MY-CALDERA\johnny.douche"
502,MY-CAL-WIN10.my-caldera.local,22,"Dns query:
RuleName: -
UtcTime: 2024-08-20 02:18:07.784
ProcessGuid: {ca24abc9-fcce-66c3-cc13-000000001d00}
ProcessId: 11660
QueryName: www.powershellgallery.com
QueryStatus: 1460
QueryResults: -
Image: C:\Windows\System32\WindowsPowerShell\v1.0\powershell.exe
User: MY-CALDERA\johnny.douche"
503,MY-CAL-WIN10.my-caldera.local,22,"Dns query:
RuleName: -
UtcTime: 2024-08-20 02:23:02.815
ProcessGuid: {ca24abc9-fe06-66c3-aa15-000000001d00}
ProcessId: 16148
QueryName: MY-CAL-WIN10
QueryStatus: 0
QueryResults: fe80::b523:a2e6:d54c:210a;fe80::e780:23dd:6c8c:c7a8;fe80::3a82:bcc3:184c:5cc2;::ffff:192.168.56.1;::ffff:169.254.132.157;::ffff:172.16.26.234;
Image: C:\Windows\System32\quser.exe
User: MY-CALDERA\johnny.douche"
504,MY-CAL-WIN10.my-caldera.local,22,"Dns query:
RuleName: -
UtcTime: 2024-08-20 02:27:37.495
ProcessGuid: {ca24abc9-d62f-66c3-4800-000000001d00}
ProcessId: 3432
QueryName: example.com
QueryStatus: 9701
QueryResults: -
Image: C:\Program Files\Windows Defender Advanced Threat Protection\MsSense.exe
User: NT AUTHORITY\SYSTEM"
505,MY-CAL-WIN10.my-caldera.local,22,"Dns query:
RuleName: -
UtcTime: 2024-08-20 02:28:26.660
ProcessGuid: {ca24abc9-ff4a-66c3-2d16-000000001d00}
ProcessId: 10076
QueryName: raw.githubusercontent.com
QueryStatus: 1460
QueryResults: -
Image: C:\Windows\System32\certutil.exe
User: MY-CALDERA\johnny.douche"
506,MY-CAL-WIN10.my-caldera.local,22,"Dns query:
RuleName: -
UtcTime: 2024-08-20 02:28:27.685
ProcessGuid: {ca24abc9-ff4b-66c3-3016-000000001d00}
ProcessId: 10560
QueryName: raw.githubusercontent.com
QueryStatus: 1460
QueryResults: -
Image: C:\Windows\System32\certutil.exe
User: MY-CALDERA\johnny.douche"
507,MY-CAL-WIN10.my-caldera.local,22,"Dns query:
RuleName: -
UtcTime: 2024-08-20 02:13:20.472
ProcessGuid: {ca24abc9-fbbf-66c3-aa13-000000001d00}
ProcessId: 14160
QueryName: raw.githubusercontent.com
QueryStatus: 0
QueryResults: ::ffff:185.199.108.133;::ffff:185.199.110.133;::ffff:185.199.111.133;::ffff:185.199.109.133;
Image: C:\Windows\System32\WindowsPowerShell\v1.0\powershell.exe
User: MY-CALDERA\johnny.douche"
508,MY-CAL-WIN10.my-caldera.local,22,"Dns query:
RuleName: -
UtcTime: 2024-08-20 03:59:43.760
ProcessGuid: {ca24abc9-14a3-66c4-731d-000000001d00}
ProcessId: 19124
QueryName: sqlsecure.blob.core.windows.net
QueryStatus: 0
QueryResults: type:  5 blob.lon23prdstr05a.store.core.windows.net;::ffff:20.150.40.4;type:  6 ns1-05.azure-dns.com;
Image: C:\Windows\System32\WindowsPowerShell\v1.0\powershell.exe
User: MY-CALDERA\johnny.douche"
509,MY-CAL-WIN10.my-caldera.local,22,"Dns query:
RuleName: -
UtcTime: 2024-08-20 03:59:43.630
ProcessGuid: {ca24abc9-14a3-66c4-731d-000000001d00}
ProcessId: 19124
QueryName: splunksecure.blob.core.windows.net
QueryStatus: 9003
QueryResults: type:  6 ns1-64.azure-dns.com;
Image: C:\Windows\System32\WindowsPowerShell\v1.0\powershell.exe
User: MY-CALDERA\johnny.douche"
510,MY-CAL-WIN10.my-caldera.local,22,"Dns query:
RuleName: -
UtcTime: 2024-08-20 03:59:43.666
ProcessGuid: {ca24abc9-14a3-66c4-731d-000000001d00}
ProcessId: 19124
QueryName: securesplunk.blob.core.windows.net
QueryStatus: 9003
QueryResults: type:  6 ns1-64.azure-dns.com;
Image: C:\Windows\System32\WindowsPowerShell\v1.0\powershell.exe
User: MY-CALDERA\johnny.douche"
511,MY-CAL-WIN10.my-caldera.local,22,"Dns query:
RuleName: -
UtcTime: 2024-08-20 03:59:43.998
ProcessGuid: {ca24abc9-14a3-66c4-731d-000000001d00}
ProcessId: 19124
QueryName: sql-logssecure.blob.core.windows.net
QueryStatus: 9003
QueryResults: type:  6 ns1-64.azure-dns.com;
Image: C:\Windows\System32\WindowsPowerShell\v1.0\powershell.exe
User: MY-CALDERA\johnny.douche"
512,MY-CAL-WIN10.my-caldera.local,22,"Dns query:
RuleName: -
UtcTime: 2024-08-20 03:59:44.025
ProcessGuid: {ca24abc9-14a3-66c4-731d-000000001d00}
ProcessId: 19124
QueryName: securesql-logs.blob.core.windows.net
QueryStatus: 9003
QueryResults: type:  6 ns1-64.azure-dns.com;
Image: C:\Windows\System32\WindowsPowerShell\v1.0\powershell.exe
User: MY-CALDERA\johnny.douche"
513,MY-CAL-WIN10.my-caldera.local,22,"Dns query:
RuleName: -
UtcTime: 2024-08-20 03:59:44.083
ProcessGuid: {ca24abc9-14a3-66c4-731d-000000001d00}
ProcessId: 19124
QueryName: sshsecure.blob.core.windows.net
QueryStatus: 9003
QueryResults: type:  6 ns1-64.azure-dns.com;
Image: C:\Windows\System32\WindowsPowerShell\v1.0\powershell.exe
User: MY-CALDERA\johnny.douche"
514,MY-CAL-WIN10.my-caldera.local,22,"Dns query:
RuleName: -
UtcTime: 2024-08-20 03:59:43.928
ProcessGuid: {ca24abc9-14a3-66c4-731d-000000001d00}
ProcessId: 19124
QueryName: securesql.blob.core.windows.net
QueryStatus: 9003
QueryResults: type:  6 ns1-64.azure-dns.com;
Image: C:\Windows\System32\WindowsPowerShell\v1.0\powershell.exe
User: MY-CALDERA\johnny.douche"
515,MY-CAL-WIN10.my-caldera.local,22,"Dns query:
RuleName: -
UtcTime: 2024-08-20 03:59:43.200
ProcessGuid: {ca24abc9-14a3-66c4-731d-000000001d00}
ProcessId: 19124
QueryName: securesite.blob.core.windows.net
QueryStatus: 0
QueryResults: type:  5 blob.lon26prdstr05a.store.core.windows.net;::ffff:20.60.166.129;type:  6 ns1-05.azure-dns.com;
Image: C:\Windows\System32\WindowsPowerShell\v1.0\powershell.exe
User: MY-CALDERA\johnny.douche"
516,MY-CAL-WIN10.my-caldera.local,22,"Dns query:
RuleName: -
UtcTime: 2024-08-20 03:59:43.533
ProcessGuid: {ca24abc9-14a3-66c4-731d-000000001d00}
ProcessId: 19124
QueryName: slidessecure.blob.core.windows.net
QueryStatus: 9003
QueryResults: type:  6 ns1-64.azure-dns.com;
Image: C:\Windows\System32\WindowsPowerShell\v1.0\powershell.exe
User: MY-CALDERA\johnny.douche"
517,MY-CAL-WIN10.my-caldera.local,22,"Dns query:
RuleName: -
UtcTime: 2024-08-20 03:59:43.567
ProcessGuid: {ca24abc9-14a3-66c4-731d-000000001d00}
ProcessId: 19124
QueryName: secureslides.blob.core.windows.net
QueryStatus: 9003
QueryResults: type:  6 ns1-64.azure-dns.com;
Image: C:\Windows\System32\WindowsPowerShell\v1.0\powershell.exe
User: MY-CALDERA\johnny.douche"
518,MY-CAL-WIN10.my-caldera.local,22,"Dns query:
RuleName: -
UtcTime: 2024-08-20 03:59:48.484
ProcessGuid: {ca24abc9-d62f-66c3-4800-000000001d00}
ProcessId: 3432
QueryName: securestorageaccount.blob.core.windows.net
QueryStatus: 0
QueryResults: type:  5 blob.lvl02prdstr14a.store.core.windows.net;
Image: C:\Program Files\Windows Defender Advanced Threat Protection\MsSense.exe
User: NT AUTHORITY\SYSTEM"
519,MY-CAL-WIN10.my-caldera.local,22,"Dns query:
RuleName: -
UtcTime: 2024-08-20 03:59:48.485
ProcessGuid: {ca24abc9-d62f-66c3-4800-000000001d00}
ProcessId: 3432
QueryName: sqlsecure.blob.core.windows.net
QueryStatus: 9701
QueryResults: -
Image: C:\Program Files\Windows Defender Advanced Threat Protection\MsSense.exe
User: NT AUTHORITY\SYSTEM"
520,MY-CAL-WIN10.my-caldera.local,22,"Dns query:
RuleName: -
UtcTime: 2024-08-20 03:59:48.484
ProcessGuid: {ca24abc9-d62f-66c3-4800-000000001d00}
ProcessId: 3432
QueryName: securedev.blob.core.windows.net
QueryStatus: 9701
QueryResults: -
Image: C:\Program Files\Windows Defender Advanced Threat Protection\MsSense.exe
User: NT AUTHORITY\SYSTEM"
521,MY-CAL-WIN10.my-caldera.local,22,"Dns query:
RuleName: -
UtcTime: 2024-08-20 03:59:47.985
ProcessGuid: {ca24abc9-14a3-66c4-731d-000000001d00}
ProcessId: 19124
QueryName: secure.blob.core.windows.net
QueryStatus: 0
QueryResults: type:  5 blob.lon26prdstr09c.store.core.windows.net;::ffff:20.209.30.1;
Image: C:\Windows\System32\WindowsPowerShell\v1.0\powershell.exe
User: MY-CALDERA\johnny.douche"
522,MY-CAL-WIN10.my-caldera.local,22,"Dns query:
RuleName: -
UtcTime: 2024-08-20 03:59:48.485
ProcessGuid: {ca24abc9-d62f-66c3-4800-000000001d00}
ProcessId: 3432
QueryName: secureapi.blob.core.windows.net
QueryStatus: 9701
QueryResults: -
Image: C:\Program Files\Windows Defender Advanced Threat Protection\MsSense.exe
User: NT AUTHORITY\SYSTEM"
523,MY-CAL-WIN10.my-caldera.local,22,"Dns query:
RuleName: -
UtcTime: 2024-08-20 03:59:48.482
ProcessGuid: {ca24abc9-d62f-66c3-4800-000000001d00}
ProcessId: 3432
QueryName: securedata.blob.core.windows.net
QueryStatus: 9701
QueryResults: -
Image: C:\Program Files\Windows Defender Advanced Threat Protection\MsSense.exe
User: NT AUTHORITY\SYSTEM"
524,MY-CAL-WIN10.my-caldera.local,22,"Dns query:
RuleName: -
UtcTime: 2024-08-20 03:59:48.486
ProcessGuid: {ca24abc9-d62f-66c3-4800-000000001d00}
ProcessId: 3432
QueryName: sqlsecure.blob.core.windows.net
QueryStatus: 0
QueryResults: type:  5 blob.lon23prdstr05a.store.core.windows.net;20.150.40.4;
Image: C:\Program Files\Windows Defender Advanced Threat Protection\MsSense.exe
User: NT AUTHORITY\SYSTEM"
525,MY-CAL-WIN10.my-caldera.local,22,"Dns query:
RuleName: -
UtcTime: 2024-08-20 03:59:48.483
ProcessGuid: {ca24abc9-d62f-66c3-4800-000000001d00}
ProcessId: 3432
QueryName: clientsecure.blob.core.windows.net
QueryStatus: 9701
QueryResults: -
Image: C:\Program Files\Windows Defender Advanced Threat Protection\MsSense.exe
User: NT AUTHORITY\SYSTEM"
526,MY-CAL-WIN10.my-caldera.local,22,"Dns query:
RuleName: -
UtcTime: 2024-08-20 03:59:48.484
ProcessGuid: {ca24abc9-d62f-66c3-4800-000000001d00}
ProcessId: 3432
QueryName: securestorageaccount.blob.core.windows.net
QueryStatus: 0
QueryResults: type:  5 blob.lvl02prdstr14a.store.core.windows.net;20.60.225.1;
Image: C:\Program Files\Windows Defender Advanced Threat Protection\MsSense.exe
User: NT AUTHORITY\SYSTEM"
527,MY-CAL-WIN10.my-caldera.local,22,"Dns query:
RuleName: -
UtcTime: 2024-08-20 02:53:10.058
ProcessGuid: {ca24abc9-0515-66c4-4118-000000001d00}
ProcessId: 11956
QueryName: raw.githubusercontent.com
QueryStatus: 1460
QueryResults: -
Image: C:\Windows\System32\WindowsPowerShell\v1.0\powershell.exe
User: MY-CALDERA\johnny.douche"
528,MY-CAL-WIN10.my-caldera.local,22,"Dns query:
RuleName: -
UtcTime: 2024-08-20 02:53:34.670
ProcessGuid: {ca24abc9-052d-66c4-5f18-000000001d00}
ProcessId: 16376
QueryName: raw.githubusercontent.com
QueryStatus: 1460
QueryResults: -
Image: C:\Windows\System32\WindowsPowerShell\v1.0\powershell.exe
User: MY-CALDERA\johnny.douche"
529,MY-CAL-WIN10.my-caldera.local,22,"Dns query:
RuleName: -
UtcTime: 2024-08-20 02:54:15.596
ProcessGuid: {ca24abc9-054a-66c4-8a18-000000001d00}
ProcessId: 9256
QueryName: augloop.office.com
QueryStatus: 1460
QueryResults: -
Image: C:\Program Files (x86)\Microsoft Office\root\Office16\WINWORD.EXE
User: MY-CALDERA\johnny.douche"
530,MY-CAL-WIN10.my-caldera.local,22,"Dns query:
RuleName: -
UtcTime: 2024-08-20 01:31:00.210
ProcessGuid: {ca24abc9-f1d2-66c3-460f-000000001d00}
ProcessId: 7236
QueryName: MY-CAL-DC.MY-CALDERA.LOCAL
QueryStatus: 9003
QueryResults: -
Image: C:\Windows\System32\WindowsPowerShell\v1.0\powershell.exe
User: MY-CALDERA\johnny.douche"
531,MY-CAL-WIN10.my-caldera.local,22,"Dns query:
RuleName: -
UtcTime: 2024-08-20 01:31:00.209
ProcessGuid: {ca24abc9-f1d2-66c3-460f-000000001d00}
ProcessId: 7236
QueryName: _ldap._tcp.Default-First-Site-Name._sites.MY-CAL-DC.MY-CALDERA.LOCAL.
QueryStatus: 9003
QueryResults: -
Image: C:\Windows\System32\WindowsPowerShell\v1.0\powershell.exe
User: MY-CALDERA\johnny.douche"
532,MY-CAL-WIN10.my-caldera.local,22,"Dns query:
RuleName: -
UtcTime: 2024-08-20 01:31:00.210
ProcessGuid: {ca24abc9-f1d2-66c3-460f-000000001d00}
ProcessId: 7236
QueryName: _ldap._tcp.MY-CAL-DC.MY-CALDERA.LOCAL.
QueryStatus: 9003
QueryResults: -
Image: C:\Windows\System32\WindowsPowerShell\v1.0\powershell.exe
User: MY-CALDERA\johnny.douche"
533,MY-CAL-WIN10.my-caldera.local,22,"Dns query:
RuleName: -
UtcTime: 2024-08-20 01:36:22.776
ProcessGuid: {ca24abc9-d62b-66c3-2600-000000001d00}
ProcessId: 1808
QueryName: MY-CALDERA
QueryStatus: 9003
QueryResults: -
Image: C:\Windows\System32\svchost.exe
User: NT AUTHORITY\NETWORK SERVICE"
534,MY-CAL-WIN10.my-caldera.local,22,"Dns query:
RuleName: -
UtcTime: 2024-08-20 01:36:40.791
ProcessGuid: {ca24abc9-f328-66c3-a50f-000000001d00}
ProcessId: 9360
QueryName: _ldap._tcp.MY-CAL-DC.MY-CALDERA.LOCAL.
QueryStatus: 9003
QueryResults: -
Image: C:\AtomicRedTeam\ExternalPayloads\SharpView.exe
User: MY-CALDERA\johnny.douche"
535,MY-CAL-WIN10.my-caldera.local,22,"Dns query:
RuleName: -
UtcTime: 2024-08-20 01:36:40.796
ProcessGuid: {ca24abc9-f328-66c3-a50f-000000001d00}
ProcessId: 9360
QueryName: MY-CAL-DC.MY-CALDERA.LOCAL
QueryStatus: 9003
QueryResults: -
Image: C:\AtomicRedTeam\ExternalPayloads\SharpView.exe
User: MY-CALDERA\johnny.douche"
536,MY-CAL-WIN10.my-caldera.local,22,"Dns query:
RuleName: -
UtcTime: 2024-08-20 01:36:40.953
ProcessGuid: {ca24abc9-f328-66c3-a60f-000000001d00}
ProcessId: 5544
QueryName: _ldap._tcp.Default-First-Site-Name._sites.MY-CAL-DC.MY-CALDERA.LOCAL.
QueryStatus: 9003
QueryResults: -
Image: C:\AtomicRedTeam\ExternalPayloads\SharpView.exe
User: MY-CALDERA\johnny.douche"
537,MY-CAL-WIN10.my-caldera.local,22,"Dns query:
RuleName: -
UtcTime: 2024-08-20 01:36:40.953
ProcessGuid: {ca24abc9-f328-66c3-a60f-000000001d00}
ProcessId: 5544
QueryName: _ldap._tcp.MY-CAL-DC.MY-CALDERA.LOCAL.
QueryStatus: 9003
QueryResults: -
Image: C:\AtomicRedTeam\ExternalPayloads\SharpView.exe
User: MY-CALDERA\johnny.douche"
538,MY-CAL-WIN10.my-caldera.local,22,"Dns query:
RuleName: -
UtcTime: 2024-08-20 01:36:40.415
ProcessGuid: {ca24abc9-f326-66c3-a40f-000000001d00}
ProcessId: 9816
QueryName: _ldap._tcp.Default-First-Site-Name._sites.MY-CAL-DC.MY-CALDERA.LOCAL.
QueryStatus: 9003
QueryResults: -
Image: C:\AtomicRedTeam\ExternalPayloads\SharpView.exe
User: MY-CALDERA\johnny.douche"
539,MY-CAL-WIN10.my-caldera.local,22,"Dns query:
RuleName: -
UtcTime: 2024-08-20 01:36:40.415
ProcessGuid: {ca24abc9-f326-66c3-a40f-000000001d00}
ProcessId: 9816
QueryName: _ldap._tcp.MY-CAL-DC.MY-CALDERA.LOCAL.
QueryStatus: 9003
QueryResults: -
Image: C:\AtomicRedTeam\ExternalPayloads\SharpView.exe
User: MY-CALDERA\johnny.douche"
540,MY-CAL-WIN10.my-caldera.local,22,"Dns query:
RuleName: -
UtcTime: 2024-08-20 01:36:40.452
ProcessGuid: {ca24abc9-f326-66c3-a40f-000000001d00}
ProcessId: 9816
QueryName: MY-CAL-DC.MY-CALDERA.LOCAL
QueryStatus: 9003
QueryResults: -
Image: C:\AtomicRedTeam\ExternalPayloads\SharpView.exe
User: MY-CALDERA\johnny.douche"
541,MY-CAL-WIN10.my-caldera.local,22,"Dns query:
RuleName: -
UtcTime: 2024-08-20 01:36:40.791
ProcessGuid: {ca24abc9-f328-66c3-a50f-000000001d00}
ProcessId: 9360
QueryName: _ldap._tcp.Default-First-Site-Name._sites.MY-CAL-DC.MY-CALDERA.LOCAL.
QueryStatus: 9003
QueryResults: -
Image: C:\AtomicRedTeam\ExternalPayloads\SharpView.exe
User: MY-CALDERA\johnny.douche"
542,MY-CAL-WIN10.my-caldera.local,22,"Dns query:
RuleName: -
UtcTime: 2024-08-20 01:37:10.401
ProcessGuid: {ca24abc9-f345-66c3-c60f-000000001d00}
ProcessId: 1964
QueryName: raw.githubusercontent.com
QueryStatus: 0
QueryResults: ::ffff:185.199.108.133;::ffff:185.199.110.133;::ffff:185.199.111.133;::ffff:185.199.109.133;
Image: C:\Windows\System32\WindowsPowerShell\v1.0\powershell.exe
User: MY-CALDERA\johnny.douche"
543,MY-CAL-WIN10.my-caldera.local,22,"Dns query:
RuleName: -
UtcTime: 2024-08-20 01:38:38.065
ProcessGuid: {ca24abc9-f38e-66c3-4e10-000000001d00}
ProcessId: 5612
QueryName: support.content.office.net
QueryStatus: 0
QueryResults: type:  5 support.content.office.net.edgekey.net;type:  5 e12627.g.akamaiedge.net;::ffff:23.204.12.219;
Image: C:\Program Files (x86)\Microsoft Office\root\Office16\WINWORD.EXE
User: MY-CALDERA\johnny.douche"
544,MY-CAL-WIN10.my-caldera.local,22,"Dns query:
RuleName: -
UtcTime: 2024-08-20 02:56:29.679
ProcessGuid: {ca24abc9-05d8-66c4-9d18-000000001d00}
ProcessId: 5820
QueryName: support.content.office.net
QueryStatus: 1460
QueryResults: -
Image: C:\Program Files (x86)\Microsoft Office\root\Office16\WINWORD.EXE
User: MY-CALDERA\johnny.douche"
545,MY-CAL-WIN10.my-caldera.local,22,"Dns query:
RuleName: -
UtcTime: 2024-08-20 02:57:20.667
ProcessGuid: {ca24abc9-060b-66c4-ad18-000000001d00}
ProcessId: 11912
QueryName: support.content.office.net
QueryStatus: 1460
QueryResults: -
Image: C:\Program Files (x86)\Microsoft Office\root\Office16\WINWORD.EXE
User: MY-CALDERA\johnny.douche"
546,MY-CAL-WIN10.my-caldera.local,22,"Dns query:
RuleName: -
UtcTime: 2024-08-20 02:57:41.630
ProcessGuid: {ca24abc9-0620-66c4-b718-000000001d00}
ProcessId: 11256
QueryName: metadata.templates.cdn.office.net
QueryStatus: 1460
QueryResults: -
Image: C:\Program Files (x86)\Microsoft Office\root\Office16\POWERPNT.EXE
User: MY-CALDERA\johnny.douche"
547,MY-CAL-WIN10.my-caldera.local,22,"Dns query:
RuleName: -
UtcTime: 2024-08-20 02:57:41.794
ProcessGuid: {ca24abc9-0620-66c4-b718-000000001d00}
ProcessId: 11256
QueryName: support.content.office.net
QueryStatus: 1460
QueryResults: -
Image: C:\Program Files (x86)\Microsoft Office\root\Office16\POWERPNT.EXE
User: MY-CALDERA\johnny.douche"
548,MY-CAL-WIN10.my-caldera.local,22,"Dns query:
RuleName: -
UtcTime: 2024-08-20 02:57:42.660
ProcessGuid: {ca24abc9-0620-66c4-b718-000000001d00}
ProcessId: 11256
QueryName: MY-CAL-WIN10
QueryStatus: 0
QueryResults: fe80::b523:a2e6:d54c:210a;fe80::e780:23dd:6c8c:c7a8;fe80::3a82:bcc3:184c:5cc2;::ffff:192.168.56.1;::ffff:169.254.132.157;::ffff:172.16.26.234;
Image: C:\Program Files (x86)\Microsoft Office\root\Office16\POWERPNT.EXE
User: MY-CALDERA\johnny.douche"
549,MY-CAL-WIN10.my-caldera.local,22,"Dns query:
RuleName: -
UtcTime: 2024-08-20 02:15:33.264
ProcessGuid: {ca24abc9-fc42-66c3-c113-000000001d00}
ProcessId: 15572
QueryName: raw.githubusercontent.com
QueryStatus: 0
QueryResults: ::ffff:185.199.108.133;::ffff:185.199.110.133;::ffff:185.199.111.133;::ffff:185.199.109.133;
Image: C:\Windows\System32\WindowsPowerShell\v1.0\powershell.exe
User: MY-CALDERA\johnny.douche"
550,MY-CAL-WIN10.my-caldera.local,22,"Dns query:
RuleName: -
UtcTime: 2024-08-20 02:19:23.121
ProcessGuid: {ca24abc9-fd2a-66c3-f614-000000001d00}
ProcessId: 9568
QueryName: my-caldera
QueryStatus: 9701
QueryResults: -
Image: C:\Windows\System32\ipconfig.exe
User: MY-CALDERA\johnny.douche"
551,MY-CAL-WIN10.my-caldera.local,22,"Dns query:
RuleName: -
UtcTime: 2024-08-20 02:19:23.123
ProcessGuid: {ca24abc9-fd2a-66c3-f614-000000001d00}
ProcessId: 9568
QueryName: _kerberos._tcp.default-first-site-name._sites.dc._msdcs.my-caldera.local
QueryStatus: 9701
QueryResults: -
Image: C:\Windows\System32\ipconfig.exe
User: MY-CALDERA\johnny.douche"
552,MY-CAL-WIN10.my-caldera.local,22,"Dns query:
RuleName: -
UtcTime: 2024-08-20 02:19:23.127
ProcessGuid: {ca24abc9-fd2a-66c3-f614-000000001d00}
ProcessId: 9568
QueryName: _ldap._tcp.dc._msdcs.yyz.elevatedprompt.local
QueryStatus: 9701
QueryResults: -
Image: C:\Windows\System32\ipconfig.exe
User: MY-CALDERA\johnny.douche"
553,MY-CAL-WIN10.my-caldera.local,22,"Dns query:
RuleName: -
UtcTime: 2024-08-20 02:19:23.136
ProcessGuid: {ca24abc9-fd2a-66c3-f614-000000001d00}
ProcessId: 9568
QueryName: _ldap._tcp.default-first-site-name._sites.MY-CAL-dc.my-caldera.local
QueryStatus: 9701
QueryResults: -
Image: C:\Windows\System32\ipconfig.exe
User: MY-CALDERA\johnny.douche"
554,MY-CAL-WIN10.my-caldera.local,22,"Dns query:
RuleName: -
UtcTime: 2024-08-20 02:19:23.139
ProcessGuid: {ca24abc9-fd2a-66c3-f614-000000001d00}
ProcessId: 9568
QueryName: example.com
QueryStatus: 0
QueryResults: 93.184.215.14;
Image: C:\Windows\System32\ipconfig.exe
User: MY-CALDERA\johnny.douche"
555,MY-CAL-WIN10.my-caldera.local,22,"Dns query:
RuleName: -
UtcTime: 2024-08-20 02:19:23.142
ProcessGuid: {ca24abc9-fd2a-66c3-f614-000000001d00}
ProcessId: 9568
QueryName: wpad
QueryStatus: 9701
QueryResults: -
Image: C:\Windows\System32\ipconfig.exe
User: MY-CALDERA\johnny.douche"
556,MY-CAL-WIN10.my-caldera.local,22,"Dns query:
RuleName: -
UtcTime: 2024-08-20 02:19:23.144
ProcessGuid: {ca24abc9-fd2a-66c3-f614-000000001d00}
ProcessId: 9568
QueryName: test
QueryStatus: 9701
QueryResults: -
Image: C:\Windows\System32\ipconfig.exe
User: MY-CALDERA\johnny.douche"
557,MY-CAL-WIN10.my-caldera.local,22,"Dns query:
RuleName: -
UtcTime: 2024-08-20 02:19:23.144
ProcessGuid: {ca24abc9-fd2a-66c3-f614-000000001d00}
ProcessId: 9568
QueryName: _ldap._tcp.MY-CAL-dc.my-caldera.local
QueryStatus: 9701
QueryResults: -
Image: C:\Windows\System32\ipconfig.exe
User: MY-CALDERA\johnny.douche"
558,MY-CAL-WIN10.my-caldera.local,22,"Dns query:
RuleName: -
UtcTime: 2024-08-20 02:19:23.145
ProcessGuid: {ca24abc9-fd2a-66c3-f614-000000001d00}
ProcessId: 9568
QueryName: autodiscover.my-caldera.local
QueryStatus: 9701
QueryResults: -
Image: C:\Windows\System32\ipconfig.exe
User: MY-CALDERA\johnny.douche"
559,MY-CAL-WIN10.my-caldera.local,22,"Dns query:
RuleName: -
UtcTime: 2024-08-20 02:19:23.150
ProcessGuid: {ca24abc9-fd2a-66c3-f614-000000001d00}
ProcessId: 9568
QueryName: MY-CAL-dc.my-caldera.local
QueryStatus: 9701
QueryResults: -
Image: C:\Windows\System32\ipconfig.exe
User: MY-CALDERA\johnny.douche"
560,MY-CAL-WIN10.my-caldera.local,22,"Dns query:
RuleName: -
UtcTime: 2024-08-20 02:19:23.150
ProcessGuid: {ca24abc9-fd2a-66c3-f614-000000001d00}
ProcessId: 9568
QueryName: _ldap._tcp.0e3a7486-f20c-434c-9ae6-8fabf6abc6b2.domains._msdcs.my-caldera.local
QueryStatus: 9701
QueryResults: -
Image: C:\Windows\System32\ipconfig.exe
User: MY-CALDERA\johnny.douche"
561,MY-CAL-WIN10.my-caldera.local,22,"Dns query:
RuleName: -
UtcTime: 2024-08-20 02:19:23.036
ProcessGuid: {ca24abc9-fd2a-66c3-f614-000000001d00}
ProcessId: 9568
QueryName: johnny.douche
QueryStatus: 9701
QueryResults: -
Image: C:\Windows\System32\ipconfig.exe
User: MY-CALDERA\johnny.douche"
562,MY-CAL-WIN10.my-caldera.local,22,"Dns query:
RuleName: -
UtcTime: 2024-08-20 02:19:23.038
ProcessGuid: {ca24abc9-fd2a-66c3-f614-000000001d00}
ProcessId: 9568
QueryName: _ldap._tcp.my-caldera.local
QueryStatus: 9701
QueryResults: -
Image: C:\Windows\System32\ipconfig.exe
User: MY-CALDERA\johnny.douche"
563,MY-CAL-WIN10.my-caldera.local,22,"Dns query:
RuleName: -
UtcTime: 2024-08-20 02:19:23.038
ProcessGuid: {ca24abc9-fd2a-66c3-f614-000000001d00}
ProcessId: 9568
QueryName: _kerberos._tcp.dc._msdcs.my-caldera.local
QueryStatus: 9701
QueryResults: -
Image: C:\Windows\System32\ipconfig.exe
User: MY-CALDERA\johnny.douche"
564,MY-CAL-WIN10.my-caldera.local,22,"Dns query:
RuleName: -
UtcTime: 2024-08-20 02:19:23.114
ProcessGuid: {ca24abc9-fd2a-66c3-f614-000000001d00}
ProcessId: 9568
QueryName: MY-CAL-dc
QueryStatus: 9701
QueryResults: -
Image: C:\Windows\System32\ipconfig.exe
User: MY-CALDERA\johnny.douche"
565,MY-CAL-WIN10.my-caldera.local,22,"Dns query:
RuleName: -
UtcTime: 2024-08-20 02:19:23.116
ProcessGuid: {ca24abc9-fd2a-66c3-f614-000000001d00}
ProcessId: 9568
QueryName: _ldap._tcp.dc._msdcs.my-caldera.local
QueryStatus: 9701
QueryResults: -
Image: C:\Windows\System32\ipconfig.exe
User: MY-CALDERA\johnny.douche"
566,MY-CAL-WIN10.my-caldera.local,22,"Dns query:
RuleName: -
UtcTime: 2024-08-20 02:30:59.203
ProcessGuid: {ca24abc9-ffd7-66c3-4316-000000001d00}
ProcessId: 9428
QueryName: raw.githubusercontent.com
QueryStatus: 1460
QueryResults: -
Image: C:\Windows\System32\WindowsPowerShell\v1.0\powershell.exe
User: MY-CALDERA\johnny.douche"
567,MY-CAL-WIN10.my-caldera.local,22,"Dns query:
RuleName: -
UtcTime: 2024-08-20 02:33:20.994
ProcessGuid: {ca24abc9-0070-66c4-6d16-000000001d00}
ProcessId: 15848
QueryName: example.com
QueryStatus: 1460
QueryResults: -
Image: C:\Windows\System32\certreq.exe
User: MY-CALDERA\johnny.douche"
568,MY-CAL-WIN10.my-caldera.local,22,"Dns query:
RuleName: -
UtcTime: 2024-08-20 02:37:39.971
ProcessGuid: {ca24abc9-0164-66c4-8216-000000001d00}
ProcessId: 7280
QueryName: raw.githubusercontent.com
QueryStatus: 1460
QueryResults: -
Image: C:\Windows\System32\WindowsPowerShell\v1.0\powershell.exe
User: MY-CALDERA\johnny.douche"
569,MY-CAL-WIN10.my-caldera.local,22,"Dns query:
RuleName: -
UtcTime: 2024-08-20 02:39:06.676
ProcessGuid: {ca24abc9-d62b-66c3-2600-000000001d00}
ProcessId: 1808
QueryName: _ldap._tcp.Default-First-Site-Name._sites.MY-CALDERA.LOCAL.
QueryStatus: 1460
QueryResults: -
Image: C:\Windows\System32\svchost.exe
User: NT AUTHORITY\NETWORK SERVICE"
570,MY-CAL-WIN10.my-caldera.local,22,"Dns query:
