RuleName: -
UtcTime: 2024-08-20 01:50:54.988
ProcessGuid: {ca24abc9-f67e-66c3-a011-000000001d00}
ProcessId: 12228
QueryName: raw.githubusercontent.com
QueryStatus: 0
QueryResults: ::ffff:185.199.108.133;::ffff:185.199.110.133;::ffff:185.199.111.133;::ffff:185.199.109.133;
Image: C:\Windows\System32\WindowsPowerShell\v1.0\powershell.exe
User: MY-CALDERA\johnny.douche"
143,MY-CAL-WIN10.my-caldera.local,22,"Dns query:
RuleName: -
UtcTime: 2024-08-20 01:52:49.690
ProcessGuid: {ca24abc9-f68d-66c3-b211-000000001d00}
ProcessId: 10252
QueryName: augloop.office.com
QueryStatus: 0
QueryResults: type:  5 augloop-prod.trafficmanager.net;type:  5 augloop-prod-pa00.centralus.cloudapp.azure.com;::ffff:52.111.227.6;
Image: C:\Program Files (x86)\Microsoft Office\root\Office16\WINWORD.EXE
User: MY-CALDERA\johnny.douche"
144,MY-CAL-WIN10.my-caldera.local,22,"Dns query:
RuleName: -
UtcTime: 2024-08-20 01:57:01.651
ProcessGuid: {ca24abc9-f7c1-66c3-1112-000000001d00}
ProcessId: 14376
QueryName: atomicredteam-475914.127.0.0.1.nip.io
QueryStatus: 1460
QueryResults: -
Image: C:\Windows\System32\WindowsPowerShell\v1.0\powershell.exe
User: MY-CALDERA\johnny.douche"
145,MY-CAL-WIN10.my-caldera.local,22,"Dns query:
RuleName: -
UtcTime: 2024-08-20 01:57:22.776
ProcessGuid: {ca24abc9-f7c1-66c3-1112-000000001d00}
ProcessId: 14376
QueryName: atomicredteam-325567.127.0.0.1.nip.io
QueryStatus: 1460
QueryResults: -
Image: C:\Windows\System32\WindowsPowerShell\v1.0\powershell.exe
User: MY-CALDERA\johnny.douche"
146,MY-CAL-WIN10.my-caldera.local,22,"Dns query:
RuleName: -
UtcTime: 2024-08-20 01:58:12.048
ProcessGuid: {ca24abc9-f7c1-66c3-1112-000000001d00}
ProcessId: 14376
QueryName: atomicredteam-851192.127.0.0.1.nip.io
QueryStatus: 1460
QueryResults: -
Image: C:\Windows\System32\WindowsPowerShell\v1.0\powershell.exe
User: MY-CALDERA\johnny.douche"
147,MY-CAL-WIN10.my-caldera.local,22,"Dns query:
RuleName: -
UtcTime: 2024-08-20 00:17:30.567
ProcessGuid: {ca24abc9-d624-66c3-0c00-000000001d00}
ProcessId: 788
QueryName: _kerberos._tcp.Default-First-Site-Name._sites.dc._msdcs.my-caldera.local.
QueryStatus: 1460
QueryResults: -
Image: C:\Windows\System32\lsass.exe
User: NT AUTHORITY\SYSTEM"
148,MY-CAL-WIN10.my-caldera.local,22,"Dns query:
RuleName: -
UtcTime: 2024-08-20 00:17:30.621
ProcessGuid: {ca24abc9-e08f-66c3-0d03-000000001d00}
ProcessId: 6380
QueryName: MY-CAL-win10
QueryStatus: 0
QueryResults: fe80::e780:23dd:6c8c:c7a8;fe80::3a82:bcc3:184c:5cc2;::ffff:169.254.132.157;::ffff:172.16.26.234;
Image: C:\Windows\System32\WindowsPowerShell\v1.0\powershell.exe
User: MY-CALDERA\johnny.douche"
149,MY-CAL-WIN10.my-caldera.local,22,"Dns query:
RuleName: -
UtcTime: 2024-08-20 00:18:41.371
ProcessGuid: {ca24abc9-d62b-66c3-2600-000000001d00}
ProcessId: 1808
QueryName: MY-CAL-WIN10.my-caldera.local
QueryStatus: 1460
QueryResults: -
Image: C:\Windows\System32\svchost.exe
User: NT AUTHORITY\NETWORK SERVICE"
150,MY-CAL-WIN10.my-caldera.local,22,"Dns query:
RuleName: -
UtcTime: 2024-08-20 00:19:30.587
ProcessGuid: {ca24abc9-d624-66c3-0c00-000000001d00}
ProcessId: 788
QueryName: _ldap._tcp.Default-First-Site-Name._sites.my-caldera.local.
QueryStatus: 1460
QueryResults: -
Image: C:\Windows\System32\lsass.exe
User: NT AUTHORITY\SYSTEM"
151,MY-CAL-WIN10.my-caldera.local,22,"Dns query:
RuleName: -
UtcTime: 2024-08-20 00:19:42.358
ProcessGuid: {ca24abc9-d62b-66c3-2600-000000001d00}
ProcessId: 1808
QueryName: github.com
QueryStatus: 1460
QueryResults: -
Image: C:\Windows\System32\svchost.exe
User: NT AUTHORITY\NETWORK SERVICE"
152,MY-CAL-WIN10.my-caldera.local,22,"Dns query:
RuleName: -
UtcTime: 2024-08-20 00:20:56.770
ProcessGuid: {ca24abc9-e168-66c3-a203-000000001d00}
ProcessId: 9880
QueryName: raw.githubusercontent.com
QueryStatus: 0
QueryResults: ::ffff:185.199.110.133;::ffff:185.199.108.133;::ffff:185.199.109.133;::ffff:185.199.111.133;
Image: C:\Windows\System32\WindowsPowerShell\v1.0\powershell.exe
User: MY-CALDERA\johnny.douche"
153,MY-CAL-WIN10.my-caldera.local,22,"Dns query:
RuleName: -
UtcTime: 2024-08-20 00:22:17.579
ProcessGuid: {ca24abc9-e1b9-66c3-d303-000000001d00}
ProcessId: 8108
QueryName: s3.amazonaws.com
QueryStatus: 9701
QueryResults: -
Image: C:\Windows\System32\WindowsPowerShell\v1.0\powershell.exe
User: MY-CALDERA\johnny.douche"
154,MY-CAL-WIN10.my-caldera.local,22,"Dns query:
RuleName: -
UtcTime: 2024-08-20 00:26:59.955
ProcessGuid: {ca24abc9-e2cc-66c3-5804-000000001d00}
ProcessId: 6256
QueryName: www.powershellgallery.com
QueryStatus: 1460
QueryResults: -
Image: C:\Windows\System32\WindowsPowerShell\v1.0\powershell.exe
User: MY-CALDERA\johnny.douche"
155,MY-CAL-WIN10.my-caldera.local,22,"Dns query:
RuleName: -
UtcTime: 2024-08-20 00:26:59.964
ProcessGuid: {ca24abc9-e2cc-66c3-5804-000000001d00}
ProcessId: 6256
QueryName: www.powershellgallery.com
QueryStatus: 9701
QueryResults: -
Image: C:\Windows\System32\WindowsPowerShell\v1.0\powershell.exe
User: MY-CALDERA\johnny.douche"
156,MY-CAL-WIN10.my-caldera.local,22,"Dns query:
RuleName: -
UtcTime: 2024-08-20 00:38:00.156
ProcessGuid: {ca24abc9-e560-66c3-d807-000000001d00}
ProcessId: 11192
QueryName: github.com
QueryStatus: 1460
QueryResults: -
Image: C:\Windows\System32\WindowsPowerShell\v1.0\powershell.exe
User: MY-CALDERA\johnny.douche"
157,MY-CAL-WIN10.my-caldera.local,22,"Dns query:
RuleName: -
UtcTime: 2024-08-20 00:38:42.762
ProcessGuid: {ca24abc9-e592-66c3-1408-000000001d00}
ProcessId: 4436
QueryName: github.com
QueryStatus: 9701
QueryResults: -
Image: C:\Windows\System32\WindowsPowerShell\v1.0\powershell.exe
User: MY-CALDERA\johnny.douche"
158,MY-CAL-WIN10.my-caldera.local,22,"Dns query:
RuleName: -
UtcTime: 2024-08-20 00:39:01.485
ProcessGuid: {ca24abc9-e5a4-66c3-2508-000000001d00}
ProcessId: 9704
QueryName: github.com
QueryStatus: 9701
QueryResults: -
Image: C:\Windows\System32\WindowsPowerShell\v1.0\powershell.exe
User: MY-CALDERA\johnny.douche"
159,MY-CAL-WIN10.my-caldera.local,22,"Dns query:
RuleName: -
UtcTime: 2024-08-20 00:38:59.971
ProcessGuid: {ca24abc9-e598-66c3-2108-000000001d00}
ProcessId: 8968
QueryName: api.github.com
QueryStatus: 1460
QueryResults: -
Image: C:\Windows\System32\WindowsPowerShell\v1.0\powershell.exe
User: MY-CALDERA\johnny.douche"
160,MY-CAL-WIN10.my-caldera.local,22,"Dns query:
RuleName: -
UtcTime: 2024-08-20 00:40:08.357
ProcessGuid: {ca24abc9-d62b-66c3-2600-000000001d00}
ProcessId: 1808
QueryName: get.geo.opera.com
QueryStatus: 1460
QueryResults: -
Image: C:\Windows\System32\svchost.exe
User: NT AUTHORITY\NETWORK SERVICE"
161,MY-CAL-WIN10.my-caldera.local,22,"Dns query:
RuleName: -
UtcTime: 2024-08-20 00:43:29.872
ProcessGuid: {ca24abc9-e6b1-66c3-9208-000000001d00}
ProcessId: 1132
QueryName: github.com
QueryStatus: 9701
QueryResults: -
Image: C:\Windows\System32\WindowsPowerShell\v1.0\powershell.exe
User: MY-CALDERA\johnny.douche"
162,MY-CAL-WIN10.my-caldera.local,22,"Dns query:
RuleName: -
UtcTime: 2024-08-20 00:43:44.241
ProcessGuid: {ca24abc9-e6bf-66c3-ab08-000000001d00}
ProcessId: 6028
QueryName: github.com
QueryStatus: 9701
QueryResults: -
Image: C:\Windows\System32\WindowsPowerShell\v1.0\powershell.exe
User: MY-CALDERA\johnny.douche"
163,MY-CAL-WIN10.my-caldera.local,22,"Dns query:
RuleName: -
UtcTime: 2024-08-20 00:43:56.969
ProcessGuid: {ca24abc9-e6cc-66c3-b708-000000001d00}
ProcessId: 7952
QueryName: raw.githubusercontent.com
QueryStatus: 9701
QueryResults: -
Image: C:\Windows\System32\WindowsPowerShell\v1.0\powershell.exe
User: MY-CALDERA\johnny.douche"
164,MY-CAL-WIN10.my-caldera.local,22,"Dns query:
RuleName: -
UtcTime: 2024-08-20 00:43:55.287
ProcessGuid: {ca24abc9-e6c3-66c3-b308-000000001d00}
ProcessId: 7712
QueryName: github.com
QueryStatus: 1460
QueryResults: -
Image: C:\Windows\System32\WindowsPowerShell\v1.0\powershell.exe
User: MY-CALDERA\johnny.douche"
165,MY-CAL-WIN10.my-caldera.local,22,"Dns query:
RuleName: -
UtcTime: 2024-08-20 00:43:58.530
ProcessGuid: {ca24abc9-e6cd-66c3-bb08-000000001d00}
ProcessId: 5508
QueryName: raw.githubusercontent.com
QueryStatus: 9701
QueryResults: -
Image: C:\Windows\System32\WindowsPowerShell\v1.0\powershell.exe
User: MY-CALDERA\johnny.douche"
166,MY-CAL-WIN10.my-caldera.local,22,"Dns query:
RuleName: -
UtcTime: 2024-08-20 00:44:00.049
ProcessGuid: {ca24abc9-e6cf-66c3-bf08-000000001d00}
ProcessId: 4428
QueryName: raw.githubusercontent.com
QueryStatus: 9701
QueryResults: -
Image: C:\Windows\System32\WindowsPowerShell\v1.0\powershell.exe
User: MY-CALDERA\johnny.douche"
167,MY-CAL-WIN10.my-caldera.local,22,"Dns query:
RuleName: -
UtcTime: 2024-08-20 00:08:43.224
ProcessGuid: {ca24abc9-de8a-66c3-2e02-000000001d00}
ProcessId: 1128
QueryName: objects.githubusercontent.com
QueryStatus: 0
QueryResults: ::ffff:185.199.108.133;::ffff:185.199.110.133;::ffff:185.199.111.133;::ffff:185.199.109.133;
Image: C:\Windows\System32\WindowsPowerShell\v1.0\powershell.exe
User: MY-CALDERA\johnny.douche"
168,MY-CAL-WIN10.my-caldera.local,22,"Dns query:
RuleName: -
UtcTime: 2024-08-20 00:08:43.924
ProcessGuid: {ca24abc9-d62f-66c3-4800-000000001d00}
ProcessId: 3432
QueryName: github.com
QueryStatus: 0
QueryResults: 140.82.113.4;
Image: C:\Program Files\Windows Defender Advanced Threat Protection\MsSense.exe
User: NT AUTHORITY\SYSTEM"
169,MY-CAL-WIN10.my-caldera.local,22,"Dns query:
RuleName: -
UtcTime: 2024-08-20 00:08:43.932
ProcessGuid: {ca24abc9-d62f-66c3-4800-000000001d00}
ProcessId: 3432
QueryName: objects.githubusercontent.com
QueryStatus: 0
QueryResults: 185.199.108.133;185.199.110.133;185.199.111.133;185.199.109.133;
Image: C:\Program Files\Windows Defender Advanced Threat Protection\MsSense.exe
User: NT AUTHORITY\SYSTEM"
170,MY-CAL-WIN10.my-caldera.local,22,"Dns query:
RuleName: -
UtcTime: 2024-08-20 00:11:29.225
ProcessGuid: {ca24abc9-df30-66c3-5902-000000001d00}
ProcessId: 3676
QueryName: npcap.com
QueryStatus: 0
QueryResults: ::ffff:50.116.1.184;
Image: C:\Windows\System32\WindowsPowerShell\v1.0\powershell.exe
User: MY-CALDERA\johnny.douche"
171,MY-CAL-WIN10.my-caldera.local,22,"Dns query:
RuleName: -
UtcTime: 2024-08-20 00:11:29.578
ProcessGuid: {ca24abc9-d62f-66c3-4800-000000001d00}
ProcessId: 3432
QueryName: npcap.com
QueryStatus: 0
QueryResults: 50.116.1.184;
Image: C:\Program Files\Windows Defender Advanced Threat Protection\MsSense.exe
User: NT AUTHORITY\SYSTEM"
172,MY-CAL-WIN10.my-caldera.local,22,"Dns query:
RuleName: -
UtcTime: 2024-08-20 00:12:39.982
ProcessGuid: {ca24abc9-d62f-66c3-4800-000000001d00}
ProcessId: 3432
QueryName: github.com
QueryStatus: 0
QueryResults: 140.82.113.3;
Image: C:\Program Files\Windows Defender Advanced Threat Protection\MsSense.exe
User: NT AUTHORITY\SYSTEM"
173,MY-CAL-WIN10.my-caldera.local,22,"Dns query:
RuleName: -
UtcTime: 2024-08-20 00:13:18.747
ProcessGuid: {ca24abc9-d62b-66c3-2600-000000001d00}
ProcessId: 1808
QueryName: yyz.elevatedprompt.local
QueryStatus: 1223
QueryResults: -
Image: C:\Windows\System32\svchost.exe
User: NT AUTHORITY\NETWORK SERVICE"
174,MY-CAL-WIN10.my-caldera.local,22,"Dns query:
RuleName: -
UtcTime: 2024-08-20 00:13:18.750
ProcessGuid: {ca24abc9-d62b-66c3-2600-000000001d00}
ProcessId: 1808
QueryName: MY-CAL-WIN10
QueryStatus: 0
QueryResults: fe80::3a82:bcc3:184c:5cc2;172.16.26.234;
Image: C:\Windows\System32\svchost.exe
User: NT AUTHORITY\NETWORK SERVICE"
175,MY-CAL-WIN10.my-caldera.local,22,"Dns query:
RuleName: -
UtcTime: 2024-08-20 00:13:27.244
ProcessGuid: {ca24abc9-d624-66c3-0c00-000000001d00}
ProcessId: 788
QueryName: MY-CAL-WIN10
QueryStatus: 0
QueryResults: 169.254.132.157;172.16.26.234;
Image: C:\Windows\System32\lsass.exe
User: NT AUTHORITY\SYSTEM"
176,MY-CAL-WIN10.my-caldera.local,22,"Dns query:
RuleName: -
UtcTime: 2024-08-20 00:14:43.324
ProcessGuid: {ca24abc9-dff2-66c3-e602-000000001d00}
ProcessId: 10552
QueryName: github.com
QueryStatus: 0
QueryResults: ::ffff:140.82.114.3;
Image: C:\Windows\System32\WindowsPowerShell\v1.0\powershell.exe
User: MY-CALDERA\johnny.douche"
177,MY-CAL-WIN10.my-caldera.local,22,"Dns query:
RuleName: -
UtcTime: 2024-08-20 00:14:43.537
ProcessGuid: {ca24abc9-dff2-66c3-e602-000000001d00}
ProcessId: 10552
QueryName: objects.githubusercontent.com
QueryStatus: 0
QueryResults: ::ffff:185.199.108.133;::ffff:185.199.110.133;::ffff:185.199.111.133;::ffff:185.199.109.133;
Image: C:\Windows\System32\WindowsPowerShell\v1.0\powershell.exe
User: MY-CALDERA\johnny.douche"
178,MY-CAL-WIN10.my-caldera.local,22,"Dns query:
RuleName: -
UtcTime: 2024-08-20 00:39:42.849
ProcessGuid: {ca24abc9-e5ce-66c3-5908-000000001d00}
ProcessId: 6164
QueryName: github.com
QueryStatus: 9701
QueryResults: -
Image: C:\Windows\System32\WindowsPowerShell\v1.0\powershell.exe
User: MY-CALDERA\johnny.douche"
179,MY-CAL-WIN10.my-caldera.local,22,"Dns query:
RuleName: -
UtcTime: 2024-08-20 00:43:14.358
ProcessGuid: {ca24abc9-e6a1-66c3-8508-000000001d00}
ProcessId: 9380
QueryName: raw.githubusercontent.com
QueryStatus: 9701
QueryResults: -
Image: C:\Windows\System32\WindowsPowerShell\v1.0\powershell.exe
User: MY-CALDERA\johnny.douche"
180,MY-CAL-WIN10.my-caldera.local,22,"Dns query:
RuleName: -
UtcTime: 2024-08-20 00:14:55.011
ProcessGuid: {ca24abc9-d62f-66c3-4800-000000001d00}
ProcessId: 3432
QueryName: otelrules.svc.static.microsoft
QueryStatus: 0
QueryResults: type:  5 otelrules.azureedge.net;type:  5 otelrules.afd.azureedge.net;type:  5 azureedge-t-prod.trafficmanager.net;type:  5 shed.dual-low.s-part-0007.t-0009.t-msedge.net;type:  5 s-part-0007.t-0009.t-msedge.net;13.107.246.35;
Image: C:\Program Files\Windows Defender Advanced Threat Protection\MsSense.exe
User: NT AUTHORITY\SYSTEM"
181,MY-CAL-WIN10.my-caldera.local,22,"Dns query:
RuleName: -
UtcTime: 2024-08-20 00:14:55.088
ProcessGuid: {ca24abc9-dffc-66c3-ef02-000000001d00}
ProcessId: 11020
QueryName: support.content.office.net
QueryStatus: 0
QueryResults: type:  5 support.content.office.net.edgekey.net;type:  5 e12627.g.akamaiedge.net;::ffff:69.192.21.146;
Image: C:\Program Files (x86)\Microsoft Office\root\Office16\WINWORD.EXE
User: MY-CALDERA\johnny.douche"
182,MY-CAL-WIN10.my-caldera.local,22,"Dns query:
RuleName: -
UtcTime: 2024-08-20 00:14:55.235
ProcessGuid: {ca24abc9-d62f-66c3-4800-000000001d00}
ProcessId: 3432
QueryName: support.content.office.net
QueryStatus: 0
QueryResults: type:  5 support.content.office.net.edgekey.net;type:  5 e12627.g.akamaiedge.net;69.192.21.146;
Image: C:\Program Files\Windows Defender Advanced Threat Protection\MsSense.exe
User: NT AUTHORITY\SYSTEM"
183,MY-CAL-WIN10.my-caldera.local,22,"Dns query:
RuleName: -
UtcTime: 2024-08-20 00:17:33.666
ProcessGuid: {ca24abc9-d62f-66c3-4800-000000001d00}
ProcessId: 3432
QueryName: otelrules.svc.static.microsoft
QueryStatus: 9701
QueryResults: -
Image: C:\Program Files\Windows Defender Advanced Threat Protection\MsSense.exe
User: NT AUTHORITY\SYSTEM"
184,MY-CAL-WIN10.my-caldera.local,22,"Dns query:
RuleName: -
UtcTime: 2024-08-20 00:21:45.409
ProcessGuid: {ca24abc9-e198-66c3-be03-000000001d00}
ProcessId: 10020
QueryName: raw.githubusercontent.com
QueryStatus: 0
QueryResults: ::ffff:185.199.110.133;::ffff:185.199.108.133;::ffff:185.199.109.133;::ffff:185.199.111.133;
Image: C:\Windows\System32\WindowsPowerShell\v1.0\powershell.exe
User: MY-CALDERA\johnny.douche"
185,MY-CAL-WIN10.my-caldera.local,22,"Dns query:
RuleName: -
UtcTime: 2024-08-20 00:26:39.567
ProcessGuid: {ca24abc9-e2b1-66c3-4004-000000001d00}
ProcessId: 3020
QueryName: www.powershellgallery.com
QueryStatus: 1460
QueryResults: -
Image: C:\Windows\System32\WindowsPowerShell\v1.0\powershell.exe
User: MY-CALDERA\johnny.douche"
186,MY-CAL-WIN10.my-caldera.local,22,"Dns query:
RuleName: -
UtcTime: 2024-08-20 00:26:39.574
ProcessGuid: {ca24abc9-e2b1-66c3-4004-000000001d00}
ProcessId: 3020
QueryName: www.powershellgallery.com
QueryStatus: 9701
QueryResults: -
Image: C:\Windows\System32\WindowsPowerShell\v1.0\powershell.exe
User: MY-CALDERA\johnny.douche"
187,MY-CAL-WIN10.my-caldera.local,22,"Dns query:
RuleName: -
UtcTime: 2024-08-20 00:27:57.192
ProcessGuid: {ca24abc9-e301-66c3-8a04-000000001d00}
ProcessId: 8060
QueryName: github.com
QueryStatus: 1460
QueryResults: -
Image: C:\Windows\System32\WindowsPowerShell\v1.0\powershell.exe
User: MY-CALDERA\johnny.douche"
188,MY-CAL-WIN10.my-caldera.local,22,"Dns query:
RuleName: -
UtcTime: 2024-08-20 00:27:58.715
ProcessGuid: {ca24abc9-e30e-66c3-8e04-000000001d00}
ProcessId: 2112
QueryName: the.earth.li
QueryStatus: 9701
QueryResults: -
Image: C:\Windows\System32\WindowsPowerShell\v1.0\powershell.exe
User: MY-CALDERA\johnny.douche"
189,MY-CAL-WIN10.my-caldera.local,22,"Dns query:
RuleName: -
UtcTime: 2024-08-20 00:28:54.599
ProcessGuid: {ca24abc9-e345-66c3-cf04-000000001d00}
ProcessId: 10176
QueryName: github.com
QueryStatus: 9701
QueryResults: -
Image: C:\Windows\System32\WindowsPowerShell\v1.0\powershell.exe
User: MY-CALDERA\johnny.douche"
190,MY-CAL-WIN10.my-caldera.local,22,"Dns query:
RuleName: -
UtcTime: 2024-08-20 00:28:11.499
ProcessGuid: {ca24abc9-d62b-66c3-2600-000000001d00}
ProcessId: 1808
QueryName: hashcat.net
QueryStatus: 1460
QueryResults: -
Image: C:\Windows\System32\svchost.exe
User: NT AUTHORITY\NETWORK SERVICE"
191,MY-CAL-WIN10.my-caldera.local,22,"Dns query:
RuleName: -
UtcTime: 2024-08-20 00:28:37.127
ProcessGuid: {ca24abc9-e334-66c3-bd04-000000001d00}
ProcessId: 10992
QueryName: raw.githubusercontent.com
QueryStatus: 0
QueryResults: ::ffff:185.199.110.133;::ffff:185.199.108.133;::ffff:185.199.109.133;::ffff:185.199.111.133;
Image: C:\Windows\System32\WindowsPowerShell\v1.0\powershell.exe
User: MY-CALDERA\johnny.douche"
192,MY-CAL-WIN10.my-caldera.local,22,"Dns query:
RuleName: -
UtcTime: 2024-08-20 00:30:11.572
ProcessGuid: {ca24abc9-e392-66c3-0505-000000001d00}
ProcessId: 10276
QueryName: github.com
QueryStatus: 9701
QueryResults: -
Image: C:\Windows\System32\WindowsPowerShell\v1.0\powershell.exe
User: MY-CALDERA\johnny.douche"
193,MY-CAL-WIN10.my-caldera.local,22,"Dns query:
RuleName: -
UtcTime: 2024-08-20 00:31:20.804
ProcessGuid: {ca24abc9-e3d8-66c3-ef05-000000001d00}
ProcessId: 4776
QueryName: support.content.office.net
QueryStatus: 9701
QueryResults: -
Image: C:\Program Files (x86)\Microsoft Office\root\Office16\WINWORD.EXE
User: MY-CALDERA\johnny.douche"
194,MY-CAL-WIN10.my-caldera.local,22,"Dns query:
RuleName: -
UtcTime: 2024-08-20 00:32:18.480
ProcessGuid: {ca24abc9-e40e-66c3-7606-000000001d00}
ProcessId: 7428
QueryName: www.powershellgallery.com
QueryStatus: 9701
QueryResults: -
Image: C:\Windows\System32\WindowsPowerShell\v1.0\powershell.exe
User: MY-CALDERA\johnny.douche"
195,MY-CAL-WIN10.my-caldera.local,22,"Dns query:
RuleName: -
UtcTime: 2024-08-20 00:32:57.142
ProcessGuid: {ca24abc9-e42a-66c3-9006-000000001d00}
ProcessId: 8316
QueryName: www.powershellgallery.com
QueryStatus: 1460
QueryResults: -
Image: C:\Windows\System32\WindowsPowerShell\v1.0\powershell.exe
User: MY-CALDERA\johnny.douche"
196,MY-CAL-WIN10.my-caldera.local,22,"Dns query:
RuleName: -
UtcTime: 2024-08-20 00:32:57.152
ProcessGuid: {ca24abc9-e42a-66c3-9006-000000001d00}
ProcessId: 8316
QueryName: www.powershellgallery.com
QueryStatus: 9701
QueryResults: -
Image: C:\Windows\System32\WindowsPowerShell\v1.0\powershell.exe
User: MY-CALDERA\johnny.douche"
197,MY-CAL-WIN10.my-caldera.local,22,"Dns query:
RuleName: -
UtcTime: 2024-08-20 00:34:09.539
ProcessGuid: {ca24abc9-e47e-66c3-d806-000000001d00}
ProcessId: 9456
QueryName: www.powershellgallery.com
QueryStatus: 9701
QueryResults: -
Image: C:\Windows\System32\WindowsPowerShell\v1.0\powershell.exe
User: MY-CALDERA\johnny.douche"
198,MY-CAL-WIN10.my-caldera.local,22,"Dns query:
RuleName: -
UtcTime: 2024-08-20 00:34:13.829
ProcessGuid: {ca24abc9-e482-66c3-de06-000000001d00}
ProcessId: 8096
QueryName: www.powershellgallery.com
QueryStatus: 9701
QueryResults: -
Image: C:\Windows\System32\WindowsPowerShell\v1.0\powershell.exe
User: MY-CALDERA\johnny.douche"
199,MY-CAL-WIN10.my-caldera.local,22,"Dns query:
RuleName: -
UtcTime: 2024-08-20 00:34:25.991
ProcessGuid: {ca24abc9-e491-66c3-fd06-000000001d00}
ProcessId: 9944
QueryName: github.com
QueryStatus: 9701
QueryResults: -
Image: C:\Windows\System32\WindowsPowerShell\v1.0\powershell.exe
User: MY-CALDERA\johnny.douche"
200,MY-CAL-WIN10.my-caldera.local,22,"Dns query:
RuleName: -
UtcTime: 2024-08-20 00:34:46.250
ProcessGuid: {ca24abc9-e4a5-66c3-1407-000000001d00}
ProcessId: 10032
QueryName: www.uvnc.eu
QueryStatus: 9701
QueryResults: -
Image: C:\Windows\System32\WindowsPowerShell\v1.0\powershell.exe
User: MY-CALDERA\johnny.douche"
201,MY-CAL-WIN10.my-caldera.local,22,"Dns query:
RuleName: -
UtcTime: 2024-08-20 00:34:44.811
ProcessGuid: {ca24abc9-e4a4-66c3-1007-000000001d00}
ProcessId: 9020
QueryName: www.ultraviewer.net
QueryStatus: 9701
QueryResults: -
Image: C:\Windows\System32\WindowsPowerShell\v1.0\powershell.exe
User: MY-CALDERA\johnny.douche"
202,MY-CAL-WIN10.my-caldera.local,22,"Dns query:
RuleName: -
UtcTime: 2024-08-20 00:34:52.877
ProcessGuid: {ca24abc9-d62b-66c3-2600-000000001d00}
ProcessId: 1808
QueryName: static.remotepc.com
QueryStatus: 1460
QueryResults: -
Image: C:\Windows\System32\svchost.exe
User: NT AUTHORITY\NETWORK SERVICE"
203,MY-CAL-WIN10.my-caldera.local,22,"Dns query:
RuleName: -
UtcTime: 2024-08-20 00:35:01.335
ProcessGuid: {ca24abc9-e4a9-66c3-1e07-000000001d00}
ProcessId: 9184
QueryName: web.archive.org
QueryStatus: 1460
QueryResults: -
Image: C:\Windows\System32\WindowsPowerShell\v1.0\powershell.exe
User: MY-CALDERA\johnny.douche"
204,MY-CAL-WIN10.my-caldera.local,22,"Dns query:
RuleName: -
UtcTime: 2024-08-20 00:30:33.019
ProcessGuid: {ca24abc9-e3a4-66c3-2905-000000001d00}
ProcessId: 7628
QueryName: www.powershellgallery.com
QueryStatus: 9701
QueryResults: -
Image: C:\Windows\System32\WindowsPowerShell\v1.0\powershell.exe
User: MY-CALDERA\johnny.douche"
205,MY-CAL-WIN10.my-caldera.local,22,"Dns query:
RuleName: -
UtcTime: 2024-08-20 00:30:37.674
ProcessGuid: {ca24abc9-e3aa-66c3-4905-000000001d00}
ProcessId: 5004
QueryName: www.powershellgallery.com
QueryStatus: 9701
QueryResults: -
Image: C:\Windows\System32\WindowsPowerShell\v1.0\powershell.exe
User: MY-CALDERA\johnny.douche"
206,MY-CAL-WIN10.my-caldera.local,22,"Dns query:
RuleName: -
UtcTime: 2024-08-20 00:31:28.406
ProcessGuid: {ca24abc9-e3df-66c3-2206-000000001d00}
ProcessId: 5960
QueryName: otelrules.svc.static.microsoft
QueryStatus: 9701
QueryResults: -
Image: C:\Program Files (x86)\Microsoft Office\root\Office16\EXCEL.EXE
User: MY-CALDERA\johnny.douche"
207,MY-CAL-WIN10.my-caldera.local,22,"Dns query:
RuleName: -
UtcTime: 2024-08-20 00:32:00.942
ProcessGuid: {ca24abc9-e400-66c3-6106-000000001d00}
ProcessId: 10556
QueryName: support.content.office.net
QueryStatus: 9701
QueryResults: -
Image: C:\Program Files (x86)\Microsoft Office\root\Office16\WINWORD.EXE
User: MY-CALDERA\johnny.douche"
208,MY-CAL-WIN10.my-caldera.local,22,"Dns query:
RuleName: -
UtcTime: 2024-08-20 00:33:23.578
ProcessGuid: {ca24abc9-e43a-66c3-9606-000000001d00}
ProcessId: 8436
QueryName: www.powershellgallery.com
QueryStatus: 9701
QueryResults: -
Image: C:\Windows\System32\WindowsPowerShell\v1.0\powershell.exe
User: MY-CALDERA\johnny.douche"
209,MY-CAL-WIN10.my-caldera.local,22,"Dns query:
RuleName: -
UtcTime: 2024-08-20 00:35:02.789
ProcessGuid: {ca24abc9-e4b6-66c3-2207-000000001d00}
ProcessId: 3800
QueryName: web.archive.org
QueryStatus: 9701
QueryResults: -
Image: C:\Windows\System32\WindowsPowerShell\v1.0\powershell.exe
User: MY-CALDERA\johnny.douche"
210,MY-CAL-WIN10.my-caldera.local,22,"Dns query:
RuleName: -
UtcTime: 2024-08-20 00:36:24.720
ProcessGuid: {ca24abc9-e505-66c3-7907-000000001d00}
ProcessId: 3676
QueryName: www.powershellgallery.com
QueryStatus: 9701
QueryResults: -
Image: C:\Windows\System32\WindowsPowerShell\v1.0\powershell.exe
User: MY-CALDERA\johnny.douche"
211,MY-CAL-WIN10.my-caldera.local,22,"Dns query:
RuleName: -
UtcTime: 2024-08-20 00:37:01.533
ProcessGuid: {ca24abc9-e51f-66c3-9807-000000001d00}
ProcessId: 9132
QueryName: www.powershellgallery.com
QueryStatus: 1460
QueryResults: -
Image: C:\Windows\System32\WindowsPowerShell\v1.0\powershell.exe
User: MY-CALDERA\johnny.douche"
212,MY-CAL-WIN10.my-caldera.local,22,"Dns query:
RuleName: -
UtcTime: 2024-08-20 00:37:01.542
ProcessGuid: {ca24abc9-e51f-66c3-9807-000000001d00}
ProcessId: 9132
QueryName: www.powershellgallery.com
QueryStatus: 9701
QueryResults: -
Image: C:\Windows\System32\WindowsPowerShell\v1.0\powershell.exe
User: MY-CALDERA\johnny.douche"
213,MY-CAL-WIN10.my-caldera.local,22,"Dns query:
RuleName: -
UtcTime: 2024-08-20 00:38:31.296
ProcessGuid: {ca24abc9-e57b-66c3-f007-000000001d00}
ProcessId: 6420
QueryName: github.com
QueryStatus: 1460
QueryResults: -
Image: C:\Windows\System32\WindowsPowerShell\v1.0\powershell.exe
User: MY-CALDERA\johnny.douche"
214,MY-CAL-WIN10.my-caldera.local,22,"Dns query:
RuleName: -
UtcTime: 2024-08-20 00:39:09.062
ProcessGuid: {ca24abc9-e5a9-66c3-2a08-000000001d00}
ProcessId: 1136
QueryName: www.powershellgallery.com
QueryStatus: 9701
QueryResults: -
Image: C:\Windows\System32\WindowsPowerShell\v1.0\powershell.exe
User: MY-CALDERA\johnny.douche"
215,MY-CAL-WIN10.my-caldera.local,22,"Dns query:
RuleName: -
UtcTime: 2024-08-20 00:43:11.262
ProcessGuid: {ca24abc9-e69e-66c3-7b08-000000001d00}
ProcessId: 9160
QueryName: aka.ms
QueryStatus: 9701
QueryResults: -
Image: C:\Windows\System32\WindowsPowerShell\v1.0\powershell.exe
User: MY-CALDERA\johnny.douche"
216,MY-CAL-WIN10.my-caldera.local,22,"Dns query:
RuleName: -
UtcTime: 2024-08-20 00:30:19.067
ProcessGuid: {ca24abc9-d62b-66c3-2600-000000001d00}
ProcessId: 1808
QueryName: the.earth.li
QueryStatus: 1460
QueryResults: -
Image: C:\Windows\System32\svchost.exe
User: NT AUTHORITY\NETWORK SERVICE"
217,MY-CAL-WIN10.my-caldera.local,22,"Dns query:
RuleName: -
UtcTime: 2024-08-20 00:31:04.994
ProcessGuid: {ca24abc9-e3bd-66c3-8c05-000000001d00}
ProcessId: 9248
QueryName: github.com
QueryStatus: 1460
QueryResults: -
Image: C:\Windows\System32\WindowsPowerShell\v1.0\powershell.exe
User: MY-CALDERA\johnny.douche"
218,MY-CAL-WIN10.my-caldera.local,22,"Dns query:
RuleName: -
UtcTime: 2024-08-20 00:31:30.157
ProcessGuid: {ca24abc9-e3e1-66c3-3306-000000001d00}
ProcessId: 8156
QueryName: support.content.office.net
QueryStatus: 9701
QueryResults: -
Image: C:\Program Files (x86)\Microsoft Office\root\Office16\WINWORD.EXE
User: MY-CALDERA\johnny.douche"
219,MY-CAL-WIN10.my-caldera.local,22,"Dns query:
RuleName: -
UtcTime: 2024-08-20 00:33:16.190
ProcessGuid: {ca24abc9-d62f-66c3-4800-000000001d00}
ProcessId: 3432
QueryName: onegetcdn.azureedge.net
QueryStatus: 9701
QueryResults: -
Image: C:\Program Files\Windows Defender Advanced Threat Protection\MsSense.exe
User: NT AUTHORITY\SYSTEM"
220,MY-CAL-WIN10.my-caldera.local,22,"Dns query:
RuleName: -
UtcTime: 2024-08-20 00:34:00.912
ProcessGuid: {ca24abc9-e473-66c3-ca06-000000001d00}
ProcessId: 9536
QueryName: www.powershellgallery.com
QueryStatus: 9701
QueryResults: -
Image: C:\Windows\System32\WindowsPowerShell\v1.0\powershell.exe
User: MY-CALDERA\johnny.douche"
221,MY-CAL-WIN10.my-caldera.local,22,"Dns query:
RuleName: -
UtcTime: 2024-08-20 00:34:00.904
ProcessGuid: {ca24abc9-e473-66c3-ca06-000000001d00}
ProcessId: 9536
QueryName: www.powershellgallery.com
QueryStatus: 1460
QueryResults: -
Image: C:\Windows\System32\WindowsPowerShell\v1.0\powershell.exe
User: MY-CALDERA\johnny.douche"
222,MY-CAL-WIN10.my-caldera.local,22,"Dns query:
RuleName: -
UtcTime: 2024-08-20 00:38:37.217
ProcessGuid: {ca24abc9-e58c-66c3-0208-000000001d00}
ProcessId: 9480
QueryName: github.com
QueryStatus: 9701
QueryResults: -
Image: C:\Windows\System32\WindowsPowerShell\v1.0\powershell.exe
User: MY-CALDERA\johnny.douche"
223,MY-CAL-WIN10.my-caldera.local,22,"Dns query:
RuleName: -
UtcTime: 2024-08-20 00:39:20.135
ProcessGuid: {ca24abc9-e5af-66c3-3408-000000001d00}
ProcessId: 4988
QueryName: www.powershellgallery.com
QueryStatus: 1460
QueryResults: -
Image: C:\Windows\System32\WindowsPowerShell\v1.0\powershell.exe
User: MY-CALDERA\johnny.douche"
224,MY-CAL-WIN10.my-caldera.local,22,"Dns query:
RuleName: -
UtcTime: 2024-08-20 00:39:20.173
ProcessGuid: {ca24abc9-e5af-66c3-3408-000000001d00}
ProcessId: 4988
QueryName: www.powershellgallery.com
QueryStatus: 9701
QueryResults: -
Image: C:\Windows\System32\WindowsPowerShell\v1.0\powershell.exe
User: MY-CALDERA\johnny.douche"
225,MY-CAL-WIN10.my-caldera.local,22,"Dns query:
RuleName: -
UtcTime: 2024-08-20 00:39:22.622
ProcessGuid: {ca24abc9-e5ba-66c3-3c08-000000001d00}
ProcessId: 10884
QueryName: raw.githubusercontent.com
QueryStatus: 0
QueryResults: ::ffff:185.199.110.133;::ffff:185.199.108.133;::ffff:185.199.109.133;::ffff:185.199.111.133;
Image: C:\Windows\System32\WindowsPowerShell\v1.0\powershell.exe
User: MY-CALDERA\johnny.douche"
226,MY-CAL-WIN10.my-caldera.local,22,"Dns query:
RuleName: -
UtcTime: 2024-08-20 00:39:31.164
ProcessGuid: {ca24abc9-e5c2-66c3-4d08-000000001d00}
ProcessId: 9704
QueryName: raw.githubusercontent.com
QueryStatus: 0
QueryResults: ::ffff:185.199.110.133;::ffff:185.199.108.133;::ffff:185.199.109.133;::ffff:185.199.111.133;
Image: C:\Windows\System32\WindowsPowerShell\v1.0\powershell.exe
User: MY-CALDERA\johnny.douche"
227,MY-CAL-WIN10.my-caldera.local,22,"Dns query:
RuleName: -
UtcTime: 2024-08-20 00:39:36.122
ProcessGuid: {ca24abc9-e5c4-66c3-5208-000000001d00}
ProcessId: 9500
QueryName: support.content.office.net
QueryStatus: 9701
QueryResults: -
Image: C:\Program Files (x86)\Microsoft Office\root\Office16\WINWORD.EXE
User: MY-CALDERA\johnny.douche"
228,MY-CAL-WIN10.my-caldera.local,22,"Dns query:
RuleName: -
UtcTime: 2024-08-20 00:39:41.045
ProcessGuid: {ca24abc9-e5cc-66c3-5508-000000001d00}
ProcessId: 492
QueryName: github.com
QueryStatus: 9701
QueryResults: -
Image: C:\Windows\System32\WindowsPowerShell\v1.0\powershell.exe
User: MY-CALDERA\johnny.douche"
229,MY-CAL-WIN10.my-caldera.local,22,"Dns query:
RuleName: -
UtcTime: 2024-08-20 00:43:40.929
ProcessGuid: {ca24abc9-e6b6-66c3-a008-000000001d00}
ProcessId: 6256
QueryName: github.com
QueryStatus: 1460
QueryResults: -
Image: C:\Windows\System32\WindowsPowerShell\v1.0\powershell.exe
User: MY-CALDERA\johnny.douche"
230,MY-CAL-WIN10.my-caldera.local,22,"Dns query:
RuleName: -
UtcTime: 2024-08-20 00:08:38.319
ProcessGuid: {ca24abc9-d624-66c3-0c00-000000001d00}
ProcessId: 788
QueryName: _ldap._tcp.Default-First-Site-Name._sites.my-caldera.local.
QueryStatus: 9003
QueryResults: -
Image: C:\Windows\System32\lsass.exe
User: NT AUTHORITY\SYSTEM"
231,MY-CAL-WIN10.my-caldera.local,22,"Dns query:
RuleName: -
UtcTime: 2024-08-20 00:08:48.833
ProcessGuid: {ca24abc9-d62f-66c3-4800-000000001d00}
ProcessId: 3432
QueryName: support.content.office.net
QueryStatus: 9701
QueryResults: -
Image: C:\Program Files\Windows Defender Advanced Threat Protection\MsSense.exe
User: NT AUTHORITY\SYSTEM"
232,MY-CAL-WIN10.my-caldera.local,22,"Dns query:
RuleName: -
UtcTime: 2024-08-20 00:08:48.835
ProcessGuid: {ca24abc9-d62f-66c3-4800-000000001d00}
ProcessId: 3432
QueryName: res.cdn.office.net
QueryStatus: 9701
QueryResults: -
Image: C:\Program Files\Windows Defender Advanced Threat Protection\MsSense.exe
User: NT AUTHORITY\SYSTEM"
233,MY-CAL-WIN10.my-caldera.local,22,"Dns query:
RuleName: -
UtcTime: 2024-08-20 00:08:48.836
ProcessGuid: {ca24abc9-d62f-66c3-4800-000000001d00}
ProcessId: 3432
QueryName: onegetcdn.azureedge.net
QueryStatus: 0
QueryResults: type:  5 onegetcdn.ec.azureedge.net;type:  5 cs9.wpc.v0cdn.net;72.21.81.200;
Image: C:\Program Files\Windows Defender Advanced Threat Protection\MsSense.exe
User: NT AUTHORITY\SYSTEM"
234,MY-CAL-WIN10.my-caldera.local,22,"Dns query:
RuleName: -
UtcTime: 2024-08-20 00:09:22.338
ProcessGuid: {ca24abc9-deb1-66c3-4e02-000000001d00}
ProcessId: 3996
QueryName: 1.eu.dl.wireshark.org
QueryStatus: 0
QueryResults: ::ffff:65.21.187.17;
Image: C:\Windows\System32\WindowsPowerShell\v1.0\powershell.exe
User: MY-CALDERA\johnny.douche"
235,MY-CAL-WIN10.my-caldera.local,22,"Dns query:
RuleName: -
UtcTime: 2024-08-20 00:09:23.054
ProcessGuid: {ca24abc9-d62f-66c3-4800-000000001d00}
ProcessId: 3432
QueryName: 1.eu.dl.wireshark.org
QueryStatus: 0
QueryResults: 65.21.187.17;
Image: C:\Program Files\Windows Defender Advanced Threat Protection\MsSense.exe
User: NT AUTHORITY\SYSTEM"
236,MY-CAL-WIN10.my-caldera.local,22,"Dns query:
RuleName: -
UtcTime: 2024-08-20 00:10:09.766
ProcessGuid: {ca24abc9-d62f-66c3-4800-000000001d00}
ProcessId: 3432
QueryName: github.com
QueryStatus: 9701
QueryResults: -
Image: C:\Program Files\Windows Defender Advanced Threat Protection\MsSense.exe
User: NT AUTHORITY\SYSTEM"
237,MY-CAL-WIN10.my-caldera.local,22,"Dns query:
RuleName: -
UtcTime: 2024-08-20 00:11:28.736
ProcessGuid: {ca24abc9-df30-66c3-5902-000000001d00}
ProcessId: 3676
QueryName: nmap.org
QueryStatus: 0
QueryResults: ::ffff:50.116.1.184;
Image: C:\Windows\System32\WindowsPowerShell\v1.0\powershell.exe
User: MY-CALDERA\johnny.douche"
238,MY-CAL-WIN10.my-caldera.local,22,"Dns query:
RuleName: -
UtcTime: 2024-08-20 00:11:33.999
ProcessGuid: {ca24abc9-d62f-66c3-4800-000000001d00}
ProcessId: 3432
QueryName: nmap.org
QueryStatus: 0
QueryResults: 50.116.1.184;
Image: C:\Program Files\Windows Defender Advanced Threat Protection\MsSense.exe
User: NT AUTHORITY\SYSTEM"
239,MY-CAL-WIN10.my-caldera.local,22,"Dns query:
RuleName: -
UtcTime: 2024-08-20 00:12:40.139
ProcessGuid: {ca24abc9-df77-66c3-8102-000000001d00}
ProcessId: 5036
QueryName: raw.githubusercontent.com
QueryStatus: 0
QueryResults: ::ffff:185.199.110.133;::ffff:185.199.108.133;::ffff:185.199.109.133;::ffff:185.199.111.133;
Image: C:\Windows\System32\WindowsPowerShell\v1.0\powershell.exe
User: MY-CALDERA\johnny.douche"
240,MY-CAL-WIN10.my-caldera.local,22,"Dns query:
RuleName: -
UtcTime: 2024-08-20 00:12:40.241
ProcessGuid: {ca24abc9-d62f-66c3-4800-000000001d00}
ProcessId: 3432
QueryName: raw.githubusercontent.com
QueryStatus: 0
QueryResults: 185.199.110.133;185.199.108.133;185.199.109.133;185.199.111.133;
Image: C:\Program Files\Windows Defender Advanced Threat Protection\MsSense.exe
User: NT AUTHORITY\SYSTEM"
241,MY-CAL-WIN10.my-caldera.local,22,"Dns query:
RuleName: -
UtcTime: 2024-08-20 00:28:00.302
ProcessGuid: {ca24abc9-e30f-66c3-9304-000000001d00}
ProcessId: 2452
QueryName: www.7-zip.org
QueryStatus: 9701
QueryResults: -
Image: C:\Windows\System32\WindowsPowerShell\v1.0\powershell.exe
User: MY-CALDERA\johnny.douche"
242,MY-CAL-WIN10.my-caldera.local,22,"Dns query:
RuleName: -
UtcTime: 2024-08-20 01:50:33.210
ProcessGuid: {ca24abc9-f664-66c3-8d11-000000001d00}
ProcessId: 7556
QueryName: _ldap._tcp.Default-First-Site-Name._sites.MY-CAL-DC.MY-CALDERA.LOCAL.
QueryStatus: 9003
QueryResults: -
Image: C:\Windows\System32\WindowsPowerShell\v1.0\powershell.exe
User: MY-CALDERA\johnny.douche"
243,MY-CAL-WIN10.my-caldera.local,22,"Dns query:
RuleName: -
UtcTime: 2024-08-20 01:50:33.210
ProcessGuid: {ca24abc9-f664-66c3-8d11-000000001d00}
ProcessId: 7556
QueryName: _ldap._tcp.MY-CAL-DC.MY-CALDERA.LOCAL.
QueryStatus: 9003
QueryResults: -
Image: C:\Windows\System32\WindowsPowerShell\v1.0\powershell.exe
User: MY-CALDERA\johnny.douche"
244,MY-CAL-WIN10.my-caldera.local,22,"Dns query:
RuleName: -
UtcTime: 2024-08-20 01:50:33.211
ProcessGuid: {ca24abc9-f664-66c3-8d11-000000001d00}
ProcessId: 7556
QueryName: MY-CAL-DC.MY-CALDERA.LOCAL
QueryStatus: 9003
QueryResults: -
Image: C:\Windows\System32\WindowsPowerShell\v1.0\powershell.exe
User: MY-CALDERA\johnny.douche"
245,MY-CAL-WIN10.my-caldera.local,22,"Dns query:
RuleName: -
UtcTime: 2024-08-20 01:50:50.118
ProcessGuid: {ca24abc9-f678-66c3-9e11-000000001d00}
ProcessId: 11804
QueryName: raw.githubusercontent.com
QueryStatus: 0
QueryResults: ::ffff:185.199.108.133;::ffff:185.199.110.133;::ffff:185.199.111.133;::ffff:185.199.109.133;
Image: C:\Windows\System32\WindowsPowerShell\v1.0\powershell.exe
User: MY-CALDERA\johnny.douche"
246,MY-CAL-WIN10.my-caldera.local,22,"Dns query:
RuleName: -
UtcTime: 2024-08-20 01:50:53.610
ProcessGuid: {ca24abc9-f678-66c3-9e11-000000001d00}
ProcessId: 11804
QueryName: _ldap._tcp.Default-First-Site-Name._sites.MY-CAL-DC.MY-CALDERA.LOCAL.
QueryStatus: 9003
QueryResults: -
Image: C:\Windows\System32\WindowsPowerShell\v1.0\powershell.exe
User: MY-CALDERA\johnny.douche"
247,MY-CAL-WIN10.my-caldera.local,22,"Dns query:
RuleName: -
UtcTime: 2024-08-20 01:50:53.642
ProcessGuid: {ca24abc9-f678-66c3-9e11-000000001d00}
ProcessId: 11804
QueryName: _ldap._tcp.MY-CAL-DC.MY-CALDERA.LOCAL.
QueryStatus: 9003
QueryResults: -
Image: C:\Windows\System32\WindowsPowerShell\v1.0\powershell.exe
User: MY-CALDERA\johnny.douche"
248,MY-CAL-WIN10.my-caldera.local,22,"Dns query:
RuleName: -
UtcTime: 2024-08-20 01:51:07.712
ProcessGuid: {ca24abc9-f689-66c3-b011-000000001d00}
ProcessId: 13012
QueryName: raw.githubusercontent.com
QueryStatus: 0
QueryResults: ::ffff:185.199.108.133;::ffff:185.199.110.133;::ffff:185.199.111.133;::ffff:185.199.109.133;
Image: C:\Windows\System32\WindowsPowerShell\v1.0\powershell.exe
User: MY-CALDERA\johnny.douche"
249,MY-CAL-WIN10.my-caldera.local,22,"Dns query:
RuleName: -
UtcTime: 2024-08-20 00:43:31.738
ProcessGuid: {ca24abc9-e6b3-66c3-9708-000000001d00}
ProcessId: 7732
QueryName: dl.google.com
QueryStatus: 9701
QueryResults: -
Image: C:\Windows\System32\WindowsPowerShell\v1.0\powershell.exe
User: MY-CALDERA\johnny.douche"
250,MY-CAL-WIN10.my-caldera.local,22,"Dns query:
RuleName: -
UtcTime: 2024-08-20 00:44:11.617
ProcessGuid: {ca24abc9-e6da-66c3-cf08-000000001d00}
ProcessId: 10800
QueryName: www.win-rar.com
QueryStatus: 9701
QueryResults: -
Image: C:\Windows\System32\svchost.exe
User: NT AUTHORITY\SYSTEM"
251,MY-CAL-WIN10.my-caldera.local,22,"Dns query:
RuleName: -
UtcTime: 2024-08-20 01:56:47.574
ProcessGuid: {ca24abc9-f7c1-66c3-1112-000000001d00}
ProcessId: 14376
QueryName: atomicredteam-915784.127.0.0.1.nip.io
QueryStatus: 1460
QueryResults: -
Image: C:\Windows\System32\WindowsPowerShell\v1.0\powershell.exe
User: MY-CALDERA\johnny.douche"
252,MY-CAL-WIN10.my-caldera.local,22,"Dns query:
RuleName: -
UtcTime: 2024-08-20 01:57:08.699
ProcessGuid: {ca24abc9-f7c1-66c3-1112-000000001d00}
ProcessId: 14376
QueryName: atomicredteam-925879.127.0.0.1.nip.io
QueryStatus: 1460
QueryResults: -
Image: C:\Windows\System32\WindowsPowerShell\v1.0\powershell.exe
User: MY-CALDERA\johnny.douche"
253,MY-CAL-WIN10.my-caldera.local,22,"Dns query:
RuleName: -
UtcTime: 2024-08-20 01:59:06.081
ProcessGuid: {ca24abc9-f83a-66c3-1a12-000000001d00}
ProcessId: 14308
QueryName: atomicredteam.821424.127.0.0.1.nip.io
QueryStatus: 1460
QueryResults: -
Image: C:\Windows\System32\WindowsPowerShell\v1.0\powershell.exe
User: MY-CALDERA\johnny.douche"
254,MY-CAL-WIN10.my-caldera.local,22,"Dns query:
RuleName: -
UtcTime: 2024-08-20 01:16:33.174
ProcessGuid: {ca24abc9-ee70-66c3-c50a-000000001d00}
ProcessId: 8372
QueryName: support.content.office.net
QueryStatus: 1460
QueryResults: -
Image: C:\Program Files (x86)\Microsoft Office\root\Office16\WINWORD.EXE
User: MY-CALDERA\johnny.douche"
255,MY-CAL-WIN10.my-caldera.local,22,"Dns query:
RuleName: -
UtcTime: 2024-08-20 01:16:49.106
ProcessGuid: {ca24abc9-ee70-66c3-c50a-000000001d00}
ProcessId: 8372
QueryName: metadata.templates.cdn.office.net
QueryStatus: 1460
QueryResults: -
Image: C:\Program Files (x86)\Microsoft Office\root\Office16\WINWORD.EXE
User: MY-CALDERA\johnny.douche"
256,MY-CAL-WIN10.my-caldera.local,22,"Dns query:
RuleName: -
UtcTime: 2024-08-20 01:18:36.986
ProcessGuid: {ca24abc9-eee7-66c3-f30a-000000001d00}
ProcessId: 4080
QueryName: allports.exposed
QueryStatus: 1460
QueryResults: -
Image: C:\Windows\System32\WindowsPowerShell\v1.0\powershell.exe
User: MY-CALDERA\johnny.douche"
257,MY-CAL-WIN10.my-caldera.local,22,"Dns query:
RuleName: -
UtcTime: 2024-08-20 01:25:02.052
ProcessGuid: {ca24abc9-f064-66c3-6b0e-000000001d00}
ProcessId: 8680
QueryName: support.content.office.net
QueryStatus: 0
QueryResults: type:  5 support.content.office.net.edgekey.net;type:  5 e12627.g.akamaiedge.net;::ffff:23.204.12.219;
Image: C:\Program Files (x86)\Microsoft Office\root\Office16\EXCEL.EXE
User: MY-CALDERA\johnny.douche"
258,MY-CAL-WIN10.my-caldera.local,22,"Dns query:
RuleName: -
UtcTime: 2024-08-20 01:25:56.778
ProcessGuid: {ca24abc9-f09f-66c3-bd0e-000000001d00}
ProcessId: 1552
QueryName: _ldap._tcp.Default-First-Site-Name._sites.MY-CAL-DC.MY-CALDERA.LOCAL.
QueryStatus: 9003
QueryResults: -
Image: C:\Windows\System32\WindowsPowerShell\v1.0\powershell.exe
User: MY-CALDERA\johnny.douche"
259,MY-CAL-WIN10.my-caldera.local,22,"Dns query:
RuleName: -
UtcTime: 2024-08-20 01:25:56.841
ProcessGuid: {ca24abc9-f09f-66c3-bd0e-000000001d00}
ProcessId: 1552
QueryName: MY-CAL-DC.MY-CALDERA.LOCAL
QueryStatus: 9003
QueryResults: -
Image: C:\Windows\System32\WindowsPowerShell\v1.0\powershell.exe
User: MY-CALDERA\johnny.douche"
260,MY-CAL-WIN10.my-caldera.local,22,"Dns query:
RuleName: -
UtcTime: 2024-08-20 01:25:56.778
ProcessGuid: {ca24abc9-f09f-66c3-bd0e-000000001d00}
ProcessId: 1552
QueryName: _ldap._tcp.MY-CAL-DC.MY-CALDERA.LOCAL.
QueryStatus: 9003
QueryResults: -
Image: C:\Windows\System32\WindowsPowerShell\v1.0\powershell.exe
User: MY-CALDERA\johnny.douche"
261,MY-CAL-WIN10.my-caldera.local,22,"Dns query:
RuleName: -
UtcTime: 2024-08-20 01:45:09.529
ProcessGuid: {ca24abc9-f523-66c3-3f11-000000001d00}
ProcessId: 8944
QueryName: raw.githubusercontent.com
QueryStatus: 0
QueryResults: ::ffff:185.199.108.133;::ffff:185.199.110.133;::ffff:185.199.111.133;::ffff:185.199.109.133;
Image: C:\Windows\System32\WindowsPowerShell\v1.0\powershell.exe
User: MY-CALDERA\johnny.douche"
262,MY-CAL-WIN10.my-caldera.local,22,"Dns query:
RuleName: -
UtcTime: 2024-08-20 01:45:39.395
ProcessGuid: {ca24abc9-f526-66c3-4111-000000001d00}
ProcessId: 13068
QueryName: support.content.office.net
QueryStatus: 0
QueryResults: type:  5 support.content.office.net.edgekey.net;type:  5 e12627.g.akamaiedge.net;::ffff:23.204.12.219;
Image: C:\Program Files (x86)\Microsoft Office\root\Office16\WINWORD.EXE
User: MY-CALDERA\johnny.douche"
263,MY-CAL-WIN10.my-caldera.local,22,"Dns query:
RuleName: -
UtcTime: 2024-08-20 01:45:53.462
ProcessGuid: {ca24abc9-d62f-66c3-4800-000000001d00}
ProcessId: 3432
QueryName: metadata.templates.cdn.office.net
QueryStatus: 0
QueryResults: type:  5 templatesmetadata.office.net;type:  5 templatesmetadata.office.net.edgekey.net;type:  5 e26769.dscb.akamaiedge.net;23.205.255.202;23.205.255.201;
Image: C:\Program Files\Windows Defender Advanced Threat Protection\MsSense.exe
User: NT AUTHORITY\SYSTEM"
264,MY-CAL-WIN10.my-caldera.local,22,"Dns query:
RuleName: -
UtcTime: 2024-08-20 01:45:54.052
ProcessGuid: {ca24abc9-f526-66c3-4111-000000001d00}
ProcessId: 13068
QueryName: binaries.templates.cdn.office.net
QueryStatus: 0
QueryResults: type:  5 binaries.templates.cdn.office.net.edgesuite.net;type:  5 a1847.dscg2.akamai.net;::ffff:23.201.34.169;::ffff:23.201.34.166;
Image: C:\Program Files (x86)\Microsoft Office\root\Office16\WINWORD.EXE
User: MY-CALDERA\johnny.douche"
265,MY-CAL-WIN10.my-caldera.local,22,"Dns query:
RuleName: -
UtcTime: 2024-08-20 01:45:53.200
ProcessGuid: {ca24abc9-f526-66c3-4111-000000001d00}
ProcessId: 13068
QueryName: metadata.templates.cdn.office.net
QueryStatus: 0
QueryResults: type:  5 templatesmetadata.office.net;type:  5 templatesmetadata.office.net.edgekey.net;type:  5 e26769.dscb.akamaiedge.net;::ffff:23.205.255.202;::ffff:23.205.255.201;
Image: C:\Program Files (x86)\Microsoft Office\root\Office16\WINWORD.EXE
User: MY-CALDERA\johnny.douche"
266,MY-CAL-WIN10.my-caldera.local,22,"Dns query:
RuleName: -
UtcTime: 2024-08-20 01:46:31.602
ProcessGuid: {ca24abc9-d62f-66c3-4800-000000001d00}
ProcessId: 3432
QueryName: metadata.templates.cdn.office.net
QueryStatus: 9701
QueryResults: -
Image: C:\Program Files\Windows Defender Advanced Threat Protection\MsSense.exe
User: NT AUTHORITY\SYSTEM"
267,MY-CAL-WIN10.my-caldera.local,22,"Dns query:
RuleName: -
UtcTime: 2024-08-20 01:50:53.674
ProcessGuid: {ca24abc9-f678-66c3-9e11-000000001d00}
ProcessId: 11804
QueryName: MY-CAL-DC.MY-CALDERA.LOCAL
QueryStatus: 9003
QueryResults: -
Image: C:\Windows\System32\WindowsPowerShell\v1.0\powershell.exe
User: MY-CALDERA\johnny.douche"
268,MY-CAL-WIN10.my-caldera.local,22,"Dns query:
RuleName: -
UtcTime: 2024-08-20 01:50:36.056
ProcessGuid: {ca24abc9-f669-66c3-8f11-000000001d00}
ProcessId: 6540
QueryName: raw.githubusercontent.com
QueryStatus: 0
QueryResults: ::ffff:185.199.108.133;::ffff:185.199.110.133;::ffff:185.199.111.133;::ffff:185.199.109.133;
Image: C:\Windows\System32\WindowsPowerShell\v1.0\powershell.exe
User: MY-CALDERA\johnny.douche"
269,MY-CAL-WIN10.my-caldera.local,22,"Dns query:
RuleName: -
UtcTime: 2024-08-20 01:52:06.787
ProcessGuid: {ca24abc9-f68d-66c3-b211-000000001d00}
ProcessId: 10252
QueryName: support.content.office.net
QueryStatus: 0
QueryResults: type:  5 support.content.office.net.edgekey.net;type:  5 e12627.g.akamaiedge.net;::ffff:23.204.12.219;
Image: C:\Program Files (x86)\Microsoft Office\root\Office16\WINWORD.EXE
User: MY-CALDERA\johnny.douche"
270,MY-CAL-WIN10.my-caldera.local,22,"Dns query:
RuleName: -
UtcTime: 2024-08-20 01:56:33.503
ProcessGuid: {ca24abc9-f7c1-66c3-1112-000000001d00}
ProcessId: 14376
QueryName: atomicredteam-921369.127.0.0.1.nip.io
QueryStatus: 1460
QueryResults: -
Image: C:\Windows\System32\WindowsPowerShell\v1.0\powershell.exe
User: MY-CALDERA\johnny.douche"
271,MY-CAL-WIN10.my-caldera.local,22,"Dns query:
RuleName: -
UtcTime: 2024-08-20 01:56:54.621
ProcessGuid: {ca24abc9-f7c1-66c3-1112-000000001d00}
ProcessId: 14376
QueryName: atomicredteam-179809.127.0.0.1.nip.io
QueryStatus: 1460
QueryResults: -
Image: C:\Windows\System32\WindowsPowerShell\v1.0\powershell.exe
User: MY-CALDERA\johnny.douche"
272,MY-CAL-WIN10.my-caldera.local,22,"Dns query:
RuleName: -
UtcTime: 2024-08-20 01:57:15.741
ProcessGuid: {ca24abc9-f7c1-66c3-1112-000000001d00}
ProcessId: 14376
QueryName: atomicredteam-933503.127.0.0.1.nip.io
QueryStatus: 1460
QueryResults: -
Image: C:\Windows\System32\WindowsPowerShell\v1.0\powershell.exe
User: MY-CALDERA\johnny.douche"
273,MY-CAL-WIN10.my-caldera.local,22,"Dns query:
RuleName: -
UtcTime: 2024-08-20 00:26:48.883
ProcessGuid: {ca24abc9-e2c5-66c3-5004-000000001d00}
ProcessId: 6260
QueryName: www.powershellgallery.com
QueryStatus: 9701
QueryResults: -
Image: C:\Windows\System32\WindowsPowerShell\v1.0\powershell.exe
User: MY-CALDERA\johnny.douche"
274,MY-CAL-WIN10.my-caldera.local,22,"Dns query:
RuleName: -
UtcTime: 2024-08-20 00:27:11.034
ProcessGuid: {ca24abc9-e2d8-66c3-6004-000000001d00}
ProcessId: 8896
QueryName: www.powershellgallery.com
QueryStatus: 1460
QueryResults: -
Image: C:\Windows\System32\WindowsPowerShell\v1.0\powershell.exe
User: MY-CALDERA\johnny.douche"
275,MY-CAL-WIN10.my-caldera.local,22,"Dns query:
RuleName: -
UtcTime: 2024-08-20 00:27:11.041
ProcessGuid: {ca24abc9-e2d8-66c3-6004-000000001d00}
ProcessId: 8896
QueryName: www.powershellgallery.com
QueryStatus: 9701
QueryResults: -
Image: C:\Windows\System32\WindowsPowerShell\v1.0\powershell.exe
User: MY-CALDERA\johnny.douche"
276,MY-CAL-WIN10.my-caldera.local,22,"Dns query:
RuleName: -
UtcTime: 2024-08-20 01:46:24.969
ProcessGuid: {ca24abc9-d62f-66c3-4800-000000001d00}
ProcessId: 3432
QueryName: augloop.office.com
QueryStatus: 0
QueryResults: type:  5 augloop-prod.trafficmanager.net;type:  5 augloop-prod-pa01.centralus.cloudapp.azure.com;52.111.227.12;
Image: C:\Program Files\Windows Defender Advanced Threat Protection\MsSense.exe
User: NT AUTHORITY\SYSTEM"
277,MY-CAL-WIN10.my-caldera.local,22,"Dns query:
RuleName: -
UtcTime: 2024-08-20 01:46:24.538
ProcessGuid: {ca24abc9-f526-66c3-4111-000000001d00}
ProcessId: 13068
QueryName: augloop.office.com
QueryStatus: 0
QueryResults: type:  5 augloop-prod.trafficmanager.net;type:  5 augloop-prod-pa01.centralus.cloudapp.azure.com;::ffff:52.111.227.12;
Image: C:\Program Files (x86)\Microsoft Office\root\Office16\WINWORD.EXE
User: MY-CALDERA\johnny.douche"
278,MY-CAL-WIN10.my-caldera.local,22,"Dns query:
RuleName: -
UtcTime: 2024-08-20 01:50:38.999
ProcessGuid: {ca24abc9-f669-66c3-8f11-000000001d00}
ProcessId: 6540
QueryName: MY-CAL-DC.MY-CALDERA.LOCAL
QueryStatus: 9003
QueryResults: -
Image: C:\Windows\System32\WindowsPowerShell\v1.0\powershell.exe
User: MY-CALDERA\johnny.douche"
279,MY-CAL-WIN10.my-caldera.local,22,"Dns query:
RuleName: -
UtcTime: 2024-08-20 01:50:57.517
ProcessGuid: {ca24abc9-f67e-66c3-a011-000000001d00}
ProcessId: 12228
QueryName: _ldap._tcp.Default-First-Site-Name._sites.MY-CAL-DC.MY-CALDERA.LOCAL.
QueryStatus: 9003
QueryResults: -
Image: C:\Windows\System32\WindowsPowerShell\v1.0\powershell.exe
User: MY-CALDERA\johnny.douche"
280,MY-CAL-WIN10.my-caldera.local,22,"Dns query:
RuleName: -
UtcTime: 2024-08-20 01:50:57.517
ProcessGuid: {ca24abc9-f67e-66c3-a011-000000001d00}
ProcessId: 12228
QueryName: _ldap._tcp.MY-CAL-DC.MY-CALDERA.LOCAL.
QueryStatus: 9003
QueryResults: -
Image: C:\Windows\System32\WindowsPowerShell\v1.0\powershell.exe
User: MY-CALDERA\johnny.douche"
281,MY-CAL-WIN10.my-caldera.local,22,"Dns query:
RuleName: -
UtcTime: 2024-08-20 00:28:00.433
ProcessGuid: {ca24abc9-e30f-66c3-9304-000000001d00}
ProcessId: 2452
QueryName: hashcat.net
QueryStatus: 9701
QueryResults: -
Image: C:\Windows\System32\WindowsPowerShell\v1.0\powershell.exe
User: MY-CALDERA\johnny.douche"
282,MY-CAL-WIN10.my-caldera.local,22,"Dns query:
RuleName: -
UtcTime: 2024-08-20 00:28:51.335
ProcessGuid: {ca24abc9-e342-66c3-c504-000000001d00}
ProcessId: 5500
QueryName: github.com
QueryStatus: 9701
QueryResults: -
Image: C:\Windows\System32\WindowsPowerShell\v1.0\powershell.exe
User: MY-CALDERA\johnny.douche"
283,MY-CAL-WIN10.my-caldera.local,22,"Dns query:
RuleName: -
UtcTime: 2024-08-20 00:28:49.885
ProcessGuid: {ca24abc9-e336-66c3-c104-000000001d00}
ProcessId: 10228
QueryName: github.com
QueryStatus: 1460
QueryResults: -
Image: C:\Windows\System32\WindowsPowerShell\v1.0\powershell.exe
User: MY-CALDERA\johnny.douche"
284,MY-CAL-WIN10.my-caldera.local,22,"Dns query:
