RuleName: -
UtcTime: 2024-05-24 01:15:31.416
ProcessGuid: {ca24abc9-f379-66c4-d594-000000001900}
ProcessId: 8936
QueryName: az667904.vo.msecnd.net
QueryStatus: 0
QueryResults: type:  5 az667904-pme.azureedge.net;type:  5 az667904-pme.ec.azureedge.net;type:  5 cs9.wpc.v0cdn.net;::ffff:72.21.81.200;
Image: C:\Program Files (x86)\Microsoft Visual Studio\Installer\resources\app\ServiceHub\Services\Microsoft.VisualStudio.Setup.Service\VSIXAutoUpdate.exe
User: NT AUTHORITY\SYSTEM"
1239,MY-CAL-WIN10.my-caldera.local,22,"Dns query:
RuleName: -
UtcTime: 2024-05-24 01:15:31.418
ProcessGuid: {ca24abc9-f379-66c4-d594-000000001900}
ProcessId: 8936
QueryName: az667904.vo.msecnd.net
QueryStatus: 0
QueryResults: type:  5 az667904-pme.azureedge.net;type:  5 az667904-pme.ec.azureedge.net;type:  5 cs9.wpc.v0cdn.net;::ffff:72.21.81.200;
Image: C:\Program Files (x86)\Microsoft Visual Studio\Installer\resources\app\ServiceHub\Services\Microsoft.VisualStudio.Setup.Service\VSIXAutoUpdate.exe
User: NT AUTHORITY\SYSTEM"
1240,MY-CAL-WIN10.my-caldera.local,22,"Dns query:
RuleName: -
UtcTime: 2024-05-24 01:15:31.461
ProcessGuid: {ca24abc9-f379-66c4-d594-000000001900}
ProcessId: 8936
QueryName: az700632.vo.msecnd.net
QueryStatus: 0
QueryResults: type:  5 az700632-pme.azureedge.net;type:  5 az700632-pme.ec.azureedge.net;type:  5 cs9.wpc.v0cdn.net;::ffff:72.21.81.200;
Image: C:\Program Files (x86)\Microsoft Visual Studio\Installer\resources\app\ServiceHub\Services\Microsoft.VisualStudio.Setup.Service\VSIXAutoUpdate.exe
User: NT AUTHORITY\SYSTEM"
1241,MY-CAL-WIN10.my-caldera.local,22,"Dns query:
RuleName: -
UtcTime: 2024-05-24 01:15:31.462
ProcessGuid: {ca24abc9-f379-66c4-d594-000000001900}
ProcessId: 8936
QueryName: az700632.vo.msecnd.net
QueryStatus: 0
QueryResults: type:  5 az700632-pme.azureedge.net;type:  5 az700632-pme.ec.azureedge.net;type:  5 cs9.wpc.v0cdn.net;::ffff:72.21.81.200;
Image: C:\Program Files (x86)\Microsoft Visual Studio\Installer\resources\app\ServiceHub\Services\Microsoft.VisualStudio.Setup.Service\VSIXAutoUpdate.exe
User: NT AUTHORITY\SYSTEM"
1242,MY-CAL-WIN10.my-caldera.local,22,"Dns query:
RuleName: -
UtcTime: 2024-05-23 23:59:39.079
ProcessGuid: {00000000-0000-0000-0000-000000000000}
ProcessId: 12280
QueryName: MY-CAL-DC.my-caldera.local
QueryStatus: 0
QueryResults: ::ffff:172.16.26.226;
Image: <unknown process>
User: MY-CALDERA\johnny.douche"
1243,MY-CAL-WIN10.my-caldera.local,22,"Dns query:
RuleName: -
UtcTime: 2024-05-24 00:59:19.872
ProcessGuid: {00000000-0000-0000-0000-000000000000}
ProcessId: 22880
QueryName: MY-CAL-DC.my-caldera.local
QueryStatus: 0
QueryResults: ::ffff:172.16.26.226;
Image: <unknown process>
User: MY-CALDERA\johnny.douche"
1244,MY-CAL-WIN10.my-caldera.local,22,"Dns query:
RuleName: -
UtcTime: 2024-05-24 01:41:16.448
ProcessGuid: {00000000-0000-0000-0000-000000000000}
ProcessId: 22940
QueryName: MY-CAL-DC.my-caldera.local
QueryStatus: 0
QueryResults: ::ffff:172.16.26.226;
Image: <unknown process>
User: MY-CALDERA\johnny.douche"
1245,MY-CAL-WIN10.my-caldera.local,22,"Dns query:
RuleName: -
UtcTime: 2024-05-24 01:17:26.688
ProcessGuid: {ca24abc9-3439-6646-4900-000000001900}
ProcessId: 3588
QueryName: ms-vsliveshare.gallery.vsassets.io
QueryStatus: 0
QueryResults: 13.107.6.175;
Image: C:\Program Files\Windows Defender Advanced Threat Protection\MsSense.exe
User: NT AUTHORITY\SYSTEM"
1246,MY-CAL-WIN10.my-caldera.local,22,"Dns query:
RuleName: -
UtcTime: 2024-05-24 01:17:26.688
ProcessGuid: {ca24abc9-3439-6646-4900-000000001900}
ProcessId: 3588
QueryName: driverdeveloperkits-wdk.gallerycdn.vsassets.io
QueryStatus: 0
QueryResults: type:  5 35563.wpc.azureedge.net;type:  5 cs10.wpc.v0cdn.net;93.184.215.201;
Image: C:\Program Files\Windows Defender Advanced Threat Protection\MsSense.exe
User: NT AUTHORITY\SYSTEM"
1247,MY-CAL-WIN10.my-caldera.local,22,"Dns query:
RuleName: -
UtcTime: 2024-05-24 01:24:46.468
ProcessGuid: {ca24abc9-f379-66c4-d594-000000001900}
ProcessId: 8936
QueryName: az667904.vo.msecnd.net
QueryStatus: 0
QueryResults: type:  5 az667904-pme.azureedge.net;type:  5 az667904-pme.ec.azureedge.net;type:  5 cs9.wpc.v0cdn.net;::ffff:72.21.81.200;
Image: C:\Program Files (x86)\Microsoft Visual Studio\Installer\resources\app\ServiceHub\Services\Microsoft.VisualStudio.Setup.Service\VSIXAutoUpdate.exe
User: NT AUTHORITY\SYSTEM"
1248,MY-CAL-WIN10.my-caldera.local,22,"Dns query:
RuleName: -
UtcTime: 2024-05-24 01:24:46.468
ProcessGuid: {ca24abc9-f379-66c4-d594-000000001900}
ProcessId: 8936
QueryName: az667904.vo.msecnd.net
QueryStatus: 0
QueryResults: type:  5 az667904-pme.azureedge.net;type:  5 az667904-pme.ec.azureedge.net;type:  5 cs9.wpc.v0cdn.net;::ffff:72.21.81.200;
Image: C:\Program Files (x86)\Microsoft Visual Studio\Installer\resources\app\ServiceHub\Services\Microsoft.VisualStudio.Setup.Service\VSIXAutoUpdate.exe
User: NT AUTHORITY\SYSTEM"
1249,MY-CAL-WIN10.my-caldera.local,22,"Dns query:
RuleName: -
UtcTime: 2024-05-24 01:21:07.132
ProcessGuid: {ca24abc9-f379-66c4-d594-000000001900}
ProcessId: 8936
QueryName: az667904.vo.msecnd.net
QueryStatus: 0
QueryResults: type:  5 az667904-pme.azureedge.net;type:  5 az667904-pme.ec.azureedge.net;type:  5 cs9.wpc.v0cdn.net;::ffff:72.21.81.200;
Image: C:\Program Files (x86)\Microsoft Visual Studio\Installer\resources\app\ServiceHub\Services\Microsoft.VisualStudio.Setup.Service\VSIXAutoUpdate.exe
User: NT AUTHORITY\SYSTEM"
1250,MY-CAL-WIN10.my-caldera.local,22,"Dns query:
RuleName: -
UtcTime: 2024-05-24 01:21:07.133
ProcessGuid: {ca24abc9-f379-66c4-d594-000000001900}
ProcessId: 8936
QueryName: az667904.vo.msecnd.net
QueryStatus: 0
QueryResults: type:  5 az667904-pme.azureedge.net;type:  5 az667904-pme.ec.azureedge.net;type:  5 cs9.wpc.v0cdn.net;::ffff:72.21.81.200;
Image: C:\Program Files (x86)\Microsoft Visual Studio\Installer\resources\app\ServiceHub\Services\Microsoft.VisualStudio.Setup.Service\VSIXAutoUpdate.exe
User: NT AUTHORITY\SYSTEM"
1251,MY-CAL-WIN10.my-caldera.local,22,"Dns query:
RuleName: -
UtcTime: 2024-05-24 01:22:11.215
ProcessGuid: {ca24abc9-3439-6646-4900-000000001900}
ProcessId: 3588
QueryName: ms-vsliveshare.gallerycdn.vsassets.io
QueryStatus: 9701
QueryResults: -
Image: C:\Program Files\Windows Defender Advanced Threat Protection\MsSense.exe
User: NT AUTHORITY\SYSTEM"
1252,MY-CAL-WIN10.my-caldera.local,22,"Dns query:
RuleName: -
UtcTime: 2024-05-24 01:22:11.217
ProcessGuid: {ca24abc9-3439-6646-4900-000000001900}
ProcessId: 3588
QueryName: driverdeveloperkits-wdk.gallerycdn.vsassets.io
QueryStatus: 9701
QueryResults: -
Image: C:\Program Files\Windows Defender Advanced Threat Protection\MsSense.exe
User: NT AUTHORITY\SYSTEM"
1253,MY-CAL-WIN10.my-caldera.local,22,"Dns query:
RuleName: -
UtcTime: 2024-05-24 01:24:13.801
ProcessGuid: {ca24abc9-fbaf-66c4-6296-000000001900}
ProcessId: 17880
QueryName: MY-CAL-DC.my-caldera.local
QueryStatus: 0
QueryResults: ::ffff:172.16.26.226;
Image: C:\Windows\system32\svchost.exe
User: NT AUTHORITY\SYSTEM"
1254,MY-CAL-WIN10.my-caldera.local,22,"Dns query:
RuleName: -
UtcTime: 2024-05-24 01:24:14.260
ProcessGuid: {ca24abc9-fbaf-66c4-6296-000000001900}
ProcessId: 17880
QueryName: MY-CAL-DC.my-caldera.local
QueryStatus: 0
QueryResults: ::ffff:172.16.26.226;
Image: C:\Windows\system32\svchost.exe
User: NT AUTHORITY\SYSTEM"
1255,MY-CAL-WIN10.my-caldera.local,22,"Dns query:
RuleName: -
UtcTime: 2024-05-24 01:24:40.801
ProcessGuid: {ca24abc9-fef1-66c4-be98-000000001900}
ProcessId: 2556
QueryName: az667904.vo.msecnd.net
QueryStatus: 0
QueryResults: type:  5 az667904-pme.azureedge.net;type:  5 az667904-pme.ec.azureedge.net;type:  5 cs9.wpc.v0cdn.net;::ffff:72.21.81.200;
Image: <unknown process>
User: NT AUTHORITY\SYSTEM"
1256,MY-CAL-WIN10.my-caldera.local,22,"Dns query:
RuleName: -
UtcTime: 2024-05-24 01:24:41.028
ProcessGuid: {ca24abc9-fef1-66c4-be98-000000001900}
ProcessId: 2556
QueryName: az667904.vo.msecnd.net
QueryStatus: 0
QueryResults: type:  5 az667904-pme.azureedge.net;type:  5 az667904-pme.ec.azureedge.net;type:  5 cs9.wpc.v0cdn.net;::ffff:72.21.81.200;
Image: <unknown process>
User: NT AUTHORITY\SYSTEM"
1257,MY-CAL-WIN10.my-caldera.local,22,"Dns query:
RuleName: -
UtcTime: 2024-05-24 01:25:14.413
ProcessGuid: {ca24abc9-ff14-66c4-c698-000000001900}
ProcessId: 10288
QueryName: az667904.vo.msecnd.net
QueryStatus: 0
QueryResults: type:  5 az667904-pme.azureedge.net;type:  5 az667904-pme.ec.azureedge.net;type:  5 cs9.wpc.v0cdn.net;::ffff:72.21.81.200;
Image: C:\Program Files (x86)\Microsoft Visual Studio\Installer\resources\app\ServiceHub\Services\Microsoft.VisualStudio.Setup.Service\VSIXConfigurationUpdater.exe
User: MY-CAL-WIN10\Johnny Douche"
1258,MY-CAL-WIN10.my-caldera.local,22,"Dns query:
RuleName: -
UtcTime: 2024-05-24 01:25:14.413
ProcessGuid: {ca24abc9-ff14-66c4-c798-000000001900}
ProcessId: 2840
QueryName: az667904.vo.msecnd.net
QueryStatus: 0
QueryResults: type:  5 az667904-pme.azureedge.net;type:  5 az667904-pme.ec.azureedge.net;type:  5 cs9.wpc.v0cdn.net;::ffff:72.21.81.200;
Image: C:\Program Files (x86)\Microsoft Visual Studio\Installer\resources\app\ServiceHub\Services\Microsoft.VisualStudio.Setup.Service\VSIXConfigurationUpdater.exe
User: MY-CALDERA\johnny.douche"
1259,MY-CAL-WIN10.my-caldera.local,22,"Dns query:
RuleName: -
UtcTime: 2024-05-24 01:25:14.439
ProcessGuid: {ca24abc9-ff14-66c4-c798-000000001900}
ProcessId: 2840
QueryName: az667904.vo.msecnd.net
QueryStatus: 0
QueryResults: type:  5 az667904-pme.azureedge.net;type:  5 az667904-pme.ec.azureedge.net;type:  5 cs9.wpc.v0cdn.net;::ffff:72.21.81.200;
Image: C:\Program Files (x86)\Microsoft Visual Studio\Installer\resources\app\ServiceHub\Services\Microsoft.VisualStudio.Setup.Service\VSIXConfigurationUpdater.exe
User: MY-CALDERA\johnny.douche"
1260,MY-CAL-WIN10.my-caldera.local,22,"Dns query:
RuleName: -
UtcTime: 2024-05-24 01:25:14.440
ProcessGuid: {ca24abc9-ff14-66c4-c698-000000001900}
ProcessId: 10288
QueryName: az667904.vo.msecnd.net
QueryStatus: 0
QueryResults: type:  5 az667904-pme.azureedge.net;type:  5 az667904-pme.ec.azureedge.net;type:  5 cs9.wpc.v0cdn.net;::ffff:72.21.81.200;
Image: C:\Program Files (x86)\Microsoft Visual Studio\Installer\resources\app\ServiceHub\Services\Microsoft.VisualStudio.Setup.Service\VSIXConfigurationUpdater.exe
User: MY-CAL-WIN10\Johnny Douche"
1261,MY-CAL-WIN10.my-caldera.local,22,"Dns query:
RuleName: -
UtcTime: 2024-05-24 01:10:40.792
ProcessGuid: {00000000-0000-0000-0000-000000000000}
ProcessId: 17896
QueryName: MY-CAL-DC.my-caldera.local
QueryStatus: 0
QueryResults: ::ffff:172.16.26.226;
Image: <unknown process>
User: MY-CALDERA\johnny.douche"
1262,MY-CAL-WIN10.my-caldera.local,22,"Dns query:
RuleName: -
UtcTime: 2024-05-24 01:56:32.030
ProcessGuid: {00000000-0000-0000-0000-000000000000}
ProcessId: 3936
QueryName: MY-CAL-DC.my-caldera.local
QueryStatus: 0
QueryResults: ::ffff:172.16.26.226;
Image: <unknown process>
User: MY-CALDERA\johnny.douche"
1263,MY-CAL-WIN10.my-caldera.local,22,"Dns query:
RuleName: -
UtcTime: 2024-05-24 02:41:47.451
ProcessGuid: {00000000-0000-0000-0000-000000000000}
ProcessId: 5556
QueryName: MY-CAL-DC.my-caldera.local
QueryStatus: 0
QueryResults: ::ffff:172.16.26.226;
Image: <unknown process>
User: MY-CALDERA\johnny.douche"
1264,MY-CAL-WIN10.my-caldera.local,22,"Dns query:
RuleName: -
UtcTime: 2024-05-24 01:15:49.220
ProcessGuid: {00000000-0000-0000-0000-000000000000}
ProcessId: 21164
QueryName: MY-CAL-DC.my-caldera.local
QueryStatus: 0
QueryResults: ::ffff:172.16.26.226;
Image: <unknown process>
User: MY-CALDERA\johnny.douche"
1265,MY-CAL-WIN10.my-caldera.local,22,"Dns query:
RuleName: -
UtcTime: 2024-05-24 01:16:17.528
ProcessGuid: {ca24abc9-f379-66c4-d594-000000001900}
ProcessId: 8936
QueryName: marketplace.visualstudio.com
QueryStatus: 0
QueryResults: ::ffff:13.107.42.18;
Image: C:\Program Files (x86)\Microsoft Visual Studio\Installer\resources\app\ServiceHub\Services\Microsoft.VisualStudio.Setup.Service\VSIXAutoUpdate.exe
User: NT AUTHORITY\SYSTEM"
1266,MY-CAL-WIN10.my-caldera.local,22,"Dns query:
RuleName: -
UtcTime: 2024-05-24 01:16:18.125
ProcessGuid: {ca24abc9-f379-66c4-d594-000000001900}
ProcessId: 8936
QueryName: ms-vsliveshare.gallery.vsassets.io
QueryStatus: 0
QueryResults: ::ffff:13.107.6.175;
Image: C:\Program Files (x86)\Microsoft Visual Studio\Installer\resources\app\ServiceHub\Services\Microsoft.VisualStudio.Setup.Service\VSIXAutoUpdate.exe
User: NT AUTHORITY\SYSTEM"
1267,MY-CAL-WIN10.my-caldera.local,22,"Dns query:
RuleName: -
UtcTime: 2024-05-24 01:16:18.201
ProcessGuid: {ca24abc9-f379-66c4-d594-000000001900}
ProcessId: 8936
QueryName: driverdeveloperkits-wdk.gallery.vsassets.io
QueryStatus: 0
QueryResults: ::ffff:13.107.6.175;
Image: C:\Program Files (x86)\Microsoft Visual Studio\Installer\resources\app\ServiceHub\Services\Microsoft.VisualStudio.Setup.Service\VSIXAutoUpdate.exe
User: NT AUTHORITY\SYSTEM"
1268,MY-CAL-WIN10.my-caldera.local,22,"Dns query:
RuleName: -
UtcTime: 2024-05-24 01:16:18.269
ProcessGuid: {ca24abc9-3439-6646-4900-000000001900}
ProcessId: 3588
QueryName: driverdeveloperkits-wdk.gallery.vsassets.io
QueryStatus: 0
QueryResults: 13.107.6.175;
Image: C:\Program Files\Windows Defender Advanced Threat Protection\MsSense.exe
User: NT AUTHORITY\SYSTEM"
1269,MY-CAL-WIN10.my-caldera.local,22,"Dns query:
RuleName: -
UtcTime: 2024-05-24 01:16:18.460
ProcessGuid: {ca24abc9-f379-66c4-d594-000000001900}
ProcessId: 8936
QueryName: driverdeveloperkits-wdk.gallerycdn.vsassets.io
QueryStatus: 0
QueryResults: type:  5 35563.wpc.azureedge.net;type:  5 cs10.wpc.v0cdn.net;::ffff:93.184.215.201;
Image: C:\Program Files (x86)\Microsoft Visual Studio\Installer\resources\app\ServiceHub\Services\Microsoft.VisualStudio.Setup.Service\VSIXAutoUpdate.exe
User: NT AUTHORITY\SYSTEM"
1270,MY-CAL-WIN10.my-caldera.local,22,"Dns query:
RuleName: -
UtcTime: 2024-05-24 01:16:18.461
ProcessGuid: {ca24abc9-f379-66c4-d594-000000001900}
ProcessId: 8936
QueryName: driverdeveloperkits-wdk.gallerycdn.vsassets.io
QueryStatus: 0
QueryResults: type:  5 35563.wpc.azureedge.net;type:  5 cs10.wpc.v0cdn.net;::ffff:93.184.215.201;
Image: C:\Program Files (x86)\Microsoft Visual Studio\Installer\resources\app\ServiceHub\Services\Microsoft.VisualStudio.Setup.Service\VSIXAutoUpdate.exe
User: NT AUTHORITY\SYSTEM"
1271,MY-CAL-WIN10.my-caldera.local,22,"Dns query:
RuleName: -
UtcTime: 2024-05-24 01:16:18.465
ProcessGuid: {ca24abc9-f379-66c4-d594-000000001900}
ProcessId: 8936
QueryName: ms-vsliveshare.gallerycdn.vsassets.io
QueryStatus: 0
QueryResults: type:  5 35563.wpc.azureedge.net;type:  5 cs10.wpc.v0cdn.net;::ffff:93.184.215.201;
Image: C:\Program Files (x86)\Microsoft Visual Studio\Installer\resources\app\ServiceHub\Services\Microsoft.VisualStudio.Setup.Service\VSIXAutoUpdate.exe
User: NT AUTHORITY\SYSTEM"
1272,MY-CAL-WIN10.my-caldera.local,22,"Dns query:
RuleName: -
UtcTime: 2024-05-24 01:16:18.466
ProcessGuid: {ca24abc9-f379-66c4-d594-000000001900}
ProcessId: 8936
QueryName: ms-vsliveshare.gallerycdn.vsassets.io
QueryStatus: 0
QueryResults: type:  5 35563.wpc.azureedge.net;type:  5 cs10.wpc.v0cdn.net;::ffff:93.184.215.201;
Image: C:\Program Files (x86)\Microsoft Visual Studio\Installer\resources\app\ServiceHub\Services\Microsoft.VisualStudio.Setup.Service\VSIXAutoUpdate.exe
User: NT AUTHORITY\SYSTEM"
1273,MY-CAL-WIN10.my-caldera.local,22,"Dns query:
RuleName: -
UtcTime: 2024-05-24 01:16:18.495
ProcessGuid: {ca24abc9-3439-6646-4900-000000001900}
ProcessId: 3588
QueryName: ms-vsliveshare.gallerycdn.vsassets.io
QueryStatus: 0
QueryResults: type:  5 35563.wpc.azureedge.net;type:  5 cs10.wpc.v0cdn.net;93.184.215.201;
Image: C:\Program Files\Windows Defender Advanced Threat Protection\MsSense.exe
User: NT AUTHORITY\SYSTEM"
1274,MY-CAL-WIN10.my-caldera.local,22,"Dns query:
RuleName: -
UtcTime: 2024-05-24 01:20:56.688
ProcessGuid: {00000000-0000-0000-0000-000000000000}
ProcessId: 22324
QueryName: MY-CAL-DC.my-caldera.local
QueryStatus: 0
QueryResults: ::ffff:172.16.26.226;
Image: <unknown process>
User: MY-CALDERA\johnny.douche"
1275,MY-CAL-WIN10.my-caldera.local,22,"Dns query:
RuleName: -
UtcTime: 2024-05-24 01:22:52.647
ProcessGuid: {ca24abc9-fe70-66c4-af98-000000001900}
ProcessId: 20800
QueryName: az700632.vo.msecnd.net
QueryStatus: 0
QueryResults: type:  5 az700632-pme.azureedge.net;type:  5 az700632-pme.ec.azureedge.net;type:  5 cs9.wpc.v0cdn.net;::ffff:72.21.81.200;
Image: C:\Program Files\Microsoft Visual Studio\2022\Community\common7\ide\devenv.exe
User: MY-CALDERA\johnny.douche"
1276,MY-CAL-WIN10.my-caldera.local,22,"Dns query:
RuleName: -
UtcTime: 2024-05-24 01:22:52.643
ProcessGuid: {ca24abc9-fe70-66c4-af98-000000001900}
ProcessId: 20800
QueryName: az700632.vo.msecnd.net
QueryStatus: 0
QueryResults: type:  5 az700632-pme.azureedge.net;type:  5 az700632-pme.ec.azureedge.net;type:  5 cs9.wpc.v0cdn.net;::ffff:72.21.81.200;
Image: C:\Program Files\Microsoft Visual Studio\2022\Community\common7\ide\devenv.exe
User: MY-CALDERA\johnny.douche"
1277,MY-CAL-WIN10.my-caldera.local,22,"Dns query:
RuleName: -
UtcTime: 2024-05-24 01:13:23.533
ProcessGuid: {ca24abc9-f379-66c4-d594-000000001900}
ProcessId: 8936
QueryName: az700632.vo.msecnd.net
QueryStatus: 0
QueryResults: type:  5 az700632-pme.azureedge.net;type:  5 az700632-pme.ec.azureedge.net;type:  5 cs9.wpc.v0cdn.net;::ffff:72.21.81.200;
Image: C:\Program Files (x86)\Microsoft Visual Studio\Installer\resources\app\ServiceHub\Services\Microsoft.VisualStudio.Setup.Service\VSIXAutoUpdate.exe
User: NT AUTHORITY\SYSTEM"
1278,MY-CAL-WIN10.my-caldera.local,22,"Dns query:
RuleName: -
UtcTime: 2024-05-24 01:13:23.593
ProcessGuid: {ca24abc9-f379-66c4-d594-000000001900}
ProcessId: 8936
QueryName: az700632.vo.msecnd.net
QueryStatus: 0
QueryResults: type:  5 az700632-pme.azureedge.net;type:  5 az700632-pme.ec.azureedge.net;type:  5 cs9.wpc.v0cdn.net;::ffff:72.21.81.200;
Image: C:\Program Files (x86)\Microsoft Visual Studio\Installer\resources\app\ServiceHub\Services\Microsoft.VisualStudio.Setup.Service\VSIXAutoUpdate.exe
User: NT AUTHORITY\SYSTEM"
1279,MY-CAL-WIN10.my-caldera.local,22,"Dns query:
RuleName: -
UtcTime: 2024-05-24 01:51:21.611
ProcessGuid: {00000000-0000-0000-0000-000000000000}
ProcessId: 10412
QueryName: MY-CAL-DC.my-caldera.local
QueryStatus: 0
QueryResults: ::ffff:172.16.26.226;
Image: <unknown process>
User: MY-CALDERA\johnny.douche"
1280,MY-CAL-WIN10.my-caldera.local,22,"Dns query:
RuleName: -
UtcTime: 2024-05-24 02:16:21.998
ProcessGuid: {ca24abc9-3439-6646-4900-000000001900}
ProcessId: 3588
QueryName: driverdeveloperkits-wdk.gallery.vsassets.io
QueryStatus: 9701
QueryResults: -
Image: C:\Program Files\Windows Defender Advanced Threat Protection\MsSense.exe
User: NT AUTHORITY\SYSTEM"
1281,MY-CAL-WIN10.my-caldera.local,22,"Dns query:
RuleName: -
UtcTime: 2024-05-24 02:16:21.998
ProcessGuid: {ca24abc9-3439-6646-4900-000000001900}
ProcessId: 3588
QueryName: ms-vsliveshare.gallery.vsassets.io
QueryStatus: 9701
QueryResults: -
Image: C:\Program Files\Windows Defender Advanced Threat Protection\MsSense.exe
User: NT AUTHORITY\SYSTEM"
1282,MY-CAL-WIN10.my-caldera.local,22,"Dns query:
RuleName: -
UtcTime: 2024-05-24 02:16:34.247
ProcessGuid: {ca24abc9-0b1f-66c5-5199-000000001900}
ProcessId: 19844
QueryName: MY-CAL-DC.my-caldera.local
QueryStatus: 0
QueryResults: ::ffff:172.16.26.226;
Image: <unknown process>
User: MY-CALDERA\johnny.douche"
1283,MY-CAL-WIN10.my-caldera.local,22,"Dns query:
RuleName: -
UtcTime: 2024-05-24 02:16:34.256
ProcessGuid: {ca24abc9-0b1f-66c5-5199-000000001900}
ProcessId: 19844
QueryName: MY-CAL-DC.my-caldera.local
QueryStatus: 0
QueryResults: ::ffff:172.16.26.226;
Image: <unknown process>
User: MY-CALDERA\johnny.douche"
1284,MY-CAL-WIN10.my-caldera.local,22,"Dns query:
RuleName: -
UtcTime: 2024-05-24 02:16:34.292
ProcessGuid: {ca24abc9-0b1f-66c5-5199-000000001900}
ProcessId: 19844
QueryName: MY-CAL-DC.my-caldera.local
QueryStatus: 0
QueryResults: ::ffff:172.16.26.226;
Image: <unknown process>
User: MY-CALDERA\johnny.douche"
1285,MY-CAL-WIN10.my-caldera.local,22,"Dns query:
RuleName: -
UtcTime: 2024-05-24 01:19:04.485
ProcessGuid: {ca24abc9-fd86-66c4-8a98-000000001900}
ProcessId: 20780
QueryName: az700632.vo.msecnd.net
QueryStatus: 0
QueryResults: type:  5 az700632-pme.azureedge.net;type:  5 az700632-pme.ec.azureedge.net;type:  5 cs9.wpc.v0cdn.net;::ffff:72.21.81.200;
Image: C:\Program Files\Microsoft Visual Studio\2022\Community\common7\ide\devenv.exe
User: MY-CALDERA\johnny.douche"
1286,MY-CAL-WIN10.my-caldera.local,22,"Dns query:
RuleName: -
UtcTime: 2024-05-24 01:19:04.275
ProcessGuid: {ca24abc9-fd86-66c4-8a98-000000001900}
ProcessId: 20780
QueryName: az700632.vo.msecnd.net
QueryStatus: 0
QueryResults: type:  5 az700632-pme.azureedge.net;type:  5 az700632-pme.ec.azureedge.net;type:  5 cs9.wpc.v0cdn.net;::ffff:72.21.81.200;
Image: C:\Program Files\Microsoft Visual Studio\2022\Community\common7\ide\devenv.exe
User: MY-CALDERA\johnny.douche"
1287,MY-CAL-WIN10.my-caldera.local,22,"Dns query:
RuleName: -
UtcTime: 2024-05-24 01:24:14.796
ProcessGuid: {ca24abc9-fbaf-66c4-6296-000000001900}
ProcessId: 17880
QueryName: MY-CAL-DC.my-caldera.local
QueryStatus: 0
QueryResults: ::ffff:172.16.26.226;
Image: C:\Windows\system32\svchost.exe
User: NT AUTHORITY\SYSTEM"
1288,MY-CAL-WIN10.my-caldera.local,22,"Dns query:
RuleName: -
UtcTime: 2024-05-24 01:24:14.400
ProcessGuid: {ca24abc9-fbaf-66c4-6296-000000001900}
ProcessId: 17880
QueryName: MY-CAL-DC.my-caldera.local
QueryStatus: 0
QueryResults: ::ffff:172.16.26.226;
Image: C:\Windows\system32\svchost.exe
User: NT AUTHORITY\SYSTEM"
1289,MY-CAL-WIN10.my-caldera.local,22,"Dns query:
RuleName: -
UtcTime: 2024-05-24 02:36:45.377
ProcessGuid: {00000000-0000-0000-0000-000000000000}
ProcessId: 19572
QueryName: MY-CAL-DC.my-caldera.local
QueryStatus: 0
QueryResults: ::ffff:172.16.26.226;
Image: <unknown process>
User: MY-CALDERA\johnny.douche"
1290,MY-CAL-WIN10.my-caldera.local,22,"Dns query:
RuleName: -
UtcTime: 2024-05-24 02:01:25.945
ProcessGuid: {00000000-0000-0000-0000-000000000000}
ProcessId: 25232
QueryName: MY-CAL-DC.my-caldera.local
QueryStatus: 0
QueryResults: ::ffff:172.16.26.226;
Image: <unknown process>
User: MY-CALDERA\johnny.douche"
1291,MY-CAL-WIN10.my-caldera.local,22,"Dns query:
RuleName: -
UtcTime: 2024-05-24 02:06:29.176
ProcessGuid: {00000000-0000-0000-0000-000000000000}
ProcessId: 28152
QueryName: MY-CAL-DC.my-caldera.local
QueryStatus: 0
QueryResults: ::ffff:172.16.26.226;
Image: <unknown process>
User: MY-CALDERA\johnny.douche"
1292,MY-CAL-WIN10.my-caldera.local,22,"Dns query:
RuleName: -
UtcTime: 2024-05-24 02:11:31.542
ProcessGuid: {00000000-0000-0000-0000-000000000000}
ProcessId: 14012
QueryName: MY-CAL-DC.my-caldera.local
QueryStatus: 0
QueryResults: ::ffff:172.16.26.226;
Image: <unknown process>
User: MY-CALDERA\johnny.douche"
1293,MY-CAL-WIN10.my-caldera.local,22,"Dns query:
RuleName: -
UtcTime: 2024-05-24 01:28:12.026
ProcessGuid: {ca24abc9-ff17-66c4-c998-000000001900}
ProcessId: 7076
QueryName: webpifeed.blob.core.windows.net
QueryStatus: 0
QueryResults: type:  5 blob.sjc22prdstr02a.store.core.windows.net;::ffff:20.60.168.193;
Image: C:\Program Files\Microsoft Visual Studio\2022\Community\Common7\IDE\devenv.exe
User: MY-CAL-WIN10\Johnny Douche"
1294,MY-CAL-WIN10.my-caldera.local,22,"Dns query:
RuleName: -
UtcTime: 2024-05-24 01:28:12.026
ProcessGuid: {ca24abc9-ff17-66c4-c998-000000001900}
ProcessId: 7076
QueryName: webpifeed.blob.core.windows.net
QueryStatus: 0
QueryResults: type:  5 blob.sjc22prdstr02a.store.core.windows.net;::ffff:20.60.168.193;
Image: C:\Program Files\Microsoft Visual Studio\2022\Community\Common7\IDE\devenv.exe
User: MY-CAL-WIN10\Johnny Douche"
1295,MY-CAL-WIN10.my-caldera.local,22,"Dns query:
RuleName: -
UtcTime: 2024-05-24 01:28:13.884
ProcessGuid: {ca24abc9-ff17-66c4-c898-000000001900}
ProcessId: 27552
QueryName: webpifeed.blob.core.windows.net
QueryStatus: 0
QueryResults: type:  5 blob.sjc22prdstr02a.store.core.windows.net;::ffff:20.60.168.193;
Image: C:\Program Files\Microsoft Visual Studio\2022\Community\Common7\IDE\devenv.exe
User: MY-CALDERA\johnny.douche"
1296,MY-CAL-WIN10.my-caldera.local,22,"Dns query:
RuleName: -
UtcTime: 2024-05-24 01:28:12.026
ProcessGuid: {ca24abc9-ff17-66c4-c998-000000001900}
ProcessId: 7076
QueryName: webpifeed.blob.core.windows.net
QueryStatus: 0
QueryResults: type:  5 blob.sjc22prdstr02a.store.core.windows.net;::ffff:20.60.168.193;
Image: C:\Program Files\Microsoft Visual Studio\2022\Community\Common7\IDE\devenv.exe
User: MY-CAL-WIN10\Johnny Douche"
1297,MY-CAL-WIN10.my-caldera.local,22,"Dns query:
RuleName: -
UtcTime: 2024-05-24 01:28:12.026
ProcessGuid: {ca24abc9-ff17-66c4-c998-000000001900}
ProcessId: 7076
QueryName: webpifeed.blob.core.windows.net
QueryStatus: 0
QueryResults: type:  5 blob.sjc22prdstr02a.store.core.windows.net;::ffff:20.60.168.193;
Image: C:\Program Files\Microsoft Visual Studio\2022\Community\Common7\IDE\devenv.exe
User: MY-CAL-WIN10\Johnny Douche"
1298,MY-CAL-WIN10.my-caldera.local,22,"Dns query:
RuleName: -
UtcTime: 2024-05-24 01:28:13.884
ProcessGuid: {ca24abc9-ff17-66c4-c898-000000001900}
ProcessId: 27552
QueryName: webpifeed.blob.core.windows.net
QueryStatus: 0
QueryResults: type:  5 blob.sjc22prdstr02a.store.core.windows.net;::ffff:20.60.168.193;
Image: C:\Program Files\Microsoft Visual Studio\2022\Community\Common7\IDE\devenv.exe
User: MY-CALDERA\johnny.douche"
1299,MY-CAL-WIN10.my-caldera.local,22,"Dns query:
RuleName: -
UtcTime: 2024-05-24 01:28:17.260
ProcessGuid: {ca24abc9-ff17-66c4-c998-000000001900}
ProcessId: 7076
QueryName: az667904.vo.msecnd.net
QueryStatus: 0
QueryResults: type:  5 az667904-pme.azureedge.net;type:  5 az667904-pme.ec.azureedge.net;type:  5 cs9.wpc.v0cdn.net;::ffff:72.21.81.200;
Image: C:\Program Files\Microsoft Visual Studio\2022\Community\Common7\IDE\devenv.exe
User: MY-CAL-WIN10\Johnny Douche"
1300,MY-CAL-WIN10.my-caldera.local,22,"Dns query:
RuleName: -
UtcTime: 2024-05-24 01:28:17.260
ProcessGuid: {ca24abc9-ff17-66c4-c998-000000001900}
ProcessId: 7076
QueryName: az667904.vo.msecnd.net
QueryStatus: 0
QueryResults: type:  5 az667904-pme.azureedge.net;type:  5 az667904-pme.ec.azureedge.net;type:  5 cs9.wpc.v0cdn.net;::ffff:72.21.81.200;
Image: C:\Program Files\Microsoft Visual Studio\2022\Community\Common7\IDE\devenv.exe
User: MY-CAL-WIN10\Johnny Douche"
1301,MY-CAL-WIN10.my-caldera.local,22,"Dns query:
RuleName: -
UtcTime: 2024-05-24 01:28:17.787
ProcessGuid: {ca24abc9-ff17-66c4-c898-000000001900}
ProcessId: 27552
QueryName: az667904.vo.msecnd.net
QueryStatus: 0
QueryResults: type:  5 az667904-pme.azureedge.net;type:  5 az667904-pme.ec.azureedge.net;type:  5 cs9.wpc.v0cdn.net;::ffff:72.21.81.200;
Image: C:\Program Files\Microsoft Visual Studio\2022\Community\Common7\IDE\devenv.exe
User: MY-CALDERA\johnny.douche"
1302,MY-CAL-WIN10.my-caldera.local,22,"Dns query:
RuleName: -
UtcTime: 2024-05-24 01:28:17.788
ProcessGuid: {ca24abc9-ff17-66c4-c898-000000001900}
ProcessId: 27552
QueryName: az667904.vo.msecnd.net
QueryStatus: 0
QueryResults: type:  5 az667904-pme.azureedge.net;type:  5 az667904-pme.ec.azureedge.net;type:  5 cs9.wpc.v0cdn.net;::ffff:72.21.81.200;
Image: C:\Program Files\Microsoft Visual Studio\2022\Community\Common7\IDE\devenv.exe
User: MY-CALDERA\johnny.douche"
1303,MY-CAL-WIN10.my-caldera.local,22,"Dns query:
RuleName: -
UtcTime: 2024-05-24 00:16:05.104
ProcessGuid: {ca24abc9-eed7-66c4-5094-000000001900}
ProcessId: 3172
QueryName: MY-CAL-DC.my-caldera.local
QueryStatus: 0
QueryResults: ::ffff:172.16.26.226;
Image: C:\Windows\system32\BackgroundTaskHost.exe
User: MY-CALDERA\johnny.douche"
1304,MY-CAL-WIN10.my-caldera.local,22,"Dns query:
RuleName: -
UtcTime: 2024-05-24 00:16:05.283
ProcessGuid: {ca24abc9-eed7-66c4-5094-000000001900}
ProcessId: 3172
QueryName: MY-CAL-DC.my-caldera.local
QueryStatus: 0
QueryResults: ::ffff:172.16.26.226;
Image: C:\Windows\system32\BackgroundTaskHost.exe
User: MY-CALDERA\johnny.douche"
1305,MY-CAL-WIN10.my-caldera.local,22,"Dns query:
RuleName: -
UtcTime: 2024-05-24 01:56:23.642
ProcessGuid: {00000000-0000-0000-0000-000000000000}
ProcessId: 10648
QueryName: MY-CAL-DC.my-caldera.local
QueryStatus: 0
QueryResults: ::ffff:172.16.26.226;
Image: <unknown process>
User: MY-CALDERA\johnny.douche"
1306,MY-CAL-WIN10.my-caldera.local,22,"Dns query:
RuleName: -
UtcTime: 2024-05-24 01:46:18.880
ProcessGuid: {00000000-0000-0000-0000-000000000000}
ProcessId: 20256
QueryName: MY-CAL-DC.my-caldera.local
QueryStatus: 0
QueryResults: ::ffff:172.16.26.226;
Image: <unknown process>
User: MY-CALDERA\johnny.douche"
1307,MY-CAL-WIN10.my-caldera.local,22,"Dns query:
RuleName: -
UtcTime: 2024-05-24 02:21:37.730
ProcessGuid: {00000000-0000-0000-0000-000000000000}
ProcessId: 13368
QueryName: MY-CAL-DC.my-caldera.local
QueryStatus: 0
QueryResults: ::ffff:172.16.26.226;
Image: <unknown process>
User: MY-CALDERA\johnny.douche"
1308,MY-CAL-WIN10.my-caldera.local,22,"Dns query:
RuleName: -
UtcTime: 2024-05-24 02:26:40.401
ProcessGuid: {00000000-0000-0000-0000-000000000000}
ProcessId: 26104
QueryName: MY-CAL-DC.my-caldera.local
QueryStatus: 0
QueryResults: ::ffff:172.16.26.226;
Image: <unknown process>
User: MY-CALDERA\johnny.douche"
1309,MY-CAL-WIN10.my-caldera.local,22,"Dns query:
RuleName: -
UtcTime: 2024-05-24 01:25:50.294
ProcessGuid: {ca24abc9-ff17-66c4-c998-000000001900}
ProcessId: 7076
QueryName: az700632.vo.msecnd.net
QueryStatus: 0
QueryResults: type:  5 az700632-pme.azureedge.net;type:  5 az700632-pme.ec.azureedge.net;type:  5 cs9.wpc.v0cdn.net;::ffff:72.21.81.200;
Image: C:\Program Files\Microsoft Visual Studio\2022\Community\Common7\IDE\devenv.exe
User: MY-CAL-WIN10\Johnny Douche"
1310,MY-CAL-WIN10.my-caldera.local,22,"Dns query:
RuleName: -
UtcTime: 2024-05-24 01:25:50.324
ProcessGuid: {ca24abc9-ff17-66c4-c898-000000001900}
ProcessId: 27552
QueryName: az700632.vo.msecnd.net
QueryStatus: 0
QueryResults: type:  5 az700632-pme.azureedge.net;type:  5 az700632-pme.ec.azureedge.net;type:  5 cs9.wpc.v0cdn.net;::ffff:72.21.81.200;
Image: C:\Program Files\Microsoft Visual Studio\2022\Community\Common7\IDE\devenv.exe
User: MY-CALDERA\johnny.douche"
1311,MY-CAL-WIN10.my-caldera.local,22,"Dns query:
RuleName: -
UtcTime: 2024-05-24 01:25:50.328
ProcessGuid: {ca24abc9-ff17-66c4-c898-000000001900}
ProcessId: 27552
QueryName: az700632.vo.msecnd.net
QueryStatus: 0
QueryResults: type:  5 az700632-pme.azureedge.net;type:  5 az700632-pme.ec.azureedge.net;type:  5 cs9.wpc.v0cdn.net;::ffff:72.21.81.200;
Image: C:\Program Files\Microsoft Visual Studio\2022\Community\Common7\IDE\devenv.exe
User: MY-CALDERA\johnny.douche"
1312,MY-CAL-WIN10.my-caldera.local,22,"Dns query:
RuleName: -
UtcTime: 2024-05-24 01:26:05.594
ProcessGuid: {00000000-0000-0000-0000-000000000000}
ProcessId: 12456
QueryName: MY-CAL-DC.my-caldera.local
QueryStatus: 0
QueryResults: ::ffff:172.16.26.226;
Image: <unknown process>
User: MY-CALDERA\johnny.douche"
1313,MY-CAL-WIN10.my-caldera.local,22,"Dns query:
RuleName: -
UtcTime: 2024-05-24 01:25:50.298
ProcessGuid: {ca24abc9-ff17-66c4-c998-000000001900}
ProcessId: 7076
QueryName: az700632.vo.msecnd.net
QueryStatus: 0
QueryResults: type:  5 az700632-pme.azureedge.net;type:  5 az700632-pme.ec.azureedge.net;type:  5 cs9.wpc.v0cdn.net;::ffff:72.21.81.200;
Image: C:\Program Files\Microsoft Visual Studio\2022\Community\Common7\IDE\devenv.exe
User: MY-CAL-WIN10\Johnny Douche"
1314,MY-CAL-WIN10.my-caldera.local,22,"Dns query:
RuleName: -
UtcTime: 2024-05-24 02:03:47.899
ProcessGuid: {ca24abc9-0817-66c5-3399-000000001900}
ProcessId: 18304
QueryName: default.exp-tas.com
QueryStatus: 0
QueryResults: type:  5 deault-exp-tas-com.e-0014.e-msedge.net;type:  5 e-0014.e-msedge.net;::ffff:13.107.5.93;
Image: C:\Program Files\WindowsApps\Microsoft.YourPhone_1.24042.107.0_x64__8wekyb3d8bbwe\PhoneExperienceHost.exe
User: MY-CAL-WIN10\Johnny Douche"
1315,MY-CAL-WIN10.my-caldera.local,22,"Dns query:
RuleName: -
UtcTime: 2024-05-24 02:55:16.733
ProcessGuid: {00000000-0000-0000-0000-000000000000}
ProcessId: 23040
QueryName: MY-CAL-DC.my-caldera.local
QueryStatus: 0
QueryResults: ::ffff:172.16.26.226;
Image: <unknown process>
User: MY-CALDERA\johnny.douche"
1316,MY-CAL-WIN10.my-caldera.local,22,"Dns query:
RuleName: -
UtcTime: 2024-05-24 02:31:42.848
ProcessGuid: {ca24abc9-0eab-66c5-7599-000000001900}
ProcessId: 9004
QueryName: MY-CAL-DC.my-caldera.local
QueryStatus: 0
QueryResults: ::ffff:172.16.26.226;
Image: <unknown process>
User: MY-CALDERA\johnny.douche"
1317,MY-CAL-WIN10.my-caldera.local,22,"Dns query:
RuleName: -
UtcTime: 2024-05-24 02:31:42.857
ProcessGuid: {ca24abc9-0eab-66c5-7599-000000001900}
ProcessId: 9004
QueryName: MY-CAL-DC.my-caldera.local
QueryStatus: 0
QueryResults: ::ffff:172.16.26.226;
Image: <unknown process>
User: MY-CALDERA\johnny.douche"
1318,MY-CAL-WIN10.my-caldera.local,22,"Dns query:
RuleName: -
UtcTime: 2024-05-24 02:31:42.893
ProcessGuid: {ca24abc9-0eab-66c5-7599-000000001900}
ProcessId: 9004
QueryName: MY-CAL-DC.my-caldera.local
QueryStatus: 0
QueryResults: ::ffff:172.16.26.226;
Image: <unknown process>
User: MY-CALDERA\johnny.douche"
1319,MY-CAL-WIN10.my-caldera.local,22,"Dns query:
RuleName: -
UtcTime: 2024-05-24 01:31:05.993
ProcessGuid: {ca24abc9-fbaf-66c4-6296-000000001900}
ProcessId: 17880
QueryName: MY-CAL-DC.my-caldera.local
QueryStatus: 0
QueryResults: ::ffff:172.16.26.226;
Image: C:\Windows\system32\svchost.exe
User: NT AUTHORITY\SYSTEM"
1320,MY-CAL-WIN10.my-caldera.local,22,"Dns query:
RuleName: -
UtcTime: 2024-05-24 01:31:06.304
ProcessGuid: {ca24abc9-fbaf-66c4-6296-000000001900}
ProcessId: 17880
QueryName: MY-CAL-DC.my-caldera.local
QueryStatus: 0
QueryResults: ::ffff:172.16.26.226;
Image: C:\Windows\system32\svchost.exe
User: NT AUTHORITY\SYSTEM"
1321,MY-CAL-WIN10.my-caldera.local,22,"Dns query:
RuleName: -
UtcTime: 2024-05-24 01:31:06.428
ProcessGuid: {ca24abc9-fbaf-66c4-6296-000000001900}
ProcessId: 17880
QueryName: MY-CAL-DC.my-caldera.local
QueryStatus: 0
QueryResults: ::ffff:172.16.26.226;
Image: C:\Windows\system32\svchost.exe
User: NT AUTHORITY\SYSTEM"
1322,MY-CAL-WIN10.my-caldera.local,22,"Dns query:
RuleName: -
UtcTime: 2024-05-24 01:31:06.745
ProcessGuid: {ca24abc9-fbaf-66c4-6296-000000001900}
ProcessId: 17880
QueryName: MY-CAL-DC.my-caldera.local
QueryStatus: 0
QueryResults: ::ffff:172.16.26.226;
Image: C:\Windows\system32\svchost.exe
User: NT AUTHORITY\SYSTEM"
1323,MY-CAL-WIN10.my-caldera.local,22,"Dns query:
RuleName: -
UtcTime: 2024-05-24 03:19:32.720
ProcessGuid: {ca24abc9-18fd-66c5-049a-000000001900}
ProcessId: 14788
QueryName: MY-CAL-WIN10
QueryStatus: 0
QueryResults: fe80::3a82:bcc3:184c:5cc2;::ffff:172.16.26.234;
Image: C:\Windows\system32\wbem\wmiprvse.exe
User: NT AUTHORITY\NETWORK SERVICE"
1324,MY-CAL-WIN10.my-caldera.local,22,"Dns query:
RuleName: -
UtcTime: 2024-05-24 03:19:46.754
ProcessGuid: {ca24abc9-18fd-66c5-049a-000000001900}
ProcessId: 14788
QueryName: MY-CAL-WIN10
QueryStatus: 0
QueryResults: fe80::3a82:bcc3:184c:5cc2;::ffff:172.16.26.234;
Image: C:\Windows\system32\wbem\wmiprvse.exe
User: NT AUTHORITY\NETWORK SERVICE"
1325,MY-CAL-WIN10.my-caldera.local,22,"Dns query:
RuleName: -
UtcTime: 2024-05-24 03:19:31.457
ProcessGuid: {ca24abc9-18fd-66c5-049a-000000001900}
ProcessId: 14788
QueryName: MY-CAL-WIN10
QueryStatus: 0
QueryResults: fe80::3a82:bcc3:184c:5cc2;::ffff:172.16.26.234;
Image: C:\Windows\system32\wbem\wmiprvse.exe
User: NT AUTHORITY\NETWORK SERVICE"
1326,MY-CAL-WIN10.my-caldera.local,22,"Dns query:
RuleName: -
UtcTime: 2024-05-24 03:19:43.792
ProcessGuid: {ca24abc9-18fd-66c5-049a-000000001900}
ProcessId: 14788
QueryName: MY-CAL-WIN10
QueryStatus: 0
QueryResults: fe80::3a82:bcc3:184c:5cc2;::ffff:172.16.26.234;
Image: C:\Windows\system32\wbem\wmiprvse.exe
User: NT AUTHORITY\NETWORK SERVICE"
1327,MY-CAL-WIN10.my-caldera.local,22,"Dns query:
RuleName: -
UtcTime: 2024-05-24 03:19:51.487
ProcessGuid: {ca24abc9-18fd-66c5-049a-000000001900}
ProcessId: 14788
QueryName: MY-CAL-WIN10
QueryStatus: 0
QueryResults: fe80::3a82:bcc3:184c:5cc2;::ffff:172.16.26.234;
Image: C:\Windows\system32\wbem\wmiprvse.exe
User: NT AUTHORITY\NETWORK SERVICE"
1328,MY-CAL-WIN10.my-caldera.local,22,"Dns query:
RuleName: -
UtcTime: 2024-05-24 03:19:53.640
ProcessGuid: {ca24abc9-18fd-66c5-049a-000000001900}
ProcessId: 14788
QueryName: MY-CAL-WIN10
QueryStatus: 0
QueryResults: fe80::3a82:bcc3:184c:5cc2;::ffff:172.16.26.234;
Image: C:\Windows\system32\wbem\wmiprvse.exe
User: NT AUTHORITY\NETWORK SERVICE"
1329,MY-CAL-WIN10.my-caldera.local,22,"Dns query:
RuleName: -
UtcTime: 2024-05-24 03:19:52.844
ProcessGuid: {ca24abc9-18fd-66c5-049a-000000001900}
ProcessId: 14788
QueryName: MY-CAL-WIN10
QueryStatus: 0
QueryResults: fe80::3a82:bcc3:184c:5cc2;::ffff:172.16.26.234;
Image: C:\Windows\system32\wbem\wmiprvse.exe
User: NT AUTHORITY\NETWORK SERVICE"
1330,MY-CAL-WIN10.my-caldera.local,22,"Dns query:
RuleName: -
UtcTime: 2024-05-24 03:19:53.244
ProcessGuid: {ca24abc9-18fd-66c5-049a-000000001900}
ProcessId: 14788
QueryName: MY-CAL-WIN10
QueryStatus: 0
QueryResults: fe80::3a82:bcc3:184c:5cc2;::ffff:172.16.26.234;
Image: C:\Windows\system32\wbem\wmiprvse.exe
User: NT AUTHORITY\NETWORK SERVICE"
1331,MY-CAL-WIN10.my-caldera.local,22,"Dns query:
RuleName: -
UtcTime: 2024-05-24 03:19:54.038
ProcessGuid: {ca24abc9-18fd-66c5-049a-000000001900}
ProcessId: 14788
QueryName: MY-CAL-WIN10
QueryStatus: 0
QueryResults: fe80::3a82:bcc3:184c:5cc2;::ffff:172.16.26.234;
Image: C:\Windows\system32\wbem\wmiprvse.exe
User: NT AUTHORITY\NETWORK SERVICE"
1332,MY-CAL-WIN10.my-caldera.local,22,"Dns query:
RuleName: -
UtcTime: 2024-05-24 03:19:54.442
ProcessGuid: {ca24abc9-18fd-66c5-049a-000000001900}
ProcessId: 14788
QueryName: MY-CAL-WIN10
QueryStatus: 0
QueryResults: fe80::3a82:bcc3:184c:5cc2;::ffff:172.16.26.234;
Image: C:\Windows\system32\wbem\wmiprvse.exe
User: NT AUTHORITY\NETWORK SERVICE"
1333,MY-CAL-WIN10.my-caldera.local,22,"Dns query:
RuleName: -
UtcTime: 2024-05-24 03:19:57.316
ProcessGuid: {ca24abc9-18fd-66c5-049a-000000001900}
ProcessId: 14788
QueryName: MY-CAL-WIN10
QueryStatus: 0
QueryResults: fe80::3a82:bcc3:184c:5cc2;::ffff:172.16.26.234;
Image: C:\Windows\system32\wbem\wmiprvse.exe
User: NT AUTHORITY\NETWORK SERVICE"
1334,MY-CAL-WIN10.my-caldera.local,22,"Dns query:
RuleName: -
UtcTime: 2024-05-24 03:19:57.362
ProcessGuid: {ca24abc9-18fd-66c5-049a-000000001900}
ProcessId: 14788
QueryName: MY-CAL-WIN10
QueryStatus: 0
QueryResults: fe80::3a82:bcc3:184c:5cc2;::ffff:172.16.26.234;
Image: C:\Windows\system32\wbem\wmiprvse.exe
User: NT AUTHORITY\NETWORK SERVICE"
1335,MY-CAL-WIN10.my-caldera.local,22,"Dns query:
RuleName: -
UtcTime: 2024-05-24 03:19:59.577
ProcessGuid: {ca24abc9-18fd-66c5-049a-000000001900}
ProcessId: 14788
QueryName: MY-CAL-WIN10
QueryStatus: 0
QueryResults: fe80::3a82:bcc3:184c:5cc2;::ffff:172.16.26.234;
Image: C:\Windows\system32\wbem\wmiprvse.exe
User: NT AUTHORITY\NETWORK SERVICE"
1336,MY-CAL-WIN10.my-caldera.local,22,"Dns query:
RuleName: -
UtcTime: 2024-05-24 03:20:00.427
ProcessGuid: {ca24abc9-18fd-66c5-049a-000000001900}
ProcessId: 14788
QueryName: MY-CAL-WIN10
QueryStatus: 0
QueryResults: fe80::3a82:bcc3:184c:5cc2;::ffff:172.16.26.234;
Image: C:\Windows\system32\wbem\wmiprvse.exe
User: NT AUTHORITY\NETWORK SERVICE"
1337,MY-CAL-WIN10.my-caldera.local,22,"Dns query:
RuleName: -
UtcTime: 2024-05-24 03:19:59.997
ProcessGuid: {ca24abc9-18fd-66c5-049a-000000001900}
ProcessId: 14788
QueryName: MY-CAL-WIN10
QueryStatus: 0
QueryResults: fe80::3a82:bcc3:184c:5cc2;::ffff:172.16.26.234;
Image: C:\Windows\system32\wbem\wmiprvse.exe
User: NT AUTHORITY\NETWORK SERVICE"
1338,MY-CAL-WIN10.my-caldera.local,22,"Dns query:
RuleName: -
UtcTime: 2024-05-24 03:20:04.886
ProcessGuid: {ca24abc9-18fd-66c5-049a-000000001900}
ProcessId: 14788
QueryName: MY-CAL-WIN10
QueryStatus: 0
QueryResults: fe80::3a82:bcc3:184c:5cc2;::ffff:172.16.26.234;
Image: C:\Windows\system32\wbem\wmiprvse.exe
User: NT AUTHORITY\NETWORK SERVICE"
1339,MY-CAL-WIN10.my-caldera.local,22,"Dns query:
RuleName: -
UtcTime: 2024-05-24 03:20:08.829
ProcessGuid: {ca24abc9-18fd-66c5-049a-000000001900}
ProcessId: 14788
QueryName: MY-CAL-WIN10
QueryStatus: 0
QueryResults: fe80::3a82:bcc3:184c:5cc2;::ffff:172.16.26.234;
Image: C:\Windows\system32\wbem\wmiprvse.exe
User: NT AUTHORITY\NETWORK SERVICE"
1340,MY-CAL-WIN10.my-caldera.local,22,"Dns query:
RuleName: -
UtcTime: 2024-05-24 03:20:08.431
ProcessGuid: {ca24abc9-18fd-66c5-049a-000000001900}
ProcessId: 14788
QueryName: MY-CAL-WIN10
QueryStatus: 0
QueryResults: fe80::3a82:bcc3:184c:5cc2;::ffff:172.16.26.234;
Image: C:\Windows\system32\wbem\wmiprvse.exe
User: NT AUTHORITY\NETWORK SERVICE"
1341,MY-CAL-WIN10.my-caldera.local,22,"Dns query:
RuleName: -
UtcTime: 2024-05-24 03:20:08.012
ProcessGuid: {ca24abc9-18fd-66c5-049a-000000001900}
ProcessId: 14788
QueryName: MY-CAL-WIN10
QueryStatus: 0
QueryResults: fe80::3a82:bcc3:184c:5cc2;::ffff:172.16.26.234;
Image: C:\Windows\system32\wbem\wmiprvse.exe
User: NT AUTHORITY\NETWORK SERVICE"
1342,MY-CAL-WIN10.my-caldera.local,22,"Dns query:
RuleName: -
UtcTime: 2024-05-24 03:22:09.373
ProcessGuid: {00000000-0000-0000-0000-000000000000}
ProcessId: 17004
QueryName: MY-CAL-DC.my-caldera.local
QueryStatus: 0
QueryResults: ::ffff:172.16.26.226;
Image: <unknown process>
User: MY-CALDERA\johnny.douche"
1343,MY-CAL-WIN10.my-caldera.local,22,"Dns query:
RuleName: -
UtcTime: 2024-05-24 01:46:18.835
ProcessGuid: {ca24abc9-0407-66c5-fd98-000000001900}
ProcessId: 20256
QueryName: MY-CAL-DC.my-caldera.local
QueryStatus: 0
QueryResults: ::ffff:172.16.26.226;
Image: <unknown process>
User: MY-CALDERA\johnny.douche"
1344,MY-CAL-WIN10.my-caldera.local,22,"Dns query:
RuleName: -
UtcTime: 2024-05-24 01:46:18.844
ProcessGuid: {ca24abc9-0407-66c5-fd98-000000001900}
ProcessId: 20256
QueryName: MY-CAL-DC.my-caldera.local
QueryStatus: 0
QueryResults: ::ffff:172.16.26.226;
Image: <unknown process>
User: MY-CALDERA\johnny.douche"
1345,MY-CAL-WIN10.my-caldera.local,22,"Dns query:
RuleName: -
UtcTime: 2024-05-24 02:51:51.944
ProcessGuid: {00000000-0000-0000-0000-000000000000}
ProcessId: 10604
QueryName: MY-CAL-DC.my-caldera.local
QueryStatus: 0
QueryResults: ::ffff:172.16.26.226;
Image: <unknown process>
User: MY-CALDERA\johnny.douche"
1346,MY-CAL-WIN10.my-caldera.local,22,"Dns query:
RuleName: -
UtcTime: 2024-05-24 02:55:47.815
ProcessGuid: {ca24abc9-144e-66c5-b999-000000001900}
ProcessId: 11064
QueryName: MY-CAL-WIN10
QueryStatus: 0
QueryResults: fe80::3a82:bcc3:184c:5cc2;::ffff:172.16.26.234;
Image: C:\Program Files\Velociraptor\RedPill.exe
User: NT AUTHORITY\SYSTEM"
1347,MY-CAL-WIN10.my-caldera.local,22,"Dns query:
RuleName: -
UtcTime: 2024-05-24 02:55:47.719
ProcessGuid: {ca24abc9-144e-66c5-b999-000000001900}
ProcessId: 11064
QueryName: MY-CAL-WIN10
QueryStatus: 0
QueryResults: fe80::3a82:bcc3:184c:5cc2;::ffff:172.16.26.234;
Image: C:\Program Files\Velociraptor\RedPill.exe
User: NT AUTHORITY\SYSTEM"
1348,MY-CAL-WIN10.my-caldera.local,22,"Dns query:
RuleName: -
UtcTime: 2024-05-24 03:32:13.689
ProcessGuid: {00000000-0000-0000-0000-000000000000}
ProcessId: 27028
QueryName: MY-CAL-DC.my-caldera.local
QueryStatus: 0
QueryResults: ::ffff:172.16.26.226;
Image: <unknown process>
User: MY-CALDERA\johnny.douche"
1349,MY-CAL-WIN10.my-caldera.local,22,"Dns query:
RuleName: -
UtcTime: 2024-05-24 03:37:15.671
ProcessGuid: {00000000-0000-0000-0000-000000000000}
ProcessId: 5760
QueryName: MY-CAL-DC.my-caldera.local
QueryStatus: 0
QueryResults: ::ffff:172.16.26.226;
Image: <unknown process>
User: MY-CALDERA\johnny.douche"
1350,MY-CAL-WIN10.my-caldera.local,22,"Dns query:
RuleName: -
UtcTime: 2024-05-24 02:46:49.503
ProcessGuid: {ca24abc9-1236-66c5-9299-000000001900}
ProcessId: 22860
QueryName: MY-CAL-DC.my-caldera.local
QueryStatus: 0
QueryResults: ::ffff:172.16.26.226;
Image: <unknown process>
User: MY-CALDERA\johnny.douche"
1351,MY-CAL-WIN10.my-caldera.local,22,"Dns query:
RuleName: -
UtcTime: 2024-05-24 02:46:49.512
ProcessGuid: {ca24abc9-1236-66c5-9299-000000001900}
ProcessId: 22860
QueryName: MY-CAL-DC.my-caldera.local
QueryStatus: 0
QueryResults: ::ffff:172.16.26.226;
Image: <unknown process>
User: MY-CALDERA\johnny.douche"
1352,MY-CAL-WIN10.my-caldera.local,22,"Dns query:
RuleName: -
UtcTime: 2024-05-24 03:07:00.500
ProcessGuid: {00000000-0000-0000-0000-000000000000}
ProcessId: 14400
QueryName: MY-CAL-DC.my-caldera.local
QueryStatus: 0
QueryResults: ::ffff:172.16.26.226;
Image: <unknown process>
User: MY-CALDERA\johnny.douche"
1353,MY-CAL-WIN10.my-caldera.local,22,"Dns query:
RuleName: -
UtcTime: 2024-05-24 02:46:49.547
ProcessGuid: {00000000-0000-0000-0000-000000000000}
ProcessId: 22860
QueryName: MY-CAL-DC.my-caldera.local
QueryStatus: 0
QueryResults: ::ffff:172.16.26.226;
Image: <unknown process>
User: MY-CALDERA\johnny.douche"
1354,MY-CAL-WIN10.my-caldera.local,22,"Dns query:
RuleName: -
UtcTime: 2024-05-24 04:35:05.326
ProcessGuid: {ca24abc9-12e2-66c5-9699-000000001900}
ProcessId: 17868
QueryName: MY-CAL-DC.my-caldera.local
QueryStatus: 0
QueryResults: ::ffff:172.16.26.226;
Image: C:\Windows\system32\svchost.exe
User: NT AUTHORITY\SYSTEM"
1355,MY-CAL-WIN10.my-caldera.local,22,"Dns query:
RuleName: -
UtcTime: 2024-05-24 04:35:06.079
ProcessGuid: {ca24abc9-12e2-66c5-9699-000000001900}
ProcessId: 17868
QueryName: MY-CAL-DC.my-caldera.local
QueryStatus: 0
QueryResults: ::ffff:172.16.26.226;
Image: C:\Windows\system32\svchost.exe
User: NT AUTHORITY\SYSTEM"
1356,MY-CAL-WIN10.my-caldera.local,22,"Dns query:
RuleName: -
UtcTime: 2024-05-24 04:35:05.760
ProcessGuid: {ca24abc9-12e2-66c5-9699-000000001900}
ProcessId: 17868
QueryName: MY-CAL-DC.my-caldera.local
QueryStatus: 0
QueryResults: ::ffff:172.16.26.226;
Image: C:\Windows\system32\svchost.exe
User: NT AUTHORITY\SYSTEM"
1357,MY-CAL-WIN10.my-caldera.local,22,"Dns query:
RuleName: -
UtcTime: 2024-05-24 04:35:05.634
ProcessGuid: {ca24abc9-12e2-66c5-9699-000000001900}
ProcessId: 17868
QueryName: MY-CAL-DC.my-caldera.local
QueryStatus: 0
QueryResults: ::ffff:172.16.26.226;
Image: C:\Windows\system32\svchost.exe
User: NT AUTHORITY\SYSTEM"
1358,MY-CAL-WIN10.my-caldera.local,22,"Dns query:
RuleName: -
UtcTime: 2024-05-24 02:56:54.638
ProcessGuid: {00000000-0000-0000-0000-000000000000}
ProcessId: 24404
QueryName: MY-CAL-DC.my-caldera.local
QueryStatus: 0
QueryResults: ::ffff:172.16.26.226;
Image: <unknown process>
User: MY-CALDERA\johnny.douche"
1359,MY-CAL-WIN10.my-caldera.local,22,"Dns query:
RuleName: -
UtcTime: 2024-05-24 03:19:44.200
ProcessGuid: {ca24abc9-18fd-66c5-049a-000000001900}
ProcessId: 14788
QueryName: MY-CAL-WIN10
QueryStatus: 0
QueryResults: fe80::3a82:bcc3:184c:5cc2;::ffff:172.16.26.234;
Image: C:\Windows\system32\wbem\wmiprvse.exe
User: NT AUTHORITY\NETWORK SERVICE"
1360,MY-CAL-WIN10.my-caldera.local,22,"Dns query:
RuleName: -
UtcTime: 2024-05-24 03:19:44.613
ProcessGuid: {ca24abc9-18fd-66c5-049a-000000001900}
ProcessId: 14788
QueryName: MY-CAL-WIN10
QueryStatus: 0
QueryResults: fe80::3a82:bcc3:184c:5cc2;::ffff:172.16.26.234;
Image: C:\Windows\system32\wbem\wmiprvse.exe
User: NT AUTHORITY\NETWORK SERVICE"
1361,MY-CAL-WIN10.my-caldera.local,22,"Dns query:
RuleName: -
UtcTime: 2024-05-24 03:19:45.009
ProcessGuid: {ca24abc9-18fd-66c5-049a-000000001900}
ProcessId: 14788
QueryName: MY-CAL-WIN10
QueryStatus: 0
QueryResults: fe80::3a82:bcc3:184c:5cc2;::ffff:172.16.26.234;
Image: C:\Windows\system32\wbem\wmiprvse.exe
User: NT AUTHORITY\NETWORK SERVICE"
1362,MY-CAL-WIN10.my-caldera.local,22,"Dns query:
RuleName: -
UtcTime: 2024-05-24 03:19:45.414
ProcessGuid: {ca24abc9-18fd-66c5-049a-000000001900}
ProcessId: 14788
QueryName: MY-CAL-WIN10
QueryStatus: 0
QueryResults: fe80::3a82:bcc3:184c:5cc2;::ffff:172.16.26.234;
Image: C:\Windows\system32\wbem\wmiprvse.exe
User: NT AUTHORITY\NETWORK SERVICE"
1363,MY-CAL-WIN10.my-caldera.local,22,"Dns query:
RuleName: -
UtcTime: 2024-05-24 03:42:18.049
ProcessGuid: {00000000-0000-0000-0000-000000000000}
ProcessId: 7568
QueryName: MY-CAL-DC.my-caldera.local
QueryStatus: 0
QueryResults: ::ffff:172.16.26.226;
Image: <unknown process>
User: MY-CALDERA\johnny.douche"
1364,MY-CAL-WIN10.my-caldera.local,22,"Dns query:
RuleName: -
UtcTime: 2024-05-24 03:42:18.003
ProcessGuid: {ca24abc9-1f36-66c5-3b9b-000000001900}
ProcessId: 7568
QueryName: MY-CAL-DC.my-caldera.local
QueryStatus: 0
QueryResults: ::ffff:172.16.26.226;
Image: <unknown process>
User: MY-CALDERA\johnny.douche"
1365,MY-CAL-WIN10.my-caldera.local,22,"Dns query:
RuleName: -
UtcTime: 2024-05-24 03:42:18.012
ProcessGuid: {ca24abc9-1f36-66c5-3b9b-000000001900}
ProcessId: 7568
QueryName: MY-CAL-DC.my-caldera.local
QueryStatus: 0
QueryResults: ::ffff:172.16.26.226;
Image: <unknown process>
User: MY-CALDERA\johnny.douche"
1366,MY-CAL-WIN10.my-caldera.local,22,"Dns query:
RuleName: -
UtcTime: 2024-05-24 03:14:10.073
ProcessGuid: {ca24abc9-12e2-66c5-9699-000000001900}
ProcessId: 17868
QueryName: MY-CAL-DC.my-caldera.local
QueryStatus: 0
QueryResults: ::ffff:172.16.26.226;
Image: C:\Windows\system32\svchost.exe
User: NT AUTHORITY\SYSTEM"
1367,MY-CAL-WIN10.my-caldera.local,22,"Dns query:
RuleName: -
UtcTime: 2024-05-24 03:14:10.375
ProcessGuid: {ca24abc9-12e2-66c5-9699-000000001900}
ProcessId: 17868
QueryName: MY-CAL-DC.my-caldera.local
QueryStatus: 0
QueryResults: ::ffff:172.16.26.226;
Image: C:\Windows\system32\svchost.exe
User: NT AUTHORITY\SYSTEM"
1368,MY-CAL-WIN10.my-caldera.local,22,"Dns query:
RuleName: -
UtcTime: 2024-05-24 03:14:10.802
ProcessGuid: {ca24abc9-12e2-66c5-9699-000000001900}
ProcessId: 17868
QueryName: MY-CAL-DC.my-caldera.local
QueryStatus: 0
QueryResults: ::ffff:172.16.26.226;
Image: C:\Windows\system32\svchost.exe
User: NT AUTHORITY\SYSTEM"
1369,MY-CAL-WIN10.my-caldera.local,22,"Dns query:
RuleName: -
UtcTime: 2024-05-24 03:14:10.497
ProcessGuid: {ca24abc9-12e2-66c5-9699-000000001900}
ProcessId: 17868
QueryName: MY-CAL-DC.my-caldera.local
QueryStatus: 0
QueryResults: ::ffff:172.16.26.226;
Image: C:\Windows\system32\svchost.exe
User: NT AUTHORITY\SYSTEM"
1370,MY-CAL-WIN10.my-caldera.local,22,"Dns query:
