RuleName: -
UtcTime: 2024-05-24 03:19:51.922
ProcessGuid: {ca24abc9-18fd-66c5-049a-000000001900}
ProcessId: 14788
QueryName: MY-CAL-WIN10
QueryStatus: 0
QueryResults: fe80::3a82:bcc3:184c:5cc2;::ffff:172.16.26.234;
Image: C:\Windows\system32\wbem\wmiprvse.exe
User: NT AUTHORITY\NETWORK SERVICE"
1371,MY-CAL-WIN10.my-caldera.local,22,"Dns query:
RuleName: -
UtcTime: 2024-05-24 03:19:52.376
ProcessGuid: {ca24abc9-18fd-66c5-049a-000000001900}
ProcessId: 14788
QueryName: MY-CAL-WIN10
QueryStatus: 0
QueryResults: fe80::3a82:bcc3:184c:5cc2;::ffff:172.16.26.234;
Image: C:\Windows\system32\wbem\wmiprvse.exe
User: NT AUTHORITY\NETWORK SERVICE"
1372,MY-CAL-WIN10.my-caldera.local,22,"Dns query:
RuleName: -
UtcTime: 2024-05-24 03:27:11.647
ProcessGuid: {00000000-0000-0000-0000-000000000000}
ProcessId: 18808
QueryName: MY-CAL-DC.my-caldera.local
QueryStatus: 0
QueryResults: ::ffff:172.16.26.226;
Image: <unknown process>
User: MY-CALDERA\johnny.douche"
1373,MY-CAL-WIN10.my-caldera.local,22,"Dns query:
RuleName: -
UtcTime: 2024-05-24 03:17:06.071
ProcessGuid: {00000000-0000-0000-0000-000000000000}
ProcessId: 16808
QueryName: MY-CAL-DC.my-caldera.local
QueryStatus: 0
QueryResults: ::ffff:172.16.26.226;
Image: <unknown process>
User: MY-CALDERA\johnny.douche"
1374,MY-CAL-WIN10.my-caldera.local,22,"Dns query:
RuleName: -
UtcTime: 2024-05-24 03:19:57.838
ProcessGuid: {ca24abc9-18fd-66c5-049a-000000001900}
ProcessId: 14788
QueryName: MY-CAL-WIN10
QueryStatus: 0
QueryResults: fe80::3a82:bcc3:184c:5cc2;::ffff:172.16.26.234;
Image: C:\Windows\system32\wbem\wmiprvse.exe
User: NT AUTHORITY\NETWORK SERVICE"
1375,MY-CAL-WIN10.my-caldera.local,22,"Dns query:
RuleName: -
UtcTime: 2024-05-24 03:19:58.304
ProcessGuid: {ca24abc9-18fd-66c5-049a-000000001900}
ProcessId: 14788
QueryName: MY-CAL-WIN10
QueryStatus: 0
QueryResults: fe80::3a82:bcc3:184c:5cc2;::ffff:172.16.26.234;
Image: C:\Windows\system32\wbem\wmiprvse.exe
User: NT AUTHORITY\NETWORK SERVICE"
1376,MY-CAL-WIN10.my-caldera.local,22,"Dns query:
RuleName: -
UtcTime: 2024-05-24 03:19:58.718
ProcessGuid: {ca24abc9-18fd-66c5-049a-000000001900}
ProcessId: 14788
QueryName: MY-CAL-WIN10
QueryStatus: 0
QueryResults: fe80::3a82:bcc3:184c:5cc2;::ffff:172.16.26.234;
Image: C:\Windows\system32\wbem\wmiprvse.exe
User: NT AUTHORITY\NETWORK SERVICE"
1377,MY-CAL-WIN10.my-caldera.local,22,"Dns query:
RuleName: -
UtcTime: 2024-05-24 03:19:59.147
ProcessGuid: {ca24abc9-18fd-66c5-049a-000000001900}
ProcessId: 14788
QueryName: MY-CAL-WIN10
QueryStatus: 0
QueryResults: fe80::3a82:bcc3:184c:5cc2;::ffff:172.16.26.234;
Image: C:\Windows\system32\wbem\wmiprvse.exe
User: NT AUTHORITY\NETWORK SERVICE"
1378,MY-CAL-WIN10.my-caldera.local,22,"Dns query:
RuleName: -
UtcTime: 2024-05-24 03:20:02.106
ProcessGuid: {ca24abc9-18fd-66c5-049a-000000001900}
ProcessId: 14788
QueryName: MY-CAL-WIN10
QueryStatus: 0
QueryResults: fe80::3a82:bcc3:184c:5cc2;::ffff:172.16.26.234;
Image: C:\Windows\system32\wbem\wmiprvse.exe
User: NT AUTHORITY\NETWORK SERVICE"
1379,MY-CAL-WIN10.my-caldera.local,22,"Dns query:
RuleName: -
UtcTime: 2024-05-24 03:03:06.158
ProcessGuid: {ca24abc9-12e2-66c5-9699-000000001900}
ProcessId: 17868
QueryName: MY-CAL-DC.my-caldera.local
QueryStatus: 0
QueryResults: ::ffff:172.16.26.226;
Image: C:\Windows\system32\svchost.exe
User: NT AUTHORITY\SYSTEM"
1380,MY-CAL-WIN10.my-caldera.local,22,"Dns query:
RuleName: -
UtcTime: 2024-05-24 03:03:06.473
ProcessGuid: {ca24abc9-12e2-66c5-9699-000000001900}
ProcessId: 17868
QueryName: MY-CAL-DC.my-caldera.local
QueryStatus: 0
QueryResults: ::ffff:172.16.26.226;
Image: C:\Windows\system32\svchost.exe
User: NT AUTHORITY\SYSTEM"
1381,MY-CAL-WIN10.my-caldera.local,22,"Dns query:
RuleName: -
UtcTime: 2024-05-24 03:03:06.609
ProcessGuid: {ca24abc9-12e2-66c5-9699-000000001900}
ProcessId: 17868
QueryName: MY-CAL-DC.my-caldera.local
QueryStatus: 0
QueryResults: ::ffff:172.16.26.226;
Image: C:\Windows\system32\svchost.exe
User: NT AUTHORITY\SYSTEM"
1382,MY-CAL-WIN10.my-caldera.local,22,"Dns query:
RuleName: -
UtcTime: 2024-05-24 03:03:06.912
ProcessGuid: {ca24abc9-12e2-66c5-9699-000000001900}
ProcessId: 17868
QueryName: MY-CAL-DC.my-caldera.local
QueryStatus: 0
QueryResults: ::ffff:172.16.26.226;
Image: C:\Windows\system32\svchost.exe
User: NT AUTHORITY\SYSTEM"
1383,MY-CAL-WIN10.my-caldera.local,22,"Dns query:
RuleName: -
UtcTime: 2024-05-24 03:12:03.503
ProcessGuid: {00000000-0000-0000-0000-000000000000}
ProcessId: 26376
QueryName: MY-CAL-DC.my-caldera.local
QueryStatus: 0
QueryResults: ::ffff:172.16.26.226;
Image: <unknown process>
User: MY-CALDERA\johnny.douche"
1384,MY-CAL-WIN10.my-caldera.local,22,"Dns query:
RuleName: -
UtcTime: 2024-05-24 04:42:49.300
ProcessGuid: {00000000-0000-0000-0000-000000000000}
ProcessId: 23424
QueryName: MY-CAL-DC.my-caldera.local
QueryStatus: 0
QueryResults: ::ffff:172.16.26.226;
Image: <unknown process>
User: MY-CALDERA\johnny.douche"
1385,MY-CAL-WIN10.my-caldera.local,22,"Dns query:
RuleName: -
UtcTime: 2024-05-24 03:54:34.453
ProcessGuid: {00000000-0000-0000-0000-000000000000}
ProcessId: 7080
QueryName: wpad
QueryStatus: 9003
QueryResults: -
Image: <unknown process>
User: MY-CALDERA\johnny.douche"
1386,MY-CAL-WIN10.my-caldera.local,22,"Dns query:
RuleName: -
UtcTime: 2024-05-24 03:55:52.729
ProcessGuid: {ca24abc9-2229-66c5-609b-000000001900}
ProcessId: 4676
QueryName: wpad
QueryStatus: 9003
QueryResults: -
Image: C:\Program Files (x86)\Microsoft\Edge\Application\msedge.exe
User: MY-CALDERA\johnny.douche"
1387,MY-CAL-WIN10.my-caldera.local,22,"Dns query:
RuleName: -
UtcTime: 2024-05-24 03:57:25.215
ProcessGuid: {00000000-0000-0000-0000-000000000000}
ProcessId: 23908
QueryName: MY-CAL-DC.my-caldera.local
QueryStatus: 0
QueryResults: ::ffff:172.16.26.226;
Image: <unknown process>
User: MY-CALDERA\johnny.douche"
1388,MY-CAL-WIN10.my-caldera.local,22,"Dns query:
RuleName: -
UtcTime: 2024-05-24 04:37:47.026
ProcessGuid: {00000000-0000-0000-0000-000000000000}
ProcessId: 23456
QueryName: MY-CAL-DC.my-caldera.local
QueryStatus: 0
QueryResults: ::ffff:172.16.26.226;
Image: <unknown process>
User: MY-CALDERA\johnny.douche"
1389,MY-CAL-WIN10.my-caldera.local,22,"Dns query:
RuleName: -
UtcTime: 2024-05-24 04:22:39.477
ProcessGuid: {00000000-0000-0000-0000-000000000000}
ProcessId: 15456
QueryName: MY-CAL-DC.my-caldera.local
QueryStatus: 0
QueryResults: ::ffff:172.16.26.226;
Image: <unknown process>
User: MY-CALDERA\johnny.douche"
1390,MY-CAL-WIN10.my-caldera.local,22,"Dns query:
RuleName: -
UtcTime: 2024-05-24 04:27:42.254
ProcessGuid: {00000000-0000-0000-0000-000000000000}
ProcessId: 22736
QueryName: MY-CAL-DC.my-caldera.local
QueryStatus: 0
QueryResults: ::ffff:172.16.26.226;
Image: <unknown process>
User: MY-CALDERA\johnny.douche"
1391,MY-CAL-WIN10.my-caldera.local,22,"Dns query:
RuleName: -
UtcTime: 2024-05-24 04:17:37.180
ProcessGuid: {00000000-0000-0000-0000-000000000000}
ProcessId: 11600
QueryName: MY-CAL-DC.my-caldera.local
QueryStatus: 0
QueryResults: ::ffff:172.16.26.226;
Image: <unknown process>
User: MY-CALDERA\johnny.douche"
1392,MY-CAL-WIN10.my-caldera.local,22,"Dns query:
RuleName: -
UtcTime: 2024-05-24 04:07:32.330
ProcessGuid: {00000000-0000-0000-0000-000000000000}
ProcessId: 28636
QueryName: MY-CAL-DC.my-caldera.local
QueryStatus: 0
QueryResults: ::ffff:172.16.26.226;
Image: <unknown process>
User: MY-CALDERA\johnny.douche"
1393,MY-CAL-WIN10.my-caldera.local,22,"Dns query:
RuleName: -
UtcTime: 2024-05-24 04:32:44.893
ProcessGuid: {00000000-0000-0000-0000-000000000000}
ProcessId: 12608
QueryName: MY-CAL-DC.my-caldera.local
QueryStatus: 0
QueryResults: ::ffff:172.16.26.226;
Image: <unknown process>
User: MY-CALDERA\johnny.douche"
1394,MY-CAL-WIN10.my-caldera.local,22,"Dns query:
RuleName: -
UtcTime: 2024-05-24 03:48:01.685
ProcessGuid: {ca24abc9-208e-66c5-4a9b-000000001900}
ProcessId: 21312
QueryName: MY-CAL-WIN10
QueryStatus: 0
QueryResults: fe80::3a82:bcc3:184c:5cc2;::ffff:172.16.26.234;
Image: C:\Windows\system32\wbem\wmiprvse.exe
User: NT AUTHORITY\NETWORK SERVICE"
1395,MY-CAL-WIN10.my-caldera.local,22,"Dns query:
RuleName: -
UtcTime: 2024-05-24 03:52:22.947
ProcessGuid: {ca24abc9-2193-66c5-579b-000000001900}
ProcessId: 26128
QueryName: MY-CAL-DC.my-caldera.local
QueryStatus: 0
QueryResults: ::ffff:172.16.26.226;
Image: <unknown process>
User: MY-CALDERA\johnny.douche"
1396,MY-CAL-WIN10.my-caldera.local,22,"Dns query:
RuleName: -
UtcTime: 2024-05-24 03:52:23.007
ProcessGuid: {00000000-0000-0000-0000-000000000000}
ProcessId: 26128
QueryName: MY-CAL-DC.my-caldera.local
QueryStatus: 0
QueryResults: ::ffff:172.16.26.226;
Image: <unknown process>
User: MY-CALDERA\johnny.douche"
1397,MY-CAL-WIN10.my-caldera.local,22,"Dns query:
RuleName: -
UtcTime: 2024-05-24 03:52:22.938
ProcessGuid: {ca24abc9-2193-66c5-579b-000000001900}
ProcessId: 26128
QueryName: MY-CAL-DC.my-caldera.local
QueryStatus: 0
QueryResults: ::ffff:172.16.26.226;
Image: <unknown process>
User: MY-CALDERA\johnny.douche"
1398,MY-CAL-WIN10.my-caldera.local,22,"Dns query:
RuleName: -
UtcTime: 2024-05-24 03:54:53.969
ProcessGuid: {00000000-0000-0000-0000-000000000000}
ProcessId: 5304
QueryName: MY-CAL-DC.my-caldera.local
QueryStatus: 0
QueryResults: ::ffff:172.16.26.226;
Image: <unknown process>
User: MY-CALDERA\johnny.douche"
1399,MY-CAL-WIN10.my-caldera.local,22,"Dns query:
RuleName: -
UtcTime: 2024-05-24 04:12:34.570
ProcessGuid: {00000000-0000-0000-0000-000000000000}
ProcessId: 26596
QueryName: MY-CAL-DC.my-caldera.local
QueryStatus: 0
QueryResults: ::ffff:172.16.26.226;
Image: <unknown process>
User: MY-CALDERA\johnny.douche"
1400,MY-CAL-WIN10.my-caldera.local,22,"Dns query:
RuleName: -
UtcTime: 2024-05-24 03:47:20.270
ProcessGuid: {00000000-0000-0000-0000-000000000000}
ProcessId: 19800
QueryName: MY-CAL-DC.my-caldera.local
QueryStatus: 0
QueryResults: ::ffff:172.16.26.226;
Image: <unknown process>
User: MY-CALDERA\johnny.douche"
1401,MY-CAL-WIN10.my-caldera.local,22,"Dns query:
RuleName: -
UtcTime: 2024-05-24 03:57:52.877
ProcessGuid: {ca24abc9-2229-66c5-609b-000000001900}
ProcessId: 4676
QueryName: wpad
QueryStatus: 9003
QueryResults: -
Image: C:\Program Files (x86)\Microsoft\Edge\Application\msedge.exe
User: MY-CALDERA\johnny.douche"
1402,MY-CAL-WIN10.my-caldera.local,22,"Dns query:
RuleName: -
UtcTime: 2024-05-24 03:01:57.458
ProcessGuid: {00000000-0000-0000-0000-000000000000}
ProcessId: 12424
QueryName: MY-CAL-DC.my-caldera.local
QueryStatus: 0
QueryResults: ::ffff:172.16.26.226;
Image: <unknown process>
User: MY-CALDERA\johnny.douche"
1403,MY-CAL-WIN10.my-caldera.local,22,"Dns query:
RuleName: -
UtcTime: 2024-05-24 03:54:52.860
ProcessGuid: {ca24abc9-2229-66c5-609b-000000001900}
ProcessId: 4676
QueryName: wpad
QueryStatus: 9003
QueryResults: -
Image: C:\Program Files (x86)\Microsoft\Edge\Application\msedge.exe
User: MY-CALDERA\johnny.douche"
1404,MY-CAL-WIN10.my-caldera.local,22,"Dns query:
RuleName: -
UtcTime: 2024-05-24 03:54:52.860
ProcessGuid: {ca24abc9-2229-66c5-609b-000000001900}
ProcessId: 4676
QueryName: wpad
QueryStatus: 9003
QueryResults: -
Image: C:\Program Files (x86)\Microsoft\Edge\Application\msedge.exe
User: MY-CALDERA\johnny.douche"
1405,MY-CAL-WIN10.my-caldera.local,22,"Dns query:
RuleName: -
UtcTime: 2024-05-24 03:54:53.157
ProcessGuid: {ca24abc9-2229-66c5-609b-000000001900}
ProcessId: 4676
QueryName: wpad
QueryStatus: 9003
QueryResults: -
Image: C:\Program Files (x86)\Microsoft\Edge\Application\msedge.exe
User: MY-CALDERA\johnny.douche"
1406,MY-CAL-WIN10.my-caldera.local,22,"Dns query:
RuleName: -
UtcTime: 2024-05-24 03:55:00.892
ProcessGuid: {ca24abc9-2229-66c5-609b-000000001900}
ProcessId: 4676
QueryName: wpad
QueryStatus: 9003
QueryResults: -
Image: C:\Program Files (x86)\Microsoft\Edge\Application\msedge.exe
User: MY-CALDERA\johnny.douche"
1407,MY-CAL-WIN10.my-caldera.local,22,"Dns query:
RuleName: -
UtcTime: 2024-05-24 03:55:00.892
ProcessGuid: {ca24abc9-2229-66c5-609b-000000001900}
ProcessId: 4676
QueryName: wpad
QueryStatus: 9003
QueryResults: -
Image: C:\Program Files (x86)\Microsoft\Edge\Application\msedge.exe
User: MY-CALDERA\johnny.douche"
1408,MY-CAL-WIN10.my-caldera.local,22,"Dns query:
RuleName: -
UtcTime: 2024-05-24 03:55:01.164
ProcessGuid: {ca24abc9-2229-66c5-609b-000000001900}
ProcessId: 4676
QueryName: wpad
QueryStatus: 9003
QueryResults: -
Image: C:\Program Files (x86)\Microsoft\Edge\Application\msedge.exe
User: MY-CALDERA\johnny.douche"
1409,MY-CAL-WIN10.my-caldera.local,22,"Dns query:
RuleName: -
UtcTime: 2024-05-24 03:56:15.499
ProcessGuid: {00000000-0000-0000-0000-000000000000}
ProcessId: 20648
QueryName: MY-CAL-DC.my-caldera.local
QueryStatus: 0
QueryResults: ::ffff:172.16.26.226;
Image: <unknown process>
User: MY-CALDERA\johnny.douche"
1410,MY-CAL-WIN10.my-caldera.local,22,"Dns query:
RuleName: -
UtcTime: 2024-05-24 04:02:29.738
ProcessGuid: {00000000-0000-0000-0000-000000000000}
ProcessId: 21976
QueryName: MY-CAL-DC.my-caldera.local
QueryStatus: 0
QueryResults: ::ffff:172.16.26.226;
Image: <unknown process>
User: MY-CALDERA\johnny.douche"
1411,MY-CAL-WIN10.my-caldera.local,22,"Dns query:
RuleName: -
UtcTime: 2024-05-24 04:05:04.716
ProcessGuid: {ca24abc9-2229-66c5-609b-000000001900}
ProcessId: 4676
QueryName: wpad
QueryStatus: 9003
QueryResults: -
Image: C:\Program Files (x86)\Microsoft\Edge\Application\msedge.exe
User: MY-CALDERA\johnny.douche"