RuleName: -
UtcTime: 2024-05-23 21:00:42.260
ProcessGuid: {ca24abc9-c10e-66c4-6f8e-000000001900}
ProcessId: 4744
QueryName: oneclient.sfx.ms
QueryStatus: 0
QueryResults: type:  5 oneclient.sfx.ms.edgekey.net;type:  5 e9659.dspg.akamaiedge.net;::ffff:23.199.49.81;
Image: C:\Program Files\Microsoft OneDrive\OneDrive.exe
User: MY-CAL-WIN10\Johnny Douche"
963,MY-CAL-WIN10.my-caldera.local,22,"Dns query:
RuleName: -
UtcTime: 2024-05-23 21:00:42.260
ProcessGuid: {ca24abc9-c10f-66c4-708e-000000001900}
ProcessId: 12632
QueryName: oneclient.sfx.ms
QueryStatus: 0
QueryResults: type:  5 oneclient.sfx.ms.edgekey.net;type:  5 e9659.dspg.akamaiedge.net;::ffff:23.199.49.81;
Image: C:\Program Files\Microsoft OneDrive\OneDrive.exe
User: MY-CALDERA\johnny.douche"
964,MY-CAL-WIN10.my-caldera.local,22,"Dns query:
RuleName: -
UtcTime: 2024-05-23 21:44:17.736
ProcessGuid: {00000000-0000-0000-0000-000000000000}
ProcessId: 21540
QueryName: MY-CAL-DC.my-caldera.local
QueryStatus: 0
QueryResults: ::ffff:172.16.26.226;
Image: <unknown process>
User: MY-CALDERA\johnny.douche"
965,MY-CAL-WIN10.my-caldera.local,22,"Dns query:
RuleName: -
UtcTime: 2024-05-23 21:14:05.224
ProcessGuid: {ca24abc9-c429-66c4-d28e-000000001900}
ProcessId: 10080
QueryName: wpad
QueryStatus: 9003
QueryResults: -
Image: C:\Program Files (x86)\Microsoft\Edge\Application\msedge.exe
User: MY-CAL-WIN10\Johnny Douche"
966,MY-CAL-WIN10.my-caldera.local,22,"Dns query:
RuleName: -
UtcTime: 2024-05-23 21:14:07.440
ProcessGuid: {ca24abc9-c429-66c4-d28e-000000001900}
ProcessId: 10080
QueryName: wpad
QueryStatus: 9003
QueryResults: -
Image: C:\Program Files (x86)\Microsoft\Edge\Application\msedge.exe
User: MY-CAL-WIN10\Johnny Douche"
967,MY-CAL-WIN10.my-caldera.local,22,"Dns query:
RuleName: -
UtcTime: 2024-05-23 21:14:15.457
ProcessGuid: {ca24abc9-c429-66c4-d28e-000000001900}
ProcessId: 10080
QueryName: wpad
QueryStatus: 9003
QueryResults: -
Image: C:\Program Files (x86)\Microsoft\Edge\Application\msedge.exe
User: MY-CAL-WIN10\Johnny Douche"
968,MY-CAL-WIN10.my-caldera.local,22,"Dns query:
RuleName: -
UtcTime: 2024-05-23 21:14:04.549
ProcessGuid: {ca24abc9-c429-66c4-d28e-000000001900}
ProcessId: 10080
QueryName: wpad
QueryStatus: 9003
QueryResults: -
Image: C:\Program Files (x86)\Microsoft\Edge\Application\msedge.exe
User: MY-CAL-WIN10\Johnny Douche"
969,MY-CAL-WIN10.my-caldera.local,22,"Dns query:
RuleName: -
UtcTime: 2024-05-23 21:28:34.479
ProcessGuid: {00000000-0000-0000-0000-000000000000}
ProcessId: 7040
QueryName: MY-CAL-DC.my-caldera.local
QueryStatus: 0
QueryResults: ::ffff:172.16.26.226;
Image: <unknown process>
User: MY-CALDERA\johnny.douche"
970,MY-CAL-WIN10.my-caldera.local,22,"Dns query:
RuleName: -
UtcTime: 2024-05-23 21:20:35.534
ProcessGuid: {ca24abc9-c58e-66c4-258f-000000001900}
ProcessId: 20616
QueryName: MY-CAL-WIN10
QueryStatus: 0
QueryResults: fe80::3a82:bcc3:184c:5cc2;::ffff:172.16.26.234;
Image: C:\Windows\system32\wbem\wmiprvse.exe
User: NT AUTHORITY\NETWORK SERVICE"
971,MY-CAL-WIN10.my-caldera.local,22,"Dns query:
RuleName: -
UtcTime: 2024-05-23 21:20:36.184
ProcessGuid: {ca24abc9-c58e-66c4-258f-000000001900}
ProcessId: 20616
QueryName: MY-CAL-WIN10
QueryStatus: 0
QueryResults: fe80::3a82:bcc3:184c:5cc2;::ffff:172.16.26.234;
Image: C:\Windows\system32\wbem\wmiprvse.exe
User: NT AUTHORITY\NETWORK SERVICE"
972,MY-CAL-WIN10.my-caldera.local,22,"Dns query:
RuleName: -
UtcTime: 2024-05-23 21:20:36.654
ProcessGuid: {ca24abc9-c58e-66c4-258f-000000001900}
ProcessId: 20616
QueryName: MY-CAL-WIN10
QueryStatus: 0
QueryResults: fe80::3a82:bcc3:184c:5cc2;::ffff:172.16.26.234;
Image: C:\Windows\system32\wbem\wmiprvse.exe
User: NT AUTHORITY\NETWORK SERVICE"
973,MY-CAL-WIN10.my-caldera.local,22,"Dns query:
RuleName: -
UtcTime: 2024-05-23 21:20:37.108
ProcessGuid: {ca24abc9-c58e-66c4-258f-000000001900}
ProcessId: 20616
QueryName: MY-CAL-WIN10
QueryStatus: 0
QueryResults: fe80::3a82:bcc3:184c:5cc2;::ffff:172.16.26.234;
Image: C:\Windows\system32\wbem\wmiprvse.exe
User: NT AUTHORITY\NETWORK SERVICE"
974,MY-CAL-WIN10.my-caldera.local,22,"Dns query:
RuleName: -
UtcTime: 2024-05-23 21:20:37.581
ProcessGuid: {ca24abc9-c58e-66c4-258f-000000001900}
ProcessId: 20616
QueryName: MY-CAL-WIN10
QueryStatus: 0
QueryResults: fe80::3a82:bcc3:184c:5cc2;::ffff:172.16.26.234;
Image: C:\Windows\system32\wbem\wmiprvse.exe
User: NT AUTHORITY\NETWORK SERVICE"
975,MY-CAL-WIN10.my-caldera.local,22,"Dns query:
RuleName: -
UtcTime: 2024-05-23 21:21:20.984
ProcessGuid: {ca24abc9-c58e-66c4-258f-000000001900}
ProcessId: 20616
QueryName: MY-CAL-WIN10
QueryStatus: 0
QueryResults: fe80::3a82:bcc3:184c:5cc2;::ffff:172.16.26.234;
Image: C:\Windows\system32\wbem\wmiprvse.exe
User: NT AUTHORITY\NETWORK SERVICE"
976,MY-CAL-WIN10.my-caldera.local,22,"Dns query:
RuleName: -
UtcTime: 2024-05-23 21:21:09.444
ProcessGuid: {ca24abc9-c58e-66c4-258f-000000001900}
ProcessId: 20616
QueryName: MY-CAL-WIN10
QueryStatus: 0
QueryResults: fe80::3a82:bcc3:184c:5cc2;::ffff:172.16.26.234;
Image: C:\Windows\system32\wbem\wmiprvse.exe
User: NT AUTHORITY\NETWORK SERVICE"
977,MY-CAL-WIN10.my-caldera.local,22,"Dns query:
RuleName: -
UtcTime: 2024-05-23 21:21:01.595
ProcessGuid: {ca24abc9-c58e-66c4-258f-000000001900}
ProcessId: 20616
QueryName: MY-CAL-WIN10
QueryStatus: 0
QueryResults: fe80::3a82:bcc3:184c:5cc2;::ffff:172.16.26.234;
Image: C:\Windows\system32\wbem\wmiprvse.exe
User: NT AUTHORITY\NETWORK SERVICE"
978,MY-CAL-WIN10.my-caldera.local,22,"Dns query:
RuleName: -
UtcTime: 2024-05-23 21:21:02.949
ProcessGuid: {ca24abc9-c58e-66c4-258f-000000001900}
ProcessId: 20616
QueryName: MY-CAL-WIN10
QueryStatus: 0
QueryResults: fe80::3a82:bcc3:184c:5cc2;::ffff:172.16.26.234;
Image: C:\Windows\system32\wbem\wmiprvse.exe
User: NT AUTHORITY\NETWORK SERVICE"
979,MY-CAL-WIN10.my-caldera.local,22,"Dns query:
RuleName: -
UtcTime: 2024-05-23 21:21:03.369
ProcessGuid: {ca24abc9-c58e-66c4-258f-000000001900}
ProcessId: 20616
QueryName: MY-CAL-WIN10
QueryStatus: 0
QueryResults: fe80::3a82:bcc3:184c:5cc2;::ffff:172.16.26.234;
Image: C:\Windows\system32\wbem\wmiprvse.exe
User: NT AUTHORITY\NETWORK SERVICE"
980,MY-CAL-WIN10.my-caldera.local,22,"Dns query:
RuleName: -
UtcTime: 2024-05-23 21:21:03.815
ProcessGuid: {ca24abc9-c58e-66c4-258f-000000001900}
ProcessId: 20616
QueryName: MY-CAL-WIN10
QueryStatus: 0
QueryResults: fe80::3a82:bcc3:184c:5cc2;::ffff:172.16.26.234;
Image: C:\Windows\system32\wbem\wmiprvse.exe
User: NT AUTHORITY\NETWORK SERVICE"
981,MY-CAL-WIN10.my-caldera.local,22,"Dns query:
RuleName: -
UtcTime: 2024-05-23 21:21:04.251
ProcessGuid: {ca24abc9-c58e-66c4-258f-000000001900}
ProcessId: 20616
QueryName: MY-CAL-WIN10
QueryStatus: 0
QueryResults: fe80::3a82:bcc3:184c:5cc2;::ffff:172.16.26.234;
Image: C:\Windows\system32\wbem\wmiprvse.exe
User: NT AUTHORITY\NETWORK SERVICE"
982,MY-CAL-WIN10.my-caldera.local,22,"Dns query:
RuleName: -
UtcTime: 2024-05-23 21:21:05.273
ProcessGuid: {ca24abc9-c58e-66c4-258f-000000001900}
ProcessId: 20616
QueryName: MY-CAL-WIN10
QueryStatus: 0
QueryResults: fe80::3a82:bcc3:184c:5cc2;::ffff:172.16.26.234;
Image: C:\Windows\system32\wbem\wmiprvse.exe
User: NT AUTHORITY\NETWORK SERVICE"
983,MY-CAL-WIN10.my-caldera.local,22,"Dns query:
RuleName: -
UtcTime: 2024-05-23 21:21:05.666
ProcessGuid: {ca24abc9-c58e-66c4-258f-000000001900}
ProcessId: 20616
QueryName: MY-CAL-WIN10
QueryStatus: 0
QueryResults: fe80::3a82:bcc3:184c:5cc2;::ffff:172.16.26.234;
Image: C:\Windows\system32\wbem\wmiprvse.exe
User: NT AUTHORITY\NETWORK SERVICE"
984,MY-CAL-WIN10.my-caldera.local,22,"Dns query:
RuleName: -
UtcTime: 2024-05-23 21:21:01.648
ProcessGuid: {ca24abc9-c58e-66c4-258f-000000001900}
ProcessId: 20616
QueryName: MY-CAL-WIN10
QueryStatus: 0
QueryResults: fe80::3a82:bcc3:184c:5cc2;::ffff:172.16.26.234;
Image: C:\Windows\system32\wbem\wmiprvse.exe
User: NT AUTHORITY\NETWORK SERVICE"
985,MY-CAL-WIN10.my-caldera.local,22,"Dns query:
RuleName: -
UtcTime: 2024-05-23 21:21:26.322
ProcessGuid: {ca24abc9-c58e-66c4-258f-000000001900}
ProcessId: 20616
QueryName: MY-CAL-WIN10
QueryStatus: 0
QueryResults: fe80::3a82:bcc3:184c:5cc2;::ffff:172.16.26.234;
Image: C:\Windows\system32\wbem\wmiprvse.exe
User: NT AUTHORITY\NETWORK SERVICE"
986,MY-CAL-WIN10.my-caldera.local,22,"Dns query:
RuleName: -
UtcTime: 2024-05-23 21:21:26.828
ProcessGuid: {ca24abc9-c58e-66c4-258f-000000001900}
ProcessId: 20616
QueryName: MY-CAL-WIN10
QueryStatus: 0
QueryResults: fe80::3a82:bcc3:184c:5cc2;::ffff:172.16.26.234;
Image: C:\Windows\system32\wbem\wmiprvse.exe
User: NT AUTHORITY\NETWORK SERVICE"
987,MY-CAL-WIN10.my-caldera.local,22,"Dns query:
RuleName: -
UtcTime: 2024-05-23 21:21:06.126
ProcessGuid: {ca24abc9-c58e-66c4-258f-000000001900}
ProcessId: 20616
QueryName: MY-CAL-WIN10
QueryStatus: 0
QueryResults: fe80::3a82:bcc3:184c:5cc2;::ffff:172.16.26.234;
Image: C:\Windows\system32\wbem\wmiprvse.exe
User: NT AUTHORITY\NETWORK SERVICE"
988,MY-CAL-WIN10.my-caldera.local,22,"Dns query:
RuleName: -
UtcTime: 2024-05-23 21:15:36.617
ProcessGuid: {ca24abc9-c429-66c4-d28e-000000001900}
ProcessId: 10080
QueryName: wpad
QueryStatus: 9003
QueryResults: -
Image: C:\Program Files (x86)\Microsoft\Edge\Application\msedge.exe
User: MY-CAL-WIN10\Johnny Douche"
989,MY-CAL-WIN10.my-caldera.local,22,"Dns query:
RuleName: -
UtcTime: 2024-05-23 21:07:18.576
ProcessGuid: {00000000-0000-0000-0000-000000000000}
ProcessId: 10960
QueryName: MY-CAL-DC.my-caldera.local
QueryStatus: 0
QueryResults: ::ffff:172.16.26.226;
Image: <unknown process>
User: MY-CALDERA\johnny.douche"
990,MY-CAL-WIN10.my-caldera.local,22,"Dns query:
RuleName: -
UtcTime: 2024-05-23 21:14:57.366
ProcessGuid: {ca24abc9-c429-66c4-d28e-000000001900}
ProcessId: 10080
QueryName: wpad
QueryStatus: 9003
QueryResults: -
Image: C:\Program Files (x86)\Microsoft\Edge\Application\msedge.exe
User: MY-CAL-WIN10\Johnny Douche"
991,MY-CAL-WIN10.my-caldera.local,22,"Dns query:
RuleName: -
UtcTime: 2024-05-23 21:44:13.445
ProcessGuid: {ca24abc9-cb49-66c4-7b90-000000001900}
ProcessId: 28168
QueryName: MY-CAL-DC.my-caldera.local
QueryStatus: 0
QueryResults: ::ffff:172.16.26.226;
Image: C:\Windows\system32\svchost.exe
User: NT AUTHORITY\SYSTEM"
992,MY-CAL-WIN10.my-caldera.local,22,"Dns query:
RuleName: -
UtcTime: 2024-05-23 21:44:13.831
ProcessGuid: {ca24abc9-cb49-66c4-7b90-000000001900}
ProcessId: 28168
QueryName: MY-CAL-DC.my-caldera.local
QueryStatus: 0
QueryResults: ::ffff:172.16.26.226;
Image: C:\Windows\system32\svchost.exe
User: NT AUTHORITY\SYSTEM"
993,MY-CAL-WIN10.my-caldera.local,22,"Dns query:
RuleName: -
UtcTime: 2024-05-23 21:44:13.990
ProcessGuid: {ca24abc9-cb49-66c4-7b90-000000001900}
ProcessId: 28168
QueryName: MY-CAL-DC.my-caldera.local
QueryStatus: 0
QueryResults: ::ffff:172.16.26.226;
Image: C:\Windows\system32\svchost.exe
User: NT AUTHORITY\SYSTEM"
994,MY-CAL-WIN10.my-caldera.local,22,"Dns query:
RuleName: -
UtcTime: 2024-05-23 21:44:14.314
ProcessGuid: {ca24abc9-cb49-66c4-7b90-000000001900}
ProcessId: 28168
QueryName: MY-CAL-DC.my-caldera.local
QueryStatus: 0
QueryResults: ::ffff:172.16.26.226;
Image: C:\Windows\system32\svchost.exe
User: NT AUTHORITY\SYSTEM"
995,MY-CAL-WIN10.my-caldera.local,22,"Dns query:
RuleName: -
UtcTime: 2024-05-23 21:44:34.126
ProcessGuid: {ca24abc9-c617-66c4-0090-000000001900}
ProcessId: 10536
QueryName: f.c2r.ts.cdn.office.net
QueryStatus: 0
QueryResults: type:  5 office-f-net.trafficmanager.net;type:  5 officec2r.azureedge.net;type:  5 officec2r.ec.azureedge.net;type:  5 lb.apr-15cd6a.edgecastdns.net;type:  5 scdn29004.wpc.15cd6a.iotacdn.net;type:  5 sni1gl.wpc.iotacdn.net;::ffff:152.195.19.97;
Image: C:\Windows\System32\svchost.exe
User: NT AUTHORITY\SYSTEM"
996,MY-CAL-WIN10.my-caldera.local,22,"Dns query:
RuleName: -
UtcTime: 2024-05-23 21:44:56.271
ProcessGuid: {ca24abc9-c19e-66c4-9d8e-000000001900}
ProcessId: 13164
QueryName: b.c2r.ts.cdn.office.net
QueryStatus: 0
QueryResults: type:  5 office-f-net.trafficmanager.net;type:  5 officec2r.azureedge.net;type:  5 officec2r.ec.azureedge.net;type:  5 lb.apr-15cd6a.edgecastdns.net;type:  5 scdn29004.wpc.15cd6a.iotacdn.net;type:  5 sni1gl.wpc.iotacdn.net;152.195.19.97;
Image: <unknown process>
User: NT AUTHORITY\NETWORK SERVICE"
997,MY-CAL-WIN10.my-caldera.local,22,"Dns query:
RuleName: -
UtcTime: 2024-05-23 22:01:27.237
ProcessGuid: {ca24abc9-c617-66c4-0090-000000001900}
ProcessId: 10536
QueryName: oneclient.sfx.ms
QueryStatus: 0
QueryResults: type:  5 oneclient.sfx.ms.edgekey.net;type:  5 e9659.dspg.akamaiedge.net;::ffff:23.59.145.76;
Image: C:\Windows\System32\svchost.exe
User: NT AUTHORITY\SYSTEM"
998,MY-CAL-WIN10.my-caldera.local,22,"Dns query:
RuleName: -
UtcTime: 2024-05-23 21:01:46.060
ProcessGuid: {ca24abc9-c103-66c4-6a8e-000000001900}
ProcessId: 3584
QueryName: MY-CAL-WIN10
QueryStatus: 0
QueryResults: fe80::3a82:bcc3:184c:5cc2;::ffff:172.16.26.234;
Image: C:\Windows\system32\wbem\wmiprvse.exe
User: NT AUTHORITY\NETWORK SERVICE"
999,MY-CAL-WIN10.my-caldera.local,22,"Dns query:
RuleName: -
UtcTime: 2024-05-23 21:02:04.339
ProcessGuid: {00000000-0000-0000-0000-000000000000}
ProcessId: 9360
QueryName: MY-CAL-DC.my-caldera.local
QueryStatus: 0
QueryResults: ::ffff:172.16.26.226;
Image: <unknown process>
User: MY-CALDERA\johnny.douche"
1000,MY-CAL-WIN10.my-caldera.local,22,"Dns query:
RuleName: -
UtcTime: 2024-05-23 20:56:00.082
ProcessGuid: {ca24abc9-3439-6646-4900-000000001900}
ProcessId: 3588
QueryName: www.xboxab.com
QueryStatus: 0
QueryResults: type:  5 www-xboxab-com.e-0012.e-msedge.net;type:  5 e-0012.e-msedge.net;13.107.5.91;
Image: C:\Program Files\Windows Defender Advanced Threat Protection\MsSense.exe
User: NT AUTHORITY\SYSTEM"
1001,MY-CAL-WIN10.my-caldera.local,22,"Dns query:
RuleName: -
UtcTime: 2024-05-23 21:38:58.095
ProcessGuid: {00000000-0000-0000-0000-000000000000}
ProcessId: 7676
QueryName: MY-CAL-DC.my-caldera.local
QueryStatus: 0
QueryResults: ::ffff:172.16.26.226;
Image: <unknown process>
User: MY-CALDERA\johnny.douche"
1002,MY-CAL-WIN10.my-caldera.local,22,"Dns query:
RuleName: -
UtcTime: 2024-05-23 20:55:17.400
ProcessGuid: {ca24abc9-bfc9-66c4-1c8e-000000001900}
ProcessId: 10876
QueryName: MY-CAL-DC.my-caldera.local
QueryStatus: 0
QueryResults: ::ffff:172.16.26.226;
Image: C:\Windows\system32\BackgroundTaskHost.exe
User: MY-CALDERA\johnny.douche"
1003,MY-CAL-WIN10.my-caldera.local,22,"Dns query:
RuleName: -
UtcTime: 2024-05-23 20:55:17.431
ProcessGuid: {ca24abc9-bfc9-66c4-1c8e-000000001900}
ProcessId: 10876
QueryName: MY-CAL-DC.my-caldera.local
QueryStatus: 0
QueryResults: ::ffff:172.16.26.226;
Image: C:\Windows\system32\BackgroundTaskHost.exe
User: MY-CALDERA\johnny.douche"
1004,MY-CAL-WIN10.my-caldera.local,22,"Dns query:
RuleName: -
UtcTime: 2024-05-23 20:55:17.864
ProcessGuid: {ca24abc9-bfc9-66c4-1c8e-000000001900}
ProcessId: 10876
QueryName: MY-CAL-DC.my-caldera.local
QueryStatus: 0
QueryResults: ::ffff:172.16.26.226;
Image: C:\Windows\system32\BackgroundTaskHost.exe
User: MY-CALDERA\johnny.douche"
1005,MY-CAL-WIN10.my-caldera.local,22,"Dns query:
RuleName: -
UtcTime: 2024-05-23 20:59:43.881
ProcessGuid: {ca24abc9-c0d9-66c4-618e-000000001900}
ProcessId: 18400
QueryName: MY-CAL-DC.my-caldera.local
QueryStatus: 0
QueryResults: ::ffff:172.16.26.226;
Image: C:\Windows\system32\BackgroundTaskHost.exe
User: MY-CALDERA\johnny.douche"
1006,MY-CAL-WIN10.my-caldera.local,22,"Dns query:
RuleName: -
UtcTime: 2024-05-23 20:59:43.700
ProcessGuid: {ca24abc9-c0d9-66c4-618e-000000001900}
ProcessId: 18400
QueryName: MY-CAL-DC.my-caldera.local
QueryStatus: 0
QueryResults: ::ffff:172.16.26.226;
Image: C:\Windows\system32\BackgroundTaskHost.exe
User: MY-CALDERA\johnny.douche"
1007,MY-CAL-WIN10.my-caldera.local,22,"Dns query:
RuleName: -
UtcTime: 2024-05-23 20:59:43.729
ProcessGuid: {ca24abc9-c0d9-66c4-618e-000000001900}
ProcessId: 18400
QueryName: MY-CAL-DC.my-caldera.local
QueryStatus: 0
QueryResults: ::ffff:172.16.26.226;
Image: C:\Windows\system32\BackgroundTaskHost.exe
User: MY-CALDERA\johnny.douche"
1008,MY-CAL-WIN10.my-caldera.local,22,"Dns query:
RuleName: -
UtcTime: 2024-05-23 20:53:26.138
ProcessGuid: {ca24abc9-bf5c-66c4-ec8d-000000001900}
ProcessId: 16164
QueryName: www.xboxab.com
QueryStatus: 0
QueryResults: type:  5 www-xboxab-com.e-0012.e-msedge.net;type:  5 e-0012.e-msedge.net;::ffff:13.107.5.91;
Image: C:\Program Files\WindowsApps\Microsoft.XboxGamingOverlay_7.124.3191.0_x64__8wekyb3d8bbwe\GameBar.exe
User: MY-CAL-WIN10\Johnny Douche"
1009,MY-CAL-WIN10.my-caldera.local,22,"Dns query:
RuleName: -
UtcTime: 2024-05-23 20:52:09.325
ProcessGuid: {ca24abc9-9b6e-664e-5d7f-000000001900}
ProcessId: 12748
QueryName: oneclient.sfx.ms
QueryStatus: 0
QueryResults: type:  5 oneclient.sfx.ms.edgekey.net;type:  5 e9659.dspg.akamaiedge.net;::ffff:23.59.145.76;
Image: C:\Program Files\Microsoft OneDrive\OneDrive.exe
User: MY-CAL-WIN10\Johnny Douche"
1010,MY-CAL-WIN10.my-caldera.local,22,"Dns query:
RuleName: -
UtcTime: 2024-05-23 20:58:27.795
ProcessGuid: {ca24abc9-c080-66c4-468e-000000001900}
ProcessId: 7528
QueryName: MY-CAL-DC.my-caldera.local
QueryStatus: 0
QueryResults: ::ffff:172.16.26.226;
Image: C:\Windows\system32\BackgroundTaskHost.exe
User: MY-CALDERA\johnny.douche"
1011,MY-CAL-WIN10.my-caldera.local,22,"Dns query:
RuleName: -
UtcTime: 2024-05-23 21:33:50.349
ProcessGuid: {00000000-0000-0000-0000-000000000000}
ProcessId: 7772
QueryName: MY-CAL-DC.my-caldera.local
QueryStatus: 0
QueryResults: ::ffff:172.16.26.226;
Image: <unknown process>
User: MY-CALDERA\johnny.douche"
1012,MY-CAL-WIN10.my-caldera.local,22,"Dns query:
RuleName: -
UtcTime: 2024-05-23 21:35:38.469
ProcessGuid: {ca24abc9-c429-66c4-d28e-000000001900}
ProcessId: 10080
QueryName: wpad
QueryStatus: 9003
QueryResults: -
Image: C:\Program Files (x86)\Microsoft\Edge\Application\msedge.exe
User: MY-CAL-WIN10\Johnny Douche"
1013,MY-CAL-WIN10.my-caldera.local,22,"Dns query:
RuleName: -
UtcTime: 2024-05-23 21:46:27.750
ProcessGuid: {ca24abc9-c19e-66c4-9d8e-000000001900}
ProcessId: 13164
QueryName: f.c2r.ts.cdn.office.net
QueryStatus: 0
QueryResults: type:  5 office-f-net.trafficmanager.net;type:  5 officec2r.azureedge.net;type:  5 officec2r.ec.azureedge.net;type:  5 lb.apr-15cd6a.edgecastdns.net;type:  5 scdn29004.wpc.15cd6a.iotacdn.net;type:  5 sni1gl.wpc.iotacdn.net;152.195.19.97;
Image: <unknown process>
User: NT AUTHORITY\NETWORK SERVICE"
1014,MY-CAL-WIN10.my-caldera.local,22,"Dns query:
RuleName: -
UtcTime: 2024-05-23 21:46:55.826
ProcessGuid: {ca24abc9-c19e-66c4-9d8e-000000001900}
ProcessId: 13164
QueryName: f.c2r.ts.cdn.office.net
QueryStatus: 0
QueryResults: type:  5 office-f-net.trafficmanager.net;type:  5 officec2r.azureedge.net;type:  5 officec2r.ec.azureedge.net;type:  5 lb.apr-15cd6a.edgecastdns.net;type:  5 scdn29004.wpc.15cd6a.iotacdn.net;type:  5 sni1gl.wpc.iotacdn.net;152.195.19.97;
Image: <unknown process>
User: NT AUTHORITY\NETWORK SERVICE"
1015,MY-CAL-WIN10.my-caldera.local,22,"Dns query:
RuleName: -
UtcTime: 2024-05-23 21:46:54.888
ProcessGuid: {ca24abc9-cbe7-66c4-8990-000000001900}
ProcessId: 19648
QueryName: f.c2r.ts.cdn.office.net
QueryStatus: 0
QueryResults: type:  5 office-f-net.trafficmanager.net;type:  5 officec2r.azureedge.net;type:  5 officec2r.ec.azureedge.net;type:  5 lb.apr-15cd6a.edgecastdns.net;type:  5 scdn29004.wpc.15cd6a.iotacdn.net;type:  5 sni1gl.wpc.iotacdn.net;::ffff:152.195.19.97;
Image: C:\Program Files\Common Files\Microsoft Shared\ClickToRun\Updates\16.0.17830.20138\OfficeClickToRun.exe
User: NT AUTHORITY\SYSTEM"
1016,MY-CAL-WIN10.my-caldera.local,22,"Dns query:
RuleName: -
UtcTime: 2024-05-23 21:48:35.846
ProcessGuid: {ca24abc9-c19e-66c4-9d8e-000000001900}
ProcessId: 13164
QueryName: f.c2r.ts.cdn.office.net
QueryStatus: 0
QueryResults: type:  5 office-f-net.trafficmanager.net;type:  5 office-cdn.edgesuite.net;type:  5 a245.dscd.akamai.net;23.44.133.53;23.44.133.36;23.44.133.55;
Image: <unknown process>
User: NT AUTHORITY\NETWORK SERVICE"
1017,MY-CAL-WIN10.my-caldera.local,22,"Dns query:
RuleName: -
UtcTime: 2024-05-23 21:48:37.469
ProcessGuid: {ca24abc9-c19e-66c4-9d8e-000000001900}
ProcessId: 13164
QueryName: f.c2r.ts.cdn.office.net
QueryStatus: 0
QueryResults: type:  5 office-f-net.trafficmanager.net;type:  5 office-cdn.edgesuite.net;type:  5 a245.dscd.akamai.net;::ffff:23.44.133.36;::ffff:23.44.133.55;::ffff:23.44.133.53;
Image: <unknown process>
User: NT AUTHORITY\NETWORK SERVICE"
1018,MY-CAL-WIN10.my-caldera.local,22,"Dns query:
RuleName: -
UtcTime: 2024-05-23 21:48:37.556
ProcessGuid: {ca24abc9-c19e-66c4-9d8e-000000001900}
ProcessId: 13164
QueryName: f.c2r.ts.cdn.office.net
QueryStatus: 0
QueryResults: type:  5 office-f-net.trafficmanager.net;type:  5 office-cdn.edgesuite.net;type:  5 a245.dscd.akamai.net;23.44.133.55;23.44.133.53;23.44.133.36;
Image: <unknown process>
User: NT AUTHORITY\NETWORK SERVICE"
1019,MY-CAL-WIN10.my-caldera.local,22,"Dns query:
RuleName: -
UtcTime: 2024-05-23 21:48:39.225
ProcessGuid: {ca24abc9-c19e-66c4-9d8e-000000001900}
ProcessId: 13164
QueryName: f.c2r.ts.cdn.office.net
QueryStatus: 0
QueryResults: type:  5 office-f-net.trafficmanager.net;type:  5 office-cdn.edgesuite.net;type:  5 a245.dscd.akamai.net;::ffff:23.44.133.53;::ffff:23.44.133.36;::ffff:23.44.133.55;
Image: <unknown process>
User: NT AUTHORITY\NETWORK SERVICE"
1020,MY-CAL-WIN10.my-caldera.local,22,"Dns query:
RuleName: -
UtcTime: 2024-05-23 21:48:59.009
ProcessGuid: {ca24abc9-c19e-66c4-9d8e-000000001900}
ProcessId: 13164
QueryName: f.c2r.ts.cdn.office.net
QueryStatus: 0
QueryResults: type:  5 office-f-net.trafficmanager.net;type:  5 office-cdn.edgesuite.net;type:  5 a245.dscd.akamai.net;::ffff:23.44.133.55;::ffff:23.44.133.60;
Image: <unknown process>
User: NT AUTHORITY\NETWORK SERVICE"
1021,MY-CAL-WIN10.my-caldera.local,22,"Dns query:
RuleName: -
UtcTime: 2024-05-23 21:49:10.466
ProcessGuid: {ca24abc9-c19e-66c4-9d8e-000000001900}
ProcessId: 13164
QueryName: f.c2r.ts.cdn.office.net
QueryStatus: 0
QueryResults: type:  5 office-f-net.trafficmanager.net;type:  5 office-cdn.edgesuite.net;type:  5 a245.dscd.akamai.net;::ffff:23.44.133.60;::ffff:23.44.133.62;
Image: <unknown process>
User: NT AUTHORITY\NETWORK SERVICE"
1022,MY-CAL-WIN10.my-caldera.local,22,"Dns query:
RuleName: -
UtcTime: 2024-05-23 21:49:10.563
ProcessGuid: {ca24abc9-c19e-66c4-9d8e-000000001900}
ProcessId: 13164
QueryName: f.c2r.ts.cdn.office.net
QueryStatus: 0
QueryResults: type:  5 office-f-net.trafficmanager.net;type:  5 office-cdn.edgesuite.net;type:  5 a245.dscd.akamai.net;23.44.133.62;23.44.133.60;
Image: <unknown process>
User: NT AUTHORITY\NETWORK SERVICE"
1023,MY-CAL-WIN10.my-caldera.local,22,"Dns query:
RuleName: -
UtcTime: 2024-05-23 21:54:29.316
ProcessGuid: {00000000-0000-0000-0000-000000000000}
ProcessId: 14284
QueryName: MY-CAL-DC.my-caldera.local
QueryStatus: 0
QueryResults: ::ffff:172.16.26.226;
Image: <unknown process>
User: MY-CALDERA\johnny.douche"
1024,MY-CAL-WIN10.my-caldera.local,22,"Dns query:
RuleName: -
UtcTime: 2024-05-23 21:55:39.374
ProcessGuid: {ca24abc9-cbe7-66c4-8990-000000001900}
ProcessId: 19648
QueryName: b.c2r.ts.cdn.office.net
QueryStatus: 0
QueryResults: type:  5 office-f-net.trafficmanager.net;type:  5 msoffice.s.llnwi.net;::ffff:69.164.46.3;
Image: C:\Program Files\Common Files\Microsoft Shared\ClickToRun\Updates\16.0.17830.20138\OfficeClickToRun.exe
User: NT AUTHORITY\SYSTEM"
1025,MY-CAL-WIN10.my-caldera.local,22,"Dns query:
RuleName: -
UtcTime: 2024-05-23 21:59:40.430
ProcessGuid: {00000000-0000-0000-0000-000000000000}
ProcessId: 19116
QueryName: MY-CAL-DC.my-caldera.local
QueryStatus: 0
QueryResults: ::ffff:172.16.26.226;
Image: <unknown process>
User: MY-CALDERA\johnny.douche"
1026,MY-CAL-WIN10.my-caldera.local,22,"Dns query:
RuleName: -
UtcTime: 2024-05-23 21:20:41.168
ProcessGuid: {ca24abc9-c58e-66c4-258f-000000001900}
ProcessId: 20616
QueryName: MY-CAL-WIN10
QueryStatus: 0
QueryResults: fe80::3a82:bcc3:184c:5cc2;::ffff:172.16.26.234;
Image: C:\Windows\system32\wbem\wmiprvse.exe
User: NT AUTHORITY\NETWORK SERVICE"
1027,MY-CAL-WIN10.my-caldera.local,22,"Dns query:
RuleName: -
UtcTime: 2024-05-23 21:20:50.170
ProcessGuid: {ca24abc9-c58e-66c4-258f-000000001900}
ProcessId: 20616
QueryName: MY-CAL-WIN10
QueryStatus: 0
QueryResults: fe80::3a82:bcc3:184c:5cc2;::ffff:172.16.26.234;
Image: C:\Windows\system32\wbem\wmiprvse.exe
User: NT AUTHORITY\NETWORK SERVICE"
1028,MY-CAL-WIN10.my-caldera.local,22,"Dns query:
RuleName: -
UtcTime: 2024-05-23 21:20:50.603
ProcessGuid: {ca24abc9-c58e-66c4-258f-000000001900}
ProcessId: 20616
QueryName: MY-CAL-WIN10
QueryStatus: 0
QueryResults: fe80::3a82:bcc3:184c:5cc2;::ffff:172.16.26.234;
Image: C:\Windows\system32\wbem\wmiprvse.exe
User: NT AUTHORITY\NETWORK SERVICE"
1029,MY-CAL-WIN10.my-caldera.local,22,"Dns query:
RuleName: -
UtcTime: 2024-05-23 21:20:51.100
ProcessGuid: {ca24abc9-c58e-66c4-258f-000000001900}
ProcessId: 20616
QueryName: MY-CAL-WIN10
QueryStatus: 0
QueryResults: fe80::3a82:bcc3:184c:5cc2;::ffff:172.16.26.234;
Image: C:\Windows\system32\wbem\wmiprvse.exe
User: NT AUTHORITY\NETWORK SERVICE"
1030,MY-CAL-WIN10.my-caldera.local,22,"Dns query:
RuleName: -
UtcTime: 2024-05-23 21:20:51.507
ProcessGuid: {ca24abc9-c58e-66c4-258f-000000001900}
ProcessId: 20616
QueryName: MY-CAL-WIN10
QueryStatus: 0
QueryResults: fe80::3a82:bcc3:184c:5cc2;::ffff:172.16.26.234;
Image: C:\Windows\system32\wbem\wmiprvse.exe
User: NT AUTHORITY\NETWORK SERVICE"
1031,MY-CAL-WIN10.my-caldera.local,22,"Dns query:
RuleName: -
UtcTime: 2024-05-23 21:20:51.972
ProcessGuid: {ca24abc9-c58e-66c4-258f-000000001900}
ProcessId: 20616
QueryName: MY-CAL-WIN10
QueryStatus: 0
QueryResults: fe80::3a82:bcc3:184c:5cc2;::ffff:172.16.26.234;
Image: C:\Windows\system32\wbem\wmiprvse.exe
User: NT AUTHORITY\NETWORK SERVICE"
1032,MY-CAL-WIN10.my-caldera.local,22,"Dns query:
RuleName: -
UtcTime: 2024-05-23 21:20:52.450
ProcessGuid: {ca24abc9-c58e-66c4-258f-000000001900}
ProcessId: 20616
QueryName: MY-CAL-WIN10
QueryStatus: 0
QueryResults: fe80::3a82:bcc3:184c:5cc2;::ffff:172.16.26.234;
Image: C:\Windows\system32\wbem\wmiprvse.exe
User: NT AUTHORITY\NETWORK SERVICE"
1033,MY-CAL-WIN10.my-caldera.local,22,"Dns query:
RuleName: -
UtcTime: 2024-05-23 21:20:52.990
ProcessGuid: {ca24abc9-c58e-66c4-258f-000000001900}
ProcessId: 20616
QueryName: MY-CAL-WIN10
QueryStatus: 0
QueryResults: fe80::3a82:bcc3:184c:5cc2;::ffff:172.16.26.234;
Image: C:\Windows\system32\wbem\wmiprvse.exe
User: NT AUTHORITY\NETWORK SERVICE"
1034,MY-CAL-WIN10.my-caldera.local,22,"Dns query:
RuleName: -
UtcTime: 2024-05-23 21:20:53.455
ProcessGuid: {ca24abc9-c58e-66c4-258f-000000001900}
ProcessId: 20616
QueryName: MY-CAL-WIN10
QueryStatus: 0
QueryResults: fe80::3a82:bcc3:184c:5cc2;::ffff:172.16.26.234;
Image: C:\Windows\system32\wbem\wmiprvse.exe
User: NT AUTHORITY\NETWORK SERVICE"
1035,MY-CAL-WIN10.my-caldera.local,22,"Dns query:
RuleName: -
UtcTime: 2024-05-23 20:56:55.430
ProcessGuid: {ca24abc9-3439-6646-4900-000000001900}
ProcessId: 3588
QueryName: www.xboxab.com
QueryStatus: 9701
QueryResults: -
Image: C:\Program Files\Windows Defender Advanced Threat Protection\MsSense.exe
User: NT AUTHORITY\SYSTEM"
1036,MY-CAL-WIN10.my-caldera.local,22,"Dns query:
RuleName: -
UtcTime: 2024-05-23 21:44:54.470
ProcessGuid: {ca24abc9-a509-6647-d624-000000001900}
ProcessId: 9024
QueryName: b.c2r.ts.cdn.office.net
QueryStatus: 0
QueryResults: type:  5 office-f-net.trafficmanager.net;type:  5 officec2r.azureedge.net;type:  5 officec2r.ec.azureedge.net;type:  5 lb.apr-15cd6a.edgecastdns.net;type:  5 scdn29004.wpc.15cd6a.iotacdn.net;type:  5 sni1gl.wpc.iotacdn.net;::ffff:152.195.19.97;
Image: C:\Program Files\Common Files\microsoft shared\ClickToRun\OfficeClickToRun.exe
User: NT AUTHORITY\SYSTEM"
1037,MY-CAL-WIN10.my-caldera.local,22,"Dns query:
RuleName: -
UtcTime: 2024-05-23 21:07:45.146
ProcessGuid: {ca24abc9-c103-66c4-6a8e-000000001900}
ProcessId: 3584
QueryName: MY-CAL-WIN10
QueryStatus: 0
QueryResults: fe80::3a82:bcc3:184c:5cc2;::ffff:172.16.26.234;
Image: C:\Windows\system32\wbem\wmiprvse.exe
User: NT AUTHORITY\NETWORK SERVICE"
1038,MY-CAL-WIN10.my-caldera.local,22,"Dns query:
RuleName: -
UtcTime: 2024-05-23 21:07:46.970
ProcessGuid: {ca24abc9-c103-66c4-6a8e-000000001900}
ProcessId: 3584
QueryName: MY-CAL-WIN10
QueryStatus: 0
QueryResults: fe80::3a82:bcc3:184c:5cc2;::ffff:172.16.26.234;
Image: C:\Windows\system32\wbem\wmiprvse.exe
User: NT AUTHORITY\NETWORK SERVICE"
1039,MY-CAL-WIN10.my-caldera.local,22,"Dns query:
RuleName: -
UtcTime: 2024-05-23 21:07:47.409
ProcessGuid: {ca24abc9-c103-66c4-6a8e-000000001900}
ProcessId: 3584
QueryName: MY-CAL-WIN10
QueryStatus: 0
QueryResults: fe80::3a82:bcc3:184c:5cc2;::ffff:172.16.26.234;
Image: C:\Windows\system32\wbem\wmiprvse.exe
User: NT AUTHORITY\NETWORK SERVICE"
1040,MY-CAL-WIN10.my-caldera.local,22,"Dns query:
RuleName: -
UtcTime: 2024-05-23 21:07:47.943
ProcessGuid: {ca24abc9-c103-66c4-6a8e-000000001900}
ProcessId: 3584
QueryName: MY-CAL-WIN10
QueryStatus: 0
QueryResults: fe80::3a82:bcc3:184c:5cc2;::ffff:172.16.26.234;
Image: C:\Windows\system32\wbem\wmiprvse.exe
User: NT AUTHORITY\NETWORK SERVICE"
1041,MY-CAL-WIN10.my-caldera.local,22,"Dns query:
RuleName: -
UtcTime: 2024-05-23 21:07:48.380
ProcessGuid: {ca24abc9-c103-66c4-6a8e-000000001900}
ProcessId: 3584
QueryName: MY-CAL-WIN10
QueryStatus: 0
QueryResults: fe80::3a82:bcc3:184c:5cc2;::ffff:172.16.26.234;
Image: C:\Windows\system32\wbem\wmiprvse.exe
User: NT AUTHORITY\NETWORK SERVICE"
1042,MY-CAL-WIN10.my-caldera.local,22,"Dns query:
RuleName: -
UtcTime: 2024-05-23 21:07:48.821
ProcessGuid: {ca24abc9-c103-66c4-6a8e-000000001900}
ProcessId: 3584
QueryName: MY-CAL-WIN10
QueryStatus: 0
QueryResults: fe80::3a82:bcc3:184c:5cc2;::ffff:172.16.26.234;
Image: C:\Windows\system32\wbem\wmiprvse.exe
User: NT AUTHORITY\NETWORK SERVICE"
1043,MY-CAL-WIN10.my-caldera.local,22,"Dns query:
RuleName: -
UtcTime: 2024-05-23 20:58:19.201
ProcessGuid: {ca24abc9-c080-66c4-468e-000000001900}
ProcessId: 7528
QueryName: MY-CAL-DC.my-caldera.local
QueryStatus: 0
QueryResults: ::ffff:172.16.26.226;
Image: C:\Windows\system32\BackgroundTaskHost.exe
User: MY-CALDERA\johnny.douche"
1044,MY-CAL-WIN10.my-caldera.local,22,"Dns query:
RuleName: -
UtcTime: 2024-05-23 20:58:19.217
ProcessGuid: {ca24abc9-c080-66c4-468e-000000001900}
ProcessId: 7528
QueryName: MY-CAL-DC.my-caldera.local
QueryStatus: 0
QueryResults: ::ffff:172.16.26.226;
Image: C:\Windows\system32\BackgroundTaskHost.exe
User: MY-CALDERA\johnny.douche"
1045,MY-CAL-WIN10.my-caldera.local,22,"Dns query:
RuleName: -
UtcTime: 2024-05-23 22:02:08.810
ProcessGuid: {ca24abc9-cbe7-66c4-8990-000000001900}
ProcessId: 19648
QueryName: b.c2r.ts.cdn.office.net
QueryStatus: 0
QueryResults: type:  5 office-f-net.trafficmanager.net;type:  5 office-cdn.edgesuite.net;type:  5 a245.dscd.akamai.net;::ffff:23.44.133.53;::ffff:23.44.133.36;
Image: C:\Program Files\Common Files\Microsoft Shared\ClickToRun\Updates\16.0.17830.20138\OfficeClickToRun.exe
User: NT AUTHORITY\SYSTEM"
1046,MY-CAL-WIN10.my-caldera.local,22,"Dns query:
RuleName: -
UtcTime: 2024-05-23 22:42:22.558
ProcessGuid: {ca24abc9-abe5-664f-508d-000000001900}
ProcessId: 1152
QueryName: cdn.onenote.net
QueryStatus: 0
QueryResults: type:  5 cdn.onenote.net.edgekey.net;type:  5 e1553.dspg.akamaiedge.net;::ffff:23.201.163.108;
Image: C:\Windows\system32\svchost.exe
User: MY-CALDERA\johnny.douche"
1047,MY-CAL-WIN10.my-caldera.local,22,"Dns query:
RuleName: -
UtcTime: 2024-05-23 21:46:10.323
ProcessGuid: {ca24abc9-c19e-66c4-9d8e-000000001900}
ProcessId: 13164
QueryName: f.c2r.ts.cdn.office.net
QueryStatus: 0
QueryResults: type:  5 office-f-net.trafficmanager.net;type:  5 officec2r.azureedge.net;type:  5 officec2r.ec.azureedge.net;type:  5 lb.apr-15cd6a.edgecastdns.net;type:  5 scdn29004.wpc.15cd6a.iotacdn.net;type:  5 sni1gl.wpc.iotacdn.net;152.195.19.97;
Image: <unknown process>
User: NT AUTHORITY\NETWORK SERVICE"
1048,MY-CAL-WIN10.my-caldera.local,22,"Dns query:
RuleName: -
UtcTime: 2024-05-23 21:48:35.760
ProcessGuid: {ca24abc9-c19e-66c4-9d8e-000000001900}
ProcessId: 13164
QueryName: f.c2r.ts.cdn.office.net
QueryStatus: 0
QueryResults: type:  5 office-f-net.trafficmanager.net;type:  5 office-cdn.edgesuite.net;type:  5 a245.dscd.akamai.net;::ffff:23.44.133.55;::ffff:23.44.133.53;::ffff:23.44.133.36;
Image: <unknown process>
User: NT AUTHORITY\NETWORK SERVICE"
1049,MY-CAL-WIN10.my-caldera.local,22,"Dns query:
RuleName: -
UtcTime: 2024-05-23 22:06:37.658
ProcessGuid: {ca24abc9-cd76-66c4-ab90-000000001900}
ProcessId: 12924
QueryName: wpad
QueryStatus: 9003
QueryResults: -
Image: C:\Program Files (x86)\Microsoft\Edge\Application\msedge.exe
User: MY-CALDERA\johnny.douche"
1050,MY-CAL-WIN10.my-caldera.local,22,"Dns query:
RuleName: -
UtcTime: 2024-05-23 22:03:41.754
ProcessGuid: {ca24abc9-bf34-66c4-e18d-000000001900}
ProcessId: 15132
QueryName: MY-CAL-WIN10
QueryStatus: 0
QueryResults: fe80::3a82:bcc3:184c:5cc2;::ffff:172.16.26.234;
Image: C:\Windows\system32\CompatTelRunner.exe
User: NT AUTHORITY\SYSTEM"
1051,MY-CAL-WIN10.my-caldera.local,22,"Dns query:
RuleName: -
UtcTime: 2024-05-23 21:21:27.280
ProcessGuid: {ca24abc9-c58e-66c4-258f-000000001900}
ProcessId: 20616
QueryName: MY-CAL-WIN10
QueryStatus: 0
QueryResults: fe80::3a82:bcc3:184c:5cc2;::ffff:172.16.26.234;
Image: C:\Windows\system32\wbem\wmiprvse.exe
User: NT AUTHORITY\NETWORK SERVICE"
1052,MY-CAL-WIN10.my-caldera.local,22,"Dns query:
RuleName: -
UtcTime: 2024-05-23 21:23:17.327
ProcessGuid: {00000000-0000-0000-0000-000000000000}
ProcessId: 28320
QueryName: MY-CAL-DC.my-caldera.local
QueryStatus: 0
QueryResults: ::ffff:172.16.26.226;
Image: <unknown process>
User: MY-CALDERA\johnny.douche"
1053,MY-CAL-WIN10.my-caldera.local,22,"Dns query:
RuleName: -
UtcTime: 2024-05-23 21:53:48.341
ProcessGuid: {ca24abc9-cd76-66c4-ab90-000000001900}
ProcessId: 12924
QueryName: wpad
QueryStatus: 9003
QueryResults: -
Image: C:\Program Files (x86)\Microsoft\Edge\Application\msedge.exe
User: MY-CALDERA\johnny.douche"
1054,MY-CAL-WIN10.my-caldera.local,22,"Dns query:
RuleName: -
UtcTime: 2024-05-23 21:53:48.341
ProcessGuid: {ca24abc9-cd76-66c4-ab90-000000001900}
ProcessId: 12924
QueryName: wpad
QueryStatus: 9003
QueryResults: -
Image: C:\Program Files (x86)\Microsoft\Edge\Application\msedge.exe
User: MY-CALDERA\johnny.douche"
1055,MY-CAL-WIN10.my-caldera.local,22,"Dns query:
RuleName: -
UtcTime: 2024-05-23 21:53:49.764
ProcessGuid: {ca24abc9-cd76-66c4-ab90-000000001900}
ProcessId: 12924
QueryName: wpad
QueryStatus: 9003
QueryResults: -
Image: C:\Program Files (x86)\Microsoft\Edge\Application\msedge.exe
User: MY-CALDERA\johnny.douche"
1056,MY-CAL-WIN10.my-caldera.local,22,"Dns query:
RuleName: -
UtcTime: 2024-05-23 22:16:44.700
ProcessGuid: {ca24abc9-d2e7-66c4-1291-000000001900}
ProcessId: 17732
QueryName: MY-CAL-DC.my-caldera.local
QueryStatus: 0
QueryResults: ::ffff:172.16.26.226;
Image: C:\Windows\system32\BackgroundTaskHost.exe
User: MY-CALDERA\johnny.douche"
1057,MY-CAL-WIN10.my-caldera.local,22,"Dns query:
RuleName: -
UtcTime: 2024-05-23 22:16:44.787
ProcessGuid: {ca24abc9-d2e7-66c4-1291-000000001900}
ProcessId: 17732
QueryName: MY-CAL-DC.my-caldera.local
QueryStatus: 0
QueryResults: ::ffff:172.16.26.226;
Image: C:\Windows\system32\BackgroundTaskHost.exe
User: MY-CALDERA\johnny.douche"
1058,MY-CAL-WIN10.my-caldera.local,22,"Dns query:
RuleName: -
UtcTime: 2024-05-23 22:16:48.895
ProcessGuid: {00000000-0000-0000-0000-000000000000}
ProcessId: 17732
QueryName: MY-CAL-DC.my-caldera.local
QueryStatus: 0
QueryResults: ::ffff:172.16.26.226;
Image: <unknown process>
User: MY-CALDERA\johnny.douche"
1059,MY-CAL-WIN10.my-caldera.local,22,"Dns query:
RuleName: -
UtcTime: 2024-05-23 21:48:14.603
ProcessGuid: {ca24abc9-c19e-66c4-9d8e-000000001900}
ProcessId: 13164
QueryName: f.c2r.ts.cdn.office.net
QueryStatus: 0
QueryResults: type:  5 office-f-net.trafficmanager.net;type:  5 office-cdn.edgesuite.net;type:  5 a245.dscd.akamai.net;23.44.133.62;23.44.133.36;
Image: <unknown process>
User: NT AUTHORITY\NETWORK SERVICE"
1060,MY-CAL-WIN10.my-caldera.local,22,"Dns query:
RuleName: -
UtcTime: 2024-05-23 21:48:14.700
ProcessGuid: {ca24abc9-c19e-66c4-9d8e-000000001900}
ProcessId: 13164
QueryName: f.c2r.ts.cdn.office.net
QueryStatus: 0
QueryResults: type:  5 office-f-net.trafficmanager.net;type:  5 office-cdn.edgesuite.net;type:  5 a245.dscd.akamai.net;23.44.133.36;23.44.133.62;
Image: <unknown process>
User: NT AUTHORITY\NETWORK SERVICE"
1061,MY-CAL-WIN10.my-caldera.local,22,"Dns query:
RuleName: -
UtcTime: 2024-05-23 21:48:15.713
ProcessGuid: {ca24abc9-c19e-66c4-9d8e-000000001900}
ProcessId: 13164
QueryName: f.c2r.ts.cdn.office.net
QueryStatus: 0
QueryResults: type:  5 office-f-net.trafficmanager.net;type:  5 office-cdn.edgesuite.net;type:  5 a245.dscd.akamai.net;23.44.133.36;23.44.133.62;
Image: <unknown process>
User: NT AUTHORITY\NETWORK SERVICE"
1062,MY-CAL-WIN10.my-caldera.local,22,"Dns query:
RuleName: -
UtcTime: 2024-05-23 21:48:21.011
ProcessGuid: {ca24abc9-cc41-66c4-9a90-000000001900}
ProcessId: 4472
QueryName: MY-CAL-WIN10
QueryStatus: 0
QueryResults: fe80::3a82:bcc3:184c:5cc2;::ffff:172.16.26.234;
Image: C:\Windows\system32\wbem\wmiprvse.exe
User: NT AUTHORITY\NETWORK SERVICE"
1063,MY-CAL-WIN10.my-caldera.local,22,"Dns query:
RuleName: -
UtcTime: 2024-05-23 21:48:59.096
ProcessGuid: {ca24abc9-c19e-66c4-9d8e-000000001900}
ProcessId: 13164
QueryName: f.c2r.ts.cdn.office.net
QueryStatus: 0
QueryResults: type:  5 office-f-net.trafficmanager.net;type:  5 office-cdn.edgesuite.net;type:  5 a245.dscd.akamai.net;23.44.133.60;23.44.133.55;
Image: <unknown process>
User: NT AUTHORITY\NETWORK SERVICE"
1064,MY-CAL-WIN10.my-caldera.local,22,"Dns query:
RuleName: -
UtcTime: 2024-05-23 21:49:00.007
ProcessGuid: {ca24abc9-c19e-66c4-9d8e-000000001900}
ProcessId: 13164
QueryName: f.c2r.ts.cdn.office.net
QueryStatus: 0
QueryResults: type:  5 office-f-net.trafficmanager.net;type:  5 office-cdn.edgesuite.net;type:  5 a245.dscd.akamai.net;23.44.133.60;23.44.133.55;
Image: <unknown process>
User: NT AUTHORITY\NETWORK SERVICE"
1065,MY-CAL-WIN10.my-caldera.local,22,"Dns query:
RuleName: -
UtcTime: 2024-05-23 21:48:59.922
ProcessGuid: {ca24abc9-c19e-66c4-9d8e-000000001900}
ProcessId: 13164
QueryName: f.c2r.ts.cdn.office.net
QueryStatus: 0
QueryResults: type:  5 office-f-net.trafficmanager.net;type:  5 office-cdn.edgesuite.net;type:  5 a245.dscd.akamai.net;::ffff:23.44.133.55;::ffff:23.44.133.60;
Image: <unknown process>
User: NT AUTHORITY\NETWORK SERVICE"
1066,MY-CAL-WIN10.my-caldera.local,22,"Dns query:
RuleName: -
UtcTime: 2024-05-23 21:49:24.696
ProcessGuid: {00000000-0000-0000-0000-000000000000}
ProcessId: 5536
QueryName: MY-CAL-DC.my-caldera.local
QueryStatus: 0
QueryResults: ::ffff:172.16.26.226;
Image: <unknown process>
User: MY-CALDERA\johnny.douche"
1067,MY-CAL-WIN10.my-caldera.local,22,"Dns query:
RuleName: -
UtcTime: 2024-05-23 21:54:20.888
ProcessGuid: {ca24abc9-c429-66c4-d28e-000000001900}
ProcessId: 10080
QueryName: wpad
QueryStatus: 9003
QueryResults: -
Image: C:\Program Files (x86)\Microsoft\Edge\Application\msedge.exe
User: MY-CAL-WIN10\Johnny Douche"
1068,MY-CAL-WIN10.my-caldera.local,22,"Dns query:
RuleName: -
UtcTime: 2024-05-23 21:54:20.436
ProcessGuid: {ca24abc9-cd76-66c4-ab90-000000001900}
ProcessId: 12924
QueryName: wpad
QueryStatus: 9003
QueryResults: -
Image: C:\Program Files (x86)\Microsoft\Edge\Application\msedge.exe
User: MY-CALDERA\johnny.douche"
1069,MY-CAL-WIN10.my-caldera.local,22,"Dns query:
RuleName: -
UtcTime: 2024-05-23 21:55:40.605
ProcessGuid: {ca24abc9-c19e-66c4-9d8e-000000001900}
ProcessId: 13164
QueryName: b.c2r.ts.cdn.office.net
QueryStatus: 0
QueryResults: type:  5 office-f-net.trafficmanager.net;type:  5 msoffice.s.llnwi.net;69.164.46.3;
Image: <unknown process>
User: NT AUTHORITY\NETWORK SERVICE"
1070,MY-CAL-WIN10.my-caldera.local,22,"Dns query:
RuleName: -
UtcTime: 2024-05-23 21:59:01.868
ProcessGuid: {ca24abc9-cbe7-66c4-8990-000000001900}
ProcessId: 19648
QueryName: b.c2r.ts.cdn.office.net
QueryStatus: 0
QueryResults: type:  5 office-f-net.trafficmanager.net;type:  5 officec2r.azureedge.net;type:  5 officec2r.ec.azureedge.net;type:  5 lb.apr-15cd6a.edgecastdns.net;type:  5 scdn29004.wpc.15cd6a.iotacdn.net;type:  5 sni1gl.wpc.iotacdn.net;::ffff:152.195.19.97;
Image: C:\Program Files\Common Files\Microsoft Shared\ClickToRun\Updates\16.0.17830.20138\OfficeClickToRun.exe
User: NT AUTHORITY\SYSTEM"
1071,MY-CAL-WIN10.my-caldera.local,22,"Dns query:
RuleName: -
UtcTime: 2024-05-23 21:12:29.597
ProcessGuid: {00000000-0000-0000-0000-000000000000}
ProcessId: 20400
QueryName: MY-CAL-DC.my-caldera.local
QueryStatus: 0
QueryResults: ::ffff:172.16.26.226;
Image: <unknown process>
User: MY-CALDERA\johnny.douche"
1072,MY-CAL-WIN10.my-caldera.local,22,"Dns query:
RuleName: -
UtcTime: 2024-05-23 22:21:58.166
ProcessGuid: {ca24abc9-3439-6646-4900-000000001900}
ProcessId: 3588
QueryName: b.c2r.ts.cdn.office.net
QueryStatus: 9701
QueryResults: -
Image: C:\Program Files\Windows Defender Advanced Threat Protection\MsSense.exe
User: NT AUTHORITY\SYSTEM"
1073,MY-CAL-WIN10.my-caldera.local,22,"Dns query:
RuleName: -
UtcTime: 2024-05-23 22:21:58.169
ProcessGuid: {ca24abc9-3439-6646-4900-000000001900}
ProcessId: 3588
QueryName: f.c2r.ts.cdn.office.net
QueryStatus: 9701
QueryResults: -
Image: C:\Program Files\Windows Defender Advanced Threat Protection\MsSense.exe
User: NT AUTHORITY\SYSTEM"
1074,MY-CAL-WIN10.my-caldera.local,22,"Dns query:
RuleName: -
UtcTime: 2024-05-23 22:06:08.445
ProcessGuid: {ca24abc9-d05e-66c4-ee90-000000001900}
ProcessId: 22016
QueryName: MY-CAL-DC.my-caldera.local
QueryStatus: 0
QueryResults: ::ffff:172.16.26.226;
Image: C:\Windows\system32\BackgroundTaskHost.exe
User: MY-CALDERA\johnny.douche"
1075,MY-CAL-WIN10.my-caldera.local,22,"Dns query:
RuleName: -
UtcTime: 2024-05-23 22:06:13.425
ProcessGuid: {ca24abc9-d05e-66c4-ee90-000000001900}
ProcessId: 22016
QueryName: MY-CAL-DC.my-caldera.local
QueryStatus: 0
QueryResults: ::ffff:172.16.26.226;
Image: C:\Windows\system32\BackgroundTaskHost.exe
User: MY-CALDERA\johnny.douche"
1076,MY-CAL-WIN10.my-caldera.local,22,"Dns query:
RuleName: -
UtcTime: 2024-05-23 22:06:08.681
ProcessGuid: {ca24abc9-d05e-66c4-ee90-000000001900}
ProcessId: 22016
QueryName: MY-CAL-DC.my-caldera.local
QueryStatus: 0
QueryResults: ::ffff:172.16.26.226;
Image: C:\Windows\system32\BackgroundTaskHost.exe
User: MY-CALDERA\johnny.douche"
1077,MY-CAL-WIN10.my-caldera.local,22,"Dns query:
RuleName: -
UtcTime: 2024-05-23 22:11:25.368
ProcessGuid: {ca24abc9-d1a9-66c4-fd90-000000001900}
ProcessId: 16964
QueryName: MY-CAL-DC.my-caldera.local
QueryStatus: 0
QueryResults: ::ffff:172.16.26.226;
Image: C:\Windows\system32\BackgroundTaskHost.exe
User: MY-CALDERA\johnny.douche"
1078,MY-CAL-WIN10.my-caldera.local,22,"Dns query:
RuleName: -
UtcTime: 2024-05-23 22:11:26.151
ProcessGuid: {ca24abc9-d1a9-66c4-fd90-000000001900}
ProcessId: 16964
QueryName: MY-CAL-DC.my-caldera.local
QueryStatus: 0
QueryResults: ::ffff:172.16.26.226;
Image: C:\Windows\system32\BackgroundTaskHost.exe
User: MY-CALDERA\johnny.douche"
1079,MY-CAL-WIN10.my-caldera.local,22,"Dns query:
RuleName: -
UtcTime: 2024-05-23 22:11:25.007
ProcessGuid: {ca24abc9-d1a9-66c4-fd90-000000001900}
ProcessId: 16964
QueryName: MY-CAL-DC.my-caldera.local
QueryStatus: 0
QueryResults: ::ffff:172.16.26.226;
Image: C:\Windows\system32\BackgroundTaskHost.exe
User: MY-CALDERA\johnny.douche"
1080,MY-CAL-WIN10.my-caldera.local,22,"Dns query:
RuleName: -
UtcTime: 2024-05-23 21:53:44.180
ProcessGuid: {00000000-0000-0000-0000-000000000000}
ProcessId: 9812
QueryName: MY-CAL-DC.my-caldera.local
QueryStatus: 0
QueryResults: ::ffff:172.16.26.226;
Image: <unknown process>
User: MY-CALDERA\johnny.douche"
1081,MY-CAL-WIN10.my-caldera.local,22,"Dns query:
RuleName: -
UtcTime: 2024-05-23 21:53:40.330
ProcessGuid: {ca24abc9-cd76-66c4-ab90-000000001900}
ProcessId: 12924
QueryName: wpad
QueryStatus: 9003
QueryResults: -
Image: C:\Program Files (x86)\Microsoft\Edge\Application\msedge.exe
User: MY-CALDERA\johnny.douche"
1082,MY-CAL-WIN10.my-caldera.local,22,"Dns query:
RuleName: -
UtcTime: 2024-05-23 21:53:41.754
ProcessGuid: {ca24abc9-cd76-66c4-ab90-000000001900}
ProcessId: 12924
QueryName: wpad
QueryStatus: 9003
QueryResults: -
Image: C:\Program Files (x86)\Microsoft\Edge\Application\msedge.exe
User: MY-CALDERA\johnny.douche"
1083,MY-CAL-WIN10.my-caldera.local,22,"Dns query:
RuleName: -
UtcTime: 2024-05-23 21:53:40.331
ProcessGuid: {ca24abc9-cd76-66c4-ab90-000000001900}
ProcessId: 12924
QueryName: wpad
QueryStatus: 9003
QueryResults: -
Image: C:\Program Files (x86)\Microsoft\Edge\Application\msedge.exe
User: MY-CALDERA\johnny.douche"
1084,MY-CAL-WIN10.my-caldera.local,22,"Dns query:
RuleName: -
UtcTime: 2024-05-23 22:01:38.342
ProcessGuid: {ca24abc9-c617-66c4-0090-000000001900}
ProcessId: 10536
QueryName: oneclient.sfx.ms
QueryStatus: 0
QueryResults: type:  5 oneclient.sfx.ms.edgekey.net;type:  5 e9659.dspg.akamaiedge.net;::ffff:23.59.145.76;
Image: C:\Windows\System32\svchost.exe
User: NT AUTHORITY\SYSTEM"
1085,MY-CAL-WIN10.my-caldera.local,22,"Dns query:
RuleName: -
UtcTime: 2024-05-23 22:02:53.749
ProcessGuid: {ca24abc9-c19e-66c4-9d8e-000000001900}
ProcessId: 13164
QueryName: b.c2r.ts.cdn.office.net
QueryStatus: 0
QueryResults: type:  5 office-f-net.trafficmanager.net;type:  5 office-cdn.edgesuite.net;type:  5 a245.dscd.akamai.net;23.44.133.55;23.44.133.53;23.44.133.36;
Image: <unknown process>
User: NT AUTHORITY\NETWORK SERVICE"
1086,MY-CAL-WIN10.my-caldera.local,22,"Dns query:
RuleName: -
UtcTime: 2024-05-23 23:03:01.259
ProcessGuid: {ca24abc9-ddbd-66c4-be92-000000001900}
ProcessId: 26028
QueryName: MY-CAL-DC.my-caldera.local
QueryStatus: 0
QueryResults: ::ffff:172.16.26.226;
Image: C:\Windows\system32\BackgroundTaskHost.exe
User: MY-CALDERA\johnny.douche"
1087,MY-CAL-WIN10.my-caldera.local,22,"Dns query:
RuleName: -
UtcTime: 2024-05-23 23:03:01.244
ProcessGuid: {ca24abc9-ddbd-66c4-be92-000000001900}
ProcessId: 26028
QueryName: MY-CAL-DC.my-caldera.local
QueryStatus: 0
QueryResults: ::ffff:172.16.26.226;
Image: C:\Windows\system32\BackgroundTaskHost.exe
User: MY-CALDERA\johnny.douche"
1088,MY-CAL-WIN10.my-caldera.local,22,"Dns query:
RuleName: -
UtcTime: 2024-05-23 23:03:01.335
ProcessGuid: {ca24abc9-ddbd-66c4-be92-000000001900}
ProcessId: 26028
QueryName: MY-CAL-DC.my-caldera.local
QueryStatus: 0
QueryResults: ::ffff:172.16.26.226;
Image: C:\Windows\system32\BackgroundTaskHost.exe
User: MY-CALDERA\johnny.douche"
1089,MY-CAL-WIN10.my-caldera.local,22,"Dns query:
RuleName: -
UtcTime: 2024-05-23 23:06:34.700
ProcessGuid: {ca24abc9-3439-6646-4900-000000001900}
ProcessId: 3588
QueryName: x1.c.lencr.org
QueryStatus: 0
QueryResults: type:  5 crl.root-x1.letsencrypt.org.edgekey.net;type:  5 e8652.dscx.akamaiedge.net;23.216.136.238;
Image: C:\Program Files\Windows Defender Advanced Threat Protection\MsSense.exe
User: NT AUTHORITY\SYSTEM"
1090,MY-CAL-WIN10.my-caldera.local,22,"Dns query:
RuleName: -
UtcTime: 2024-08-20 18:45:46.767
ProcessGuid: {ca24abc9-e453-66c4-1c00-000000001e00}
ProcessId: 1420
QueryName: MY-CAL-WIN10.my-caldera.local
QueryStatus: 9003
QueryResults: type:  6 a.root-servers.net;
Image: C:\Windows\System32\svchost.exe
User: NT AUTHORITY\NETWORK SERVICE"
1091,MY-CAL-WIN10.my-caldera.local,22,"Dns query:
RuleName: -
UtcTime: 2024-08-20 18:45:46.923
ProcessGuid: {ca24abc9-e452-66c4-0c00-000000001e00}
ProcessId: 796
QueryName: MY-CAL-WIN10
QueryStatus: 0
QueryResults: 192.168.56.1;169.254.132.157;172.16.26.234;
Image: C:\Windows\System32\lsass.exe
User: NT AUTHORITY\SYSTEM"
1092,MY-CAL-WIN10.my-caldera.local,22,"Dns query:
RuleName: -
UtcTime: 2024-08-20 18:45:46.923
ProcessGuid: {ca24abc9-e452-66c4-0c00-000000001e00}
ProcessId: 796
QueryName: _ldap._tcp.Default-First-Site-Name._sites.dc._msdcs.my-caldera.local.
QueryStatus: 9003
QueryResults: -
Image: C:\Windows\System32\lsass.exe
User: NT AUTHORITY\SYSTEM"
1093,MY-CAL-WIN10.my-caldera.local,22,"Dns query:
RuleName: -
UtcTime: 2024-08-20 18:45:46.923
ProcessGuid: {ca24abc9-e452-66c4-0c00-000000001e00}
ProcessId: 796
QueryName: _ldap._tcp.dc._msdcs.my-caldera.local.
QueryStatus: 9003
QueryResults: -
Image: C:\Windows\System32\lsass.exe
User: NT AUTHORITY\SYSTEM"
1094,MY-CAL-WIN10.my-caldera.local,22,"Dns query:
RuleName: -
UtcTime: 2024-08-20 18:45:46.924
ProcessGuid: {ca24abc9-e452-66c4-0c00-000000001e00}
ProcessId: 796
QueryName: _ldap._tcp.0e3a7486-f20c-434c-9ae6-8fabf6abc6b2.domains._msdcs.my-caldera.local.
QueryStatus: 9003
QueryResults: -
Image: C:\Windows\System32\lsass.exe
User: NT AUTHORITY\SYSTEM"
1095,MY-CAL-WIN10.my-caldera.local,22,"Dns query:
RuleName: -
UtcTime: 2024-08-20 18:49:03.733
ProcessGuid: {ca24abc9-e454-66c4-4f00-000000001e00}
ProcessId: 3544
QueryName: oneclient.sfx.ms
QueryStatus: 9701
QueryResults: -
Image: C:\Program Files\Windows Defender Advanced Threat Protection\MsSense.exe
User: NT AUTHORITY\SYSTEM"
1096,MY-CAL-WIN10.my-caldera.local,22,"Dns query:
RuleName: -
UtcTime: 2024-05-23 21:13:56.542
ProcessGuid: {ca24abc9-c429-66c4-d28e-000000001900}
ProcessId: 10080
QueryName: wpad
QueryStatus: 9003
QueryResults: -
Image: C:\Program Files (x86)\Microsoft\Edge\Application\msedge.exe
User: MY-CAL-WIN10\Johnny Douche"
1097,MY-CAL-WIN10.my-caldera.local,22,"Dns query:
RuleName: -
UtcTime: 2024-05-23 21:13:57.208
ProcessGuid: {ca24abc9-c429-66c4-d28e-000000001900}
ProcessId: 10080
QueryName: wpad
QueryStatus: 9003
QueryResults: -
Image: C:\Program Files (x86)\Microsoft\Edge\Application\msedge.exe
User: MY-CAL-WIN10\Johnny Douche"
1098,MY-CAL-WIN10.my-caldera.local,22,"Dns query:
RuleName: -
UtcTime: 2024-05-23 22:53:39.707
ProcessGuid: {ca24abc9-cd76-66c4-ab90-000000001900}
ProcessId: 12924
QueryName: wpad
QueryStatus: 9003
QueryResults: -
Image: C:\Program Files (x86)\Microsoft\Edge\Application\msedge.exe
User: MY-CALDERA\johnny.douche"
1099,MY-CAL-WIN10.my-caldera.local,22,"Dns query:
RuleName: -
UtcTime: 2024-05-23 22:54:45.061
ProcessGuid: {ca24abc9-dbc0-66c4-8b92-000000001900}
ProcessId: 7080
QueryName: wpad
QueryStatus: 9003
QueryResults: -
Image: C:\Program Files (x86)\Microsoft\Edge\Application\msedge.exe
User: MY-CALDERA\johnny.douche"
1100,MY-CAL-WIN10.my-caldera.local,22,"Dns query:
